2024.11.21 00:15:47 Server Notice    | Dibbler - a portable DHCPv6, version 1.0.2RC1 (SERVER, Linux port)
2024.11.21 00:15:47 Server Notice    My pid (1806) is stored in /var/lib/dibbler/server.pid
2024.11.21 00:15:47 Server Notice    Detected iface eth1/4863, MAC=00:16:3e:53:5f:0e.
2024.11.21 00:15:47 Server Notice    Detected iface eth0/4861, MAC=00:16:3e:7d:10:59.
2024.11.21 00:15:47 Server Notice    Detected iface erouter0/4859, MAC=00:16:3e:ef:5e:f3.
2024.11.21 00:15:47 Server Notice    Detected iface l2sd0.107/13, MAC=5a:50:55:1e:2d:6c.
2024.11.21 00:15:47 Server Notice    Detected iface brlan7/12, MAC=5a:50:55:1e:2d:6c.
2024.11.21 00:15:47 Server Notice    Detected iface brlan0/11, MAC=00:16:3e:53:5f:0e.
2024.11.21 00:15:47 Server Notice    Detected iface l2sd0.113/10, MAC=5a:50:55:1e:2d:6c.
2024.11.21 00:15:47 Server Notice    Detected iface l2sd0.100/9, MAC=5a:50:55:1e:2d:6c.
2024.11.21 00:15:47 Server Notice    Detected iface l2sd0.112/8, MAC=5a:50:55:1e:2d:6c.
2024.11.21 00:15:47 Server Notice    Detected iface l2sd0.200/7, MAC=5a:50:55:1e:2d:6c.
2024.11.21 00:15:47 Server Notice    Detected iface l2sd0.4093/6, MAC=5a:50:55:1e:2d:6c.
2024.11.21 00:15:47 Server Notice    Detected iface wan0/4869, MAC=00:16:3e:15:e0:be.
2024.11.21 00:15:47 Server Notice    Detected iface l2sd0/5, MAC=5a:50:55:1e:2d:6c.
2024.11.21 00:15:47 Server Notice    Detected iface erspan0/4, MAC=00:00:00:00:00:00.
2024.11.21 00:15:47 Server Notice    Detected iface gretap0/3, MAC=00:00:00:00:00:00.
2024.11.21 00:15:47 Server Notice    Detected iface eth3/4867, MAC=00:16:3e:76:d6:8b.
2024.11.21 00:15:47 Server Notice    Detected iface lo/1, MAC=00:00:00:00:00:00.
2024.11.21 00:15:47 Server Notice    Detected iface eth2/4865, MAC=00:16:3e:64:4f:c1.
2024.11.21 00:15:47 Server Notice    Parsing /etc/dibbler/server.conf config file...
