
@@@platform_hal_GetSerialNumber(pValue)
    /usr/lib/libhal_platform.so.0(platform_hal_GetSerialNumber+0x76) [0xf7c9050c]
    service_dhcp() [0x804e564]
    service_dhcp() [0x8053e86]
    service_dhcp() [0x8054a48]
    service_dhcp() [0x804a6e0]
    /lib/libc.so.6(__libc_start_main+0xf1) [0xf7aa2eb1]
    service_dhcp() [0x804aee1]

@@@platform_hal_PandMDBInit()
    /usr/lib/libhal_platform.so.0(platform_hal_PandMDBInit+0x70) [0xf662a22e]
    /usr/lib/libtr181.so(CosaDmlDiInit+0x15) [0xf60609b7]
    /usr/lib/libtr181.so(CosaDeviceInfoInitialize+0x3d) [0xf60e4cac]
    /usr/lib/libtr181.so(CosaDeviceInfoCreate+0x51) [0xf60e4e2d]
    /usr/lib/libtr181.so(CosaBackEndManagerInitialize+0xe5) [0xf6127262]
    /usr/lib/libtr181.so(COSA_Init+0x346) [0xf612703c]
    /usr/lib/libccsp_common.so.0(DslhDmagntLoadDataModelXMLInternal+0x127) [0xf7dbf04e]
    /usr/lib/libccsp_common.so.0(DslhDmagntLoadDataModelXML2+0x32) [0xf7dbf2a2]
    /usr/lib/libccsp_common.so.0(DslhCpecoLoadExternalDMLibFile2+0x28) [0xf7dc0f08]
    /usr/lib/libccsp_common.so.0(DslhCpecoRegisterDataModelInternal+0x1fa) [0xf7dc159e]
    /usr/lib/libccsp_common.so.0(DslhCpecoRegisterDataModel2+0x2c) [0xf7dc1a16]
    /usr/bin/CcspPandMSsp(ssp_engage_pnm+0x13a) [0x804bdec]
    /usr/bin/CcspPandMSsp(cmd_dispatch+0x110) [0x804b964]
    /usr/bin/CcspPandMSsp(main+0x9a9) [0x804af79]
    /usr/ccsp/../../lib/libc.so.6(__libc_start_main+0xf1) [0xf7ae9eb1]
    /usr/bin/CcspPandMSsp(_start+0x21) [0x804b2e1]

@@@platform_hal_DocsisParamsDBInit()
    /usr/lib/libhal_platform.so.0(platform_hal_DocsisParamsDBInit+0x70) [0xf662a317]
    /usr/lib/libtr181.so(CosaDmlDcInit+0xa0) [0xf60a6240]
    /usr/lib/libtr181.so(CosaDeviceControlInitialize+0x20) [0xf61198b4]
    /usr/lib/libtr181.so(CosaDeviceControlCreate+0x51) [0xf6119c11]
    /usr/lib/libtr181.so(CosaBackEndManagerInitialize+0x3c5) [0xf6127542]
    /usr/lib/libtr181.so(COSA_Init+0x346) [0xf612703c]
    /usr/lib/libccsp_common.so.0(DslhDmagntLoadDataModelXMLInternal+0x127) [0xf7dbf04e]
    /usr/lib/libccsp_common.so.0(DslhDmagntLoadDataModelXML2+0x32) [0xf7dbf2a2]
    /usr/lib/libccsp_common.so.0(DslhCpecoLoadExternalDMLibFile2+0x28) [0xf7dc0f08]
    /usr/lib/libccsp_common.so.0(DslhCpecoRegisterDataModelInternal+0x1fa) [0xf7dc159e]
    /usr/lib/libccsp_common.so.0(DslhCpecoRegisterDataModel2+0x2c) [0xf7dc1a16]
    /usr/bin/CcspPandMSsp(ssp_engage_pnm+0x13a) [0x804bdec]
    /usr/bin/CcspPandMSsp(cmd_dispatch+0x110) [0x804b964]
    /usr/bin/CcspPandMSsp(main+0x9a9) [0x804af79]
    /usr/ccsp/../../lib/libc.so.6(__libc_start_main+0xf1) [0xf7ae9eb1]
    /usr/bin/CcspPandMSsp(_start+0x21) [0x804b2e1]

@@@platform_hal_getUIDefaultPassword(pValue, len)
    /usr/lib/libhal_platform.so.0(platform_hal_getUIDefaultPassword+0x7c) [0xf662c86f]
    /usr/lib/libtr181.so(CosaDmlGiGetDefaultAdminPassword+0x20) [0xf60b97ac]
    /usr/lib/libtr181.so(CosaLgiGeneralInitialize+0x117) [0xf6132c15]
    /usr/lib/libtr181.so(CosaLgiGeneralCreate+0x51) [0xf6132d55]
    /usr/lib/libtr181.so(CosaBackEndManagerInitialize+0x4e2) [0xf612765f]
    /usr/lib/libtr181.so(COSA_Init+0x346) [0xf612703c]
    /usr/lib/libccsp_common.so.0(DslhDmagntLoadDataModelXMLInternal+0x127) [0xf7dbf04e]
    /usr/lib/libccsp_common.so.0(DslhDmagntLoadDataModelXML2+0x32) [0xf7dbf2a2]
    /usr/lib/libccsp_common.so.0(DslhCpecoLoadExternalDMLibFile2+0x28) [0xf7dc0f08]
    /usr/lib/libccsp_common.so.0(DslhCpecoRegisterDataModelInternal+0x1fa) [0xf7dc159e]
    /usr/lib/libccsp_common.so.0(DslhCpecoRegisterDataModel2+0x2c) [0xf7dc1a16]
    /usr/bin/CcspPandMSsp(ssp_engage_pnm+0x13a) [0x804bdec]
    /usr/bin/CcspPandMSsp(cmd_dispatch+0x110) [0x804b964]
    /usr/bin/CcspPandMSsp(main+0x9a9) [0x804af79]
    /usr/ccsp/../../lib/libc.so.6(__libc_start_main+0xf1) [0xf7ae9eb1]
    /usr/bin/CcspPandMSsp(_start+0x21) [0x804b2e1]

@@@platform_hal_GetLedPONRegistrationErrorTimer()
    /usr/lib/libhal_platform.so.0(platform_hal_GetLedPONRegistrationErrorTimer+0x70) [0xf662d0d7]
    /usr/lib/libtr181.so(CosaDmlGiGetLedPONRegistrationErrorTimer+0x15) [0xf60b9a6b]
    /usr/lib/libtr181.so(CosaLgiGeneralInitialize+0x187) [0xf6132c85]
    /usr/lib/libtr181.so(CosaLgiGeneralCreate+0x51) [0xf6132d55]
    /usr/lib/libtr181.so(CosaBackEndManagerInitialize+0x4e2) [0xf612765f]
    /usr/lib/libtr181.so(COSA_Init+0x346) [0xf612703c]
    /usr/lib/libccsp_common.so.0(DslhDmagntLoadDataModelXMLInternal+0x127) [0xf7dbf04e]
    /usr/lib/libccsp_common.so.0(DslhDmagntLoadDataModelXML2+0x32) [0xf7dbf2a2]
    /usr/lib/libccsp_common.so.0(DslhCpecoLoadExternalDMLibFile2+0x28) [0xf7dc0f08]
    /usr/lib/libccsp_common.so.0(DslhCpecoRegisterDataModelInternal+0x1fa) [0xf7dc159e]
    /usr/lib/libccsp_common.so.0(DslhCpecoRegisterDataModel2+0x2c) [0xf7dc1a16]
    /usr/bin/CcspPandMSsp(ssp_engage_pnm+0x13a) [0x804bdec]
    /usr/bin/CcspPandMSsp(cmd_dispatch+0x110) [0x804b964]
    /usr/bin/CcspPandMSsp(main+0x9a9) [0x804af79]
    /usr/ccsp/../../lib/libc.so.6(__libc_start_main+0xf1) [0xf7ae9eb1]
    /usr/bin/CcspPandMSsp(_start+0x21) [0x804b2e1]

@@@platform_hal_GetLedOLTProvisioningErrorTimer()
    /usr/lib/libhal_platform.so.0(platform_hal_GetLedOLTProvisioningErrorTimer+0x70) [0xf662d2ac]
    /usr/lib/libtr181.so(CosaDmlGiGetLedOLTProvisioningErrorTimer+0x15) [0xf60b9aaa]
    /usr/lib/libtr181.so(CosaLgiGeneralInitialize+0x197) [0xf6132c95]
    /usr/lib/libtr181.so(CosaLgiGeneralCreate+0x51) [0xf6132d55]
    /usr/lib/libtr181.so(CosaBackEndManagerInitialize+0x4e2) [0xf612765f]
    /usr/lib/libtr181.so(COSA_Init+0x346) [0xf612703c]
    /usr/lib/libccsp_common.so.0(DslhDmagntLoadDataModelXMLInternal+0x127) [0xf7dbf04e]
    /usr/lib/libccsp_common.so.0(DslhDmagntLoadDataModelXML2+0x32) [0xf7dbf2a2]
    /usr/lib/libccsp_common.so.0(DslhCpecoLoadExternalDMLibFile2+0x28) [0xf7dc0f08]
    /usr/lib/libccsp_common.so.0(DslhCpecoRegisterDataModelInternal+0x1fa) [0xf7dc159e]
    /usr/lib/libccsp_common.so.0(DslhCpecoRegisterDataModel2+0x2c) [0xf7dc1a16]
    /usr/bin/CcspPandMSsp(ssp_engage_pnm+0x13a) [0x804bdec]
    /usr/bin/CcspPandMSsp(cmd_dispatch+0x110) [0x804b964]
    /usr/bin/CcspPandMSsp(main+0x9a9) [0x804af79]
    /usr/ccsp/../../lib/libc.so.6(__libc_start_main+0xf1) [0xf7ae9eb1]
    /usr/bin/CcspPandMSsp(_start+0x21) [0x804b2e1]

@@@platform_hal_GetLedWanDhcpErrorTimer()
    /usr/lib/libhal_platform.so.0(platform_hal_GetLedWanDhcpErrorTimer+0x70) [0xf662d481]
    /usr/lib/libtr181.so(CosaDmlGiGetLedWanDhcpErrorTimer+0x15) [0xf60b9ae9]
    /usr/lib/libtr181.so(CosaLgiGeneralInitialize+0x1a7) [0xf6132ca5]
    /usr/lib/libtr181.so(CosaLgiGeneralCreate+0x51) [0xf6132d55]
    /usr/lib/libtr181.so(CosaBackEndManagerInitialize+0x4e2) [0xf612765f]
    /usr/lib/libtr181.so(COSA_Init+0x346) [0xf612703c]
    /usr/lib/libccsp_common.so.0(DslhDmagntLoadDataModelXMLInternal+0x127) [0xf7dbf04e]
    /usr/lib/libccsp_common.so.0(DslhDmagntLoadDataModelXML2+0x32) [0xf7dbf2a2]
    /usr/lib/libccsp_common.so.0(DslhCpecoLoadExternalDMLibFile2+0x28) [0xf7dc0f08]
    /usr/lib/libccsp_common.so.0(DslhCpecoRegisterDataModelInternal+0x1fa) [0xf7dc159e]
    /usr/lib/libccsp_common.so.0(DslhCpecoRegisterDataModel2+0x2c) [0xf7dc1a16]
    /usr/bin/CcspPandMSsp(ssp_engage_pnm+0x13a) [0x804bdec]
    /usr/bin/CcspPandMSsp(cmd_dispatch+0x110) [0x804b964]
    /usr/bin/CcspPandMSsp(main+0x9a9) [0x804af79]
    /usr/ccsp/../../lib/libc.so.6(__libc_start_main+0xf1) [0xf7ae9eb1]
    /usr/bin/CcspPandMSsp(_start+0x21) [0x804b2e1]

@@@platform_hal_GetSerialNumber(pValue)
    /usr/lib/libhal_platform.so.0(platform_hal_GetSerialNumber+0x76) [0xf7ca350c]
    service_dhcp() [0x804e564]
    service_dhcp() [0x8053e86]
    service_dhcp() [0x804a68c]
    /lib/libc.so.6(__libc_start_main+0xf1) [0xf7ab5eb1]
    service_dhcp() [0x804aee1]

@@@platform_hal_GetSerialNumber(pValue)
    /usr/lib/libhal_platform.so.0(platform_hal_GetSerialNumber+0x76) [0xf7c7b50c]
    service_dhcp() [0x804e564]
    service_dhcp() [0x8053e86]
    service_dhcp() [0x804a68c]
    /lib/libc.so.6(__libc_start_main+0xf1) [0xf7a8deb1]
    service_dhcp() [0x804aee1]

@@@platform_hal_GetSerialNumber(pValue)
    /usr/lib/libhal_platform.so.0(platform_hal_GetSerialNumber+0x76) [0xf662a50c]
    /usr/lib/libtr181.so(CosaDmlDiGetSerialNumber+0x33) [0xf6060c6d]
    /usr/lib/libtr181.so(DeviceInfo_GetParamStringValue+0x1d9) [0xf60dbc92]
    /usr/lib/libccsp_common.so.0(DslhObjcoGetParamValueByName+0x244) [0xf7dad177]
    /usr/lib/libccsp_common.so.0(DslhObjcoGetBulkParamValue+0x202) [0xf7dad457]
    /usr/lib/libccsp_common.so.0(DslhWmpdoMpaGetParameterValues+0x4de) [0xf7db889c]
    /usr/lib/libccsp_common.so.0(CcspCcMbi_GetParameterValues+0x167) [0xf7dc2e63]
    /usr/lib/libccsp_common.so.0(+0xdfb60) [0xf7ddbb60]
    /usr/lib/librbuscore.so.0(+0x87ed) [0xf78057ed]
    /usr/lib/librbuscore.so.0(+0x88ab) [0xf78058ab]
    /usr/lib/librtMessage.so.0(+0x5025) [0xf7719025]
    /usr/ccsp/../../lib/libpthread.so.0(+0x7fc1) [0xf7cbdfc1]
    /usr/ccsp/../../lib/libc.so.6(clone+0x66) [0xf7bc9ee6]

@@@platform_hal_GetSerialNumber(pValue)
    /usr/lib/libhal_platform.so.0(platform_hal_GetSerialNumber+0x76) [0xf7f8050c]
    service_wan() [0x804a026]
    service_wan() [0x804a60f]
    service_wan() [0x804bb60]
    service_wan() [0x804969c]
    /lib/libc.so.6(__libc_start_main+0xf1) [0xf7d9deb1]
    service_wan() [0x8049721]

@@@platform_hal_GetHardwareVersion(pValue)
    /usr/lib/libhal_platform.so.0(platform_hal_GetHardwareVersion+0x76) [0xf7f8064d]
    service_wan() [0x804a0a4]
    service_wan() [0x804a60f]
    service_wan() [0x804bb60]
    service_wan() [0x804969c]
    /lib/libc.so.6(__libc_start_main+0xf1) [0xf7d9deb1]
    service_wan() [0x8049721]

@@@platform_hal_GetSoftwareVersion(pValue, maxSize)
    /usr/lib/libhal_platform.so.0(platform_hal_GetSoftwareVersion+0x76) [0xf7f80b00]
    service_wan() [0x804a120]
    service_wan() [0x804a60f]
    service_wan() [0x804bb60]
    service_wan() [0x804969c]
    /lib/libc.so.6(__libc_start_main+0xf1) [0xf7d9deb1]
    service_wan() [0x8049721]

@@@platform_hal_GetFirmwareName(pValue, maxSize)
    /usr/lib/libhal_platform.so.0(platform_hal_GetFirmwareName+0x7c) [0xf7f808a6]
    /usr/lib/libhal_platform.so.0(platform_hal_GetSoftwareVersion+0xe7) [0xf7f80b71]
    service_wan() [0x804a120]
    service_wan() [0x804a60f]
    service_wan() [0x804bb60]
    service_wan() [0x804969c]
    /lib/libc.so.6(__libc_start_main+0xf1) [0xf7d9deb1]
    service_wan() [0x8049721]

@@@platform_hal_GetBootloaderVersion(pValue, maxSize)
    /usr/lib/libhal_platform.so.0(platform_hal_GetBootloaderVersion+0x76) [0xf7f80792]
    service_wan() [0x804a19d]
    service_wan() [0x804a60f]
    service_wan() [0x804bb60]
    service_wan() [0x804969c]
    /lib/libc.so.6(__libc_start_main+0xf1) [0xf7d9deb1]
    service_wan() [0x8049721]

@@@platform_hal_GetModelName(pValue)
    /usr/lib/libhal_platform.so.0(platform_hal_GetModelName+0x76) [0xf7f80406]
    service_wan() [0x804a257]
    service_wan() [0x804a60f]
    service_wan() [0x804bb60]
    service_wan() [0x804969c]
    /lib/libc.so.6(__libc_start_main+0xf1) [0xf7d9deb1]
    service_wan() [0x8049721]

@@@platform_hal_GetSerialNumber(pValue)
    /usr/lib/libhal_platform.so.0(platform_hal_GetSerialNumber+0x76) [0xf7d6150c]
    service_dhcp() [0x804e564]
    service_dhcp() [0x8052412]
    service_dhcp() [0x804a65a]
    /lib/libc.so.6(__libc_start_main+0xf1) [0xf7b73eb1]
    service_dhcp() [0x804aee1]

@@@platform_hal_GetSerialNumber(pValue)
    /usr/lib/libhal_platform.so.0(platform_hal_GetSerialNumber+0x76) [0xf7d6150c]
    service_dhcp() [0x804e564]
    service_dhcp() [0x8053e86]
    service_dhcp() [0x804a68c]
    /lib/libc.so.6(__libc_start_main+0xf1) [0xf7b73eb1]
    service_dhcp() [0x804aee1]

@@@platform_hal_GetSerialNumber(pValue)
    /usr/lib/libhal_platform.so.0(platform_hal_GetSerialNumber+0x76) [0xf7cce50c]
    service_ipv6() [0x804b4a3]
    service_ipv6() [0x804d017]
    service_ipv6() [0x804db81]
    service_ipv6() [0x8049733]
    /lib/libc.so.6(__libc_start_main+0xf1) [0xf7b08eb1]
    service_ipv6() [0x8049821]

@@@platform_hal_GetModelName(pValue)
    /usr/lib/libhal_platform.so.0(platform_hal_GetModelName+0x76) [0xf7e7a406]
    IGD() [0x804e211]
    IGD() [0x804b02a]
    /usr/lib/libpal.so.0(PAL_upnp_device_init+0x63) [0xf7ecf09e]
    IGD() [0x804a6e0]
    /lib/libc.so.6(__libc_start_main+0xf1) [0xf7c88eb1]
    IGD() [0x804a7c1]

@@@platform_hal_GetSerialNumber(pValue)
    /usr/lib/libhal_platform.so.0(platform_hal_GetSerialNumber+0x76) [0xf7e7a50c]
    IGD() [0x804e1e8]
    IGD() [0x804b16f]
    /usr/lib/libpal.so.0(PAL_upnp_device_init+0x63) [0xf7ecf09e]
    IGD() [0x804a6e0]
    /lib/libc.so.6(__libc_start_main+0xf1) [0xf7c88eb1]
    IGD() [0x804a7c1]
