
@@@cm_hal_InitDB()
    /usr/lib/libcm_mgnt.so.0(cm_hal_InitDB+0x70) [0xf64bf960]
    /usr/lib/libcm_tr181.so(CosaDmlCMInit+0x48) [0xf65c8f9e]
    /usr/lib/libcm_tr181.so(CosaCableModemInitialize+0x1c) [0xf65c52da]
    /usr/lib/libcm_tr181.so(CosaCableModemCreate+0x51) [0xf65c5332]
    /usr/lib/libcm_tr181.so(CosaBackEndManagerInitialize+0x88) [0xf65c33e3]
    /usr/lib/libcm_tr181.so(COSA_Init+0x353) [0xf65c321c]
    /usr/lib/libccsp_common.so.0(DslhDmagntLoadDataModelXMLInternal+0x127) [0xf7d9704e]
    /usr/lib/libccsp_common.so.0(DslhDmagntLoadDataModelXML2+0x32) [0xf7d972a2]
    /usr/lib/libccsp_common.so.0(DslhCpecoLoadExternalDMLibFile2+0x28) [0xf7d98f08]
    /usr/lib/libccsp_common.so.0(DslhCpecoRegisterDataModelInternal+0x1fa) [0xf7d9959e]
    /usr/lib/libccsp_common.so.0(DslhCpecoRegisterDataModel2+0x2c) [0xf7d99a16]
    /usr/bin/CcspCMAgentSsp() [0x804b4a5]
    /usr/bin/CcspCMAgentSsp() [0x804adbc]
    /usr/bin/CcspCMAgentSsp() [0x804a8d0]
    /usr/ccsp/../../lib/libc.so.6(__libc_start_main+0xf1) [0xf7b07eb1]
    /usr/bin/CcspCMAgentSsp() [0x804aa41]

@@@docsis_GetNumOfActiveRxChannels(cnt)
    /usr/lib/libcm_mgnt.so.0(docsis_GetNumOfActiveRxChannels+0x76) [0xf64bdbe8]
    /usr/lib/libcm_tr181.so(CosaDmlCmGetCMErrorCodewords+0x71) [0xf65c99df]
    /usr/lib/libcm_tr181.so(CMErrorCodewords_Synchronize+0x4c) [0xf65c4841]
    /usr/lib/libccsp_common.so.0(DslhObjroPopulateObjRecords+0x8a) [0xf7d857c4]
    /usr/lib/libccsp_common.so.0(DslhObjroPopulateObjRecords+0x52b) [0xf7d85c65]
    /usr/lib/libccsp_common.so.0(DslhObjroPopulateObjRecords+0x52b) [0xf7d85c65]
    /usr/lib/libccsp_common.so.0(DslhObjroPopulateObjRecords+0x52b) [0xf7d85c65]
    /usr/lib/libccsp_common.so.0(DslhWmpdoCreateRecordTree+0xbc) [0xf7d8ae11]
    /usr/lib/libccsp_common.so.0(DslhCpecoInitDataModel+0x14) [0xf7d988b8]
    /usr/lib/libccsp_common.so.0(DslhCpecoRegisterDataModelInternal+0x230) [0xf7d995d4]
    /usr/lib/libccsp_common.so.0(DslhCpecoRegisterDataModel2+0x2c) [0xf7d99a16]
    /usr/bin/CcspCMAgentSsp() [0x804b4a5]
    /usr/bin/CcspCMAgentSsp() [0x804adbc]
    /usr/bin/CcspCMAgentSsp() [0x804a8d0]
    /usr/ccsp/../../lib/libc.so.6(__libc_start_main+0xf1) [0xf7b07eb1]
    /usr/bin/CcspCMAgentSsp() [0x804aa41]

@@@docsis_GetDocsisEventLogItems(entryArray, len)
    /usr/lib/libcm_mgnt.so.0(docsis_GetDocsisEventLogItems+0x70) [0xf64c0e99]
    /usr/lib/libcm_tr181.so(CosaDmlCmGetDocsisLog+0xab) [0xf65c912f]
    /usr/lib/libcm_tr181.so(DocsisLog_Synchronize+0x4c) [0xf65c49ef]
    /usr/lib/libccsp_common.so.0(DslhObjroPopulateObjRecords+0x8a) [0xf7d857c4]
    /usr/lib/libccsp_common.so.0(DslhObjroPopulateObjRecords+0x52b) [0xf7d85c65]
    /usr/lib/libccsp_common.so.0(DslhObjroPopulateObjRecords+0x52b) [0xf7d85c65]
    /usr/lib/libccsp_common.so.0(DslhObjroPopulateObjRecords+0x52b) [0xf7d85c65]
    /usr/lib/libccsp_common.so.0(DslhWmpdoCreateRecordTree+0xbc) [0xf7d8ae11]
    /usr/lib/libccsp_common.so.0(DslhCpecoInitDataModel+0x14) [0xf7d988b8]
    /usr/lib/libccsp_common.so.0(DslhCpecoRegisterDataModelInternal+0x230) [0xf7d995d4]
    /usr/lib/libccsp_common.so.0(DslhCpecoRegisterDataModel2+0x2c) [0xf7d99a16]
    /usr/bin/CcspCMAgentSsp() [0x804b4a5]
    /usr/bin/CcspCMAgentSsp() [0x804adbc]
    /usr/bin/CcspCMAgentSsp() [0x804a8d0]
    /usr/ccsp/../../lib/libc.so.6(__libc_start_main+0xf1) [0xf7b07eb1]
    /usr/bin/CcspCMAgentSsp() [0x804aa41]

@@@docsis_GetNumOfActiveRxChannels(cnt)
    /usr/lib/libcm_mgnt.so.0(docsis_GetNumOfActiveRxChannels+0x76) [0xf64bdbe8]
    /usr/lib/libcm_tr181.so(CosaDmlCmGetDownstreamChannel+0x88) [0xf65c92ea]
    /usr/lib/libcm_tr181.so(DownstreamChannel_Synchronize+0x51) [0xf65c4c0c]
    /usr/lib/libccsp_common.so.0(DslhObjroPopulateObjRecords+0x8a) [0xf7d857c4]
    /usr/lib/libccsp_common.so.0(DslhObjroPopulateObjRecords+0x52b) [0xf7d85c65]
    /usr/lib/libccsp_common.so.0(DslhObjroPopulateObjRecords+0x52b) [0xf7d85c65]
    /usr/lib/libccsp_common.so.0(DslhObjroPopulateObjRecords+0x52b) [0xf7d85c65]
    /usr/lib/libccsp_common.so.0(DslhWmpdoCreateRecordTree+0xbc) [0xf7d8ae11]
    /usr/lib/libccsp_common.so.0(DslhCpecoInitDataModel+0x14) [0xf7d988b8]
    /usr/lib/libccsp_common.so.0(DslhCpecoRegisterDataModelInternal+0x230) [0xf7d995d4]
    /usr/lib/libccsp_common.so.0(DslhCpecoRegisterDataModel2+0x2c) [0xf7d99a16]
    /usr/bin/CcspCMAgentSsp() [0x804b4a5]
    /usr/bin/CcspCMAgentSsp() [0x804adbc]
    /usr/bin/CcspCMAgentSsp() [0x804a8d0]
    /usr/ccsp/../../lib/libc.so.6(__libc_start_main+0xf1) [0xf7b07eb1]
    /usr/bin/CcspCMAgentSsp() [0x804aa41]

@@@docsis_getDsOFDMChannelCount(count)
    /usr/lib/libcm_mgnt.so.0(docsis_getDsOFDMChannelCount+0x76) [0xf64c0812]
    /usr/lib/libcm_tr181.so(CosaDmlCmGetDownstreamChannel+0xee) [0xf65c9350]
    /usr/lib/libcm_tr181.so(DownstreamChannel_Synchronize+0x51) [0xf65c4c0c]
    /usr/lib/libccsp_common.so.0(DslhObjroPopulateObjRecords+0x8a) [0xf7d857c4]
    /usr/lib/libccsp_common.so.0(DslhObjroPopulateObjRecords+0x52b) [0xf7d85c65]
    /usr/lib/libccsp_common.so.0(DslhObjroPopulateObjRecords+0x52b) [0xf7d85c65]
    /usr/lib/libccsp_common.so.0(DslhObjroPopulateObjRecords+0x52b) [0xf7d85c65]
    /usr/lib/libccsp_common.so.0(DslhWmpdoCreateRecordTree+0xbc) [0xf7d8ae11]
    /usr/lib/libccsp_common.so.0(DslhCpecoInitDataModel+0x14) [0xf7d988b8]
    /usr/lib/libccsp_common.so.0(DslhCpecoRegisterDataModelInternal+0x230) [0xf7d995d4]
    /usr/lib/libccsp_common.so.0(DslhCpecoRegisterDataModel2+0x2c) [0xf7d99a16]
    /usr/bin/CcspCMAgentSsp() [0x804b4a5]
    /usr/bin/CcspCMAgentSsp() [0x804adbc]
    /usr/bin/CcspCMAgentSsp() [0x804a8d0]
    /usr/ccsp/../../lib/libc.so.6(__libc_start_main+0xf1) [0xf7b07eb1]
    /usr/bin/CcspCMAgentSsp() [0x804aa41]

@@@docsis_GetNumOfActiveTxChannels(cnt)
    /usr/lib/libcm_mgnt.so.0(docsis_GetNumOfActiveTxChannels+0x76) [0xf64bfa4f]
    /usr/lib/libcm_tr181.so(CosaDmlCmGetUpstreamChannel+0x8f) [0xf65c9479]
    /usr/lib/libcm_tr181.so(UpstreamChannel_Synchronize+0x51) [0xf65c4f24]
    /usr/lib/libccsp_common.so.0(DslhObjroPopulateObjRecords+0x8a) [0xf7d857c4]
    /usr/lib/libccsp_common.so.0(DslhObjroPopulateObjRecords+0x52b) [0xf7d85c65]
    /usr/lib/libccsp_common.so.0(DslhObjroPopulateObjRecords+0x52b) [0xf7d85c65]
    /usr/lib/libccsp_common.so.0(DslhObjroPopulateObjRecords+0x52b) [0xf7d85c65]
    /usr/lib/libccsp_common.so.0(DslhWmpdoCreateRecordTree+0xbc) [0xf7d8ae11]
    /usr/lib/libccsp_common.so.0(DslhCpecoInitDataModel+0x14) [0xf7d988b8]
    /usr/lib/libccsp_common.so.0(DslhCpecoRegisterDataModelInternal+0x230) [0xf7d995d4]
    /usr/lib/libccsp_common.so.0(DslhCpecoRegisterDataModel2+0x2c) [0xf7d99a16]
    /usr/bin/CcspCMAgentSsp() [0x804b4a5]
    /usr/bin/CcspCMAgentSsp() [0x804adbc]
    /usr/bin/CcspCMAgentSsp() [0x804a8d0]
    /usr/ccsp/../../lib/libc.so.6(__libc_start_main+0xf1) [0xf7b07eb1]
    /usr/bin/CcspCMAgentSsp() [0x804aa41]

@@@docsis_getUsOFDMAChannelCount(count)
    /usr/lib/libcm_mgnt.so.0(docsis_getUsOFDMAChannelCount+0x70) [0xf64c1362]
    /usr/lib/libcm_tr181.so(CosaDmlCmGetUpstreamChannel+0xf2) [0xf65c94dc]
    /usr/lib/libcm_tr181.so(UpstreamChannel_Synchronize+0x51) [0xf65c4f24]
    /usr/lib/libccsp_common.so.0(DslhObjroPopulateObjRecords+0x8a) [0xf7d857c4]
    /usr/lib/libccsp_common.so.0(DslhObjroPopulateObjRecords+0x52b) [0xf7d85c65]
    /usr/lib/libccsp_common.so.0(DslhObjroPopulateObjRecords+0x52b) [0xf7d85c65]
    /usr/lib/libccsp_common.so.0(DslhObjroPopulateObjRecords+0x52b) [0xf7d85c65]
    /usr/lib/libccsp_common.so.0(DslhWmpdoCreateRecordTree+0xbc) [0xf7d8ae11]
    /usr/lib/libccsp_common.so.0(DslhCpecoInitDataModel+0x14) [0xf7d988b8]
    /usr/lib/libccsp_common.so.0(DslhCpecoRegisterDataModelInternal+0x230) [0xf7d995d4]
    /usr/lib/libccsp_common.so.0(DslhCpecoRegisterDataModel2+0x2c) [0xf7d99a16]
    /usr/bin/CcspCMAgentSsp() [0x804b4a5]
    /usr/bin/CcspCMAgentSsp() [0x804adbc]
    /usr/bin/CcspCMAgentSsp() [0x804a8d0]
    /usr/ccsp/../../lib/libc.so.6(__libc_start_main+0xf1) [0xf7b07eb1]
    /usr/bin/CcspCMAgentSsp() [0x804aa41]

@@@qos_getServiceFlowCount(count)
    /usr/lib/libcm_mgnt.so.0(qos_getServiceFlowCount+0x76) [0xf64bfe58]
    /usr/lib/libcm_tr181.so(Lgi_US_QosServiceFlow_Synchronize+0xa3) [0xf65c8399]
    /usr/lib/libccsp_common.so.0(DslhObjroPopulateObjRecords+0x8a) [0xf7d857c4]
    /usr/lib/libccsp_common.so.0(DslhObjroPopulateObjRecords+0x52b) [0xf7d85c65]
    /usr/lib/libccsp_common.so.0(DslhObjroPopulateObjRecords+0x52b) [0xf7d85c65]
    /usr/lib/libccsp_common.so.0(DslhObjroPopulateObjRecords+0x52b) [0xf7d85c65]
    /usr/lib/libccsp_common.so.0(DslhObjroPopulateObjRecords+0x52b) [0xf7d85c65]
    /usr/lib/libccsp_common.so.0(DslhWmpdoCreateRecordTree+0xbc) [0xf7d8ae11]
    /usr/lib/libccsp_common.so.0(DslhCpecoInitDataModel+0x14) [0xf7d988b8]
    /usr/lib/libccsp_common.so.0(DslhCpecoRegisterDataModelInternal+0x230) [0xf7d995d4]
    /usr/lib/libccsp_common.so.0(DslhCpecoRegisterDataModel2+0x2c) [0xf7d99a16]
    /usr/bin/CcspCMAgentSsp() [0x804b4a5]
    /usr/bin/CcspCMAgentSsp() [0x804adbc]
    /usr/bin/CcspCMAgentSsp() [0x804a8d0]
    /usr/ccsp/../../lib/libc.so.6(__libc_start_main+0xf1) [0xf7b07eb1]
    /usr/bin/CcspCMAgentSsp() [0x804aa41]

@@@qos_getServiceFlowParamCount(count)
    /usr/lib/libcm_mgnt.so.0(qos_getServiceFlowParamCount+0x76) [0xf64c015a]
    /usr/lib/libcm_tr181.so(Lgi_US_QosServiceFlow_Synchronize+0xce) [0xf65c83c4]
    /usr/lib/libccsp_common.so.0(DslhObjroPopulateObjRecords+0x8a) [0xf7d857c4]
    /usr/lib/libccsp_common.so.0(DslhObjroPopulateObjRecords+0x52b) [0xf7d85c65]
    /usr/lib/libccsp_common.so.0(DslhObjroPopulateObjRecords+0x52b) [0xf7d85c65]
    /usr/lib/libccsp_common.so.0(DslhObjroPopulateObjRecords+0x52b) [0xf7d85c65]
    /usr/lib/libccsp_common.so.0(DslhObjroPopulateObjRecords+0x52b) [0xf7d85c65]
    /usr/lib/libccsp_common.so.0(DslhWmpdoCreateRecordTree+0xbc) [0xf7d8ae11]
    /usr/lib/libccsp_common.so.0(DslhCpecoInitDataModel+0x14) [0xf7d988b8]
    /usr/lib/libccsp_common.so.0(DslhCpecoRegisterDataModelInternal+0x230) [0xf7d995d4]
    /usr/lib/libccsp_common.so.0(DslhCpecoRegisterDataModel2+0x2c) [0xf7d99a16]
    /usr/bin/CcspCMAgentSsp() [0x804b4a5]
    /usr/bin/CcspCMAgentSsp() [0x804adbc]
    /usr/bin/CcspCMAgentSsp() [0x804a8d0]
    /usr/ccsp/../../lib/libc.so.6(__libc_start_main+0xf1) [0xf7b07eb1]
    /usr/bin/CcspCMAgentSsp() [0x804aa41]

@@@qos_getServiceFlowCount(count)
    /usr/lib/libcm_mgnt.so.0(qos_getServiceFlowCount+0x76) [0xf64bfe58]
    /usr/lib/libcm_tr181.so(Lgi_DS_QosServiceFlow_Synchronize+0xa3) [0xf65c8714]
    /usr/lib/libccsp_common.so.0(DslhObjroPopulateObjRecords+0x8a) [0xf7d857c4]
    /usr/lib/libccsp_common.so.0(DslhObjroPopulateObjRecords+0x52b) [0xf7d85c65]
    /usr/lib/libccsp_common.so.0(DslhObjroPopulateObjRecords+0x52b) [0xf7d85c65]
    /usr/lib/libccsp_common.so.0(DslhObjroPopulateObjRecords+0x52b) [0xf7d85c65]
    /usr/lib/libccsp_common.so.0(DslhObjroPopulateObjRecords+0x52b) [0xf7d85c65]
    /usr/lib/libccsp_common.so.0(DslhWmpdoCreateRecordTree+0xbc) [0xf7d8ae11]
    /usr/lib/libccsp_common.so.0(DslhCpecoInitDataModel+0x14) [0xf7d988b8]
    /usr/lib/libccsp_common.so.0(DslhCpecoRegisterDataModelInternal+0x230) [0xf7d995d4]
    /usr/lib/libccsp_common.so.0(DslhCpecoRegisterDataModel2+0x2c) [0xf7d99a16]
    /usr/bin/CcspCMAgentSsp() [0x804b4a5]
    /usr/bin/CcspCMAgentSsp() [0x804adbc]
    /usr/bin/CcspCMAgentSsp() [0x804a8d0]
    /usr/ccsp/../../lib/libc.so.6(__libc_start_main+0xf1) [0xf7b07eb1]
    /usr/bin/CcspCMAgentSsp() [0x804aa41]

@@@qos_getServiceFlowParamCount(count)
    /usr/lib/libcm_mgnt.so.0(qos_getServiceFlowParamCount+0x76) [0xf64c015a]
    /usr/lib/libcm_tr181.so(Lgi_DS_QosServiceFlow_Synchronize+0xce) [0xf65c873f]
    /usr/lib/libccsp_common.so.0(DslhObjroPopulateObjRecords+0x8a) [0xf7d857c4]
    /usr/lib/libccsp_common.so.0(DslhObjroPopulateObjRecords+0x52b) [0xf7d85c65]
    /usr/lib/libccsp_common.so.0(DslhObjroPopulateObjRecords+0x52b) [0xf7d85c65]
    /usr/lib/libccsp_common.so.0(DslhObjroPopulateObjRecords+0x52b) [0xf7d85c65]
    /usr/lib/libccsp_common.so.0(DslhObjroPopulateObjRecords+0x52b) [0xf7d85c65]
    /usr/lib/libccsp_common.so.0(DslhWmpdoCreateRecordTree+0xbc) [0xf7d8ae11]
    /usr/lib/libccsp_common.so.0(DslhCpecoInitDataModel+0x14) [0xf7d988b8]
    /usr/lib/libccsp_common.so.0(DslhCpecoRegisterDataModelInternal+0x230) [0xf7d995d4]
    /usr/lib/libccsp_common.so.0(DslhCpecoRegisterDataModel2+0x2c) [0xf7d99a16]
    /usr/bin/CcspCMAgentSsp() [0x804b4a5]
    /usr/bin/CcspCMAgentSsp() [0x804adbc]
    /usr/bin/CcspCMAgentSsp() [0x804a8d0]
    /usr/ccsp/../../lib/libc.so.6(__libc_start_main+0xf1) [0xf7b07eb1]
    /usr/bin/CcspCMAgentSsp() [0x804aa41]

@@@docsis_getDsOFDMChannelCount(count)
    /usr/lib/libcm_mgnt.so.0(docsis_getDsOFDMChannelCount+0x76) [0xf64c0812]
    /usr/lib/libcm_tr181.so(LgiOfdmChannel_Synchronize+0x57) [0xf65c7cde]
    /usr/lib/libccsp_common.so.0(DslhObjroPopulateObjRecords+0x8a) [0xf7d857c4]
    /usr/lib/libccsp_common.so.0(DslhObjroPopulateObjRecords+0x52b) [0xf7d85c65]
    /usr/lib/libccsp_common.so.0(DslhObjroPopulateObjRecords+0x52b) [0xf7d85c65]
    /usr/lib/libccsp_common.so.0(DslhObjroPopulateObjRecords+0x52b) [0xf7d85c65]
    /usr/lib/libccsp_common.so.0(DslhWmpdoCreateRecordTree+0xbc) [0xf7d8ae11]
    /usr/lib/libccsp_common.so.0(DslhCpecoInitDataModel+0x14) [0xf7d988b8]
    /usr/lib/libccsp_common.so.0(DslhCpecoRegisterDataModelInternal+0x230) [0xf7d995d4]
    /usr/lib/libccsp_common.so.0(DslhCpecoRegisterDataModel2+0x2c) [0xf7d99a16]
    /usr/bin/CcspCMAgentSsp() [0x804b4a5]
    /usr/bin/CcspCMAgentSsp() [0x804adbc]
    /usr/bin/CcspCMAgentSsp() [0x804a8d0]
    /usr/ccsp/../../lib/libc.so.6(__libc_start_main+0xf1) [0xf7b07eb1]
    /usr/bin/CcspCMAgentSsp() [0x804aa41]

@@@docsis_getUsOFDMAChannelCount(count)
    /usr/lib/libcm_mgnt.so.0(docsis_getUsOFDMAChannelCount+0x70) [0xf64c1362]
    /usr/lib/libcm_tr181.so(LgiOfdmaChannel_Synchronize+0x57) [0xf65c8054]
    /usr/lib/libccsp_common.so.0(DslhObjroPopulateObjRecords+0x8a) [0xf7d857c4]
    /usr/lib/libccsp_common.so.0(DslhObjroPopulateObjRecords+0x52b) [0xf7d85c65]
    /usr/lib/libccsp_common.so.0(DslhObjroPopulateObjRecords+0x52b) [0xf7d85c65]
    /usr/lib/libccsp_common.so.0(DslhObjroPopulateObjRecords+0x52b) [0xf7d85c65]
    /usr/lib/libccsp_common.so.0(DslhWmpdoCreateRecordTree+0xbc) [0xf7d8ae11]
    /usr/lib/libccsp_common.so.0(DslhCpecoInitDataModel+0x14) [0xf7d988b8]
    /usr/lib/libccsp_common.so.0(DslhCpecoRegisterDataModelInternal+0x230) [0xf7d995d4]
    /usr/lib/libccsp_common.so.0(DslhCpecoRegisterDataModel2+0x2c) [0xf7d99a16]
    /usr/bin/CcspCMAgentSsp() [0x804b4a5]
    /usr/bin/CcspCMAgentSsp() [0x804adbc]
    /usr/bin/CcspCMAgentSsp() [0x804a8d0]
    /usr/ccsp/../../lib/libc.so.6(__libc_start_main+0xf1) [0xf7b07eb1]
    /usr/bin/CcspCMAgentSsp() [0x804aa41]

@@@docsis_GetNumOfActiveRxChannels(cnt)
    /usr/lib/libcm_mgnt.so.0(docsis_GetNumOfActiveRxChannels+0x76) [0xf64bdbe8]
    /usr/lib/libcm_tr181.so(CosaDmlCmGetDownstreamChannel+0x88) [0xf65c92ea]
    /usr/lib/libcm_tr181.so(PollDocsisInformations+0x10b) [0xf65c9689]
    /usr/ccsp/../../lib/libpthread.so.0(+0x7fc1) [0xf7f13fc1]
    /usr/ccsp/../../lib/libc.so.6(clone+0x66) [0xf7be7ee6]

@@@docsis_getDsOFDMChannelCount(count)
    /usr/lib/libcm_mgnt.so.0(docsis_getDsOFDMChannelCount+0x76) [0xf64c0812]
    /usr/lib/libcm_tr181.so(CosaDmlCmGetDownstreamChannel+0xee) [0xf65c9350]
    /usr/lib/libcm_tr181.so(PollDocsisInformations+0x10b) [0xf65c9689]
    /usr/ccsp/../../lib/libpthread.so.0(+0x7fc1) [0xf7f13fc1]
    /usr/ccsp/../../lib/libc.so.6(clone+0x66) [0xf7be7ee6]

@@@docsis_GetNumOfActiveTxChannels(cnt)
    /usr/lib/libcm_mgnt.so.0(docsis_GetNumOfActiveTxChannels+0x76) [0xf64bfa4f]
    /usr/lib/libcm_tr181.so(CosaDmlCmGetUpstreamChannel+0x8f) [0xf65c9479]
    /usr/lib/libcm_tr181.so(PollDocsisInformations+0x279) [0xf65c97f7]
    /usr/ccsp/../../lib/libpthread.so.0(+0x7fc1) [0xf7f13fc1]
    /usr/ccsp/../../lib/libc.so.6(clone+0x66) [0xf7be7ee6]

@@@docsis_getUsOFDMAChannelCount(count)
    /usr/lib/libcm_mgnt.so.0(docsis_getUsOFDMAChannelCount+0x70) [0xf64c1362]
    /usr/lib/libcm_tr181.so(CosaDmlCmGetUpstreamChannel+0xf2) [0xf65c94dc]
    /usr/lib/libcm_tr181.so(PollDocsisInformations+0x279) [0xf65c97f7]
    /usr/ccsp/../../lib/libpthread.so.0(+0x7fc1) [0xf7f13fc1]
    /usr/ccsp/../../lib/libc.so.6(clone+0x66) [0xf7be7ee6]

@@@cm_hal_Get_ErouterModeControl(initMode)
    /usr/lib/libcm_mgnt.so.0(cm_hal_Get_ErouterModeControl+0x76) [0xf7d213a4]
    /usr/bin/gw_prov_utopia() [0x804b6a5]
    /usr/bin/gw_prov_utopia() [0x804b99b]
    /usr/lib/libgwprovappabs.so.1(+0x149f) [0xf7f6449f]
    /lib/libpthread.so.0(+0x7fc1) [0xf7f71fc1]
    /lib/libc.so.6(clone+0x66) [0xf7c32ee6]

@@@cm_hal_Get_ErouterModeControl(initMode)
    /usr/lib/libcm_mgnt.so.0(cm_hal_Get_ErouterModeControl+0x76) [0xf7d213a4]
    /usr/bin/gw_prov_utopia() [0x804f95c]
    /usr/bin/gw_prov_utopia() [0x804caa0]
    /usr/lib/libgwprovappabs.so.1(+0x1509) [0xf7f64509]
    /lib/libpthread.so.0(+0x7fc1) [0xf7f71fc1]
    /lib/libc.so.6(clone+0x66) [0xf7c32ee6]

@@@cm_hal_Get_HTTP_Download_Status()
    /usr/lib/libcm_mgnt.so.0(cm_hal_Get_HTTP_Download_Status+0x70) [0xf64c1279]
    /usr/lib/libcm_tr181.so(CosaDmlDIGetDLStatus+0x1c) [0xf65ca4f3]
    /usr/lib/libcm_tr181.so(DeviceInfo_GetParamStringValue+0xa1) [0xf65c5465]
    /usr/lib/libccsp_common.so.0(DslhObjcoGetParamValueByName+0x244) [0xf7d85177]
    /usr/lib/libccsp_common.so.0(DslhVarroGetValue+0x178) [0xf7d8a06b]
    /usr/lib/libccsp_common.so.0(DslhWmpdoMprRegNotifyParam+0x5f) [0xf7d8bb21]
    /usr/lib/libccsp_common.so.0(DslhVarroSetNotification+0x17d) [0xf7d89be9]
    /usr/lib/libccsp_common.so.0(DslhWmpdoMpaSetParameterAttributes+0x3bb) [0xf7d9125b]
    /usr/lib/libccsp_common.so.0(CcspCcMbi_SetParameterAttributes+0x1ff) [0xf7d9ba34]
    /usr/lib/libccsp_common.so.0(+0xe03f3) [0xf7db43f3]
    /usr/lib/librbuscore.so.0(+0x87ed) [0xf78267ed]
    /usr/lib/librbuscore.so.0(+0x88ab) [0xf78268ab]
    /usr/lib/librtMessage.so.0(+0x5025) [0xf773a025]
    /usr/ccsp/../../lib/libpthread.so.0(+0x7fc1) [0xf7f13fc1]
    /usr/ccsp/../../lib/libc.so.6(clone+0x66) [0xf7be7ee6]

@@@cm_hal_Get_HTTP_Download_Status()
    /usr/lib/libcm_mgnt.so.0(cm_hal_Get_HTTP_Download_Status+0x70) [0xf64c1279]
    /usr/lib/libcm_tr181.so(CosaDmlDIGetDLStatus+0x1c) [0xf65ca4f3]
    /usr/lib/libcm_tr181.so(DeviceInfo_GetParamStringValue+0xa1) [0xf65c5465]
    /usr/lib/libccsp_common.so.0(DslhObjcoGetParamValueByName+0x244) [0xf7d85177]
    /usr/lib/libccsp_common.so.0(DslhVarroGetValue+0x178) [0xf7d8a06b]
    /usr/lib/libccsp_common.so.0(DslhWmpdoMonitorTimerInvoke+0x8d) [0xf7d91d71]
    /usr/lib/libccsp_common.so.0(AnscTsoScheduleTask+0x153) [0xf7ddbfc2]
    /usr/lib/libccsp_common.so.0(AnscCoVer3EngineTask+0x58) [0xf7de313f]
    /usr/lib/libccsp_common.so.0(AnscTaskRoutine1+0x36) [0xf7df1233]
    /usr/ccsp/../../lib/libpthread.so.0(+0x7fc1) [0xf7f13fc1]
    /usr/ccsp/../../lib/libc.so.6(clone+0x66) [0xf7be7ee6]

@@@cm_hal_Get_HTTP_Download_Status()
    /usr/lib/libcm_mgnt.so.0(cm_hal_Get_HTTP_Download_Status+0x70) [0xf64c1279]
    /usr/lib/libcm_tr181.so(CosaDmlDIGetDLStatus+0x1c) [0xf65ca4f3]
    /usr/lib/libcm_tr181.so(DeviceInfo_GetParamStringValue+0xa1) [0xf65c5465]
    /usr/lib/libccsp_common.so.0(DslhObjcoGetParamValueByName+0x244) [0xf7d85177]
    /usr/lib/libccsp_common.so.0(DslhVarroGetValue+0x178) [0xf7d8a06b]
    /usr/lib/libccsp_common.so.0(DslhWmpdoMonitorTimerInvoke+0x8d) [0xf7d91d71]
    /usr/lib/libccsp_common.so.0(AnscTsoScheduleTask+0x153) [0xf7ddbfc2]
    /usr/lib/libccsp_common.so.0(AnscCoVer3EngineTask+0x58) [0xf7de313f]
    /usr/lib/libccsp_common.so.0(AnscTaskRoutine1+0x36) [0xf7df1233]
    /usr/ccsp/../../lib/libpthread.so.0(+0x7fc1) [0xf7f13fc1]
    /usr/ccsp/../../lib/libc.so.6(clone+0x66) [0xf7be7ee6]
