
@@@platform_hal_PandMDBInit()
    /usr/lib/libhal_platform.so.0(platform_hal_PandMDBInit+0x70) [0xf5ebfe1a]
    /usr/lib/libtr181.so(CosaDmlDiInit+0x15) [0xf6039631]
    /usr/lib/libtr181.so(CosaDeviceInfoInitialize+0x3d) [0xf60bf214]
    /usr/lib/libtr181.so(CosaDeviceInfoCreate+0x51) [0xf60bf387]
    /usr/lib/libtr181.so(CosaBackEndManagerInitialize+0xe5) [0xf60fbd5f]
    /usr/lib/libtr181.so(COSA_Init+0x346) [0xf60fbb39]
    /usr/lib/libccsp_common.so.0(DslhDmagntLoadDataModelXMLInternal+0x127) [0xf7ddf257]
    /usr/lib/libccsp_common.so.0(DslhDmagntLoadDataModelXML2+0x32) [0xf7ddf4ab]
    /usr/lib/libccsp_common.so.0(DslhCpecoLoadExternalDMLibFile2+0x28) [0xf7de1111]
    /usr/lib/libccsp_common.so.0(DslhCpecoRegisterDataModelInternal+0x1ee) [0xf7de179b]
    /usr/lib/libccsp_common.so.0(DslhCpecoRegisterDataModel2+0x2c) [0xf7de1c13]
    /usr/bin/CcspPandMSsp(ssp_engage_pnm+0x13a) [0x804bda1]
    /usr/bin/CcspPandMSsp(cmd_dispatch+0x110) [0x804b8f4]
    /usr/bin/CcspPandMSsp(main+0x990) [0x804af50]
    /usr/ccsp/../../lib/libc.so.6(__libc_start_main+0xed) [0xf7b09e2d]
    /usr/bin/CcspPandMSsp(_start+0x21) [0x804b271]

@@@platform_hal_DocsisParamsDBInit()
    /usr/lib/libhal_platform.so.0(platform_hal_DocsisParamsDBInit+0x70) [0xf5ebff03]
    /usr/lib/libtr181.so(CosaDmlDcInit+0xa0) [0xf607ecf2]
    /usr/lib/libtr181.so(CosaDeviceControlInitialize+0x20) [0xf60ee3b3]
    /usr/lib/libtr181.so(CosaDeviceControlCreate+0x51) [0xf60ee710]
    /usr/lib/libtr181.so(CosaBackEndManagerInitialize+0x3c5) [0xf60fc03f]
    /usr/lib/libtr181.so(COSA_Init+0x346) [0xf60fbb39]
    /usr/lib/libccsp_common.so.0(DslhDmagntLoadDataModelXMLInternal+0x127) [0xf7ddf257]
    /usr/lib/libccsp_common.so.0(DslhDmagntLoadDataModelXML2+0x32) [0xf7ddf4ab]
    /usr/lib/libccsp_common.so.0(DslhCpecoLoadExternalDMLibFile2+0x28) [0xf7de1111]
    /usr/lib/libccsp_common.so.0(DslhCpecoRegisterDataModelInternal+0x1ee) [0xf7de179b]
    /usr/lib/libccsp_common.so.0(DslhCpecoRegisterDataModel2+0x2c) [0xf7de1c13]
    /usr/bin/CcspPandMSsp(ssp_engage_pnm+0x13a) [0x804bda1]
    /usr/bin/CcspPandMSsp(cmd_dispatch+0x110) [0x804b8f4]
    /usr/bin/CcspPandMSsp(main+0x990) [0x804af50]
    /usr/ccsp/../../lib/libc.so.6(__libc_start_main+0xed) [0xf7b09e2d]
    /usr/bin/CcspPandMSsp(_start+0x21) [0x804b271]

@@@platform_hal_getUIDefaultPassword(pValue, len)
    /usr/lib/libhal_platform.so.0(platform_hal_getUIDefaultPassword+0x7c) [0xf5ec2ee0]
    /usr/lib/libtr181.so(CosaDmlGiGetDefaultAdminPassword+0x20) [0xf60926d7]
    /usr/lib/libtr181.so(CosaLgiGeneralInitialize+0x117) [0xf6107dc0]
    /usr/lib/libtr181.so(CosaLgiGeneralCreate+0x51) [0xf6107f00]
    /usr/lib/libtr181.so(CosaBackEndManagerInitialize+0x4e2) [0xf60fc15c]
    /usr/lib/libtr181.so(COSA_Init+0x346) [0xf60fbb39]
    /usr/lib/libccsp_common.so.0(DslhDmagntLoadDataModelXMLInternal+0x127) [0xf7ddf257]
    /usr/lib/libccsp_common.so.0(DslhDmagntLoadDataModelXML2+0x32) [0xf7ddf4ab]
    /usr/lib/libccsp_common.so.0(DslhCpecoLoadExternalDMLibFile2+0x28) [0xf7de1111]
    /usr/lib/libccsp_common.so.0(DslhCpecoRegisterDataModelInternal+0x1ee) [0xf7de179b]
    /usr/lib/libccsp_common.so.0(DslhCpecoRegisterDataModel2+0x2c) [0xf7de1c13]
    /usr/bin/CcspPandMSsp(ssp_engage_pnm+0x13a) [0x804bda1]
    /usr/bin/CcspPandMSsp(cmd_dispatch+0x110) [0x804b8f4]
    /usr/bin/CcspPandMSsp(main+0x990) [0x804af50]
    /usr/ccsp/../../lib/libc.so.6(__libc_start_main+0xed) [0xf7b09e2d]
    /usr/bin/CcspPandMSsp(_start+0x21) [0x804b271]

@@@platform_hal_GetLedPONRegistrationErrorTimer()
    /usr/lib/libhal_platform.so.0(platform_hal_GetLedPONRegistrationErrorTimer+0x70) [0xf5ec36bc]
    /usr/lib/libtr181.so(CosaDmlGiGetLedPONRegistrationErrorTimer+0x15) [0xf6092996]
    /usr/lib/libtr181.so(CosaLgiGeneralInitialize+0x187) [0xf6107e30]
    /usr/lib/libtr181.so(CosaLgiGeneralCreate+0x51) [0xf6107f00]
    /usr/lib/libtr181.so(CosaBackEndManagerInitialize+0x4e2) [0xf60fc15c]
    /usr/lib/libtr181.so(COSA_Init+0x346) [0xf60fbb39]
    /usr/lib/libccsp_common.so.0(DslhDmagntLoadDataModelXMLInternal+0x127) [0xf7ddf257]
    /usr/lib/libccsp_common.so.0(DslhDmagntLoadDataModelXML2+0x32) [0xf7ddf4ab]
    /usr/lib/libccsp_common.so.0(DslhCpecoLoadExternalDMLibFile2+0x28) [0xf7de1111]
    /usr/lib/libccsp_common.so.0(DslhCpecoRegisterDataModelInternal+0x1ee) [0xf7de179b]
    /usr/lib/libccsp_common.so.0(DslhCpecoRegisterDataModel2+0x2c) [0xf7de1c13]
    /usr/bin/CcspPandMSsp(ssp_engage_pnm+0x13a) [0x804bda1]
    /usr/bin/CcspPandMSsp(cmd_dispatch+0x110) [0x804b8f4]
    /usr/bin/CcspPandMSsp(main+0x990) [0x804af50]
    /usr/ccsp/../../lib/libc.so.6(__libc_start_main+0xed) [0xf7b09e2d]
    /usr/bin/CcspPandMSsp(_start+0x21) [0x804b271]

@@@platform_hal_GetLedOLTProvisioningErrorTimer()
    /usr/lib/libhal_platform.so.0(platform_hal_GetLedOLTProvisioningErrorTimer+0x70) [0xf5ec3891]
    /usr/lib/libtr181.so(CosaDmlGiGetLedOLTProvisioningErrorTimer+0x15) [0xf60929d5]
    /usr/lib/libtr181.so(CosaLgiGeneralInitialize+0x197) [0xf6107e40]
    /usr/lib/libtr181.so(CosaLgiGeneralCreate+0x51) [0xf6107f00]
    /usr/lib/libtr181.so(CosaBackEndManagerInitialize+0x4e2) [0xf60fc15c]
    /usr/lib/libtr181.so(COSA_Init+0x346) [0xf60fbb39]
    /usr/lib/libccsp_common.so.0(DslhDmagntLoadDataModelXMLInternal+0x127) [0xf7ddf257]
    /usr/lib/libccsp_common.so.0(DslhDmagntLoadDataModelXML2+0x32) [0xf7ddf4ab]
    /usr/lib/libccsp_common.so.0(DslhCpecoLoadExternalDMLibFile2+0x28) [0xf7de1111]
    /usr/lib/libccsp_common.so.0(DslhCpecoRegisterDataModelInternal+0x1ee) [0xf7de179b]
    /usr/lib/libccsp_common.so.0(DslhCpecoRegisterDataModel2+0x2c) [0xf7de1c13]
    /usr/bin/CcspPandMSsp(ssp_engage_pnm+0x13a) [0x804bda1]
    /usr/bin/CcspPandMSsp(cmd_dispatch+0x110) [0x804b8f4]
    /usr/bin/CcspPandMSsp(main+0x990) [0x804af50]
    /usr/ccsp/../../lib/libc.so.6(__libc_start_main+0xed) [0xf7b09e2d]
    /usr/bin/CcspPandMSsp(_start+0x21) [0x804b271]

@@@platform_hal_GetLedWanDhcpErrorTimer()
    /usr/lib/libhal_platform.so.0(platform_hal_GetLedWanDhcpErrorTimer+0x70) [0xf5ec3a66]
    /usr/lib/libtr181.so(CosaDmlGiGetLedWanDhcpErrorTimer+0x15) [0xf6092a14]
    /usr/lib/libtr181.so(CosaLgiGeneralInitialize+0x1a7) [0xf6107e50]
    /usr/lib/libtr181.so(CosaLgiGeneralCreate+0x51) [0xf6107f00]
    /usr/lib/libtr181.so(CosaBackEndManagerInitialize+0x4e2) [0xf60fc15c]
    /usr/lib/libtr181.so(COSA_Init+0x346) [0xf60fbb39]
    /usr/lib/libccsp_common.so.0(DslhDmagntLoadDataModelXMLInternal+0x127) [0xf7ddf257]
    /usr/lib/libccsp_common.so.0(DslhDmagntLoadDataModelXML2+0x32) [0xf7ddf4ab]
    /usr/lib/libccsp_common.so.0(DslhCpecoLoadExternalDMLibFile2+0x28) [0xf7de1111]
    /usr/lib/libccsp_common.so.0(DslhCpecoRegisterDataModelInternal+0x1ee) [0xf7de179b]
    /usr/lib/libccsp_common.so.0(DslhCpecoRegisterDataModel2+0x2c) [0xf7de1c13]
    /usr/bin/CcspPandMSsp(ssp_engage_pnm+0x13a) [0x804bda1]
    /usr/bin/CcspPandMSsp(cmd_dispatch+0x110) [0x804b8f4]
    /usr/bin/CcspPandMSsp(main+0x990) [0x804af50]
    /usr/ccsp/../../lib/libc.so.6(__libc_start_main+0xed) [0xf7b09e2d]
    /usr/bin/CcspPandMSsp(_start+0x21) [0x804b271]

@@@platform_hal_GetModelName(pValue)
    /usr/lib/libhal_platform.so.0(platform_hal_GetModelName+0x76) [0xf7cffff2]
    /usr/bin/GponManager() [0x80564ba]
    /usr/bin/GponManager() [0x8056567]
    /usr/bin/GponManager() [0x8052df8]
    /usr/bin/GponManager() [0x8052d30]
    /usr/lib/libccsp_common.so.0(DslhDmagntLoadDataModelXMLInternal+0x194) [0xf7dcd2c4]
    /usr/lib/libccsp_common.so.0(DslhDmagntLoadDataModelXML+0x55) [0xf7dcd460]
    /usr/lib/libccsp_common.so.0(DslhDmagntRegBaseDataModel+0x139) [0xf7dcda5d]
    /usr/lib/libccsp_common.so.0(DslhCpecoRegisterDataModelInternal+0x124) [0xf7dcf6d1]
    /usr/lib/libccsp_common.so.0(DslhCpecoRegisterDataModel2+0x2c) [0xf7dcfc13]
    /usr/bin/GponManager() [0x804af0a]
    /usr/bin/GponManager() [0x804b4f6]
    /usr/bin/GponManager() [0x804a9bd]
    /usr/ccsp/../../lib/libc.so.6(__libc_start_main+0xed) [0xf7ae0e2d]
    /usr/bin/GponManager() [0x804aa91]

@@@platform_hal_GetBaseMacAddress(pValue)
    /usr/lib/libhal_platform.so.0(platform_hal_GetBaseMacAddress+0x76) [0xf5ec0b06]
    /usr/lib/libtr181.so(CosaDmlDiGetBaseMacAddress+0x1a) [0xf603a00a]
    /usr/lib/libtr181.so(DeviceInfo_GetParamStringValue+0x63c) [0xf60b6569]
    /usr/lib/libccsp_common.so.0(DslhObjcoGetParamValueByName+0x244) [0xf7dcd33b]
    /usr/lib/libccsp_common.so.0(DslhObjcoGetBulkParamValue+0x202) [0xf7dcd61b]
    /usr/lib/libccsp_common.so.0(DslhWmpdoMpaGetParameterValues+0x4de) [0xf7dd8ab7]
    /usr/lib/libccsp_common.so.0(CcspCcMbi_GetParameterValues+0x167) [0xf7de3060]
    /usr/lib/libccsp_common.so.0(+0xdfd6c) [0xf7dfbd6c]
    /usr/lib/librbuscore.so.0(+0x87ed) [0xf770c7ed]
    /usr/lib/librbuscore.so.0(+0x88ab) [0xf770c8ab]
    /usr/lib/librtMessage.so.0(+0x5025) [0xf7620025]
    /usr/ccsp/../../lib/libpthread.so.0(+0x7f91) [0xf7cddf91]
    /usr/ccsp/../../lib/libc.so.6(clone+0x66) [0xf7be9b96]

@@@platform_hal_GetBaseMacAddress(pValue)
    /usr/lib/libhal_platform.so.0(platform_hal_GetBaseMacAddress+0x76) [0xf5ec0b06]
    /usr/lib/libtr181.so(CosaDmlDiGetBaseMacAddress+0x1a) [0xf603a00a]
    /usr/lib/libtr181.so(DeviceInfo_GetParamStringValue+0x63c) [0xf60b6569]
    /usr/lib/libccsp_common.so.0(DslhObjcoGetParamValueByName+0x244) [0xf7dcd33b]
    /usr/lib/libccsp_common.so.0(DslhObjcoGetBulkParamValue+0x202) [0xf7dcd61b]
    /usr/lib/libccsp_common.so.0(DslhWmpdoMpaGetParameterValues+0x4de) [0xf7dd8ab7]
    /usr/lib/libccsp_common.so.0(CcspCcMbi_GetParameterValues+0x167) [0xf7de3060]
    /usr/lib/libccsp_common.so.0(+0xdfd6c) [0xf7dfbd6c]
    /usr/lib/librbuscore.so.0(+0x87ed) [0xf770c7ed]
    /usr/lib/librbuscore.so.0(+0x88ab) [0xf770c8ab]
    /usr/lib/librtMessage.so.0(+0x5025) [0xf7620025]
    /usr/ccsp/../../lib/libpthread.so.0(+0x7f91) [0xf7cddf91]
    /usr/ccsp/../../lib/libc.so.6(clone+0x66) [0xf7be9b96]

@@@platform_hal_GetBaseMacAddress(pValue)
    /usr/lib/libhal_platform.so.0(platform_hal_GetBaseMacAddress+0x76) [0xf5ec0b06]
    /usr/lib/libtr181.so(CosaDmlDiGetBaseMacAddress+0x1a) [0xf603a00a]
    /usr/lib/libtr181.so(DeviceInfo_GetParamStringValue+0x63c) [0xf60b6569]
    /usr/lib/libccsp_common.so.0(DslhObjcoGetParamValueByName+0x244) [0xf7dcd33b]
    /usr/lib/libccsp_common.so.0(DslhObjcoGetBulkParamValue+0x202) [0xf7dcd61b]
    /usr/lib/libccsp_common.so.0(DslhWmpdoMpaGetParameterValues+0x4de) [0xf7dd8ab7]
    /usr/lib/libccsp_common.so.0(CcspCcMbi_GetParameterValues+0x167) [0xf7de3060]
    /usr/lib/libccsp_common.so.0(+0xdfd6c) [0xf7dfbd6c]
    /usr/lib/librbuscore.so.0(+0x87ed) [0xf770c7ed]
    /usr/lib/librbuscore.so.0(+0x88ab) [0xf770c8ab]
    /usr/lib/librtMessage.so.0(+0x5025) [0xf7620025]
    /usr/ccsp/../../lib/libpthread.so.0(+0x7f91) [0xf7cddf91]
    /usr/ccsp/../../lib/libc.so.6(clone+0x66) [0xf7be9b96]

@@@platform_hal_GetProductClass(pValue)
    /usr/lib/libhal_platform.so.0(platform_hal_GetProductClass+0x7f) [0xf5ec3e52]
    /usr/lib/libtr181.so(CosaDmlDiGetProductClass+0x1a) [0xf6039808]
    /usr/lib/libtr181.so(DeviceInfo_GetParamStringValue+0x176) [0xf60b60a3]
    /usr/lib/libccsp_common.so.0(DslhObjcoGetParamValueByName+0x244) [0xf7dcd33b]
    /usr/lib/libccsp_common.so.0(DslhObjcoGetBulkParamValue+0x202) [0xf7dcd61b]
    /usr/lib/libccsp_common.so.0(DslhWmpdoMpaGetParameterValues+0x4de) [0xf7dd8ab7]
    /usr/lib/libccsp_common.so.0(CcspCcMbi_GetParameterValues+0x167) [0xf7de3060]
    /usr/lib/libccsp_common.so.0(+0xdfd6c) [0xf7dfbd6c]
    /usr/lib/librbuscore.so.0(+0x87ed) [0xf770c7ed]
    /usr/lib/librbuscore.so.0(+0x88ab) [0xf770c8ab]
    /usr/lib/librtMessage.so.0(+0x5025) [0xf7620025]
    /usr/ccsp/../../lib/libpthread.so.0(+0x7f91) [0xf7cddf91]
    /usr/ccsp/../../lib/libc.so.6(clone+0x66) [0xf7be9b96]

@@@platform_hal_GetManufacturerOUI(pValue)
    /usr/lib/libhal_platform.so.0(platform_hal_GetManufacturerOUI+0x76) [0xf5ec4056]
    /usr/lib/libtr181.so(CosaDmlDiGetManufacturerOUI+0x1a) [0xf6039685]
    /usr/lib/libtr181.so(DeviceInfo_GetParamStringValue+0xc9) [0xf60b5ff6]
    /usr/lib/libccsp_common.so.0(DslhObjcoGetParamValueByName+0x244) [0xf7dcd33b]
    /usr/lib/libccsp_common.so.0(DslhObjcoGetBulkParamValue+0x202) [0xf7dcd61b]
    /usr/lib/libccsp_common.so.0(DslhWmpdoMpaGetParameterValues+0x4de) [0xf7dd8ab7]
    /usr/lib/libccsp_common.so.0(CcspCcMbi_GetParameterValues+0x167) [0xf7de3060]
    /usr/lib/libccsp_common.so.0(+0xdfd6c) [0xf7dfbd6c]
    /usr/lib/librbuscore.so.0(+0x87ed) [0xf770c7ed]
    /usr/lib/librbuscore.so.0(+0x88ab) [0xf770c8ab]
    /usr/lib/librtMessage.so.0(+0x5025) [0xf7620025]
    /usr/ccsp/../../lib/libpthread.so.0(+0x7f91) [0xf7cddf91]
    /usr/ccsp/../../lib/libc.so.6(clone+0x66) [0xf7be9b96]

@@@platform_hal_GetSerialNumber(pValue)
    /usr/lib/libhal_platform.so.0(platform_hal_GetSerialNumber+0x76) [0xf5ec00f6]
    /usr/lib/libtr181.so(CosaDmlDiGetSerialNumber+0x33) [0xf603984d]
    /usr/lib/libtr181.so(DeviceInfo_GetParamStringValue+0x1ca) [0xf60b60f7]
    /usr/lib/libccsp_common.so.0(DslhObjcoGetParamValueByName+0x244) [0xf7dcd33b]
    /usr/lib/libccsp_common.so.0(DslhObjcoGetBulkParamValue+0x202) [0xf7dcd61b]
    /usr/lib/libccsp_common.so.0(DslhWmpdoMpaGetParameterValues+0x4de) [0xf7dd8ab7]
    /usr/lib/libccsp_common.so.0(CcspCcMbi_GetParameterValues+0x167) [0xf7de3060]
    /usr/lib/libccsp_common.so.0(+0xdfd6c) [0xf7dfbd6c]
    /usr/lib/librbuscore.so.0(+0x87ed) [0xf770c7ed]
    /usr/lib/librbuscore.so.0(+0x88ab) [0xf770c8ab]
    /usr/lib/librtMessage.so.0(+0x5025) [0xf7620025]
    /usr/ccsp/../../lib/libpthread.so.0(+0x7f91) [0xf7cddf91]
    /usr/ccsp/../../lib/libc.so.6(clone+0x66) [0xf7be9b96]

@@@platform_hal_GetManufacturerOUI(pValue)
    /usr/lib/libhal_platform.so.0(platform_hal_GetManufacturerOUI+0x76) [0xf5ec4056]
    /usr/lib/libtr181.so(CosaDmlDiGetManufacturerOUI+0x1a) [0xf6039685]
    /usr/lib/libtr181.so(DeviceInfo_GetParamStringValue+0xc9) [0xf60b5ff6]
    /usr/lib/libccsp_common.so.0(DslhObjcoGetParamValueByName+0x244) [0xf7dcd33b]
    /usr/lib/libccsp_common.so.0(DslhObjcoGetBulkParamValue+0x202) [0xf7dcd61b]
    /usr/lib/libccsp_common.so.0(DslhWmpdoMpaGetParameterValues+0x4de) [0xf7dd8ab7]
    /usr/lib/libccsp_common.so.0(CcspCcMbi_GetParameterValues+0x167) [0xf7de3060]
    /usr/lib/libccsp_common.so.0(+0xdfd6c) [0xf7dfbd6c]
    /usr/lib/librbuscore.so.0(+0x87ed) [0xf770c7ed]
    /usr/lib/librbuscore.so.0(+0x88ab) [0xf770c8ab]
    /usr/lib/librtMessage.so.0(+0x5025) [0xf7620025]
    /usr/ccsp/../../lib/libpthread.so.0(+0x7f91) [0xf7cddf91]
    /usr/ccsp/../../lib/libc.so.6(clone+0x66) [0xf7be9b96]

@@@platform_hal_GetProductClass(pValue)
    /usr/lib/libhal_platform.so.0(platform_hal_GetProductClass+0x7f) [0xf5ec3e52]
    /usr/lib/libtr181.so(CosaDmlDiGetProductClass+0x1a) [0xf6039808]
    /usr/lib/libtr181.so(DeviceInfo_GetParamStringValue+0x176) [0xf60b60a3]
    /usr/lib/libccsp_common.so.0(DslhObjcoGetParamValueByName+0x244) [0xf7dcd33b]
    /usr/lib/libccsp_common.so.0(DslhObjcoGetBulkParamValue+0x202) [0xf7dcd61b]
    /usr/lib/libccsp_common.so.0(DslhWmpdoMpaGetParameterValues+0x4de) [0xf7dd8ab7]
    /usr/lib/libccsp_common.so.0(CcspCcMbi_GetParameterValues+0x167) [0xf7de3060]
    /usr/lib/libccsp_common.so.0(+0xdfd6c) [0xf7dfbd6c]
    /usr/lib/librbuscore.so.0(+0x87ed) [0xf770c7ed]
    /usr/lib/librbuscore.so.0(+0x88ab) [0xf770c8ab]
    /usr/lib/librtMessage.so.0(+0x5025) [0xf7620025]
    /usr/ccsp/../../lib/libpthread.so.0(+0x7f91) [0xf7cddf91]
    /usr/ccsp/../../lib/libc.so.6(clone+0x66) [0xf7be9b96]

@@@platform_hal_GetSerialNumber(pValue)
    /usr/lib/libhal_platform.so.0(platform_hal_GetSerialNumber+0x76) [0xf5ec00f6]
    /usr/lib/libtr181.so(CosaDmlDiGetSerialNumber+0x33) [0xf603984d]
    /usr/lib/libtr181.so(DeviceInfo_GetParamStringValue+0x1ca) [0xf60b60f7]
    /usr/lib/libccsp_common.so.0(DslhObjcoGetParamValueByName+0x244) [0xf7dcd33b]
    /usr/lib/libccsp_common.so.0(DslhObjcoGetBulkParamValue+0x202) [0xf7dcd61b]
    /usr/lib/libccsp_common.so.0(DslhWmpdoMpaGetParameterValues+0x4de) [0xf7dd8ab7]
    /usr/lib/libccsp_common.so.0(CcspCcMbi_GetParameterValues+0x167) [0xf7de3060]
    /usr/lib/libccsp_common.so.0(+0xdfd6c) [0xf7dfbd6c]
    /usr/lib/librbuscore.so.0(+0x87ed) [0xf770c7ed]
    /usr/lib/librbuscore.so.0(+0x88ab) [0xf770c8ab]
    /usr/lib/librtMessage.so.0(+0x5025) [0xf7620025]
    /usr/ccsp/../../lib/libpthread.so.0(+0x7f91) [0xf7cddf91]
    /usr/ccsp/../../lib/libc.so.6(clone+0x66) [0xf7be9b96]

@@@platform_hal_GetProductClass(pValue)
    /usr/lib/libhal_platform.so.0(platform_hal_GetProductClass+0x7f) [0xf5ec3e52]
    /usr/lib/libtr181.so(CosaDmlDiGetProductClass+0x1a) [0xf6039808]
    /usr/lib/libtr181.so(DeviceInfo_GetParamStringValue+0x176) [0xf60b60a3]
    /usr/lib/libccsp_common.so.0(DslhObjcoGetParamValueByName+0x244) [0xf7dcd33b]
    /usr/lib/libccsp_common.so.0(DslhObjcoGetBulkParamValue+0x202) [0xf7dcd61b]
    /usr/lib/libccsp_common.so.0(DslhWmpdoMpaGetParameterValues+0x4de) [0xf7dd8ab7]
    /usr/lib/libccsp_common.so.0(CcspCcMbi_GetParameterValues+0x167) [0xf7de3060]
    /usr/lib/libccsp_common.so.0(+0xdfd6c) [0xf7dfbd6c]
    /usr/lib/librbuscore.so.0(+0x87ed) [0xf770c7ed]
    /usr/lib/librbuscore.so.0(+0x88ab) [0xf770c8ab]
    /usr/lib/librtMessage.so.0(+0x5025) [0xf7620025]
    /usr/ccsp/../../lib/libpthread.so.0(+0x7f91) [0xf7cddf91]
    /usr/ccsp/../../lib/libc.so.6(clone+0x66) [0xf7be9b96]

@@@platform_hal_GetManufacturerOUI(pValue)
    /usr/lib/libhal_platform.so.0(platform_hal_GetManufacturerOUI+0x76) [0xf5ec4056]
    /usr/lib/libtr181.so(CosaDmlDiGetManufacturerOUI+0x1a) [0xf6039685]
    /usr/lib/libtr181.so(DeviceInfo_GetParamStringValue+0xc9) [0xf60b5ff6]
    /usr/lib/libccsp_common.so.0(DslhObjcoGetParamValueByName+0x244) [0xf7dcd33b]
    /usr/lib/libccsp_common.so.0(DslhObjcoGetBulkParamValue+0x202) [0xf7dcd61b]
    /usr/lib/libccsp_common.so.0(DslhWmpdoMpaGetParameterValues+0x4de) [0xf7dd8ab7]
    /usr/lib/libccsp_common.so.0(CcspCcMbi_GetParameterValues+0x167) [0xf7de3060]
    /usr/lib/libccsp_common.so.0(+0xdfd6c) [0xf7dfbd6c]
    /usr/lib/librbuscore.so.0(+0x87ed) [0xf770c7ed]
    /usr/lib/librbuscore.so.0(+0x88ab) [0xf770c8ab]
    /usr/lib/librtMessage.so.0(+0x5025) [0xf7620025]
    /usr/ccsp/../../lib/libpthread.so.0(+0x7f91) [0xf7cddf91]
    /usr/ccsp/../../lib/libc.so.6(clone+0x66) [0xf7be9b96]

@@@platform_hal_GetSerialNumber(pValue)
    /usr/lib/libhal_platform.so.0(platform_hal_GetSerialNumber+0x76) [0xf5ec00f6]
    /usr/lib/libtr181.so(CosaDmlDiGetSerialNumber+0x33) [0xf603984d]
    /usr/lib/libtr181.so(DeviceInfo_GetParamStringValue+0x1ca) [0xf60b60f7]
    /usr/lib/libccsp_common.so.0(DslhObjcoGetParamValueByName+0x244) [0xf7dcd33b]
    /usr/lib/libccsp_common.so.0(DslhObjcoGetBulkParamValue+0x202) [0xf7dcd61b]
    /usr/lib/libccsp_common.so.0(DslhWmpdoMpaGetParameterValues+0x4de) [0xf7dd8ab7]
    /usr/lib/libccsp_common.so.0(CcspCcMbi_GetParameterValues+0x167) [0xf7de3060]
    /usr/lib/libccsp_common.so.0(+0xdfd6c) [0xf7dfbd6c]
    /usr/lib/librbuscore.so.0(+0x87ed) [0xf770c7ed]
    /usr/lib/librbuscore.so.0(+0x88ab) [0xf770c8ab]
    /usr/lib/librtMessage.so.0(+0x5025) [0xf7620025]
    /usr/ccsp/../../lib/libpthread.so.0(+0x7f91) [0xf7cddf91]
    /usr/ccsp/../../lib/libc.so.6(clone+0x66) [0xf7be9b96]

@@@platform_hal_GetDhcpv6_Options(req_opt_list, send_opt_list)
    /usr/lib/libhal_platform.so.0(platform_hal_GetDhcpv6_Options+0x70) [0xf7d231ab]
    /usr/lib/libdhcp_client_utils.so.0(start_dhcpv6_client+0x42f) [0xf7cd3c13]
    /usr/bin/wanmanager() [0x805b9e2]
    /usr/bin/wanmanager() [0x8052f24]
    /usr/bin/wanmanager() [0x8057aa5]
    /usr/ccsp/../../lib/libpthread.so.0(+0x7f91) [0xf7f7ff91]
    /usr/ccsp/../../lib/libc.so.6(clone+0x66) [0xf7ba2b96]

@@@platform_hal_GetBaseMacAddress(pValue)
    /usr/lib/libhal_platform.so.0(platform_hal_GetBaseMacAddress+0x76) [0xf7d21b06]
    /usr/lib/libdhcp_client_utils.so.0(start_dhcpv4_client+0x11d) [0xf7cd27a4]
    /usr/bin/wanmanager() [0x805bbd0]
    /usr/bin/wanmanager() [0x8052f9c]
    /usr/bin/wanmanager() [0x8057aa5]
    /usr/ccsp/../../lib/libpthread.so.0(+0x7f91) [0xf7f7ff91]
    /usr/ccsp/../../lib/libc.so.6(clone+0x66) [0xf7ba2b96]

@@@platform_hal_GetProductClass(pValue)
    /usr/lib/libhal_platform.so.0(platform_hal_GetProductClass+0x7f) [0xf7d24e52]
    /usr/lib/libdhcp_client_utils.so.0(start_dhcpv4_client+0x211) [0xf7cd2898]
    /usr/bin/wanmanager() [0x805bbd0]
    /usr/bin/wanmanager() [0x8052f9c]
    /usr/bin/wanmanager() [0x8057aa5]
    /usr/ccsp/../../lib/libpthread.so.0(+0x7f91) [0xf7f7ff91]
    /usr/ccsp/../../lib/libc.so.6(clone+0x66) [0xf7ba2b96]

@@@platform_hal_GetSerialNumber(pValue)
    /usr/lib/libhal_platform.so.0(platform_hal_GetSerialNumber+0x76) [0xf7d210f6]
    /usr/lib/libdhcp_client_utils.so.0(start_dhcpv4_client+0x236) [0xf7cd28bd]
    /usr/bin/wanmanager() [0x805bbd0]
    /usr/bin/wanmanager() [0x8052f9c]
    /usr/bin/wanmanager() [0x8057aa5]
    /usr/ccsp/../../lib/libpthread.so.0(+0x7f91) [0xf7f7ff91]
    /usr/ccsp/../../lib/libc.so.6(clone+0x66) [0xf7ba2b96]

@@@platform_hal_GetProductClass(pValue)
    /usr/lib/libhal_platform.so.0(platform_hal_GetProductClass+0x7f) [0xf7d24e52]
    /usr/lib/libdhcp_client_utils.so.0(start_dhcpv4_client+0x3a5) [0xf7cd2a2c]
    /usr/bin/wanmanager() [0x805bbd0]
    /usr/bin/wanmanager() [0x8052f9c]
    /usr/bin/wanmanager() [0x8057aa5]
    /usr/ccsp/../../lib/libpthread.so.0(+0x7f91) [0xf7f7ff91]
    /usr/ccsp/../../lib/libc.so.6(clone+0x66) [0xf7ba2b96]

@@@platform_hal_GetModelName(pValue)
    /usr/lib/libhal_platform.so.0(platform_hal_GetModelName+0x76) [0xf7d20ff2]
    /usr/lib/libdhcp_client_utils.so.0(start_dhcpv4_client+0x431) [0xf7cd2ab8]
    /usr/bin/wanmanager() [0x805bbd0]
    /usr/bin/wanmanager() [0x8052f9c]
    /usr/bin/wanmanager() [0x8057aa5]
    /usr/ccsp/../../lib/libpthread.so.0(+0x7f91) [0xf7f7ff91]
    /usr/ccsp/../../lib/libc.so.6(clone+0x66) [0xf7ba2b96]

@@@platform_hal_GetSerialNumber(pValue)
    /usr/lib/libhal_platform.so.0(platform_hal_GetSerialNumber+0x76) [0xf7d210f6]
    /usr/lib/libdhcp_client_utils.so.0(start_dhcpv4_client+0x4b6) [0xf7cd2b3d]
    /usr/bin/wanmanager() [0x805bbd0]
    /usr/bin/wanmanager() [0x8052f9c]
    /usr/bin/wanmanager() [0x8057aa5]
    /usr/ccsp/../../lib/libpthread.so.0(+0x7f91) [0xf7f7ff91]
    /usr/ccsp/../../lib/libc.so.6(clone+0x66) [0xf7ba2b96]

@@@platform_hal_GetDhcpv4_Options(req_opt_list, send_opt_list)
    /usr/lib/libhal_platform.so.0(platform_hal_GetDhcpv4_Options+0x70) [0xf7d23295]
    /usr/lib/libdhcp_client_utils.so.0(start_dhcpv4_client+0x67c) [0xf7cd2d03]
    /usr/bin/wanmanager() [0x805bbd0]
    /usr/bin/wanmanager() [0x8052f9c]
    /usr/bin/wanmanager() [0x8057aa5]
    /usr/ccsp/../../lib/libpthread.so.0(+0x7f91) [0xf7f7ff91]
    /usr/ccsp/../../lib/libc.so.6(clone+0x66) [0xf7ba2b96]

@@@platform_hal_GetProductClass(pValue)
    /usr/lib/libhal_platform.so.0(platform_hal_GetProductClass+0x7f) [0xf5ec3e52]
    /usr/lib/libtr181.so(CosaDmlDiGetProductClass+0x1a) [0xf6039808]
    /usr/lib/libtr181.so(DeviceInfo_GetParamStringValue+0x176) [0xf60b60a3]
    /usr/lib/libccsp_common.so.0(DslhObjcoGetParamValueByName+0x244) [0xf7dcd33b]
    /usr/lib/libccsp_common.so.0(DslhObjcoGetBulkParamValue+0x202) [0xf7dcd61b]
    /usr/lib/libccsp_common.so.0(DslhWmpdoMpaGetParameterValues+0x4de) [0xf7dd8ab7]
    /usr/lib/libccsp_common.so.0(CcspCcMbi_GetParameterValues+0x167) [0xf7de3060]
    /usr/lib/libccsp_common.so.0(+0xdfd6c) [0xf7dfbd6c]
    /usr/lib/librbuscore.so.0(+0x87ed) [0xf770c7ed]
    /usr/lib/librbuscore.so.0(+0x88ab) [0xf770c8ab]
    /usr/lib/librtMessage.so.0(+0x5025) [0xf7620025]
    /usr/ccsp/../../lib/libpthread.so.0(+0x7f91) [0xf7cddf91]
    /usr/ccsp/../../lib/libc.so.6(clone+0x66) [0xf7be9b96]

@@@platform_hal_GetManufacturerOUI(pValue)
    /usr/lib/libhal_platform.so.0(platform_hal_GetManufacturerOUI+0x76) [0xf5ec4056]
    /usr/lib/libtr181.so(CosaDmlDiGetManufacturerOUI+0x1a) [0xf6039685]
    /usr/lib/libtr181.so(DeviceInfo_GetParamStringValue+0xc9) [0xf60b5ff6]
    /usr/lib/libccsp_common.so.0(DslhObjcoGetParamValueByName+0x244) [0xf7dcd33b]
    /usr/lib/libccsp_common.so.0(DslhObjcoGetBulkParamValue+0x202) [0xf7dcd61b]
    /usr/lib/libccsp_common.so.0(DslhWmpdoMpaGetParameterValues+0x4de) [0xf7dd8ab7]
    /usr/lib/libccsp_common.so.0(CcspCcMbi_GetParameterValues+0x167) [0xf7de3060]
    /usr/lib/libccsp_common.so.0(+0xdfd6c) [0xf7dfbd6c]
    /usr/lib/librbuscore.so.0(+0x87ed) [0xf770c7ed]
    /usr/lib/librbuscore.so.0(+0x88ab) [0xf770c8ab]
    /usr/lib/librtMessage.so.0(+0x5025) [0xf7620025]
    /usr/ccsp/../../lib/libpthread.so.0(+0x7f91) [0xf7cddf91]
    /usr/ccsp/../../lib/libc.so.6(clone+0x66) [0xf7be9b96]

@@@platform_hal_GetSerialNumber(pValue)
    /usr/lib/libhal_platform.so.0(platform_hal_GetSerialNumber+0x76) [0xf5ec00f6]
    /usr/lib/libtr181.so(CosaDmlDiGetSerialNumber+0x33) [0xf603984d]
    /usr/lib/libtr181.so(DeviceInfo_GetParamStringValue+0x1ca) [0xf60b60f7]
    /usr/lib/libccsp_common.so.0(DslhObjcoGetParamValueByName+0x244) [0xf7dcd33b]
    /usr/lib/libccsp_common.so.0(DslhObjcoGetBulkParamValue+0x202) [0xf7dcd61b]
    /usr/lib/libccsp_common.so.0(DslhWmpdoMpaGetParameterValues+0x4de) [0xf7dd8ab7]
    /usr/lib/libccsp_common.so.0(CcspCcMbi_GetParameterValues+0x167) [0xf7de3060]
    /usr/lib/libccsp_common.so.0(+0xdfd6c) [0xf7dfbd6c]
    /usr/lib/librbuscore.so.0(+0x87ed) [0xf770c7ed]
    /usr/lib/librbuscore.so.0(+0x88ab) [0xf770c8ab]
    /usr/lib/librtMessage.so.0(+0x5025) [0xf7620025]
    /usr/ccsp/../../lib/libpthread.so.0(+0x7f91) [0xf7cddf91]
    /usr/ccsp/../../lib/libc.so.6(clone+0x66) [0xf7be9b96]

@@@platform_hal_GetManufacturerOUI(pValue)
    /usr/lib/libhal_platform.so.0(platform_hal_GetManufacturerOUI+0x76) [0xf5ec4056]
    /usr/lib/libtr181.so(CosaDmlDiGetManufacturerOUI+0x1a) [0xf6039685]
    /usr/lib/libtr181.so(DeviceInfo_GetParamStringValue+0xc9) [0xf60b5ff6]
    /usr/lib/libccsp_common.so.0(DslhObjcoGetParamValueByName+0x244) [0xf7dcd33b]
    /usr/lib/libccsp_common.so.0(DslhObjcoGetBulkParamValue+0x202) [0xf7dcd61b]
    /usr/lib/libccsp_common.so.0(DslhWmpdoMpaGetParameterValues+0x4de) [0xf7dd8ab7]
    /usr/lib/libccsp_common.so.0(CcspCcMbi_GetParameterValues+0x167) [0xf7de3060]
    /usr/lib/libccsp_common.so.0(+0xdfd6c) [0xf7dfbd6c]
    /usr/lib/librbuscore.so.0(+0x87ed) [0xf770c7ed]
    /usr/lib/librbuscore.so.0(+0x88ab) [0xf770c8ab]
    /usr/lib/librtMessage.so.0(+0x5025) [0xf7620025]
    /usr/ccsp/../../lib/libpthread.so.0(+0x7f91) [0xf7cddf91]
    /usr/ccsp/../../lib/libc.so.6(clone+0x66) [0xf7be9b96]

@@@platform_hal_GetProductClass(pValue)
    /usr/lib/libhal_platform.so.0(platform_hal_GetProductClass+0x7f) [0xf5ec3e52]
    /usr/lib/libtr181.so(CosaDmlDiGetProductClass+0x1a) [0xf6039808]
    /usr/lib/libtr181.so(DeviceInfo_GetParamStringValue+0x176) [0xf60b60a3]
    /usr/lib/libccsp_common.so.0(DslhObjcoGetParamValueByName+0x244) [0xf7dcd33b]
    /usr/lib/libccsp_common.so.0(DslhObjcoGetBulkParamValue+0x202) [0xf7dcd61b]
    /usr/lib/libccsp_common.so.0(DslhWmpdoMpaGetParameterValues+0x4de) [0xf7dd8ab7]
    /usr/lib/libccsp_common.so.0(CcspCcMbi_GetParameterValues+0x167) [0xf7de3060]
    /usr/lib/libccsp_common.so.0(+0xdfd6c) [0xf7dfbd6c]
    /usr/lib/librbuscore.so.0(+0x87ed) [0xf770c7ed]
    /usr/lib/librbuscore.so.0(+0x88ab) [0xf770c8ab]
    /usr/lib/librtMessage.so.0(+0x5025) [0xf7620025]
    /usr/ccsp/../../lib/libpthread.so.0(+0x7f91) [0xf7cddf91]
    /usr/ccsp/../../lib/libc.so.6(clone+0x66) [0xf7be9b96]

@@@platform_hal_GetSerialNumber(pValue)
    /usr/lib/libhal_platform.so.0(platform_hal_GetSerialNumber+0x76) [0xf5ec00f6]
    /usr/lib/libtr181.so(CosaDmlDiGetSerialNumber+0x33) [0xf603984d]
    /usr/lib/libtr181.so(DeviceInfo_GetParamStringValue+0x1ca) [0xf60b60f7]
    /usr/lib/libccsp_common.so.0(DslhObjcoGetParamValueByName+0x244) [0xf7dcd33b]
    /usr/lib/libccsp_common.so.0(DslhObjcoGetBulkParamValue+0x202) [0xf7dcd61b]
    /usr/lib/libccsp_common.so.0(DslhWmpdoMpaGetParameterValues+0x4de) [0xf7dd8ab7]
    /usr/lib/libccsp_common.so.0(CcspCcMbi_GetParameterValues+0x167) [0xf7de3060]
    /usr/lib/libccsp_common.so.0(+0xdfd6c) [0xf7dfbd6c]
    /usr/lib/librbuscore.so.0(+0x87ed) [0xf770c7ed]
    /usr/lib/librbuscore.so.0(+0x88ab) [0xf770c8ab]
    /usr/lib/librtMessage.so.0(+0x5025) [0xf7620025]
    /usr/ccsp/../../lib/libpthread.so.0(+0x7f91) [0xf7cddf91]
    /usr/ccsp/../../lib/libc.so.6(clone+0x66) [0xf7be9b96]

@@@platform_hal_GetProductClass(pValue)
    /usr/lib/libhal_platform.so.0(platform_hal_GetProductClass+0x7f) [0xf5ec3e52]
    /usr/lib/libtr181.so(CosaDmlDiGetProductClass+0x1a) [0xf6039808]
    /usr/lib/libtr181.so(DeviceInfo_GetParamStringValue+0x176) [0xf60b60a3]
    /usr/lib/libccsp_common.so.0(DslhObjcoGetParamValueByName+0x244) [0xf7dcd33b]
    /usr/lib/libccsp_common.so.0(DslhObjcoGetBulkParamValue+0x202) [0xf7dcd61b]
    /usr/lib/libccsp_common.so.0(DslhWmpdoMpaGetParameterValues+0x4de) [0xf7dd8ab7]
    /usr/lib/libccsp_common.so.0(CcspCcMbi_GetParameterValues+0x167) [0xf7de3060]
    /usr/lib/libccsp_common.so.0(+0xdfd6c) [0xf7dfbd6c]
    /usr/lib/librbuscore.so.0(+0x87ed) [0xf770c7ed]
    /usr/lib/librbuscore.so.0(+0x88ab) [0xf770c8ab]
    /usr/lib/librtMessage.so.0(+0x5025) [0xf7620025]
    /usr/ccsp/../../lib/libpthread.so.0(+0x7f91) [0xf7cddf91]
    /usr/ccsp/../../lib/libc.so.6(clone+0x66) [0xf7be9b96]

@@@platform_hal_GetManufacturerOUI(pValue)
    /usr/lib/libhal_platform.so.0(platform_hal_GetManufacturerOUI+0x76) [0xf5ec4056]
    /usr/lib/libtr181.so(CosaDmlDiGetManufacturerOUI+0x1a) [0xf6039685]
    /usr/lib/libtr181.so(DeviceInfo_GetParamStringValue+0xc9) [0xf60b5ff6]
    /usr/lib/libccsp_common.so.0(DslhObjcoGetParamValueByName+0x244) [0xf7dcd33b]
    /usr/lib/libccsp_common.so.0(DslhObjcoGetBulkParamValue+0x202) [0xf7dcd61b]
    /usr/lib/libccsp_common.so.0(DslhWmpdoMpaGetParameterValues+0x4de) [0xf7dd8ab7]
    /usr/lib/libccsp_common.so.0(CcspCcMbi_GetParameterValues+0x167) [0xf7de3060]
    /usr/lib/libccsp_common.so.0(+0xdfd6c) [0xf7dfbd6c]
    /usr/lib/librbuscore.so.0(+0x87ed) [0xf770c7ed]
    /usr/lib/librbuscore.so.0(+0x88ab) [0xf770c8ab]
    /usr/lib/librtMessage.so.0(+0x5025) [0xf7620025]
    /usr/ccsp/../../lib/libpthread.so.0(+0x7f91) [0xf7cddf91]
    /usr/ccsp/../../lib/libc.so.6(clone+0x66) [0xf7be9b96]

@@@platform_hal_GetSerialNumber(pValue)
    /usr/lib/libhal_platform.so.0(platform_hal_GetSerialNumber+0x76) [0xf5ec00f6]
    /usr/lib/libtr181.so(CosaDmlDiGetSerialNumber+0x33) [0xf603984d]
    /usr/lib/libtr181.so(DeviceInfo_GetParamStringValue+0x1ca) [0xf60b60f7]
    /usr/lib/libccsp_common.so.0(DslhObjcoGetParamValueByName+0x244) [0xf7dcd33b]
    /usr/lib/libccsp_common.so.0(DslhObjcoGetBulkParamValue+0x202) [0xf7dcd61b]
    /usr/lib/libccsp_common.so.0(DslhWmpdoMpaGetParameterValues+0x4de) [0xf7dd8ab7]
    /usr/lib/libccsp_common.so.0(CcspCcMbi_GetParameterValues+0x167) [0xf7de3060]
    /usr/lib/libccsp_common.so.0(+0xdfd6c) [0xf7dfbd6c]
    /usr/lib/librbuscore.so.0(+0x87ed) [0xf770c7ed]
    /usr/lib/librbuscore.so.0(+0x88ab) [0xf770c8ab]
    /usr/lib/librtMessage.so.0(+0x5025) [0xf7620025]
    /usr/ccsp/../../lib/libpthread.so.0(+0x7f91) [0xf7cddf91]
    /usr/ccsp/../../lib/libc.so.6(clone+0x66) [0xf7be9b96]

@@@platform_hal_GetDhcpv6_Options(req_opt_list, send_opt_list)
    /usr/lib/libhal_platform.so.0(platform_hal_GetDhcpv6_Options+0x70) [0xf7d231ab]
    /usr/lib/libdhcp_client_utils.so.0(start_dhcpv6_client+0x42f) [0xf7cd3c13]
    /usr/bin/wanmanager() [0x805b9e2]
    /usr/bin/wanmanager() [0x8052f24]
    /usr/bin/wanmanager() [0x8057aa5]
    /usr/ccsp/../../lib/libpthread.so.0(+0x7f91) [0xf7f7ff91]
    /usr/ccsp/../../lib/libc.so.6(clone+0x66) [0xf7ba2b96]

@@@platform_hal_GetBaseMacAddress(pValue)
    /usr/lib/libhal_platform.so.0(platform_hal_GetBaseMacAddress+0x76) [0xf7d21b06]
    /usr/lib/libdhcp_client_utils.so.0(start_dhcpv4_client+0x11d) [0xf7cd27a4]
    /usr/bin/wanmanager() [0x805bbd0]
    /usr/bin/wanmanager() [0x8052f9c]
    /usr/bin/wanmanager() [0x8057aa5]
    /usr/ccsp/../../lib/libpthread.so.0(+0x7f91) [0xf7f7ff91]
    /usr/ccsp/../../lib/libc.so.6(clone+0x66) [0xf7ba2b96]

@@@platform_hal_GetProductClass(pValue)
    /usr/lib/libhal_platform.so.0(platform_hal_GetProductClass+0x7f) [0xf7d24e52]
    /usr/lib/libdhcp_client_utils.so.0(start_dhcpv4_client+0x211) [0xf7cd2898]
    /usr/bin/wanmanager() [0x805bbd0]
    /usr/bin/wanmanager() [0x8052f9c]
    /usr/bin/wanmanager() [0x8057aa5]
    /usr/ccsp/../../lib/libpthread.so.0(+0x7f91) [0xf7f7ff91]
    /usr/ccsp/../../lib/libc.so.6(clone+0x66) [0xf7ba2b96]

@@@platform_hal_GetSerialNumber(pValue)
    /usr/lib/libhal_platform.so.0(platform_hal_GetSerialNumber+0x76) [0xf7d210f6]
    /usr/lib/libdhcp_client_utils.so.0(start_dhcpv4_client+0x236) [0xf7cd28bd]
    /usr/bin/wanmanager() [0x805bbd0]
    /usr/bin/wanmanager() [0x8052f9c]
    /usr/bin/wanmanager() [0x8057aa5]
    /usr/ccsp/../../lib/libpthread.so.0(+0x7f91) [0xf7f7ff91]
    /usr/ccsp/../../lib/libc.so.6(clone+0x66) [0xf7ba2b96]

@@@platform_hal_GetProductClass(pValue)
    /usr/lib/libhal_platform.so.0(platform_hal_GetProductClass+0x7f) [0xf7d24e52]
    /usr/lib/libdhcp_client_utils.so.0(start_dhcpv4_client+0x3a5) [0xf7cd2a2c]
    /usr/bin/wanmanager() [0x805bbd0]
    /usr/bin/wanmanager() [0x8052f9c]
    /usr/bin/wanmanager() [0x8057aa5]
    /usr/ccsp/../../lib/libpthread.so.0(+0x7f91) [0xf7f7ff91]
    /usr/ccsp/../../lib/libc.so.6(clone+0x66) [0xf7ba2b96]

@@@platform_hal_GetModelName(pValue)
    /usr/lib/libhal_platform.so.0(platform_hal_GetModelName+0x76) [0xf7d20ff2]
    /usr/lib/libdhcp_client_utils.so.0(start_dhcpv4_client+0x431) [0xf7cd2ab8]
    /usr/bin/wanmanager() [0x805bbd0]
    /usr/bin/wanmanager() [0x8052f9c]
    /usr/bin/wanmanager() [0x8057aa5]
    /usr/ccsp/../../lib/libpthread.so.0(+0x7f91) [0xf7f7ff91]
    /usr/ccsp/../../lib/libc.so.6(clone+0x66) [0xf7ba2b96]

@@@platform_hal_GetSerialNumber(pValue)
    /usr/lib/libhal_platform.so.0(platform_hal_GetSerialNumber+0x76) [0xf7d210f6]
    /usr/lib/libdhcp_client_utils.so.0(start_dhcpv4_client+0x4b6) [0xf7cd2b3d]
    /usr/bin/wanmanager() [0x805bbd0]
    /usr/bin/wanmanager() [0x8052f9c]
    /usr/bin/wanmanager() [0x8057aa5]
    /usr/ccsp/../../lib/libpthread.so.0(+0x7f91) [0xf7f7ff91]
    /usr/ccsp/../../lib/libc.so.6(clone+0x66) [0xf7ba2b96]

@@@platform_hal_GetDhcpv4_Options(req_opt_list, send_opt_list)
    /usr/lib/libhal_platform.so.0(platform_hal_GetDhcpv4_Options+0x70) [0xf7d23295]
    /usr/lib/libdhcp_client_utils.so.0(start_dhcpv4_client+0x67c) [0xf7cd2d03]
    /usr/bin/wanmanager() [0x805bbd0]
    /usr/bin/wanmanager() [0x8052f9c]
    /usr/bin/wanmanager() [0x8057aa5]
    /usr/ccsp/../../lib/libpthread.so.0(+0x7f91) [0xf7f7ff91]
    /usr/ccsp/../../lib/libc.so.6(clone+0x66) [0xf7ba2b96]

@@@platform_hal_GetManufacturerOUI(pValue)
    /usr/lib/libhal_platform.so.0(platform_hal_GetManufacturerOUI+0x76) [0xf5ec4056]
    /usr/lib/libtr181.so(CosaDmlDiGetManufacturerOUI+0x1a) [0xf6039685]
    /usr/lib/libtr181.so(DeviceInfo_GetParamStringValue+0xc9) [0xf60b5ff6]
    /usr/lib/libccsp_common.so.0(DslhObjcoGetParamValueByName+0x244) [0xf7dcd33b]
    /usr/lib/libccsp_common.so.0(DslhObjcoGetBulkParamValue+0x202) [0xf7dcd61b]
    /usr/lib/libccsp_common.so.0(DslhWmpdoMpaGetParameterValues+0x4de) [0xf7dd8ab7]
    /usr/lib/libccsp_common.so.0(CcspCcMbi_GetParameterValues+0x167) [0xf7de3060]
    /usr/lib/libccsp_common.so.0(+0xdfd6c) [0xf7dfbd6c]
    /usr/lib/librbuscore.so.0(+0x87ed) [0xf770c7ed]
    /usr/lib/librbuscore.so.0(+0x88ab) [0xf770c8ab]
    /usr/lib/librtMessage.so.0(+0x5025) [0xf7620025]
    /usr/ccsp/../../lib/libpthread.so.0(+0x7f91) [0xf7cddf91]
    /usr/ccsp/../../lib/libc.so.6(clone+0x66) [0xf7be9b96]

@@@platform_hal_GetProductClass(pValue)
    /usr/lib/libhal_platform.so.0(platform_hal_GetProductClass+0x7f) [0xf5ec3e52]
    /usr/lib/libtr181.so(CosaDmlDiGetProductClass+0x1a) [0xf6039808]
    /usr/lib/libtr181.so(DeviceInfo_GetParamStringValue+0x176) [0xf60b60a3]
    /usr/lib/libccsp_common.so.0(DslhObjcoGetParamValueByName+0x244) [0xf7dcd33b]
    /usr/lib/libccsp_common.so.0(DslhObjcoGetBulkParamValue+0x202) [0xf7dcd61b]
    /usr/lib/libccsp_common.so.0(DslhWmpdoMpaGetParameterValues+0x4de) [0xf7dd8ab7]
    /usr/lib/libccsp_common.so.0(CcspCcMbi_GetParameterValues+0x167) [0xf7de3060]
    /usr/lib/libccsp_common.so.0(+0xdfd6c) [0xf7dfbd6c]
    /usr/lib/librbuscore.so.0(+0x87ed) [0xf770c7ed]
    /usr/lib/librbuscore.so.0(+0x88ab) [0xf770c8ab]
    /usr/lib/librtMessage.so.0(+0x5025) [0xf7620025]
    /usr/ccsp/../../lib/libpthread.so.0(+0x7f91) [0xf7cddf91]
    /usr/ccsp/../../lib/libc.so.6(clone+0x66) [0xf7be9b96]

@@@platform_hal_GetSerialNumber(pValue)
    /usr/lib/libhal_platform.so.0(platform_hal_GetSerialNumber+0x76) [0xf5ec00f6]
    /usr/lib/libtr181.so(CosaDmlDiGetSerialNumber+0x33) [0xf603984d]
    /usr/lib/libtr181.so(DeviceInfo_GetParamStringValue+0x1a0) [0xf60b60cd]
    /usr/lib/libccsp_common.so.0(DslhObjcoGetParamValueByName+0x244) [0xf7dcd33b]
    /usr/lib/libccsp_common.so.0(DslhObjcoGetBulkParamValue+0x202) [0xf7dcd61b]
    /usr/lib/libccsp_common.so.0(DslhWmpdoMpaGetParameterValues+0x4de) [0xf7dd8ab7]
    /usr/lib/libccsp_common.so.0(CcspCcMbi_GetParameterValues+0x167) [0xf7de3060]
    /usr/lib/libccsp_common.so.0(+0xdfd6c) [0xf7dfbd6c]
    /usr/lib/librbuscore.so.0(+0x87ed) [0xf770c7ed]
    /usr/lib/librbuscore.so.0(+0x88ab) [0xf770c8ab]
    /usr/lib/librtMessage.so.0(+0x5025) [0xf7620025]
    /usr/ccsp/../../lib/libpthread.so.0(+0x7f91) [0xf7cddf91]
    /usr/ccsp/../../lib/libc.so.6(clone+0x66) [0xf7be9b96]

@@@platform_hal_GetManufacturer(pValue)
    /usr/lib/libhal_platform.so.0(platform_hal_GetManufacturer+0x76) [0xf5ec3c41]
    /usr/lib/libtr181.so(CosaDmlDiGetManufacturer+0x1a) [0xf6039659]
    /usr/lib/libtr181.so(DeviceInfo_GetParamStringValue+0xa2) [0xf60b5fcf]
    /usr/lib/libccsp_common.so.0(DslhObjcoGetParamValueByName+0x244) [0xf7dcd33b]
    /usr/lib/libccsp_common.so.0(DslhObjcoGetBulkParamValue+0x202) [0xf7dcd61b]
    /usr/lib/libccsp_common.so.0(DslhWmpdoMpaGetParameterValues+0x4de) [0xf7dd8ab7]
    /usr/lib/libccsp_common.so.0(CcspCcMbi_GetParameterValues+0x167) [0xf7de3060]
    /usr/lib/libccsp_common.so.0(+0xdfd6c) [0xf7dfbd6c]
    /usr/lib/librbuscore.so.0(+0x87ed) [0xf770c7ed]
    /usr/lib/librbuscore.so.0(+0x88ab) [0xf770c8ab]
    /usr/lib/librtMessage.so.0(+0x5025) [0xf7620025]
    /usr/ccsp/../../lib/libpthread.so.0(+0x7f91) [0xf7cddf91]
    /usr/ccsp/../../lib/libc.so.6(clone+0x66) [0xf7be9b96]

@@@platform_hal_GetManufacturerOUI(pValue)
    /usr/lib/libhal_platform.so.0(platform_hal_GetManufacturerOUI+0x76) [0xf5ec4056]
    /usr/lib/libtr181.so(CosaDmlDiGetManufacturerOUI+0x1a) [0xf6039685]
    /usr/lib/libtr181.so(DeviceInfo_GetParamStringValue+0xc9) [0xf60b5ff6]
    /usr/lib/libccsp_common.so.0(DslhObjcoGetParamValueByName+0x244) [0xf7dcd33b]
    /usr/lib/libccsp_common.so.0(DslhObjcoGetBulkParamValue+0x202) [0xf7dcd61b]
    /usr/lib/libccsp_common.so.0(DslhWmpdoMpaGetParameterValues+0x4de) [0xf7dd8ab7]
    /usr/lib/libccsp_common.so.0(CcspCcMbi_GetParameterValues+0x167) [0xf7de3060]
    /usr/lib/libccsp_common.so.0(+0xdfd6c) [0xf7dfbd6c]
    /usr/lib/librbuscore.so.0(+0x87ed) [0xf770c7ed]
    /usr/lib/librbuscore.so.0(+0x88ab) [0xf770c8ab]
    /usr/lib/librtMessage.so.0(+0x5025) [0xf7620025]
    /usr/ccsp/../../lib/libpthread.so.0(+0x7f91) [0xf7cddf91]
    /usr/ccsp/../../lib/libc.so.6(clone+0x66) [0xf7be9b96]

@@@platform_hal_GetProductClass(pValue)
    /usr/lib/libhal_platform.so.0(platform_hal_GetProductClass+0x7f) [0xf5ec3e52]
    /usr/lib/libtr181.so(CosaDmlDiGetProductClass+0x1a) [0xf6039808]
    /usr/lib/libtr181.so(DeviceInfo_GetParamStringValue+0x176) [0xf60b60a3]
    /usr/lib/libccsp_common.so.0(DslhObjcoGetParamValueByName+0x244) [0xf7dcd33b]
    /usr/lib/libccsp_common.so.0(DslhObjcoGetBulkParamValue+0x202) [0xf7dcd61b]
    /usr/lib/libccsp_common.so.0(DslhWmpdoMpaGetParameterValues+0x4de) [0xf7dd8ab7]
    /usr/lib/libccsp_common.so.0(CcspCcMbi_GetParameterValues+0x167) [0xf7de3060]
    /usr/lib/libccsp_common.so.0(+0xdfd6c) [0xf7dfbd6c]
    /usr/lib/librbuscore.so.0(+0x87ed) [0xf770c7ed]
    /usr/lib/librbuscore.so.0(+0x88ab) [0xf770c8ab]
    /usr/lib/librtMessage.so.0(+0x5025) [0xf7620025]
    /usr/ccsp/../../lib/libpthread.so.0(+0x7f91) [0xf7cddf91]
    /usr/ccsp/../../lib/libc.so.6(clone+0x66) [0xf7be9b96]

@@@platform_hal_GetSerialNumber(pValue)
    /usr/lib/libhal_platform.so.0(platform_hal_GetSerialNumber+0x76) [0xf5ec00f6]
    /usr/lib/libtr181.so(CosaDmlDiGetSerialNumber+0x33) [0xf603984d]
    /usr/lib/libtr181.so(DeviceInfo_GetParamStringValue+0x1a0) [0xf60b60cd]
    /usr/lib/libccsp_common.so.0(DslhObjcoGetParamValueByName+0x244) [0xf7dcd33b]
    /usr/lib/libccsp_common.so.0(DslhObjcoGetBulkParamValue+0x202) [0xf7dcd61b]
    /usr/lib/libccsp_common.so.0(DslhWmpdoMpaGetParameterValues+0x4de) [0xf7dd8ab7]
    /usr/lib/libccsp_common.so.0(CcspCcMbi_GetParameterValues+0x167) [0xf7de3060]
    /usr/lib/libccsp_common.so.0(+0xdfd6c) [0xf7dfbd6c]
    /usr/lib/librbuscore.so.0(+0x87ed) [0xf770c7ed]
    /usr/lib/librbuscore.so.0(+0x88ab) [0xf770c8ab]
    /usr/lib/librtMessage.so.0(+0x5025) [0xf7620025]
    /usr/ccsp/../../lib/libpthread.so.0(+0x7f91) [0xf7cddf91]
    /usr/ccsp/../../lib/libc.so.6(clone+0x66) [0xf7be9b96]

@@@platform_hal_GetHardwareVersion(pValue)
    /usr/lib/libhal_platform.so.0(platform_hal_GetHardwareVersion+0x76) [0xf5ec02fe]
    /usr/lib/libtr181.so(DeviceInfo_GetParamStringValue+0x2aa) [0xf60b61d7]
    /usr/lib/libccsp_common.so.0(DslhObjcoGetParamValueByName+0x244) [0xf7dcd33b]
    /usr/lib/libccsp_common.so.0(DslhObjcoGetBulkParamValue+0x202) [0xf7dcd61b]
    /usr/lib/libccsp_common.so.0(DslhWmpdoMpaGetParameterValues+0x4de) [0xf7dd8ab7]
    /usr/lib/libccsp_common.so.0(CcspCcMbi_GetParameterValues+0x167) [0xf7de3060]
    /usr/lib/libccsp_common.so.0(+0xdfd6c) [0xf7dfbd6c]
    /usr/lib/librbuscore.so.0(+0x87ed) [0xf770c7ed]
    /usr/lib/librbuscore.so.0(+0x88ab) [0xf770c8ab]
    /usr/lib/librtMessage.so.0(+0x5025) [0xf7620025]
    /usr/ccsp/../../lib/libpthread.so.0(+0x7f91) [0xf7cddf91]
    /usr/ccsp/../../lib/libc.so.6(clone+0x66) [0xf7be9b96]

@@@platform_hal_GetSoftwareVersion(pValue, maxSize)
    /usr/lib/libhal_platform.so.0(platform_hal_GetSoftwareVersion+0x76) [0xf5ec088a]
    /usr/lib/libtr181.so(DeviceInfo_GetParamStringValue+0x2ff) [0xf60b622c]
    /usr/lib/libccsp_common.so.0(DslhObjcoGetParamValueByName+0x244) [0xf7dcd33b]
    /usr/lib/libccsp_common.so.0(DslhObjcoGetBulkParamValue+0x202) [0xf7dcd61b]
    /usr/lib/libccsp_common.so.0(DslhWmpdoMpaGetParameterValues+0x4de) [0xf7dd8ab7]
    /usr/lib/libccsp_common.so.0(CcspCcMbi_GetParameterValues+0x167) [0xf7de3060]
    /usr/lib/libccsp_common.so.0(+0xdfd6c) [0xf7dfbd6c]
    /usr/lib/librbuscore.so.0(+0x87ed) [0xf770c7ed]
    /usr/lib/librbuscore.so.0(+0x88ab) [0xf770c8ab]
    /usr/lib/librtMessage.so.0(+0x5025) [0xf7620025]
    /usr/ccsp/../../lib/libpthread.so.0(+0x7f91) [0xf7cddf91]
    /usr/ccsp/../../lib/libc.so.6(clone+0x66) [0xf7be9b96]

@@@platform_hal_GetFirmwareName(pValue, maxSize)
    /usr/lib/libhal_platform.so.0(platform_hal_GetFirmwareName+0x7c) [0xf5ec050e]
    /usr/lib/libhal_platform.so.0(platform_hal_GetSoftwareVersion+0xe7) [0xf5ec08fb]
    /usr/lib/libtr181.so(DeviceInfo_GetParamStringValue+0x2ff) [0xf60b622c]
    /usr/lib/libccsp_common.so.0(DslhObjcoGetParamValueByName+0x244) [0xf7dcd33b]
    /usr/lib/libccsp_common.so.0(DslhObjcoGetBulkParamValue+0x202) [0xf7dcd61b]
    /usr/lib/libccsp_common.so.0(DslhWmpdoMpaGetParameterValues+0x4de) [0xf7dd8ab7]
    /usr/lib/libccsp_common.so.0(CcspCcMbi_GetParameterValues+0x167) [0xf7de3060]
    /usr/lib/libccsp_common.so.0(+0xdfd6c) [0xf7dfbd6c]
    /usr/lib/librbuscore.so.0(+0x87ed) [0xf770c7ed]
    /usr/lib/librbuscore.so.0(+0x88ab) [0xf770c8ab]
    /usr/lib/librtMessage.so.0(+0x5025) [0xf7620025]
    /usr/ccsp/../../lib/libpthread.so.0(+0x7f91) [0xf7cddf91]
    /usr/ccsp/../../lib/libc.so.6(clone+0x66) [0xf7be9b96]
