2024.11.21 01:16:22 Client Notice    | Dibbler - a portable DHCPv6, version 1.0.2RC1 (CLIENT, Linux port)
2024.11.21 01:16:22 Client Notice    My pid (1514) is stored in /tmp/dibbler_erouter0/client.pid
2024.11.21 01:16:22 Client Notice    Detected iface wl1/4957, MAC=00:16:3e:c4:f6:63.
2024.11.21 01:16:22 Client Notice    Detected iface wl0/4955, MAC=00:16:3e:5a:93:bc.
2024.11.21 01:16:22 Client Notice    Detected iface eth4/4953, MAC=00:16:3e:17:9e:97.
2024.11.21 01:16:22 Client Notice    Detected iface eth3/4951, MAC=00:16:3e:84:03:69.
2024.11.21 01:16:22 Client Notice    Detected iface eth2/4949, MAC=00:16:3e:67:69:7c.
2024.11.21 01:16:22 Client Notice    Detected iface eth1/4947, MAC=00:16:3e:66:85:62.
2024.11.21 01:16:22 Client Notice    Detected iface eth0/4945, MAC=00:60:2f:e7:ca:ed.
2024.11.21 01:16:22 Client Notice    Detected iface erouter0_pipe/14, MAC=82:2c:8e:39:ec:11.
2024.11.21 01:16:22 Client Notice    Detected iface erouter0/13, MAC=00:16:3e:62:bf:54.
2024.11.21 01:16:22 Client Notice    Detected iface wan_upper/12, MAC=00:60:2f:e7:ca:ed.
2024.11.21 01:16:22 Client Notice    Detected iface brlan0/11, MAC=00:16:3e:17:9e:97.
2024.11.21 01:16:22 Client Notice    Detected iface lan0/10, MAC=d2:89:b3:84:ba:61.
2024.11.21 01:16:22 Client Notice    Detected iface llan0/9, MAC=9a:39:2a:c2:f9:72.
2024.11.21 01:16:22 Client Notice    Detected iface brebhaul/8, MAC=6e:b5:08:86:0b:e5.
2024.11.21 01:16:22 Client Notice    Detected iface br403/7, MAC=da:74:2b:58:16:0a.
2024.11.21 01:16:22 Client Notice    Detected iface wl1.1/6, MAC=76:fa:aa:e4:e2:b1.
2024.11.21 01:16:22 Client Notice    Detected iface wl0.1/5, MAC=0e:64:6b:02:5b:21.
2024.11.21 01:16:22 Client Notice    Detected iface erspan0/4, MAC=00:00:00:00:00:00.
2024.11.21 01:16:22 Client Notice    Detected iface gretap0/3, MAC=00:00:00:00:00:00.
2024.11.21 01:16:22 Client Notice    Detected iface lo/1, MAC=00:00:00:00:00:00.
2024.11.21 01:16:22 Client Notice    Parsing /tmp/dibbler_erouter0/client.conf config file...
2024.11.21 01:16:22 Client Error     Prefix error encountered during Adding operation: Unable to add prefix: Bad file descriptor
2024.11.21 01:16:22 Client Error     Prefix error encountered during prefix addition operation: Unable to add prefix: Bad file descriptor
