
@@@cm_hal_InitDB()
    /usr/lib/libcm_mgnt.so.0(cm_hal_InitDB+0x70) [0xf7c8c349]
    /usr/lib/libcm_tr181.so(CosaDmlCMInit+0x48) [0xf41bcd33]
    /usr/lib/libcm_tr181.so(CosaCableModemInitialize+0x1c) [0xf41b8668]
    /usr/lib/libcm_tr181.so(CosaCableModemCreate+0x51) [0xf41b86c0]
    /usr/lib/libcm_tr181.so(CosaBackEndManagerInitialize+0x88) [0xf41b64c3]
    /usr/lib/libcm_tr181.so(COSA_Init+0x353) [0xf41b62fc]
    /usr/lib/libccsp_common.so.0(DslhDmagntLoadDataModelXMLInternal+0x127) [0xf7d581f2]
    /usr/lib/libccsp_common.so.0(DslhDmagntLoadDataModelXML2+0x32) [0xf7d58446]
    /usr/lib/libccsp_common.so.0(DslhCpecoLoadExternalDMLibFile2+0x28) [0xf7d5a0ac]
    /usr/lib/libccsp_common.so.0(DslhCpecoRegisterDataModelInternal+0x1ee) [0xf7d5a736]
    /usr/lib/libccsp_common.so.0(DslhCpecoRegisterDataModel2+0x2c) [0xf7d5abae]
    /usr/bin/CcspCMAgentSsp() [0x805136a]
    /usr/bin/CcspCMAgentSsp() [0x8050568]
    /usr/bin/CcspCMAgentSsp() [0x804bec1]
    /usr/ccsp/../../lib/libc.so.6(__libc_start_main+0xed) [0xf7ab6e2d]
    /usr/bin/CcspCMAgentSsp() [0x804c031]

@@@docsis_GetDsOfdmChanTable(ppinfo, output_NumberOfEntries)
    /usr/lib/libcm_mgnt.so.0(docsis_GetDsOfdmChanTable+0x76) [0xf7c8f493]
    /usr/lib/libcm_tr181.so(CosaDmlRDKCentralCmGetDownstreamChannel+0x9f) [0xf41bec20]
    /usr/lib/libcm_tr181.so(CosaDmlRDKCentralCMInit+0x23) [0xf41bf047]
    /usr/lib/libcm_tr181.so(CosaRDKCentralComCableModemInitialize+0x1c) [0xf41b960e]
    /usr/lib/libcm_tr181.so(CosaRDKCentralComCableModemCreate+0x4e) [0xf41b9663]
    /usr/lib/libcm_tr181.so(CosaBackEndManagerInitialize+0xcc) [0xf41b6507]
    /usr/lib/libcm_tr181.so(COSA_Init+0x353) [0xf41b62fc]
    /usr/lib/libccsp_common.so.0(DslhDmagntLoadDataModelXMLInternal+0x127) [0xf7d581f2]
    /usr/lib/libccsp_common.so.0(DslhDmagntLoadDataModelXML2+0x32) [0xf7d58446]
    /usr/lib/libccsp_common.so.0(DslhCpecoLoadExternalDMLibFile2+0x28) [0xf7d5a0ac]
    /usr/lib/libccsp_common.so.0(DslhCpecoRegisterDataModelInternal+0x1ee) [0xf7d5a736]
    /usr/lib/libccsp_common.so.0(DslhCpecoRegisterDataModel2+0x2c) [0xf7d5abae]
    /usr/bin/CcspCMAgentSsp() [0x805136a]
    /usr/bin/CcspCMAgentSsp() [0x8050568]
    /usr/bin/CcspCMAgentSsp() [0x804bec1]
    /usr/ccsp/../../lib/libc.so.6(__libc_start_main+0xed) [0xf7ab6e2d]
    /usr/bin/CcspCMAgentSsp() [0x804c031]

@@@docsis_GetUsOfdmaChanTable(ppinfo, output_NumberOfEntries)
    /usr/lib/libcm_mgnt.so.0(docsis_GetUsOfdmaChanTable+0x76) [0xf7c8f591]
    /usr/lib/libcm_tr181.so(CosaDmlRDKCentralCmGetUpstreamChannel+0x9f) [0xf41bee0a]
    /usr/lib/libcm_tr181.so(CosaDmlRDKCentralCMInit+0x35) [0xf41bf059]
    /usr/lib/libcm_tr181.so(CosaRDKCentralComCableModemInitialize+0x1c) [0xf41b960e]
    /usr/lib/libcm_tr181.so(CosaRDKCentralComCableModemCreate+0x4e) [0xf41b9663]
    /usr/lib/libcm_tr181.so(CosaBackEndManagerInitialize+0xcc) [0xf41b6507]
    /usr/lib/libcm_tr181.so(COSA_Init+0x353) [0xf41b62fc]
    /usr/lib/libccsp_common.so.0(DslhDmagntLoadDataModelXMLInternal+0x127) [0xf7d581f2]
    /usr/lib/libccsp_common.so.0(DslhDmagntLoadDataModelXML2+0x32) [0xf7d58446]
    /usr/lib/libccsp_common.so.0(DslhCpecoLoadExternalDMLibFile2+0x28) [0xf7d5a0ac]
    /usr/lib/libccsp_common.so.0(DslhCpecoRegisterDataModelInternal+0x1ee) [0xf7d5a736]
    /usr/lib/libccsp_common.so.0(DslhCpecoRegisterDataModel2+0x2c) [0xf7d5abae]
    /usr/bin/CcspCMAgentSsp() [0x805136a]
    /usr/bin/CcspCMAgentSsp() [0x8050568]
    /usr/bin/CcspCMAgentSsp() [0x804bec1]
    /usr/ccsp/../../lib/libc.so.6(__libc_start_main+0xed) [0xf7ab6e2d]
    /usr/bin/CcspCMAgentSsp() [0x804c031]

@@@docsis_GetStatusOfdmaUsTable(ppinfo, output_NumberOfEntries)
    /usr/lib/libcm_mgnt.so.0(docsis_GetStatusOfdmaUsTable+0x76) [0xf7c8f68f]
    /usr/lib/libcm_tr181.so(CosaDmlRDKCentralCmGetCMStatusofUpstreamChannel+0x9f) [0xf41bef7b]
    /usr/lib/libcm_tr181.so(CosaDmlRDKCentralCMInit+0x47) [0xf41bf06b]
    /usr/lib/libcm_tr181.so(CosaRDKCentralComCableModemInitialize+0x1c) [0xf41b960e]
    /usr/lib/libcm_tr181.so(CosaRDKCentralComCableModemCreate+0x4e) [0xf41b9663]
    /usr/lib/libcm_tr181.so(CosaBackEndManagerInitialize+0xcc) [0xf41b6507]
    /usr/lib/libcm_tr181.so(COSA_Init+0x353) [0xf41b62fc]
    /usr/lib/libccsp_common.so.0(DslhDmagntLoadDataModelXMLInternal+0x127) [0xf7d581f2]
    /usr/lib/libccsp_common.so.0(DslhDmagntLoadDataModelXML2+0x32) [0xf7d58446]
    /usr/lib/libccsp_common.so.0(DslhCpecoLoadExternalDMLibFile2+0x28) [0xf7d5a0ac]
    /usr/lib/libccsp_common.so.0(DslhCpecoRegisterDataModelInternal+0x1ee) [0xf7d5a736]
    /usr/lib/libccsp_common.so.0(DslhCpecoRegisterDataModel2+0x2c) [0xf7d5abae]
    /usr/bin/CcspCMAgentSsp() [0x805136a]
    /usr/bin/CcspCMAgentSsp() [0x8050568]
    /usr/bin/CcspCMAgentSsp() [0x804bec1]
    /usr/ccsp/../../lib/libc.so.6(__libc_start_main+0xed) [0xf7ab6e2d]
    /usr/bin/CcspCMAgentSsp() [0x804c031]

@@@docsis_GetNumOfActiveRxChannels(cnt)
    /usr/lib/libcm_mgnt.so.0(docsis_GetNumOfActiveRxChannels+0x76) [0xf7c8cd95]
    /usr/lib/libcm_tr181.so(CosaDmlCmGetCMErrorCodewords+0x71) [0xf41bd774]
    /usr/lib/libcm_tr181.so(CMErrorCodewords_Synchronize+0x4c) [0xf41b7bcf]
    /usr/lib/libccsp_common.so.0(DslhObjroPopulateObjRecords+0x8a) [0xf7d46923]
    /usr/lib/libccsp_common.so.0(DslhObjroPopulateObjRecords+0x52b) [0xf7d46dc4]
    /usr/lib/libccsp_common.so.0(DslhObjroPopulateObjRecords+0x52b) [0xf7d46dc4]
    /usr/lib/libccsp_common.so.0(DslhObjroPopulateObjRecords+0x52b) [0xf7d46dc4]
    /usr/lib/libccsp_common.so.0(DslhWmpdoCreateRecordTree+0xbc) [0xf7d4bfaf]
    /usr/lib/libccsp_common.so.0(DslhCpecoInitDataModel+0x14) [0xf7d59a5c]
    /usr/lib/libccsp_common.so.0(DslhCpecoRegisterDataModelInternal+0x224) [0xf7d5a76c]
    /usr/lib/libccsp_common.so.0(DslhCpecoRegisterDataModel2+0x2c) [0xf7d5abae]
    /usr/bin/CcspCMAgentSsp() [0x805136a]
    /usr/bin/CcspCMAgentSsp() [0x8050568]
    /usr/bin/CcspCMAgentSsp() [0x804bec1]
    /usr/ccsp/../../lib/libc.so.6(__libc_start_main+0xed) [0xf7ab6e2d]
    /usr/bin/CcspCMAgentSsp() [0x804c031]

@@@docsis_GetErrorCodewords(ppinfo)
    /usr/lib/libcm_mgnt.so.0(docsis_GetErrorCodewords+0x76) [0xf7c8d256]
    /usr/lib/libcm_tr181.so(CosaDmlCmGetCMErrorCodewords+0xf9) [0xf41bd7fc]
    /usr/lib/libcm_tr181.so(CMErrorCodewords_Synchronize+0x4c) [0xf41b7bcf]
    /usr/lib/libccsp_common.so.0(DslhObjroPopulateObjRecords+0x8a) [0xf7d46923]
    /usr/lib/libccsp_common.so.0(DslhObjroPopulateObjRecords+0x52b) [0xf7d46dc4]
    /usr/lib/libccsp_common.so.0(DslhObjroPopulateObjRecords+0x52b) [0xf7d46dc4]
    /usr/lib/libccsp_common.so.0(DslhObjroPopulateObjRecords+0x52b) [0xf7d46dc4]
    /usr/lib/libccsp_common.so.0(DslhWmpdoCreateRecordTree+0xbc) [0xf7d4bfaf]
    /usr/lib/libccsp_common.so.0(DslhCpecoInitDataModel+0x14) [0xf7d59a5c]
    /usr/lib/libccsp_common.so.0(DslhCpecoRegisterDataModelInternal+0x224) [0xf7d5a76c]
    /usr/lib/libccsp_common.so.0(DslhCpecoRegisterDataModel2+0x2c) [0xf7d5abae]
    /usr/bin/CcspCMAgentSsp() [0x805136a]
    /usr/bin/CcspCMAgentSsp() [0x8050568]
    /usr/bin/CcspCMAgentSsp() [0x804bec1]
    /usr/ccsp/../../lib/libc.so.6(__libc_start_main+0xed) [0xf7ab6e2d]
    /usr/bin/CcspCMAgentSsp() [0x804c031]

@@@docsis_GetNumOfActiveRxChannels(cnt)
    /usr/lib/libcm_mgnt.so.0(docsis_GetNumOfActiveRxChannels+0x76) [0xf7c8cd95]
    /usr/lib/libcm_mgnt.so.0(docsis_GetErrorCodewords+0xe6) [0xf7c8d2c6]
    /usr/lib/libcm_tr181.so(CosaDmlCmGetCMErrorCodewords+0xf9) [0xf41bd7fc]
    /usr/lib/libcm_tr181.so(CMErrorCodewords_Synchronize+0x4c) [0xf41b7bcf]
    /usr/lib/libccsp_common.so.0(DslhObjroPopulateObjRecords+0x8a) [0xf7d46923]
    /usr/lib/libccsp_common.so.0(DslhObjroPopulateObjRecords+0x52b) [0xf7d46dc4]
    /usr/lib/libccsp_common.so.0(DslhObjroPopulateObjRecords+0x52b) [0xf7d46dc4]
    /usr/lib/libccsp_common.so.0(DslhObjroPopulateObjRecords+0x52b) [0xf7d46dc4]
    /usr/lib/libccsp_common.so.0(DslhWmpdoCreateRecordTree+0xbc) [0xf7d4bfaf]
    /usr/lib/libccsp_common.so.0(DslhCpecoInitDataModel+0x14) [0xf7d59a5c]
    /usr/lib/libccsp_common.so.0(DslhCpecoRegisterDataModelInternal+0x224) [0xf7d5a76c]
    /usr/lib/libccsp_common.so.0(DslhCpecoRegisterDataModel2+0x2c) [0xf7d5abae]
    /usr/bin/CcspCMAgentSsp() [0x805136a]
    /usr/bin/CcspCMAgentSsp() [0x8050568]
    /usr/bin/CcspCMAgentSsp() [0x804bec1]
    /usr/ccsp/../../lib/libc.so.6(__libc_start_main+0xed) [0xf7ab6e2d]
    /usr/bin/CcspCMAgentSsp() [0x804c031]

@@@docsis_GetDocsisEventLogItems(entryArray, len)
    /usr/lib/libcm_mgnt.so.0(docsis_GetDocsisEventLogItems+0x76) [0xf7c8dbea]
    /usr/lib/libcm_tr181.so(CosaDmlCmGetDocsisLog+0xab) [0xf41bcec4]
    /usr/lib/libcm_tr181.so(DocsisLog_Synchronize+0x4c) [0xf41b7d7d]
    /usr/lib/libccsp_common.so.0(DslhObjroPopulateObjRecords+0x8a) [0xf7d46923]
    /usr/lib/libccsp_common.so.0(DslhObjroPopulateObjRecords+0x52b) [0xf7d46dc4]
    /usr/lib/libccsp_common.so.0(DslhObjroPopulateObjRecords+0x52b) [0xf7d46dc4]
    /usr/lib/libccsp_common.so.0(DslhObjroPopulateObjRecords+0x52b) [0xf7d46dc4]
    /usr/lib/libccsp_common.so.0(DslhWmpdoCreateRecordTree+0xbc) [0xf7d4bfaf]
    /usr/lib/libccsp_common.so.0(DslhCpecoInitDataModel+0x14) [0xf7d59a5c]
    /usr/lib/libccsp_common.so.0(DslhCpecoRegisterDataModelInternal+0x224) [0xf7d5a76c]
    /usr/lib/libccsp_common.so.0(DslhCpecoRegisterDataModel2+0x2c) [0xf7d5abae]
    /usr/bin/CcspCMAgentSsp() [0x805136a]
    /usr/bin/CcspCMAgentSsp() [0x8050568]
    /usr/bin/CcspCMAgentSsp() [0x804bec1]
    /usr/ccsp/../../lib/libc.so.6(__libc_start_main+0xed) [0xf7ab6e2d]
    /usr/bin/CcspCMAgentSsp() [0x804c031]

@@@docsis_GetNumOfActiveRxChannels(cnt)
    /usr/lib/libcm_mgnt.so.0(docsis_GetNumOfActiveRxChannels+0x76) [0xf7c8cd95]
    /usr/lib/libcm_tr181.so(CosaDmlCmGetDownstreamChannel+0x88) [0xf41bd07f]
    /usr/lib/libcm_tr181.so(DownstreamChannel_Synchronize+0x51) [0xf41b7f9a]
    /usr/lib/libccsp_common.so.0(DslhObjroPopulateObjRecords+0x8a) [0xf7d46923]
    /usr/lib/libccsp_common.so.0(DslhObjroPopulateObjRecords+0x52b) [0xf7d46dc4]
    /usr/lib/libccsp_common.so.0(DslhObjroPopulateObjRecords+0x52b) [0xf7d46dc4]
    /usr/lib/libccsp_common.so.0(DslhObjroPopulateObjRecords+0x52b) [0xf7d46dc4]
    /usr/lib/libccsp_common.so.0(DslhWmpdoCreateRecordTree+0xbc) [0xf7d4bfaf]
    /usr/lib/libccsp_common.so.0(DslhCpecoInitDataModel+0x14) [0xf7d59a5c]
    /usr/lib/libccsp_common.so.0(DslhCpecoRegisterDataModelInternal+0x224) [0xf7d5a76c]
    /usr/lib/libccsp_common.so.0(DslhCpecoRegisterDataModel2+0x2c) [0xf7d5abae]
    /usr/bin/CcspCMAgentSsp() [0x805136a]
    /usr/bin/CcspCMAgentSsp() [0x8050568]
    /usr/bin/CcspCMAgentSsp() [0x804bec1]
    /usr/ccsp/../../lib/libc.so.6(__libc_start_main+0xed) [0xf7ab6e2d]
    /usr/bin/CcspCMAgentSsp() [0x804c031]

@@@docsis_getDsOFDMChannelCount(count)
    /usr/lib/libcm_mgnt.so.0(docsis_getDsOFDMChannelCount+0x76) [0xf7c90bbd]
    /usr/lib/libcm_tr181.so(CosaDmlCmGetDownstreamChannel+0xee) [0xf41bd0e5]
    /usr/lib/libcm_tr181.so(DownstreamChannel_Synchronize+0x51) [0xf41b7f9a]
    /usr/lib/libccsp_common.so.0(DslhObjroPopulateObjRecords+0x8a) [0xf7d46923]
    /usr/lib/libccsp_common.so.0(DslhObjroPopulateObjRecords+0x52b) [0xf7d46dc4]
    /usr/lib/libccsp_common.so.0(DslhObjroPopulateObjRecords+0x52b) [0xf7d46dc4]
    /usr/lib/libccsp_common.so.0(DslhObjroPopulateObjRecords+0x52b) [0xf7d46dc4]
    /usr/lib/libccsp_common.so.0(DslhWmpdoCreateRecordTree+0xbc) [0xf7d4bfaf]
    /usr/lib/libccsp_common.so.0(DslhCpecoInitDataModel+0x14) [0xf7d59a5c]
    /usr/lib/libccsp_common.so.0(DslhCpecoRegisterDataModelInternal+0x224) [0xf7d5a76c]
    /usr/lib/libccsp_common.so.0(DslhCpecoRegisterDataModel2+0x2c) [0xf7d5abae]
    /usr/bin/CcspCMAgentSsp() [0x805136a]
    /usr/bin/CcspCMAgentSsp() [0x8050568]
    /usr/bin/CcspCMAgentSsp() [0x804bec1]
    /usr/ccsp/../../lib/libc.so.6(__libc_start_main+0xed) [0xf7ab6e2d]
    /usr/bin/CcspCMAgentSsp() [0x804c031]

@@@docsis_GetDSChannel(ppinfo)
    /usr/lib/libcm_mgnt.so.0(docsis_GetDSChannel+0x79) [0xf7c8ce96]
    /usr/lib/libcm_tr181.so(CosaDmlCmGetDownstreamChannel+0x16a) [0xf41bd161]
    /usr/lib/libcm_tr181.so(DownstreamChannel_Synchronize+0x51) [0xf41b7f9a]
    /usr/lib/libccsp_common.so.0(DslhObjroPopulateObjRecords+0x8a) [0xf7d46923]
    /usr/lib/libccsp_common.so.0(DslhObjroPopulateObjRecords+0x52b) [0xf7d46dc4]
    /usr/lib/libccsp_common.so.0(DslhObjroPopulateObjRecords+0x52b) [0xf7d46dc4]
    /usr/lib/libccsp_common.so.0(DslhObjroPopulateObjRecords+0x52b) [0xf7d46dc4]
    /usr/lib/libccsp_common.so.0(DslhWmpdoCreateRecordTree+0xbc) [0xf7d4bfaf]
    /usr/lib/libccsp_common.so.0(DslhCpecoInitDataModel+0x14) [0xf7d59a5c]
    /usr/lib/libccsp_common.so.0(DslhCpecoRegisterDataModelInternal+0x224) [0xf7d5a76c]
    /usr/lib/libccsp_common.so.0(DslhCpecoRegisterDataModel2+0x2c) [0xf7d5abae]
    /usr/bin/CcspCMAgentSsp() [0x805136a]
    /usr/bin/CcspCMAgentSsp() [0x8050568]
    /usr/bin/CcspCMAgentSsp() [0x804bec1]
    /usr/ccsp/../../lib/libc.so.6(__libc_start_main+0xed) [0xf7ab6e2d]
    /usr/bin/CcspCMAgentSsp() [0x804c031]

@@@docsis_GetNumOfActiveRxChannels(cnt)
    /usr/lib/libcm_mgnt.so.0(docsis_GetNumOfActiveRxChannels+0x76) [0xf7c8cd95]
    /usr/lib/libcm_mgnt.so.0(docsis_GetDSChannel+0xe3) [0xf7c8cf00]
    /usr/lib/libcm_tr181.so(CosaDmlCmGetDownstreamChannel+0x16a) [0xf41bd161]
    /usr/lib/libcm_tr181.so(DownstreamChannel_Synchronize+0x51) [0xf41b7f9a]
    /usr/lib/libccsp_common.so.0(DslhObjroPopulateObjRecords+0x8a) [0xf7d46923]
    /usr/lib/libccsp_common.so.0(DslhObjroPopulateObjRecords+0x52b) [0xf7d46dc4]
    /usr/lib/libccsp_common.so.0(DslhObjroPopulateObjRecords+0x52b) [0xf7d46dc4]
    /usr/lib/libccsp_common.so.0(DslhObjroPopulateObjRecords+0x52b) [0xf7d46dc4]
    /usr/lib/libccsp_common.so.0(DslhWmpdoCreateRecordTree+0xbc) [0xf7d4bfaf]
    /usr/lib/libccsp_common.so.0(DslhCpecoInitDataModel+0x14) [0xf7d59a5c]
    /usr/lib/libccsp_common.so.0(DslhCpecoRegisterDataModelInternal+0x224) [0xf7d5a76c]
    /usr/lib/libccsp_common.so.0(DslhCpecoRegisterDataModel2+0x2c) [0xf7d5abae]
    /usr/bin/CcspCMAgentSsp() [0x805136a]
    /usr/bin/CcspCMAgentSsp() [0x8050568]
    /usr/bin/CcspCMAgentSsp() [0x804bec1]
    /usr/ccsp/../../lib/libc.so.6(__libc_start_main+0xed) [0xf7ab6e2d]
    /usr/bin/CcspCMAgentSsp() [0x804c031]

@@@docsis_InitDS()
    /usr/lib/libcm_mgnt.so.0(docsis_InitDS+0x70) [0xf7c8c432]
    /usr/lib/libcm_mgnt.so.0(docsis_GetDSChannel+0x129) [0xf7c8cf46]
    /usr/lib/libcm_tr181.so(CosaDmlCmGetDownstreamChannel+0x16a) [0xf41bd161]
    /usr/lib/libcm_tr181.so(DownstreamChannel_Synchronize+0x51) [0xf41b7f9a]
    /usr/lib/libccsp_common.so.0(DslhObjroPopulateObjRecords+0x8a) [0xf7d46923]
    /usr/lib/libccsp_common.so.0(DslhObjroPopulateObjRecords+0x52b) [0xf7d46dc4]
    /usr/lib/libccsp_common.so.0(DslhObjroPopulateObjRecords+0x52b) [0xf7d46dc4]
    /usr/lib/libccsp_common.so.0(DslhObjroPopulateObjRecords+0x52b) [0xf7d46dc4]
    /usr/lib/libccsp_common.so.0(DslhWmpdoCreateRecordTree+0xbc) [0xf7d4bfaf]
    /usr/lib/libccsp_common.so.0(DslhCpecoInitDataModel+0x14) [0xf7d59a5c]
    /usr/lib/libccsp_common.so.0(DslhCpecoRegisterDataModelInternal+0x224) [0xf7d5a76c]
    /usr/lib/libccsp_common.so.0(DslhCpecoRegisterDataModel2+0x2c) [0xf7d5abae]
    /usr/bin/CcspCMAgentSsp() [0x805136a]
    /usr/bin/CcspCMAgentSsp() [0x8050568]
    /usr/bin/CcspCMAgentSsp() [0x804bec1]
    /usr/ccsp/../../lib/libc.so.6(__libc_start_main+0xed) [0xf7ab6e2d]
    /usr/bin/CcspCMAgentSsp() [0x804c031]

@@@docsis_GetNumOfActiveTxChannels(cnt)
    /usr/lib/libcm_mgnt.so.0(docsis_GetNumOfActiveTxChannels+0x76) [0xf7c8cb2a]
    /usr/lib/libcm_tr181.so(CosaDmlCmGetUpstreamChannel+0x8f) [0xf41bd20e]
    /usr/lib/libcm_tr181.so(UpstreamChannel_Synchronize+0x51) [0xf41b82b2]
    /usr/lib/libccsp_common.so.0(DslhObjroPopulateObjRecords+0x8a) [0xf7d46923]
    /usr/lib/libccsp_common.so.0(DslhObjroPopulateObjRecords+0x52b) [0xf7d46dc4]
    /usr/lib/libccsp_common.so.0(DslhObjroPopulateObjRecords+0x52b) [0xf7d46dc4]
    /usr/lib/libccsp_common.so.0(DslhObjroPopulateObjRecords+0x52b) [0xf7d46dc4]
    /usr/lib/libccsp_common.so.0(DslhWmpdoCreateRecordTree+0xbc) [0xf7d4bfaf]
    /usr/lib/libccsp_common.so.0(DslhCpecoInitDataModel+0x14) [0xf7d59a5c]
    /usr/lib/libccsp_common.so.0(DslhCpecoRegisterDataModelInternal+0x224) [0xf7d5a76c]
    /usr/lib/libccsp_common.so.0(DslhCpecoRegisterDataModel2+0x2c) [0xf7d5abae]
    /usr/bin/CcspCMAgentSsp() [0x805136a]
    /usr/bin/CcspCMAgentSsp() [0x8050568]
    /usr/bin/CcspCMAgentSsp() [0x804bec1]
    /usr/ccsp/../../lib/libc.so.6(__libc_start_main+0xed) [0xf7ab6e2d]
    /usr/bin/CcspCMAgentSsp() [0x804c031]

@@@docsis_getUsOFDMAChannelCount(count)
    /usr/lib/libcm_mgnt.so.0(docsis_getUsOFDMAChannelCount+0x76) [0xf7c90da4]
    /usr/lib/libcm_tr181.so(CosaDmlCmGetUpstreamChannel+0xf2) [0xf41bd271]
    /usr/lib/libcm_tr181.so(UpstreamChannel_Synchronize+0x51) [0xf41b82b2]
    /usr/lib/libccsp_common.so.0(DslhObjroPopulateObjRecords+0x8a) [0xf7d46923]
    /usr/lib/libccsp_common.so.0(DslhObjroPopulateObjRecords+0x52b) [0xf7d46dc4]
    /usr/lib/libccsp_common.so.0(DslhObjroPopulateObjRecords+0x52b) [0xf7d46dc4]
    /usr/lib/libccsp_common.so.0(DslhObjroPopulateObjRecords+0x52b) [0xf7d46dc4]
    /usr/lib/libccsp_common.so.0(DslhWmpdoCreateRecordTree+0xbc) [0xf7d4bfaf]
    /usr/lib/libccsp_common.so.0(DslhCpecoInitDataModel+0x14) [0xf7d59a5c]
    /usr/lib/libccsp_common.so.0(DslhCpecoRegisterDataModelInternal+0x224) [0xf7d5a76c]
    /usr/lib/libccsp_common.so.0(DslhCpecoRegisterDataModel2+0x2c) [0xf7d5abae]
    /usr/bin/CcspCMAgentSsp() [0x805136a]
    /usr/bin/CcspCMAgentSsp() [0x8050568]
    /usr/bin/CcspCMAgentSsp() [0x804bec1]
    /usr/ccsp/../../lib/libc.so.6(__libc_start_main+0xed) [0xf7ab6e2d]
    /usr/bin/CcspCMAgentSsp() [0x804c031]

@@@docsis_GetUSChannel(ppinfo)
    /usr/lib/libcm_mgnt.so.0(docsis_GetUSChannel+0x76) [0xf7c8cc28]
    /usr/lib/libcm_tr181.so(CosaDmlCmGetUpstreamChannel+0x176) [0xf41bd2f5]
    /usr/lib/libcm_tr181.so(UpstreamChannel_Synchronize+0x51) [0xf41b82b2]
    /usr/lib/libccsp_common.so.0(DslhObjroPopulateObjRecords+0x8a) [0xf7d46923]
    /usr/lib/libccsp_common.so.0(DslhObjroPopulateObjRecords+0x52b) [0xf7d46dc4]
    /usr/lib/libccsp_common.so.0(DslhObjroPopulateObjRecords+0x52b) [0xf7d46dc4]
    /usr/lib/libccsp_common.so.0(DslhObjroPopulateObjRecords+0x52b) [0xf7d46dc4]
    /usr/lib/libccsp_common.so.0(DslhWmpdoCreateRecordTree+0xbc) [0xf7d4bfaf]
    /usr/lib/libccsp_common.so.0(DslhCpecoInitDataModel+0x14) [0xf7d59a5c]
    /usr/lib/libccsp_common.so.0(DslhCpecoRegisterDataModelInternal+0x224) [0xf7d5a76c]
    /usr/lib/libccsp_common.so.0(DslhCpecoRegisterDataModel2+0x2c) [0xf7d5abae]
    /usr/bin/CcspCMAgentSsp() [0x805136a]
    /usr/bin/CcspCMAgentSsp() [0x8050568]
    /usr/bin/CcspCMAgentSsp() [0x804bec1]
    /usr/ccsp/../../lib/libc.so.6(__libc_start_main+0xed) [0xf7ab6e2d]
    /usr/bin/CcspCMAgentSsp() [0x804c031]

@@@docsis_GetNumOfActiveTxChannels(cnt)
    /usr/lib/libcm_mgnt.so.0(docsis_GetNumOfActiveTxChannels+0x76) [0xf7c8cb2a]
    /usr/lib/libcm_mgnt.so.0(docsis_GetUSChannel+0xe6) [0xf7c8cc98]
    /usr/lib/libcm_tr181.so(CosaDmlCmGetUpstreamChannel+0x176) [0xf41bd2f5]
    /usr/lib/libcm_tr181.so(UpstreamChannel_Synchronize+0x51) [0xf41b82b2]
    /usr/lib/libccsp_common.so.0(DslhObjroPopulateObjRecords+0x8a) [0xf7d46923]
    /usr/lib/libccsp_common.so.0(DslhObjroPopulateObjRecords+0x52b) [0xf7d46dc4]
    /usr/lib/libccsp_common.so.0(DslhObjroPopulateObjRecords+0x52b) [0xf7d46dc4]
    /usr/lib/libccsp_common.so.0(DslhObjroPopulateObjRecords+0x52b) [0xf7d46dc4]
    /usr/lib/libccsp_common.so.0(DslhWmpdoCreateRecordTree+0xbc) [0xf7d4bfaf]
    /usr/lib/libccsp_common.so.0(DslhCpecoInitDataModel+0x14) [0xf7d59a5c]
    /usr/lib/libccsp_common.so.0(DslhCpecoRegisterDataModelInternal+0x224) [0xf7d5a76c]
    /usr/lib/libccsp_common.so.0(DslhCpecoRegisterDataModel2+0x2c) [0xf7d5abae]
    /usr/bin/CcspCMAgentSsp() [0x805136a]
    /usr/bin/CcspCMAgentSsp() [0x8050568]
    /usr/bin/CcspCMAgentSsp() [0x804bec1]
    /usr/ccsp/../../lib/libc.so.6(__libc_start_main+0xed) [0xf7ab6e2d]
    /usr/bin/CcspCMAgentSsp() [0x804c031]

@@@docsis_InitUS()
    /usr/lib/libcm_mgnt.so.0(docsis_InitUS+0x70) [0xf7c8c52e]
    /usr/lib/libcm_mgnt.so.0(docsis_GetUSChannel+0x121) [0xf7c8ccd3]
    /usr/lib/libcm_tr181.so(CosaDmlCmGetUpstreamChannel+0x176) [0xf41bd2f5]
    /usr/lib/libcm_tr181.so(UpstreamChannel_Synchronize+0x51) [0xf41b82b2]
    /usr/lib/libccsp_common.so.0(DslhObjroPopulateObjRecords+0x8a) [0xf7d46923]
    /usr/lib/libccsp_common.so.0(DslhObjroPopulateObjRecords+0x52b) [0xf7d46dc4]
    /usr/lib/libccsp_common.so.0(DslhObjroPopulateObjRecords+0x52b) [0xf7d46dc4]
    /usr/lib/libccsp_common.so.0(DslhObjroPopulateObjRecords+0x52b) [0xf7d46dc4]
    /usr/lib/libccsp_common.so.0(DslhWmpdoCreateRecordTree+0xbc) [0xf7d4bfaf]
    /usr/lib/libccsp_common.so.0(DslhCpecoInitDataModel+0x14) [0xf7d59a5c]
    /usr/lib/libccsp_common.so.0(DslhCpecoRegisterDataModelInternal+0x224) [0xf7d5a76c]
    /usr/lib/libccsp_common.so.0(DslhCpecoRegisterDataModel2+0x2c) [0xf7d5abae]
    /usr/bin/CcspCMAgentSsp() [0x805136a]
    /usr/bin/CcspCMAgentSsp() [0x8050568]
    /usr/bin/CcspCMAgentSsp() [0x804bec1]
    /usr/ccsp/../../lib/libc.so.6(__libc_start_main+0xed) [0xf7ab6e2d]
    /usr/bin/CcspCMAgentSsp() [0x804c031]

@@@docsis_GetUsStatus(i, pinfo)
    /usr/lib/libcm_mgnt.so.0(docsis_GetUsStatus+0x76) [0xf7c8c736]
    /usr/lib/libcm_mgnt.so.0(docsis_GetUSChannel+0x13c) [0xf7c8ccee]
    /usr/lib/libcm_tr181.so(CosaDmlCmGetUpstreamChannel+0x176) [0xf41bd2f5]
    /usr/lib/libcm_tr181.so(UpstreamChannel_Synchronize+0x51) [0xf41b82b2]
    /usr/lib/libccsp_common.so.0(DslhObjroPopulateObjRecords+0x8a) [0xf7d46923]
    /usr/lib/libccsp_common.so.0(DslhObjroPopulateObjRecords+0x52b) [0xf7d46dc4]
    /usr/lib/libccsp_common.so.0(DslhObjroPopulateObjRecords+0x52b) [0xf7d46dc4]
    /usr/lib/libccsp_common.so.0(DslhObjroPopulateObjRecords+0x52b) [0xf7d46dc4]
    /usr/lib/libccsp_common.so.0(DslhWmpdoCreateRecordTree+0xbc) [0xf7d4bfaf]
    /usr/lib/libccsp_common.so.0(DslhCpecoInitDataModel+0x14) [0xf7d59a5c]
    /usr/lib/libccsp_common.so.0(DslhCpecoRegisterDataModelInternal+0x224) [0xf7d5a76c]
    /usr/lib/libccsp_common.so.0(DslhCpecoRegisterDataModel2+0x2c) [0xf7d5abae]
    /usr/bin/CcspCMAgentSsp() [0x805136a]
    /usr/bin/CcspCMAgentSsp() [0x8050568]
    /usr/bin/CcspCMAgentSsp() [0x804bec1]
    /usr/ccsp/../../lib/libc.so.6(__libc_start_main+0xed) [0xf7ab6e2d]
    /usr/bin/CcspCMAgentSsp() [0x804c031]

@@@docsis_GetDsOfdmChanTable(ppinfo, output_NumberOfEntries)
    /usr/lib/libcm_mgnt.so.0(docsis_GetDsOfdmChanTable+0x76) [0xf7c8f493]
    /usr/lib/libcm_tr181.so(CosaDmlRDKCentralCmGetDownstreamChannel+0x9f) [0xf41bec20]
    /usr/lib/libcm_tr181.so(X_RDKCENTRAL_COM_CableModem_DsOfdmChan_Synchronize+0x2c) [0xf41b8c78]
    /usr/lib/libccsp_common.so.0(DslhObjroPopulateObjRecords+0x8a) [0xf7d46923]
    /usr/lib/libccsp_common.so.0(DslhObjroPopulateObjRecords+0x52b) [0xf7d46dc4]
    /usr/lib/libccsp_common.so.0(DslhObjroPopulateObjRecords+0x52b) [0xf7d46dc4]
    /usr/lib/libccsp_common.so.0(DslhObjroPopulateObjRecords+0x52b) [0xf7d46dc4]
    /usr/lib/libccsp_common.so.0(DslhWmpdoCreateRecordTree+0xbc) [0xf7d4bfaf]
    /usr/lib/libccsp_common.so.0(DslhCpecoInitDataModel+0x14) [0xf7d59a5c]
    /usr/lib/libccsp_common.so.0(DslhCpecoRegisterDataModelInternal+0x224) [0xf7d5a76c]
    /usr/lib/libccsp_common.so.0(DslhCpecoRegisterDataModel2+0x2c) [0xf7d5abae]
    /usr/bin/CcspCMAgentSsp() [0x805136a]
    /usr/bin/CcspCMAgentSsp() [0x8050568]
    /usr/bin/CcspCMAgentSsp() [0x804bec1]
    /usr/ccsp/../../lib/libc.so.6(__libc_start_main+0xed) [0xf7ab6e2d]
    /usr/bin/CcspCMAgentSsp() [0x804c031]

@@@docsis_GetUsOfdmaChanTable(ppinfo, output_NumberOfEntries)
    /usr/lib/libcm_mgnt.so.0(docsis_GetUsOfdmaChanTable+0x76) [0xf7c8f591]
    /usr/lib/libcm_tr181.so(CosaDmlRDKCentralCmGetUpstreamChannel+0x9f) [0xf41bee0a]
    /usr/lib/libcm_tr181.so(X_RDKCENTRAL_COM_CableModem_UsOfdmaChan_Synchronize+0x2c) [0xf41b900f]
    /usr/lib/libccsp_common.so.0(DslhObjroPopulateObjRecords+0x8a) [0xf7d46923]
    /usr/lib/libccsp_common.so.0(DslhObjroPopulateObjRecords+0x52b) [0xf7d46dc4]
    /usr/lib/libccsp_common.so.0(DslhObjroPopulateObjRecords+0x52b) [0xf7d46dc4]
    /usr/lib/libccsp_common.so.0(DslhObjroPopulateObjRecords+0x52b) [0xf7d46dc4]
    /usr/lib/libccsp_common.so.0(DslhWmpdoCreateRecordTree+0xbc) [0xf7d4bfaf]
    /usr/lib/libccsp_common.so.0(DslhCpecoInitDataModel+0x14) [0xf7d59a5c]
    /usr/lib/libccsp_common.so.0(DslhCpecoRegisterDataModelInternal+0x224) [0xf7d5a76c]
    /usr/lib/libccsp_common.so.0(DslhCpecoRegisterDataModel2+0x2c) [0xf7d5abae]
    /usr/bin/CcspCMAgentSsp() [0x805136a]
    /usr/bin/CcspCMAgentSsp() [0x8050568]
    /usr/bin/CcspCMAgentSsp() [0x804bec1]
    /usr/ccsp/../../lib/libc.so.6(__libc_start_main+0xed) [0xf7ab6e2d]
    /usr/bin/CcspCMAgentSsp() [0x804c031]

@@@docsis_GetStatusOfdmaUsTable(ppinfo, output_NumberOfEntries)
    /usr/lib/libcm_mgnt.so.0(docsis_GetStatusOfdmaUsTable+0x76) [0xf7c8f68f]
    /usr/lib/libcm_tr181.so(CosaDmlRDKCentralCmGetCMStatusofUpstreamChannel+0x9f) [0xf41bef7b]
    /usr/lib/libcm_tr181.so(X_RDKCENTRAL_COM_CableModem_StatusOfdma_Synchronize+0x2c) [0xf41b9287]
    /usr/lib/libccsp_common.so.0(DslhObjroPopulateObjRecords+0x8a) [0xf7d46923]
    /usr/lib/libccsp_common.so.0(DslhObjroPopulateObjRecords+0x52b) [0xf7d46dc4]
    /usr/lib/libccsp_common.so.0(DslhObjroPopulateObjRecords+0x52b) [0xf7d46dc4]
    /usr/lib/libccsp_common.so.0(DslhObjroPopulateObjRecords+0x52b) [0xf7d46dc4]
    /usr/lib/libccsp_common.so.0(DslhWmpdoCreateRecordTree+0xbc) [0xf7d4bfaf]
    /usr/lib/libccsp_common.so.0(DslhCpecoInitDataModel+0x14) [0xf7d59a5c]
    /usr/lib/libccsp_common.so.0(DslhCpecoRegisterDataModelInternal+0x224) [0xf7d5a76c]
    /usr/lib/libccsp_common.so.0(DslhCpecoRegisterDataModel2+0x2c) [0xf7d5abae]
    /usr/bin/CcspCMAgentSsp() [0x805136a]
    /usr/bin/CcspCMAgentSsp() [0x8050568]
    /usr/bin/CcspCMAgentSsp() [0x804bec1]
    /usr/ccsp/../../lib/libc.so.6(__libc_start_main+0xed) [0xf7ab6e2d]
    /usr/bin/CcspCMAgentSsp() [0x804c031]

@@@qos_getServiceFlowCount(count)
    /usr/lib/libcm_mgnt.so.0(qos_getServiceFlowCount+0x70) [0xf7c90504]
    /usr/lib/libcm_tr181.so(Lgi_US_QosServiceFlow_Synchronize+0xa3) [0xf41bb7ee]
    /usr/lib/libccsp_common.so.0(DslhObjroPopulateObjRecords+0x8a) [0xf7d46923]
    /usr/lib/libccsp_common.so.0(DslhObjroPopulateObjRecords+0x52b) [0xf7d46dc4]
    /usr/lib/libccsp_common.so.0(DslhObjroPopulateObjRecords+0x52b) [0xf7d46dc4]
    /usr/lib/libccsp_common.so.0(DslhObjroPopulateObjRecords+0x52b) [0xf7d46dc4]
    /usr/lib/libccsp_common.so.0(DslhObjroPopulateObjRecords+0x52b) [0xf7d46dc4]
    /usr/lib/libccsp_common.so.0(DslhWmpdoCreateRecordTree+0xbc) [0xf7d4bfaf]
    /usr/lib/libccsp_common.so.0(DslhCpecoInitDataModel+0x14) [0xf7d59a5c]
    /usr/lib/libccsp_common.so.0(DslhCpecoRegisterDataModelInternal+0x224) [0xf7d5a76c]
    /usr/lib/libccsp_common.so.0(DslhCpecoRegisterDataModel2+0x2c) [0xf7d5abae]
    /usr/bin/CcspCMAgentSsp() [0x805136a]
    /usr/bin/CcspCMAgentSsp() [0x8050568]
    /usr/bin/CcspCMAgentSsp() [0x804bec1]
    /usr/ccsp/../../lib/libc.so.6(__libc_start_main+0xed) [0xf7ab6e2d]
    /usr/bin/CcspCMAgentSsp() [0x804c031]

@@@qos_getServiceFlowCount(count)
    /usr/lib/libcm_mgnt.so.0(qos_getServiceFlowCount+0x70) [0xf7c90504]
    /usr/lib/libcm_tr181.so(Lgi_DS_QosServiceFlow_Synchronize+0xa3) [0xf41bbb69]
    /usr/lib/libccsp_common.so.0(DslhObjroPopulateObjRecords+0x8a) [0xf7d46923]
    /usr/lib/libccsp_common.so.0(DslhObjroPopulateObjRecords+0x52b) [0xf7d46dc4]
    /usr/lib/libccsp_common.so.0(DslhObjroPopulateObjRecords+0x52b) [0xf7d46dc4]
    /usr/lib/libccsp_common.so.0(DslhObjroPopulateObjRecords+0x52b) [0xf7d46dc4]
    /usr/lib/libccsp_common.so.0(DslhObjroPopulateObjRecords+0x52b) [0xf7d46dc4]
    /usr/lib/libccsp_common.so.0(DslhWmpdoCreateRecordTree+0xbc) [0xf7d4bfaf]
    /usr/lib/libccsp_common.so.0(DslhCpecoInitDataModel+0x14) [0xf7d59a5c]
    /usr/lib/libccsp_common.so.0(DslhCpecoRegisterDataModelInternal+0x224) [0xf7d5a76c]
    /usr/lib/libccsp_common.so.0(DslhCpecoRegisterDataModel2+0x2c) [0xf7d5abae]
    /usr/bin/CcspCMAgentSsp() [0x805136a]
    /usr/bin/CcspCMAgentSsp() [0x8050568]
    /usr/bin/CcspCMAgentSsp() [0x804bec1]
    /usr/ccsp/../../lib/libc.so.6(__libc_start_main+0xed) [0xf7ab6e2d]
    /usr/bin/CcspCMAgentSsp() [0x804c031]

@@@docsis_getDsOFDMChannelCount(count)
    /usr/lib/libcm_mgnt.so.0(docsis_getDsOFDMChannelCount+0x76) [0xf7c90bbd]
    /usr/lib/libcm_tr181.so(LgiOfdmChannel_Synchronize+0x57) [0xf41bb133]
    /usr/lib/libccsp_common.so.0(DslhObjroPopulateObjRecords+0x8a) [0xf7d46923]
    /usr/lib/libccsp_common.so.0(DslhObjroPopulateObjRecords+0x52b) [0xf7d46dc4]
    /usr/lib/libccsp_common.so.0(DslhObjroPopulateObjRecords+0x52b) [0xf7d46dc4]
    /usr/lib/libccsp_common.so.0(DslhObjroPopulateObjRecords+0x52b) [0xf7d46dc4]
    /usr/lib/libccsp_common.so.0(DslhWmpdoCreateRecordTree+0xbc) [0xf7d4bfaf]
    /usr/lib/libccsp_common.so.0(DslhCpecoInitDataModel+0x14) [0xf7d59a5c]
    /usr/lib/libccsp_common.so.0(DslhCpecoRegisterDataModelInternal+0x224) [0xf7d5a76c]
    /usr/lib/libccsp_common.so.0(DslhCpecoRegisterDataModel2+0x2c) [0xf7d5abae]
    /usr/bin/CcspCMAgentSsp() [0x805136a]
    /usr/bin/CcspCMAgentSsp() [0x8050568]
    /usr/bin/CcspCMAgentSsp() [0x804bec1]
    /usr/ccsp/../../lib/libc.so.6(__libc_start_main+0xed) [0xf7ab6e2d]
    /usr/bin/CcspCMAgentSsp() [0x804c031]

@@@docsis_getUsOFDMAChannelCount(count)
    /usr/lib/libcm_mgnt.so.0(docsis_getUsOFDMAChannelCount+0x76) [0xf7c90da4]
    /usr/lib/libcm_tr181.so(LgiOfdmaChannel_Synchronize+0x57) [0xf41bb4a9]
    /usr/lib/libccsp_common.so.0(DslhObjroPopulateObjRecords+0x8a) [0xf7d46923]
    /usr/lib/libccsp_common.so.0(DslhObjroPopulateObjRecords+0x52b) [0xf7d46dc4]
    /usr/lib/libccsp_common.so.0(DslhObjroPopulateObjRecords+0x52b) [0xf7d46dc4]
    /usr/lib/libccsp_common.so.0(DslhObjroPopulateObjRecords+0x52b) [0xf7d46dc4]
    /usr/lib/libccsp_common.so.0(DslhWmpdoCreateRecordTree+0xbc) [0xf7d4bfaf]
    /usr/lib/libccsp_common.so.0(DslhCpecoInitDataModel+0x14) [0xf7d59a5c]
    /usr/lib/libccsp_common.so.0(DslhCpecoRegisterDataModelInternal+0x224) [0xf7d5a76c]
    /usr/lib/libccsp_common.so.0(DslhCpecoRegisterDataModel2+0x2c) [0xf7d5abae]
    /usr/bin/CcspCMAgentSsp() [0x805136a]
    /usr/bin/CcspCMAgentSsp() [0x8050568]
    /usr/bin/CcspCMAgentSsp() [0x804bec1]
    /usr/ccsp/../../lib/libc.so.6(__libc_start_main+0xed) [0xf7ab6e2d]
    /usr/bin/CcspCMAgentSsp() [0x804c031]

@@@docsis_GetNumOfActiveRxChannels(cnt)
    /usr/lib/libcm_mgnt.so.0(docsis_GetNumOfActiveRxChannels+0x76) [0xf7c8cd95]
    /usr/lib/libcm_tr181.so(CosaDmlCmGetDownstreamChannel+0x88) [0xf41bd07f]
    /usr/lib/libcm_tr181.so(PollDocsisInformations+0x10b) [0xf41bd41e]
    /usr/ccsp/../../lib/libpthread.so.0(+0x7f91) [0xf7f08f91]
    /usr/ccsp/../../lib/libc.so.6(clone+0x66) [0xf7b96b96]

@@@docsis_getDsOFDMChannelCount(count)
    /usr/lib/libcm_mgnt.so.0(docsis_getDsOFDMChannelCount+0x76) [0xf7c90bbd]
    /usr/lib/libcm_tr181.so(CosaDmlCmGetDownstreamChannel+0xee) [0xf41bd0e5]
    /usr/lib/libcm_tr181.so(PollDocsisInformations+0x10b) [0xf41bd41e]
    /usr/ccsp/../../lib/libpthread.so.0(+0x7f91) [0xf7f08f91]
    /usr/ccsp/../../lib/libc.so.6(clone+0x66) [0xf7b96b96]

@@@docsis_GetDSChannel(ppinfo)
    /usr/lib/libcm_mgnt.so.0(docsis_GetDSChannel+0x79) [0xf7c8ce96]
    /usr/lib/libcm_tr181.so(CosaDmlCmGetDownstreamChannel+0x16a) [0xf41bd161]
    /usr/lib/libcm_tr181.so(PollDocsisInformations+0x10b) [0xf41bd41e]
    /usr/ccsp/../../lib/libpthread.so.0(+0x7f91) [0xf7f08f91]
    /usr/ccsp/../../lib/libc.so.6(clone+0x66) [0xf7b96b96]

@@@docsis_GetNumOfActiveRxChannels(cnt)
    /usr/lib/libcm_mgnt.so.0(docsis_GetNumOfActiveRxChannels+0x76) [0xf7c8cd95]
    /usr/lib/libcm_mgnt.so.0(docsis_GetDSChannel+0xe3) [0xf7c8cf00]
    /usr/lib/libcm_tr181.so(CosaDmlCmGetDownstreamChannel+0x16a) [0xf41bd161]
    /usr/lib/libcm_tr181.so(PollDocsisInformations+0x10b) [0xf41bd41e]
    /usr/ccsp/../../lib/libpthread.so.0(+0x7f91) [0xf7f08f91]
    /usr/ccsp/../../lib/libc.so.6(clone+0x66) [0xf7b96b96]

@@@docsis_InitDS()
    /usr/lib/libcm_mgnt.so.0(docsis_InitDS+0x70) [0xf7c8c432]
    /usr/lib/libcm_mgnt.so.0(docsis_GetDSChannel+0x129) [0xf7c8cf46]
    /usr/lib/libcm_tr181.so(CosaDmlCmGetDownstreamChannel+0x16a) [0xf41bd161]
    /usr/lib/libcm_tr181.so(PollDocsisInformations+0x10b) [0xf41bd41e]
    /usr/ccsp/../../lib/libpthread.so.0(+0x7f91) [0xf7f08f91]
    /usr/ccsp/../../lib/libc.so.6(clone+0x66) [0xf7b96b96]

@@@docsis_GetNumOfActiveTxChannels(cnt)
    /usr/lib/libcm_mgnt.so.0(docsis_GetNumOfActiveTxChannels+0x76) [0xf7c8cb2a]
    /usr/lib/libcm_tr181.so(CosaDmlCmGetUpstreamChannel+0x8f) [0xf41bd20e]
    /usr/lib/libcm_tr181.so(PollDocsisInformations+0x279) [0xf41bd58c]
    /usr/ccsp/../../lib/libpthread.so.0(+0x7f91) [0xf7f08f91]
    /usr/ccsp/../../lib/libc.so.6(clone+0x66) [0xf7b96b96]

@@@docsis_getUsOFDMAChannelCount(count)
    /usr/lib/libcm_mgnt.so.0(docsis_getUsOFDMAChannelCount+0x76) [0xf7c90da4]
    /usr/lib/libcm_tr181.so(CosaDmlCmGetUpstreamChannel+0xf2) [0xf41bd271]
    /usr/lib/libcm_tr181.so(PollDocsisInformations+0x279) [0xf41bd58c]
    /usr/ccsp/../../lib/libpthread.so.0(+0x7f91) [0xf7f08f91]
    /usr/ccsp/../../lib/libc.so.6(clone+0x66) [0xf7b96b96]

@@@docsis_GetUSChannel(ppinfo)
    /usr/lib/libcm_mgnt.so.0(docsis_GetUSChannel+0x76) [0xf7c8cc28]
    /usr/lib/libcm_tr181.so(CosaDmlCmGetUpstreamChannel+0x176) [0xf41bd2f5]
    /usr/lib/libcm_tr181.so(PollDocsisInformations+0x279) [0xf41bd58c]
    /usr/ccsp/../../lib/libpthread.so.0(+0x7f91) [0xf7f08f91]
    /usr/ccsp/../../lib/libc.so.6(clone+0x66) [0xf7b96b96]

@@@docsis_GetNumOfActiveTxChannels(cnt)
    /usr/lib/libcm_mgnt.so.0(docsis_GetNumOfActiveTxChannels+0x76) [0xf7c8cb2a]
    /usr/lib/libcm_mgnt.so.0(docsis_GetUSChannel+0xe6) [0xf7c8cc98]
    /usr/lib/libcm_tr181.so(CosaDmlCmGetUpstreamChannel+0x176) [0xf41bd2f5]
    /usr/lib/libcm_tr181.so(PollDocsisInformations+0x279) [0xf41bd58c]
    /usr/ccsp/../../lib/libpthread.so.0(+0x7f91) [0xf7f08f91]
    /usr/ccsp/../../lib/libc.so.6(clone+0x66) [0xf7b96b96]

@@@docsis_InitUS()
    /usr/lib/libcm_mgnt.so.0(docsis_InitUS+0x70) [0xf7c8c52e]
    /usr/lib/libcm_mgnt.so.0(docsis_GetUSChannel+0x121) [0xf7c8ccd3]
    /usr/lib/libcm_tr181.so(CosaDmlCmGetUpstreamChannel+0x176) [0xf41bd2f5]
    /usr/lib/libcm_tr181.so(PollDocsisInformations+0x279) [0xf41bd58c]
    /usr/ccsp/../../lib/libpthread.so.0(+0x7f91) [0xf7f08f91]
    /usr/ccsp/../../lib/libc.so.6(clone+0x66) [0xf7b96b96]

@@@docsis_GetUsStatus(i, pinfo)
    /usr/lib/libcm_mgnt.so.0(docsis_GetUsStatus+0x76) [0xf7c8c736]
    /usr/lib/libcm_mgnt.so.0(docsis_GetUSChannel+0x13c) [0xf7c8ccee]
    /usr/lib/libcm_tr181.so(CosaDmlCmGetUpstreamChannel+0x176) [0xf41bd2f5]
    /usr/lib/libcm_tr181.so(PollDocsisInformations+0x279) [0xf41bd58c]
    /usr/ccsp/../../lib/libpthread.so.0(+0x7f91) [0xf7f08f91]
    /usr/ccsp/../../lib/libc.so.6(clone+0x66) [0xf7b96b96]

@@@cm_hal_Get_ErouterModeControl(initMode)
    /usr/lib/libcm_mgnt.so.0(cm_hal_Get_ErouterModeControl+0x76) [0xf7c908b2]
    /usr/bin/CcspCMAgentSsp() [0x804d2c2]
    /usr/bin/CcspCMAgentSsp() [0x804e03b]
    /usr/lib/libgwprovappabs.so.0(+0x240e) [0xf7ee640e]
    /usr/ccsp/../../lib/libpthread.so.0(+0x7f91) [0xf7f08f91]
    /usr/ccsp/../../lib/libc.so.6(clone+0x66) [0xf7b96b96]

@@@cm_hal_Get_ErouterModeControl(initMode)
    /usr/lib/libcm_mgnt.so.0(cm_hal_Get_ErouterModeControl+0x76) [0xf7c908b2]
    /usr/bin/CcspCMAgentSsp() [0x8052f99]
    /usr/bin/CcspCMAgentSsp() [0x804e9fb]
    /usr/lib/libgwprovappabs.so.0(+0x2478) [0xf7ee6478]
    /usr/ccsp/../../lib/libpthread.so.0(+0x7f91) [0xf7f08f91]
    /usr/ccsp/../../lib/libc.so.6(clone+0x66) [0xf7b96b96]
