
@@@eSafeDevice_Initialize(macAddr)
    /usr/lib/libgwprovappabs.so.0(eSafeDevice_Initialize+0x76) [0xf7ee76c9]
    /usr/bin/CcspCMAgentSsp() [0x80501a7]
    /usr/bin/CcspCMAgentSsp() [0x80502ba]
    /usr/ccsp/../../lib/libpthread.so.0(+0x7f91) [0xf7f08f91]
    /usr/ccsp/../../lib/libc.so.6(clone+0x66) [0xf7b96b96]

@@@SME_CreateEventHandler(pAppCallBack)
    /usr/lib/libgwprovappabs.so.0(SME_CreateEventHandler+0x76) [0xf7ee873a]
    /usr/bin/CcspCMAgentSsp() [0x8050245]
    /usr/bin/CcspCMAgentSsp() [0x80502ba]
    /usr/ccsp/../../lib/libpthread.so.0(+0x7f91) [0xf7f08f91]
    /usr/ccsp/../../lib/libc.so.6(clone+0x66) [0xf7b96b96]

@@@EventHandler(arg)
    /usr/lib/libgwprovappabs.so.0(+0x2369) [0xf7ee6369]
    /usr/ccsp/../../lib/libpthread.so.0(+0x7f91) [0xf7f08f91]
    /usr/ccsp/../../lib/libc.so.6(clone+0x66) [0xf7b96b96]

@@@registerDocsisInitEvents()
    /usr/lib/libgwprovappabs.so.0(registerDocsisInitEvents+0x70) [0xf7ee834c]
    /usr/bin/CcspCMAgentSsp() [0x804dc73]
    /usr/lib/libgwprovappabs.so.0(SME_CreateEventHandler+0x118) [0xf7ee87dc]
    /usr/bin/CcspCMAgentSsp() [0x8050245]
    /usr/bin/CcspCMAgentSsp() [0x80502ba]
    /usr/ccsp/../../lib/libpthread.so.0(+0x7f91) [0xf7f08f91]
    /usr/ccsp/../../lib/libc.so.6(clone+0x66) [0xf7b96b96]

@@@sendProcessReadySignal()
    /usr/lib/libgwprovappabs.so.0(sendProcessReadySignal+0x70) [0xf7ee8c13]
    /usr/bin/CcspCMAgentSsp() [0x804dda3]
    /usr/lib/libgwprovappabs.so.0(SME_CreateEventHandler+0x118) [0xf7ee87dc]
    /usr/bin/CcspCMAgentSsp() [0x8050245]
    /usr/bin/CcspCMAgentSsp() [0x80502ba]
    /usr/ccsp/../../lib/libpthread.so.0(+0x7f91) [0xf7f08f91]
    /usr/ccsp/../../lib/libc.so.6(clone+0x66) [0xf7b96b96]

@@@getNetworkDeviceMacAddress(macAddr)
    /usr/lib/libgwprovappabs.so.0(getNetworkDeviceMacAddress+0x70) [0xf7ee7de8]
    /usr/bin/CcspCMAgentSsp() [0x804ddae]
    /usr/lib/libgwprovappabs.so.0(SME_CreateEventHandler+0x118) [0xf7ee87dc]
    /usr/bin/CcspCMAgentSsp() [0x8050245]
    /usr/bin/CcspCMAgentSsp() [0x80502ba]
    /usr/ccsp/../../lib/libpthread.so.0(+0x7f91) [0xf7f08f91]
    /usr/ccsp/../../lib/libc.so.6(clone+0x66) [0xf7b96b96]

@@@initializeDocsisInterface()
    /usr/lib/libgwprovappabs.so.0(initializeDocsisInterface+0x70) [0xf7ee8531]
    /usr/bin/CcspCMAgentSsp() [0x804e01a]
    /usr/lib/libgwprovappabs.so.0(+0x240e) [0xf7ee640e]
    /usr/ccsp/../../lib/libpthread.so.0(+0x7f91) [0xf7f08f91]
    /usr/ccsp/../../lib/libc.so.6(clone+0x66) [0xf7b96b96]

@@@getNetworkDeviceMacAddress(macAddr)
    /usr/lib/libgwprovappabs.so.0(getNetworkDeviceMacAddress+0x70) [0xf7ee7de8]
    /usr/bin/CcspCMAgentSsp() [0x804e022]
    /usr/lib/libgwprovappabs.so.0(+0x240e) [0xf7ee640e]
    /usr/ccsp/../../lib/libpthread.so.0(+0x7f91) [0xf7f08f91]
    /usr/ccsp/../../lib/libc.so.6(clone+0x66) [0xf7b96b96]

@@@eSafeDevice_Initialize(macAddr)
    /usr/lib/libgwprovappabs.so.0(eSafeDevice_Initialize+0x76) [0xf7ee76c9]
    /usr/bin/CcspCMAgentSsp() [0x804e02a]
    /usr/lib/libgwprovappabs.so.0(+0x240e) [0xf7ee640e]
    /usr/ccsp/../../lib/libpthread.so.0(+0x7f91) [0xf7f08f91]
    /usr/ccsp/../../lib/libc.so.6(clone+0x66) [0xf7b96b96]

@@@eSafeDevice_SetProvisioningStatusProgress(StatusProgress)
    /usr/lib/libgwprovappabs.so.0(eSafeDevice_SetProvisioningStatusProgress+0x70) [0xf7ee79f4]
    /usr/bin/CcspCMAgentSsp() [0x804e036]
    /usr/lib/libgwprovappabs.so.0(+0x240e) [0xf7ee640e]
    /usr/ccsp/../../lib/libpthread.so.0(+0x7f91) [0xf7f08f91]
    /usr/ccsp/../../lib/libc.so.6(clone+0x66) [0xf7b96b96]

@@@eSafeDevice_Enable(enableMode)
    /usr/lib/libgwprovappabs.so.0(eSafeDevice_Enable+0x70) [0xf7ee75dc]
    /usr/bin/CcspCMAgentSsp() [0x804e077]
    /usr/lib/libgwprovappabs.so.0(+0x240e) [0xf7ee640e]
    /usr/ccsp/../../lib/libpthread.so.0(+0x7f91) [0xf7f08f91]
    /usr/ccsp/../../lib/libc.so.6(clone+0x66) [0xf7b96b96]

@@@eSafeDevice_SetErouterOperStatus(operStatus)
    /usr/lib/libgwprovappabs.so.0(eSafeDevice_SetErouterOperStatus+0x70) [0xf7ee7d01]
    /usr/bin/CcspCMAgentSsp() [0x804e0c3]
    /usr/lib/libgwprovappabs.so.0(+0x240e) [0xf7ee640e]
    /usr/ccsp/../../lib/libpthread.so.0(+0x7f91) [0xf7f08f91]
    /usr/ccsp/../../lib/libc.so.6(clone+0x66) [0xf7b96b96]

@@@eSafeDevice_SetErouterOperationMode(operMode)
    /usr/lib/libgwprovappabs.so.0(eSafeDevice_SetErouterOperationMode+0x70) [0xf7ee7901]
    /usr/bin/CcspCMAgentSsp() [0x804e0db]
    /usr/lib/libgwprovappabs.so.0(+0x240e) [0xf7ee640e]
    /usr/ccsp/../../lib/libpthread.so.0(+0x7f91) [0xf7f08f91]
    /usr/ccsp/../../lib/libc.so.6(clone+0x66) [0xf7b96b96]

@@@eSafeDevice_SetServiceIntImpact()
    /usr/lib/libgwprovappabs.so.0(eSafeDevice_SetServiceIntImpact+0x70) [0xf7ee7c0a]
    /usr/bin/CcspCMAgentSsp() [0x804e0e0]
    /usr/lib/libgwprovappabs.so.0(+0x240e) [0xf7ee640e]
    /usr/ccsp/../../lib/libpthread.so.0(+0x7f91) [0xf7f08f91]
    /usr/ccsp/../../lib/libc.so.6(clone+0x66) [0xf7b96b96]

@@@connectLocalBridge(a)
    /usr/lib/libgwprovappabs.so.0(connectLocalBridge+0x6a) [0xf7ee817e]
    /usr/bin/CcspCMAgentSsp() [0x804e127]
    /usr/lib/libgwprovappabs.so.0(+0x240e) [0xf7ee640e]
    /usr/ccsp/../../lib/libpthread.so.0(+0x7f91) [0xf7f08f91]
    /usr/ccsp/../../lib/libc.so.6(clone+0x66) [0xf7b96b96]

@@@connectLocalBridge(a)
    /usr/lib/libgwprovappabs.so.0(connectLocalBridge+0x6a) [0xf7ee817e]
    /usr/bin/CcspCMAgentSsp() [0x804e149]
    /usr/lib/libgwprovappabs.so.0(+0x240e) [0xf7ee640e]
    /usr/ccsp/../../lib/libpthread.so.0(+0x7f91) [0xf7f08f91]
    /usr/ccsp/../../lib/libc.so.6(clone+0x66) [0xf7b96b96]

@@@notifyDocsisInitializedResponse()
    /usr/lib/libgwprovappabs.so.0(notifyDocsisInitializedResponse+0x70) [0xf7ee8265]
    /usr/bin/CcspCMAgentSsp() [0x804e15a]
    /usr/lib/libgwprovappabs.so.0(+0x240e) [0xf7ee640e]
    /usr/ccsp/../../lib/libpthread.so.0(+0x7f91) [0xf7f08f91]
    /usr/ccsp/../../lib/libc.so.6(clone+0x66) [0xf7b96b96]

@@@getInterfaceLinkLocalAddress(ifname, linkLocalAddr)
    /usr/lib/libgwprovappabs.so.0(getInterfaceLinkLocalAddress+0x70) [0xf7ee809d]
    /usr/bin/CcspCMAgentSsp() [0x804e16d]
    /usr/lib/libgwprovappabs.so.0(+0x240e) [0xf7ee640e]
    /usr/ccsp/../../lib/libpthread.so.0(+0x7f91) [0xf7f08f91]
    /usr/ccsp/../../lib/libc.so.6(clone+0x66) [0xf7b96b96]

@@@getMultiCastGroupAddress(inetAddr, inetMcgrpAddr)
    /usr/lib/libgwprovappabs.so.0(getMultiCastGroupAddress+0x70) [0xf7ee7ecf]
    /usr/bin/CcspCMAgentSsp() [0x804e176]
    /usr/lib/libgwprovappabs.so.0(+0x240e) [0xf7ee640e]
    /usr/ccsp/../../lib/libpthread.so.0(+0x7f91) [0xf7f08f91]
    /usr/ccsp/../../lib/libc.so.6(clone+0x66) [0xf7b96b96]

@@@getInterfaceLinkLocalAddress(ifname, linkLocalAddr)
    /usr/lib/libgwprovappabs.so.0(getInterfaceLinkLocalAddress+0x70) [0xf7ee809d]
    /usr/bin/CcspCMAgentSsp() [0x804e243]
    /usr/lib/libgwprovappabs.so.0(+0x240e) [0xf7ee640e]
    /usr/ccsp/../../lib/libpthread.so.0(+0x7f91) [0xf7f08f91]
    /usr/ccsp/../../lib/libc.so.6(clone+0x66) [0xf7b96b96]

@@@getMultiCastGroupAddress(inetAddr, inetMcgrpAddr)
    /usr/lib/libgwprovappabs.so.0(getMultiCastGroupAddress+0x70) [0xf7ee7ecf]
    /usr/bin/CcspCMAgentSsp() [0x804e252]
    /usr/lib/libgwprovappabs.so.0(+0x240e) [0xf7ee640e]
    /usr/ccsp/../../lib/libpthread.so.0(+0x7f91) [0xf7f08f91]
    /usr/ccsp/../../lib/libc.so.6(clone+0x66) [0xf7b96b96]

@@@eSafeDevice_GetErouterOperationMode(operMode)
    /usr/lib/libgwprovappabs.so.0(eSafeDevice_GetErouterOperationMode+0x7e) [0xf7ee7af5]
    /usr/bin/CcspCMAgentSsp() [0x804e9be]
    /usr/lib/libgwprovappabs.so.0(+0x2478) [0xf7ee6478]
    /usr/ccsp/../../lib/libpthread.so.0(+0x7f91) [0xf7f08f91]
    /usr/ccsp/../../lib/libc.so.6(clone+0x66) [0xf7b96b96]

@@@eSafeDevice_SetErouterOperStatus(operStatus)
    /usr/lib/libgwprovappabs.so.0(eSafeDevice_SetErouterOperStatus+0x70) [0xf7ee7d01]
    /usr/bin/CcspCMAgentSsp() [0x804e3ef]
    /usr/bin/CcspCMAgentSsp() [0x8052fb9]
    /usr/bin/CcspCMAgentSsp() [0x804e9fb]
    /usr/lib/libgwprovappabs.so.0(+0x2478) [0xf7ee6478]
    /usr/ccsp/../../lib/libpthread.so.0(+0x7f91) [0xf7f08f91]
    /usr/ccsp/../../lib/libc.so.6(clone+0x66) [0xf7b96b96]

@@@eSafeDevice_Enable(enableMode)
    /usr/lib/libgwprovappabs.so.0(eSafeDevice_Enable+0x70) [0xf7ee75dc]
    /usr/bin/CcspCMAgentSsp() [0x804e3fb]
    /usr/bin/CcspCMAgentSsp() [0x8052fb9]
    /usr/bin/CcspCMAgentSsp() [0x804e9fb]
    /usr/lib/libgwprovappabs.so.0(+0x2478) [0xf7ee6478]
    /usr/ccsp/../../lib/libpthread.so.0(+0x7f91) [0xf7f08f91]
    /usr/ccsp/../../lib/libc.so.6(clone+0x66) [0xf7b96b96]

@@@eSafeDevice_SetErouterOperationMode(operMode)
    /usr/lib/libgwprovappabs.so.0(eSafeDevice_SetErouterOperationMode+0x70) [0xf7ee7901]
    /usr/bin/CcspCMAgentSsp() [0x804e407]
    /usr/bin/CcspCMAgentSsp() [0x8052fb9]
    /usr/bin/CcspCMAgentSsp() [0x804e9fb]
    /usr/lib/libgwprovappabs.so.0(+0x2478) [0xf7ee6478]
    /usr/ccsp/../../lib/libpthread.so.0(+0x7f91) [0xf7f08f91]
    /usr/ccsp/../../lib/libc.so.6(clone+0x66) [0xf7b96b96]

@@@eSafeDevice_SetProvisioningStatusProgress(StatusProgress)
    /usr/lib/libgwprovappabs.so.0(eSafeDevice_SetProvisioningStatusProgress+0x70) [0xf7ee79f4]
    /usr/bin/CcspCMAgentSsp() [0x804e413]
    /usr/bin/CcspCMAgentSsp() [0x8052fb9]
    /usr/bin/CcspCMAgentSsp() [0x804e9fb]
    /usr/lib/libgwprovappabs.so.0(+0x2478) [0xf7ee6478]
    /usr/ccsp/../../lib/libpthread.so.0(+0x7f91) [0xf7f08f91]
    /usr/ccsp/../../lib/libc.so.6(clone+0x66) [0xf7b96b96]

@@@connectLocalBridge(a)
    /usr/lib/libgwprovappabs.so.0(connectLocalBridge+0x6a) [0xf7ee817e]
    /usr/bin/CcspCMAgentSsp() [0x804e41f]
    /usr/bin/CcspCMAgentSsp() [0x8052fb9]
    /usr/bin/CcspCMAgentSsp() [0x804e9fb]
    /usr/lib/libgwprovappabs.so.0(+0x2478) [0xf7ee6478]
    /usr/ccsp/../../lib/libpthread.so.0(+0x7f91) [0xf7f08f91]
    /usr/ccsp/../../lib/libc.so.6(clone+0x66) [0xf7b96b96]

@@@sendPseudoBridgeModeMessage(enable)
    /usr/lib/libgwprovappabs.so.0(sendPseudoBridgeModeMessage+0x70) [0xf7ee74f3]
    /usr/bin/CcspCMAgentSsp() [0x804c4f6]
    /usr/bin/CcspCMAgentSsp() [0x804e424]
    /usr/bin/CcspCMAgentSsp() [0x8052fb9]
    /usr/bin/CcspCMAgentSsp() [0x804e9fb]
    /usr/lib/libgwprovappabs.so.0(+0x2478) [0xf7ee6478]
    /usr/ccsp/../../lib/libpthread.so.0(+0x7f91) [0xf7f08f91]
    /usr/ccsp/../../lib/libc.so.6(clone+0x66) [0xf7b96b96]

@@@sendPseudoBridgeModeMessage(enable)
    /usr/lib/libgwprovappabs.so.0(sendPseudoBridgeModeMessage+0x70) [0xf7ee74f3]
    /usr/bin/CcspCMAgentSsp() [0x804e626]
    /usr/bin/CcspCMAgentSsp() [0x8052fb9]
    /usr/bin/CcspCMAgentSsp() [0x804e9fb]
    /usr/lib/libgwprovappabs.so.0(+0x2478) [0xf7ee6478]
    /usr/ccsp/../../lib/libpthread.so.0(+0x7f91) [0xf7f08f91]
    /usr/ccsp/../../lib/libc.so.6(clone+0x66) [0xf7b96b96]

@@@eSafeDevice_SetErouterOperationMode(operMode)
    /usr/lib/libgwprovappabs.so.0(eSafeDevice_SetErouterOperationMode+0x70) [0xf7ee7901]
    /usr/bin/CcspCMAgentSsp() [0x8052fc7]
    /usr/bin/CcspCMAgentSsp() [0x804e9fb]
    /usr/lib/libgwprovappabs.so.0(+0x2478) [0xf7ee6478]
    /usr/ccsp/../../lib/libpthread.so.0(+0x7f91) [0xf7f08f91]
    /usr/ccsp/../../lib/libc.so.6(clone+0x66) [0xf7b96b96]

@@@notificationReply_CfgFileForEsafe()
    /usr/lib/libgwprovappabs.so.0(notificationReply_CfgFileForEsafe+0x70) [0xf7ee8877]
    /usr/bin/CcspCMAgentSsp() [0x804ea56]
    /usr/lib/libgwprovappabs.so.0(+0x2478) [0xf7ee6478]
    /usr/ccsp/../../lib/libpthread.so.0(+0x7f91) [0xf7f08f91]
    /usr/ccsp/../../lib/libc.so.6(clone+0x66) [0xf7b96b96]

@@@eSafeDevice_SetErouterOperStatus(operStatus)
    /usr/lib/libgwprovappabs.so.0(eSafeDevice_SetErouterOperStatus+0x70) [0xf7ee7d01]
    /usr/bin/CcspCMAgentSsp() [0x804e3ef]
    /usr/bin/CcspCMAgentSsp() [0x804ea5b]
    /usr/lib/libgwprovappabs.so.0(+0x2478) [0xf7ee6478]
    /usr/ccsp/../../lib/libpthread.so.0(+0x7f91) [0xf7f08f91]
    /usr/ccsp/../../lib/libc.so.6(clone+0x66) [0xf7b96b96]

@@@eSafeDevice_Enable(enableMode)
    /usr/lib/libgwprovappabs.so.0(eSafeDevice_Enable+0x70) [0xf7ee75dc]
    /usr/bin/CcspCMAgentSsp() [0x804e3fb]
    /usr/bin/CcspCMAgentSsp() [0x804ea5b]
    /usr/lib/libgwprovappabs.so.0(+0x2478) [0xf7ee6478]
    /usr/ccsp/../../lib/libpthread.so.0(+0x7f91) [0xf7f08f91]
    /usr/ccsp/../../lib/libc.so.6(clone+0x66) [0xf7b96b96]

@@@eSafeDevice_SetErouterOperationMode(operMode)
    /usr/lib/libgwprovappabs.so.0(eSafeDevice_SetErouterOperationMode+0x70) [0xf7ee7901]
    /usr/bin/CcspCMAgentSsp() [0x804e407]
    /usr/bin/CcspCMAgentSsp() [0x804ea5b]
    /usr/lib/libgwprovappabs.so.0(+0x2478) [0xf7ee6478]
    /usr/ccsp/../../lib/libpthread.so.0(+0x7f91) [0xf7f08f91]
    /usr/ccsp/../../lib/libc.so.6(clone+0x66) [0xf7b96b96]

@@@eSafeDevice_SetProvisioningStatusProgress(StatusProgress)
    /usr/lib/libgwprovappabs.so.0(eSafeDevice_SetProvisioningStatusProgress+0x70) [0xf7ee79f4]
    /usr/bin/CcspCMAgentSsp() [0x804e413]
    /usr/bin/CcspCMAgentSsp() [0x804ea5b]
    /usr/lib/libgwprovappabs.so.0(+0x2478) [0xf7ee6478]
    /usr/ccsp/../../lib/libpthread.so.0(+0x7f91) [0xf7f08f91]
    /usr/ccsp/../../lib/libc.so.6(clone+0x66) [0xf7b96b96]

@@@connectLocalBridge(a)
    /usr/lib/libgwprovappabs.so.0(connectLocalBridge+0x6a) [0xf7ee817e]
    /usr/bin/CcspCMAgentSsp() [0x804e41f]
    /usr/bin/CcspCMAgentSsp() [0x804ea5b]
    /usr/lib/libgwprovappabs.so.0(+0x2478) [0xf7ee6478]
    /usr/ccsp/../../lib/libpthread.so.0(+0x7f91) [0xf7f08f91]
    /usr/ccsp/../../lib/libc.so.6(clone+0x66) [0xf7b96b96]

@@@sendPseudoBridgeModeMessage(enable)
    /usr/lib/libgwprovappabs.so.0(sendPseudoBridgeModeMessage+0x70) [0xf7ee74f3]
    /usr/bin/CcspCMAgentSsp() [0x804c4f6]
    /usr/bin/CcspCMAgentSsp() [0x804e424]
    /usr/bin/CcspCMAgentSsp() [0x804ea5b]
    /usr/lib/libgwprovappabs.so.0(+0x2478) [0xf7ee6478]
    /usr/ccsp/../../lib/libpthread.so.0(+0x7f91) [0xf7f08f91]
    /usr/ccsp/../../lib/libc.so.6(clone+0x66) [0xf7b96b96]

@@@sendPseudoBridgeModeMessage(enable)
    /usr/lib/libgwprovappabs.so.0(sendPseudoBridgeModeMessage+0x70) [0xf7ee74f3]
    /usr/bin/CcspCMAgentSsp() [0x804e626]
    /usr/bin/CcspCMAgentSsp() [0x804ea5b]
    /usr/lib/libgwprovappabs.so.0(+0x2478) [0xf7ee6478]
    /usr/ccsp/../../lib/libpthread.so.0(+0x7f91) [0xf7f08f91]
    /usr/ccsp/../../lib/libc.so.6(clone+0x66) [0xf7b96b96]
