
@@@cm_hal_InitDB()
    /usr/lib/libcm_mgnt.so.0(cm_hal_InitDB+0x70) [0xf7c74349]
    /usr/lib/libcm_tr181.so(CosaDmlCMInit+0x48) [0xf5d1ad33]
    /usr/lib/libcm_tr181.so(CosaCableModemInitialize+0x1c) [0xf5d16668]
    /usr/lib/libcm_tr181.so(CosaCableModemCreate+0x51) [0xf5d166c0]
    /usr/lib/libcm_tr181.so(CosaBackEndManagerInitialize+0x88) [0xf5d144c3]
    /usr/lib/libcm_tr181.so(COSA_Init+0x353) [0xf5d142fc]
    /usr/lib/libccsp_common.so.0(DslhDmagntLoadDataModelXMLInternal+0x127) [0xf7d401f2]
    /usr/lib/libccsp_common.so.0(DslhDmagntLoadDataModelXML2+0x32) [0xf7d40446]
    /usr/lib/libccsp_common.so.0(DslhCpecoLoadExternalDMLibFile2+0x28) [0xf7d420ac]
    /usr/lib/libccsp_common.so.0(DslhCpecoRegisterDataModelInternal+0x1ee) [0xf7d42736]
    /usr/lib/libccsp_common.so.0(DslhCpecoRegisterDataModel2+0x2c) [0xf7d42bae]
    /usr/bin/CcspCMAgentSsp() [0x805136a]
    /usr/bin/CcspCMAgentSsp() [0x8050568]
    /usr/bin/CcspCMAgentSsp() [0x804bec1]
    /usr/ccsp/../../lib/libc.so.6(__libc_start_main+0xed) [0xf7a9ee2d]
    /usr/bin/CcspCMAgentSsp() [0x804c031]

@@@docsis_GetDsOfdmChanTable(ppinfo, output_NumberOfEntries)
    /usr/lib/libcm_mgnt.so.0(docsis_GetDsOfdmChanTable+0x76) [0xf7c77493]
    /usr/lib/libcm_tr181.so(CosaDmlRDKCentralCmGetDownstreamChannel+0x9f) [0xf5d1cc20]
    /usr/lib/libcm_tr181.so(CosaDmlRDKCentralCMInit+0x23) [0xf5d1d047]
    /usr/lib/libcm_tr181.so(CosaRDKCentralComCableModemInitialize+0x1c) [0xf5d1760e]
    /usr/lib/libcm_tr181.so(CosaRDKCentralComCableModemCreate+0x4e) [0xf5d17663]
    /usr/lib/libcm_tr181.so(CosaBackEndManagerInitialize+0xcc) [0xf5d14507]
    /usr/lib/libcm_tr181.so(COSA_Init+0x353) [0xf5d142fc]
    /usr/lib/libccsp_common.so.0(DslhDmagntLoadDataModelXMLInternal+0x127) [0xf7d401f2]
    /usr/lib/libccsp_common.so.0(DslhDmagntLoadDataModelXML2+0x32) [0xf7d40446]
    /usr/lib/libccsp_common.so.0(DslhCpecoLoadExternalDMLibFile2+0x28) [0xf7d420ac]
    /usr/lib/libccsp_common.so.0(DslhCpecoRegisterDataModelInternal+0x1ee) [0xf7d42736]
    /usr/lib/libccsp_common.so.0(DslhCpecoRegisterDataModel2+0x2c) [0xf7d42bae]
    /usr/bin/CcspCMAgentSsp() [0x805136a]
    /usr/bin/CcspCMAgentSsp() [0x8050568]
    /usr/bin/CcspCMAgentSsp() [0x804bec1]
    /usr/ccsp/../../lib/libc.so.6(__libc_start_main+0xed) [0xf7a9ee2d]
    /usr/bin/CcspCMAgentSsp() [0x804c031]

@@@docsis_GetUsOfdmaChanTable(ppinfo, output_NumberOfEntries)
    /usr/lib/libcm_mgnt.so.0(docsis_GetUsOfdmaChanTable+0x76) [0xf7c77591]
    /usr/lib/libcm_tr181.so(CosaDmlRDKCentralCmGetUpstreamChannel+0x9f) [0xf5d1ce0a]
    /usr/lib/libcm_tr181.so(CosaDmlRDKCentralCMInit+0x35) [0xf5d1d059]
    /usr/lib/libcm_tr181.so(CosaRDKCentralComCableModemInitialize+0x1c) [0xf5d1760e]
    /usr/lib/libcm_tr181.so(CosaRDKCentralComCableModemCreate+0x4e) [0xf5d17663]
    /usr/lib/libcm_tr181.so(CosaBackEndManagerInitialize+0xcc) [0xf5d14507]
    /usr/lib/libcm_tr181.so(COSA_Init+0x353) [0xf5d142fc]
    /usr/lib/libccsp_common.so.0(DslhDmagntLoadDataModelXMLInternal+0x127) [0xf7d401f2]
    /usr/lib/libccsp_common.so.0(DslhDmagntLoadDataModelXML2+0x32) [0xf7d40446]
    /usr/lib/libccsp_common.so.0(DslhCpecoLoadExternalDMLibFile2+0x28) [0xf7d420ac]
    /usr/lib/libccsp_common.so.0(DslhCpecoRegisterDataModelInternal+0x1ee) [0xf7d42736]
    /usr/lib/libccsp_common.so.0(DslhCpecoRegisterDataModel2+0x2c) [0xf7d42bae]
    /usr/bin/CcspCMAgentSsp() [0x805136a]
    /usr/bin/CcspCMAgentSsp() [0x8050568]
    /usr/bin/CcspCMAgentSsp() [0x804bec1]
    /usr/ccsp/../../lib/libc.so.6(__libc_start_main+0xed) [0xf7a9ee2d]
    /usr/bin/CcspCMAgentSsp() [0x804c031]

@@@docsis_GetStatusOfdmaUsTable(ppinfo, output_NumberOfEntries)
    /usr/lib/libcm_mgnt.so.0(docsis_GetStatusOfdmaUsTable+0x76) [0xf7c7768f]
    /usr/lib/libcm_tr181.so(CosaDmlRDKCentralCmGetCMStatusofUpstreamChannel+0x9f) [0xf5d1cf7b]
    /usr/lib/libcm_tr181.so(CosaDmlRDKCentralCMInit+0x47) [0xf5d1d06b]
    /usr/lib/libcm_tr181.so(CosaRDKCentralComCableModemInitialize+0x1c) [0xf5d1760e]
    /usr/lib/libcm_tr181.so(CosaRDKCentralComCableModemCreate+0x4e) [0xf5d17663]
    /usr/lib/libcm_tr181.so(CosaBackEndManagerInitialize+0xcc) [0xf5d14507]
    /usr/lib/libcm_tr181.so(COSA_Init+0x353) [0xf5d142fc]
    /usr/lib/libccsp_common.so.0(DslhDmagntLoadDataModelXMLInternal+0x127) [0xf7d401f2]
    /usr/lib/libccsp_common.so.0(DslhDmagntLoadDataModelXML2+0x32) [0xf7d40446]
    /usr/lib/libccsp_common.so.0(DslhCpecoLoadExternalDMLibFile2+0x28) [0xf7d420ac]
    /usr/lib/libccsp_common.so.0(DslhCpecoRegisterDataModelInternal+0x1ee) [0xf7d42736]
    /usr/lib/libccsp_common.so.0(DslhCpecoRegisterDataModel2+0x2c) [0xf7d42bae]
    /usr/bin/CcspCMAgentSsp() [0x805136a]
    /usr/bin/CcspCMAgentSsp() [0x8050568]
    /usr/bin/CcspCMAgentSsp() [0x804bec1]
    /usr/ccsp/../../lib/libc.so.6(__libc_start_main+0xed) [0xf7a9ee2d]
    /usr/bin/CcspCMAgentSsp() [0x804c031]

@@@docsis_GetNumOfActiveRxChannels(cnt)
    /usr/lib/libcm_mgnt.so.0(docsis_GetNumOfActiveRxChannels+0x76) [0xf7c74d95]
    /usr/lib/libcm_tr181.so(CosaDmlCmGetCMErrorCodewords+0x71) [0xf5d1b774]
    /usr/lib/libcm_tr181.so(CMErrorCodewords_Synchronize+0x4c) [0xf5d15bcf]
    /usr/lib/libccsp_common.so.0(DslhObjroPopulateObjRecords+0x8a) [0xf7d2e923]
    /usr/lib/libccsp_common.so.0(DslhObjroPopulateObjRecords+0x52b) [0xf7d2edc4]
    /usr/lib/libccsp_common.so.0(DslhObjroPopulateObjRecords+0x52b) [0xf7d2edc4]
    /usr/lib/libccsp_common.so.0(DslhObjroPopulateObjRecords+0x52b) [0xf7d2edc4]
    /usr/lib/libccsp_common.so.0(DslhWmpdoCreateRecordTree+0xbc) [0xf7d33faf]
    /usr/lib/libccsp_common.so.0(DslhCpecoInitDataModel+0x14) [0xf7d41a5c]
    /usr/lib/libccsp_common.so.0(DslhCpecoRegisterDataModelInternal+0x224) [0xf7d4276c]
    /usr/lib/libccsp_common.so.0(DslhCpecoRegisterDataModel2+0x2c) [0xf7d42bae]
    /usr/bin/CcspCMAgentSsp() [0x805136a]
    /usr/bin/CcspCMAgentSsp() [0x8050568]
    /usr/bin/CcspCMAgentSsp() [0x804bec1]
    /usr/ccsp/../../lib/libc.so.6(__libc_start_main+0xed) [0xf7a9ee2d]
    /usr/bin/CcspCMAgentSsp() [0x804c031]

@@@docsis_GetErrorCodewords(ppinfo)
    /usr/lib/libcm_mgnt.so.0(docsis_GetErrorCodewords+0x76) [0xf7c75256]
    /usr/lib/libcm_tr181.so(CosaDmlCmGetCMErrorCodewords+0xf9) [0xf5d1b7fc]
    /usr/lib/libcm_tr181.so(CMErrorCodewords_Synchronize+0x4c) [0xf5d15bcf]
    /usr/lib/libccsp_common.so.0(DslhObjroPopulateObjRecords+0x8a) [0xf7d2e923]
    /usr/lib/libccsp_common.so.0(DslhObjroPopulateObjRecords+0x52b) [0xf7d2edc4]
    /usr/lib/libccsp_common.so.0(DslhObjroPopulateObjRecords+0x52b) [0xf7d2edc4]
    /usr/lib/libccsp_common.so.0(DslhObjroPopulateObjRecords+0x52b) [0xf7d2edc4]
    /usr/lib/libccsp_common.so.0(DslhWmpdoCreateRecordTree+0xbc) [0xf7d33faf]
    /usr/lib/libccsp_common.so.0(DslhCpecoInitDataModel+0x14) [0xf7d41a5c]
    /usr/lib/libccsp_common.so.0(DslhCpecoRegisterDataModelInternal+0x224) [0xf7d4276c]
    /usr/lib/libccsp_common.so.0(DslhCpecoRegisterDataModel2+0x2c) [0xf7d42bae]
    /usr/bin/CcspCMAgentSsp() [0x805136a]
    /usr/bin/CcspCMAgentSsp() [0x8050568]
    /usr/bin/CcspCMAgentSsp() [0x804bec1]
    /usr/ccsp/../../lib/libc.so.6(__libc_start_main+0xed) [0xf7a9ee2d]
    /usr/bin/CcspCMAgentSsp() [0x804c031]

@@@docsis_GetNumOfActiveRxChannels(cnt)
    /usr/lib/libcm_mgnt.so.0(docsis_GetNumOfActiveRxChannels+0x76) [0xf7c74d95]
    /usr/lib/libcm_mgnt.so.0(docsis_GetErrorCodewords+0xe6) [0xf7c752c6]
    /usr/lib/libcm_tr181.so(CosaDmlCmGetCMErrorCodewords+0xf9) [0xf5d1b7fc]
    /usr/lib/libcm_tr181.so(CMErrorCodewords_Synchronize+0x4c) [0xf5d15bcf]
    /usr/lib/libccsp_common.so.0(DslhObjroPopulateObjRecords+0x8a) [0xf7d2e923]
    /usr/lib/libccsp_common.so.0(DslhObjroPopulateObjRecords+0x52b) [0xf7d2edc4]
    /usr/lib/libccsp_common.so.0(DslhObjroPopulateObjRecords+0x52b) [0xf7d2edc4]
    /usr/lib/libccsp_common.so.0(DslhObjroPopulateObjRecords+0x52b) [0xf7d2edc4]
    /usr/lib/libccsp_common.so.0(DslhWmpdoCreateRecordTree+0xbc) [0xf7d33faf]
    /usr/lib/libccsp_common.so.0(DslhCpecoInitDataModel+0x14) [0xf7d41a5c]
    /usr/lib/libccsp_common.so.0(DslhCpecoRegisterDataModelInternal+0x224) [0xf7d4276c]
    /usr/lib/libccsp_common.so.0(DslhCpecoRegisterDataModel2+0x2c) [0xf7d42bae]
    /usr/bin/CcspCMAgentSsp() [0x805136a]
    /usr/bin/CcspCMAgentSsp() [0x8050568]
    /usr/bin/CcspCMAgentSsp() [0x804bec1]
    /usr/ccsp/../../lib/libc.so.6(__libc_start_main+0xed) [0xf7a9ee2d]
    /usr/bin/CcspCMAgentSsp() [0x804c031]

@@@docsis_GetDocsisEventLogItems(entryArray, len)
    /usr/lib/libcm_mgnt.so.0(docsis_GetDocsisEventLogItems+0x76) [0xf7c75bea]
    /usr/lib/libcm_tr181.so(CosaDmlCmGetDocsisLog+0xab) [0xf5d1aec4]
    /usr/lib/libcm_tr181.so(DocsisLog_Synchronize+0x4c) [0xf5d15d7d]
    /usr/lib/libccsp_common.so.0(DslhObjroPopulateObjRecords+0x8a) [0xf7d2e923]
    /usr/lib/libccsp_common.so.0(DslhObjroPopulateObjRecords+0x52b) [0xf7d2edc4]
    /usr/lib/libccsp_common.so.0(DslhObjroPopulateObjRecords+0x52b) [0xf7d2edc4]
    /usr/lib/libccsp_common.so.0(DslhObjroPopulateObjRecords+0x52b) [0xf7d2edc4]
    /usr/lib/libccsp_common.so.0(DslhWmpdoCreateRecordTree+0xbc) [0xf7d33faf]
    /usr/lib/libccsp_common.so.0(DslhCpecoInitDataModel+0x14) [0xf7d41a5c]
    /usr/lib/libccsp_common.so.0(DslhCpecoRegisterDataModelInternal+0x224) [0xf7d4276c]
    /usr/lib/libccsp_common.so.0(DslhCpecoRegisterDataModel2+0x2c) [0xf7d42bae]
    /usr/bin/CcspCMAgentSsp() [0x805136a]
    /usr/bin/CcspCMAgentSsp() [0x8050568]
    /usr/bin/CcspCMAgentSsp() [0x804bec1]
    /usr/ccsp/../../lib/libc.so.6(__libc_start_main+0xed) [0xf7a9ee2d]
    /usr/bin/CcspCMAgentSsp() [0x804c031]

@@@docsis_GetNumOfActiveRxChannels(cnt)
    /usr/lib/libcm_mgnt.so.0(docsis_GetNumOfActiveRxChannels+0x76) [0xf7c74d95]
    /usr/lib/libcm_tr181.so(CosaDmlCmGetDownstreamChannel+0x88) [0xf5d1b07f]
    /usr/lib/libcm_tr181.so(DownstreamChannel_Synchronize+0x51) [0xf5d15f9a]
    /usr/lib/libccsp_common.so.0(DslhObjroPopulateObjRecords+0x8a) [0xf7d2e923]
    /usr/lib/libccsp_common.so.0(DslhObjroPopulateObjRecords+0x52b) [0xf7d2edc4]
    /usr/lib/libccsp_common.so.0(DslhObjroPopulateObjRecords+0x52b) [0xf7d2edc4]
    /usr/lib/libccsp_common.so.0(DslhObjroPopulateObjRecords+0x52b) [0xf7d2edc4]
    /usr/lib/libccsp_common.so.0(DslhWmpdoCreateRecordTree+0xbc) [0xf7d33faf]
    /usr/lib/libccsp_common.so.0(DslhCpecoInitDataModel+0x14) [0xf7d41a5c]
    /usr/lib/libccsp_common.so.0(DslhCpecoRegisterDataModelInternal+0x224) [0xf7d4276c]
    /usr/lib/libccsp_common.so.0(DslhCpecoRegisterDataModel2+0x2c) [0xf7d42bae]
    /usr/bin/CcspCMAgentSsp() [0x805136a]
    /usr/bin/CcspCMAgentSsp() [0x8050568]
    /usr/bin/CcspCMAgentSsp() [0x804bec1]
    /usr/ccsp/../../lib/libc.so.6(__libc_start_main+0xed) [0xf7a9ee2d]
    /usr/bin/CcspCMAgentSsp() [0x804c031]

@@@docsis_getDsOFDMChannelCount(count)
    /usr/lib/libcm_mgnt.so.0(docsis_getDsOFDMChannelCount+0x76) [0xf7c78bbd]
    /usr/lib/libcm_tr181.so(CosaDmlCmGetDownstreamChannel+0xee) [0xf5d1b0e5]
    /usr/lib/libcm_tr181.so(DownstreamChannel_Synchronize+0x51) [0xf5d15f9a]
    /usr/lib/libccsp_common.so.0(DslhObjroPopulateObjRecords+0x8a) [0xf7d2e923]
    /usr/lib/libccsp_common.so.0(DslhObjroPopulateObjRecords+0x52b) [0xf7d2edc4]
    /usr/lib/libccsp_common.so.0(DslhObjroPopulateObjRecords+0x52b) [0xf7d2edc4]
    /usr/lib/libccsp_common.so.0(DslhObjroPopulateObjRecords+0x52b) [0xf7d2edc4]
    /usr/lib/libccsp_common.so.0(DslhWmpdoCreateRecordTree+0xbc) [0xf7d33faf]
    /usr/lib/libccsp_common.so.0(DslhCpecoInitDataModel+0x14) [0xf7d41a5c]
    /usr/lib/libccsp_common.so.0(DslhCpecoRegisterDataModelInternal+0x224) [0xf7d4276c]
    /usr/lib/libccsp_common.so.0(DslhCpecoRegisterDataModel2+0x2c) [0xf7d42bae]
    /usr/bin/CcspCMAgentSsp() [0x805136a]
    /usr/bin/CcspCMAgentSsp() [0x8050568]
    /usr/bin/CcspCMAgentSsp() [0x804bec1]
    /usr/ccsp/../../lib/libc.so.6(__libc_start_main+0xed) [0xf7a9ee2d]
    /usr/bin/CcspCMAgentSsp() [0x804c031]

@@@docsis_GetDSChannel(ppinfo)
    /usr/lib/libcm_mgnt.so.0(docsis_GetDSChannel+0x79) [0xf7c74e96]
    /usr/lib/libcm_tr181.so(CosaDmlCmGetDownstreamChannel+0x16a) [0xf5d1b161]
    /usr/lib/libcm_tr181.so(DownstreamChannel_Synchronize+0x51) [0xf5d15f9a]
    /usr/lib/libccsp_common.so.0(DslhObjroPopulateObjRecords+0x8a) [0xf7d2e923]
    /usr/lib/libccsp_common.so.0(DslhObjroPopulateObjRecords+0x52b) [0xf7d2edc4]
    /usr/lib/libccsp_common.so.0(DslhObjroPopulateObjRecords+0x52b) [0xf7d2edc4]
    /usr/lib/libccsp_common.so.0(DslhObjroPopulateObjRecords+0x52b) [0xf7d2edc4]
    /usr/lib/libccsp_common.so.0(DslhWmpdoCreateRecordTree+0xbc) [0xf7d33faf]
    /usr/lib/libccsp_common.so.0(DslhCpecoInitDataModel+0x14) [0xf7d41a5c]
    /usr/lib/libccsp_common.so.0(DslhCpecoRegisterDataModelInternal+0x224) [0xf7d4276c]
    /usr/lib/libccsp_common.so.0(DslhCpecoRegisterDataModel2+0x2c) [0xf7d42bae]
    /usr/bin/CcspCMAgentSsp() [0x805136a]
    /usr/bin/CcspCMAgentSsp() [0x8050568]
    /usr/bin/CcspCMAgentSsp() [0x804bec1]
    /usr/ccsp/../../lib/libc.so.6(__libc_start_main+0xed) [0xf7a9ee2d]
    /usr/bin/CcspCMAgentSsp() [0x804c031]

@@@docsis_GetNumOfActiveRxChannels(cnt)
    /usr/lib/libcm_mgnt.so.0(docsis_GetNumOfActiveRxChannels+0x76) [0xf7c74d95]
    /usr/lib/libcm_mgnt.so.0(docsis_GetDSChannel+0xe3) [0xf7c74f00]
    /usr/lib/libcm_tr181.so(CosaDmlCmGetDownstreamChannel+0x16a) [0xf5d1b161]
    /usr/lib/libcm_tr181.so(DownstreamChannel_Synchronize+0x51) [0xf5d15f9a]
    /usr/lib/libccsp_common.so.0(DslhObjroPopulateObjRecords+0x8a) [0xf7d2e923]
    /usr/lib/libccsp_common.so.0(DslhObjroPopulateObjRecords+0x52b) [0xf7d2edc4]
    /usr/lib/libccsp_common.so.0(DslhObjroPopulateObjRecords+0x52b) [0xf7d2edc4]
    /usr/lib/libccsp_common.so.0(DslhObjroPopulateObjRecords+0x52b) [0xf7d2edc4]
    /usr/lib/libccsp_common.so.0(DslhWmpdoCreateRecordTree+0xbc) [0xf7d33faf]
    /usr/lib/libccsp_common.so.0(DslhCpecoInitDataModel+0x14) [0xf7d41a5c]
    /usr/lib/libccsp_common.so.0(DslhCpecoRegisterDataModelInternal+0x224) [0xf7d4276c]
    /usr/lib/libccsp_common.so.0(DslhCpecoRegisterDataModel2+0x2c) [0xf7d42bae]
    /usr/bin/CcspCMAgentSsp() [0x805136a]
    /usr/bin/CcspCMAgentSsp() [0x8050568]
    /usr/bin/CcspCMAgentSsp() [0x804bec1]
    /usr/ccsp/../../lib/libc.so.6(__libc_start_main+0xed) [0xf7a9ee2d]
    /usr/bin/CcspCMAgentSsp() [0x804c031]

@@@docsis_InitDS()
    /usr/lib/libcm_mgnt.so.0(docsis_InitDS+0x70) [0xf7c74432]
    /usr/lib/libcm_mgnt.so.0(docsis_GetDSChannel+0x129) [0xf7c74f46]
    /usr/lib/libcm_tr181.so(CosaDmlCmGetDownstreamChannel+0x16a) [0xf5d1b161]
    /usr/lib/libcm_tr181.so(DownstreamChannel_Synchronize+0x51) [0xf5d15f9a]
    /usr/lib/libccsp_common.so.0(DslhObjroPopulateObjRecords+0x8a) [0xf7d2e923]
    /usr/lib/libccsp_common.so.0(DslhObjroPopulateObjRecords+0x52b) [0xf7d2edc4]
    /usr/lib/libccsp_common.so.0(DslhObjroPopulateObjRecords+0x52b) [0xf7d2edc4]
    /usr/lib/libccsp_common.so.0(DslhObjroPopulateObjRecords+0x52b) [0xf7d2edc4]
    /usr/lib/libccsp_common.so.0(DslhWmpdoCreateRecordTree+0xbc) [0xf7d33faf]
    /usr/lib/libccsp_common.so.0(DslhCpecoInitDataModel+0x14) [0xf7d41a5c]
    /usr/lib/libccsp_common.so.0(DslhCpecoRegisterDataModelInternal+0x224) [0xf7d4276c]
    /usr/lib/libccsp_common.so.0(DslhCpecoRegisterDataModel2+0x2c) [0xf7d42bae]
    /usr/bin/CcspCMAgentSsp() [0x805136a]
    /usr/bin/CcspCMAgentSsp() [0x8050568]
    /usr/bin/CcspCMAgentSsp() [0x804bec1]
    /usr/ccsp/../../lib/libc.so.6(__libc_start_main+0xed) [0xf7a9ee2d]
    /usr/bin/CcspCMAgentSsp() [0x804c031]

@@@docsis_GetNumOfActiveTxChannels(cnt)
    /usr/lib/libcm_mgnt.so.0(docsis_GetNumOfActiveTxChannels+0x76) [0xf7c74b2a]
    /usr/lib/libcm_tr181.so(CosaDmlCmGetUpstreamChannel+0x8f) [0xf5d1b20e]
    /usr/lib/libcm_tr181.so(UpstreamChannel_Synchronize+0x51) [0xf5d162b2]
    /usr/lib/libccsp_common.so.0(DslhObjroPopulateObjRecords+0x8a) [0xf7d2e923]
    /usr/lib/libccsp_common.so.0(DslhObjroPopulateObjRecords+0x52b) [0xf7d2edc4]
    /usr/lib/libccsp_common.so.0(DslhObjroPopulateObjRecords+0x52b) [0xf7d2edc4]
    /usr/lib/libccsp_common.so.0(DslhObjroPopulateObjRecords+0x52b) [0xf7d2edc4]
    /usr/lib/libccsp_common.so.0(DslhWmpdoCreateRecordTree+0xbc) [0xf7d33faf]
    /usr/lib/libccsp_common.so.0(DslhCpecoInitDataModel+0x14) [0xf7d41a5c]
    /usr/lib/libccsp_common.so.0(DslhCpecoRegisterDataModelInternal+0x224) [0xf7d4276c]
    /usr/lib/libccsp_common.so.0(DslhCpecoRegisterDataModel2+0x2c) [0xf7d42bae]
    /usr/bin/CcspCMAgentSsp() [0x805136a]
    /usr/bin/CcspCMAgentSsp() [0x8050568]
    /usr/bin/CcspCMAgentSsp() [0x804bec1]
    /usr/ccsp/../../lib/libc.so.6(__libc_start_main+0xed) [0xf7a9ee2d]
    /usr/bin/CcspCMAgentSsp() [0x804c031]

@@@docsis_getUsOFDMAChannelCount(count)
    /usr/lib/libcm_mgnt.so.0(docsis_getUsOFDMAChannelCount+0x76) [0xf7c78da4]
    /usr/lib/libcm_tr181.so(CosaDmlCmGetUpstreamChannel+0xf2) [0xf5d1b271]
    /usr/lib/libcm_tr181.so(UpstreamChannel_Synchronize+0x51) [0xf5d162b2]
    /usr/lib/libccsp_common.so.0(DslhObjroPopulateObjRecords+0x8a) [0xf7d2e923]
    /usr/lib/libccsp_common.so.0(DslhObjroPopulateObjRecords+0x52b) [0xf7d2edc4]
    /usr/lib/libccsp_common.so.0(DslhObjroPopulateObjRecords+0x52b) [0xf7d2edc4]
    /usr/lib/libccsp_common.so.0(DslhObjroPopulateObjRecords+0x52b) [0xf7d2edc4]
    /usr/lib/libccsp_common.so.0(DslhWmpdoCreateRecordTree+0xbc) [0xf7d33faf]
    /usr/lib/libccsp_common.so.0(DslhCpecoInitDataModel+0x14) [0xf7d41a5c]
    /usr/lib/libccsp_common.so.0(DslhCpecoRegisterDataModelInternal+0x224) [0xf7d4276c]
    /usr/lib/libccsp_common.so.0(DslhCpecoRegisterDataModel2+0x2c) [0xf7d42bae]
    /usr/bin/CcspCMAgentSsp() [0x805136a]
    /usr/bin/CcspCMAgentSsp() [0x8050568]
    /usr/bin/CcspCMAgentSsp() [0x804bec1]
    /usr/ccsp/../../lib/libc.so.6(__libc_start_main+0xed) [0xf7a9ee2d]
    /usr/bin/CcspCMAgentSsp() [0x804c031]

@@@docsis_GetUSChannel(ppinfo)
    /usr/lib/libcm_mgnt.so.0(docsis_GetUSChannel+0x76) [0xf7c74c28]
    /usr/lib/libcm_tr181.so(CosaDmlCmGetUpstreamChannel+0x176) [0xf5d1b2f5]
    /usr/lib/libcm_tr181.so(UpstreamChannel_Synchronize+0x51) [0xf5d162b2]
    /usr/lib/libccsp_common.so.0(DslhObjroPopulateObjRecords+0x8a) [0xf7d2e923]
    /usr/lib/libccsp_common.so.0(DslhObjroPopulateObjRecords+0x52b) [0xf7d2edc4]
    /usr/lib/libccsp_common.so.0(DslhObjroPopulateObjRecords+0x52b) [0xf7d2edc4]
    /usr/lib/libccsp_common.so.0(DslhObjroPopulateObjRecords+0x52b) [0xf7d2edc4]
    /usr/lib/libccsp_common.so.0(DslhWmpdoCreateRecordTree+0xbc) [0xf7d33faf]
    /usr/lib/libccsp_common.so.0(DslhCpecoInitDataModel+0x14) [0xf7d41a5c]
    /usr/lib/libccsp_common.so.0(DslhCpecoRegisterDataModelInternal+0x224) [0xf7d4276c]
    /usr/lib/libccsp_common.so.0(DslhCpecoRegisterDataModel2+0x2c) [0xf7d42bae]
    /usr/bin/CcspCMAgentSsp() [0x805136a]
    /usr/bin/CcspCMAgentSsp() [0x8050568]
    /usr/bin/CcspCMAgentSsp() [0x804bec1]
    /usr/ccsp/../../lib/libc.so.6(__libc_start_main+0xed) [0xf7a9ee2d]
    /usr/bin/CcspCMAgentSsp() [0x804c031]

@@@docsis_GetNumOfActiveTxChannels(cnt)
    /usr/lib/libcm_mgnt.so.0(docsis_GetNumOfActiveTxChannels+0x76) [0xf7c74b2a]
    /usr/lib/libcm_mgnt.so.0(docsis_GetUSChannel+0xe6) [0xf7c74c98]
    /usr/lib/libcm_tr181.so(CosaDmlCmGetUpstreamChannel+0x176) [0xf5d1b2f5]
    /usr/lib/libcm_tr181.so(UpstreamChannel_Synchronize+0x51) [0xf5d162b2]
    /usr/lib/libccsp_common.so.0(DslhObjroPopulateObjRecords+0x8a) [0xf7d2e923]
    /usr/lib/libccsp_common.so.0(DslhObjroPopulateObjRecords+0x52b) [0xf7d2edc4]
    /usr/lib/libccsp_common.so.0(DslhObjroPopulateObjRecords+0x52b) [0xf7d2edc4]
    /usr/lib/libccsp_common.so.0(DslhObjroPopulateObjRecords+0x52b) [0xf7d2edc4]
    /usr/lib/libccsp_common.so.0(DslhWmpdoCreateRecordTree+0xbc) [0xf7d33faf]
    /usr/lib/libccsp_common.so.0(DslhCpecoInitDataModel+0x14) [0xf7d41a5c]
    /usr/lib/libccsp_common.so.0(DslhCpecoRegisterDataModelInternal+0x224) [0xf7d4276c]
    /usr/lib/libccsp_common.so.0(DslhCpecoRegisterDataModel2+0x2c) [0xf7d42bae]
    /usr/bin/CcspCMAgentSsp() [0x805136a]
    /usr/bin/CcspCMAgentSsp() [0x8050568]
    /usr/bin/CcspCMAgentSsp() [0x804bec1]
    /usr/ccsp/../../lib/libc.so.6(__libc_start_main+0xed) [0xf7a9ee2d]
    /usr/bin/CcspCMAgentSsp() [0x804c031]

@@@docsis_InitUS()
    /usr/lib/libcm_mgnt.so.0(docsis_InitUS+0x70) [0xf7c7452e]
    /usr/lib/libcm_mgnt.so.0(docsis_GetUSChannel+0x121) [0xf7c74cd3]
    /usr/lib/libcm_tr181.so(CosaDmlCmGetUpstreamChannel+0x176) [0xf5d1b2f5]
    /usr/lib/libcm_tr181.so(UpstreamChannel_Synchronize+0x51) [0xf5d162b2]
    /usr/lib/libccsp_common.so.0(DslhObjroPopulateObjRecords+0x8a) [0xf7d2e923]
    /usr/lib/libccsp_common.so.0(DslhObjroPopulateObjRecords+0x52b) [0xf7d2edc4]
    /usr/lib/libccsp_common.so.0(DslhObjroPopulateObjRecords+0x52b) [0xf7d2edc4]
    /usr/lib/libccsp_common.so.0(DslhObjroPopulateObjRecords+0x52b) [0xf7d2edc4]
    /usr/lib/libccsp_common.so.0(DslhWmpdoCreateRecordTree+0xbc) [0xf7d33faf]
    /usr/lib/libccsp_common.so.0(DslhCpecoInitDataModel+0x14) [0xf7d41a5c]
    /usr/lib/libccsp_common.so.0(DslhCpecoRegisterDataModelInternal+0x224) [0xf7d4276c]
    /usr/lib/libccsp_common.so.0(DslhCpecoRegisterDataModel2+0x2c) [0xf7d42bae]
    /usr/bin/CcspCMAgentSsp() [0x805136a]
    /usr/bin/CcspCMAgentSsp() [0x8050568]
    /usr/bin/CcspCMAgentSsp() [0x804bec1]
    /usr/ccsp/../../lib/libc.so.6(__libc_start_main+0xed) [0xf7a9ee2d]
    /usr/bin/CcspCMAgentSsp() [0x804c031]

@@@docsis_GetUsStatus(i, pinfo)
    /usr/lib/libcm_mgnt.so.0(docsis_GetUsStatus+0x76) [0xf7c74736]
    /usr/lib/libcm_mgnt.so.0(docsis_GetUSChannel+0x13c) [0xf7c74cee]
    /usr/lib/libcm_tr181.so(CosaDmlCmGetUpstreamChannel+0x176) [0xf5d1b2f5]
    /usr/lib/libcm_tr181.so(UpstreamChannel_Synchronize+0x51) [0xf5d162b2]
    /usr/lib/libccsp_common.so.0(DslhObjroPopulateObjRecords+0x8a) [0xf7d2e923]
    /usr/lib/libccsp_common.so.0(DslhObjroPopulateObjRecords+0x52b) [0xf7d2edc4]
    /usr/lib/libccsp_common.so.0(DslhObjroPopulateObjRecords+0x52b) [0xf7d2edc4]
    /usr/lib/libccsp_common.so.0(DslhObjroPopulateObjRecords+0x52b) [0xf7d2edc4]
    /usr/lib/libccsp_common.so.0(DslhWmpdoCreateRecordTree+0xbc) [0xf7d33faf]
    /usr/lib/libccsp_common.so.0(DslhCpecoInitDataModel+0x14) [0xf7d41a5c]
    /usr/lib/libccsp_common.so.0(DslhCpecoRegisterDataModelInternal+0x224) [0xf7d4276c]
    /usr/lib/libccsp_common.so.0(DslhCpecoRegisterDataModel2+0x2c) [0xf7d42bae]
    /usr/bin/CcspCMAgentSsp() [0x805136a]
    /usr/bin/CcspCMAgentSsp() [0x8050568]
    /usr/bin/CcspCMAgentSsp() [0x804bec1]
    /usr/ccsp/../../lib/libc.so.6(__libc_start_main+0xed) [0xf7a9ee2d]
    /usr/bin/CcspCMAgentSsp() [0x804c031]

@@@docsis_GetDsOfdmChanTable(ppinfo, output_NumberOfEntries)
    /usr/lib/libcm_mgnt.so.0(docsis_GetDsOfdmChanTable+0x76) [0xf7c77493]
    /usr/lib/libcm_tr181.so(CosaDmlRDKCentralCmGetDownstreamChannel+0x9f) [0xf5d1cc20]
    /usr/lib/libcm_tr181.so(X_RDKCENTRAL_COM_CableModem_DsOfdmChan_Synchronize+0x2c) [0xf5d16c78]
    /usr/lib/libccsp_common.so.0(DslhObjroPopulateObjRecords+0x8a) [0xf7d2e923]
    /usr/lib/libccsp_common.so.0(DslhObjroPopulateObjRecords+0x52b) [0xf7d2edc4]
    /usr/lib/libccsp_common.so.0(DslhObjroPopulateObjRecords+0x52b) [0xf7d2edc4]
    /usr/lib/libccsp_common.so.0(DslhObjroPopulateObjRecords+0x52b) [0xf7d2edc4]
    /usr/lib/libccsp_common.so.0(DslhWmpdoCreateRecordTree+0xbc) [0xf7d33faf]
    /usr/lib/libccsp_common.so.0(DslhCpecoInitDataModel+0x14) [0xf7d41a5c]
    /usr/lib/libccsp_common.so.0(DslhCpecoRegisterDataModelInternal+0x224) [0xf7d4276c]
    /usr/lib/libccsp_common.so.0(DslhCpecoRegisterDataModel2+0x2c) [0xf7d42bae]
    /usr/bin/CcspCMAgentSsp() [0x805136a]
    /usr/bin/CcspCMAgentSsp() [0x8050568]
    /usr/bin/CcspCMAgentSsp() [0x804bec1]
    /usr/ccsp/../../lib/libc.so.6(__libc_start_main+0xed) [0xf7a9ee2d]
    /usr/bin/CcspCMAgentSsp() [0x804c031]

@@@docsis_GetUsOfdmaChanTable(ppinfo, output_NumberOfEntries)
    /usr/lib/libcm_mgnt.so.0(docsis_GetUsOfdmaChanTable+0x76) [0xf7c77591]
    /usr/lib/libcm_tr181.so(CosaDmlRDKCentralCmGetUpstreamChannel+0x9f) [0xf5d1ce0a]
    /usr/lib/libcm_tr181.so(X_RDKCENTRAL_COM_CableModem_UsOfdmaChan_Synchronize+0x2c) [0xf5d1700f]
    /usr/lib/libccsp_common.so.0(DslhObjroPopulateObjRecords+0x8a) [0xf7d2e923]
    /usr/lib/libccsp_common.so.0(DslhObjroPopulateObjRecords+0x52b) [0xf7d2edc4]
    /usr/lib/libccsp_common.so.0(DslhObjroPopulateObjRecords+0x52b) [0xf7d2edc4]
    /usr/lib/libccsp_common.so.0(DslhObjroPopulateObjRecords+0x52b) [0xf7d2edc4]
    /usr/lib/libccsp_common.so.0(DslhWmpdoCreateRecordTree+0xbc) [0xf7d33faf]
    /usr/lib/libccsp_common.so.0(DslhCpecoInitDataModel+0x14) [0xf7d41a5c]
    /usr/lib/libccsp_common.so.0(DslhCpecoRegisterDataModelInternal+0x224) [0xf7d4276c]
    /usr/lib/libccsp_common.so.0(DslhCpecoRegisterDataModel2+0x2c) [0xf7d42bae]
    /usr/bin/CcspCMAgentSsp() [0x805136a]
    /usr/bin/CcspCMAgentSsp() [0x8050568]
    /usr/bin/CcspCMAgentSsp() [0x804bec1]
    /usr/ccsp/../../lib/libc.so.6(__libc_start_main+0xed) [0xf7a9ee2d]
    /usr/bin/CcspCMAgentSsp() [0x804c031]

@@@docsis_GetStatusOfdmaUsTable(ppinfo, output_NumberOfEntries)
    /usr/lib/libcm_mgnt.so.0(docsis_GetStatusOfdmaUsTable+0x76) [0xf7c7768f]
    /usr/lib/libcm_tr181.so(CosaDmlRDKCentralCmGetCMStatusofUpstreamChannel+0x9f) [0xf5d1cf7b]
    /usr/lib/libcm_tr181.so(X_RDKCENTRAL_COM_CableModem_StatusOfdma_Synchronize+0x2c) [0xf5d17287]
    /usr/lib/libccsp_common.so.0(DslhObjroPopulateObjRecords+0x8a) [0xf7d2e923]
    /usr/lib/libccsp_common.so.0(DslhObjroPopulateObjRecords+0x52b) [0xf7d2edc4]
    /usr/lib/libccsp_common.so.0(DslhObjroPopulateObjRecords+0x52b) [0xf7d2edc4]
    /usr/lib/libccsp_common.so.0(DslhObjroPopulateObjRecords+0x52b) [0xf7d2edc4]
    /usr/lib/libccsp_common.so.0(DslhWmpdoCreateRecordTree+0xbc) [0xf7d33faf]
    /usr/lib/libccsp_common.so.0(DslhCpecoInitDataModel+0x14) [0xf7d41a5c]
    /usr/lib/libccsp_common.so.0(DslhCpecoRegisterDataModelInternal+0x224) [0xf7d4276c]
    /usr/lib/libccsp_common.so.0(DslhCpecoRegisterDataModel2+0x2c) [0xf7d42bae]
    /usr/bin/CcspCMAgentSsp() [0x805136a]
    /usr/bin/CcspCMAgentSsp() [0x8050568]
    /usr/bin/CcspCMAgentSsp() [0x804bec1]
    /usr/ccsp/../../lib/libc.so.6(__libc_start_main+0xed) [0xf7a9ee2d]
    /usr/bin/CcspCMAgentSsp() [0x804c031]

@@@qos_getServiceFlowCount(count)
    /usr/lib/libcm_mgnt.so.0(qos_getServiceFlowCount+0x70) [0xf7c78504]
    /usr/lib/libcm_tr181.so(Lgi_US_QosServiceFlow_Synchronize+0xa3) [0xf5d197ee]
    /usr/lib/libccsp_common.so.0(DslhObjroPopulateObjRecords+0x8a) [0xf7d2e923]
    /usr/lib/libccsp_common.so.0(DslhObjroPopulateObjRecords+0x52b) [0xf7d2edc4]
    /usr/lib/libccsp_common.so.0(DslhObjroPopulateObjRecords+0x52b) [0xf7d2edc4]
    /usr/lib/libccsp_common.so.0(DslhObjroPopulateObjRecords+0x52b) [0xf7d2edc4]
    /usr/lib/libccsp_common.so.0(DslhObjroPopulateObjRecords+0x52b) [0xf7d2edc4]
    /usr/lib/libccsp_common.so.0(DslhWmpdoCreateRecordTree+0xbc) [0xf7d33faf]
    /usr/lib/libccsp_common.so.0(DslhCpecoInitDataModel+0x14) [0xf7d41a5c]
    /usr/lib/libccsp_common.so.0(DslhCpecoRegisterDataModelInternal+0x224) [0xf7d4276c]
    /usr/lib/libccsp_common.so.0(DslhCpecoRegisterDataModel2+0x2c) [0xf7d42bae]
    /usr/bin/CcspCMAgentSsp() [0x805136a]
    /usr/bin/CcspCMAgentSsp() [0x8050568]
    /usr/bin/CcspCMAgentSsp() [0x804bec1]
    /usr/ccsp/../../lib/libc.so.6(__libc_start_main+0xed) [0xf7a9ee2d]
    /usr/bin/CcspCMAgentSsp() [0x804c031]

@@@qos_getServiceFlowCount(count)
    /usr/lib/libcm_mgnt.so.0(qos_getServiceFlowCount+0x70) [0xf7c78504]
    /usr/lib/libcm_tr181.so(Lgi_DS_QosServiceFlow_Synchronize+0xa3) [0xf5d19b69]
    /usr/lib/libccsp_common.so.0(DslhObjroPopulateObjRecords+0x8a) [0xf7d2e923]
    /usr/lib/libccsp_common.so.0(DslhObjroPopulateObjRecords+0x52b) [0xf7d2edc4]
    /usr/lib/libccsp_common.so.0(DslhObjroPopulateObjRecords+0x52b) [0xf7d2edc4]
    /usr/lib/libccsp_common.so.0(DslhObjroPopulateObjRecords+0x52b) [0xf7d2edc4]
    /usr/lib/libccsp_common.so.0(DslhObjroPopulateObjRecords+0x52b) [0xf7d2edc4]
    /usr/lib/libccsp_common.so.0(DslhWmpdoCreateRecordTree+0xbc) [0xf7d33faf]
    /usr/lib/libccsp_common.so.0(DslhCpecoInitDataModel+0x14) [0xf7d41a5c]
    /usr/lib/libccsp_common.so.0(DslhCpecoRegisterDataModelInternal+0x224) [0xf7d4276c]
    /usr/lib/libccsp_common.so.0(DslhCpecoRegisterDataModel2+0x2c) [0xf7d42bae]
    /usr/bin/CcspCMAgentSsp() [0x805136a]
    /usr/bin/CcspCMAgentSsp() [0x8050568]
    /usr/bin/CcspCMAgentSsp() [0x804bec1]
    /usr/ccsp/../../lib/libc.so.6(__libc_start_main+0xed) [0xf7a9ee2d]
    /usr/bin/CcspCMAgentSsp() [0x804c031]

@@@docsis_getDsOFDMChannelCount(count)
    /usr/lib/libcm_mgnt.so.0(docsis_getDsOFDMChannelCount+0x76) [0xf7c78bbd]
    /usr/lib/libcm_tr181.so(LgiOfdmChannel_Synchronize+0x57) [0xf5d19133]
    /usr/lib/libccsp_common.so.0(DslhObjroPopulateObjRecords+0x8a) [0xf7d2e923]
    /usr/lib/libccsp_common.so.0(DslhObjroPopulateObjRecords+0x52b) [0xf7d2edc4]
    /usr/lib/libccsp_common.so.0(DslhObjroPopulateObjRecords+0x52b) [0xf7d2edc4]
    /usr/lib/libccsp_common.so.0(DslhObjroPopulateObjRecords+0x52b) [0xf7d2edc4]
    /usr/lib/libccsp_common.so.0(DslhWmpdoCreateRecordTree+0xbc) [0xf7d33faf]
    /usr/lib/libccsp_common.so.0(DslhCpecoInitDataModel+0x14) [0xf7d41a5c]
    /usr/lib/libccsp_common.so.0(DslhCpecoRegisterDataModelInternal+0x224) [0xf7d4276c]
    /usr/lib/libccsp_common.so.0(DslhCpecoRegisterDataModel2+0x2c) [0xf7d42bae]
    /usr/bin/CcspCMAgentSsp() [0x805136a]
    /usr/bin/CcspCMAgentSsp() [0x8050568]
    /usr/bin/CcspCMAgentSsp() [0x804bec1]
    /usr/ccsp/../../lib/libc.so.6(__libc_start_main+0xed) [0xf7a9ee2d]
    /usr/bin/CcspCMAgentSsp() [0x804c031]

@@@docsis_getUsOFDMAChannelCount(count)
    /usr/lib/libcm_mgnt.so.0(docsis_getUsOFDMAChannelCount+0x76) [0xf7c78da4]
    /usr/lib/libcm_tr181.so(LgiOfdmaChannel_Synchronize+0x57) [0xf5d194a9]
    /usr/lib/libccsp_common.so.0(DslhObjroPopulateObjRecords+0x8a) [0xf7d2e923]
    /usr/lib/libccsp_common.so.0(DslhObjroPopulateObjRecords+0x52b) [0xf7d2edc4]
    /usr/lib/libccsp_common.so.0(DslhObjroPopulateObjRecords+0x52b) [0xf7d2edc4]
    /usr/lib/libccsp_common.so.0(DslhObjroPopulateObjRecords+0x52b) [0xf7d2edc4]
    /usr/lib/libccsp_common.so.0(DslhWmpdoCreateRecordTree+0xbc) [0xf7d33faf]
    /usr/lib/libccsp_common.so.0(DslhCpecoInitDataModel+0x14) [0xf7d41a5c]
    /usr/lib/libccsp_common.so.0(DslhCpecoRegisterDataModelInternal+0x224) [0xf7d4276c]
    /usr/lib/libccsp_common.so.0(DslhCpecoRegisterDataModel2+0x2c) [0xf7d42bae]
    /usr/bin/CcspCMAgentSsp() [0x805136a]
    /usr/bin/CcspCMAgentSsp() [0x8050568]
    /usr/bin/CcspCMAgentSsp() [0x804bec1]
    /usr/ccsp/../../lib/libc.so.6(__libc_start_main+0xed) [0xf7a9ee2d]
    /usr/bin/CcspCMAgentSsp() [0x804c031]

@@@docsis_GetNumOfActiveRxChannels(cnt)
    /usr/lib/libcm_mgnt.so.0(docsis_GetNumOfActiveRxChannels+0x76) [0xf7c74d95]
    /usr/lib/libcm_tr181.so(CosaDmlCmGetDownstreamChannel+0x88) [0xf5d1b07f]
    /usr/lib/libcm_tr181.so(PollDocsisInformations+0x10b) [0xf5d1b41e]
    /usr/ccsp/../../lib/libpthread.so.0(+0x7f91) [0xf7ef0f91]
    /usr/ccsp/../../lib/libc.so.6(clone+0x66) [0xf7b7eb96]

@@@docsis_getDsOFDMChannelCount(count)
    /usr/lib/libcm_mgnt.so.0(docsis_getDsOFDMChannelCount+0x76) [0xf7c78bbd]
    /usr/lib/libcm_tr181.so(CosaDmlCmGetDownstreamChannel+0xee) [0xf5d1b0e5]
    /usr/lib/libcm_tr181.so(PollDocsisInformations+0x10b) [0xf5d1b41e]
    /usr/ccsp/../../lib/libpthread.so.0(+0x7f91) [0xf7ef0f91]
    /usr/ccsp/../../lib/libc.so.6(clone+0x66) [0xf7b7eb96]

@@@docsis_GetDSChannel(ppinfo)
    /usr/lib/libcm_mgnt.so.0(docsis_GetDSChannel+0x79) [0xf7c74e96]
    /usr/lib/libcm_tr181.so(CosaDmlCmGetDownstreamChannel+0x16a) [0xf5d1b161]
    /usr/lib/libcm_tr181.so(PollDocsisInformations+0x10b) [0xf5d1b41e]
    /usr/ccsp/../../lib/libpthread.so.0(+0x7f91) [0xf7ef0f91]
    /usr/ccsp/../../lib/libc.so.6(clone+0x66) [0xf7b7eb96]

@@@docsis_GetNumOfActiveRxChannels(cnt)
    /usr/lib/libcm_mgnt.so.0(docsis_GetNumOfActiveRxChannels+0x76) [0xf7c74d95]
    /usr/lib/libcm_mgnt.so.0(docsis_GetDSChannel+0xe3) [0xf7c74f00]
    /usr/lib/libcm_tr181.so(CosaDmlCmGetDownstreamChannel+0x16a) [0xf5d1b161]
    /usr/lib/libcm_tr181.so(PollDocsisInformations+0x10b) [0xf5d1b41e]
    /usr/ccsp/../../lib/libpthread.so.0(+0x7f91) [0xf7ef0f91]
    /usr/ccsp/../../lib/libc.so.6(clone+0x66) [0xf7b7eb96]

@@@docsis_InitDS()
    /usr/lib/libcm_mgnt.so.0(docsis_InitDS+0x70) [0xf7c74432]
    /usr/lib/libcm_mgnt.so.0(docsis_GetDSChannel+0x129) [0xf7c74f46]
    /usr/lib/libcm_tr181.so(CosaDmlCmGetDownstreamChannel+0x16a) [0xf5d1b161]
    /usr/lib/libcm_tr181.so(PollDocsisInformations+0x10b) [0xf5d1b41e]
    /usr/ccsp/../../lib/libpthread.so.0(+0x7f91) [0xf7ef0f91]
    /usr/ccsp/../../lib/libc.so.6(clone+0x66) [0xf7b7eb96]

@@@docsis_GetNumOfActiveTxChannels(cnt)
    /usr/lib/libcm_mgnt.so.0(docsis_GetNumOfActiveTxChannels+0x76) [0xf7c74b2a]
    /usr/lib/libcm_tr181.so(CosaDmlCmGetUpstreamChannel+0x8f) [0xf5d1b20e]
    /usr/lib/libcm_tr181.so(PollDocsisInformations+0x279) [0xf5d1b58c]
    /usr/ccsp/../../lib/libpthread.so.0(+0x7f91) [0xf7ef0f91]
    /usr/ccsp/../../lib/libc.so.6(clone+0x66) [0xf7b7eb96]

@@@docsis_getUsOFDMAChannelCount(count)
    /usr/lib/libcm_mgnt.so.0(docsis_getUsOFDMAChannelCount+0x76) [0xf7c78da4]
    /usr/lib/libcm_tr181.so(CosaDmlCmGetUpstreamChannel+0xf2) [0xf5d1b271]
    /usr/lib/libcm_tr181.so(PollDocsisInformations+0x279) [0xf5d1b58c]
    /usr/ccsp/../../lib/libpthread.so.0(+0x7f91) [0xf7ef0f91]
    /usr/ccsp/../../lib/libc.so.6(clone+0x66) [0xf7b7eb96]

@@@docsis_GetUSChannel(ppinfo)
    /usr/lib/libcm_mgnt.so.0(docsis_GetUSChannel+0x76) [0xf7c74c28]
    /usr/lib/libcm_tr181.so(CosaDmlCmGetUpstreamChannel+0x176) [0xf5d1b2f5]
    /usr/lib/libcm_tr181.so(PollDocsisInformations+0x279) [0xf5d1b58c]
    /usr/ccsp/../../lib/libpthread.so.0(+0x7f91) [0xf7ef0f91]
    /usr/ccsp/../../lib/libc.so.6(clone+0x66) [0xf7b7eb96]

@@@docsis_GetNumOfActiveTxChannels(cnt)
    /usr/lib/libcm_mgnt.so.0(docsis_GetNumOfActiveTxChannels+0x76) [0xf7c74b2a]
    /usr/lib/libcm_mgnt.so.0(docsis_GetUSChannel+0xe6) [0xf7c74c98]
    /usr/lib/libcm_tr181.so(CosaDmlCmGetUpstreamChannel+0x176) [0xf5d1b2f5]
    /usr/lib/libcm_tr181.so(PollDocsisInformations+0x279) [0xf5d1b58c]
    /usr/ccsp/../../lib/libpthread.so.0(+0x7f91) [0xf7ef0f91]
    /usr/ccsp/../../lib/libc.so.6(clone+0x66) [0xf7b7eb96]

@@@docsis_InitUS()
    /usr/lib/libcm_mgnt.so.0(docsis_InitUS+0x70) [0xf7c7452e]
    /usr/lib/libcm_mgnt.so.0(docsis_GetUSChannel+0x121) [0xf7c74cd3]
    /usr/lib/libcm_tr181.so(CosaDmlCmGetUpstreamChannel+0x176) [0xf5d1b2f5]
    /usr/lib/libcm_tr181.so(PollDocsisInformations+0x279) [0xf5d1b58c]
    /usr/ccsp/../../lib/libpthread.so.0(+0x7f91) [0xf7ef0f91]
    /usr/ccsp/../../lib/libc.so.6(clone+0x66) [0xf7b7eb96]

@@@docsis_GetUsStatus(i, pinfo)
    /usr/lib/libcm_mgnt.so.0(docsis_GetUsStatus+0x76) [0xf7c74736]
    /usr/lib/libcm_mgnt.so.0(docsis_GetUSChannel+0x13c) [0xf7c74cee]
    /usr/lib/libcm_tr181.so(CosaDmlCmGetUpstreamChannel+0x176) [0xf5d1b2f5]
    /usr/lib/libcm_tr181.so(PollDocsisInformations+0x279) [0xf5d1b58c]
    /usr/ccsp/../../lib/libpthread.so.0(+0x7f91) [0xf7ef0f91]
    /usr/ccsp/../../lib/libc.so.6(clone+0x66) [0xf7b7eb96]

@@@cm_hal_Get_ErouterModeControl(initMode)
    /usr/lib/libcm_mgnt.so.0(cm_hal_Get_ErouterModeControl+0x76) [0xf7c788b2]
    /usr/bin/CcspCMAgentSsp() [0x804d2c2]
    /usr/bin/CcspCMAgentSsp() [0x804e03b]
    /usr/lib/libgwprovappabs.so.0(+0x240e) [0xf7ece40e]
    /usr/ccsp/../../lib/libpthread.so.0(+0x7f91) [0xf7ef0f91]
    /usr/ccsp/../../lib/libc.so.6(clone+0x66) [0xf7b7eb96]

@@@cm_hal_Get_ErouterModeControl(initMode)
    /usr/lib/libcm_mgnt.so.0(cm_hal_Get_ErouterModeControl+0x76) [0xf7c788b2]
    /usr/bin/CcspCMAgentSsp() [0x8052f99]
    /usr/bin/CcspCMAgentSsp() [0x804e9fb]
    /usr/lib/libgwprovappabs.so.0(+0x2478) [0xf7ece478]
    /usr/ccsp/../../lib/libpthread.so.0(+0x7f91) [0xf7ef0f91]
    /usr/ccsp/../../lib/libc.so.6(clone+0x66) [0xf7b7eb96]

@@@docsis_getCMStatus(cm_status)
    /usr/lib/libcm_mgnt.so.0(docsis_getCMStatus+0x76) [0xf7c74630]
    /usr/bin/CcspCMAgentSsp() [0x804c242]
    /usr/ccsp/../../lib/libpthread.so.0(+0x7f91) [0xf7ef0f91]
    /usr/ccsp/../../lib/libc.so.6(clone+0x66) [0xf7b7eb96]

@@@cm_hal_Get_HTTP_Download_Status()
    /usr/lib/libcm_mgnt.so.0(cm_hal_Get_HTTP_Download_Status+0x70) [0xf7c7681c]
    /usr/lib/libcm_tr181.so(CosaDmlDIGetDLStatus+0x1c) [0xf5d1c2a4]
    /usr/lib/libcm_tr181.so(DeviceInfo_GetParamStringValue+0xa1) [0xf5d168a8]
    /usr/lib/libccsp_common.so.0(DslhObjcoGetParamValueByName+0x244) [0xf7d2e2d6]
    /usr/lib/libccsp_common.so.0(DslhVarroGetValue+0x178) [0xf7d331ca]
    /usr/lib/libccsp_common.so.0(DslhWmpdoMprRegNotifyParam+0x5f) [0xf7d34cbf]
    /usr/lib/libccsp_common.so.0(DslhVarroSetNotification+0x17d) [0xf7d32d48]
    /usr/lib/libccsp_common.so.0(DslhWmpdoMpaSetParameterAttributes+0x3b7) [0xf7d3a40d]
    /usr/lib/libccsp_common.so.0(CcspCcMbi_SetParameterAttributes+0x1ff) [0xf7d44bcc]
    /usr/lib/libccsp_common.so.0(+0xe059a) [0xf7d5d59a]
    /usr/lib/librbuscore.so.0(+0x87ed) [0xf765c7ed]
    /usr/lib/librbuscore.so.0(+0x88ab) [0xf765c8ab]
    /usr/lib/librtMessage.so.0(+0x5025) [0xf7570025]
    /usr/ccsp/../../lib/libpthread.so.0(+0x7f91) [0xf7ef0f91]
    /usr/ccsp/../../lib/libc.so.6(clone+0x66) [0xf7b7eb96]

@@@cm_hal_Get_HTTP_Download_Status()
    /usr/lib/libcm_mgnt.so.0(cm_hal_Get_HTTP_Download_Status+0x70) [0xf7c7681c]
    /usr/lib/libcm_tr181.so(CosaDmlDIGetDLStatus+0x1c) [0xf5d1c2a4]
    /usr/lib/libcm_tr181.so(DeviceInfo_GetParamStringValue+0xa1) [0xf5d168a8]
    /usr/lib/libccsp_common.so.0(DslhObjcoGetParamValueByName+0x244) [0xf7d2e2d6]
    /usr/lib/libccsp_common.so.0(DslhVarroGetValue+0x178) [0xf7d331ca]
    /usr/lib/libccsp_common.so.0(DslhWmpdoMonitorTimerInvoke+0x8d) [0xf7d3af23]
    /usr/lib/libccsp_common.so.0(AnscTsoScheduleTask+0x153) [0xf7d85178]
    /usr/lib/libccsp_common.so.0(AnscCoVer3EngineTask+0x58) [0xf7d8c2f5]
    /usr/lib/libccsp_common.so.0(AnscTaskRoutine1+0x36) [0xf7d9a3f0]
    /usr/ccsp/../../lib/libpthread.so.0(+0x7f91) [0xf7ef0f91]
    /usr/ccsp/../../lib/libc.so.6(clone+0x66) [0xf7b7eb96]

@@@cm_hal_Get_HTTP_Download_Status()
    /usr/lib/libcm_mgnt.so.0(cm_hal_Get_HTTP_Download_Status+0x70) [0xf7c7681c]
    /usr/lib/libcm_tr181.so(CosaDmlDIGetDLStatus+0x1c) [0xf5d1c2a4]
    /usr/lib/libcm_tr181.so(DeviceInfo_GetParamStringValue+0xa1) [0xf5d168a8]
    /usr/lib/libccsp_common.so.0(DslhObjcoGetParamValueByName+0x244) [0xf7d2e2d6]
    /usr/lib/libccsp_common.so.0(DslhVarroGetValue+0x178) [0xf7d331ca]
    /usr/lib/libccsp_common.so.0(DslhWmpdoMonitorTimerInvoke+0x8d) [0xf7d3af23]
    /usr/lib/libccsp_common.so.0(AnscTsoScheduleTask+0x153) [0xf7d85178]
    /usr/lib/libccsp_common.so.0(AnscCoVer3EngineTask+0x58) [0xf7d8c2f5]
    /usr/lib/libccsp_common.so.0(AnscTaskRoutine1+0x36) [0xf7d9a3f0]
    /usr/ccsp/../../lib/libpthread.so.0(+0x7f91) [0xf7ef0f91]
    /usr/ccsp/../../lib/libc.so.6(clone+0x66) [0xf7b7eb96]

@@@cm_hal_Get_HTTP_Download_Status()
    /usr/lib/libcm_mgnt.so.0(cm_hal_Get_HTTP_Download_Status+0x70) [0xf7c7681c]
    /usr/lib/libcm_tr181.so(CosaDmlDIGetDLStatus+0x1c) [0xf5d1c2a4]
    /usr/lib/libcm_tr181.so(DeviceInfo_GetParamStringValue+0xa1) [0xf5d168a8]
    /usr/lib/libccsp_common.so.0(DslhObjcoGetParamValueByName+0x244) [0xf7d2e2d6]
    /usr/lib/libccsp_common.so.0(DslhVarroGetValue+0x178) [0xf7d331ca]
    /usr/lib/libccsp_common.so.0(DslhWmpdoMonitorTimerInvoke+0x8d) [0xf7d3af23]
    /usr/lib/libccsp_common.so.0(AnscTsoScheduleTask+0x153) [0xf7d85178]
    /usr/lib/libccsp_common.so.0(AnscCoVer3EngineTask+0x58) [0xf7d8c2f5]
    /usr/lib/libccsp_common.so.0(AnscTaskRoutine1+0x36) [0xf7d9a3f0]
    /usr/ccsp/../../lib/libpthread.so.0(+0x7f91) [0xf7ef0f91]
    /usr/ccsp/../../lib/libc.so.6(clone+0x66) [0xf7b7eb96]
