
@@@eSafeDevice_Initialize(macAddr)
    /usr/lib/libgwprovappabs.so.0(eSafeDevice_Initialize+0x76) [0xf7ecf6c9]
    /usr/bin/CcspCMAgentSsp() [0x80501a7]
    /usr/bin/CcspCMAgentSsp() [0x80502ba]
    /usr/ccsp/../../lib/libpthread.so.0(+0x7f91) [0xf7ef0f91]
    /usr/ccsp/../../lib/libc.so.6(clone+0x66) [0xf7b7eb96]

@@@SME_CreateEventHandler(pAppCallBack)
    /usr/lib/libgwprovappabs.so.0(SME_CreateEventHandler+0x76) [0xf7ed073a]
    /usr/bin/CcspCMAgentSsp() [0x8050245]
    /usr/bin/CcspCMAgentSsp() [0x80502ba]
    /usr/ccsp/../../lib/libpthread.so.0(+0x7f91) [0xf7ef0f91]
    /usr/ccsp/../../lib/libc.so.6(clone+0x66) [0xf7b7eb96]

@@@EventHandler(arg)
    /usr/lib/libgwprovappabs.so.0(+0x2369) [0xf7ece369]
    /usr/ccsp/../../lib/libpthread.so.0(+0x7f91) [0xf7ef0f91]
    /usr/ccsp/../../lib/libc.so.6(clone+0x66) [0xf7b7eb96]

@@@registerDocsisInitEvents()
    /usr/lib/libgwprovappabs.so.0(registerDocsisInitEvents+0x70) [0xf7ed034c]
    /usr/bin/CcspCMAgentSsp() [0x804dc73]
    /usr/lib/libgwprovappabs.so.0(SME_CreateEventHandler+0x118) [0xf7ed07dc]
    /usr/bin/CcspCMAgentSsp() [0x8050245]
    /usr/bin/CcspCMAgentSsp() [0x80502ba]
    /usr/ccsp/../../lib/libpthread.so.0(+0x7f91) [0xf7ef0f91]
    /usr/ccsp/../../lib/libc.so.6(clone+0x66) [0xf7b7eb96]

@@@sendProcessReadySignal()
    /usr/lib/libgwprovappabs.so.0(sendProcessReadySignal+0x70) [0xf7ed0c13]
    /usr/bin/CcspCMAgentSsp() [0x804dda3]
    /usr/lib/libgwprovappabs.so.0(SME_CreateEventHandler+0x118) [0xf7ed07dc]
    /usr/bin/CcspCMAgentSsp() [0x8050245]
    /usr/bin/CcspCMAgentSsp() [0x80502ba]
    /usr/ccsp/../../lib/libpthread.so.0(+0x7f91) [0xf7ef0f91]
    /usr/ccsp/../../lib/libc.so.6(clone+0x66) [0xf7b7eb96]

@@@getNetworkDeviceMacAddress(macAddr)
    /usr/lib/libgwprovappabs.so.0(getNetworkDeviceMacAddress+0x70) [0xf7ecfde8]
    /usr/bin/CcspCMAgentSsp() [0x804ddae]
    /usr/lib/libgwprovappabs.so.0(SME_CreateEventHandler+0x118) [0xf7ed07dc]
    /usr/bin/CcspCMAgentSsp() [0x8050245]
    /usr/bin/CcspCMAgentSsp() [0x80502ba]
    /usr/ccsp/../../lib/libpthread.so.0(+0x7f91) [0xf7ef0f91]
    /usr/ccsp/../../lib/libc.so.6(clone+0x66) [0xf7b7eb96]

@@@initializeDocsisInterface()
    /usr/lib/libgwprovappabs.so.0(initializeDocsisInterface+0x70) [0xf7ed0531]
    /usr/bin/CcspCMAgentSsp() [0x804e01a]
    /usr/lib/libgwprovappabs.so.0(+0x240e) [0xf7ece40e]
    /usr/ccsp/../../lib/libpthread.so.0(+0x7f91) [0xf7ef0f91]
    /usr/ccsp/../../lib/libc.so.6(clone+0x66) [0xf7b7eb96]

@@@getNetworkDeviceMacAddress(macAddr)
    /usr/lib/libgwprovappabs.so.0(getNetworkDeviceMacAddress+0x70) [0xf7ecfde8]
    /usr/bin/CcspCMAgentSsp() [0x804e022]
    /usr/lib/libgwprovappabs.so.0(+0x240e) [0xf7ece40e]
    /usr/ccsp/../../lib/libpthread.so.0(+0x7f91) [0xf7ef0f91]
    /usr/ccsp/../../lib/libc.so.6(clone+0x66) [0xf7b7eb96]

@@@eSafeDevice_Initialize(macAddr)
    /usr/lib/libgwprovappabs.so.0(eSafeDevice_Initialize+0x76) [0xf7ecf6c9]
    /usr/bin/CcspCMAgentSsp() [0x804e02a]
    /usr/lib/libgwprovappabs.so.0(+0x240e) [0xf7ece40e]
    /usr/ccsp/../../lib/libpthread.so.0(+0x7f91) [0xf7ef0f91]
    /usr/ccsp/../../lib/libc.so.6(clone+0x66) [0xf7b7eb96]

@@@eSafeDevice_SetProvisioningStatusProgress(StatusProgress)
    /usr/lib/libgwprovappabs.so.0(eSafeDevice_SetProvisioningStatusProgress+0x70) [0xf7ecf9f4]
    /usr/bin/CcspCMAgentSsp() [0x804e036]
    /usr/lib/libgwprovappabs.so.0(+0x240e) [0xf7ece40e]
    /usr/ccsp/../../lib/libpthread.so.0(+0x7f91) [0xf7ef0f91]
    /usr/ccsp/../../lib/libc.so.6(clone+0x66) [0xf7b7eb96]

@@@eSafeDevice_Enable(enableMode)
    /usr/lib/libgwprovappabs.so.0(eSafeDevice_Enable+0x70) [0xf7ecf5dc]
    /usr/bin/CcspCMAgentSsp() [0x804e077]
    /usr/lib/libgwprovappabs.so.0(+0x240e) [0xf7ece40e]
    /usr/ccsp/../../lib/libpthread.so.0(+0x7f91) [0xf7ef0f91]
    /usr/ccsp/../../lib/libc.so.6(clone+0x66) [0xf7b7eb96]

@@@eSafeDevice_SetErouterOperStatus(operStatus)
    /usr/lib/libgwprovappabs.so.0(eSafeDevice_SetErouterOperStatus+0x70) [0xf7ecfd01]
    /usr/bin/CcspCMAgentSsp() [0x804e0c3]
    /usr/lib/libgwprovappabs.so.0(+0x240e) [0xf7ece40e]
    /usr/ccsp/../../lib/libpthread.so.0(+0x7f91) [0xf7ef0f91]
    /usr/ccsp/../../lib/libc.so.6(clone+0x66) [0xf7b7eb96]

@@@eSafeDevice_SetErouterOperationMode(operMode)
    /usr/lib/libgwprovappabs.so.0(eSafeDevice_SetErouterOperationMode+0x70) [0xf7ecf901]
    /usr/bin/CcspCMAgentSsp() [0x804e0db]
    /usr/lib/libgwprovappabs.so.0(+0x240e) [0xf7ece40e]
    /usr/ccsp/../../lib/libpthread.so.0(+0x7f91) [0xf7ef0f91]
    /usr/ccsp/../../lib/libc.so.6(clone+0x66) [0xf7b7eb96]

@@@eSafeDevice_SetServiceIntImpact()
    /usr/lib/libgwprovappabs.so.0(eSafeDevice_SetServiceIntImpact+0x70) [0xf7ecfc0a]
    /usr/bin/CcspCMAgentSsp() [0x804e0e0]
    /usr/lib/libgwprovappabs.so.0(+0x240e) [0xf7ece40e]
    /usr/ccsp/../../lib/libpthread.so.0(+0x7f91) [0xf7ef0f91]
    /usr/ccsp/../../lib/libc.so.6(clone+0x66) [0xf7b7eb96]

@@@connectLocalBridge(a)
    /usr/lib/libgwprovappabs.so.0(connectLocalBridge+0x6a) [0xf7ed017e]
    /usr/bin/CcspCMAgentSsp() [0x804e127]
    /usr/lib/libgwprovappabs.so.0(+0x240e) [0xf7ece40e]
    /usr/ccsp/../../lib/libpthread.so.0(+0x7f91) [0xf7ef0f91]
    /usr/ccsp/../../lib/libc.so.6(clone+0x66) [0xf7b7eb96]

@@@connectLocalBridge(a)
    /usr/lib/libgwprovappabs.so.0(connectLocalBridge+0x6a) [0xf7ed017e]
    /usr/bin/CcspCMAgentSsp() [0x804e149]
    /usr/lib/libgwprovappabs.so.0(+0x240e) [0xf7ece40e]
    /usr/ccsp/../../lib/libpthread.so.0(+0x7f91) [0xf7ef0f91]
    /usr/ccsp/../../lib/libc.so.6(clone+0x66) [0xf7b7eb96]

@@@notifyDocsisInitializedResponse()
    /usr/lib/libgwprovappabs.so.0(notifyDocsisInitializedResponse+0x70) [0xf7ed0265]
    /usr/bin/CcspCMAgentSsp() [0x804e15a]
    /usr/lib/libgwprovappabs.so.0(+0x240e) [0xf7ece40e]
    /usr/ccsp/../../lib/libpthread.so.0(+0x7f91) [0xf7ef0f91]
    /usr/ccsp/../../lib/libc.so.6(clone+0x66) [0xf7b7eb96]

@@@getInterfaceLinkLocalAddress(ifname, linkLocalAddr)
    /usr/lib/libgwprovappabs.so.0(getInterfaceLinkLocalAddress+0x70) [0xf7ed009d]
    /usr/bin/CcspCMAgentSsp() [0x804e16d]
    /usr/lib/libgwprovappabs.so.0(+0x240e) [0xf7ece40e]
    /usr/ccsp/../../lib/libpthread.so.0(+0x7f91) [0xf7ef0f91]
    /usr/ccsp/../../lib/libc.so.6(clone+0x66) [0xf7b7eb96]

@@@getMultiCastGroupAddress(inetAddr, inetMcgrpAddr)
    /usr/lib/libgwprovappabs.so.0(getMultiCastGroupAddress+0x70) [0xf7ecfecf]
    /usr/bin/CcspCMAgentSsp() [0x804e176]
    /usr/lib/libgwprovappabs.so.0(+0x240e) [0xf7ece40e]
    /usr/ccsp/../../lib/libpthread.so.0(+0x7f91) [0xf7ef0f91]
    /usr/ccsp/../../lib/libc.so.6(clone+0x66) [0xf7b7eb96]

@@@getInterfaceLinkLocalAddress(ifname, linkLocalAddr)
    /usr/lib/libgwprovappabs.so.0(getInterfaceLinkLocalAddress+0x70) [0xf7ed009d]
    /usr/bin/CcspCMAgentSsp() [0x804e243]
    /usr/lib/libgwprovappabs.so.0(+0x240e) [0xf7ece40e]
    /usr/ccsp/../../lib/libpthread.so.0(+0x7f91) [0xf7ef0f91]
    /usr/ccsp/../../lib/libc.so.6(clone+0x66) [0xf7b7eb96]

@@@getMultiCastGroupAddress(inetAddr, inetMcgrpAddr)
    /usr/lib/libgwprovappabs.so.0(getMultiCastGroupAddress+0x70) [0xf7ecfecf]
    /usr/bin/CcspCMAgentSsp() [0x804e252]
    /usr/lib/libgwprovappabs.so.0(+0x240e) [0xf7ece40e]
    /usr/ccsp/../../lib/libpthread.so.0(+0x7f91) [0xf7ef0f91]
    /usr/ccsp/../../lib/libc.so.6(clone+0x66) [0xf7b7eb96]

@@@eSafeDevice_GetErouterOperationMode(operMode)
    /usr/lib/libgwprovappabs.so.0(eSafeDevice_GetErouterOperationMode+0x7e) [0xf7ecfaf5]
    /usr/bin/CcspCMAgentSsp() [0x804e9be]
    /usr/lib/libgwprovappabs.so.0(+0x2478) [0xf7ece478]
    /usr/ccsp/../../lib/libpthread.so.0(+0x7f91) [0xf7ef0f91]
    /usr/ccsp/../../lib/libc.so.6(clone+0x66) [0xf7b7eb96]

@@@sendPseudoBridgeModeMessage(enable)
    /usr/lib/libgwprovappabs.so.0(sendPseudoBridgeModeMessage+0x70) [0xf7ecf4f3]
    /usr/bin/CcspCMAgentSsp() [0x804e626]
    /usr/bin/CcspCMAgentSsp() [0x8052fb9]
    /usr/bin/CcspCMAgentSsp() [0x804e9fb]
    /usr/lib/libgwprovappabs.so.0(+0x2478) [0xf7ece478]
    /usr/ccsp/../../lib/libpthread.so.0(+0x7f91) [0xf7ef0f91]
    /usr/ccsp/../../lib/libc.so.6(clone+0x66) [0xf7b7eb96]

@@@eSafeDevice_SetErouterOperationMode(operMode)
    /usr/lib/libgwprovappabs.so.0(eSafeDevice_SetErouterOperationMode+0x70) [0xf7ecf901]
    /usr/bin/CcspCMAgentSsp() [0x8052fc7]
    /usr/bin/CcspCMAgentSsp() [0x804e9fb]
    /usr/lib/libgwprovappabs.so.0(+0x2478) [0xf7ece478]
    /usr/ccsp/../../lib/libpthread.so.0(+0x7f91) [0xf7ef0f91]
    /usr/ccsp/../../lib/libc.so.6(clone+0x66) [0xf7b7eb96]

@@@notificationReply_CfgFileForEsafe()
    /usr/lib/libgwprovappabs.so.0(notificationReply_CfgFileForEsafe+0x70) [0xf7ed0877]
    /usr/bin/CcspCMAgentSsp() [0x804ea56]
    /usr/lib/libgwprovappabs.so.0(+0x2478) [0xf7ece478]
    /usr/ccsp/../../lib/libpthread.so.0(+0x7f91) [0xf7ef0f91]
    /usr/ccsp/../../lib/libc.so.6(clone+0x66) [0xf7b7eb96]

@@@sendPseudoBridgeModeMessage(enable)
    /usr/lib/libgwprovappabs.so.0(sendPseudoBridgeModeMessage+0x70) [0xf7ecf4f3]
    /usr/bin/CcspCMAgentSsp() [0x804e626]
    /usr/bin/CcspCMAgentSsp() [0x804ea5b]
    /usr/lib/libgwprovappabs.so.0(+0x2478) [0xf7ece478]
    /usr/ccsp/../../lib/libpthread.so.0(+0x7f91) [0xf7ef0f91]
    /usr/ccsp/../../lib/libc.so.6(clone+0x66) [0xf7b7eb96]

@@@eSafeDevice_SetProvisioningStatusProgress(StatusProgress)
    /usr/lib/libgwprovappabs.so.0(eSafeDevice_SetProvisioningStatusProgress+0x70) [0xf7ecf9f4]
    /usr/bin/CcspCMAgentSsp() [0x804efb8]
    /usr/ccsp/../../lib/libpthread.so.0(+0x7f91) [0xf7ef0f91]
    /usr/ccsp/../../lib/libc.so.6(clone+0x66) [0xf7b7eb96]

@@@eSafeDevice_GetErouterOperationMode(operMode)
    /usr/lib/libgwprovappabs.so.0(eSafeDevice_GetErouterOperationMode+0x7e) [0xf7ecfaf5]
    /usr/bin/CcspCMAgentSsp() [0x804efc6]
    /usr/ccsp/../../lib/libpthread.so.0(+0x7f91) [0xf7ef0f91]
    /usr/ccsp/../../lib/libc.so.6(clone+0x66) [0xf7b7eb96]

@@@eSafeDevice_SetErouterOperationMode(operMode)
    /usr/lib/libgwprovappabs.so.0(eSafeDevice_SetErouterOperationMode+0x70) [0xf7ecf901]
    /usr/bin/CcspCMAgentSsp() [0x804f03c]
    /usr/ccsp/../../lib/libpthread.so.0(+0x7f91) [0xf7ef0f91]
    /usr/ccsp/../../lib/libc.so.6(clone+0x66) [0xf7b7eb96]

@@@eSafeDevice_SetProvisioningStatusProgress(StatusProgress)
    /usr/lib/libgwprovappabs.so.0(eSafeDevice_SetProvisioningStatusProgress+0x70) [0xf7ecf9f4]
    /usr/bin/CcspCMAgentSsp() [0x804f0cd]
    /usr/ccsp/../../lib/libpthread.so.0(+0x7f91) [0xf7ef0f91]
    /usr/ccsp/../../lib/libc.so.6(clone+0x66) [0xf7b7eb96]

@@@eSafeDevice_GetErouterOperationMode(operMode)
    /usr/lib/libgwprovappabs.so.0(eSafeDevice_GetErouterOperationMode+0x7e) [0xf7ecfaf5]
    /usr/bin/CcspCMAgentSsp() [0x804f0db]
    /usr/ccsp/../../lib/libpthread.so.0(+0x7f91) [0xf7ef0f91]
    /usr/ccsp/../../lib/libc.so.6(clone+0x66) [0xf7b7eb96]

@@@eSafeDevice_SetErouterOperationMode(operMode)
    /usr/lib/libgwprovappabs.so.0(eSafeDevice_SetErouterOperationMode+0x70) [0xf7ecf901]
    /usr/bin/CcspCMAgentSsp() [0x804f140]
    /usr/ccsp/../../lib/libpthread.so.0(+0x7f91) [0xf7ef0f91]
    /usr/ccsp/../../lib/libc.so.6(clone+0x66) [0xf7b7eb96]

@@@getMultiCastGroupAddress(inetAddr, inetMcgrpAddr)
    /usr/lib/libgwprovappabs.so.0(getMultiCastGroupAddress+0x70) [0xf7ecfecf]
    /usr/bin/CcspCMAgentSsp() [0x804f684]
    /usr/ccsp/../../lib/libpthread.so.0(+0x7f91) [0xf7ef0f91]
    /usr/ccsp/../../lib/libc.so.6(clone+0x66) [0xf7b7eb96]

@@@sendPseudoBridgeModeMessage(enable)
    /usr/lib/libgwprovappabs.so.0(sendPseudoBridgeModeMessage+0x70) [0xf7ecf4f3]
    /usr/bin/CcspCMAgentSsp() [0x8050003]
    /usr/lib/libgwprovappabs.so.0(+0x249e) [0xf7ece49e]
    /usr/ccsp/../../lib/libpthread.so.0(+0x7f91) [0xf7ef0f91]
    /usr/ccsp/../../lib/libc.so.6(clone+0x66) [0xf7b7eb96]
