[Tue Nov 19 23:09:21 UTC 2024] latticecli -n get Cm.Provisioning.IPv4.IPAddress
[Tue Nov 19 23:09:21 UTC 2024] latticecli -n get Mta.Provisioning.IPv4.IPAddress
[Tue Nov 19 23:09:21 UTC 2024] latticecli -n get Cm.Provisioning.IPv4.IPAddress
[Tue Nov 19 23:09:21 UTC 2024] latticecli -n get Mta.Provisioning.IPv4.IPAddress
[Tue Nov 19 23:09:34 Universal 2024] latticecli -n set AltWan.EthWanInterface disable
[Tue Nov 19 23:09:34 UTC 2024] latticecli -n get Cm.Provisioning.IPv4.IPAddress
[Tue Nov 19 23:09:34 UTC 2024] latticecli -n get Mta.Provisioning.IPv4.IPAddress
[Tue Nov 19 23:09:34 UTC 2024] latticecli -n get Cm.Provisioning.IPv4.IPAddress
[Tue Nov 19 23:09:34 UTC 2024] latticecli -n get Mta.Provisioning.IPv4.IPAddress
[Tue Nov 19 23:09:34 UTC 2024] latticecli -n get Cm.Provisioning.IPv4.IPAddress
[Tue Nov 19 23:09:34 UTC 2024] latticecli -n get Cm.Provisioning.IPv4.IPAddress
[Tue Nov 19 23:09:34 UTC 2024] latticecli -n get Mta.Provisioning.IPv4.IPAddress
[Tue Nov 19 23:09:34 UTC 2024] latticecli -n get Cm.Provisioning.IPv4.IPAddress
[Tue Nov 19 23:09:35 UTC 2024] latticecli -n get Mta.Provisioning.IPv4.IPAddress
[Tue Nov 19 23:09:35 UTC 2024] latticecli -n get Cm.Provisioning.IPv4.IPAddress
[Tue Nov 19 23:09:35 UTC 2024] latticecli -n get Cm.Provisioning.IPv4.IPAddress
[Tue Nov 19 23:09:35 UTC 2024] latticecli -n get Mta.Provisioning.IPv4.IPAddress
[Tue Nov 19 23:09:35 UTC 2024] latticecli -n get Cm.Provisioning.IPv4.IPAddress
[Tue Nov 19 23:09:35 UTC 2024] latticecli -n get Mta.Provisioning.IPv4.IPAddress
[Tue Nov 19 23:09:35 UTC 2024] latticecli -n get Cm.Provisioning.IPv4.IPAddress
[Tue Nov 19 23:09:35 UTC 2024] latticecli -n get Cm.Provisioning.IPv6.IPAddress
[Tue Nov 19 23:09:35 UTC 2024] latticecli -n get Cm.Provisioning.IPv6.IPAddress
[Tue Nov 19 23:09:35 UTC 2024] latticecli -n get Cm.Provisioning.IPv4.IPAddress
[Tue Nov 19 23:09:35 UTC 2024] latticecli -n get Mta.Provisioning.IPv4.IPAddress
[Tue Nov 19 23:09:35 UTC 2024] latticecli -n get Cm.Provisioning.IPv4.IPAddress
[Tue Nov 19 23:09:35 UTC 2024] latticecli -n get Mta.Provisioning.IPv4.IPAddress
[Tue Nov 19 23:09:35 UTC 2024] latticecli -n get Cm.Provisioning.IPv4.IPAddress
[Tue Nov 19 23:09:35 UTC 2024] latticecli -n get Cm.Provisioning.IPv6.IPAddress
[Tue Nov 19 23:09:35 UTC 2024] latticecli -n get Cm.Provisioning.IPv6.IPAddress
[Tue Nov 19 23:09:35 UTC 2024] latticecli -n get Cm.Provisioning.IPv4.IPAddress
[Tue Nov 19 23:09:35 UTC 2024] latticecli -n get Mta.Provisioning.IPv4.IPAddress
[Tue Nov 19 23:09:35 UTC 2024] latticecli -n get Cm.Provisioning.IPv4.IPAddress
[Tue Nov 19 23:09:35 UTC 2024] latticecli -n get Mta.Provisioning.IPv4.IPAddress
[Tue Nov 19 23:09:35 UTC 2024] latticecli -n get Cm.Provisioning.IPv4.IPAddress
[Tue Nov 19 23:09:35 UTC 2024] latticecli -n get Cm.Provisioning.IPv6.IPAddress
[Tue Nov 19 23:09:35 UTC 2024] latticecli -n get Cm.Provisioning.IPv6.IPAddress
[Tue Nov 19 23:09:36 Universal 2024] latticecli -n get Cm.Provisioning.IPv4.IPAddress
[Tue Nov 19 23:09:36 Universal 2024] latticecli -n get Mta.Provisioning.IPv4.IPAddress
[Tue Nov 19 23:09:36 Universal 2024] latticecli -n get Cm.Provisioning.IPv4.IPAddress
[Tue Nov 19 23:09:36 Universal 2024] latticecli -n get Mta.Provisioning.IPv4.IPAddress
[Tue Nov 19 23:09:36 Universal 2024] latticecli -n get Cm.Provisioning.IPv4.IPAddress
[Tue Nov 19 23:09:36 Universal 2024] latticecli -n get Cm.Provisioning.IPv6.IPAddress
[Tue Nov 19 23:09:36 Universal 2024] latticecli -n get Cm.Provisioning.IPv6.IPAddress
