
@@@cm_hal_InitDB()
    /usr/lib/libcm_mgnt.so.0(cm_hal_InitDB+0x70) [0xf6521960]
    /usr/lib/libcm_tr181.so(CosaDmlCMInit+0x48) [0xf673ff9e]
    /usr/lib/libcm_tr181.so(CosaCableModemInitialize+0x1c) [0xf673c2da]
    /usr/lib/libcm_tr181.so(CosaCableModemCreate+0x51) [0xf673c332]
    /usr/lib/libcm_tr181.so(CosaBackEndManagerInitialize+0x88) [0xf673a3e3]
    /usr/lib/libcm_tr181.so(COSA_Init+0x353) [0xf673a21c]
    /usr/lib/libccsp_common.so.0(DslhDmagntLoadDataModelXMLInternal+0x127) [0xf7df804e]
    /usr/lib/libccsp_common.so.0(DslhDmagntLoadDataModelXML2+0x32) [0xf7df82a2]
    /usr/lib/libccsp_common.so.0(DslhCpecoLoadExternalDMLibFile2+0x28) [0xf7df9f08]
    /usr/lib/libccsp_common.so.0(DslhCpecoRegisterDataModelInternal+0x1fa) [0xf7dfa59e]
    /usr/lib/libccsp_common.so.0(DslhCpecoRegisterDataModel2+0x2c) [0xf7dfaa16]
    /usr/bin/CcspCMAgentSsp() [0x804b4a5]
    /usr/bin/CcspCMAgentSsp() [0x804adbc]
    /usr/bin/CcspCMAgentSsp() [0x804a8d0]
    /usr/ccsp/../../lib/libc.so.6(__libc_start_main+0xf1) [0xf7b68eb1]
    /usr/bin/CcspCMAgentSsp() [0x804aa41]

@@@docsis_GetNumOfActiveRxChannels(cnt)
    /usr/lib/libcm_mgnt.so.0(docsis_GetNumOfActiveRxChannels+0x76) [0xf651fbe8]
    /usr/lib/libcm_tr181.so(CosaDmlCmGetCMErrorCodewords+0x71) [0xf67409df]
    /usr/lib/libcm_tr181.so(CMErrorCodewords_Synchronize+0x4c) [0xf673b841]
    /usr/lib/libccsp_common.so.0(DslhObjroPopulateObjRecords+0x8a) [0xf7de67c4]
    /usr/lib/libccsp_common.so.0(DslhObjroPopulateObjRecords+0x52b) [0xf7de6c65]
    /usr/lib/libccsp_common.so.0(DslhObjroPopulateObjRecords+0x52b) [0xf7de6c65]
    /usr/lib/libccsp_common.so.0(DslhObjroPopulateObjRecords+0x52b) [0xf7de6c65]
    /usr/lib/libccsp_common.so.0(DslhWmpdoCreateRecordTree+0xbc) [0xf7debe11]
    /usr/lib/libccsp_common.so.0(DslhCpecoInitDataModel+0x14) [0xf7df98b8]
    /usr/lib/libccsp_common.so.0(DslhCpecoRegisterDataModelInternal+0x230) [0xf7dfa5d4]
    /usr/lib/libccsp_common.so.0(DslhCpecoRegisterDataModel2+0x2c) [0xf7dfaa16]
    /usr/bin/CcspCMAgentSsp() [0x804b4a5]
    /usr/bin/CcspCMAgentSsp() [0x804adbc]
    /usr/bin/CcspCMAgentSsp() [0x804a8d0]
    /usr/ccsp/../../lib/libc.so.6(__libc_start_main+0xf1) [0xf7b68eb1]
    /usr/bin/CcspCMAgentSsp() [0x804aa41]

@@@docsis_GetDocsisEventLogItems(entryArray, len)
    /usr/lib/libcm_mgnt.so.0(docsis_GetDocsisEventLogItems+0x70) [0xf6522e99]
    /usr/lib/libcm_tr181.so(CosaDmlCmGetDocsisLog+0xab) [0xf674012f]
    /usr/lib/libcm_tr181.so(DocsisLog_Synchronize+0x4c) [0xf673b9ef]
    /usr/lib/libccsp_common.so.0(DslhObjroPopulateObjRecords+0x8a) [0xf7de67c4]
    /usr/lib/libccsp_common.so.0(DslhObjroPopulateObjRecords+0x52b) [0xf7de6c65]
    /usr/lib/libccsp_common.so.0(DslhObjroPopulateObjRecords+0x52b) [0xf7de6c65]
    /usr/lib/libccsp_common.so.0(DslhObjroPopulateObjRecords+0x52b) [0xf7de6c65]
    /usr/lib/libccsp_common.so.0(DslhWmpdoCreateRecordTree+0xbc) [0xf7debe11]
    /usr/lib/libccsp_common.so.0(DslhCpecoInitDataModel+0x14) [0xf7df98b8]
    /usr/lib/libccsp_common.so.0(DslhCpecoRegisterDataModelInternal+0x230) [0xf7dfa5d4]
    /usr/lib/libccsp_common.so.0(DslhCpecoRegisterDataModel2+0x2c) [0xf7dfaa16]
    /usr/bin/CcspCMAgentSsp() [0x804b4a5]
    /usr/bin/CcspCMAgentSsp() [0x804adbc]
    /usr/bin/CcspCMAgentSsp() [0x804a8d0]
    /usr/ccsp/../../lib/libc.so.6(__libc_start_main+0xf1) [0xf7b68eb1]
    /usr/bin/CcspCMAgentSsp() [0x804aa41]

@@@docsis_GetNumOfActiveRxChannels(cnt)
    /usr/lib/libcm_mgnt.so.0(docsis_GetNumOfActiveRxChannels+0x76) [0xf651fbe8]
    /usr/lib/libcm_tr181.so(CosaDmlCmGetDownstreamChannel+0x88) [0xf67402ea]
    /usr/lib/libcm_tr181.so(DownstreamChannel_Synchronize+0x51) [0xf673bc0c]
    /usr/lib/libccsp_common.so.0(DslhObjroPopulateObjRecords+0x8a) [0xf7de67c4]
    /usr/lib/libccsp_common.so.0(DslhObjroPopulateObjRecords+0x52b) [0xf7de6c65]
    /usr/lib/libccsp_common.so.0(DslhObjroPopulateObjRecords+0x52b) [0xf7de6c65]
    /usr/lib/libccsp_common.so.0(DslhObjroPopulateObjRecords+0x52b) [0xf7de6c65]
    /usr/lib/libccsp_common.so.0(DslhWmpdoCreateRecordTree+0xbc) [0xf7debe11]
    /usr/lib/libccsp_common.so.0(DslhCpecoInitDataModel+0x14) [0xf7df98b8]
    /usr/lib/libccsp_common.so.0(DslhCpecoRegisterDataModelInternal+0x230) [0xf7dfa5d4]
    /usr/lib/libccsp_common.so.0(DslhCpecoRegisterDataModel2+0x2c) [0xf7dfaa16]
    /usr/bin/CcspCMAgentSsp() [0x804b4a5]
    /usr/bin/CcspCMAgentSsp() [0x804adbc]
    /usr/bin/CcspCMAgentSsp() [0x804a8d0]
    /usr/ccsp/../../lib/libc.so.6(__libc_start_main+0xf1) [0xf7b68eb1]
    /usr/bin/CcspCMAgentSsp() [0x804aa41]

@@@docsis_getDsOFDMChannelCount(count)
    /usr/lib/libcm_mgnt.so.0(docsis_getDsOFDMChannelCount+0x76) [0xf6522812]
    /usr/lib/libcm_tr181.so(CosaDmlCmGetDownstreamChannel+0xee) [0xf6740350]
    /usr/lib/libcm_tr181.so(DownstreamChannel_Synchronize+0x51) [0xf673bc0c]
    /usr/lib/libccsp_common.so.0(DslhObjroPopulateObjRecords+0x8a) [0xf7de67c4]
    /usr/lib/libccsp_common.so.0(DslhObjroPopulateObjRecords+0x52b) [0xf7de6c65]
    /usr/lib/libccsp_common.so.0(DslhObjroPopulateObjRecords+0x52b) [0xf7de6c65]
    /usr/lib/libccsp_common.so.0(DslhObjroPopulateObjRecords+0x52b) [0xf7de6c65]
    /usr/lib/libccsp_common.so.0(DslhWmpdoCreateRecordTree+0xbc) [0xf7debe11]
    /usr/lib/libccsp_common.so.0(DslhCpecoInitDataModel+0x14) [0xf7df98b8]
    /usr/lib/libccsp_common.so.0(DslhCpecoRegisterDataModelInternal+0x230) [0xf7dfa5d4]
    /usr/lib/libccsp_common.so.0(DslhCpecoRegisterDataModel2+0x2c) [0xf7dfaa16]
    /usr/bin/CcspCMAgentSsp() [0x804b4a5]
    /usr/bin/CcspCMAgentSsp() [0x804adbc]
    /usr/bin/CcspCMAgentSsp() [0x804a8d0]
    /usr/ccsp/../../lib/libc.so.6(__libc_start_main+0xf1) [0xf7b68eb1]
    /usr/bin/CcspCMAgentSsp() [0x804aa41]

@@@docsis_GetNumOfActiveTxChannels(cnt)
    /usr/lib/libcm_mgnt.so.0(docsis_GetNumOfActiveTxChannels+0x76) [0xf6521a4f]
    /usr/lib/libcm_tr181.so(CosaDmlCmGetUpstreamChannel+0x8f) [0xf6740479]
    /usr/lib/libcm_tr181.so(UpstreamChannel_Synchronize+0x51) [0xf673bf24]
    /usr/lib/libccsp_common.so.0(DslhObjroPopulateObjRecords+0x8a) [0xf7de67c4]
    /usr/lib/libccsp_common.so.0(DslhObjroPopulateObjRecords+0x52b) [0xf7de6c65]
    /usr/lib/libccsp_common.so.0(DslhObjroPopulateObjRecords+0x52b) [0xf7de6c65]
    /usr/lib/libccsp_common.so.0(DslhObjroPopulateObjRecords+0x52b) [0xf7de6c65]
    /usr/lib/libccsp_common.so.0(DslhWmpdoCreateRecordTree+0xbc) [0xf7debe11]
    /usr/lib/libccsp_common.so.0(DslhCpecoInitDataModel+0x14) [0xf7df98b8]
    /usr/lib/libccsp_common.so.0(DslhCpecoRegisterDataModelInternal+0x230) [0xf7dfa5d4]
    /usr/lib/libccsp_common.so.0(DslhCpecoRegisterDataModel2+0x2c) [0xf7dfaa16]
    /usr/bin/CcspCMAgentSsp() [0x804b4a5]
    /usr/bin/CcspCMAgentSsp() [0x804adbc]
    /usr/bin/CcspCMAgentSsp() [0x804a8d0]
    /usr/ccsp/../../lib/libc.so.6(__libc_start_main+0xf1) [0xf7b68eb1]
    /usr/bin/CcspCMAgentSsp() [0x804aa41]

@@@docsis_getUsOFDMAChannelCount(count)
    /usr/lib/libcm_mgnt.so.0(docsis_getUsOFDMAChannelCount+0x70) [0xf6523362]
    /usr/lib/libcm_tr181.so(CosaDmlCmGetUpstreamChannel+0xf2) [0xf67404dc]
    /usr/lib/libcm_tr181.so(UpstreamChannel_Synchronize+0x51) [0xf673bf24]
    /usr/lib/libccsp_common.so.0(DslhObjroPopulateObjRecords+0x8a) [0xf7de67c4]
    /usr/lib/libccsp_common.so.0(DslhObjroPopulateObjRecords+0x52b) [0xf7de6c65]
    /usr/lib/libccsp_common.so.0(DslhObjroPopulateObjRecords+0x52b) [0xf7de6c65]
    /usr/lib/libccsp_common.so.0(DslhObjroPopulateObjRecords+0x52b) [0xf7de6c65]
    /usr/lib/libccsp_common.so.0(DslhWmpdoCreateRecordTree+0xbc) [0xf7debe11]
    /usr/lib/libccsp_common.so.0(DslhCpecoInitDataModel+0x14) [0xf7df98b8]
    /usr/lib/libccsp_common.so.0(DslhCpecoRegisterDataModelInternal+0x230) [0xf7dfa5d4]
    /usr/lib/libccsp_common.so.0(DslhCpecoRegisterDataModel2+0x2c) [0xf7dfaa16]
    /usr/bin/CcspCMAgentSsp() [0x804b4a5]
    /usr/bin/CcspCMAgentSsp() [0x804adbc]
    /usr/bin/CcspCMAgentSsp() [0x804a8d0]
    /usr/ccsp/../../lib/libc.so.6(__libc_start_main+0xf1) [0xf7b68eb1]
    /usr/bin/CcspCMAgentSsp() [0x804aa41]

@@@qos_getServiceFlowCount(count)
    /usr/lib/libcm_mgnt.so.0(qos_getServiceFlowCount+0x76) [0xf6521e58]
    /usr/lib/libcm_tr181.so(Lgi_US_QosServiceFlow_Synchronize+0xa3) [0xf673f399]
    /usr/lib/libccsp_common.so.0(DslhObjroPopulateObjRecords+0x8a) [0xf7de67c4]
    /usr/lib/libccsp_common.so.0(DslhObjroPopulateObjRecords+0x52b) [0xf7de6c65]
    /usr/lib/libccsp_common.so.0(DslhObjroPopulateObjRecords+0x52b) [0xf7de6c65]
    /usr/lib/libccsp_common.so.0(DslhObjroPopulateObjRecords+0x52b) [0xf7de6c65]
    /usr/lib/libccsp_common.so.0(DslhObjroPopulateObjRecords+0x52b) [0xf7de6c65]
    /usr/lib/libccsp_common.so.0(DslhWmpdoCreateRecordTree+0xbc) [0xf7debe11]
    /usr/lib/libccsp_common.so.0(DslhCpecoInitDataModel+0x14) [0xf7df98b8]
    /usr/lib/libccsp_common.so.0(DslhCpecoRegisterDataModelInternal+0x230) [0xf7dfa5d4]
    /usr/lib/libccsp_common.so.0(DslhCpecoRegisterDataModel2+0x2c) [0xf7dfaa16]
    /usr/bin/CcspCMAgentSsp() [0x804b4a5]
    /usr/bin/CcspCMAgentSsp() [0x804adbc]
    /usr/bin/CcspCMAgentSsp() [0x804a8d0]
    /usr/ccsp/../../lib/libc.so.6(__libc_start_main+0xf1) [0xf7b68eb1]
    /usr/bin/CcspCMAgentSsp() [0x804aa41]

@@@qos_getServiceFlowParamCount(count)
    /usr/lib/libcm_mgnt.so.0(qos_getServiceFlowParamCount+0x76) [0xf652215a]
    /usr/lib/libcm_tr181.so(Lgi_US_QosServiceFlow_Synchronize+0xce) [0xf673f3c4]
    /usr/lib/libccsp_common.so.0(DslhObjroPopulateObjRecords+0x8a) [0xf7de67c4]
    /usr/lib/libccsp_common.so.0(DslhObjroPopulateObjRecords+0x52b) [0xf7de6c65]
    /usr/lib/libccsp_common.so.0(DslhObjroPopulateObjRecords+0x52b) [0xf7de6c65]
    /usr/lib/libccsp_common.so.0(DslhObjroPopulateObjRecords+0x52b) [0xf7de6c65]
    /usr/lib/libccsp_common.so.0(DslhObjroPopulateObjRecords+0x52b) [0xf7de6c65]
    /usr/lib/libccsp_common.so.0(DslhWmpdoCreateRecordTree+0xbc) [0xf7debe11]
    /usr/lib/libccsp_common.so.0(DslhCpecoInitDataModel+0x14) [0xf7df98b8]
    /usr/lib/libccsp_common.so.0(DslhCpecoRegisterDataModelInternal+0x230) [0xf7dfa5d4]
    /usr/lib/libccsp_common.so.0(DslhCpecoRegisterDataModel2+0x2c) [0xf7dfaa16]
    /usr/bin/CcspCMAgentSsp() [0x804b4a5]
    /usr/bin/CcspCMAgentSsp() [0x804adbc]
    /usr/bin/CcspCMAgentSsp() [0x804a8d0]
    /usr/ccsp/../../lib/libc.so.6(__libc_start_main+0xf1) [0xf7b68eb1]
    /usr/bin/CcspCMAgentSsp() [0x804aa41]

@@@qos_getServiceFlowCount(count)
    /usr/lib/libcm_mgnt.so.0(qos_getServiceFlowCount+0x76) [0xf6521e58]
    /usr/lib/libcm_tr181.so(Lgi_DS_QosServiceFlow_Synchronize+0xa3) [0xf673f714]
    /usr/lib/libccsp_common.so.0(DslhObjroPopulateObjRecords+0x8a) [0xf7de67c4]
    /usr/lib/libccsp_common.so.0(DslhObjroPopulateObjRecords+0x52b) [0xf7de6c65]
    /usr/lib/libccsp_common.so.0(DslhObjroPopulateObjRecords+0x52b) [0xf7de6c65]
    /usr/lib/libccsp_common.so.0(DslhObjroPopulateObjRecords+0x52b) [0xf7de6c65]
    /usr/lib/libccsp_common.so.0(DslhObjroPopulateObjRecords+0x52b) [0xf7de6c65]
    /usr/lib/libccsp_common.so.0(DslhWmpdoCreateRecordTree+0xbc) [0xf7debe11]
    /usr/lib/libccsp_common.so.0(DslhCpecoInitDataModel+0x14) [0xf7df98b8]
    /usr/lib/libccsp_common.so.0(DslhCpecoRegisterDataModelInternal+0x230) [0xf7dfa5d4]
    /usr/lib/libccsp_common.so.0(DslhCpecoRegisterDataModel2+0x2c) [0xf7dfaa16]
    /usr/bin/CcspCMAgentSsp() [0x804b4a5]
    /usr/bin/CcspCMAgentSsp() [0x804adbc]
    /usr/bin/CcspCMAgentSsp() [0x804a8d0]
    /usr/ccsp/../../lib/libc.so.6(__libc_start_main+0xf1) [0xf7b68eb1]
    /usr/bin/CcspCMAgentSsp() [0x804aa41]

@@@qos_getServiceFlowParamCount(count)
    /usr/lib/libcm_mgnt.so.0(qos_getServiceFlowParamCount+0x76) [0xf652215a]
    /usr/lib/libcm_tr181.so(Lgi_DS_QosServiceFlow_Synchronize+0xce) [0xf673f73f]
    /usr/lib/libccsp_common.so.0(DslhObjroPopulateObjRecords+0x8a) [0xf7de67c4]
    /usr/lib/libccsp_common.so.0(DslhObjroPopulateObjRecords+0x52b) [0xf7de6c65]
    /usr/lib/libccsp_common.so.0(DslhObjroPopulateObjRecords+0x52b) [0xf7de6c65]
    /usr/lib/libccsp_common.so.0(DslhObjroPopulateObjRecords+0x52b) [0xf7de6c65]
    /usr/lib/libccsp_common.so.0(DslhObjroPopulateObjRecords+0x52b) [0xf7de6c65]
    /usr/lib/libccsp_common.so.0(DslhWmpdoCreateRecordTree+0xbc) [0xf7debe11]
    /usr/lib/libccsp_common.so.0(DslhCpecoInitDataModel+0x14) [0xf7df98b8]
    /usr/lib/libccsp_common.so.0(DslhCpecoRegisterDataModelInternal+0x230) [0xf7dfa5d4]
    /usr/lib/libccsp_common.so.0(DslhCpecoRegisterDataModel2+0x2c) [0xf7dfaa16]
    /usr/bin/CcspCMAgentSsp() [0x804b4a5]
    /usr/bin/CcspCMAgentSsp() [0x804adbc]
    /usr/bin/CcspCMAgentSsp() [0x804a8d0]
    /usr/ccsp/../../lib/libc.so.6(__libc_start_main+0xf1) [0xf7b68eb1]
    /usr/bin/CcspCMAgentSsp() [0x804aa41]

@@@docsis_getDsOFDMChannelCount(count)
    /usr/lib/libcm_mgnt.so.0(docsis_getDsOFDMChannelCount+0x76) [0xf6522812]
    /usr/lib/libcm_tr181.so(LgiOfdmChannel_Synchronize+0x57) [0xf673ecde]
    /usr/lib/libccsp_common.so.0(DslhObjroPopulateObjRecords+0x8a) [0xf7de67c4]
    /usr/lib/libccsp_common.so.0(DslhObjroPopulateObjRecords+0x52b) [0xf7de6c65]
    /usr/lib/libccsp_common.so.0(DslhObjroPopulateObjRecords+0x52b) [0xf7de6c65]
    /usr/lib/libccsp_common.so.0(DslhObjroPopulateObjRecords+0x52b) [0xf7de6c65]
    /usr/lib/libccsp_common.so.0(DslhWmpdoCreateRecordTree+0xbc) [0xf7debe11]
    /usr/lib/libccsp_common.so.0(DslhCpecoInitDataModel+0x14) [0xf7df98b8]
    /usr/lib/libccsp_common.so.0(DslhCpecoRegisterDataModelInternal+0x230) [0xf7dfa5d4]
    /usr/lib/libccsp_common.so.0(DslhCpecoRegisterDataModel2+0x2c) [0xf7dfaa16]
    /usr/bin/CcspCMAgentSsp() [0x804b4a5]
    /usr/bin/CcspCMAgentSsp() [0x804adbc]
    /usr/bin/CcspCMAgentSsp() [0x804a8d0]
    /usr/ccsp/../../lib/libc.so.6(__libc_start_main+0xf1) [0xf7b68eb1]
    /usr/bin/CcspCMAgentSsp() [0x804aa41]

@@@docsis_getUsOFDMAChannelCount(count)
    /usr/lib/libcm_mgnt.so.0(docsis_getUsOFDMAChannelCount+0x70) [0xf6523362]
    /usr/lib/libcm_tr181.so(LgiOfdmaChannel_Synchronize+0x57) [0xf673f054]
    /usr/lib/libccsp_common.so.0(DslhObjroPopulateObjRecords+0x8a) [0xf7de67c4]
    /usr/lib/libccsp_common.so.0(DslhObjroPopulateObjRecords+0x52b) [0xf7de6c65]
    /usr/lib/libccsp_common.so.0(DslhObjroPopulateObjRecords+0x52b) [0xf7de6c65]
    /usr/lib/libccsp_common.so.0(DslhObjroPopulateObjRecords+0x52b) [0xf7de6c65]
    /usr/lib/libccsp_common.so.0(DslhWmpdoCreateRecordTree+0xbc) [0xf7debe11]
    /usr/lib/libccsp_common.so.0(DslhCpecoInitDataModel+0x14) [0xf7df98b8]
    /usr/lib/libccsp_common.so.0(DslhCpecoRegisterDataModelInternal+0x230) [0xf7dfa5d4]
    /usr/lib/libccsp_common.so.0(DslhCpecoRegisterDataModel2+0x2c) [0xf7dfaa16]
    /usr/bin/CcspCMAgentSsp() [0x804b4a5]
    /usr/bin/CcspCMAgentSsp() [0x804adbc]
    /usr/bin/CcspCMAgentSsp() [0x804a8d0]
    /usr/ccsp/../../lib/libc.so.6(__libc_start_main+0xf1) [0xf7b68eb1]
    /usr/bin/CcspCMAgentSsp() [0x804aa41]

@@@docsis_GetNumOfActiveRxChannels(cnt)
    /usr/lib/libcm_mgnt.so.0(docsis_GetNumOfActiveRxChannels+0x76) [0xf651fbe8]
    /usr/lib/libcm_tr181.so(CosaDmlCmGetDownstreamChannel+0x88) [0xf67402ea]
    /usr/lib/libcm_tr181.so(PollDocsisInformations+0x10b) [0xf6740689]
    /usr/ccsp/../../lib/libpthread.so.0(+0x7fc1) [0xf7f74fc1]
    /usr/ccsp/../../lib/libc.so.6(clone+0x66) [0xf7c48ee6]

@@@docsis_getDsOFDMChannelCount(count)
    /usr/lib/libcm_mgnt.so.0(docsis_getDsOFDMChannelCount+0x76) [0xf6522812]
    /usr/lib/libcm_tr181.so(CosaDmlCmGetDownstreamChannel+0xee) [0xf6740350]
    /usr/lib/libcm_tr181.so(PollDocsisInformations+0x10b) [0xf6740689]
    /usr/ccsp/../../lib/libpthread.so.0(+0x7fc1) [0xf7f74fc1]
    /usr/ccsp/../../lib/libc.so.6(clone+0x66) [0xf7c48ee6]

@@@docsis_GetNumOfActiveTxChannels(cnt)
    /usr/lib/libcm_mgnt.so.0(docsis_GetNumOfActiveTxChannels+0x76) [0xf6521a4f]
    /usr/lib/libcm_tr181.so(CosaDmlCmGetUpstreamChannel+0x8f) [0xf6740479]
    /usr/lib/libcm_tr181.so(PollDocsisInformations+0x279) [0xf67407f7]
    /usr/ccsp/../../lib/libpthread.so.0(+0x7fc1) [0xf7f74fc1]
    /usr/ccsp/../../lib/libc.so.6(clone+0x66) [0xf7c48ee6]

@@@docsis_getUsOFDMAChannelCount(count)
    /usr/lib/libcm_mgnt.so.0(docsis_getUsOFDMAChannelCount+0x70) [0xf6523362]
    /usr/lib/libcm_tr181.so(CosaDmlCmGetUpstreamChannel+0xf2) [0xf67404dc]
    /usr/lib/libcm_tr181.so(PollDocsisInformations+0x279) [0xf67407f7]
    /usr/ccsp/../../lib/libpthread.so.0(+0x7fc1) [0xf7f74fc1]
    /usr/ccsp/../../lib/libc.so.6(clone+0x66) [0xf7c48ee6]

@@@cm_hal_Get_ErouterModeControl(initMode)
    /usr/lib/libcm_mgnt.so.0(cm_hal_Get_ErouterModeControl+0x76) [0xf7ce83a4]
    /usr/bin/gw_prov_utopia() [0x804b6a5]
    /usr/bin/gw_prov_utopia() [0x804b99b]
    /usr/lib/libgwprovappabs.so.1(+0x149f) [0xf7f2b49f]
    /lib/libpthread.so.0(+0x7fc1) [0xf7f38fc1]
    /lib/libc.so.6(clone+0x66) [0xf7bf9ee6]

@@@cm_hal_Get_ErouterModeControl(initMode)
    /usr/lib/libcm_mgnt.so.0(cm_hal_Get_ErouterModeControl+0x76) [0xf7ce83a4]
    /usr/bin/gw_prov_utopia() [0x804f95c]
    /usr/bin/gw_prov_utopia() [0x804caa0]
    /usr/lib/libgwprovappabs.so.1(+0x1509) [0xf7f2b509]
    /lib/libpthread.so.0(+0x7fc1) [0xf7f38fc1]
    /lib/libc.so.6(clone+0x66) [0xf7bf9ee6]

@@@cm_hal_Get_HTTP_Download_Status()
    /usr/lib/libcm_mgnt.so.0(cm_hal_Get_HTTP_Download_Status+0x70) [0xf6523279]
    /usr/lib/libcm_tr181.so(CosaDmlDIGetDLStatus+0x1c) [0xf67414f3]
    /usr/lib/libcm_tr181.so(DeviceInfo_GetParamStringValue+0xa1) [0xf673c465]
    /usr/lib/libccsp_common.so.0(DslhObjcoGetParamValueByName+0x244) [0xf7de6177]
    /usr/lib/libccsp_common.so.0(DslhVarroGetValue+0x178) [0xf7deb06b]
    /usr/lib/libccsp_common.so.0(DslhWmpdoMprRegNotifyParam+0x5f) [0xf7decb21]
    /usr/lib/libccsp_common.so.0(DslhVarroSetNotification+0x17d) [0xf7deabe9]
    /usr/lib/libccsp_common.so.0(DslhWmpdoMpaSetParameterAttributes+0x3bb) [0xf7df225b]
    /usr/lib/libccsp_common.so.0(CcspCcMbi_SetParameterAttributes+0x1ff) [0xf7dfca34]
    /usr/lib/libccsp_common.so.0(+0xe03f3) [0xf7e153f3]
    /usr/lib/librbuscore.so.0(+0x87ed) [0xf78877ed]
    /usr/lib/librbuscore.so.0(+0x88ab) [0xf78878ab]
    /usr/lib/librtMessage.so.0(+0x5025) [0xf779b025]
    /usr/ccsp/../../lib/libpthread.so.0(+0x7fc1) [0xf7f74fc1]
    /usr/ccsp/../../lib/libc.so.6(clone+0x66) [0xf7c48ee6]

@@@cm_hal_Get_HTTP_Download_Status()
    /usr/lib/libcm_mgnt.so.0(cm_hal_Get_HTTP_Download_Status+0x70) [0xf6523279]
    /usr/lib/libcm_tr181.so(CosaDmlDIGetDLStatus+0x1c) [0xf67414f3]
    /usr/lib/libcm_tr181.so(DeviceInfo_GetParamStringValue+0xa1) [0xf673c465]
    /usr/lib/libccsp_common.so.0(DslhObjcoGetParamValueByName+0x244) [0xf7de6177]
    /usr/lib/libccsp_common.so.0(DslhVarroGetValue+0x178) [0xf7deb06b]
    /usr/lib/libccsp_common.so.0(DslhWmpdoMonitorTimerInvoke+0x8d) [0xf7df2d71]
    /usr/lib/libccsp_common.so.0(AnscTsoScheduleTask+0x153) [0xf7e3cfc2]
    /usr/lib/libccsp_common.so.0(AnscCoVer3EngineTask+0x58) [0xf7e4413f]
    /usr/lib/libccsp_common.so.0(AnscTaskRoutine1+0x36) [0xf7e52233]
    /usr/ccsp/../../lib/libpthread.so.0(+0x7fc1) [0xf7f74fc1]
    /usr/ccsp/../../lib/libc.so.6(clone+0x66) [0xf7c48ee6]

@@@cm_hal_Get_HTTP_Download_Status()
    /usr/lib/libcm_mgnt.so.0(cm_hal_Get_HTTP_Download_Status+0x70) [0xf6523279]
    /usr/lib/libcm_tr181.so(CosaDmlDIGetDLStatus+0x1c) [0xf67414f3]
    /usr/lib/libcm_tr181.so(DeviceInfo_GetParamStringValue+0xa1) [0xf673c465]
    /usr/lib/libccsp_common.so.0(DslhObjcoGetParamValueByName+0x244) [0xf7de6177]
    /usr/lib/libccsp_common.so.0(DslhVarroGetValue+0x178) [0xf7deb06b]
    /usr/lib/libccsp_common.so.0(DslhWmpdoMonitorTimerInvoke+0x8d) [0xf7df2d71]
    /usr/lib/libccsp_common.so.0(AnscTsoScheduleTask+0x153) [0xf7e3cfc2]
    /usr/lib/libccsp_common.so.0(AnscCoVer3EngineTask+0x58) [0xf7e4413f]
    /usr/lib/libccsp_common.so.0(AnscTaskRoutine1+0x36) [0xf7e52233]
    /usr/ccsp/../../lib/libpthread.so.0(+0x7fc1) [0xf7f74fc1]
    /usr/ccsp/../../lib/libc.so.6(clone+0x66) [0xf7c48ee6]

@@@cm_hal_Get_HTTP_Download_Status()
    /usr/lib/libcm_mgnt.so.0(cm_hal_Get_HTTP_Download_Status+0x70) [0xf6523279]
    /usr/lib/libcm_tr181.so(CosaDmlDIGetDLStatus+0x1c) [0xf67414f3]
    /usr/lib/libcm_tr181.so(DeviceInfo_GetParamStringValue+0xa1) [0xf673c465]
    /usr/lib/libccsp_common.so.0(DslhObjcoGetParamValueByName+0x244) [0xf7de6177]
    /usr/lib/libccsp_common.so.0(DslhVarroGetValue+0x178) [0xf7deb06b]
    /usr/lib/libccsp_common.so.0(DslhWmpdoMonitorTimerInvoke+0x8d) [0xf7df2d71]
    /usr/lib/libccsp_common.so.0(AnscTsoScheduleTask+0x153) [0xf7e3cfc2]
    /usr/lib/libccsp_common.so.0(AnscCoVer3EngineTask+0x58) [0xf7e4413f]
    /usr/lib/libccsp_common.so.0(AnscTaskRoutine1+0x36) [0xf7e52233]
    /usr/ccsp/../../lib/libpthread.so.0(+0x7fc1) [0xf7f74fc1]
    /usr/ccsp/../../lib/libc.so.6(clone+0x66) [0xf7c48ee6]

@@@cm_hal_Get_HTTP_Download_Status()
    /usr/lib/libcm_mgnt.so.0(cm_hal_Get_HTTP_Download_Status+0x70) [0xf6523279]
    /usr/lib/libcm_tr181.so(CosaDmlDIGetDLStatus+0x1c) [0xf67414f3]
    /usr/lib/libcm_tr181.so(DeviceInfo_GetParamStringValue+0xa1) [0xf673c465]
    /usr/lib/libccsp_common.so.0(DslhObjcoGetParamValueByName+0x244) [0xf7de6177]
    /usr/lib/libccsp_common.so.0(DslhVarroGetValue+0x178) [0xf7deb06b]
    /usr/lib/libccsp_common.so.0(DslhWmpdoMonitorTimerInvoke+0x8d) [0xf7df2d71]
    /usr/lib/libccsp_common.so.0(AnscTsoScheduleTask+0x153) [0xf7e3cfc2]
    /usr/lib/libccsp_common.so.0(AnscCoVer3EngineTask+0x58) [0xf7e4413f]
    /usr/lib/libccsp_common.so.0(AnscTaskRoutine1+0x36) [0xf7e52233]
    /usr/ccsp/../../lib/libpthread.so.0(+0x7fc1) [0xf7f74fc1]
    /usr/ccsp/../../lib/libc.so.6(clone+0x66) [0xf7c48ee6]

@@@cm_hal_Get_HTTP_Download_Status()
    /usr/lib/libcm_mgnt.so.0(cm_hal_Get_HTTP_Download_Status+0x70) [0xf6523279]
    /usr/lib/libcm_tr181.so(CosaDmlDIGetDLStatus+0x1c) [0xf67414f3]
    /usr/lib/libcm_tr181.so(DeviceInfo_GetParamStringValue+0xa1) [0xf673c465]
    /usr/lib/libccsp_common.so.0(DslhObjcoGetParamValueByName+0x244) [0xf7de6177]
    /usr/lib/libccsp_common.so.0(DslhVarroGetValue+0x178) [0xf7deb06b]
    /usr/lib/libccsp_common.so.0(DslhWmpdoMonitorTimerInvoke+0x8d) [0xf7df2d71]
    /usr/lib/libccsp_common.so.0(AnscTsoScheduleTask+0x153) [0xf7e3cfc2]
    /usr/lib/libccsp_common.so.0(AnscCoVer3EngineTask+0x58) [0xf7e4413f]
    /usr/lib/libccsp_common.so.0(AnscTaskRoutine1+0x36) [0xf7e52233]
    /usr/ccsp/../../lib/libpthread.so.0(+0x7fc1) [0xf7f74fc1]
    /usr/ccsp/../../lib/libc.so.6(clone+0x66) [0xf7c48ee6]

@@@cm_hal_Get_HTTP_Download_Status()
    /usr/lib/libcm_mgnt.so.0(cm_hal_Get_HTTP_Download_Status+0x70) [0xf6523279]
    /usr/lib/libcm_tr181.so(CosaDmlDIGetDLStatus+0x1c) [0xf67414f3]
    /usr/lib/libcm_tr181.so(DeviceInfo_GetParamStringValue+0xa1) [0xf673c465]
    /usr/lib/libccsp_common.so.0(DslhObjcoGetParamValueByName+0x244) [0xf7de6177]
    /usr/lib/libccsp_common.so.0(DslhVarroGetValue+0x178) [0xf7deb06b]
    /usr/lib/libccsp_common.so.0(DslhWmpdoMonitorTimerInvoke+0x8d) [0xf7df2d71]
    /usr/lib/libccsp_common.so.0(AnscTsoScheduleTask+0x153) [0xf7e3cfc2]
    /usr/lib/libccsp_common.so.0(AnscCoVer3EngineTask+0x58) [0xf7e4413f]
    /usr/lib/libccsp_common.so.0(AnscTaskRoutine1+0x36) [0xf7e52233]
    /usr/ccsp/../../lib/libpthread.so.0(+0x7fc1) [0xf7f74fc1]
    /usr/ccsp/../../lib/libc.so.6(clone+0x66) [0xf7c48ee6]

@@@cm_hal_Get_HTTP_Download_Status()
    /usr/lib/libcm_mgnt.so.0(cm_hal_Get_HTTP_Download_Status+0x70) [0xf6523279]
    /usr/lib/libcm_tr181.so(CosaDmlDIGetDLStatus+0x1c) [0xf67414f3]
    /usr/lib/libcm_tr181.so(DeviceInfo_GetParamStringValue+0xa1) [0xf673c465]
    /usr/lib/libccsp_common.so.0(DslhObjcoGetParamValueByName+0x244) [0xf7de6177]
    /usr/lib/libccsp_common.so.0(DslhVarroGetValue+0x178) [0xf7deb06b]
    /usr/lib/libccsp_common.so.0(DslhWmpdoMonitorTimerInvoke+0x8d) [0xf7df2d71]
    /usr/lib/libccsp_common.so.0(AnscTsoScheduleTask+0x153) [0xf7e3cfc2]
    /usr/lib/libccsp_common.so.0(AnscCoVer3EngineTask+0x58) [0xf7e4413f]
    /usr/lib/libccsp_common.so.0(AnscTaskRoutine1+0x36) [0xf7e52233]
    /usr/ccsp/../../lib/libpthread.so.0(+0x7fc1) [0xf7f74fc1]
    /usr/ccsp/../../lib/libc.so.6(clone+0x66) [0xf7c48ee6]

@@@cm_hal_Get_HTTP_Download_Status()
    /usr/lib/libcm_mgnt.so.0(cm_hal_Get_HTTP_Download_Status+0x70) [0xf6523279]
    /usr/lib/libcm_tr181.so(CosaDmlDIGetDLStatus+0x1c) [0xf67414f3]
    /usr/lib/libcm_tr181.so(DeviceInfo_GetParamStringValue+0xa1) [0xf673c465]
    /usr/lib/libccsp_common.so.0(DslhObjcoGetParamValueByName+0x244) [0xf7de6177]
    /usr/lib/libccsp_common.so.0(DslhVarroGetValue+0x178) [0xf7deb06b]
    /usr/lib/libccsp_common.so.0(DslhWmpdoMonitorTimerInvoke+0x8d) [0xf7df2d71]
    /usr/lib/libccsp_common.so.0(AnscTsoScheduleTask+0x153) [0xf7e3cfc2]
    /usr/lib/libccsp_common.so.0(AnscCoVer3EngineTask+0x58) [0xf7e4413f]
    /usr/lib/libccsp_common.so.0(AnscTaskRoutine1+0x36) [0xf7e52233]
    /usr/ccsp/../../lib/libpthread.so.0(+0x7fc1) [0xf7f74fc1]
    /usr/ccsp/../../lib/libc.so.6(clone+0x66) [0xf7c48ee6]

@@@cm_hal_Get_HTTP_Download_Status()
    /usr/lib/libcm_mgnt.so.0(cm_hal_Get_HTTP_Download_Status+0x70) [0xf6523279]
    /usr/lib/libcm_tr181.so(CosaDmlDIGetDLStatus+0x1c) [0xf67414f3]
    /usr/lib/libcm_tr181.so(DeviceInfo_GetParamStringValue+0xa1) [0xf673c465]
    /usr/lib/libccsp_common.so.0(DslhObjcoGetParamValueByName+0x244) [0xf7de6177]
    /usr/lib/libccsp_common.so.0(DslhVarroGetValue+0x178) [0xf7deb06b]
    /usr/lib/libccsp_common.so.0(DslhWmpdoMonitorTimerInvoke+0x8d) [0xf7df2d71]
    /usr/lib/libccsp_common.so.0(AnscTsoScheduleTask+0x153) [0xf7e3cfc2]
    /usr/lib/libccsp_common.so.0(AnscCoVer3EngineTask+0x58) [0xf7e4413f]
    /usr/lib/libccsp_common.so.0(AnscTaskRoutine1+0x36) [0xf7e52233]
    /usr/ccsp/../../lib/libpthread.so.0(+0x7fc1) [0xf7f74fc1]
    /usr/ccsp/../../lib/libc.so.6(clone+0x66) [0xf7c48ee6]

@@@cm_hal_Get_HTTP_Download_Status()
    /usr/lib/libcm_mgnt.so.0(cm_hal_Get_HTTP_Download_Status+0x70) [0xf6523279]
    /usr/lib/libcm_tr181.so(CosaDmlDIGetDLStatus+0x1c) [0xf67414f3]
    /usr/lib/libcm_tr181.so(DeviceInfo_GetParamStringValue+0xa1) [0xf673c465]
    /usr/lib/libccsp_common.so.0(DslhObjcoGetParamValueByName+0x244) [0xf7de6177]
    /usr/lib/libccsp_common.so.0(DslhVarroGetValue+0x178) [0xf7deb06b]
    /usr/lib/libccsp_common.so.0(DslhWmpdoMonitorTimerInvoke+0x8d) [0xf7df2d71]
    /usr/lib/libccsp_common.so.0(AnscTsoScheduleTask+0x153) [0xf7e3cfc2]
    /usr/lib/libccsp_common.so.0(AnscCoVer3EngineTask+0x58) [0xf7e4413f]
    /usr/lib/libccsp_common.so.0(AnscTaskRoutine1+0x36) [0xf7e52233]
    /usr/ccsp/../../lib/libpthread.so.0(+0x7fc1) [0xf7f74fc1]
    /usr/ccsp/../../lib/libc.so.6(clone+0x66) [0xf7c48ee6]
