
@@@mta_hal_InitDB()
    /usr/lib/libhal_mta.so.0(mta_hal_InitDB+0x70) [0xf645f239]
    /usr/lib/libmta_tr181.so(CosaDmlMTAInit+0x15) [0xf64cb461]
    /usr/lib/libmta_tr181.so(CosaMTAInitialize+0x1d) [0xf64c5d5c]
    /usr/lib/libmta_tr181.so(CosaMTACreate+0x51) [0xf64c5dbe]
    /usr/lib/libmta_tr181.so(CosaBackEndManagerInitialize+0x68) [0xf64c70d1]
    /usr/lib/libmta_tr181.so(COSA_Init+0x353) [0xf64c6f14]
    /usr/lib/libccsp_common.so.0(DslhDmagntLoadDataModelXMLInternal+0x127) [0xf7e0c04e]
    /usr/lib/libccsp_common.so.0(DslhDmagntLoadDataModelXML2+0x32) [0xf7e0c2a2]
    /usr/lib/libccsp_common.so.0(DslhCpecoLoadExternalDMLibFile2+0x28) [0xf7e0df08]
    /usr/lib/libccsp_common.so.0(DslhCpecoRegisterDataModelInternal+0x1fa) [0xf7e0e59e]
    /usr/lib/libccsp_common.so.0(DslhCpecoRegisterDataModel2+0x2c) [0xf7e0ea16]
    /usr/bin/CcspMtaAgentSsp() [0x804b5c8]
    /usr/bin/CcspMtaAgentSsp() [0x804b128]
    /usr/bin/CcspMtaAgentSsp() [0x804a8d0]
    /usr/ccsp/../../lib/libc.so.6(__libc_start_main+0xf1) [0xf7b6ceb1]
    /usr/bin/CcspMtaAgentSsp() [0x804aa31]

@@@mta_hal_LineTableGetNumberOfEntries()
    /usr/lib/libhal_mta.so.0(mta_hal_LineTableGetNumberOfEntries+0x70) [0xf645f4f4]
    /usr/lib/libmta_tr181.so(CosaDmlMTALineTableGetNumberOfEntries+0x15) [0xf64cb4e2]
    /usr/lib/libmta_tr181.so(CosaMTALineTableInitialize+0x1e) [0xf64c5ccd]
    /usr/lib/libmta_tr181.so(CosaMTAInitialize+0x25) [0xf64c5d64]
    /usr/lib/libmta_tr181.so(CosaMTACreate+0x51) [0xf64c5dbe]
    /usr/lib/libmta_tr181.so(CosaBackEndManagerInitialize+0x68) [0xf64c70d1]
    /usr/lib/libmta_tr181.so(COSA_Init+0x353) [0xf64c6f14]
    /usr/lib/libccsp_common.so.0(DslhDmagntLoadDataModelXMLInternal+0x127) [0xf7e0c04e]
    /usr/lib/libccsp_common.so.0(DslhDmagntLoadDataModelXML2+0x32) [0xf7e0c2a2]
    /usr/lib/libccsp_common.so.0(DslhCpecoLoadExternalDMLibFile2+0x28) [0xf7e0df08]
    /usr/lib/libccsp_common.so.0(DslhCpecoRegisterDataModelInternal+0x1fa) [0xf7e0e59e]
    /usr/lib/libccsp_common.so.0(DslhCpecoRegisterDataModel2+0x2c) [0xf7e0ea16]
    /usr/bin/CcspMtaAgentSsp() [0x804b5c8]
    /usr/bin/CcspMtaAgentSsp() [0x804b128]
    /usr/bin/CcspMtaAgentSsp() [0x804a8d0]
    /usr/ccsp/../../lib/libc.so.6(__libc_start_main+0xf1) [0xf7b6ceb1]
    /usr/bin/CcspMtaAgentSsp() [0x804aa31]

@@@mta_hal_InitDB()
    /usr/lib/libhal_mta.so.0(mta_hal_InitDB+0x70) [0xf645f239]
    /usr/lib/libmta_tr181.so(CosaDmlLgiMTAInit+0x15) [0xf64cc268]
    /usr/lib/libmta_tr181.so(CosaLgiMTAInitialize+0x2a) [0xf64cafaa]
    /usr/lib/libmta_tr181.so(CosaLgiMTACreate+0x4e) [0xf64cb001]
    /usr/lib/libmta_tr181.so(CosaBackEndManagerInitialize+0x8a) [0xf64c70f3]
    /usr/lib/libmta_tr181.so(COSA_Init+0x353) [0xf64c6f14]
    /usr/lib/libccsp_common.so.0(DslhDmagntLoadDataModelXMLInternal+0x127) [0xf7e0c04e]
    /usr/lib/libccsp_common.so.0(DslhDmagntLoadDataModelXML2+0x32) [0xf7e0c2a2]
    /usr/lib/libccsp_common.so.0(DslhCpecoLoadExternalDMLibFile2+0x28) [0xf7e0df08]
    /usr/lib/libccsp_common.so.0(DslhCpecoRegisterDataModelInternal+0x1fa) [0xf7e0e59e]
    /usr/lib/libccsp_common.so.0(DslhCpecoRegisterDataModel2+0x2c) [0xf7e0ea16]
    /usr/bin/CcspMtaAgentSsp() [0x804b5c8]
    /usr/bin/CcspMtaAgentSsp() [0x804b128]
    /usr/bin/CcspMtaAgentSsp() [0x804a8d0]
    /usr/ccsp/../../lib/libc.so.6(__libc_start_main+0xf1) [0xf7b6ceb1]
    /usr/bin/CcspMtaAgentSsp() [0x804aa31]

@@@mta_hal_GetDSXLogs(Count, ppDSXLog)
    /usr/lib/libhal_mta.so.0(mta_hal_GetDSXLogs+0x7f) [0xf646037d]
    /usr/lib/libmta_tr181.so(CosaDmlMTAGetDSXLogs+0x3c) [0xf64cba61]
    /usr/lib/libmta_tr181.so(DSXLog_Synchronize+0x5b) [0xf64c9842]
    /usr/lib/libccsp_common.so.0(DslhObjroPopulateObjRecords+0x8a) [0xf7dfa7c4]
    /usr/lib/libccsp_common.so.0(DslhObjroPopulateObjRecords+0x52b) [0xf7dfac65]
    /usr/lib/libccsp_common.so.0(DslhObjroPopulateObjRecords+0x52b) [0xf7dfac65]
    /usr/lib/libccsp_common.so.0(DslhObjroPopulateObjRecords+0x52b) [0xf7dfac65]
    /usr/lib/libccsp_common.so.0(DslhWmpdoCreateRecordTree+0xbc) [0xf7dffe11]
    /usr/lib/libccsp_common.so.0(DslhCpecoInitDataModel+0x14) [0xf7e0d8b8]
    /usr/lib/libccsp_common.so.0(DslhCpecoRegisterDataModelInternal+0x230) [0xf7e0e5d4]
    /usr/lib/libccsp_common.so.0(DslhCpecoRegisterDataModel2+0x2c) [0xf7e0ea16]
    /usr/bin/CcspMtaAgentSsp() [0x804b5c8]
    /usr/bin/CcspMtaAgentSsp() [0x804b128]
    /usr/bin/CcspMtaAgentSsp() [0x804a8d0]
    /usr/ccsp/../../lib/libc.so.6(__libc_start_main+0xf1) [0xf7b6ceb1]
    /usr/bin/CcspMtaAgentSsp() [0x804aa31]

@@@mta_hal_GetCalls(InstanceNumber, pulCount, ppCfg)
    /usr/lib/libhal_mta.so.0(mta_hal_GetCalls+0x70) [0xf646019c]
    /usr/lib/libmta_tr181.so(CosaDmlMTAGetCalls+0x3f) [0xf64cb935]
    /usr/lib/libmta_tr181.so(Calls_Synchronize+0x54) [0xf64c82d4]
    /usr/lib/libccsp_common.so.0(DslhObjroPopulateObjRecords+0x8a) [0xf7dfa7c4]
    /usr/lib/libccsp_common.so.0(DslhObjroPopulateObjRecords+0x52b) [0xf7dfac65]
    /usr/lib/libccsp_common.so.0(DslhObjroPopulateObjRecords+0x52b) [0xf7dfac65]
    /usr/lib/libccsp_common.so.0(DslhObjroPopulateObjRecords+0x2ec) [0xf7dfaa26]
    /usr/lib/libccsp_common.so.0(DslhObjroPopulateObjRecords+0x52b) [0xf7dfac65]
    /usr/lib/libccsp_common.so.0(DslhObjroPopulateObjRecords+0x52b) [0xf7dfac65]
    /usr/lib/libccsp_common.so.0(DslhObjroPopulateObjRecords+0x52b) [0xf7dfac65]
    /usr/lib/libccsp_common.so.0(DslhWmpdoCreateRecordTree+0xbc) [0xf7dffe11]
    /usr/lib/libccsp_common.so.0(DslhCpecoInitDataModel+0x14) [0xf7e0d8b8]
    /usr/lib/libccsp_common.so.0(DslhCpecoRegisterDataModelInternal+0x230) [0xf7e0e5d4]
    /usr/lib/libccsp_common.so.0(DslhCpecoRegisterDataModel2+0x2c) [0xf7e0ea16]
    /usr/bin/CcspMtaAgentSsp() [0x804b5c8]
    /usr/bin/CcspMtaAgentSsp() [0x804b128]
    /usr/bin/CcspMtaAgentSsp() [0x804a8d0]
    /usr/ccsp/../../lib/libc.so.6(__libc_start_main+0xf1) [0xf7b6ceb1]
    /usr/bin/CcspMtaAgentSsp() [0x804aa31]

@@@mta_hal_GetServiceFlow(Count, ppCfg)
    /usr/lib/libhal_mta.so.0(mta_hal_GetServiceFlow+0x70) [0xf645f870]
    /usr/lib/libmta_tr181.so(CosaDmlMTAGetServiceFlow+0x3c) [0xf64cb58d]
    /usr/lib/libmta_tr181.so(ServiceFlow_Synchronize+0x4c) [0xf64c8f24]
    /usr/lib/libccsp_common.so.0(DslhObjroPopulateObjRecords+0x8a) [0xf7dfa7c4]
    /usr/lib/libccsp_common.so.0(DslhObjroPopulateObjRecords+0x52b) [0xf7dfac65]
    /usr/lib/libccsp_common.so.0(DslhObjroPopulateObjRecords+0x52b) [0xf7dfac65]
    /usr/lib/libccsp_common.so.0(DslhObjroPopulateObjRecords+0x52b) [0xf7dfac65]
    /usr/lib/libccsp_common.so.0(DslhWmpdoCreateRecordTree+0xbc) [0xf7dffe11]
    /usr/lib/libccsp_common.so.0(DslhCpecoInitDataModel+0x14) [0xf7e0d8b8]
    /usr/lib/libccsp_common.so.0(DslhCpecoRegisterDataModelInternal+0x230) [0xf7e0e5d4]
    /usr/lib/libccsp_common.so.0(DslhCpecoRegisterDataModel2+0x2c) [0xf7e0ea16]
    /usr/bin/CcspMtaAgentSsp() [0x804b5c8]
    /usr/bin/CcspMtaAgentSsp() [0x804b128]
    /usr/bin/CcspMtaAgentSsp() [0x804a8d0]
    /usr/ccsp/../../lib/libc.so.6(__libc_start_main+0xf1) [0xf7b6ceb1]
    /usr/bin/CcspMtaAgentSsp() [0x804aa31]

@@@mta_hal_GetHandsets(pulCount, ppHandsets)
    /usr/lib/libhal_mta.so.0(mta_hal_GetHandsets+0x70) [0xf64600b3]
    /usr/lib/libmta_tr181.so(CosaDmlMTAGetHandsets+0x36) [0xf64cb804]
    /usr/lib/libmta_tr181.so(Handsets_Synchronize+0x4c) [0xf64c957f]
    /usr/lib/libccsp_common.so.0(DslhObjroPopulateObjRecords+0x8a) [0xf7dfa7c4]
    /usr/lib/libccsp_common.so.0(DslhObjroPopulateObjRecords+0x52b) [0xf7dfac65]
    /usr/lib/libccsp_common.so.0(DslhObjroPopulateObjRecords+0x52b) [0xf7dfac65]
    /usr/lib/libccsp_common.so.0(DslhObjroPopulateObjRecords+0x52b) [0xf7dfac65]
    /usr/lib/libccsp_common.so.0(DslhObjroPopulateObjRecords+0x52b) [0xf7dfac65]
    /usr/lib/libccsp_common.so.0(DslhWmpdoCreateRecordTree+0xbc) [0xf7dffe11]
    /usr/lib/libccsp_common.so.0(DslhCpecoInitDataModel+0x14) [0xf7e0d8b8]
    /usr/lib/libccsp_common.so.0(DslhCpecoRegisterDataModelInternal+0x230) [0xf7e0e5d4]
    /usr/lib/libccsp_common.so.0(DslhCpecoRegisterDataModel2+0x2c) [0xf7e0ea16]
    /usr/bin/CcspMtaAgentSsp() [0x804b5c8]
    /usr/bin/CcspMtaAgentSsp() [0x804b128]
    /usr/bin/CcspMtaAgentSsp() [0x804a8d0]
    /usr/ccsp/../../lib/libc.so.6(__libc_start_main+0xf1) [0xf7b6ceb1]
    /usr/bin/CcspMtaAgentSsp() [0x804aa31]

@@@mta_hal_GetMtaLog(Count, ppConf)
    /usr/lib/libhal_mta.so.0(mta_hal_GetMtaLog+0x7f) [0xf6460674]
    /usr/lib/libmta_tr181.so(CosaDmlMtaGetMtaLog+0x47) [0xf64cbe55]
    /usr/lib/libmta_tr181.so(MTALog_Synchronize+0xa5) [0xf64c9a95]
    /usr/lib/libccsp_common.so.0(DslhObjroPopulateObjRecords+0x8a) [0xf7dfa7c4]
    /usr/lib/libccsp_common.so.0(DslhObjroPopulateObjRecords+0x52b) [0xf7dfac65]
    /usr/lib/libccsp_common.so.0(DslhObjroPopulateObjRecords+0x52b) [0xf7dfac65]
    /usr/lib/libccsp_common.so.0(DslhObjroPopulateObjRecords+0x52b) [0xf7dfac65]
    /usr/lib/libccsp_common.so.0(DslhWmpdoCreateRecordTree+0xbc) [0xf7dffe11]
    /usr/lib/libccsp_common.so.0(DslhCpecoInitDataModel+0x14) [0xf7e0d8b8]
    /usr/lib/libccsp_common.so.0(DslhCpecoRegisterDataModelInternal+0x230) [0xf7e0e5d4]
    /usr/lib/libccsp_common.so.0(DslhCpecoRegisterDataModel2+0x2c) [0xf7e0ea16]
    /usr/bin/CcspMtaAgentSsp() [0x804b5c8]
    /usr/bin/CcspMtaAgentSsp() [0x804b128]
    /usr/bin/CcspMtaAgentSsp() [0x804a8d0]
    /usr/ccsp/../../lib/libc.so.6(__libc_start_main+0xf1) [0xf7b6ceb1]
    /usr/bin/CcspMtaAgentSsp() [0x804aa31]

@@@mta_hal_LineInfoGetNumberOfEntries()
    /usr/lib/libhal_mta.so.0(mta_hal_LineInfoGetNumberOfEntries+0x70) [0xf6461c84]
    /usr/lib/libmta_tr181.so(CosaDmlMTALineInfoGetNumberOfEntries+0x15) [0xf64cc2b7]
    /usr/lib/libmta_tr181.so(X_LGI_COM_MTA_LineInfo_GetEntryCount+0x2c) [0xf64cb1ea]
    /usr/lib/libccsp_common.so.0(DslhObjroPopulateObjRecords+0x9c) [0xf7dfa7d6]
    /usr/lib/libccsp_common.so.0(DslhObjroPopulateObjRecords+0x52b) [0xf7dfac65]
    /usr/lib/libccsp_common.so.0(DslhObjroPopulateObjRecords+0x52b) [0xf7dfac65]
    /usr/lib/libccsp_common.so.0(DslhObjroPopulateObjRecords+0x52b) [0xf7dfac65]
    /usr/lib/libccsp_common.so.0(DslhWmpdoCreateRecordTree+0xbc) [0xf7dffe11]
    /usr/lib/libccsp_common.so.0(DslhCpecoInitDataModel+0x14) [0xf7e0d8b8]
    /usr/lib/libccsp_common.so.0(DslhCpecoRegisterDataModelInternal+0x230) [0xf7e0e5d4]
    /usr/lib/libccsp_common.so.0(DslhCpecoRegisterDataModel2+0x2c) [0xf7e0ea16]
    /usr/bin/CcspMtaAgentSsp() [0x804b5c8]
    /usr/bin/CcspMtaAgentSsp() [0x804b128]
    /usr/bin/CcspMtaAgentSsp() [0x804a8d0]
    /usr/ccsp/../../lib/libc.so.6(__libc_start_main+0xf1) [0xf7b6ceb1]
    /usr/bin/CcspMtaAgentSsp() [0x804aa31]

@@@mta_hal_LineInfoGetNumberOfEntries()
    /usr/lib/libhal_mta.so.0(mta_hal_LineInfoGetNumberOfEntries+0x70) [0xf6461c84]
    /usr/lib/libmta_tr181.so(CosaDmlMTALineInfoGetNumberOfEntries+0x15) [0xf64cc2b7]
    /usr/lib/libmta_tr181.so(X_LGI_COM_MTA_LineInfo_GetEntryCount+0x2c) [0xf64cb1ea]
    /usr/lib/libmta_tr181.so(X_LGI_COM_MTA_LineTable_GetEntryCount+0x1a) [0xf64cb335]
    /usr/lib/libccsp_common.so.0(DslhObjroPopulateObjRecords+0x9c) [0xf7dfa7d6]
    /usr/lib/libccsp_common.so.0(DslhObjroPopulateObjRecords+0x52b) [0xf7dfac65]
    /usr/lib/libccsp_common.so.0(DslhObjroPopulateObjRecords+0x52b) [0xf7dfac65]
    /usr/lib/libccsp_common.so.0(DslhObjroPopulateObjRecords+0x52b) [0xf7dfac65]
    /usr/lib/libccsp_common.so.0(DslhWmpdoCreateRecordTree+0xbc) [0xf7dffe11]
    /usr/lib/libccsp_common.so.0(DslhCpecoInitDataModel+0x14) [0xf7e0d8b8]
    /usr/lib/libccsp_common.so.0(DslhCpecoRegisterDataModelInternal+0x230) [0xf7e0e5d4]
    /usr/lib/libccsp_common.so.0(DslhCpecoRegisterDataModel2+0x2c) [0xf7e0ea16]
    /usr/bin/CcspMtaAgentSsp() [0x804b5c8]
    /usr/bin/CcspMtaAgentSsp() [0x804b128]
    /usr/bin/CcspMtaAgentSsp() [0x804a8d0]
    /usr/ccsp/../../lib/libc.so.6(__libc_start_main+0xf1) [0xf7b6ceb1]
    /usr/bin/CcspMtaAgentSsp() [0x804aa31]
