2024.11.20 00:10:03 Client Notice    | Dibbler - a portable DHCPv6, version 1.0.2RC1 (CLIENT, Linux port)
2024.11.20 00:10:03 Client Notice    My pid (1551) is stored in /tmp/dibbler_erouter0/client.pid
2024.11.20 00:10:03 Client Notice    Detected iface wl1/4087, MAC=00:16:3e:e0:35:ae.
2024.11.20 00:10:03 Client Notice    Detected iface wl0/4085, MAC=00:16:3e:19:27:a6.
2024.11.20 00:10:03 Client Notice    Detected iface eth4/4083, MAC=00:16:3e:fd:a4:ad.
2024.11.20 00:10:03 Client Notice    Detected iface eth3/4081, MAC=00:16:3e:61:fc:3e.
2024.11.20 00:10:03 Client Notice    Detected iface eth2/4079, MAC=00:16:3e:48:fa:85.
2024.11.20 00:10:03 Client Notice    Detected iface eth1/4077, MAC=00:16:3e:2d:cc:78.
2024.11.20 00:10:03 Client Notice    Detected iface eth0/4075, MAC=00:60:2f:e7:ca:ed.
2024.11.20 00:10:03 Client Notice    Detected iface erouter0_pipe/14, MAC=b6:3b:ea:b8:ab:51.
2024.11.20 00:10:03 Client Notice    Detected iface erouter0/13, MAC=00:16:3e:62:bf:54.
2024.11.20 00:10:03 Client Notice    Detected iface wan_upper/12, MAC=00:60:2f:e7:ca:ed.
2024.11.20 00:10:03 Client Notice    Detected iface brlan0/11, MAC=00:16:3e:2d:cc:78.
2024.11.20 00:10:03 Client Notice    Detected iface lan0/10, MAC=ea:29:4f:3f:97:03.
2024.11.20 00:10:03 Client Notice    Detected iface llan0/9, MAC=62:7d:04:a1:0d:e4.
2024.11.20 00:10:03 Client Notice    Detected iface brebhaul/8, MAC=a2:b5:cb:42:d5:91.
2024.11.20 00:10:03 Client Notice    Detected iface br403/7, MAC=ea:a0:20:2c:95:02.
2024.11.20 00:10:03 Client Notice    Detected iface wl1.1/6, MAC=c2:6c:b9:4a:b9:60.
2024.11.20 00:10:03 Client Notice    Detected iface wl0.1/5, MAC=4e:a8:46:24:a8:2c.
2024.11.20 00:10:03 Client Notice    Detected iface erspan0/4, MAC=00:00:00:00:00:00.
2024.11.20 00:10:03 Client Notice    Detected iface gretap0/3, MAC=00:00:00:00:00:00.
2024.11.20 00:10:03 Client Notice    Detected iface lo/1, MAC=00:00:00:00:00:00.
2024.11.20 00:10:03 Client Notice    Parsing /tmp/dibbler_erouter0/client.conf config file...
2024.11.20 00:10:03 Client Error     Prefix error encountered during Adding operation: Unable to add prefix: Bad file descriptor
2024.11.20 00:10:03 Client Error     Prefix error encountered during prefix addition operation: Unable to add prefix: Bad file descriptor
