2024.01.13 00:57:09 Client Notice    | Dibbler - a portable DHCPv6, version 1.0.2RC1 (CLIENT, Linux port)
2024.01.13 00:57:09 Client Notice    My pid (2344) is stored in /tmp/dibbler_erouter0/client.pid
2024.01.13 00:57:09 Client Notice    Detected iface wl1/140, MAC=00:16:3e:f4:90:c7.
2024.01.13 00:57:09 Client Notice    Detected iface wl0/138, MAC=00:16:3e:15:05:10.
2024.01.13 00:57:09 Client Notice    Detected iface eth1/136, MAC=00:16:3e:67:6a:0c.
2024.01.13 00:57:09 Client Notice    Detected iface eth0/134, MAC=04:e3:1a:75:09:11.
2024.01.13 00:57:09 Client Notice    Detected iface vrf-voip0/15, MAC=9e:3e:f6:05:f3:ca.
2024.01.13 00:57:09 Client Notice    Detected iface voip0/14, MAC=04:e3:1a:75:09:15.
2024.01.13 00:57:09 Client Notice    Detected iface erouter0/13, MAC=04:e3:1a:75:09:11.
2024.01.13 00:57:09 Client Notice    Detected iface vrf-mg0/12, MAC=fe:7d:b5:f0:8b:56.
2024.01.13 00:57:09 Client Notice    Detected iface mg0/11, MAC=04:e3:1a:75:09:16.
2024.01.13 00:57:09 Client Notice    Detected iface brlan0/10, MAC=04:e3:1a:67:6a:0c.
2024.01.13 00:57:09 Client Notice    Detected iface brlan7/9, MAC=ce:3b:45:0d:b1:8d.
2024.01.13 00:57:09 Client Notice    Detected iface brebhaul/8, MAC=42:f6:a3:da:58:e3.
2024.01.13 00:57:09 Client Notice    Detected iface br403/7, MAC=66:93:23:bd:1a:c3.
2024.01.13 00:57:09 Client Notice    Detected iface wl1.1/6, MAC=4e:e2:d3:4c:fe:69.
2024.01.13 00:57:09 Client Notice    Detected iface wl0.1/5, MAC=66:a3:1f:fd:9b:a5.
2024.01.13 00:57:09 Client Notice    Detected iface erspan0/4, MAC=00:00:00:00:00:00.
2024.01.13 00:57:09 Client Notice    Detected iface gretap0/3, MAC=00:00:00:00:00:00.
2024.01.13 00:57:09 Client Notice    Detected iface lo/1, MAC=00:00:00:00:00:00.
2024.01.13 00:57:09 Client Notice    Parsing /tmp/dibbler_erouter0/client.conf config file...
2024.01.13 00:57:09 Client Debug     Reconfigure accept enabled.
2024.01.13 00:57:09 Client Debug     PD: Following interfaces marked as downlink: brlan0
2024.01.13 00:57:09 Client Debug     Prefix delegation option (with scope) found.
2024.01.13 00:57:09 Client Debug     PD: Adding single prefix ::/0.
2024.01.13 00:57:09 Client Debug     Will request option 82 and iterpret response as hex.
2024.01.13 00:57:09 Client Debug     Will send option 16 (hex data, len13)
2024.01.13 00:57:09 Client Debug     Parsing /tmp/dibbler_erouter0/client.conf done, result=0(success)
2024.01.13 00:57:09 Client Debug     1 interface(s) specified in /tmp/dibbler_erouter0/client.conf
2024.01.13 00:57:09 Client Info      Interface erouter0/13 configuration has been loaded.
2024.01.13 00:57:09 Client Notice    Unable to open DUID file (client-duid), generating new DUID.
2024.01.13 00:57:09 Client Debug     DUID creation: EN: EnterpriseNumber=3561, Enterprise ID=33:38:41:36:35:39:2d:4d:45:52:43:56:33:45:2d:4d:56:33:30:30:30:30:30:31:37:30:39
2024.01.13 00:57:09 Client Notice    DUID creation: Generating 33-bytes long Enterprise Number (duid-en) DUID.
2024.01.13 00:57:09 Client Info      My DUID is 00:02:00:00:0d:e9:33:38:41:36:35:39:2d:4d:45:52:43:56:33:45:2d:4d:56:33:30:30:30:30:30:31:37:30:39.
2024.01.13 00:57:09 Client Info      Loading old address database (client-AddrMgr.xml), using built-in routines.
2024.01.13 00:57:09 Client Warning   Unable to open client-AddrMgr.xml.
2024.01.13 00:57:09 Client Debug     Bind reuse enabled (multiple instances allowed).
2024.01.13 00:57:09 Client Notice    Creating socket (addr=fe80::6e3:1aff:fe75:911) on erouter0/13 interface.
2024.01.13 00:57:09 Client Debug     Initialising link-state detection for interfaces: erouter0/13 
2024.01.13 00:57:09 Client Notice    CONFIRM support compiled in.
2024.01.13 00:57:09 Client Info      Creating SOLICIT message with 1 IA(s), no TA and 1 PD(s) on erouter0/13 interface.
2024.01.13 00:57:09 Client Info      ### CPE Debug - Option with index 0
2024.01.13 00:57:09 Client Info      ### CPE Debug - Option with type  1
2024.01.13 00:57:09 Client Info      ### CPE Debug - Option with index 1
2024.01.13 00:57:09 Client Info      ### CPE Debug - Option with type  3
2024.01.13 00:57:09 Client Info      ### CPE Debug - Option with index 2
2024.01.13 00:57:09 Client Info      ### CPE Debug - Option with type  25
2024.01.13 00:57:09 Client Info      ### CPE Debug - Option with index 3
2024.01.13 00:57:09 Client Info      ### CPE Debug - Option with type  20
2024.01.13 00:57:09 Client Info      ### CPE Debug - Option with index 4
2024.01.13 00:57:09 Client Info      ### CPE Debug - Option with type  8
2024.01.13 00:57:09 Client Info      ### CPE Debug - Option with index 5
2024.01.13 00:57:09 Client Info      ### CPE Debug - Option with type  16
2024.01.13 00:57:09 Client Info      ### CPE Debug - Option with index 6
2024.01.13 00:57:09 Client Info      ### CPE Debug - Option with type  6
2024.01.13 00:57:09 Client Info      ### CPE Debug - Packet size of option (Add 4) 167
2024.01.13 00:57:09 Client Debug     Sending SOLICIT(opts:1 3 25 20 8 16 6 ) on erouter0/13 to multicast.
2024.01.13 00:57:09 Client Info      ### CPE Debug - Option with index 0
2024.01.13 00:57:09 Client Info      ### CPE Debug - Option with type  1
2024.01.13 00:57:09 Client Info      ### CPE Debug - Option with index 1
2024.01.13 00:57:09 Client Info      ### CPE Debug - Option with type  3
2024.01.13 00:57:09 Client Info      ### CPE Debug - Option with index 2
2024.01.13 00:57:09 Client Info      ### CPE Debug - Option with type  25
2024.01.13 00:57:09 Client Info      ### CPE Debug - Option with index 3
2024.01.13 00:57:09 Client Info      ### CPE Debug - Option with type  20
2024.01.13 00:57:09 Client Info      ### CPE Debug - Option with index 4
2024.01.13 00:57:09 Client Info      ### CPE Debug - Option with type  8
2024.01.13 00:57:09 Client Info      ### CPE Debug - Option with index 5
2024.01.13 00:57:09 Client Info      ### CPE Debug - Option with type  16
2024.01.13 00:57:09 Client Info      ### CPE Debug - Option with index 6
2024.01.13 00:57:09 Client Info      ### CPE Debug - Option with type  6
2024.01.13 00:57:09 Client Info      ### CPE Debug - Packet size of option (Add 4) 167
2024.01.13 00:57:09 Client Debug     Sleeping for 1 second(s).
2024.01.13 00:57:09 Client Debug     Received 172 bytes on interface erouter0/13 (socket=1, addr=fe80::216:3eff:fe00:1081).
2024.01.13 00:57:09 Client Info      Received ADVERTISE on erouter0/13,trans-id=0x568220, 6 opts: 3 25 1 2 20 23
2024.01.13 00:57:09 Client Info      Creating REQUEST. Backup server list contains 1 server(s).
2024.01.13 00:57:09 Client Debug     Advertise from Server ID=00:01:00:01:2d:2b:10:22:00:16:3e:00:09:81, preference=0.[using this]
2024.01.13 00:57:09 Client Debug     Script execution skipped for ADVERTISE response to SOLICIT. No action needed for this message type.
2024.01.13 00:57:09 Client Info      Processing msg (REQUEST,transID=0x45a1d1,opts: 1 3 25 20 16 6 2 8)
2024.01.13 00:57:09 Client Info      ### CPE Debug - Option with index 0
2024.01.13 00:57:09 Client Info      ### CPE Debug - Option with type  1
2024.01.13 00:57:09 Client Info      ### CPE Debug - Option with index 1
2024.01.13 00:57:09 Client Info      ### CPE Debug - Option with type  3
2024.01.13 00:57:09 Client Info      ### CPE Debug - Option with index 2
2024.01.13 00:57:09 Client Info      ### CPE Debug - Option with type  25
2024.01.13 00:57:09 Client Info      ### CPE Debug - Option with index 3
2024.01.13 00:57:09 Client Info      ### CPE Debug - Option with type  20
2024.01.13 00:57:09 Client Info      ### CPE Debug - Option with index 4
2024.01.13 00:57:09 Client Info      ### CPE Debug - Option with type  16
2024.01.13 00:57:09 Client Info      ### CPE Debug - Option with index 5
2024.01.13 00:57:09 Client Info      ### CPE Debug - Option with type  6
2024.01.13 00:57:09 Client Info      ### CPE Debug - Option with index 6
2024.01.13 00:57:09 Client Info      ### CPE Debug - Option with type  2
2024.01.13 00:57:09 Client Info      ### CPE Debug - Option with index 7
2024.01.13 00:57:09 Client Info      ### CPE Debug - Option with type  8
2024.01.13 00:57:09 Client Info      ### CPE Debug - Packet size of option (Add 4) 185
2024.01.13 00:57:09 Client Debug     Sending REQUEST(opts:1 3 25 20 16 6 2 8 ) on erouter0/13 to multicast.
2024.01.13 00:57:09 Client Info      ### CPE Debug - Option with index 0
2024.01.13 00:57:09 Client Info      ### CPE Debug - Option with type  1
2024.01.13 00:57:09 Client Info      ### CPE Debug - Option with index 1
2024.01.13 00:57:09 Client Info      ### CPE Debug - Option with type  3
2024.01.13 00:57:09 Client Info      ### CPE Debug - Option with index 2
2024.01.13 00:57:09 Client Info      ### CPE Debug - Option with type  25
2024.01.13 00:57:09 Client Info      ### CPE Debug - Option with index 3
2024.01.13 00:57:09 Client Info      ### CPE Debug - Option with type  20
2024.01.13 00:57:09 Client Info      ### CPE Debug - Option with index 4
2024.01.13 00:57:09 Client Info      ### CPE Debug - Option with type  16
2024.01.13 00:57:09 Client Info      ### CPE Debug - Option with index 5
2024.01.13 00:57:09 Client Info      ### CPE Debug - Option with type  6
2024.01.13 00:57:09 Client Info      ### CPE Debug - Option with index 6
2024.01.13 00:57:09 Client Info      ### CPE Debug - Option with type  2
2024.01.13 00:57:09 Client Info      ### CPE Debug - Option with index 7
2024.01.13 00:57:09 Client Info      ### CPE Debug - Option with type  8
2024.01.13 00:57:09 Client Info      ### CPE Debug - Packet size of option (Add 4) 185
2024.01.13 00:57:09 Client Debug     Sleeping for 1 second(s).
2024.01.13 00:57:09 Client Debug     Received 172 bytes on interface erouter0/13 (socket=1, addr=fe80::216:3eff:fe00:1081).
2024.01.13 00:57:09 Client Info      Received REPLY on erouter0/13,trans-id=0x45a1d1, 6 opts: 3 25 1 2 20 23
2024.01.13 00:57:09 Client Notice    Address 2001:dbe:0:1::250/128 added to erouter0/13 interface.
2024.01.13 00:57:09 Client Debug     RENEW(IA_NA) will be sent (T1) after 1800, REBIND (T2) after 2880 seconds.
2024.01.13 00:57:09 Client Debug     PD: Adding 3001:dbe:0:ec00:: prefix to PD (iaid=1) to addrDB.
2024.01.13 00:57:09 Client Notice    PD: Adding prefix 3001:dbe:0:ec00::/56 to all interfaces (prefix will be split to /64 prefixes if necessary).
2024.01.13 00:57:09 Client Info      PD: Using 1 suitable interface(s):brlan0 
2024.01.13 00:57:09 Client Notice    PD: Adding prefix 3001:dbe:0:ec00::/56 on the brlan0/10 interface.
2024.01.13 00:57:09 Client Debug     RENEW(IA_PD) will be sent (T1) after 1800, REBIND (T2) after 2880 seconds.
2024.01.13 00:57:09 Client Warning   Setting option 20 failed.
2024.01.13 00:57:09 Client Notice    Setting up DNS server 2001:dbe:0:1::129 on interface erouter0/13.
2024.01.13 00:57:09 Client Warning   All IA(s), TA and PD(s) has been configured, but some options (24 64 82 16 ) were not assigned.
2024.01.13 00:57:09 Client Notice    Insist-mode disabled, giving up (not sending INF-REQUEST).
2024.01.13 00:57:09 Client Debug     About to execute /etc/dibbler/client-notify.sh script, 20 variables.
2024.01.13 00:57:10 Client Debug     Script execution complete, return code=3
2024.01.13 00:57:10 Client Debug     Sleeping for 2 second(s).
2024.01.13 00:57:12 Client Debug     Sleeping for 1 second(s).
2024.01.13 00:57:13 Client Debug     DAD finished successfully. Address 2001:dbe:0:1::250 is not tentative.
2024.01.13 00:57:13 Client Debug     Sleeping for 1796 second(s).
