240112-23:57:11.621549 SERVICE_NTPD : ntpd-restart called
240112-23:57:11.730826 SERVICE_NTPD : End of shell script
240112-23:57:13.566968 SERVICE_NTPD : wan-status calling service_start
240112-23:57:13.685403 SERVICE_NTPD : Creating NTP config with New NTP Enabled
240112-23:57:43.958098 NTPD Quick sync : Initiating DNS lookup for server  
240112-23:57:43.965041 NTPD Quick sync : NTP server configured is not in URL format 
240112-23:57:43.967651 NTPD Quick sync :  Skipping DNS lookup
240112-23:57:44.015374 SERVICE_NTPD : Creating NTP Quick Sync Conf file: /tmp/ntp_quick_sync.conf
240112-23:57:44.022695 SERVICE_NTPD : Killing All Instances of NTP
240112-23:57:49.036226 SERVICE_NTPD : Starting NTP Quick Sync
12 Jan 23:57:49 ntpd[3860]: ntpd 4.2.8p15@1.3728-o Fri 12 Jan 2024 10:54:44 PM UTC (2): Starting
12 Jan 23:57:49 ntpd[3860]: Command line: ntpd -c /tmp/ntp_quick_sync.conf --interface mg0 -x -gq -l /rdklogs/logs/ntpLog.log
12 Jan 23:57:49 ntpd[3860]: ----------------------------------------------------
12 Jan 23:57:49 ntpd[3860]: ntp-4 is maintained by Network Time Foundation,
12 Jan 23:57:49 ntpd[3860]: Inc. (NTF), a non-profit 501(c)(3) public-benefit
12 Jan 23:57:49 ntpd[3860]: corporation.  Support and training for ntp-4 are
12 Jan 23:57:49 ntpd[3860]: available at https://www.nwtime.org/support
12 Jan 23:57:49 ntpd[3860]: ----------------------------------------------------
12 Jan 23:57:49 ntpd[3860]: proto: precision = 0.230 usec (-22)
12 Jan 23:57:49 ntpd[3860]: basedate set to 2023-12-31
12 Jan 23:57:49 ntpd[3860]: gps base set to 2023-12-31 (week 2295)
12 Jan 23:57:49 ntpd[3860]: restrict default: KOD does nothing without LIMITED.
12 Jan 23:57:49 ntpd[3860]: restrict ::: KOD does nothing without LIMITED.
12 Jan 23:57:49 ntpd[3860]: Listen and drop on 0 v6wildcard [::]:123
12 Jan 23:57:49 ntpd[3860]: Listen and drop on 1 v4wildcard 0.0.0.0:123
12 Jan 23:57:49 ntpd[3860]: Listen normally on 2 lo 127.0.0.1:123
12 Jan 23:57:49 ntpd[3860]: Listen normally on 3 lo [::1]:123
12 Jan 23:57:49 ntpd[3860]: Listen normally on 4 mg0 [2001:dbd:0:1::252]:123
12 Jan 23:57:49 ntpd[3860]: Listen normally on 5 mg0 [fe80::6e3:1aff:fe75:916%11]:123
12 Jan 23:57:49 ntpd[3860]: Listening on routing socket on fd #19 for interface updates
12 Jan 23:57:49 ntpd[3860]: 0.0.0.0 c016 06 restart
12 Jan 23:57:49 ntpd[3860]: DNS ntp2.revdomain.com -> 2001:dbd:0:1::129
12 Jan 23:57:49 ntpd[3860]: 2001:dbd:0:1::129 8011 81 mobilize assoc 49887
12 Jan 23:57:52 ntpd[3860]: 2001:dbd:0:1::129 8014 84 reachable
12 Jan 23:57:58 ntpd[3860]: 2001:dbd:0:1::129 901a 8a sys_peer
12 Jan 23:57:58 ntpd[3860]: adj_systime: Operation not permitted
12 Jan 23:57:58 ntpd[3860]: ntpd: time slew +0.000050 s
240112-23:57:59.075632 NTP quick sync succeeded,set ntp status
240112-23:57:59.105653 SERVICE_NTPD : Killing All Instances of NTP
240112-23:57:59.120107 SERVICE_NTPD : Starting NTP Daemon
12 Jan 23:57:59 ntpd[3943]: ntpd 4.2.8p15@1.3728-o Fri 12 Jan 2024 10:54:44 PM UTC (2): Starting
12 Jan 23:57:59 ntpd[3943]: Command line: ntpd -u ntp:ntp -p /run/ntpd.pid -l /rdklogs/logs/ntpLog.log -c /tmp/ntp.conf -g
12 Jan 23:57:59 ntpd[3943]: ----------------------------------------------------
12 Jan 23:57:59 ntpd[3943]: ntp-4 is maintained by Network Time Foundation,
12 Jan 23:57:59 ntpd[3943]: Inc. (NTF), a non-profit 501(c)(3) public-benefit
12 Jan 23:57:59 ntpd[3943]: corporation.  Support and training for ntp-4 are
12 Jan 23:57:59 ntpd[3943]: available at https://www.nwtime.org/support
12 Jan 23:57:59 ntpd[3943]: ----------------------------------------------------
12 Jan 23:57:59 ntpd[3945]: proto: precision = 0.231 usec (-22)
12 Jan 23:57:59 ntpd[3945]: basedate set to 2023-12-31
12 Jan 23:57:59 ntpd[3945]: gps base set to 2023-12-31 (week 2295)
12 Jan 23:57:59 ntpd[3945]: restrict default: KOD does nothing without LIMITED.
12 Jan 23:57:59 ntpd[3945]: restrict ::: KOD does nothing without LIMITED.
12 Jan 23:57:59 ntpd[3945]: Listen normally on 0 lo 127.0.0.1:123
12 Jan 23:57:59 ntpd[3945]: Listen normally on 1 lo [::1]:123
12 Jan 23:57:59 ntpd[3945]: Listen normally on 2 mg0 [2001:dbd:0:1::252]:123
12 Jan 23:57:59 ntpd[3945]: Listen normally on 3 mg0 [fe80::6e3:1aff:fe75:916%11]:123
12 Jan 23:57:59 ntpd[3945]: Listening on routing socket on fd #21 for interface updates
12 Jan 23:57:59 ntpd[3945]: start_kern_loop: ntp-4.2.8p15/ntpd/ntp_loopfilter.c line 1140: ntp_adjtime: Operation not permitted
12 Jan 23:57:59 ntpd[3945]: 0.0.0.0 c01d 0d kern kernel time sync enabled
12 Jan 23:57:59 ntpd[3945]: set_freq: ntp-4.2.8p15/ntpd/ntp_loopfilter.c line 1099: ntp_adjtime: Operation not permitted
12 Jan 23:57:59 ntpd[3945]: 0.0.0.0 c012 02 freq_set kernel 0.000 PPM
12 Jan 23:57:59 ntpd[3945]: 0.0.0.0 c011 01 freq_not_set
12 Jan 23:57:59 ntpd[3945]: 0.0.0.0 c016 06 restart
12 Jan 23:57:59 ntpd[3945]: DNS ntp2.revdomain.com -> 2001:dbd:0:1::129
12 Jan 23:57:59 ntpd[3945]: 2001:dbd:0:1::129 8011 81 mobilize assoc 12263
240112-23:57:59.506207 SERVICE_NTPD : ntpd started , setting the status as started
240112-23:57:59.530094 SERVICE_NTPD : End of shell script
12 Jan 23:58:02 ntpd[3945]: 2001:dbd:0:1::129 8014 84 reachable
