
@@@CcspHalEthSwGetPortEntry(PortId, pEthCfg)
    /usr/lib/libhal_ethsw.so.0(CcspHalEthSwGetPortEntry+0x7c) [0xf661032f]
    /usr/lib/libtr181.so(puma6_getEntry+0x37) [0xf6091728]
    /usr/lib/libtr181.so(CosaDmlEthPortGetEntry+0x7b) [0xf6090b31]
    /usr/lib/libtr181.so(CosaEthernetInitialize+0x83) [0xf61073d1]
    /usr/lib/libtr181.so(CosaEthernetCreate+0x51) [0xf61077ea]
    /usr/lib/libtr181.so(CosaBackEndManagerInitialize+0x141) [0xf613118b]
    /usr/lib/libtr181.so(COSA_Init+0x346) [0xf6130f09]
    /usr/lib/libccsp_common.so.0(DslhDmagntLoadDataModelXMLInternal+0x127) [0xf7e361f2]
    /usr/lib/libccsp_common.so.0(DslhDmagntLoadDataModelXML2+0x32) [0xf7e36446]
    /usr/lib/libccsp_common.so.0(DslhCpecoLoadExternalDMLibFile2+0x28) [0xf7e380ac]
    /usr/lib/libccsp_common.so.0(DslhCpecoRegisterDataModelInternal+0x1ee) [0xf7e38736]
    /usr/lib/libccsp_common.so.0(DslhCpecoRegisterDataModel2+0x2c) [0xf7e38bae]
    /usr/bin/CcspPandMSsp(ssp_engage_pnm+0x13a) [0x804bda1]
    /usr/bin/CcspPandMSsp(cmd_dispatch+0x110) [0x804b8f4]
    /usr/bin/CcspPandMSsp(main+0x990) [0x804af50]
    /usr/ccsp/../../lib/libc.so.6(__libc_start_main+0xed) [0xf7b60e2d]
    /usr/bin/CcspPandMSsp(_start+0x21) [0x804b271]

@@@CcspHalEthSwGetPortCfg(PortId, pLinkRate, pDuplexMode)
    /usr/lib/libhal_ethsw.so.0(CcspHalEthSwGetPortCfg+0x7c) [0xf660e8d4]
    /usr/lib/libhal_ethsw.so.0(CcspHalEthSwGetPortEntry+0x107) [0xf66103ba]
    /usr/lib/libtr181.so(puma6_getEntry+0x37) [0xf6091728]
    /usr/lib/libtr181.so(CosaDmlEthPortGetEntry+0x7b) [0xf6090b31]
    /usr/lib/libtr181.so(CosaEthernetInitialize+0x83) [0xf61073d1]
    /usr/lib/libtr181.so(CosaEthernetCreate+0x51) [0xf61077ea]
    /usr/lib/libtr181.so(CosaBackEndManagerInitialize+0x141) [0xf613118b]
    /usr/lib/libtr181.so(COSA_Init+0x346) [0xf6130f09]
    /usr/lib/libccsp_common.so.0(DslhDmagntLoadDataModelXMLInternal+0x127) [0xf7e361f2]
    /usr/lib/libccsp_common.so.0(DslhDmagntLoadDataModelXML2+0x32) [0xf7e36446]
    /usr/lib/libccsp_common.so.0(DslhCpecoLoadExternalDMLibFile2+0x28) [0xf7e380ac]
    /usr/lib/libccsp_common.so.0(DslhCpecoRegisterDataModelInternal+0x1ee) [0xf7e38736]
    /usr/lib/libccsp_common.so.0(DslhCpecoRegisterDataModel2+0x2c) [0xf7e38bae]
    /usr/bin/CcspPandMSsp(ssp_engage_pnm+0x13a) [0x804bda1]
    /usr/bin/CcspPandMSsp(cmd_dispatch+0x110) [0x804b8f4]
    /usr/bin/CcspPandMSsp(main+0x990) [0x804af50]
    /usr/ccsp/../../lib/libc.so.6(__libc_start_main+0xed) [0xf7b60e2d]
    /usr/bin/CcspPandMSsp(_start+0x21) [0x804b271]

@@@CcspHalEthSwGetPortStatus(PortId, pLinkRate, pDuplexMode, pStatus)
    /usr/lib/libhal_ethsw.so.0(CcspHalEthSwGetPortStatus+0x85) [0xf660e70a]
    /usr/lib/libhal_ethsw.so.0(CcspHalEthSwGetPortEntry+0x180) [0xf6610433]
    /usr/lib/libtr181.so(puma6_getEntry+0x37) [0xf6091728]
    /usr/lib/libtr181.so(CosaDmlEthPortGetEntry+0x7b) [0xf6090b31]
    /usr/lib/libtr181.so(CosaEthernetInitialize+0x83) [0xf61073d1]
    /usr/lib/libtr181.so(CosaEthernetCreate+0x51) [0xf61077ea]
    /usr/lib/libtr181.so(CosaBackEndManagerInitialize+0x141) [0xf613118b]
    /usr/lib/libtr181.so(COSA_Init+0x346) [0xf6130f09]
    /usr/lib/libccsp_common.so.0(DslhDmagntLoadDataModelXMLInternal+0x127) [0xf7e361f2]
    /usr/lib/libccsp_common.so.0(DslhDmagntLoadDataModelXML2+0x32) [0xf7e36446]
    /usr/lib/libccsp_common.so.0(DslhCpecoLoadExternalDMLibFile2+0x28) [0xf7e380ac]
    /usr/lib/libccsp_common.so.0(DslhCpecoRegisterDataModelInternal+0x1ee) [0xf7e38736]
    /usr/lib/libccsp_common.so.0(DslhCpecoRegisterDataModel2+0x2c) [0xf7e38bae]
    /usr/bin/CcspPandMSsp(ssp_engage_pnm+0x13a) [0x804bda1]
    /usr/bin/CcspPandMSsp(cmd_dispatch+0x110) [0x804b8f4]
    /usr/bin/CcspPandMSsp(main+0x990) [0x804af50]
    /usr/ccsp/../../lib/libc.so.6(__libc_start_main+0xed) [0xf7b60e2d]
    /usr/bin/CcspPandMSsp(_start+0x21) [0x804b271]

@@@CcspHalEthSwGetPortAdminStatus(PortId, pAdminStatus)
    /usr/lib/libhal_ethsw.so.0(CcspHalEthSwGetPortAdminStatus+0x76) [0xf660ec56]
    /usr/lib/libhal_ethsw.so.0(CcspHalEthSwGetPortEntry+0x1dc) [0xf661048f]
    /usr/lib/libtr181.so(puma6_getEntry+0x37) [0xf6091728]
    /usr/lib/libtr181.so(CosaDmlEthPortGetEntry+0x7b) [0xf6090b31]
    /usr/lib/libtr181.so(CosaEthernetInitialize+0x83) [0xf61073d1]
    /usr/lib/libtr181.so(CosaEthernetCreate+0x51) [0xf61077ea]
    /usr/lib/libtr181.so(CosaBackEndManagerInitialize+0x141) [0xf613118b]
    /usr/lib/libtr181.so(COSA_Init+0x346) [0xf6130f09]
    /usr/lib/libccsp_common.so.0(DslhDmagntLoadDataModelXMLInternal+0x127) [0xf7e361f2]
    /usr/lib/libccsp_common.so.0(DslhDmagntLoadDataModelXML2+0x32) [0xf7e36446]
    /usr/lib/libccsp_common.so.0(DslhCpecoLoadExternalDMLibFile2+0x28) [0xf7e380ac]
    /usr/lib/libccsp_common.so.0(DslhCpecoRegisterDataModelInternal+0x1ee) [0xf7e38736]
    /usr/lib/libccsp_common.so.0(DslhCpecoRegisterDataModel2+0x2c) [0xf7e38bae]
    /usr/bin/CcspPandMSsp(ssp_engage_pnm+0x13a) [0x804bda1]
    /usr/bin/CcspPandMSsp(cmd_dispatch+0x110) [0x804b8f4]
    /usr/bin/CcspPandMSsp(main+0x990) [0x804af50]
    /usr/ccsp/../../lib/libc.so.6(__libc_start_main+0xed) [0xf7b60e2d]
    /usr/bin/CcspPandMSsp(_start+0x21) [0x804b271]

@@@CcspHalEthSwGetEEEPortEnable(PortId, enable)
    /usr/lib/libhal_ethsw.so.0(CcspHalEthSwGetEEEPortEnable+0x76) [0xf6610145]
    /usr/lib/libhal_ethsw.so.0(CcspHalEthSwGetPortEntry+0x23c) [0xf66104ef]
    /usr/lib/libtr181.so(puma6_getEntry+0x37) [0xf6091728]
    /usr/lib/libtr181.so(CosaDmlEthPortGetEntry+0x7b) [0xf6090b31]
    /usr/lib/libtr181.so(CosaEthernetInitialize+0x83) [0xf61073d1]
    /usr/lib/libtr181.so(CosaEthernetCreate+0x51) [0xf61077ea]
    /usr/lib/libtr181.so(CosaBackEndManagerInitialize+0x141) [0xf613118b]
    /usr/lib/libtr181.so(COSA_Init+0x346) [0xf6130f09]
    /usr/lib/libccsp_common.so.0(DslhDmagntLoadDataModelXMLInternal+0x127) [0xf7e361f2]
    /usr/lib/libccsp_common.so.0(DslhDmagntLoadDataModelXML2+0x32) [0xf7e36446]
    /usr/lib/libccsp_common.so.0(DslhCpecoLoadExternalDMLibFile2+0x28) [0xf7e380ac]
    /usr/lib/libccsp_common.so.0(DslhCpecoRegisterDataModelInternal+0x1ee) [0xf7e38736]
    /usr/lib/libccsp_common.so.0(DslhCpecoRegisterDataModel2+0x2c) [0xf7e38bae]
    /usr/bin/CcspPandMSsp(ssp_engage_pnm+0x13a) [0x804bda1]
    /usr/bin/CcspPandMSsp(cmd_dispatch+0x110) [0x804b8f4]
    /usr/bin/CcspPandMSsp(main+0x990) [0x804af50]
    /usr/ccsp/../../lib/libc.so.6(__libc_start_main+0xed) [0xf7b60e2d]
    /usr/bin/CcspPandMSsp(_start+0x21) [0x804b271]

@@@CcspHalEthSwGetPortEntry(PortId, pEthCfg)
    /usr/lib/libhal_ethsw.so.0(CcspHalEthSwGetPortEntry+0x7c) [0xf661032f]
    /usr/lib/libtr181.so(puma6_getEntry+0x37) [0xf6091728]
    /usr/lib/libtr181.so(CosaDmlEthPortGetEntry+0x7b) [0xf6090b31]
    /usr/lib/libtr181.so(CosaEthernetInitialize+0x83) [0xf61073d1]
    /usr/lib/libtr181.so(CosaEthernetCreate+0x51) [0xf61077ea]
    /usr/lib/libtr181.so(CosaBackEndManagerInitialize+0x141) [0xf613118b]
    /usr/lib/libtr181.so(COSA_Init+0x346) [0xf6130f09]
    /usr/lib/libccsp_common.so.0(DslhDmagntLoadDataModelXMLInternal+0x127) [0xf7e361f2]
    /usr/lib/libccsp_common.so.0(DslhDmagntLoadDataModelXML2+0x32) [0xf7e36446]
    /usr/lib/libccsp_common.so.0(DslhCpecoLoadExternalDMLibFile2+0x28) [0xf7e380ac]
    /usr/lib/libccsp_common.so.0(DslhCpecoRegisterDataModelInternal+0x1ee) [0xf7e38736]
    /usr/lib/libccsp_common.so.0(DslhCpecoRegisterDataModel2+0x2c) [0xf7e38bae]
    /usr/bin/CcspPandMSsp(ssp_engage_pnm+0x13a) [0x804bda1]
    /usr/bin/CcspPandMSsp(cmd_dispatch+0x110) [0x804b8f4]
    /usr/bin/CcspPandMSsp(main+0x990) [0x804af50]
    /usr/ccsp/../../lib/libc.so.6(__libc_start_main+0xed) [0xf7b60e2d]
    /usr/bin/CcspPandMSsp(_start+0x21) [0x804b271]

@@@CcspHalEthSwGetPortCfg(PortId, pLinkRate, pDuplexMode)
    /usr/lib/libhal_ethsw.so.0(CcspHalEthSwGetPortCfg+0x7c) [0xf660e8d4]
    /usr/lib/libhal_ethsw.so.0(CcspHalEthSwGetPortEntry+0x107) [0xf66103ba]
    /usr/lib/libtr181.so(puma6_getEntry+0x37) [0xf6091728]
    /usr/lib/libtr181.so(CosaDmlEthPortGetEntry+0x7b) [0xf6090b31]
    /usr/lib/libtr181.so(CosaEthernetInitialize+0x83) [0xf61073d1]
    /usr/lib/libtr181.so(CosaEthernetCreate+0x51) [0xf61077ea]
    /usr/lib/libtr181.so(CosaBackEndManagerInitialize+0x141) [0xf613118b]
    /usr/lib/libtr181.so(COSA_Init+0x346) [0xf6130f09]
    /usr/lib/libccsp_common.so.0(DslhDmagntLoadDataModelXMLInternal+0x127) [0xf7e361f2]
    /usr/lib/libccsp_common.so.0(DslhDmagntLoadDataModelXML2+0x32) [0xf7e36446]
    /usr/lib/libccsp_common.so.0(DslhCpecoLoadExternalDMLibFile2+0x28) [0xf7e380ac]
    /usr/lib/libccsp_common.so.0(DslhCpecoRegisterDataModelInternal+0x1ee) [0xf7e38736]
    /usr/lib/libccsp_common.so.0(DslhCpecoRegisterDataModel2+0x2c) [0xf7e38bae]
    /usr/bin/CcspPandMSsp(ssp_engage_pnm+0x13a) [0x804bda1]
    /usr/bin/CcspPandMSsp(cmd_dispatch+0x110) [0x804b8f4]
    /usr/bin/CcspPandMSsp(main+0x990) [0x804af50]
    /usr/ccsp/../../lib/libc.so.6(__libc_start_main+0xed) [0xf7b60e2d]
    /usr/bin/CcspPandMSsp(_start+0x21) [0x804b271]

@@@CcspHalEthSwGetPortStatus(PortId, pLinkRate, pDuplexMode, pStatus)
    /usr/lib/libhal_ethsw.so.0(CcspHalEthSwGetPortStatus+0x85) [0xf660e70a]
    /usr/lib/libhal_ethsw.so.0(CcspHalEthSwGetPortEntry+0x180) [0xf6610433]
    /usr/lib/libtr181.so(puma6_getEntry+0x37) [0xf6091728]
    /usr/lib/libtr181.so(CosaDmlEthPortGetEntry+0x7b) [0xf6090b31]
    /usr/lib/libtr181.so(CosaEthernetInitialize+0x83) [0xf61073d1]
    /usr/lib/libtr181.so(CosaEthernetCreate+0x51) [0xf61077ea]
    /usr/lib/libtr181.so(CosaBackEndManagerInitialize+0x141) [0xf613118b]
    /usr/lib/libtr181.so(COSA_Init+0x346) [0xf6130f09]
    /usr/lib/libccsp_common.so.0(DslhDmagntLoadDataModelXMLInternal+0x127) [0xf7e361f2]
    /usr/lib/libccsp_common.so.0(DslhDmagntLoadDataModelXML2+0x32) [0xf7e36446]
    /usr/lib/libccsp_common.so.0(DslhCpecoLoadExternalDMLibFile2+0x28) [0xf7e380ac]
    /usr/lib/libccsp_common.so.0(DslhCpecoRegisterDataModelInternal+0x1ee) [0xf7e38736]
    /usr/lib/libccsp_common.so.0(DslhCpecoRegisterDataModel2+0x2c) [0xf7e38bae]
    /usr/bin/CcspPandMSsp(ssp_engage_pnm+0x13a) [0x804bda1]
    /usr/bin/CcspPandMSsp(cmd_dispatch+0x110) [0x804b8f4]
    /usr/bin/CcspPandMSsp(main+0x990) [0x804af50]
    /usr/ccsp/../../lib/libc.so.6(__libc_start_main+0xed) [0xf7b60e2d]
    /usr/bin/CcspPandMSsp(_start+0x21) [0x804b271]

@@@CcspHalEthSwGetPortAdminStatus(PortId, pAdminStatus)
    /usr/lib/libhal_ethsw.so.0(CcspHalEthSwGetPortAdminStatus+0x76) [0xf660ec56]
    /usr/lib/libhal_ethsw.so.0(CcspHalEthSwGetPortEntry+0x1dc) [0xf661048f]
    /usr/lib/libtr181.so(puma6_getEntry+0x37) [0xf6091728]
    /usr/lib/libtr181.so(CosaDmlEthPortGetEntry+0x7b) [0xf6090b31]
    /usr/lib/libtr181.so(CosaEthernetInitialize+0x83) [0xf61073d1]
    /usr/lib/libtr181.so(CosaEthernetCreate+0x51) [0xf61077ea]
    /usr/lib/libtr181.so(CosaBackEndManagerInitialize+0x141) [0xf613118b]
    /usr/lib/libtr181.so(COSA_Init+0x346) [0xf6130f09]
    /usr/lib/libccsp_common.so.0(DslhDmagntLoadDataModelXMLInternal+0x127) [0xf7e361f2]
    /usr/lib/libccsp_common.so.0(DslhDmagntLoadDataModelXML2+0x32) [0xf7e36446]
    /usr/lib/libccsp_common.so.0(DslhCpecoLoadExternalDMLibFile2+0x28) [0xf7e380ac]
    /usr/lib/libccsp_common.so.0(DslhCpecoRegisterDataModelInternal+0x1ee) [0xf7e38736]
    /usr/lib/libccsp_common.so.0(DslhCpecoRegisterDataModel2+0x2c) [0xf7e38bae]
    /usr/bin/CcspPandMSsp(ssp_engage_pnm+0x13a) [0x804bda1]
    /usr/bin/CcspPandMSsp(cmd_dispatch+0x110) [0x804b8f4]
    /usr/bin/CcspPandMSsp(main+0x990) [0x804af50]
    /usr/ccsp/../../lib/libc.so.6(__libc_start_main+0xed) [0xf7b60e2d]
    /usr/bin/CcspPandMSsp(_start+0x21) [0x804b271]

@@@CcspHalEthSwGetEEEPortEnable(PortId, enable)
    /usr/lib/libhal_ethsw.so.0(CcspHalEthSwGetEEEPortEnable+0x76) [0xf6610145]
    /usr/lib/libhal_ethsw.so.0(CcspHalEthSwGetPortEntry+0x23c) [0xf66104ef]
    /usr/lib/libtr181.so(puma6_getEntry+0x37) [0xf6091728]
    /usr/lib/libtr181.so(CosaDmlEthPortGetEntry+0x7b) [0xf6090b31]
    /usr/lib/libtr181.so(CosaEthernetInitialize+0x83) [0xf61073d1]
    /usr/lib/libtr181.so(CosaEthernetCreate+0x51) [0xf61077ea]
    /usr/lib/libtr181.so(CosaBackEndManagerInitialize+0x141) [0xf613118b]
    /usr/lib/libtr181.so(COSA_Init+0x346) [0xf6130f09]
    /usr/lib/libccsp_common.so.0(DslhDmagntLoadDataModelXMLInternal+0x127) [0xf7e361f2]
    /usr/lib/libccsp_common.so.0(DslhDmagntLoadDataModelXML2+0x32) [0xf7e36446]
    /usr/lib/libccsp_common.so.0(DslhCpecoLoadExternalDMLibFile2+0x28) [0xf7e380ac]
    /usr/lib/libccsp_common.so.0(DslhCpecoRegisterDataModelInternal+0x1ee) [0xf7e38736]
    /usr/lib/libccsp_common.so.0(DslhCpecoRegisterDataModel2+0x2c) [0xf7e38bae]
    /usr/bin/CcspPandMSsp(ssp_engage_pnm+0x13a) [0x804bda1]
    /usr/bin/CcspPandMSsp(cmd_dispatch+0x110) [0x804b8f4]
    /usr/bin/CcspPandMSsp(main+0x990) [0x804af50]
    /usr/ccsp/../../lib/libc.so.6(__libc_start_main+0xed) [0xf7b60e2d]
    /usr/bin/CcspPandMSsp(_start+0x21) [0x804b271]

@@@CcspHalEthSwGetPortEntry(PortId, pEthCfg)
    /usr/lib/libhal_ethsw.so.0(CcspHalEthSwGetPortEntry+0x7c) [0xf661032f]
    /usr/lib/libtr181.so(puma6_getEntry+0x37) [0xf6091728]
    /usr/lib/libtr181.so(CosaDmlEthPortGetEntry+0x7b) [0xf6090b31]
    /usr/lib/libtr181.so(CosaEthernetInitialize+0x83) [0xf61073d1]
    /usr/lib/libtr181.so(CosaEthernetCreate+0x51) [0xf61077ea]
    /usr/lib/libtr181.so(CosaBackEndManagerInitialize+0x141) [0xf613118b]
    /usr/lib/libtr181.so(COSA_Init+0x346) [0xf6130f09]
    /usr/lib/libccsp_common.so.0(DslhDmagntLoadDataModelXMLInternal+0x127) [0xf7e361f2]
    /usr/lib/libccsp_common.so.0(DslhDmagntLoadDataModelXML2+0x32) [0xf7e36446]
    /usr/lib/libccsp_common.so.0(DslhCpecoLoadExternalDMLibFile2+0x28) [0xf7e380ac]
    /usr/lib/libccsp_common.so.0(DslhCpecoRegisterDataModelInternal+0x1ee) [0xf7e38736]
    /usr/lib/libccsp_common.so.0(DslhCpecoRegisterDataModel2+0x2c) [0xf7e38bae]
    /usr/bin/CcspPandMSsp(ssp_engage_pnm+0x13a) [0x804bda1]
    /usr/bin/CcspPandMSsp(cmd_dispatch+0x110) [0x804b8f4]
    /usr/bin/CcspPandMSsp(main+0x990) [0x804af50]
    /usr/ccsp/../../lib/libc.so.6(__libc_start_main+0xed) [0xf7b60e2d]
    /usr/bin/CcspPandMSsp(_start+0x21) [0x804b271]

@@@CcspHalEthSwGetPortCfg(PortId, pLinkRate, pDuplexMode)
    /usr/lib/libhal_ethsw.so.0(CcspHalEthSwGetPortCfg+0x7c) [0xf660e8d4]
    /usr/lib/libhal_ethsw.so.0(CcspHalEthSwGetPortEntry+0x107) [0xf66103ba]
    /usr/lib/libtr181.so(puma6_getEntry+0x37) [0xf6091728]
    /usr/lib/libtr181.so(CosaDmlEthPortGetEntry+0x7b) [0xf6090b31]
    /usr/lib/libtr181.so(CosaEthernetInitialize+0x83) [0xf61073d1]
    /usr/lib/libtr181.so(CosaEthernetCreate+0x51) [0xf61077ea]
    /usr/lib/libtr181.so(CosaBackEndManagerInitialize+0x141) [0xf613118b]
    /usr/lib/libtr181.so(COSA_Init+0x346) [0xf6130f09]
    /usr/lib/libccsp_common.so.0(DslhDmagntLoadDataModelXMLInternal+0x127) [0xf7e361f2]
    /usr/lib/libccsp_common.so.0(DslhDmagntLoadDataModelXML2+0x32) [0xf7e36446]
    /usr/lib/libccsp_common.so.0(DslhCpecoLoadExternalDMLibFile2+0x28) [0xf7e380ac]
    /usr/lib/libccsp_common.so.0(DslhCpecoRegisterDataModelInternal+0x1ee) [0xf7e38736]
    /usr/lib/libccsp_common.so.0(DslhCpecoRegisterDataModel2+0x2c) [0xf7e38bae]
    /usr/bin/CcspPandMSsp(ssp_engage_pnm+0x13a) [0x804bda1]
    /usr/bin/CcspPandMSsp(cmd_dispatch+0x110) [0x804b8f4]
    /usr/bin/CcspPandMSsp(main+0x990) [0x804af50]
    /usr/ccsp/../../lib/libc.so.6(__libc_start_main+0xed) [0xf7b60e2d]
    /usr/bin/CcspPandMSsp(_start+0x21) [0x804b271]

@@@CcspHalEthSwGetPortStatus(PortId, pLinkRate, pDuplexMode, pStatus)
    /usr/lib/libhal_ethsw.so.0(CcspHalEthSwGetPortStatus+0x85) [0xf660e70a]
    /usr/lib/libhal_ethsw.so.0(CcspHalEthSwGetPortEntry+0x180) [0xf6610433]
    /usr/lib/libtr181.so(puma6_getEntry+0x37) [0xf6091728]
    /usr/lib/libtr181.so(CosaDmlEthPortGetEntry+0x7b) [0xf6090b31]
    /usr/lib/libtr181.so(CosaEthernetInitialize+0x83) [0xf61073d1]
    /usr/lib/libtr181.so(CosaEthernetCreate+0x51) [0xf61077ea]
    /usr/lib/libtr181.so(CosaBackEndManagerInitialize+0x141) [0xf613118b]
    /usr/lib/libtr181.so(COSA_Init+0x346) [0xf6130f09]
    /usr/lib/libccsp_common.so.0(DslhDmagntLoadDataModelXMLInternal+0x127) [0xf7e361f2]
    /usr/lib/libccsp_common.so.0(DslhDmagntLoadDataModelXML2+0x32) [0xf7e36446]
    /usr/lib/libccsp_common.so.0(DslhCpecoLoadExternalDMLibFile2+0x28) [0xf7e380ac]
    /usr/lib/libccsp_common.so.0(DslhCpecoRegisterDataModelInternal+0x1ee) [0xf7e38736]
    /usr/lib/libccsp_common.so.0(DslhCpecoRegisterDataModel2+0x2c) [0xf7e38bae]
    /usr/bin/CcspPandMSsp(ssp_engage_pnm+0x13a) [0x804bda1]
    /usr/bin/CcspPandMSsp(cmd_dispatch+0x110) [0x804b8f4]
    /usr/bin/CcspPandMSsp(main+0x990) [0x804af50]
    /usr/ccsp/../../lib/libc.so.6(__libc_start_main+0xed) [0xf7b60e2d]
    /usr/bin/CcspPandMSsp(_start+0x21) [0x804b271]

@@@CcspHalEthSwGetPortAdminStatus(PortId, pAdminStatus)
    /usr/lib/libhal_ethsw.so.0(CcspHalEthSwGetPortAdminStatus+0x76) [0xf660ec56]
    /usr/lib/libhal_ethsw.so.0(CcspHalEthSwGetPortEntry+0x1dc) [0xf661048f]
    /usr/lib/libtr181.so(puma6_getEntry+0x37) [0xf6091728]
    /usr/lib/libtr181.so(CosaDmlEthPortGetEntry+0x7b) [0xf6090b31]
    /usr/lib/libtr181.so(CosaEthernetInitialize+0x83) [0xf61073d1]
    /usr/lib/libtr181.so(CosaEthernetCreate+0x51) [0xf61077ea]
    /usr/lib/libtr181.so(CosaBackEndManagerInitialize+0x141) [0xf613118b]
    /usr/lib/libtr181.so(COSA_Init+0x346) [0xf6130f09]
    /usr/lib/libccsp_common.so.0(DslhDmagntLoadDataModelXMLInternal+0x127) [0xf7e361f2]
    /usr/lib/libccsp_common.so.0(DslhDmagntLoadDataModelXML2+0x32) [0xf7e36446]
    /usr/lib/libccsp_common.so.0(DslhCpecoLoadExternalDMLibFile2+0x28) [0xf7e380ac]
    /usr/lib/libccsp_common.so.0(DslhCpecoRegisterDataModelInternal+0x1ee) [0xf7e38736]
    /usr/lib/libccsp_common.so.0(DslhCpecoRegisterDataModel2+0x2c) [0xf7e38bae]
    /usr/bin/CcspPandMSsp(ssp_engage_pnm+0x13a) [0x804bda1]
    /usr/bin/CcspPandMSsp(cmd_dispatch+0x110) [0x804b8f4]
    /usr/bin/CcspPandMSsp(main+0x990) [0x804af50]
    /usr/ccsp/../../lib/libc.so.6(__libc_start_main+0xed) [0xf7b60e2d]
    /usr/bin/CcspPandMSsp(_start+0x21) [0x804b271]

@@@CcspHalEthSwGetEEEPortEnable(PortId, enable)
    /usr/lib/libhal_ethsw.so.0(CcspHalEthSwGetEEEPortEnable+0x76) [0xf6610145]
    /usr/lib/libhal_ethsw.so.0(CcspHalEthSwGetPortEntry+0x23c) [0xf66104ef]
    /usr/lib/libtr181.so(puma6_getEntry+0x37) [0xf6091728]
    /usr/lib/libtr181.so(CosaDmlEthPortGetEntry+0x7b) [0xf6090b31]
    /usr/lib/libtr181.so(CosaEthernetInitialize+0x83) [0xf61073d1]
    /usr/lib/libtr181.so(CosaEthernetCreate+0x51) [0xf61077ea]
    /usr/lib/libtr181.so(CosaBackEndManagerInitialize+0x141) [0xf613118b]
    /usr/lib/libtr181.so(COSA_Init+0x346) [0xf6130f09]
    /usr/lib/libccsp_common.so.0(DslhDmagntLoadDataModelXMLInternal+0x127) [0xf7e361f2]
    /usr/lib/libccsp_common.so.0(DslhDmagntLoadDataModelXML2+0x32) [0xf7e36446]
    /usr/lib/libccsp_common.so.0(DslhCpecoLoadExternalDMLibFile2+0x28) [0xf7e380ac]
    /usr/lib/libccsp_common.so.0(DslhCpecoRegisterDataModelInternal+0x1ee) [0xf7e38736]
    /usr/lib/libccsp_common.so.0(DslhCpecoRegisterDataModel2+0x2c) [0xf7e38bae]
    /usr/bin/CcspPandMSsp(ssp_engage_pnm+0x13a) [0x804bda1]
    /usr/bin/CcspPandMSsp(cmd_dispatch+0x110) [0x804b8f4]
    /usr/bin/CcspPandMSsp(main+0x990) [0x804af50]
    /usr/ccsp/../../lib/libc.so.6(__libc_start_main+0xed) [0xf7b60e2d]
    /usr/bin/CcspPandMSsp(_start+0x21) [0x804b271]

@@@CcspHalEthSwGetPortEntry(PortId, pEthCfg)
    /usr/lib/libhal_ethsw.so.0(CcspHalEthSwGetPortEntry+0x7c) [0xf661032f]
    /usr/lib/libtr181.so(puma6_getEntry+0x37) [0xf6091728]
    /usr/lib/libtr181.so(CosaDmlEthPortGetEntry+0x7b) [0xf6090b31]
    /usr/lib/libtr181.so(CosaEthernetInitialize+0x83) [0xf61073d1]
    /usr/lib/libtr181.so(CosaEthernetCreate+0x51) [0xf61077ea]
    /usr/lib/libtr181.so(CosaBackEndManagerInitialize+0x141) [0xf613118b]
    /usr/lib/libtr181.so(COSA_Init+0x346) [0xf6130f09]
    /usr/lib/libccsp_common.so.0(DslhDmagntLoadDataModelXMLInternal+0x127) [0xf7e361f2]
    /usr/lib/libccsp_common.so.0(DslhDmagntLoadDataModelXML2+0x32) [0xf7e36446]
    /usr/lib/libccsp_common.so.0(DslhCpecoLoadExternalDMLibFile2+0x28) [0xf7e380ac]
    /usr/lib/libccsp_common.so.0(DslhCpecoRegisterDataModelInternal+0x1ee) [0xf7e38736]
    /usr/lib/libccsp_common.so.0(DslhCpecoRegisterDataModel2+0x2c) [0xf7e38bae]
    /usr/bin/CcspPandMSsp(ssp_engage_pnm+0x13a) [0x804bda1]
    /usr/bin/CcspPandMSsp(cmd_dispatch+0x110) [0x804b8f4]
    /usr/bin/CcspPandMSsp(main+0x990) [0x804af50]
    /usr/ccsp/../../lib/libc.so.6(__libc_start_main+0xed) [0xf7b60e2d]
    /usr/bin/CcspPandMSsp(_start+0x21) [0x804b271]

@@@CcspHalEthSwGetPortCfg(PortId, pLinkRate, pDuplexMode)
    /usr/lib/libhal_ethsw.so.0(CcspHalEthSwGetPortCfg+0x7c) [0xf660e8d4]
    /usr/lib/libhal_ethsw.so.0(CcspHalEthSwGetPortEntry+0x107) [0xf66103ba]
    /usr/lib/libtr181.so(puma6_getEntry+0x37) [0xf6091728]
    /usr/lib/libtr181.so(CosaDmlEthPortGetEntry+0x7b) [0xf6090b31]
    /usr/lib/libtr181.so(CosaEthernetInitialize+0x83) [0xf61073d1]
    /usr/lib/libtr181.so(CosaEthernetCreate+0x51) [0xf61077ea]
    /usr/lib/libtr181.so(CosaBackEndManagerInitialize+0x141) [0xf613118b]
    /usr/lib/libtr181.so(COSA_Init+0x346) [0xf6130f09]
    /usr/lib/libccsp_common.so.0(DslhDmagntLoadDataModelXMLInternal+0x127) [0xf7e361f2]
    /usr/lib/libccsp_common.so.0(DslhDmagntLoadDataModelXML2+0x32) [0xf7e36446]
    /usr/lib/libccsp_common.so.0(DslhCpecoLoadExternalDMLibFile2+0x28) [0xf7e380ac]
    /usr/lib/libccsp_common.so.0(DslhCpecoRegisterDataModelInternal+0x1ee) [0xf7e38736]
    /usr/lib/libccsp_common.so.0(DslhCpecoRegisterDataModel2+0x2c) [0xf7e38bae]
    /usr/bin/CcspPandMSsp(ssp_engage_pnm+0x13a) [0x804bda1]
    /usr/bin/CcspPandMSsp(cmd_dispatch+0x110) [0x804b8f4]
    /usr/bin/CcspPandMSsp(main+0x990) [0x804af50]
    /usr/ccsp/../../lib/libc.so.6(__libc_start_main+0xed) [0xf7b60e2d]
    /usr/bin/CcspPandMSsp(_start+0x21) [0x804b271]

@@@CcspHalEthSwGetPortStatus(PortId, pLinkRate, pDuplexMode, pStatus)
    /usr/lib/libhal_ethsw.so.0(CcspHalEthSwGetPortStatus+0x85) [0xf660e70a]
    /usr/lib/libhal_ethsw.so.0(CcspHalEthSwGetPortEntry+0x180) [0xf6610433]
    /usr/lib/libtr181.so(puma6_getEntry+0x37) [0xf6091728]
    /usr/lib/libtr181.so(CosaDmlEthPortGetEntry+0x7b) [0xf6090b31]
    /usr/lib/libtr181.so(CosaEthernetInitialize+0x83) [0xf61073d1]
    /usr/lib/libtr181.so(CosaEthernetCreate+0x51) [0xf61077ea]
    /usr/lib/libtr181.so(CosaBackEndManagerInitialize+0x141) [0xf613118b]
    /usr/lib/libtr181.so(COSA_Init+0x346) [0xf6130f09]
    /usr/lib/libccsp_common.so.0(DslhDmagntLoadDataModelXMLInternal+0x127) [0xf7e361f2]
    /usr/lib/libccsp_common.so.0(DslhDmagntLoadDataModelXML2+0x32) [0xf7e36446]
    /usr/lib/libccsp_common.so.0(DslhCpecoLoadExternalDMLibFile2+0x28) [0xf7e380ac]
    /usr/lib/libccsp_common.so.0(DslhCpecoRegisterDataModelInternal+0x1ee) [0xf7e38736]
    /usr/lib/libccsp_common.so.0(DslhCpecoRegisterDataModel2+0x2c) [0xf7e38bae]
    /usr/bin/CcspPandMSsp(ssp_engage_pnm+0x13a) [0x804bda1]
    /usr/bin/CcspPandMSsp(cmd_dispatch+0x110) [0x804b8f4]
    /usr/bin/CcspPandMSsp(main+0x990) [0x804af50]
    /usr/ccsp/../../lib/libc.so.6(__libc_start_main+0xed) [0xf7b60e2d]
    /usr/bin/CcspPandMSsp(_start+0x21) [0x804b271]

@@@CcspHalEthSwGetPortAdminStatus(PortId, pAdminStatus)
    /usr/lib/libhal_ethsw.so.0(CcspHalEthSwGetPortAdminStatus+0x76) [0xf660ec56]
    /usr/lib/libhal_ethsw.so.0(CcspHalEthSwGetPortEntry+0x1dc) [0xf661048f]
    /usr/lib/libtr181.so(puma6_getEntry+0x37) [0xf6091728]
    /usr/lib/libtr181.so(CosaDmlEthPortGetEntry+0x7b) [0xf6090b31]
    /usr/lib/libtr181.so(CosaEthernetInitialize+0x83) [0xf61073d1]
    /usr/lib/libtr181.so(CosaEthernetCreate+0x51) [0xf61077ea]
    /usr/lib/libtr181.so(CosaBackEndManagerInitialize+0x141) [0xf613118b]
    /usr/lib/libtr181.so(COSA_Init+0x346) [0xf6130f09]
    /usr/lib/libccsp_common.so.0(DslhDmagntLoadDataModelXMLInternal+0x127) [0xf7e361f2]
    /usr/lib/libccsp_common.so.0(DslhDmagntLoadDataModelXML2+0x32) [0xf7e36446]
    /usr/lib/libccsp_common.so.0(DslhCpecoLoadExternalDMLibFile2+0x28) [0xf7e380ac]
    /usr/lib/libccsp_common.so.0(DslhCpecoRegisterDataModelInternal+0x1ee) [0xf7e38736]
    /usr/lib/libccsp_common.so.0(DslhCpecoRegisterDataModel2+0x2c) [0xf7e38bae]
    /usr/bin/CcspPandMSsp(ssp_engage_pnm+0x13a) [0x804bda1]
    /usr/bin/CcspPandMSsp(cmd_dispatch+0x110) [0x804b8f4]
    /usr/bin/CcspPandMSsp(main+0x990) [0x804af50]
    /usr/ccsp/../../lib/libc.so.6(__libc_start_main+0xed) [0xf7b60e2d]
    /usr/bin/CcspPandMSsp(_start+0x21) [0x804b271]

@@@CcspHalEthSwGetEEEPortEnable(PortId, enable)
    /usr/lib/libhal_ethsw.so.0(CcspHalEthSwGetEEEPortEnable+0x76) [0xf6610145]
    /usr/lib/libhal_ethsw.so.0(CcspHalEthSwGetPortEntry+0x23c) [0xf66104ef]
    /usr/lib/libtr181.so(puma6_getEntry+0x37) [0xf6091728]
    /usr/lib/libtr181.so(CosaDmlEthPortGetEntry+0x7b) [0xf6090b31]
    /usr/lib/libtr181.so(CosaEthernetInitialize+0x83) [0xf61073d1]
    /usr/lib/libtr181.so(CosaEthernetCreate+0x51) [0xf61077ea]
    /usr/lib/libtr181.so(CosaBackEndManagerInitialize+0x141) [0xf613118b]
    /usr/lib/libtr181.so(COSA_Init+0x346) [0xf6130f09]
    /usr/lib/libccsp_common.so.0(DslhDmagntLoadDataModelXMLInternal+0x127) [0xf7e361f2]
    /usr/lib/libccsp_common.so.0(DslhDmagntLoadDataModelXML2+0x32) [0xf7e36446]
    /usr/lib/libccsp_common.so.0(DslhCpecoLoadExternalDMLibFile2+0x28) [0xf7e380ac]
    /usr/lib/libccsp_common.so.0(DslhCpecoRegisterDataModelInternal+0x1ee) [0xf7e38736]
    /usr/lib/libccsp_common.so.0(DslhCpecoRegisterDataModel2+0x2c) [0xf7e38bae]
    /usr/bin/CcspPandMSsp(ssp_engage_pnm+0x13a) [0x804bda1]
    /usr/bin/CcspPandMSsp(cmd_dispatch+0x110) [0x804b8f4]
    /usr/bin/CcspPandMSsp(main+0x990) [0x804af50]
    /usr/ccsp/../../lib/libc.so.6(__libc_start_main+0xed) [0xf7b60e2d]
    /usr/bin/CcspPandMSsp(_start+0x21) [0x804b271]

@@@CcspHalExtSw_getEthWanEnable(pFlag)
    /usr/lib/libhal_ethsw.so.0(CcspHalExtSw_getEthWanEnable+0x76) [0xf7ec54ee]
    /usr/bin/CcspEthAgent(CosaDmlEthWanGetCfg+0x28) [0x805738b]
    /usr/bin/CcspEthAgent(CosaEthernetInitialize+0xb6) [0x8052b8a]
    /usr/bin/CcspEthAgent(CosaEthernetCreate+0x51) [0x8052cd5]
    /usr/bin/CcspEthAgent(COSA_Init+0x78c) [0x8050947]
    /usr/lib/libccsp_common.so.0(DslhDmagntLoadDataModelXMLInternal+0x194) [0xf7d1c25f]
    /usr/lib/libccsp_common.so.0(DslhDmagntLoadDataModelXML+0x55) [0xf7d1c3fb]
    /usr/lib/libccsp_common.so.0(DslhDmagntRegBaseDataModel+0x139) [0xf7d1c9f8]
    /usr/lib/libccsp_common.so.0(DslhCpecoRegisterDataModelInternal+0x124) [0xf7d1e66c]
    /usr/lib/libccsp_common.so.0(DslhCpecoRegisterDataModel2+0x2c) [0xf7d1ebae]
    /usr/bin/CcspEthAgent(ssp_engage+0x113) [0x804f9e5]
    /usr/bin/CcspEthAgent() [0x804f5c0]
    /usr/bin/CcspEthAgent(main+0x309) [0x804ee19]
    /usr/ccsp/../../lib/libc.so.6(__libc_start_main+0xed) [0xf7a62e2d]
    /usr/bin/CcspEthAgent(_start+0x21) [0x804ef61]

@@@CcspHalExtSw_getEthWanPort(pPort)
    /usr/lib/libhal_ethsw.so.0(CcspHalExtSw_getEthWanPort+0x76) [0xf7ec56d2]
    /usr/bin/CcspEthAgent(CosaDmlEthWanGetCfg+0x60) [0x80573c3]
    /usr/bin/CcspEthAgent(CosaEthernetInitialize+0xb6) [0x8052b8a]
    /usr/bin/CcspEthAgent(CosaEthernetCreate+0x51) [0x8052cd5]
    /usr/bin/CcspEthAgent(COSA_Init+0x78c) [0x8050947]
    /usr/lib/libccsp_common.so.0(DslhDmagntLoadDataModelXMLInternal+0x194) [0xf7d1c25f]
    /usr/lib/libccsp_common.so.0(DslhDmagntLoadDataModelXML+0x55) [0xf7d1c3fb]
    /usr/lib/libccsp_common.so.0(DslhDmagntRegBaseDataModel+0x139) [0xf7d1c9f8]
    /usr/lib/libccsp_common.so.0(DslhCpecoRegisterDataModelInternal+0x124) [0xf7d1e66c]
    /usr/lib/libccsp_common.so.0(DslhCpecoRegisterDataModel2+0x2c) [0xf7d1ebae]
    /usr/bin/CcspEthAgent(ssp_engage+0x113) [0x804f9e5]
    /usr/bin/CcspEthAgent() [0x804f5c0]
    /usr/bin/CcspEthAgent(main+0x309) [0x804ee19]
    /usr/ccsp/../../lib/libc.so.6(__libc_start_main+0xed) [0xf7a62e2d]
    /usr/bin/CcspEthAgent(_start+0x21) [0x804ef61]

@@@GWP_RegisterEthWan_Callback(obj)
    /usr/lib/libhal_ethsw.so.0(GWP_RegisterEthWan_Callback+0x7c) [0xf7ec58bf]
    /usr/bin/CcspEthAgent(CosaEthernetInitialize+0xd1) [0x8052ba5]
    /usr/bin/CcspEthAgent(CosaEthernetCreate+0x51) [0x8052cd5]
    /usr/bin/CcspEthAgent(COSA_Init+0x78c) [0x8050947]
    /usr/lib/libccsp_common.so.0(DslhDmagntLoadDataModelXMLInternal+0x194) [0xf7d1c25f]
    /usr/lib/libccsp_common.so.0(DslhDmagntLoadDataModelXML+0x55) [0xf7d1c3fb]
    /usr/lib/libccsp_common.so.0(DslhDmagntRegBaseDataModel+0x139) [0xf7d1c9f8]
    /usr/lib/libccsp_common.so.0(DslhCpecoRegisterDataModelInternal+0x124) [0xf7d1e66c]
    /usr/lib/libccsp_common.so.0(DslhCpecoRegisterDataModel2+0x2c) [0xf7d1ebae]
    /usr/bin/CcspEthAgent(ssp_engage+0x113) [0x804f9e5]
    /usr/bin/CcspEthAgent() [0x804f5c0]
    /usr/bin/CcspEthAgent(main+0x309) [0x804ee19]
    /usr/ccsp/../../lib/libc.so.6(__libc_start_main+0xed) [0xf7a62e2d]
    /usr/bin/CcspEthAgent(_start+0x21) [0x804ef61]

@@@GWP_GetEthWanInterfaceName(Interface, maxSize)
    /usr/lib/libhal_ethsw.so.0(GWP_GetEthWanInterfaceName+0x76) [0xf7ec5b60]
    /usr/bin/CcspEthAgent() [0x80565d5]
    /usr/bin/CcspEthAgent(CosaDmlEthInit+0x87) [0x805b4c2]
    /usr/bin/CcspEthAgent(CosaEthernetInitialize+0xde) [0x8052bb2]
    /usr/bin/CcspEthAgent(CosaEthernetCreate+0x51) [0x8052cd5]
    /usr/bin/CcspEthAgent(COSA_Init+0x78c) [0x8050947]
    /usr/lib/libccsp_common.so.0(DslhDmagntLoadDataModelXMLInternal+0x194) [0xf7d1c25f]
    /usr/lib/libccsp_common.so.0(DslhDmagntLoadDataModelXML+0x55) [0xf7d1c3fb]
    /usr/lib/libccsp_common.so.0(DslhDmagntRegBaseDataModel+0x139) [0xf7d1c9f8]
    /usr/lib/libccsp_common.so.0(DslhCpecoRegisterDataModelInternal+0x124) [0xf7d1e66c]
    /usr/lib/libccsp_common.so.0(DslhCpecoRegisterDataModel2+0x2c) [0xf7d1ebae]
    /usr/bin/CcspEthAgent(ssp_engage+0x113) [0x804f9e5]
    /usr/bin/CcspEthAgent() [0x804f5c0]
    /usr/bin/CcspEthAgent(main+0x309) [0x804ee19]
    /usr/ccsp/../../lib/libc.so.6(__libc_start_main+0xed) [0xf7a62e2d]
    /usr/bin/CcspEthAgent(_start+0x21) [0x804ef61]

@@@CcspHalEthSwInit()
    /usr/lib/libhal_ethsw.so.0(CcspHalEthSwInit+0x70) [0xf7ec45f6]
    /usr/bin/CcspEthAgent(CosaDmlEthInit+0x164) [0x805b59f]
    /usr/bin/CcspEthAgent(CosaEthernetInitialize+0xde) [0x8052bb2]
    /usr/bin/CcspEthAgent(CosaEthernetCreate+0x51) [0x8052cd5]
    /usr/bin/CcspEthAgent(COSA_Init+0x78c) [0x8050947]
    /usr/lib/libccsp_common.so.0(DslhDmagntLoadDataModelXMLInternal+0x194) [0xf7d1c25f]
    /usr/lib/libccsp_common.so.0(DslhDmagntLoadDataModelXML+0x55) [0xf7d1c3fb]
    /usr/lib/libccsp_common.so.0(DslhDmagntRegBaseDataModel+0x139) [0xf7d1c9f8]
    /usr/lib/libccsp_common.so.0(DslhCpecoRegisterDataModelInternal+0x124) [0xf7d1e66c]
    /usr/lib/libccsp_common.so.0(DslhCpecoRegisterDataModel2+0x2c) [0xf7d1ebae]
    /usr/bin/CcspEthAgent(ssp_engage+0x113) [0x804f9e5]
    /usr/bin/CcspEthAgent() [0x804f5c0]
    /usr/bin/CcspEthAgent(main+0x309) [0x804ee19]
    /usr/ccsp/../../lib/libc.so.6(__libc_start_main+0xed) [0xf7a62e2d]
    /usr/bin/CcspEthAgent(_start+0x21) [0x804ef61]

@@@CcspHalEthSwGetPortAdminStatus(PortId, pAdminStatus)
    /usr/lib/libhal_ethsw.so.0(CcspHalEthSwGetPortAdminStatus+0x76) [0xf7ec4c56]
    /usr/bin/CcspEthAgent() [0x805d907]
    /usr/bin/CcspEthAgent(CosaDmlEthPortGetEntry+0x4f) [0x805d191]
    /usr/bin/CcspEthAgent(CosaEthInterfaceInitialize+0x67) [0x8052068]
    /usr/bin/CcspEthAgent(CosaEthInterfaceCreate+0x51) [0x8052140]
    /usr/bin/CcspEthAgent(CosaBackEndManagerInitialize+0x15) [0x8050a30]
    /usr/bin/CcspEthAgent(COSA_Init+0x7ba) [0x8050975]
    /usr/lib/libccsp_common.so.0(DslhDmagntLoadDataModelXMLInternal+0x194) [0xf7d1c25f]
    /usr/lib/libccsp_common.so.0(DslhDmagntLoadDataModelXML+0x55) [0xf7d1c3fb]
    /usr/lib/libccsp_common.so.0(DslhDmagntRegBaseDataModel+0x139) [0xf7d1c9f8]
    /usr/lib/libccsp_common.so.0(DslhCpecoRegisterDataModelInternal+0x124) [0xf7d1e66c]
    /usr/lib/libccsp_common.so.0(DslhCpecoRegisterDataModel2+0x2c) [0xf7d1ebae]
    /usr/bin/CcspEthAgent(ssp_engage+0x113) [0x804f9e5]
    /usr/bin/CcspEthAgent() [0x804f5c0]
    /usr/bin/CcspEthAgent(main+0x309) [0x804ee19]
    /usr/ccsp/../../lib/libc.so.6(__libc_start_main+0xed) [0xf7a62e2d]
    /usr/bin/CcspEthAgent(_start+0x21) [0x804ef61]

@@@CcspHalEthSwGetPortCfg(PortId, pLinkRate, pDuplexMode)
    /usr/lib/libhal_ethsw.so.0(CcspHalEthSwGetPortCfg+0x7c) [0xf7ec48d4]
    /usr/bin/CcspEthAgent() [0x805d928]
    /usr/bin/CcspEthAgent(CosaDmlEthPortGetEntry+0x4f) [0x805d191]
    /usr/bin/CcspEthAgent(CosaEthInterfaceInitialize+0x67) [0x8052068]
    /usr/bin/CcspEthAgent(CosaEthInterfaceCreate+0x51) [0x8052140]
    /usr/bin/CcspEthAgent(CosaBackEndManagerInitialize+0x15) [0x8050a30]
    /usr/bin/CcspEthAgent(COSA_Init+0x7ba) [0x8050975]
    /usr/lib/libccsp_common.so.0(DslhDmagntLoadDataModelXMLInternal+0x194) [0xf7d1c25f]
    /usr/lib/libccsp_common.so.0(DslhDmagntLoadDataModelXML+0x55) [0xf7d1c3fb]
    /usr/lib/libccsp_common.so.0(DslhDmagntRegBaseDataModel+0x139) [0xf7d1c9f8]
    /usr/lib/libccsp_common.so.0(DslhCpecoRegisterDataModelInternal+0x124) [0xf7d1e66c]
    /usr/lib/libccsp_common.so.0(DslhCpecoRegisterDataModel2+0x2c) [0xf7d1ebae]
    /usr/bin/CcspEthAgent(ssp_engage+0x113) [0x804f9e5]
    /usr/bin/CcspEthAgent() [0x804f5c0]
    /usr/bin/CcspEthAgent(main+0x309) [0x804ee19]
    /usr/ccsp/../../lib/libc.so.6(__libc_start_main+0xed) [0xf7a62e2d]
    /usr/bin/CcspEthAgent(_start+0x21) [0x804ef61]

@@@CcspHalEthSwGetPortStatus(PortId, pLinkRate, pDuplexMode, pStatus)
    /usr/lib/libhal_ethsw.so.0(CcspHalEthSwGetPortStatus+0x85) [0xf7ec470a]
    /usr/bin/CcspEthAgent() [0x805cb2b]
    /usr/bin/CcspEthAgent(CosaDmlEthPortGetEntry+0x82) [0x805d1c4]
    /usr/bin/CcspEthAgent(CosaEthInterfaceInitialize+0x67) [0x8052068]
    /usr/bin/CcspEthAgent(CosaEthInterfaceCreate+0x51) [0x8052140]
    /usr/bin/CcspEthAgent(CosaBackEndManagerInitialize+0x15) [0x8050a30]
    /usr/bin/CcspEthAgent(COSA_Init+0x7ba) [0x8050975]
    /usr/lib/libccsp_common.so.0(DslhDmagntLoadDataModelXMLInternal+0x194) [0xf7d1c25f]
    /usr/lib/libccsp_common.so.0(DslhDmagntLoadDataModelXML+0x55) [0xf7d1c3fb]
    /usr/lib/libccsp_common.so.0(DslhDmagntRegBaseDataModel+0x139) [0xf7d1c9f8]
    /usr/lib/libccsp_common.so.0(DslhCpecoRegisterDataModelInternal+0x124) [0xf7d1e66c]
    /usr/lib/libccsp_common.so.0(DslhCpecoRegisterDataModel2+0x2c) [0xf7d1ebae]
    /usr/bin/CcspEthAgent(ssp_engage+0x113) [0x804f9e5]
    /usr/bin/CcspEthAgent() [0x804f5c0]
    /usr/bin/CcspEthAgent(main+0x309) [0x804ee19]
    /usr/ccsp/../../lib/libc.so.6(__libc_start_main+0xed) [0xf7a62e2d]
    /usr/bin/CcspEthAgent(_start+0x21) [0x804ef61]

@@@CcspHalExtSw_getAssociatedDevice(output_array_size, output_struct)
    /usr/lib/libhal_ethsw.so.0(CcspHalExtSw_getAssociatedDevice+0x82) [0xf7ec52ac]
    /usr/bin/CcspEthAgent(CcspHalExtSw_AssociatedDeviceMonitorThread+0x4b) [0x805c4d9]
    /usr/ccsp/../../lib/libpthread.so.0(+0x7f91) [0xf7c2cf91]
    /usr/ccsp/../../lib/libc.so.6(clone+0x66) [0xf7b42b96]

@@@CcspHalEthSwGetPortAdminStatus(PortId, pAdminStatus)
    /usr/lib/libhal_ethsw.so.0(CcspHalEthSwGetPortAdminStatus+0x76) [0xf7ec4c56]
    /usr/bin/CcspEthAgent() [0x805d907]
    /usr/bin/CcspEthAgent(CosaDmlEthPortGetEntry+0x4f) [0x805d191]
    /usr/bin/CcspEthAgent(CosaEthInterfaceInitialize+0x67) [0x8052068]
    /usr/bin/CcspEthAgent(CosaEthInterfaceCreate+0x51) [0x8052140]
    /usr/bin/CcspEthAgent(CosaBackEndManagerInitialize+0x15) [0x8050a30]
    /usr/bin/CcspEthAgent(COSA_Init+0x7ba) [0x8050975]
    /usr/lib/libccsp_common.so.0(DslhDmagntLoadDataModelXMLInternal+0x194) [0xf7d1c25f]
    /usr/lib/libccsp_common.so.0(DslhDmagntLoadDataModelXML+0x55) [0xf7d1c3fb]
    /usr/lib/libccsp_common.so.0(DslhDmagntRegBaseDataModel+0x139) [0xf7d1c9f8]
    /usr/lib/libccsp_common.so.0(DslhCpecoRegisterDataModelInternal+0x124) [0xf7d1e66c]
    /usr/lib/libccsp_common.so.0(DslhCpecoRegisterDataModel2+0x2c) [0xf7d1ebae]
    /usr/bin/CcspEthAgent(ssp_engage+0x113) [0x804f9e5]
    /usr/bin/CcspEthAgent() [0x804f5c0]
    /usr/bin/CcspEthAgent(main+0x309) [0x804ee19]
    /usr/ccsp/../../lib/libc.so.6(__libc_start_main+0xed) [0xf7a62e2d]
    /usr/bin/CcspEthAgent(_start+0x21) [0x804ef61]

@@@CcspHalEthSwGetPortCfg(PortId, pLinkRate, pDuplexMode)
    /usr/lib/libhal_ethsw.so.0(CcspHalEthSwGetPortCfg+0x7c) [0xf7ec48d4]
    /usr/bin/CcspEthAgent() [0x805d928]
    /usr/bin/CcspEthAgent(CosaDmlEthPortGetEntry+0x4f) [0x805d191]
    /usr/bin/CcspEthAgent(CosaEthInterfaceInitialize+0x67) [0x8052068]
    /usr/bin/CcspEthAgent(CosaEthInterfaceCreate+0x51) [0x8052140]
    /usr/bin/CcspEthAgent(CosaBackEndManagerInitialize+0x15) [0x8050a30]
    /usr/bin/CcspEthAgent(COSA_Init+0x7ba) [0x8050975]
    /usr/lib/libccsp_common.so.0(DslhDmagntLoadDataModelXMLInternal+0x194) [0xf7d1c25f]
    /usr/lib/libccsp_common.so.0(DslhDmagntLoadDataModelXML+0x55) [0xf7d1c3fb]
    /usr/lib/libccsp_common.so.0(DslhDmagntRegBaseDataModel+0x139) [0xf7d1c9f8]
    /usr/lib/libccsp_common.so.0(DslhCpecoRegisterDataModelInternal+0x124) [0xf7d1e66c]
    /usr/lib/libccsp_common.so.0(DslhCpecoRegisterDataModel2+0x2c) [0xf7d1ebae]
    /usr/bin/CcspEthAgent(ssp_engage+0x113) [0x804f9e5]
    /usr/bin/CcspEthAgent() [0x804f5c0]
    /usr/bin/CcspEthAgent(main+0x309) [0x804ee19]
    /usr/ccsp/../../lib/libc.so.6(__libc_start_main+0xed) [0xf7a62e2d]
    /usr/bin/CcspEthAgent(_start+0x21) [0x804ef61]

@@@CcspHalEthSwGetPortStatus(PortId, pLinkRate, pDuplexMode, pStatus)
    /usr/lib/libhal_ethsw.so.0(CcspHalEthSwGetPortStatus+0x85) [0xf7ec470a]
    /usr/bin/CcspEthAgent() [0x805cb2b]
    /usr/bin/CcspEthAgent(CosaDmlEthPortGetEntry+0x82) [0x805d1c4]
    /usr/bin/CcspEthAgent(CosaEthInterfaceInitialize+0x67) [0x8052068]
    /usr/bin/CcspEthAgent(CosaEthInterfaceCreate+0x51) [0x8052140]
    /usr/bin/CcspEthAgent(CosaBackEndManagerInitialize+0x15) [0x8050a30]
    /usr/bin/CcspEthAgent(COSA_Init+0x7ba) [0x8050975]
    /usr/lib/libccsp_common.so.0(DslhDmagntLoadDataModelXMLInternal+0x194) [0xf7d1c25f]
    /usr/lib/libccsp_common.so.0(DslhDmagntLoadDataModelXML+0x55) [0xf7d1c3fb]
    /usr/lib/libccsp_common.so.0(DslhDmagntRegBaseDataModel+0x139) [0xf7d1c9f8]
    /usr/lib/libccsp_common.so.0(DslhCpecoRegisterDataModelInternal+0x124) [0xf7d1e66c]
    /usr/lib/libccsp_common.so.0(DslhCpecoRegisterDataModel2+0x2c) [0xf7d1ebae]
    /usr/bin/CcspEthAgent(ssp_engage+0x113) [0x804f9e5]
    /usr/bin/CcspEthAgent() [0x804f5c0]
    /usr/bin/CcspEthAgent(main+0x309) [0x804ee19]
    /usr/ccsp/../../lib/libc.so.6(__libc_start_main+0xed) [0xf7a62e2d]
    /usr/bin/CcspEthAgent(_start+0x21) [0x804ef61]

@@@CcspHalEthSwGetPortAdminStatus(PortId, pAdminStatus)
    /usr/lib/libhal_ethsw.so.0(CcspHalEthSwGetPortAdminStatus+0x76) [0xf7ec4c56]
    /usr/bin/CcspEthAgent() [0x805d907]
    /usr/bin/CcspEthAgent(CosaDmlEthPortGetEntry+0x4f) [0x805d191]
    /usr/bin/CcspEthAgent(CosaEthInterfaceInitialize+0x67) [0x8052068]
    /usr/bin/CcspEthAgent(CosaEthInterfaceCreate+0x51) [0x8052140]
    /usr/bin/CcspEthAgent(CosaBackEndManagerInitialize+0x15) [0x8050a30]
    /usr/bin/CcspEthAgent(COSA_Init+0x7ba) [0x8050975]
    /usr/lib/libccsp_common.so.0(DslhDmagntLoadDataModelXMLInternal+0x194) [0xf7d1c25f]
    /usr/lib/libccsp_common.so.0(DslhDmagntLoadDataModelXML+0x55) [0xf7d1c3fb]
    /usr/lib/libccsp_common.so.0(DslhDmagntRegBaseDataModel+0x139) [0xf7d1c9f8]
    /usr/lib/libccsp_common.so.0(DslhCpecoRegisterDataModelInternal+0x124) [0xf7d1e66c]
    /usr/lib/libccsp_common.so.0(DslhCpecoRegisterDataModel2+0x2c) [0xf7d1ebae]
    /usr/bin/CcspEthAgent(ssp_engage+0x113) [0x804f9e5]
    /usr/bin/CcspEthAgent() [0x804f5c0]
    /usr/bin/CcspEthAgent(main+0x309) [0x804ee19]
    /usr/ccsp/../../lib/libc.so.6(__libc_start_main+0xed) [0xf7a62e2d]
    /usr/bin/CcspEthAgent(_start+0x21) [0x804ef61]

@@@CcspHalEthSwGetPortCfg(PortId, pLinkRate, pDuplexMode)
    /usr/lib/libhal_ethsw.so.0(CcspHalEthSwGetPortCfg+0x7c) [0xf7ec48d4]
    /usr/bin/CcspEthAgent() [0x805d928]
    /usr/bin/CcspEthAgent(CosaDmlEthPortGetEntry+0x4f) [0x805d191]
    /usr/bin/CcspEthAgent(CosaEthInterfaceInitialize+0x67) [0x8052068]
    /usr/bin/CcspEthAgent(CosaEthInterfaceCreate+0x51) [0x8052140]
    /usr/bin/CcspEthAgent(CosaBackEndManagerInitialize+0x15) [0x8050a30]
    /usr/bin/CcspEthAgent(COSA_Init+0x7ba) [0x8050975]
    /usr/lib/libccsp_common.so.0(DslhDmagntLoadDataModelXMLInternal+0x194) [0xf7d1c25f]
    /usr/lib/libccsp_common.so.0(DslhDmagntLoadDataModelXML+0x55) [0xf7d1c3fb]
    /usr/lib/libccsp_common.so.0(DslhDmagntRegBaseDataModel+0x139) [0xf7d1c9f8]
    /usr/lib/libccsp_common.so.0(DslhCpecoRegisterDataModelInternal+0x124) [0xf7d1e66c]
    /usr/lib/libccsp_common.so.0(DslhCpecoRegisterDataModel2+0x2c) [0xf7d1ebae]
    /usr/bin/CcspEthAgent(ssp_engage+0x113) [0x804f9e5]
    /usr/bin/CcspEthAgent() [0x804f5c0]
    /usr/bin/CcspEthAgent(main+0x309) [0x804ee19]
    /usr/ccsp/../../lib/libc.so.6(__libc_start_main+0xed) [0xf7a62e2d]
    /usr/bin/CcspEthAgent(_start+0x21) [0x804ef61]

@@@CcspHalEthSwGetPortStatus(PortId, pLinkRate, pDuplexMode, pStatus)
    /usr/lib/libhal_ethsw.so.0(CcspHalEthSwGetPortStatus+0x85) [0xf7ec470a]
    /usr/bin/CcspEthAgent() [0x805cb2b]
    /usr/bin/CcspEthAgent(CosaDmlEthPortGetEntry+0x82) [0x805d1c4]
    /usr/bin/CcspEthAgent(CosaEthInterfaceInitialize+0x67) [0x8052068]
    /usr/bin/CcspEthAgent(CosaEthInterfaceCreate+0x51) [0x8052140]
    /usr/bin/CcspEthAgent(CosaBackEndManagerInitialize+0x15) [0x8050a30]
    /usr/bin/CcspEthAgent(COSA_Init+0x7ba) [0x8050975]
    /usr/lib/libccsp_common.so.0(DslhDmagntLoadDataModelXMLInternal+0x194) [0xf7d1c25f]
    /usr/lib/libccsp_common.so.0(DslhDmagntLoadDataModelXML+0x55) [0xf7d1c3fb]
    /usr/lib/libccsp_common.so.0(DslhDmagntRegBaseDataModel+0x139) [0xf7d1c9f8]
    /usr/lib/libccsp_common.so.0(DslhCpecoRegisterDataModelInternal+0x124) [0xf7d1e66c]
    /usr/lib/libccsp_common.so.0(DslhCpecoRegisterDataModel2+0x2c) [0xf7d1ebae]
    /usr/bin/CcspEthAgent(ssp_engage+0x113) [0x804f9e5]
    /usr/bin/CcspEthAgent() [0x804f5c0]
    /usr/bin/CcspEthAgent(main+0x309) [0x804ee19]
    /usr/ccsp/../../lib/libc.so.6(__libc_start_main+0xed) [0xf7a62e2d]
    /usr/bin/CcspEthAgent(_start+0x21) [0x804ef61]

@@@CcspHalEthSwGetPortAdminStatus(PortId, pAdminStatus)
    /usr/lib/libhal_ethsw.so.0(CcspHalEthSwGetPortAdminStatus+0x76) [0xf7ec4c56]
    /usr/bin/CcspEthAgent() [0x805d907]
    /usr/bin/CcspEthAgent(CosaDmlEthPortGetEntry+0x4f) [0x805d191]
    /usr/bin/CcspEthAgent(CosaEthInterfaceInitialize+0x67) [0x8052068]
    /usr/bin/CcspEthAgent(CosaEthInterfaceCreate+0x51) [0x8052140]
    /usr/bin/CcspEthAgent(CosaBackEndManagerInitialize+0x15) [0x8050a30]
    /usr/bin/CcspEthAgent(COSA_Init+0x7ba) [0x8050975]
    /usr/lib/libccsp_common.so.0(DslhDmagntLoadDataModelXMLInternal+0x194) [0xf7d1c25f]
    /usr/lib/libccsp_common.so.0(DslhDmagntLoadDataModelXML+0x55) [0xf7d1c3fb]
    /usr/lib/libccsp_common.so.0(DslhDmagntRegBaseDataModel+0x139) [0xf7d1c9f8]
    /usr/lib/libccsp_common.so.0(DslhCpecoRegisterDataModelInternal+0x124) [0xf7d1e66c]
    /usr/lib/libccsp_common.so.0(DslhCpecoRegisterDataModel2+0x2c) [0xf7d1ebae]
    /usr/bin/CcspEthAgent(ssp_engage+0x113) [0x804f9e5]
    /usr/bin/CcspEthAgent() [0x804f5c0]
    /usr/bin/CcspEthAgent(main+0x309) [0x804ee19]
    /usr/ccsp/../../lib/libc.so.6(__libc_start_main+0xed) [0xf7a62e2d]
    /usr/bin/CcspEthAgent(_start+0x21) [0x804ef61]

@@@CcspHalEthSwGetPortCfg(PortId, pLinkRate, pDuplexMode)
    /usr/lib/libhal_ethsw.so.0(CcspHalEthSwGetPortCfg+0x7c) [0xf7ec48d4]
    /usr/bin/CcspEthAgent() [0x805d928]
    /usr/bin/CcspEthAgent(CosaDmlEthPortGetEntry+0x4f) [0x805d191]
    /usr/bin/CcspEthAgent(CosaEthInterfaceInitialize+0x67) [0x8052068]
    /usr/bin/CcspEthAgent(CosaEthInterfaceCreate+0x51) [0x8052140]
    /usr/bin/CcspEthAgent(CosaBackEndManagerInitialize+0x15) [0x8050a30]
    /usr/bin/CcspEthAgent(COSA_Init+0x7ba) [0x8050975]
    /usr/lib/libccsp_common.so.0(DslhDmagntLoadDataModelXMLInternal+0x194) [0xf7d1c25f]
    /usr/lib/libccsp_common.so.0(DslhDmagntLoadDataModelXML+0x55) [0xf7d1c3fb]
    /usr/lib/libccsp_common.so.0(DslhDmagntRegBaseDataModel+0x139) [0xf7d1c9f8]
    /usr/lib/libccsp_common.so.0(DslhCpecoRegisterDataModelInternal+0x124) [0xf7d1e66c]
    /usr/lib/libccsp_common.so.0(DslhCpecoRegisterDataModel2+0x2c) [0xf7d1ebae]
    /usr/bin/CcspEthAgent(ssp_engage+0x113) [0x804f9e5]
    /usr/bin/CcspEthAgent() [0x804f5c0]
    /usr/bin/CcspEthAgent(main+0x309) [0x804ee19]
    /usr/ccsp/../../lib/libc.so.6(__libc_start_main+0xed) [0xf7a62e2d]
    /usr/bin/CcspEthAgent(_start+0x21) [0x804ef61]

@@@CcspHalEthSwSetEEEPortEnable(PortId, enable)
    /usr/lib/libhal_ethsw.so.0(CcspHalEthSwSetEEEPortEnable+0x70) [0xf7ec623a]
    /usr/bin/CcspEthAgent(CosaDmlEEEPortSetCfg+0x3a) [0x805d727]
    /usr/bin/CcspEthAgent() [0x805d9f0]
    /usr/bin/CcspEthAgent(CosaDmlEthPortGetEntry+0x4f) [0x805d191]
    /usr/bin/CcspEthAgent(CosaEthInterfaceInitialize+0x67) [0x8052068]
    /usr/bin/CcspEthAgent(CosaEthInterfaceCreate+0x51) [0x8052140]
    /usr/bin/CcspEthAgent(CosaBackEndManagerInitialize+0x15) [0x8050a30]
    /usr/bin/CcspEthAgent(COSA_Init+0x7ba) [0x8050975]
    /usr/lib/libccsp_common.so.0(DslhDmagntLoadDataModelXMLInternal+0x194) [0xf7d1c25f]
    /usr/lib/libccsp_common.so.0(DslhDmagntLoadDataModelXML+0x55) [0xf7d1c3fb]
    /usr/lib/libccsp_common.so.0(DslhDmagntRegBaseDataModel+0x139) [0xf7d1c9f8]
    /usr/lib/libccsp_common.so.0(DslhCpecoRegisterDataModelInternal+0x124) [0xf7d1e66c]
    /usr/lib/libccsp_common.so.0(DslhCpecoRegisterDataModel2+0x2c) [0xf7d1ebae]
    /usr/bin/CcspEthAgent(ssp_engage+0x113) [0x804f9e5]
    /usr/bin/CcspEthAgent() [0x804f5c0]
    /usr/bin/CcspEthAgent(main+0x309) [0x804ee19]
    /usr/ccsp/../../lib/libc.so.6(__libc_start_main+0xed) [0xf7a62e2d]
    /usr/bin/CcspEthAgent(_start+0x21) [0x804ef61]

@@@CcspHalEthSwGetPortStatus(PortId, pLinkRate, pDuplexMode, pStatus)
    /usr/lib/libhal_ethsw.so.0(CcspHalEthSwGetPortStatus+0x85) [0xf7ec470a]
    /usr/bin/CcspEthAgent() [0x805cb2b]
    /usr/bin/CcspEthAgent(CosaDmlEthPortGetEntry+0x82) [0x805d1c4]
    /usr/bin/CcspEthAgent(CosaEthInterfaceInitialize+0x67) [0x8052068]
    /usr/bin/CcspEthAgent(CosaEthInterfaceCreate+0x51) [0x8052140]
    /usr/bin/CcspEthAgent(CosaBackEndManagerInitialize+0x15) [0x8050a30]
    /usr/bin/CcspEthAgent(COSA_Init+0x7ba) [0x8050975]
    /usr/lib/libccsp_common.so.0(DslhDmagntLoadDataModelXMLInternal+0x194) [0xf7d1c25f]
    /usr/lib/libccsp_common.so.0(DslhDmagntLoadDataModelXML+0x55) [0xf7d1c3fb]
    /usr/lib/libccsp_common.so.0(DslhDmagntRegBaseDataModel+0x139) [0xf7d1c9f8]
    /usr/lib/libccsp_common.so.0(DslhCpecoRegisterDataModelInternal+0x124) [0xf7d1e66c]
    /usr/lib/libccsp_common.so.0(DslhCpecoRegisterDataModel2+0x2c) [0xf7d1ebae]
    /usr/bin/CcspEthAgent(ssp_engage+0x113) [0x804f9e5]
    /usr/bin/CcspEthAgent() [0x804f5c0]
    /usr/bin/CcspEthAgent(main+0x309) [0x804ee19]
    /usr/ccsp/../../lib/libc.so.6(__libc_start_main+0xed) [0xf7a62e2d]
    /usr/bin/CcspEthAgent(_start+0x21) [0x804ef61]

@@@CcspHalExtSw_getAssociatedDevice(output_array_size, output_struct)
    /usr/lib/libhal_ethsw.so.0(CcspHalExtSw_getAssociatedDevice+0x82) [0xf7ec52ac]
    /usr/bin/CcspEthAgent(CosaDmlEthPortGetClientMac+0x40) [0x805d26c]
    /usr/bin/CcspEthAgent(AssociatedDevice1_Synchronize+0x5c) [0x80512c3]
    /usr/lib/libccsp_common.so.0(DslhObjroPopulateObjRecords+0x8a) [0xf7d0a923]
    /usr/lib/libccsp_common.so.0(DslhObjroPopulateObjRecords+0x52b) [0xf7d0adc4]
    /usr/lib/libccsp_common.so.0(DslhObjroPopulateObjRecords+0x2ec) [0xf7d0ab85]
    /usr/lib/libccsp_common.so.0(DslhObjroPopulateObjRecords+0x52b) [0xf7d0adc4]
    /usr/lib/libccsp_common.so.0(DslhObjroPopulateObjRecords+0x52b) [0xf7d0adc4]
    /usr/lib/libccsp_common.so.0(DslhObjroPopulateObjRecords+0x52b) [0xf7d0adc4]
    /usr/lib/libccsp_common.so.0(DslhWmpdoCreateRecordTree+0xbc) [0xf7d0ffaf]
    /usr/lib/libccsp_common.so.0(DslhCpecoInitDataModel+0x14) [0xf7d1da5c]
    /usr/lib/libccsp_common.so.0(DslhCpecoRegisterDataModelInternal+0x224) [0xf7d1e76c]
    /usr/lib/libccsp_common.so.0(DslhCpecoRegisterDataModel2+0x2c) [0xf7d1ebae]
    /usr/bin/CcspEthAgent(ssp_engage+0x113) [0x804f9e5]
    /usr/bin/CcspEthAgent() [0x804f5c0]
    /usr/bin/CcspEthAgent(main+0x309) [0x804ee19]
    /usr/ccsp/../../lib/libc.so.6(__libc_start_main+0xed) [0xf7a62e2d]
    /usr/bin/CcspEthAgent(_start+0x21) [0x804ef61]

@@@CcspHalExtSw_getAssociatedDevice(output_array_size, output_struct)
    /usr/lib/libhal_ethsw.so.0(CcspHalExtSw_getAssociatedDevice+0x82) [0xf7ec52ac]
    /usr/bin/CcspEthAgent(CosaDmlEthPortGetClientMac+0x40) [0x805d26c]
    /usr/bin/CcspEthAgent(AssociatedDevice1_Synchronize+0x5c) [0x80512c3]
    /usr/lib/libccsp_common.so.0(DslhObjroPopulateObjRecords+0x8a) [0xf7d0a923]
    /usr/lib/libccsp_common.so.0(DslhObjroPopulateObjRecords+0x52b) [0xf7d0adc4]
    /usr/lib/libccsp_common.so.0(DslhObjroPopulateObjRecords+0x2ec) [0xf7d0ab85]
    /usr/lib/libccsp_common.so.0(DslhObjroPopulateObjRecords+0x52b) [0xf7d0adc4]
    /usr/lib/libccsp_common.so.0(DslhObjroPopulateObjRecords+0x52b) [0xf7d0adc4]
    /usr/lib/libccsp_common.so.0(DslhObjroPopulateObjRecords+0x52b) [0xf7d0adc4]
    /usr/lib/libccsp_common.so.0(DslhWmpdoCreateRecordTree+0xbc) [0xf7d0ffaf]
    /usr/lib/libccsp_common.so.0(DslhCpecoInitDataModel+0x14) [0xf7d1da5c]
    /usr/lib/libccsp_common.so.0(DslhCpecoRegisterDataModelInternal+0x224) [0xf7d1e76c]
    /usr/lib/libccsp_common.so.0(DslhCpecoRegisterDataModel2+0x2c) [0xf7d1ebae]
    /usr/bin/CcspEthAgent(ssp_engage+0x113) [0x804f9e5]
    /usr/bin/CcspEthAgent() [0x804f5c0]
    /usr/bin/CcspEthAgent(main+0x309) [0x804ee19]
    /usr/ccsp/../../lib/libc.so.6(__libc_start_main+0xed) [0xf7a62e2d]
    /usr/bin/CcspEthAgent(_start+0x21) [0x804ef61]

@@@CcspHalExtSw_getAssociatedDevice(output_array_size, output_struct)
    /usr/lib/libhal_ethsw.so.0(CcspHalExtSw_getAssociatedDevice+0x82) [0xf7ec52ac]
    /usr/bin/CcspEthAgent(CosaDmlEthPortGetClientMac+0x40) [0x805d26c]
    /usr/bin/CcspEthAgent(AssociatedDevice1_Synchronize+0x5c) [0x80512c3]
    /usr/lib/libccsp_common.so.0(DslhObjroPopulateObjRecords+0x8a) [0xf7d0a923]
    /usr/lib/libccsp_common.so.0(DslhObjroPopulateObjRecords+0x52b) [0xf7d0adc4]
    /usr/lib/libccsp_common.so.0(DslhObjroPopulateObjRecords+0x2ec) [0xf7d0ab85]
    /usr/lib/libccsp_common.so.0(DslhObjroPopulateObjRecords+0x52b) [0xf7d0adc4]
    /usr/lib/libccsp_common.so.0(DslhObjroPopulateObjRecords+0x52b) [0xf7d0adc4]
    /usr/lib/libccsp_common.so.0(DslhObjroPopulateObjRecords+0x52b) [0xf7d0adc4]
    /usr/lib/libccsp_common.so.0(DslhWmpdoCreateRecordTree+0xbc) [0xf7d0ffaf]
    /usr/lib/libccsp_common.so.0(DslhCpecoInitDataModel+0x14) [0xf7d1da5c]
    /usr/lib/libccsp_common.so.0(DslhCpecoRegisterDataModelInternal+0x224) [0xf7d1e76c]
    /usr/lib/libccsp_common.so.0(DslhCpecoRegisterDataModel2+0x2c) [0xf7d1ebae]
    /usr/bin/CcspEthAgent(ssp_engage+0x113) [0x804f9e5]
    /usr/bin/CcspEthAgent() [0x804f5c0]
    /usr/bin/CcspEthAgent(main+0x309) [0x804ee19]
    /usr/ccsp/../../lib/libc.so.6(__libc_start_main+0xed) [0xf7a62e2d]
    /usr/bin/CcspEthAgent(_start+0x21) [0x804ef61]

@@@CcspHalExtSw_getAssociatedDevice(output_array_size, output_struct)
    /usr/lib/libhal_ethsw.so.0(CcspHalExtSw_getAssociatedDevice+0x82) [0xf7ec52ac]
    /usr/bin/CcspEthAgent(CosaDmlEthPortGetClientMac+0x40) [0x805d26c]
    /usr/bin/CcspEthAgent(AssociatedDevice1_Synchronize+0x5c) [0x80512c3]
    /usr/lib/libccsp_common.so.0(DslhObjroPopulateObjRecords+0x8a) [0xf7d0a923]
    /usr/lib/libccsp_common.so.0(DslhObjroPopulateObjRecords+0x52b) [0xf7d0adc4]
    /usr/lib/libccsp_common.so.0(DslhObjroPopulateObjRecords+0x2ec) [0xf7d0ab85]
    /usr/lib/libccsp_common.so.0(DslhObjroPopulateObjRecords+0x52b) [0xf7d0adc4]
    /usr/lib/libccsp_common.so.0(DslhObjroPopulateObjRecords+0x52b) [0xf7d0adc4]
    /usr/lib/libccsp_common.so.0(DslhObjroPopulateObjRecords+0x52b) [0xf7d0adc4]
    /usr/lib/libccsp_common.so.0(DslhWmpdoCreateRecordTree+0xbc) [0xf7d0ffaf]
    /usr/lib/libccsp_common.so.0(DslhCpecoInitDataModel+0x14) [0xf7d1da5c]
    /usr/lib/libccsp_common.so.0(DslhCpecoRegisterDataModelInternal+0x224) [0xf7d1e76c]
    /usr/lib/libccsp_common.so.0(DslhCpecoRegisterDataModel2+0x2c) [0xf7d1ebae]
    /usr/bin/CcspEthAgent(ssp_engage+0x113) [0x804f9e5]
    /usr/bin/CcspEthAgent() [0x804f5c0]
    /usr/bin/CcspEthAgent(main+0x309) [0x804ee19]
    /usr/ccsp/../../lib/libc.so.6(__libc_start_main+0xed) [0xf7a62e2d]
    /usr/bin/CcspEthAgent(_start+0x21) [0x804ef61]

@@@CcspHalExtSw_getAssociatedDevice(output_array_size, output_struct)
    /usr/lib/libhal_ethsw.so.0(CcspHalExtSw_getAssociatedDevice+0x82) [0xf7ec52ac]
    /usr/bin/CcspEthAgent(CosaDmlEthPortGetClientMac+0x40) [0x805d26c]
    /usr/bin/CcspEthAgent(AssociatedDevice1_Synchronize+0x5c) [0x80512c3]
    /usr/lib/libccsp_common.so.0(DslhObjroPopulateObjRecords+0x8a) [0xf7d0a923]
    /usr/lib/libccsp_common.so.0(DslhObjroPopulateObjRecords+0x52b) [0xf7d0adc4]
    /usr/lib/libccsp_common.so.0(DslhObjroPopulateObjRecords+0x2ec) [0xf7d0ab85]
    /usr/lib/libccsp_common.so.0(DslhObjroPopulateObjRecords+0x52b) [0xf7d0adc4]
    /usr/lib/libccsp_common.so.0(DslhObjroPopulateObjRecords+0x52b) [0xf7d0adc4]
    /usr/lib/libccsp_common.so.0(DslhObjroPopulateObjRecords+0x52b) [0xf7d0adc4]
    /usr/lib/libccsp_common.so.0(DslhWmpdoCreateRecordTree+0xbc) [0xf7d0ffaf]
    /usr/lib/libccsp_common.so.0(DslhCpecoInitDataModel+0x14) [0xf7d1da5c]
    /usr/lib/libccsp_common.so.0(DslhCpecoRegisterDataModelInternal+0x224) [0xf7d1e76c]
    /usr/lib/libccsp_common.so.0(DslhCpecoRegisterDataModel2+0x2c) [0xf7d1ebae]
    /usr/bin/CcspEthAgent(ssp_engage+0x113) [0x804f9e5]
    /usr/bin/CcspEthAgent() [0x804f5c0]
    /usr/bin/CcspEthAgent(main+0x309) [0x804ee19]
    /usr/ccsp/../../lib/libc.so.6(__libc_start_main+0xed) [0xf7a62e2d]
    /usr/bin/CcspEthAgent(_start+0x21) [0x804ef61]

@@@CcspHalExtSw_getAssociatedDevice(output_array_size, output_struct)
    /usr/lib/libhal_ethsw.so.0(CcspHalExtSw_getAssociatedDevice+0x82) [0xf7ec52ac]
    /usr/bin/CcspEthAgent(CosaDmlEthPortGetClientMac+0x40) [0x805d26c]
    /usr/bin/CcspEthAgent(AssociatedDevice1_Synchronize+0x5c) [0x80512c3]
    /usr/lib/libccsp_common.so.0(DslhObjroPopulateObjRecords+0x8a) [0xf7d0a923]
    /usr/lib/libccsp_common.so.0(DslhObjroPopulateObjRecords+0x52b) [0xf7d0adc4]
    /usr/lib/libccsp_common.so.0(DslhObjroPopulateObjRecords+0x2ec) [0xf7d0ab85]
    /usr/lib/libccsp_common.so.0(DslhObjroPopulateObjRecords+0x52b) [0xf7d0adc4]
    /usr/lib/libccsp_common.so.0(DslhObjroPopulateObjRecords+0x52b) [0xf7d0adc4]
    /usr/lib/libccsp_common.so.0(DslhObjroPopulateObjRecords+0x52b) [0xf7d0adc4]
    /usr/lib/libccsp_common.so.0(DslhWmpdoCreateRecordTree+0xbc) [0xf7d0ffaf]
    /usr/lib/libccsp_common.so.0(DslhCpecoInitDataModel+0x14) [0xf7d1da5c]
    /usr/lib/libccsp_common.so.0(DslhCpecoRegisterDataModelInternal+0x224) [0xf7d1e76c]
    /usr/lib/libccsp_common.so.0(DslhCpecoRegisterDataModel2+0x2c) [0xf7d1ebae]
    /usr/bin/CcspEthAgent(ssp_engage+0x113) [0x804f9e5]
    /usr/bin/CcspEthAgent() [0x804f5c0]
    /usr/bin/CcspEthAgent(main+0x309) [0x804ee19]
    /usr/ccsp/../../lib/libc.so.6(__libc_start_main+0xed) [0xf7a62e2d]
    /usr/bin/CcspEthAgent(_start+0x21) [0x804ef61]

@@@GWP_GetEthWanInterfaceName(Interface, maxSize)
    /usr/lib/libhal_ethsw.so.0(GWP_GetEthWanInterfaceName+0x76) [0xf7ec5b60]
    /usr/bin/CcspEthAgent() [0x80565d5]
    /usr/bin/CcspEthAgent(EthWanLinkUp_callback+0x3a) [0x805bd30]
    /usr/lib/libhal_ethsw.so.0(ethsw_thread_main+0x126) [0xf7ec44f6]
    /usr/ccsp/../../lib/libpthread.so.0(+0x7f91) [0xf7c2cf91]
    /usr/ccsp/../../lib/libc.so.6(clone+0x66) [0xf7b42b96]

@@@CcspHalEthSwGetPortAdminStatus(PortId, pAdminStatus)
    /usr/lib/libhal_ethsw.so.0(CcspHalEthSwGetPortAdminStatus+0x76) [0xf7f3cc56]
    service_dhcp() [0x80546c6]
    service_dhcp() [0x804a68c]
    /lib/libc.so.6(__libc_start_main+0xed) [0xf7aebe2d]
    service_dhcp() [0x804aee1]

@@@CcspHalEthSwSetPortAdminStatus(PortId, AdminStatus)
    /usr/lib/libhal_ethsw.so.0(CcspHalEthSwSetPortAdminStatus+0x70) [0xf7f3cde3]
    service_dhcp() [0x80546db]
    service_dhcp() [0x804a68c]
    /lib/libc.so.6(__libc_start_main+0xed) [0xf7aebe2d]
    service_dhcp() [0x804aee1]

@@@CcspHalEthSwGetPortAdminStatus(PortId, pAdminStatus)
    /usr/lib/libhal_ethsw.so.0(CcspHalEthSwGetPortAdminStatus+0x76) [0xf7f3cc56]
    service_dhcp() [0x80546c6]
    service_dhcp() [0x804a68c]
    /lib/libc.so.6(__libc_start_main+0xed) [0xf7aebe2d]
    service_dhcp() [0x804aee1]

@@@CcspHalEthSwSetPortAdminStatus(PortId, AdminStatus)
    /usr/lib/libhal_ethsw.so.0(CcspHalEthSwSetPortAdminStatus+0x70) [0xf7f3cde3]
    service_dhcp() [0x80546db]
    service_dhcp() [0x804a68c]
    /lib/libc.so.6(__libc_start_main+0xed) [0xf7aebe2d]
    service_dhcp() [0x804aee1]

@@@CcspHalEthSwGetPortAdminStatus(PortId, pAdminStatus)
    /usr/lib/libhal_ethsw.so.0(CcspHalEthSwGetPortAdminStatus+0x76) [0xf7f3cc56]
    service_dhcp() [0x80546c6]
    service_dhcp() [0x804a68c]
    /lib/libc.so.6(__libc_start_main+0xed) [0xf7aebe2d]
    service_dhcp() [0x804aee1]

@@@CcspHalEthSwGetPortAdminStatus(PortId, pAdminStatus)
    /usr/lib/libhal_ethsw.so.0(CcspHalEthSwGetPortAdminStatus+0x76) [0xf7f3cc56]
    service_dhcp() [0x80546c6]
    service_dhcp() [0x804a68c]
    /lib/libc.so.6(__libc_start_main+0xed) [0xf7aebe2d]
    service_dhcp() [0x804aee1]

@@@CcspHalEthSwSetPortAdminStatus(PortId, AdminStatus)
    /usr/lib/libhal_ethsw.so.0(CcspHalEthSwSetPortAdminStatus+0x70) [0xf7f3cde3]
    service_dhcp() [0x8054701]
    service_dhcp() [0x804a68c]
    /lib/libc.so.6(__libc_start_main+0xed) [0xf7aebe2d]
    service_dhcp() [0x804aee1]

@@@CcspHalEthSwSetPortAdminStatus(PortId, AdminStatus)
    /usr/lib/libhal_ethsw.so.0(CcspHalEthSwSetPortAdminStatus+0x70) [0xf7f3cde3]
    service_dhcp() [0x8054701]
    service_dhcp() [0x804a68c]
    /lib/libc.so.6(__libc_start_main+0xed) [0xf7aebe2d]
    service_dhcp() [0x804aee1]

@@@CcspHalEthSwSetPortAdminStatus(PortId, AdminStatus)
    /usr/lib/libhal_ethsw.so.0(CcspHalEthSwSetPortAdminStatus+0x70) [0xf7f3cde3]
    service_dhcp() [0x8054701]
    service_dhcp() [0x804a68c]
    /lib/libc.so.6(__libc_start_main+0xed) [0xf7aebe2d]
    service_dhcp() [0x804aee1]

@@@CcspHalEthSwSetPortAdminStatus(PortId, AdminStatus)
    /usr/lib/libhal_ethsw.so.0(CcspHalEthSwSetPortAdminStatus+0x70) [0xf7f3cde3]
    service_dhcp() [0x8054701]
    service_dhcp() [0x804a68c]
    /lib/libc.so.6(__libc_start_main+0xed) [0xf7aebe2d]
    service_dhcp() [0x804aee1]

@@@CcspHalExtSw_getAssociatedDevice(output_array_size, output_struct)
    /usr/lib/libhal_ethsw.so.0(CcspHalExtSw_getAssociatedDevice+0x82) [0xf7ec52ac]
    /usr/bin/CcspEthAgent(CcspHalExtSw_AssociatedDeviceMonitorThread+0x4b) [0x805c4d9]
    /usr/ccsp/../../lib/libpthread.so.0(+0x7f91) [0xf7c2cf91]
    /usr/ccsp/../../lib/libc.so.6(clone+0x66) [0xf7b42b96]

@@@CcspHalExtSw_getAssociatedDevice(output_array_size, output_struct)
    /usr/lib/libhal_ethsw.so.0(CcspHalExtSw_getAssociatedDevice+0x82) [0xf7ec52ac]
    /usr/bin/CcspEthAgent(CcspHalExtSw_AssociatedDeviceMonitorThread+0x4b) [0x805c4d9]
    /usr/ccsp/../../lib/libpthread.so.0(+0x7f91) [0xf7c2cf91]
    /usr/ccsp/../../lib/libc.so.6(clone+0x66) [0xf7b42b96]

@@@CcspHalExtSw_getAssociatedDevice(output_array_size, output_struct)
    /usr/lib/libhal_ethsw.so.0(CcspHalExtSw_getAssociatedDevice+0x82) [0xf7ec52ac]
    /usr/bin/CcspEthAgent(CcspHalExtSw_AssociatedDeviceMonitorThread+0x4b) [0x805c4d9]
    /usr/ccsp/../../lib/libpthread.so.0(+0x7f91) [0xf7c2cf91]
    /usr/ccsp/../../lib/libc.so.6(clone+0x66) [0xf7b42b96]
