
@@@cm_hal_InitDB()
    /usr/lib/libcm_mgnt.so.0(cm_hal_InitDB+0x70) [0xf7d0b349]
    /usr/lib/libcm_tr181.so(CosaDmlCMInit+0x48) [0xf5d45d33]
    /usr/lib/libcm_tr181.so(CosaCableModemInitialize+0x1c) [0xf5d41668]
    /usr/lib/libcm_tr181.so(CosaCableModemCreate+0x51) [0xf5d416c0]
    /usr/lib/libcm_tr181.so(CosaBackEndManagerInitialize+0x88) [0xf5d3f4c3]
    /usr/lib/libcm_tr181.so(COSA_Init+0x353) [0xf5d3f2fc]
    /usr/lib/libccsp_common.so.0(DslhDmagntLoadDataModelXMLInternal+0x127) [0xf7dd71f2]
    /usr/lib/libccsp_common.so.0(DslhDmagntLoadDataModelXML2+0x32) [0xf7dd7446]
    /usr/lib/libccsp_common.so.0(DslhCpecoLoadExternalDMLibFile2+0x28) [0xf7dd90ac]
    /usr/lib/libccsp_common.so.0(DslhCpecoRegisterDataModelInternal+0x1ee) [0xf7dd9736]
    /usr/lib/libccsp_common.so.0(DslhCpecoRegisterDataModel2+0x2c) [0xf7dd9bae]
    /usr/bin/CcspCMAgentSsp() [0x805136a]
    /usr/bin/CcspCMAgentSsp() [0x8050568]
    /usr/bin/CcspCMAgentSsp() [0x804bec1]
    /usr/ccsp/../../lib/libc.so.6(__libc_start_main+0xed) [0xf7b35e2d]
    /usr/bin/CcspCMAgentSsp() [0x804c031]

@@@docsis_GetDsOfdmChanTable(ppinfo, output_NumberOfEntries)
    /usr/lib/libcm_mgnt.so.0(docsis_GetDsOfdmChanTable+0x76) [0xf7d0e493]
    /usr/lib/libcm_tr181.so(CosaDmlRDKCentralCmGetDownstreamChannel+0x9f) [0xf5d47c20]
    /usr/lib/libcm_tr181.so(CosaDmlRDKCentralCMInit+0x23) [0xf5d48047]
    /usr/lib/libcm_tr181.so(CosaRDKCentralComCableModemInitialize+0x1c) [0xf5d4260e]
    /usr/lib/libcm_tr181.so(CosaRDKCentralComCableModemCreate+0x4e) [0xf5d42663]
    /usr/lib/libcm_tr181.so(CosaBackEndManagerInitialize+0xcc) [0xf5d3f507]
    /usr/lib/libcm_tr181.so(COSA_Init+0x353) [0xf5d3f2fc]
    /usr/lib/libccsp_common.so.0(DslhDmagntLoadDataModelXMLInternal+0x127) [0xf7dd71f2]
    /usr/lib/libccsp_common.so.0(DslhDmagntLoadDataModelXML2+0x32) [0xf7dd7446]
    /usr/lib/libccsp_common.so.0(DslhCpecoLoadExternalDMLibFile2+0x28) [0xf7dd90ac]
    /usr/lib/libccsp_common.so.0(DslhCpecoRegisterDataModelInternal+0x1ee) [0xf7dd9736]
    /usr/lib/libccsp_common.so.0(DslhCpecoRegisterDataModel2+0x2c) [0xf7dd9bae]
    /usr/bin/CcspCMAgentSsp() [0x805136a]
    /usr/bin/CcspCMAgentSsp() [0x8050568]
    /usr/bin/CcspCMAgentSsp() [0x804bec1]
    /usr/ccsp/../../lib/libc.so.6(__libc_start_main+0xed) [0xf7b35e2d]
    /usr/bin/CcspCMAgentSsp() [0x804c031]

@@@docsis_GetUsOfdmaChanTable(ppinfo, output_NumberOfEntries)
    /usr/lib/libcm_mgnt.so.0(docsis_GetUsOfdmaChanTable+0x76) [0xf7d0e591]
    /usr/lib/libcm_tr181.so(CosaDmlRDKCentralCmGetUpstreamChannel+0x9f) [0xf5d47e0a]
    /usr/lib/libcm_tr181.so(CosaDmlRDKCentralCMInit+0x35) [0xf5d48059]
    /usr/lib/libcm_tr181.so(CosaRDKCentralComCableModemInitialize+0x1c) [0xf5d4260e]
    /usr/lib/libcm_tr181.so(CosaRDKCentralComCableModemCreate+0x4e) [0xf5d42663]
    /usr/lib/libcm_tr181.so(CosaBackEndManagerInitialize+0xcc) [0xf5d3f507]
    /usr/lib/libcm_tr181.so(COSA_Init+0x353) [0xf5d3f2fc]
    /usr/lib/libccsp_common.so.0(DslhDmagntLoadDataModelXMLInternal+0x127) [0xf7dd71f2]
    /usr/lib/libccsp_common.so.0(DslhDmagntLoadDataModelXML2+0x32) [0xf7dd7446]
    /usr/lib/libccsp_common.so.0(DslhCpecoLoadExternalDMLibFile2+0x28) [0xf7dd90ac]
    /usr/lib/libccsp_common.so.0(DslhCpecoRegisterDataModelInternal+0x1ee) [0xf7dd9736]
    /usr/lib/libccsp_common.so.0(DslhCpecoRegisterDataModel2+0x2c) [0xf7dd9bae]
    /usr/bin/CcspCMAgentSsp() [0x805136a]
    /usr/bin/CcspCMAgentSsp() [0x8050568]
    /usr/bin/CcspCMAgentSsp() [0x804bec1]
    /usr/ccsp/../../lib/libc.so.6(__libc_start_main+0xed) [0xf7b35e2d]
    /usr/bin/CcspCMAgentSsp() [0x804c031]

@@@docsis_GetStatusOfdmaUsTable(ppinfo, output_NumberOfEntries)
    /usr/lib/libcm_mgnt.so.0(docsis_GetStatusOfdmaUsTable+0x76) [0xf7d0e68f]
    /usr/lib/libcm_tr181.so(CosaDmlRDKCentralCmGetCMStatusofUpstreamChannel+0x9f) [0xf5d47f7b]
    /usr/lib/libcm_tr181.so(CosaDmlRDKCentralCMInit+0x47) [0xf5d4806b]
    /usr/lib/libcm_tr181.so(CosaRDKCentralComCableModemInitialize+0x1c) [0xf5d4260e]
    /usr/lib/libcm_tr181.so(CosaRDKCentralComCableModemCreate+0x4e) [0xf5d42663]
    /usr/lib/libcm_tr181.so(CosaBackEndManagerInitialize+0xcc) [0xf5d3f507]
    /usr/lib/libcm_tr181.so(COSA_Init+0x353) [0xf5d3f2fc]
    /usr/lib/libccsp_common.so.0(DslhDmagntLoadDataModelXMLInternal+0x127) [0xf7dd71f2]
    /usr/lib/libccsp_common.so.0(DslhDmagntLoadDataModelXML2+0x32) [0xf7dd7446]
    /usr/lib/libccsp_common.so.0(DslhCpecoLoadExternalDMLibFile2+0x28) [0xf7dd90ac]
    /usr/lib/libccsp_common.so.0(DslhCpecoRegisterDataModelInternal+0x1ee) [0xf7dd9736]
    /usr/lib/libccsp_common.so.0(DslhCpecoRegisterDataModel2+0x2c) [0xf7dd9bae]
    /usr/bin/CcspCMAgentSsp() [0x805136a]
    /usr/bin/CcspCMAgentSsp() [0x8050568]
    /usr/bin/CcspCMAgentSsp() [0x804bec1]
    /usr/ccsp/../../lib/libc.so.6(__libc_start_main+0xed) [0xf7b35e2d]
    /usr/bin/CcspCMAgentSsp() [0x804c031]

@@@docsis_GetNumOfActiveRxChannels(cnt)
    /usr/lib/libcm_mgnt.so.0(docsis_GetNumOfActiveRxChannels+0x76) [0xf7d0bd95]
    /usr/lib/libcm_tr181.so(CosaDmlCmGetCMErrorCodewords+0x71) [0xf5d46774]
    /usr/lib/libcm_tr181.so(CMErrorCodewords_Synchronize+0x4c) [0xf5d40bcf]
    /usr/lib/libccsp_common.so.0(DslhObjroPopulateObjRecords+0x8a) [0xf7dc5923]
    /usr/lib/libccsp_common.so.0(DslhObjroPopulateObjRecords+0x52b) [0xf7dc5dc4]
    /usr/lib/libccsp_common.so.0(DslhObjroPopulateObjRecords+0x52b) [0xf7dc5dc4]
    /usr/lib/libccsp_common.so.0(DslhObjroPopulateObjRecords+0x52b) [0xf7dc5dc4]
    /usr/lib/libccsp_common.so.0(DslhWmpdoCreateRecordTree+0xbc) [0xf7dcafaf]
    /usr/lib/libccsp_common.so.0(DslhCpecoInitDataModel+0x14) [0xf7dd8a5c]
    /usr/lib/libccsp_common.so.0(DslhCpecoRegisterDataModelInternal+0x224) [0xf7dd976c]
    /usr/lib/libccsp_common.so.0(DslhCpecoRegisterDataModel2+0x2c) [0xf7dd9bae]
    /usr/bin/CcspCMAgentSsp() [0x805136a]
    /usr/bin/CcspCMAgentSsp() [0x8050568]
    /usr/bin/CcspCMAgentSsp() [0x804bec1]
    /usr/ccsp/../../lib/libc.so.6(__libc_start_main+0xed) [0xf7b35e2d]
    /usr/bin/CcspCMAgentSsp() [0x804c031]

@@@docsis_GetErrorCodewords(ppinfo)
    /usr/lib/libcm_mgnt.so.0(docsis_GetErrorCodewords+0x76) [0xf7d0c256]
    /usr/lib/libcm_tr181.so(CosaDmlCmGetCMErrorCodewords+0xf9) [0xf5d467fc]
    /usr/lib/libcm_tr181.so(CMErrorCodewords_Synchronize+0x4c) [0xf5d40bcf]
    /usr/lib/libccsp_common.so.0(DslhObjroPopulateObjRecords+0x8a) [0xf7dc5923]
    /usr/lib/libccsp_common.so.0(DslhObjroPopulateObjRecords+0x52b) [0xf7dc5dc4]
    /usr/lib/libccsp_common.so.0(DslhObjroPopulateObjRecords+0x52b) [0xf7dc5dc4]
    /usr/lib/libccsp_common.so.0(DslhObjroPopulateObjRecords+0x52b) [0xf7dc5dc4]
    /usr/lib/libccsp_common.so.0(DslhWmpdoCreateRecordTree+0xbc) [0xf7dcafaf]
    /usr/lib/libccsp_common.so.0(DslhCpecoInitDataModel+0x14) [0xf7dd8a5c]
    /usr/lib/libccsp_common.so.0(DslhCpecoRegisterDataModelInternal+0x224) [0xf7dd976c]
    /usr/lib/libccsp_common.so.0(DslhCpecoRegisterDataModel2+0x2c) [0xf7dd9bae]
    /usr/bin/CcspCMAgentSsp() [0x805136a]
    /usr/bin/CcspCMAgentSsp() [0x8050568]
    /usr/bin/CcspCMAgentSsp() [0x804bec1]
    /usr/ccsp/../../lib/libc.so.6(__libc_start_main+0xed) [0xf7b35e2d]
    /usr/bin/CcspCMAgentSsp() [0x804c031]

@@@docsis_GetNumOfActiveRxChannels(cnt)
    /usr/lib/libcm_mgnt.so.0(docsis_GetNumOfActiveRxChannels+0x76) [0xf7d0bd95]
    /usr/lib/libcm_mgnt.so.0(docsis_GetErrorCodewords+0xe6) [0xf7d0c2c6]
    /usr/lib/libcm_tr181.so(CosaDmlCmGetCMErrorCodewords+0xf9) [0xf5d467fc]
    /usr/lib/libcm_tr181.so(CMErrorCodewords_Synchronize+0x4c) [0xf5d40bcf]
    /usr/lib/libccsp_common.so.0(DslhObjroPopulateObjRecords+0x8a) [0xf7dc5923]
    /usr/lib/libccsp_common.so.0(DslhObjroPopulateObjRecords+0x52b) [0xf7dc5dc4]
    /usr/lib/libccsp_common.so.0(DslhObjroPopulateObjRecords+0x52b) [0xf7dc5dc4]
    /usr/lib/libccsp_common.so.0(DslhObjroPopulateObjRecords+0x52b) [0xf7dc5dc4]
    /usr/lib/libccsp_common.so.0(DslhWmpdoCreateRecordTree+0xbc) [0xf7dcafaf]
    /usr/lib/libccsp_common.so.0(DslhCpecoInitDataModel+0x14) [0xf7dd8a5c]
    /usr/lib/libccsp_common.so.0(DslhCpecoRegisterDataModelInternal+0x224) [0xf7dd976c]
    /usr/lib/libccsp_common.so.0(DslhCpecoRegisterDataModel2+0x2c) [0xf7dd9bae]
    /usr/bin/CcspCMAgentSsp() [0x805136a]
    /usr/bin/CcspCMAgentSsp() [0x8050568]
    /usr/bin/CcspCMAgentSsp() [0x804bec1]
    /usr/ccsp/../../lib/libc.so.6(__libc_start_main+0xed) [0xf7b35e2d]
    /usr/bin/CcspCMAgentSsp() [0x804c031]

@@@docsis_GetDocsisEventLogItems(entryArray, len)
    /usr/lib/libcm_mgnt.so.0(docsis_GetDocsisEventLogItems+0x76) [0xf7d0cbea]
    /usr/lib/libcm_tr181.so(CosaDmlCmGetDocsisLog+0xab) [0xf5d45ec4]
    /usr/lib/libcm_tr181.so(DocsisLog_Synchronize+0x4c) [0xf5d40d7d]
    /usr/lib/libccsp_common.so.0(DslhObjroPopulateObjRecords+0x8a) [0xf7dc5923]
    /usr/lib/libccsp_common.so.0(DslhObjroPopulateObjRecords+0x52b) [0xf7dc5dc4]
    /usr/lib/libccsp_common.so.0(DslhObjroPopulateObjRecords+0x52b) [0xf7dc5dc4]
    /usr/lib/libccsp_common.so.0(DslhObjroPopulateObjRecords+0x52b) [0xf7dc5dc4]
    /usr/lib/libccsp_common.so.0(DslhWmpdoCreateRecordTree+0xbc) [0xf7dcafaf]
    /usr/lib/libccsp_common.so.0(DslhCpecoInitDataModel+0x14) [0xf7dd8a5c]
    /usr/lib/libccsp_common.so.0(DslhCpecoRegisterDataModelInternal+0x224) [0xf7dd976c]
    /usr/lib/libccsp_common.so.0(DslhCpecoRegisterDataModel2+0x2c) [0xf7dd9bae]
    /usr/bin/CcspCMAgentSsp() [0x805136a]
    /usr/bin/CcspCMAgentSsp() [0x8050568]
    /usr/bin/CcspCMAgentSsp() [0x804bec1]
    /usr/ccsp/../../lib/libc.so.6(__libc_start_main+0xed) [0xf7b35e2d]
    /usr/bin/CcspCMAgentSsp() [0x804c031]

@@@docsis_GetNumOfActiveRxChannels(cnt)
    /usr/lib/libcm_mgnt.so.0(docsis_GetNumOfActiveRxChannels+0x76) [0xf7d0bd95]
    /usr/lib/libcm_tr181.so(CosaDmlCmGetDownstreamChannel+0x88) [0xf5d4607f]
    /usr/lib/libcm_tr181.so(DownstreamChannel_Synchronize+0x51) [0xf5d40f9a]
    /usr/lib/libccsp_common.so.0(DslhObjroPopulateObjRecords+0x8a) [0xf7dc5923]
    /usr/lib/libccsp_common.so.0(DslhObjroPopulateObjRecords+0x52b) [0xf7dc5dc4]
    /usr/lib/libccsp_common.so.0(DslhObjroPopulateObjRecords+0x52b) [0xf7dc5dc4]
    /usr/lib/libccsp_common.so.0(DslhObjroPopulateObjRecords+0x52b) [0xf7dc5dc4]
    /usr/lib/libccsp_common.so.0(DslhWmpdoCreateRecordTree+0xbc) [0xf7dcafaf]
    /usr/lib/libccsp_common.so.0(DslhCpecoInitDataModel+0x14) [0xf7dd8a5c]
    /usr/lib/libccsp_common.so.0(DslhCpecoRegisterDataModelInternal+0x224) [0xf7dd976c]
    /usr/lib/libccsp_common.so.0(DslhCpecoRegisterDataModel2+0x2c) [0xf7dd9bae]
    /usr/bin/CcspCMAgentSsp() [0x805136a]
    /usr/bin/CcspCMAgentSsp() [0x8050568]
    /usr/bin/CcspCMAgentSsp() [0x804bec1]
    /usr/ccsp/../../lib/libc.so.6(__libc_start_main+0xed) [0xf7b35e2d]
    /usr/bin/CcspCMAgentSsp() [0x804c031]

@@@docsis_getDsOFDMChannelCount(count)
    /usr/lib/libcm_mgnt.so.0(docsis_getDsOFDMChannelCount+0x76) [0xf7d0fbbd]
    /usr/lib/libcm_tr181.so(CosaDmlCmGetDownstreamChannel+0xee) [0xf5d460e5]
    /usr/lib/libcm_tr181.so(DownstreamChannel_Synchronize+0x51) [0xf5d40f9a]
    /usr/lib/libccsp_common.so.0(DslhObjroPopulateObjRecords+0x8a) [0xf7dc5923]
    /usr/lib/libccsp_common.so.0(DslhObjroPopulateObjRecords+0x52b) [0xf7dc5dc4]
    /usr/lib/libccsp_common.so.0(DslhObjroPopulateObjRecords+0x52b) [0xf7dc5dc4]
    /usr/lib/libccsp_common.so.0(DslhObjroPopulateObjRecords+0x52b) [0xf7dc5dc4]
    /usr/lib/libccsp_common.so.0(DslhWmpdoCreateRecordTree+0xbc) [0xf7dcafaf]
    /usr/lib/libccsp_common.so.0(DslhCpecoInitDataModel+0x14) [0xf7dd8a5c]
    /usr/lib/libccsp_common.so.0(DslhCpecoRegisterDataModelInternal+0x224) [0xf7dd976c]
    /usr/lib/libccsp_common.so.0(DslhCpecoRegisterDataModel2+0x2c) [0xf7dd9bae]
    /usr/bin/CcspCMAgentSsp() [0x805136a]
    /usr/bin/CcspCMAgentSsp() [0x8050568]
    /usr/bin/CcspCMAgentSsp() [0x804bec1]
    /usr/ccsp/../../lib/libc.so.6(__libc_start_main+0xed) [0xf7b35e2d]
    /usr/bin/CcspCMAgentSsp() [0x804c031]

@@@docsis_GetDSChannel(ppinfo)
    /usr/lib/libcm_mgnt.so.0(docsis_GetDSChannel+0x79) [0xf7d0be96]
    /usr/lib/libcm_tr181.so(CosaDmlCmGetDownstreamChannel+0x16a) [0xf5d46161]
    /usr/lib/libcm_tr181.so(DownstreamChannel_Synchronize+0x51) [0xf5d40f9a]
    /usr/lib/libccsp_common.so.0(DslhObjroPopulateObjRecords+0x8a) [0xf7dc5923]
    /usr/lib/libccsp_common.so.0(DslhObjroPopulateObjRecords+0x52b) [0xf7dc5dc4]
    /usr/lib/libccsp_common.so.0(DslhObjroPopulateObjRecords+0x52b) [0xf7dc5dc4]
    /usr/lib/libccsp_common.so.0(DslhObjroPopulateObjRecords+0x52b) [0xf7dc5dc4]
    /usr/lib/libccsp_common.so.0(DslhWmpdoCreateRecordTree+0xbc) [0xf7dcafaf]
    /usr/lib/libccsp_common.so.0(DslhCpecoInitDataModel+0x14) [0xf7dd8a5c]
    /usr/lib/libccsp_common.so.0(DslhCpecoRegisterDataModelInternal+0x224) [0xf7dd976c]
    /usr/lib/libccsp_common.so.0(DslhCpecoRegisterDataModel2+0x2c) [0xf7dd9bae]
    /usr/bin/CcspCMAgentSsp() [0x805136a]
    /usr/bin/CcspCMAgentSsp() [0x8050568]
    /usr/bin/CcspCMAgentSsp() [0x804bec1]
    /usr/ccsp/../../lib/libc.so.6(__libc_start_main+0xed) [0xf7b35e2d]
    /usr/bin/CcspCMAgentSsp() [0x804c031]

@@@docsis_GetNumOfActiveRxChannels(cnt)
    /usr/lib/libcm_mgnt.so.0(docsis_GetNumOfActiveRxChannels+0x76) [0xf7d0bd95]
    /usr/lib/libcm_mgnt.so.0(docsis_GetDSChannel+0xe3) [0xf7d0bf00]
    /usr/lib/libcm_tr181.so(CosaDmlCmGetDownstreamChannel+0x16a) [0xf5d46161]
    /usr/lib/libcm_tr181.so(DownstreamChannel_Synchronize+0x51) [0xf5d40f9a]
    /usr/lib/libccsp_common.so.0(DslhObjroPopulateObjRecords+0x8a) [0xf7dc5923]
    /usr/lib/libccsp_common.so.0(DslhObjroPopulateObjRecords+0x52b) [0xf7dc5dc4]
    /usr/lib/libccsp_common.so.0(DslhObjroPopulateObjRecords+0x52b) [0xf7dc5dc4]
    /usr/lib/libccsp_common.so.0(DslhObjroPopulateObjRecords+0x52b) [0xf7dc5dc4]
    /usr/lib/libccsp_common.so.0(DslhWmpdoCreateRecordTree+0xbc) [0xf7dcafaf]
    /usr/lib/libccsp_common.so.0(DslhCpecoInitDataModel+0x14) [0xf7dd8a5c]
    /usr/lib/libccsp_common.so.0(DslhCpecoRegisterDataModelInternal+0x224) [0xf7dd976c]
    /usr/lib/libccsp_common.so.0(DslhCpecoRegisterDataModel2+0x2c) [0xf7dd9bae]
    /usr/bin/CcspCMAgentSsp() [0x805136a]
    /usr/bin/CcspCMAgentSsp() [0x8050568]
    /usr/bin/CcspCMAgentSsp() [0x804bec1]
    /usr/ccsp/../../lib/libc.so.6(__libc_start_main+0xed) [0xf7b35e2d]
    /usr/bin/CcspCMAgentSsp() [0x804c031]

@@@docsis_InitDS()
    /usr/lib/libcm_mgnt.so.0(docsis_InitDS+0x70) [0xf7d0b432]
    /usr/lib/libcm_mgnt.so.0(docsis_GetDSChannel+0x129) [0xf7d0bf46]
    /usr/lib/libcm_tr181.so(CosaDmlCmGetDownstreamChannel+0x16a) [0xf5d46161]
    /usr/lib/libcm_tr181.so(DownstreamChannel_Synchronize+0x51) [0xf5d40f9a]
    /usr/lib/libccsp_common.so.0(DslhObjroPopulateObjRecords+0x8a) [0xf7dc5923]
    /usr/lib/libccsp_common.so.0(DslhObjroPopulateObjRecords+0x52b) [0xf7dc5dc4]
    /usr/lib/libccsp_common.so.0(DslhObjroPopulateObjRecords+0x52b) [0xf7dc5dc4]
    /usr/lib/libccsp_common.so.0(DslhObjroPopulateObjRecords+0x52b) [0xf7dc5dc4]
    /usr/lib/libccsp_common.so.0(DslhWmpdoCreateRecordTree+0xbc) [0xf7dcafaf]
    /usr/lib/libccsp_common.so.0(DslhCpecoInitDataModel+0x14) [0xf7dd8a5c]
    /usr/lib/libccsp_common.so.0(DslhCpecoRegisterDataModelInternal+0x224) [0xf7dd976c]
    /usr/lib/libccsp_common.so.0(DslhCpecoRegisterDataModel2+0x2c) [0xf7dd9bae]
    /usr/bin/CcspCMAgentSsp() [0x805136a]
    /usr/bin/CcspCMAgentSsp() [0x8050568]
    /usr/bin/CcspCMAgentSsp() [0x804bec1]
    /usr/ccsp/../../lib/libc.so.6(__libc_start_main+0xed) [0xf7b35e2d]
    /usr/bin/CcspCMAgentSsp() [0x804c031]

@@@docsis_GetNumOfActiveTxChannels(cnt)
    /usr/lib/libcm_mgnt.so.0(docsis_GetNumOfActiveTxChannels+0x76) [0xf7d0bb2a]
    /usr/lib/libcm_tr181.so(CosaDmlCmGetUpstreamChannel+0x8f) [0xf5d4620e]
    /usr/lib/libcm_tr181.so(UpstreamChannel_Synchronize+0x51) [0xf5d412b2]
    /usr/lib/libccsp_common.so.0(DslhObjroPopulateObjRecords+0x8a) [0xf7dc5923]
    /usr/lib/libccsp_common.so.0(DslhObjroPopulateObjRecords+0x52b) [0xf7dc5dc4]
    /usr/lib/libccsp_common.so.0(DslhObjroPopulateObjRecords+0x52b) [0xf7dc5dc4]
    /usr/lib/libccsp_common.so.0(DslhObjroPopulateObjRecords+0x52b) [0xf7dc5dc4]
    /usr/lib/libccsp_common.so.0(DslhWmpdoCreateRecordTree+0xbc) [0xf7dcafaf]
    /usr/lib/libccsp_common.so.0(DslhCpecoInitDataModel+0x14) [0xf7dd8a5c]
    /usr/lib/libccsp_common.so.0(DslhCpecoRegisterDataModelInternal+0x224) [0xf7dd976c]
    /usr/lib/libccsp_common.so.0(DslhCpecoRegisterDataModel2+0x2c) [0xf7dd9bae]
    /usr/bin/CcspCMAgentSsp() [0x805136a]
    /usr/bin/CcspCMAgentSsp() [0x8050568]
    /usr/bin/CcspCMAgentSsp() [0x804bec1]
    /usr/ccsp/../../lib/libc.so.6(__libc_start_main+0xed) [0xf7b35e2d]
    /usr/bin/CcspCMAgentSsp() [0x804c031]

@@@docsis_getUsOFDMAChannelCount(count)
    /usr/lib/libcm_mgnt.so.0(docsis_getUsOFDMAChannelCount+0x76) [0xf7d0fda4]
    /usr/lib/libcm_tr181.so(CosaDmlCmGetUpstreamChannel+0xf2) [0xf5d46271]
    /usr/lib/libcm_tr181.so(UpstreamChannel_Synchronize+0x51) [0xf5d412b2]
    /usr/lib/libccsp_common.so.0(DslhObjroPopulateObjRecords+0x8a) [0xf7dc5923]
    /usr/lib/libccsp_common.so.0(DslhObjroPopulateObjRecords+0x52b) [0xf7dc5dc4]
    /usr/lib/libccsp_common.so.0(DslhObjroPopulateObjRecords+0x52b) [0xf7dc5dc4]
    /usr/lib/libccsp_common.so.0(DslhObjroPopulateObjRecords+0x52b) [0xf7dc5dc4]
    /usr/lib/libccsp_common.so.0(DslhWmpdoCreateRecordTree+0xbc) [0xf7dcafaf]
    /usr/lib/libccsp_common.so.0(DslhCpecoInitDataModel+0x14) [0xf7dd8a5c]
    /usr/lib/libccsp_common.so.0(DslhCpecoRegisterDataModelInternal+0x224) [0xf7dd976c]
    /usr/lib/libccsp_common.so.0(DslhCpecoRegisterDataModel2+0x2c) [0xf7dd9bae]
    /usr/bin/CcspCMAgentSsp() [0x805136a]
    /usr/bin/CcspCMAgentSsp() [0x8050568]
    /usr/bin/CcspCMAgentSsp() [0x804bec1]
    /usr/ccsp/../../lib/libc.so.6(__libc_start_main+0xed) [0xf7b35e2d]
    /usr/bin/CcspCMAgentSsp() [0x804c031]

@@@docsis_GetUSChannel(ppinfo)
    /usr/lib/libcm_mgnt.so.0(docsis_GetUSChannel+0x76) [0xf7d0bc28]
    /usr/lib/libcm_tr181.so(CosaDmlCmGetUpstreamChannel+0x176) [0xf5d462f5]
    /usr/lib/libcm_tr181.so(UpstreamChannel_Synchronize+0x51) [0xf5d412b2]
    /usr/lib/libccsp_common.so.0(DslhObjroPopulateObjRecords+0x8a) [0xf7dc5923]
    /usr/lib/libccsp_common.so.0(DslhObjroPopulateObjRecords+0x52b) [0xf7dc5dc4]
    /usr/lib/libccsp_common.so.0(DslhObjroPopulateObjRecords+0x52b) [0xf7dc5dc4]
    /usr/lib/libccsp_common.so.0(DslhObjroPopulateObjRecords+0x52b) [0xf7dc5dc4]
    /usr/lib/libccsp_common.so.0(DslhWmpdoCreateRecordTree+0xbc) [0xf7dcafaf]
    /usr/lib/libccsp_common.so.0(DslhCpecoInitDataModel+0x14) [0xf7dd8a5c]
    /usr/lib/libccsp_common.so.0(DslhCpecoRegisterDataModelInternal+0x224) [0xf7dd976c]
    /usr/lib/libccsp_common.so.0(DslhCpecoRegisterDataModel2+0x2c) [0xf7dd9bae]
    /usr/bin/CcspCMAgentSsp() [0x805136a]
    /usr/bin/CcspCMAgentSsp() [0x8050568]
    /usr/bin/CcspCMAgentSsp() [0x804bec1]
    /usr/ccsp/../../lib/libc.so.6(__libc_start_main+0xed) [0xf7b35e2d]
    /usr/bin/CcspCMAgentSsp() [0x804c031]

@@@docsis_GetNumOfActiveTxChannels(cnt)
    /usr/lib/libcm_mgnt.so.0(docsis_GetNumOfActiveTxChannels+0x76) [0xf7d0bb2a]
    /usr/lib/libcm_mgnt.so.0(docsis_GetUSChannel+0xe6) [0xf7d0bc98]
    /usr/lib/libcm_tr181.so(CosaDmlCmGetUpstreamChannel+0x176) [0xf5d462f5]
    /usr/lib/libcm_tr181.so(UpstreamChannel_Synchronize+0x51) [0xf5d412b2]
    /usr/lib/libccsp_common.so.0(DslhObjroPopulateObjRecords+0x8a) [0xf7dc5923]
    /usr/lib/libccsp_common.so.0(DslhObjroPopulateObjRecords+0x52b) [0xf7dc5dc4]
    /usr/lib/libccsp_common.so.0(DslhObjroPopulateObjRecords+0x52b) [0xf7dc5dc4]
    /usr/lib/libccsp_common.so.0(DslhObjroPopulateObjRecords+0x52b) [0xf7dc5dc4]
    /usr/lib/libccsp_common.so.0(DslhWmpdoCreateRecordTree+0xbc) [0xf7dcafaf]
    /usr/lib/libccsp_common.so.0(DslhCpecoInitDataModel+0x14) [0xf7dd8a5c]
    /usr/lib/libccsp_common.so.0(DslhCpecoRegisterDataModelInternal+0x224) [0xf7dd976c]
    /usr/lib/libccsp_common.so.0(DslhCpecoRegisterDataModel2+0x2c) [0xf7dd9bae]
    /usr/bin/CcspCMAgentSsp() [0x805136a]
    /usr/bin/CcspCMAgentSsp() [0x8050568]
    /usr/bin/CcspCMAgentSsp() [0x804bec1]
    /usr/ccsp/../../lib/libc.so.6(__libc_start_main+0xed) [0xf7b35e2d]
    /usr/bin/CcspCMAgentSsp() [0x804c031]

@@@docsis_InitUS()
    /usr/lib/libcm_mgnt.so.0(docsis_InitUS+0x70) [0xf7d0b52e]
    /usr/lib/libcm_mgnt.so.0(docsis_GetUSChannel+0x121) [0xf7d0bcd3]
    /usr/lib/libcm_tr181.so(CosaDmlCmGetUpstreamChannel+0x176) [0xf5d462f5]
    /usr/lib/libcm_tr181.so(UpstreamChannel_Synchronize+0x51) [0xf5d412b2]
    /usr/lib/libccsp_common.so.0(DslhObjroPopulateObjRecords+0x8a) [0xf7dc5923]
    /usr/lib/libccsp_common.so.0(DslhObjroPopulateObjRecords+0x52b) [0xf7dc5dc4]
    /usr/lib/libccsp_common.so.0(DslhObjroPopulateObjRecords+0x52b) [0xf7dc5dc4]
    /usr/lib/libccsp_common.so.0(DslhObjroPopulateObjRecords+0x52b) [0xf7dc5dc4]
    /usr/lib/libccsp_common.so.0(DslhWmpdoCreateRecordTree+0xbc) [0xf7dcafaf]
    /usr/lib/libccsp_common.so.0(DslhCpecoInitDataModel+0x14) [0xf7dd8a5c]
    /usr/lib/libccsp_common.so.0(DslhCpecoRegisterDataModelInternal+0x224) [0xf7dd976c]
    /usr/lib/libccsp_common.so.0(DslhCpecoRegisterDataModel2+0x2c) [0xf7dd9bae]
    /usr/bin/CcspCMAgentSsp() [0x805136a]
    /usr/bin/CcspCMAgentSsp() [0x8050568]
    /usr/bin/CcspCMAgentSsp() [0x804bec1]
    /usr/ccsp/../../lib/libc.so.6(__libc_start_main+0xed) [0xf7b35e2d]
    /usr/bin/CcspCMAgentSsp() [0x804c031]

@@@docsis_GetUsStatus(i, pinfo)
    /usr/lib/libcm_mgnt.so.0(docsis_GetUsStatus+0x76) [0xf7d0b736]
    /usr/lib/libcm_mgnt.so.0(docsis_GetUSChannel+0x13c) [0xf7d0bcee]
    /usr/lib/libcm_tr181.so(CosaDmlCmGetUpstreamChannel+0x176) [0xf5d462f5]
    /usr/lib/libcm_tr181.so(UpstreamChannel_Synchronize+0x51) [0xf5d412b2]
    /usr/lib/libccsp_common.so.0(DslhObjroPopulateObjRecords+0x8a) [0xf7dc5923]
    /usr/lib/libccsp_common.so.0(DslhObjroPopulateObjRecords+0x52b) [0xf7dc5dc4]
    /usr/lib/libccsp_common.so.0(DslhObjroPopulateObjRecords+0x52b) [0xf7dc5dc4]
    /usr/lib/libccsp_common.so.0(DslhObjroPopulateObjRecords+0x52b) [0xf7dc5dc4]
    /usr/lib/libccsp_common.so.0(DslhWmpdoCreateRecordTree+0xbc) [0xf7dcafaf]
    /usr/lib/libccsp_common.so.0(DslhCpecoInitDataModel+0x14) [0xf7dd8a5c]
    /usr/lib/libccsp_common.so.0(DslhCpecoRegisterDataModelInternal+0x224) [0xf7dd976c]
    /usr/lib/libccsp_common.so.0(DslhCpecoRegisterDataModel2+0x2c) [0xf7dd9bae]
    /usr/bin/CcspCMAgentSsp() [0x805136a]
    /usr/bin/CcspCMAgentSsp() [0x8050568]
    /usr/bin/CcspCMAgentSsp() [0x804bec1]
    /usr/ccsp/../../lib/libc.so.6(__libc_start_main+0xed) [0xf7b35e2d]
    /usr/bin/CcspCMAgentSsp() [0x804c031]

@@@docsis_GetNumOfActiveRxChannels(cnt)
    /usr/lib/libcm_mgnt.so.0(docsis_GetNumOfActiveRxChannels+0x76) [0xf7d0bd95]
    /usr/lib/libcm_tr181.so(CosaDmlCmGetDownstreamChannel+0x88) [0xf5d4607f]
    /usr/lib/libcm_tr181.so(PollDocsisInformations+0x10b) [0xf5d4641e]
    /usr/ccsp/../../lib/libpthread.so.0(+0x7f91) [0xf7f87f91]
    /usr/ccsp/../../lib/libc.so.6(clone+0x66) [0xf7c15b96]

@@@docsis_getDsOFDMChannelCount(count)
    /usr/lib/libcm_mgnt.so.0(docsis_getDsOFDMChannelCount+0x76) [0xf7d0fbbd]
    /usr/lib/libcm_tr181.so(CosaDmlCmGetDownstreamChannel+0xee) [0xf5d460e5]
    /usr/lib/libcm_tr181.so(PollDocsisInformations+0x10b) [0xf5d4641e]
    /usr/ccsp/../../lib/libpthread.so.0(+0x7f91) [0xf7f87f91]
    /usr/ccsp/../../lib/libc.so.6(clone+0x66) [0xf7c15b96]

@@@docsis_GetDSChannel(ppinfo)
    /usr/lib/libcm_mgnt.so.0(docsis_GetDSChannel+0x79) [0xf7d0be96]
    /usr/lib/libcm_tr181.so(CosaDmlCmGetDownstreamChannel+0x16a) [0xf5d46161]
    /usr/lib/libcm_tr181.so(PollDocsisInformations+0x10b) [0xf5d4641e]
    /usr/ccsp/../../lib/libpthread.so.0(+0x7f91) [0xf7f87f91]
    /usr/ccsp/../../lib/libc.so.6(clone+0x66) [0xf7c15b96]

@@@docsis_GetNumOfActiveRxChannels(cnt)
    /usr/lib/libcm_mgnt.so.0(docsis_GetNumOfActiveRxChannels+0x76) [0xf7d0bd95]
    /usr/lib/libcm_mgnt.so.0(docsis_GetDSChannel+0xe3) [0xf7d0bf00]
    /usr/lib/libcm_tr181.so(CosaDmlCmGetDownstreamChannel+0x16a) [0xf5d46161]
    /usr/lib/libcm_tr181.so(PollDocsisInformations+0x10b) [0xf5d4641e]
    /usr/ccsp/../../lib/libpthread.so.0(+0x7f91) [0xf7f87f91]
    /usr/ccsp/../../lib/libc.so.6(clone+0x66) [0xf7c15b96]

@@@docsis_InitDS()
    /usr/lib/libcm_mgnt.so.0(docsis_InitDS+0x70) [0xf7d0b432]
    /usr/lib/libcm_mgnt.so.0(docsis_GetDSChannel+0x129) [0xf7d0bf46]
    /usr/lib/libcm_tr181.so(CosaDmlCmGetDownstreamChannel+0x16a) [0xf5d46161]
    /usr/lib/libcm_tr181.so(PollDocsisInformations+0x10b) [0xf5d4641e]
    /usr/ccsp/../../lib/libpthread.so.0(+0x7f91) [0xf7f87f91]
    /usr/ccsp/../../lib/libc.so.6(clone+0x66) [0xf7c15b96]

@@@docsis_GetNumOfActiveTxChannels(cnt)
    /usr/lib/libcm_mgnt.so.0(docsis_GetNumOfActiveTxChannels+0x76) [0xf7d0bb2a]
    /usr/lib/libcm_tr181.so(CosaDmlCmGetUpstreamChannel+0x8f) [0xf5d4620e]
    /usr/lib/libcm_tr181.so(PollDocsisInformations+0x279) [0xf5d4658c]
    /usr/ccsp/../../lib/libpthread.so.0(+0x7f91) [0xf7f87f91]
    /usr/ccsp/../../lib/libc.so.6(clone+0x66) [0xf7c15b96]

@@@docsis_getUsOFDMAChannelCount(count)
    /usr/lib/libcm_mgnt.so.0(docsis_getUsOFDMAChannelCount+0x76) [0xf7d0fda4]
    /usr/lib/libcm_tr181.so(CosaDmlCmGetUpstreamChannel+0xf2) [0xf5d46271]
    /usr/lib/libcm_tr181.so(PollDocsisInformations+0x279) [0xf5d4658c]
    /usr/ccsp/../../lib/libpthread.so.0(+0x7f91) [0xf7f87f91]
    /usr/ccsp/../../lib/libc.so.6(clone+0x66) [0xf7c15b96]

@@@docsis_GetUSChannel(ppinfo)
    /usr/lib/libcm_mgnt.so.0(docsis_GetUSChannel+0x76) [0xf7d0bc28]
    /usr/lib/libcm_tr181.so(CosaDmlCmGetUpstreamChannel+0x176) [0xf5d462f5]
    /usr/lib/libcm_tr181.so(PollDocsisInformations+0x279) [0xf5d4658c]
    /usr/ccsp/../../lib/libpthread.so.0(+0x7f91) [0xf7f87f91]
    /usr/ccsp/../../lib/libc.so.6(clone+0x66) [0xf7c15b96]

@@@docsis_GetNumOfActiveTxChannels(cnt)
    /usr/lib/libcm_mgnt.so.0(docsis_GetNumOfActiveTxChannels+0x76) [0xf7d0bb2a]
    /usr/lib/libcm_mgnt.so.0(docsis_GetUSChannel+0xe6) [0xf7d0bc98]
    /usr/lib/libcm_tr181.so(CosaDmlCmGetUpstreamChannel+0x176) [0xf5d462f5]
    /usr/lib/libcm_tr181.so(PollDocsisInformations+0x279) [0xf5d4658c]
    /usr/ccsp/../../lib/libpthread.so.0(+0x7f91) [0xf7f87f91]
    /usr/ccsp/../../lib/libc.so.6(clone+0x66) [0xf7c15b96]

@@@docsis_InitUS()
    /usr/lib/libcm_mgnt.so.0(docsis_InitUS+0x70) [0xf7d0b52e]
    /usr/lib/libcm_mgnt.so.0(docsis_GetUSChannel+0x121) [0xf7d0bcd3]
    /usr/lib/libcm_tr181.so(CosaDmlCmGetUpstreamChannel+0x176) [0xf5d462f5]
    /usr/lib/libcm_tr181.so(PollDocsisInformations+0x279) [0xf5d4658c]
    /usr/ccsp/../../lib/libpthread.so.0(+0x7f91) [0xf7f87f91]
    /usr/ccsp/../../lib/libc.so.6(clone+0x66) [0xf7c15b96]

@@@docsis_GetUsStatus(i, pinfo)
    /usr/lib/libcm_mgnt.so.0(docsis_GetUsStatus+0x76) [0xf7d0b736]
    /usr/lib/libcm_mgnt.so.0(docsis_GetUSChannel+0x13c) [0xf7d0bcee]
    /usr/lib/libcm_tr181.so(CosaDmlCmGetUpstreamChannel+0x176) [0xf5d462f5]
    /usr/lib/libcm_tr181.so(PollDocsisInformations+0x279) [0xf5d4658c]
    /usr/ccsp/../../lib/libpthread.so.0(+0x7f91) [0xf7f87f91]
    /usr/ccsp/../../lib/libc.so.6(clone+0x66) [0xf7c15b96]

@@@docsis_GetDsOfdmChanTable(ppinfo, output_NumberOfEntries)
    /usr/lib/libcm_mgnt.so.0(docsis_GetDsOfdmChanTable+0x76) [0xf7d0e493]
    /usr/lib/libcm_tr181.so(CosaDmlRDKCentralCmGetDownstreamChannel+0x9f) [0xf5d47c20]
    /usr/lib/libcm_tr181.so(X_RDKCENTRAL_COM_CableModem_DsOfdmChan_Synchronize+0x2c) [0xf5d41c78]
    /usr/lib/libccsp_common.so.0(DslhObjroPopulateObjRecords+0x8a) [0xf7dc5923]
    /usr/lib/libccsp_common.so.0(DslhObjroPopulateObjRecords+0x52b) [0xf7dc5dc4]
    /usr/lib/libccsp_common.so.0(DslhObjroPopulateObjRecords+0x52b) [0xf7dc5dc4]
    /usr/lib/libccsp_common.so.0(DslhObjroPopulateObjRecords+0x52b) [0xf7dc5dc4]
    /usr/lib/libccsp_common.so.0(DslhWmpdoCreateRecordTree+0xbc) [0xf7dcafaf]
    /usr/lib/libccsp_common.so.0(DslhCpecoInitDataModel+0x14) [0xf7dd8a5c]
    /usr/lib/libccsp_common.so.0(DslhCpecoRegisterDataModelInternal+0x224) [0xf7dd976c]
    /usr/lib/libccsp_common.so.0(DslhCpecoRegisterDataModel2+0x2c) [0xf7dd9bae]
    /usr/bin/CcspCMAgentSsp() [0x805136a]
    /usr/bin/CcspCMAgentSsp() [0x8050568]
    /usr/bin/CcspCMAgentSsp() [0x804bec1]
    /usr/ccsp/../../lib/libc.so.6(__libc_start_main+0xed) [0xf7b35e2d]
    /usr/bin/CcspCMAgentSsp() [0x804c031]

@@@docsis_GetUsOfdmaChanTable(ppinfo, output_NumberOfEntries)
    /usr/lib/libcm_mgnt.so.0(docsis_GetUsOfdmaChanTable+0x76) [0xf7d0e591]
    /usr/lib/libcm_tr181.so(CosaDmlRDKCentralCmGetUpstreamChannel+0x9f) [0xf5d47e0a]
    /usr/lib/libcm_tr181.so(X_RDKCENTRAL_COM_CableModem_UsOfdmaChan_Synchronize+0x2c) [0xf5d4200f]
    /usr/lib/libccsp_common.so.0(DslhObjroPopulateObjRecords+0x8a) [0xf7dc5923]
    /usr/lib/libccsp_common.so.0(DslhObjroPopulateObjRecords+0x52b) [0xf7dc5dc4]
    /usr/lib/libccsp_common.so.0(DslhObjroPopulateObjRecords+0x52b) [0xf7dc5dc4]
    /usr/lib/libccsp_common.so.0(DslhObjroPopulateObjRecords+0x52b) [0xf7dc5dc4]
    /usr/lib/libccsp_common.so.0(DslhWmpdoCreateRecordTree+0xbc) [0xf7dcafaf]
    /usr/lib/libccsp_common.so.0(DslhCpecoInitDataModel+0x14) [0xf7dd8a5c]
    /usr/lib/libccsp_common.so.0(DslhCpecoRegisterDataModelInternal+0x224) [0xf7dd976c]
    /usr/lib/libccsp_common.so.0(DslhCpecoRegisterDataModel2+0x2c) [0xf7dd9bae]
    /usr/bin/CcspCMAgentSsp() [0x805136a]
    /usr/bin/CcspCMAgentSsp() [0x8050568]
    /usr/bin/CcspCMAgentSsp() [0x804bec1]
    /usr/ccsp/../../lib/libc.so.6(__libc_start_main+0xed) [0xf7b35e2d]
    /usr/bin/CcspCMAgentSsp() [0x804c031]

@@@docsis_GetStatusOfdmaUsTable(ppinfo, output_NumberOfEntries)
    /usr/lib/libcm_mgnt.so.0(docsis_GetStatusOfdmaUsTable+0x76) [0xf7d0e68f]
    /usr/lib/libcm_tr181.so(CosaDmlRDKCentralCmGetCMStatusofUpstreamChannel+0x9f) [0xf5d47f7b]
    /usr/lib/libcm_tr181.so(X_RDKCENTRAL_COM_CableModem_StatusOfdma_Synchronize+0x2c) [0xf5d42287]
    /usr/lib/libccsp_common.so.0(DslhObjroPopulateObjRecords+0x8a) [0xf7dc5923]
    /usr/lib/libccsp_common.so.0(DslhObjroPopulateObjRecords+0x52b) [0xf7dc5dc4]
    /usr/lib/libccsp_common.so.0(DslhObjroPopulateObjRecords+0x52b) [0xf7dc5dc4]
    /usr/lib/libccsp_common.so.0(DslhObjroPopulateObjRecords+0x52b) [0xf7dc5dc4]
    /usr/lib/libccsp_common.so.0(DslhWmpdoCreateRecordTree+0xbc) [0xf7dcafaf]
    /usr/lib/libccsp_common.so.0(DslhCpecoInitDataModel+0x14) [0xf7dd8a5c]
    /usr/lib/libccsp_common.so.0(DslhCpecoRegisterDataModelInternal+0x224) [0xf7dd976c]
    /usr/lib/libccsp_common.so.0(DslhCpecoRegisterDataModel2+0x2c) [0xf7dd9bae]
    /usr/bin/CcspCMAgentSsp() [0x805136a]
    /usr/bin/CcspCMAgentSsp() [0x8050568]
    /usr/bin/CcspCMAgentSsp() [0x804bec1]
    /usr/ccsp/../../lib/libc.so.6(__libc_start_main+0xed) [0xf7b35e2d]
    /usr/bin/CcspCMAgentSsp() [0x804c031]

@@@qos_getServiceFlowCount(count)
    /usr/lib/libcm_mgnt.so.0(qos_getServiceFlowCount+0x70) [0xf7d0f504]
    /usr/lib/libcm_tr181.so(Lgi_US_QosServiceFlow_Synchronize+0xa3) [0xf5d447ee]
    /usr/lib/libccsp_common.so.0(DslhObjroPopulateObjRecords+0x8a) [0xf7dc5923]
    /usr/lib/libccsp_common.so.0(DslhObjroPopulateObjRecords+0x52b) [0xf7dc5dc4]
    /usr/lib/libccsp_common.so.0(DslhObjroPopulateObjRecords+0x52b) [0xf7dc5dc4]
    /usr/lib/libccsp_common.so.0(DslhObjroPopulateObjRecords+0x52b) [0xf7dc5dc4]
    /usr/lib/libccsp_common.so.0(DslhObjroPopulateObjRecords+0x52b) [0xf7dc5dc4]
    /usr/lib/libccsp_common.so.0(DslhWmpdoCreateRecordTree+0xbc) [0xf7dcafaf]
    /usr/lib/libccsp_common.so.0(DslhCpecoInitDataModel+0x14) [0xf7dd8a5c]
    /usr/lib/libccsp_common.so.0(DslhCpecoRegisterDataModelInternal+0x224) [0xf7dd976c]
    /usr/lib/libccsp_common.so.0(DslhCpecoRegisterDataModel2+0x2c) [0xf7dd9bae]
    /usr/bin/CcspCMAgentSsp() [0x805136a]
    /usr/bin/CcspCMAgentSsp() [0x8050568]
    /usr/bin/CcspCMAgentSsp() [0x804bec1]
    /usr/ccsp/../../lib/libc.so.6(__libc_start_main+0xed) [0xf7b35e2d]
    /usr/bin/CcspCMAgentSsp() [0x804c031]

@@@qos_getServiceFlowCount(count)
    /usr/lib/libcm_mgnt.so.0(qos_getServiceFlowCount+0x70) [0xf7d0f504]
    /usr/lib/libcm_tr181.so(Lgi_DS_QosServiceFlow_Synchronize+0xa3) [0xf5d44b69]
    /usr/lib/libccsp_common.so.0(DslhObjroPopulateObjRecords+0x8a) [0xf7dc5923]
    /usr/lib/libccsp_common.so.0(DslhObjroPopulateObjRecords+0x52b) [0xf7dc5dc4]
    /usr/lib/libccsp_common.so.0(DslhObjroPopulateObjRecords+0x52b) [0xf7dc5dc4]
    /usr/lib/libccsp_common.so.0(DslhObjroPopulateObjRecords+0x52b) [0xf7dc5dc4]
    /usr/lib/libccsp_common.so.0(DslhObjroPopulateObjRecords+0x52b) [0xf7dc5dc4]
    /usr/lib/libccsp_common.so.0(DslhWmpdoCreateRecordTree+0xbc) [0xf7dcafaf]
    /usr/lib/libccsp_common.so.0(DslhCpecoInitDataModel+0x14) [0xf7dd8a5c]
    /usr/lib/libccsp_common.so.0(DslhCpecoRegisterDataModelInternal+0x224) [0xf7dd976c]
    /usr/lib/libccsp_common.so.0(DslhCpecoRegisterDataModel2+0x2c) [0xf7dd9bae]
    /usr/bin/CcspCMAgentSsp() [0x805136a]
    /usr/bin/CcspCMAgentSsp() [0x8050568]
    /usr/bin/CcspCMAgentSsp() [0x804bec1]
    /usr/ccsp/../../lib/libc.so.6(__libc_start_main+0xed) [0xf7b35e2d]
    /usr/bin/CcspCMAgentSsp() [0x804c031]

@@@docsis_getDsOFDMChannelCount(count)
    /usr/lib/libcm_mgnt.so.0(docsis_getDsOFDMChannelCount+0x76) [0xf7d0fbbd]
    /usr/lib/libcm_tr181.so(LgiOfdmChannel_Synchronize+0x57) [0xf5d44133]
    /usr/lib/libccsp_common.so.0(DslhObjroPopulateObjRecords+0x8a) [0xf7dc5923]
    /usr/lib/libccsp_common.so.0(DslhObjroPopulateObjRecords+0x52b) [0xf7dc5dc4]
    /usr/lib/libccsp_common.so.0(DslhObjroPopulateObjRecords+0x52b) [0xf7dc5dc4]
    /usr/lib/libccsp_common.so.0(DslhObjroPopulateObjRecords+0x52b) [0xf7dc5dc4]
    /usr/lib/libccsp_common.so.0(DslhWmpdoCreateRecordTree+0xbc) [0xf7dcafaf]
    /usr/lib/libccsp_common.so.0(DslhCpecoInitDataModel+0x14) [0xf7dd8a5c]
    /usr/lib/libccsp_common.so.0(DslhCpecoRegisterDataModelInternal+0x224) [0xf7dd976c]
    /usr/lib/libccsp_common.so.0(DslhCpecoRegisterDataModel2+0x2c) [0xf7dd9bae]
    /usr/bin/CcspCMAgentSsp() [0x805136a]
    /usr/bin/CcspCMAgentSsp() [0x8050568]
    /usr/bin/CcspCMAgentSsp() [0x804bec1]
    /usr/ccsp/../../lib/libc.so.6(__libc_start_main+0xed) [0xf7b35e2d]
    /usr/bin/CcspCMAgentSsp() [0x804c031]

@@@docsis_getUsOFDMAChannelCount(count)
    /usr/lib/libcm_mgnt.so.0(docsis_getUsOFDMAChannelCount+0x76) [0xf7d0fda4]
    /usr/lib/libcm_tr181.so(LgiOfdmaChannel_Synchronize+0x57) [0xf5d444a9]
    /usr/lib/libccsp_common.so.0(DslhObjroPopulateObjRecords+0x8a) [0xf7dc5923]
    /usr/lib/libccsp_common.so.0(DslhObjroPopulateObjRecords+0x52b) [0xf7dc5dc4]
    /usr/lib/libccsp_common.so.0(DslhObjroPopulateObjRecords+0x52b) [0xf7dc5dc4]
    /usr/lib/libccsp_common.so.0(DslhObjroPopulateObjRecords+0x52b) [0xf7dc5dc4]
    /usr/lib/libccsp_common.so.0(DslhWmpdoCreateRecordTree+0xbc) [0xf7dcafaf]
    /usr/lib/libccsp_common.so.0(DslhCpecoInitDataModel+0x14) [0xf7dd8a5c]
    /usr/lib/libccsp_common.so.0(DslhCpecoRegisterDataModelInternal+0x224) [0xf7dd976c]
    /usr/lib/libccsp_common.so.0(DslhCpecoRegisterDataModel2+0x2c) [0xf7dd9bae]
    /usr/bin/CcspCMAgentSsp() [0x805136a]
    /usr/bin/CcspCMAgentSsp() [0x8050568]
    /usr/bin/CcspCMAgentSsp() [0x804bec1]
    /usr/ccsp/../../lib/libc.so.6(__libc_start_main+0xed) [0xf7b35e2d]
    /usr/bin/CcspCMAgentSsp() [0x804c031]

@@@cm_hal_Get_ErouterModeControl(initMode)
    /usr/lib/libcm_mgnt.so.0(cm_hal_Get_ErouterModeControl+0x76) [0xf7d0f8b2]
    /usr/bin/CcspCMAgentSsp() [0x804d2c2]
    /usr/bin/CcspCMAgentSsp() [0x804e03b]
    /usr/lib/libgwprovappabs.so.0(+0x240e) [0xf7f6540e]
    /usr/ccsp/../../lib/libpthread.so.0(+0x7f91) [0xf7f87f91]
    /usr/ccsp/../../lib/libc.so.6(clone+0x66) [0xf7c15b96]

@@@cm_hal_Get_ErouterModeControl(initMode)
    /usr/lib/libcm_mgnt.so.0(cm_hal_Get_ErouterModeControl+0x76) [0xf7d0f8b2]
    /usr/bin/CcspCMAgentSsp() [0x8052f99]
    /usr/bin/CcspCMAgentSsp() [0x804e9fb]
    /usr/lib/libgwprovappabs.so.0(+0x2478) [0xf7f65478]
    /usr/ccsp/../../lib/libpthread.so.0(+0x7f91) [0xf7f87f91]
    /usr/ccsp/../../lib/libc.so.6(clone+0x66) [0xf7c15b96]

@@@docsis_getCMStatus(cm_status)
    /usr/lib/libcm_mgnt.so.0(docsis_getCMStatus+0x76) [0xf7d0b630]
    /usr/bin/CcspCMAgentSsp() [0x804c242]
    /usr/ccsp/../../lib/libpthread.so.0(+0x7f91) [0xf7f87f91]
    /usr/ccsp/../../lib/libc.so.6(clone+0x66) [0xf7c15b96]

@@@cm_hal_Get_HTTP_Download_Status()
    /usr/lib/libcm_mgnt.so.0(cm_hal_Get_HTTP_Download_Status+0x70) [0xf7d0d81c]
    /usr/lib/libcm_tr181.so(CosaDmlDIGetDLStatus+0x1c) [0xf5d472a4]
    /usr/lib/libcm_tr181.so(DeviceInfo_GetParamStringValue+0xa1) [0xf5d418a8]
    /usr/lib/libccsp_common.so.0(DslhObjcoGetParamValueByName+0x244) [0xf7dc52d6]
    /usr/lib/libccsp_common.so.0(DslhVarroGetValue+0x178) [0xf7dca1ca]
    /usr/lib/libccsp_common.so.0(DslhWmpdoMprRegNotifyParam+0x5f) [0xf7dcbcbf]
    /usr/lib/libccsp_common.so.0(DslhVarroSetNotification+0x17d) [0xf7dc9d48]
    /usr/lib/libccsp_common.so.0(DslhWmpdoMpaSetParameterAttributes+0x3b7) [0xf7dd140d]
    /usr/lib/libccsp_common.so.0(CcspCcMbi_SetParameterAttributes+0x1ff) [0xf7ddbbcc]
    /usr/lib/libccsp_common.so.0(+0xe059a) [0xf7df459a]
    /usr/lib/librbuscore.so.0(+0x87ed) [0xf76f37ed]
    /usr/lib/librbuscore.so.0(+0x88ab) [0xf76f38ab]
    /usr/lib/librtMessage.so.0(+0x5025) [0xf7607025]
    /usr/ccsp/../../lib/libpthread.so.0(+0x7f91) [0xf7f87f91]
    /usr/ccsp/../../lib/libc.so.6(clone+0x66) [0xf7c15b96]

@@@cm_hal_Get_HTTP_Download_Status()
    /usr/lib/libcm_mgnt.so.0(cm_hal_Get_HTTP_Download_Status+0x70) [0xf7d0d81c]
    /usr/lib/libcm_tr181.so(CosaDmlDIGetDLStatus+0x1c) [0xf5d472a4]
    /usr/lib/libcm_tr181.so(DeviceInfo_GetParamStringValue+0xa1) [0xf5d418a8]
    /usr/lib/libccsp_common.so.0(DslhObjcoGetParamValueByName+0x244) [0xf7dc52d6]
    /usr/lib/libccsp_common.so.0(DslhVarroGetValue+0x178) [0xf7dca1ca]
    /usr/lib/libccsp_common.so.0(DslhWmpdoMonitorTimerInvoke+0x8d) [0xf7dd1f23]
    /usr/lib/libccsp_common.so.0(AnscTsoScheduleTask+0x153) [0xf7e1c178]
    /usr/lib/libccsp_common.so.0(AnscCoVer3EngineTask+0x58) [0xf7e232f5]
    /usr/lib/libccsp_common.so.0(AnscTaskRoutine1+0x36) [0xf7e313f0]
    /usr/ccsp/../../lib/libpthread.so.0(+0x7f91) [0xf7f87f91]
    /usr/ccsp/../../lib/libc.so.6(clone+0x66) [0xf7c15b96]

@@@cm_hal_Get_HTTP_Download_Status()
    /usr/lib/libcm_mgnt.so.0(cm_hal_Get_HTTP_Download_Status+0x70) [0xf7d0d81c]
    /usr/lib/libcm_tr181.so(CosaDmlDIGetDLStatus+0x1c) [0xf5d472a4]
    /usr/lib/libcm_tr181.so(DeviceInfo_GetParamStringValue+0xa1) [0xf5d418a8]
    /usr/lib/libccsp_common.so.0(DslhObjcoGetParamValueByName+0x244) [0xf7dc52d6]
    /usr/lib/libccsp_common.so.0(DslhVarroGetValue+0x178) [0xf7dca1ca]
    /usr/lib/libccsp_common.so.0(DslhWmpdoMonitorTimerInvoke+0x8d) [0xf7dd1f23]
    /usr/lib/libccsp_common.so.0(AnscTsoScheduleTask+0x153) [0xf7e1c178]
    /usr/lib/libccsp_common.so.0(AnscCoVer3EngineTask+0x58) [0xf7e232f5]
    /usr/lib/libccsp_common.so.0(AnscTaskRoutine1+0x36) [0xf7e313f0]
    /usr/ccsp/../../lib/libpthread.so.0(+0x7f91) [0xf7f87f91]
    /usr/ccsp/../../lib/libc.so.6(clone+0x66) [0xf7c15b96]

@@@cm_hal_Get_HTTP_Download_Status()
    /usr/lib/libcm_mgnt.so.0(cm_hal_Get_HTTP_Download_Status+0x70) [0xf7d0d81c]
    /usr/lib/libcm_tr181.so(CosaDmlDIGetDLStatus+0x1c) [0xf5d472a4]
    /usr/lib/libcm_tr181.so(DeviceInfo_GetParamStringValue+0xa1) [0xf5d418a8]
    /usr/lib/libccsp_common.so.0(DslhObjcoGetParamValueByName+0x244) [0xf7dc52d6]
    /usr/lib/libccsp_common.so.0(DslhVarroGetValue+0x178) [0xf7dca1ca]
    /usr/lib/libccsp_common.so.0(DslhWmpdoMonitorTimerInvoke+0x8d) [0xf7dd1f23]
    /usr/lib/libccsp_common.so.0(AnscTsoScheduleTask+0x153) [0xf7e1c178]
    /usr/lib/libccsp_common.so.0(AnscCoVer3EngineTask+0x58) [0xf7e232f5]
    /usr/lib/libccsp_common.so.0(AnscTaskRoutine1+0x36) [0xf7e313f0]
    /usr/ccsp/../../lib/libpthread.so.0(+0x7f91) [0xf7f87f91]
    /usr/ccsp/../../lib/libc.so.6(clone+0x66) [0xf7c15b96]
