[Thu Nov 21 00:15:41 UTC 2024] latticecli -n get Cm.Provisioning.IPv4.IPAddress
[Thu Nov 21 00:15:41 UTC 2024] latticecli -n get Mta.Provisioning.IPv4.IPAddress
[Thu Nov 21 00:15:41 UTC 2024] latticecli -n get Cm.Provisioning.IPv4.IPAddress
[Thu Nov 21 00:15:41 UTC 2024] latticecli -n get Mta.Provisioning.IPv4.IPAddress
[Thu Nov 21 00:15:53 Universal 2024] latticecli -n set AltWan.EthWanInterface disable
[Thu Nov 21 00:15:53 UTC 2024] latticecli -n get Cm.Provisioning.IPv4.IPAddress
[Thu Nov 21 00:15:53 UTC 2024] latticecli -n get Mta.Provisioning.IPv4.IPAddress
[Thu Nov 21 00:15:53 UTC 2024] latticecli -n get Cm.Provisioning.IPv4.IPAddress
[Thu Nov 21 00:15:53 UTC 2024] latticecli -n get Mta.Provisioning.IPv4.IPAddress
[Thu Nov 21 00:15:53 UTC 2024] latticecli -n get Cm.Provisioning.IPv4.IPAddress
[Thu Nov 21 00:15:53 UTC 2024] latticecli -n get Cm.Provisioning.IPv4.IPAddress
[Thu Nov 21 00:15:53 UTC 2024] latticecli -n get Mta.Provisioning.IPv4.IPAddress
[Thu Nov 21 00:15:53 UTC 2024] latticecli -n get Cm.Provisioning.IPv4.IPAddress
[Thu Nov 21 00:15:53 UTC 2024] latticecli -n get Mta.Provisioning.IPv4.IPAddress
[Thu Nov 21 00:15:53 UTC 2024] latticecli -n get Cm.Provisioning.IPv4.IPAddress
[Thu Nov 21 00:15:54 UTC 2024] latticecli -n get Cm.Provisioning.IPv4.IPAddress
[Thu Nov 21 00:15:54 UTC 2024] latticecli -n get Mta.Provisioning.IPv4.IPAddress
[Thu Nov 21 00:15:54 UTC 2024] latticecli -n get Cm.Provisioning.IPv4.IPAddress
[Thu Nov 21 00:15:54 UTC 2024] latticecli -n get Mta.Provisioning.IPv4.IPAddress
[Thu Nov 21 00:15:54 UTC 2024] latticecli -n get Cm.Provisioning.IPv4.IPAddress
[Thu Nov 21 00:15:54 Universal 2024] latticecli -n get Cm.Provisioning.IPv4.IPAddress
[Thu Nov 21 00:15:54 Universal 2024] latticecli -n get Mta.Provisioning.IPv4.IPAddress
[Thu Nov 21 00:15:54 Universal 2024] latticecli -n get Cm.Provisioning.IPv4.IPAddress
[Thu Nov 21 00:15:54 Universal 2024] latticecli -n get Mta.Provisioning.IPv4.IPAddress
[Thu Nov 21 00:15:54 Universal 2024] latticecli -n get Cm.Provisioning.IPv4.IPAddress
[Thu Nov 21 00:15:55 Universal 2024] latticecli -n get Cm.Provisioning.IPv6.IPAddress
[Thu Nov 21 00:15:55 Universal 2024] latticecli -n get Cm.Provisioning.IPv6.IPAddress
[Thu Nov 21 00:15:55 UTC 2024] latticecli -n get Cm.Provisioning.IPv4.IPAddress
[Thu Nov 21 00:15:55 UTC 2024] latticecli -n get Mta.Provisioning.IPv4.IPAddress
[Thu Nov 21 00:15:55 UTC 2024] latticecli -n get Cm.Provisioning.IPv4.IPAddress
[Thu Nov 21 00:15:55 UTC 2024] latticecli -n get Mta.Provisioning.IPv4.IPAddress
[Thu Nov 21 00:15:55 UTC 2024] latticecli -n get Cm.Provisioning.IPv4.IPAddress
[Thu Nov 21 00:15:55 UTC 2024] latticecli -n get Cm.Provisioning.IPv6.IPAddress
[Thu Nov 21 00:15:55 UTC 2024] latticecli -n get Cm.Provisioning.IPv6.IPAddress
[Thu Nov 21 00:15:55 UTC 2024] latticecli -n get Cm.Provisioning.IPv4.IPAddress
[Thu Nov 21 00:15:55 UTC 2024] latticecli -n get Mta.Provisioning.IPv4.IPAddress
[Thu Nov 21 00:15:55 UTC 2024] latticecli -n get Cm.Provisioning.IPv4.IPAddress
[Thu Nov 21 00:15:55 UTC 2024] latticecli -n get Mta.Provisioning.IPv4.IPAddress
[Thu Nov 21 00:15:55 UTC 2024] latticecli -n get Cm.Provisioning.IPv4.IPAddress
[Thu Nov 21 00:15:55 UTC 2024] latticecli -n get Cm.Provisioning.IPv6.IPAddress
[Thu Nov 21 00:15:55 UTC 2024] latticecli -n get Cm.Provisioning.IPv6.IPAddress
[Thu Nov 21 00:15:55 UTC 2024] latticecli -n get Cm.Provisioning.IPv4.IPAddress
[Thu Nov 21 00:15:55 UTC 2024] latticecli -n get Mta.Provisioning.IPv4.IPAddress
[Thu Nov 21 00:15:55 UTC 2024] latticecli -n get Cm.Provisioning.IPv4.IPAddress
[Thu Nov 21 00:15:55 UTC 2024] latticecli -n get Mta.Provisioning.IPv4.IPAddress
[Thu Nov 21 00:15:55 UTC 2024] latticecli -n get Cm.Provisioning.IPv4.IPAddress
[Thu Nov 21 00:15:55 UTC 2024] latticecli -n get Cm.Provisioning.IPv6.IPAddress
[Thu Nov 21 00:15:55 UTC 2024] latticecli -n get Cm.Provisioning.IPv6.IPAddress
