
@@@cm_hal_InitDB()
    /usr/lib/libcm_mgnt.so.0(cm_hal_InitDB+0x70) [0xf7ca8349]
    /usr/lib/libcm_tr181.so(CosaDmlCMInit+0x48) [0xf5d0ed33]
    /usr/lib/libcm_tr181.so(CosaCableModemInitialize+0x1c) [0xf5d0a668]
    /usr/lib/libcm_tr181.so(CosaCableModemCreate+0x51) [0xf5d0a6c0]
    /usr/lib/libcm_tr181.so(CosaBackEndManagerInitialize+0x88) [0xf5d084c3]
    /usr/lib/libcm_tr181.so(COSA_Init+0x353) [0xf5d082fc]
    /usr/lib/libccsp_common.so.0(DslhDmagntLoadDataModelXMLInternal+0x127) [0xf7d741f2]
    /usr/lib/libccsp_common.so.0(DslhDmagntLoadDataModelXML2+0x32) [0xf7d74446]
    /usr/lib/libccsp_common.so.0(DslhCpecoLoadExternalDMLibFile2+0x28) [0xf7d760ac]
    /usr/lib/libccsp_common.so.0(DslhCpecoRegisterDataModelInternal+0x1ee) [0xf7d76736]
    /usr/lib/libccsp_common.so.0(DslhCpecoRegisterDataModel2+0x2c) [0xf7d76bae]
    /usr/bin/CcspCMAgentSsp() [0x805136a]
    /usr/bin/CcspCMAgentSsp() [0x8050568]
    /usr/bin/CcspCMAgentSsp() [0x804bec1]
    /usr/ccsp/../../lib/libc.so.6(__libc_start_main+0xed) [0xf7ad2e2d]
    /usr/bin/CcspCMAgentSsp() [0x804c031]

@@@docsis_GetDsOfdmChanTable(ppinfo, output_NumberOfEntries)
    /usr/lib/libcm_mgnt.so.0(docsis_GetDsOfdmChanTable+0x76) [0xf7cab493]
    /usr/lib/libcm_tr181.so(CosaDmlRDKCentralCmGetDownstreamChannel+0x9f) [0xf5d10c20]
    /usr/lib/libcm_tr181.so(CosaDmlRDKCentralCMInit+0x23) [0xf5d11047]
    /usr/lib/libcm_tr181.so(CosaRDKCentralComCableModemInitialize+0x1c) [0xf5d0b60e]
    /usr/lib/libcm_tr181.so(CosaRDKCentralComCableModemCreate+0x4e) [0xf5d0b663]
    /usr/lib/libcm_tr181.so(CosaBackEndManagerInitialize+0xcc) [0xf5d08507]
    /usr/lib/libcm_tr181.so(COSA_Init+0x353) [0xf5d082fc]
    /usr/lib/libccsp_common.so.0(DslhDmagntLoadDataModelXMLInternal+0x127) [0xf7d741f2]
    /usr/lib/libccsp_common.so.0(DslhDmagntLoadDataModelXML2+0x32) [0xf7d74446]
    /usr/lib/libccsp_common.so.0(DslhCpecoLoadExternalDMLibFile2+0x28) [0xf7d760ac]
    /usr/lib/libccsp_common.so.0(DslhCpecoRegisterDataModelInternal+0x1ee) [0xf7d76736]
    /usr/lib/libccsp_common.so.0(DslhCpecoRegisterDataModel2+0x2c) [0xf7d76bae]
    /usr/bin/CcspCMAgentSsp() [0x805136a]
    /usr/bin/CcspCMAgentSsp() [0x8050568]
    /usr/bin/CcspCMAgentSsp() [0x804bec1]
    /usr/ccsp/../../lib/libc.so.6(__libc_start_main+0xed) [0xf7ad2e2d]
    /usr/bin/CcspCMAgentSsp() [0x804c031]

@@@docsis_GetUsOfdmaChanTable(ppinfo, output_NumberOfEntries)
    /usr/lib/libcm_mgnt.so.0(docsis_GetUsOfdmaChanTable+0x76) [0xf7cab591]
    /usr/lib/libcm_tr181.so(CosaDmlRDKCentralCmGetUpstreamChannel+0x9f) [0xf5d10e0a]
    /usr/lib/libcm_tr181.so(CosaDmlRDKCentralCMInit+0x35) [0xf5d11059]
    /usr/lib/libcm_tr181.so(CosaRDKCentralComCableModemInitialize+0x1c) [0xf5d0b60e]
    /usr/lib/libcm_tr181.so(CosaRDKCentralComCableModemCreate+0x4e) [0xf5d0b663]
    /usr/lib/libcm_tr181.so(CosaBackEndManagerInitialize+0xcc) [0xf5d08507]
    /usr/lib/libcm_tr181.so(COSA_Init+0x353) [0xf5d082fc]
    /usr/lib/libccsp_common.so.0(DslhDmagntLoadDataModelXMLInternal+0x127) [0xf7d741f2]
    /usr/lib/libccsp_common.so.0(DslhDmagntLoadDataModelXML2+0x32) [0xf7d74446]
    /usr/lib/libccsp_common.so.0(DslhCpecoLoadExternalDMLibFile2+0x28) [0xf7d760ac]
    /usr/lib/libccsp_common.so.0(DslhCpecoRegisterDataModelInternal+0x1ee) [0xf7d76736]
    /usr/lib/libccsp_common.so.0(DslhCpecoRegisterDataModel2+0x2c) [0xf7d76bae]
    /usr/bin/CcspCMAgentSsp() [0x805136a]
    /usr/bin/CcspCMAgentSsp() [0x8050568]
    /usr/bin/CcspCMAgentSsp() [0x804bec1]
    /usr/ccsp/../../lib/libc.so.6(__libc_start_main+0xed) [0xf7ad2e2d]
    /usr/bin/CcspCMAgentSsp() [0x804c031]

@@@docsis_GetStatusOfdmaUsTable(ppinfo, output_NumberOfEntries)
    /usr/lib/libcm_mgnt.so.0(docsis_GetStatusOfdmaUsTable+0x76) [0xf7cab68f]
    /usr/lib/libcm_tr181.so(CosaDmlRDKCentralCmGetCMStatusofUpstreamChannel+0x9f) [0xf5d10f7b]
    /usr/lib/libcm_tr181.so(CosaDmlRDKCentralCMInit+0x47) [0xf5d1106b]
    /usr/lib/libcm_tr181.so(CosaRDKCentralComCableModemInitialize+0x1c) [0xf5d0b60e]
    /usr/lib/libcm_tr181.so(CosaRDKCentralComCableModemCreate+0x4e) [0xf5d0b663]
    /usr/lib/libcm_tr181.so(CosaBackEndManagerInitialize+0xcc) [0xf5d08507]
    /usr/lib/libcm_tr181.so(COSA_Init+0x353) [0xf5d082fc]
    /usr/lib/libccsp_common.so.0(DslhDmagntLoadDataModelXMLInternal+0x127) [0xf7d741f2]
    /usr/lib/libccsp_common.so.0(DslhDmagntLoadDataModelXML2+0x32) [0xf7d74446]
    /usr/lib/libccsp_common.so.0(DslhCpecoLoadExternalDMLibFile2+0x28) [0xf7d760ac]
    /usr/lib/libccsp_common.so.0(DslhCpecoRegisterDataModelInternal+0x1ee) [0xf7d76736]
    /usr/lib/libccsp_common.so.0(DslhCpecoRegisterDataModel2+0x2c) [0xf7d76bae]
    /usr/bin/CcspCMAgentSsp() [0x805136a]
    /usr/bin/CcspCMAgentSsp() [0x8050568]
    /usr/bin/CcspCMAgentSsp() [0x804bec1]
    /usr/ccsp/../../lib/libc.so.6(__libc_start_main+0xed) [0xf7ad2e2d]
    /usr/bin/CcspCMAgentSsp() [0x804c031]

@@@docsis_GetNumOfActiveRxChannels(cnt)
    /usr/lib/libcm_mgnt.so.0(docsis_GetNumOfActiveRxChannels+0x76) [0xf7ca8d95]
    /usr/lib/libcm_tr181.so(CosaDmlCmGetCMErrorCodewords+0x71) [0xf5d0f774]
    /usr/lib/libcm_tr181.so(CMErrorCodewords_Synchronize+0x4c) [0xf5d09bcf]
    /usr/lib/libccsp_common.so.0(DslhObjroPopulateObjRecords+0x8a) [0xf7d62923]
    /usr/lib/libccsp_common.so.0(DslhObjroPopulateObjRecords+0x52b) [0xf7d62dc4]
    /usr/lib/libccsp_common.so.0(DslhObjroPopulateObjRecords+0x52b) [0xf7d62dc4]
    /usr/lib/libccsp_common.so.0(DslhObjroPopulateObjRecords+0x52b) [0xf7d62dc4]
    /usr/lib/libccsp_common.so.0(DslhWmpdoCreateRecordTree+0xbc) [0xf7d67faf]
    /usr/lib/libccsp_common.so.0(DslhCpecoInitDataModel+0x14) [0xf7d75a5c]
    /usr/lib/libccsp_common.so.0(DslhCpecoRegisterDataModelInternal+0x224) [0xf7d7676c]
    /usr/lib/libccsp_common.so.0(DslhCpecoRegisterDataModel2+0x2c) [0xf7d76bae]
    /usr/bin/CcspCMAgentSsp() [0x805136a]
    /usr/bin/CcspCMAgentSsp() [0x8050568]
    /usr/bin/CcspCMAgentSsp() [0x804bec1]
    /usr/ccsp/../../lib/libc.so.6(__libc_start_main+0xed) [0xf7ad2e2d]
    /usr/bin/CcspCMAgentSsp() [0x804c031]

@@@docsis_GetErrorCodewords(ppinfo)
    /usr/lib/libcm_mgnt.so.0(docsis_GetErrorCodewords+0x76) [0xf7ca9256]
    /usr/lib/libcm_tr181.so(CosaDmlCmGetCMErrorCodewords+0xf9) [0xf5d0f7fc]
    /usr/lib/libcm_tr181.so(CMErrorCodewords_Synchronize+0x4c) [0xf5d09bcf]
    /usr/lib/libccsp_common.so.0(DslhObjroPopulateObjRecords+0x8a) [0xf7d62923]
    /usr/lib/libccsp_common.so.0(DslhObjroPopulateObjRecords+0x52b) [0xf7d62dc4]
    /usr/lib/libccsp_common.so.0(DslhObjroPopulateObjRecords+0x52b) [0xf7d62dc4]
    /usr/lib/libccsp_common.so.0(DslhObjroPopulateObjRecords+0x52b) [0xf7d62dc4]
    /usr/lib/libccsp_common.so.0(DslhWmpdoCreateRecordTree+0xbc) [0xf7d67faf]
    /usr/lib/libccsp_common.so.0(DslhCpecoInitDataModel+0x14) [0xf7d75a5c]
    /usr/lib/libccsp_common.so.0(DslhCpecoRegisterDataModelInternal+0x224) [0xf7d7676c]
    /usr/lib/libccsp_common.so.0(DslhCpecoRegisterDataModel2+0x2c) [0xf7d76bae]
    /usr/bin/CcspCMAgentSsp() [0x805136a]
    /usr/bin/CcspCMAgentSsp() [0x8050568]
    /usr/bin/CcspCMAgentSsp() [0x804bec1]
    /usr/ccsp/../../lib/libc.so.6(__libc_start_main+0xed) [0xf7ad2e2d]
    /usr/bin/CcspCMAgentSsp() [0x804c031]

@@@docsis_GetNumOfActiveRxChannels(cnt)
    /usr/lib/libcm_mgnt.so.0(docsis_GetNumOfActiveRxChannels+0x76) [0xf7ca8d95]
    /usr/lib/libcm_mgnt.so.0(docsis_GetErrorCodewords+0xe6) [0xf7ca92c6]
    /usr/lib/libcm_tr181.so(CosaDmlCmGetCMErrorCodewords+0xf9) [0xf5d0f7fc]
    /usr/lib/libcm_tr181.so(CMErrorCodewords_Synchronize+0x4c) [0xf5d09bcf]
    /usr/lib/libccsp_common.so.0(DslhObjroPopulateObjRecords+0x8a) [0xf7d62923]
    /usr/lib/libccsp_common.so.0(DslhObjroPopulateObjRecords+0x52b) [0xf7d62dc4]
    /usr/lib/libccsp_common.so.0(DslhObjroPopulateObjRecords+0x52b) [0xf7d62dc4]
    /usr/lib/libccsp_common.so.0(DslhObjroPopulateObjRecords+0x52b) [0xf7d62dc4]
    /usr/lib/libccsp_common.so.0(DslhWmpdoCreateRecordTree+0xbc) [0xf7d67faf]
    /usr/lib/libccsp_common.so.0(DslhCpecoInitDataModel+0x14) [0xf7d75a5c]
    /usr/lib/libccsp_common.so.0(DslhCpecoRegisterDataModelInternal+0x224) [0xf7d7676c]
    /usr/lib/libccsp_common.so.0(DslhCpecoRegisterDataModel2+0x2c) [0xf7d76bae]
    /usr/bin/CcspCMAgentSsp() [0x805136a]
    /usr/bin/CcspCMAgentSsp() [0x8050568]
    /usr/bin/CcspCMAgentSsp() [0x804bec1]
    /usr/ccsp/../../lib/libc.so.6(__libc_start_main+0xed) [0xf7ad2e2d]
    /usr/bin/CcspCMAgentSsp() [0x804c031]

@@@docsis_GetDocsisEventLogItems(entryArray, len)
    /usr/lib/libcm_mgnt.so.0(docsis_GetDocsisEventLogItems+0x76) [0xf7ca9bea]
    /usr/lib/libcm_tr181.so(CosaDmlCmGetDocsisLog+0xab) [0xf5d0eec4]
    /usr/lib/libcm_tr181.so(DocsisLog_Synchronize+0x4c) [0xf5d09d7d]
    /usr/lib/libccsp_common.so.0(DslhObjroPopulateObjRecords+0x8a) [0xf7d62923]
    /usr/lib/libccsp_common.so.0(DslhObjroPopulateObjRecords+0x52b) [0xf7d62dc4]
    /usr/lib/libccsp_common.so.0(DslhObjroPopulateObjRecords+0x52b) [0xf7d62dc4]
    /usr/lib/libccsp_common.so.0(DslhObjroPopulateObjRecords+0x52b) [0xf7d62dc4]
    /usr/lib/libccsp_common.so.0(DslhWmpdoCreateRecordTree+0xbc) [0xf7d67faf]
    /usr/lib/libccsp_common.so.0(DslhCpecoInitDataModel+0x14) [0xf7d75a5c]
    /usr/lib/libccsp_common.so.0(DslhCpecoRegisterDataModelInternal+0x224) [0xf7d7676c]
    /usr/lib/libccsp_common.so.0(DslhCpecoRegisterDataModel2+0x2c) [0xf7d76bae]
    /usr/bin/CcspCMAgentSsp() [0x805136a]
    /usr/bin/CcspCMAgentSsp() [0x8050568]
    /usr/bin/CcspCMAgentSsp() [0x804bec1]
    /usr/ccsp/../../lib/libc.so.6(__libc_start_main+0xed) [0xf7ad2e2d]
    /usr/bin/CcspCMAgentSsp() [0x804c031]

@@@docsis_GetNumOfActiveRxChannels(cnt)
    /usr/lib/libcm_mgnt.so.0(docsis_GetNumOfActiveRxChannels+0x76) [0xf7ca8d95]
    /usr/lib/libcm_tr181.so(CosaDmlCmGetDownstreamChannel+0x88) [0xf5d0f07f]
    /usr/lib/libcm_tr181.so(DownstreamChannel_Synchronize+0x51) [0xf5d09f9a]
    /usr/lib/libccsp_common.so.0(DslhObjroPopulateObjRecords+0x8a) [0xf7d62923]
    /usr/lib/libccsp_common.so.0(DslhObjroPopulateObjRecords+0x52b) [0xf7d62dc4]
    /usr/lib/libccsp_common.so.0(DslhObjroPopulateObjRecords+0x52b) [0xf7d62dc4]
    /usr/lib/libccsp_common.so.0(DslhObjroPopulateObjRecords+0x52b) [0xf7d62dc4]
    /usr/lib/libccsp_common.so.0(DslhWmpdoCreateRecordTree+0xbc) [0xf7d67faf]
    /usr/lib/libccsp_common.so.0(DslhCpecoInitDataModel+0x14) [0xf7d75a5c]
    /usr/lib/libccsp_common.so.0(DslhCpecoRegisterDataModelInternal+0x224) [0xf7d7676c]
    /usr/lib/libccsp_common.so.0(DslhCpecoRegisterDataModel2+0x2c) [0xf7d76bae]
    /usr/bin/CcspCMAgentSsp() [0x805136a]
    /usr/bin/CcspCMAgentSsp() [0x8050568]
    /usr/bin/CcspCMAgentSsp() [0x804bec1]
    /usr/ccsp/../../lib/libc.so.6(__libc_start_main+0xed) [0xf7ad2e2d]
    /usr/bin/CcspCMAgentSsp() [0x804c031]

@@@docsis_getDsOFDMChannelCount(count)
    /usr/lib/libcm_mgnt.so.0(docsis_getDsOFDMChannelCount+0x76) [0xf7cacbbd]
    /usr/lib/libcm_tr181.so(CosaDmlCmGetDownstreamChannel+0xee) [0xf5d0f0e5]
    /usr/lib/libcm_tr181.so(DownstreamChannel_Synchronize+0x51) [0xf5d09f9a]
    /usr/lib/libccsp_common.so.0(DslhObjroPopulateObjRecords+0x8a) [0xf7d62923]
    /usr/lib/libccsp_common.so.0(DslhObjroPopulateObjRecords+0x52b) [0xf7d62dc4]
    /usr/lib/libccsp_common.so.0(DslhObjroPopulateObjRecords+0x52b) [0xf7d62dc4]
    /usr/lib/libccsp_common.so.0(DslhObjroPopulateObjRecords+0x52b) [0xf7d62dc4]
    /usr/lib/libccsp_common.so.0(DslhWmpdoCreateRecordTree+0xbc) [0xf7d67faf]
    /usr/lib/libccsp_common.so.0(DslhCpecoInitDataModel+0x14) [0xf7d75a5c]
    /usr/lib/libccsp_common.so.0(DslhCpecoRegisterDataModelInternal+0x224) [0xf7d7676c]
    /usr/lib/libccsp_common.so.0(DslhCpecoRegisterDataModel2+0x2c) [0xf7d76bae]
    /usr/bin/CcspCMAgentSsp() [0x805136a]
    /usr/bin/CcspCMAgentSsp() [0x8050568]
    /usr/bin/CcspCMAgentSsp() [0x804bec1]
    /usr/ccsp/../../lib/libc.so.6(__libc_start_main+0xed) [0xf7ad2e2d]
    /usr/bin/CcspCMAgentSsp() [0x804c031]

@@@docsis_GetDSChannel(ppinfo)
    /usr/lib/libcm_mgnt.so.0(docsis_GetDSChannel+0x79) [0xf7ca8e96]
    /usr/lib/libcm_tr181.so(CosaDmlCmGetDownstreamChannel+0x16a) [0xf5d0f161]
    /usr/lib/libcm_tr181.so(DownstreamChannel_Synchronize+0x51) [0xf5d09f9a]
    /usr/lib/libccsp_common.so.0(DslhObjroPopulateObjRecords+0x8a) [0xf7d62923]
    /usr/lib/libccsp_common.so.0(DslhObjroPopulateObjRecords+0x52b) [0xf7d62dc4]
    /usr/lib/libccsp_common.so.0(DslhObjroPopulateObjRecords+0x52b) [0xf7d62dc4]
    /usr/lib/libccsp_common.so.0(DslhObjroPopulateObjRecords+0x52b) [0xf7d62dc4]
    /usr/lib/libccsp_common.so.0(DslhWmpdoCreateRecordTree+0xbc) [0xf7d67faf]
    /usr/lib/libccsp_common.so.0(DslhCpecoInitDataModel+0x14) [0xf7d75a5c]
    /usr/lib/libccsp_common.so.0(DslhCpecoRegisterDataModelInternal+0x224) [0xf7d7676c]
    /usr/lib/libccsp_common.so.0(DslhCpecoRegisterDataModel2+0x2c) [0xf7d76bae]
    /usr/bin/CcspCMAgentSsp() [0x805136a]
    /usr/bin/CcspCMAgentSsp() [0x8050568]
    /usr/bin/CcspCMAgentSsp() [0x804bec1]
    /usr/ccsp/../../lib/libc.so.6(__libc_start_main+0xed) [0xf7ad2e2d]
    /usr/bin/CcspCMAgentSsp() [0x804c031]

@@@docsis_GetNumOfActiveRxChannels(cnt)
    /usr/lib/libcm_mgnt.so.0(docsis_GetNumOfActiveRxChannels+0x76) [0xf7ca8d95]
    /usr/lib/libcm_mgnt.so.0(docsis_GetDSChannel+0xe3) [0xf7ca8f00]
    /usr/lib/libcm_tr181.so(CosaDmlCmGetDownstreamChannel+0x16a) [0xf5d0f161]
    /usr/lib/libcm_tr181.so(DownstreamChannel_Synchronize+0x51) [0xf5d09f9a]
    /usr/lib/libccsp_common.so.0(DslhObjroPopulateObjRecords+0x8a) [0xf7d62923]
    /usr/lib/libccsp_common.so.0(DslhObjroPopulateObjRecords+0x52b) [0xf7d62dc4]
    /usr/lib/libccsp_common.so.0(DslhObjroPopulateObjRecords+0x52b) [0xf7d62dc4]
    /usr/lib/libccsp_common.so.0(DslhObjroPopulateObjRecords+0x52b) [0xf7d62dc4]
    /usr/lib/libccsp_common.so.0(DslhWmpdoCreateRecordTree+0xbc) [0xf7d67faf]
    /usr/lib/libccsp_common.so.0(DslhCpecoInitDataModel+0x14) [0xf7d75a5c]
    /usr/lib/libccsp_common.so.0(DslhCpecoRegisterDataModelInternal+0x224) [0xf7d7676c]
    /usr/lib/libccsp_common.so.0(DslhCpecoRegisterDataModel2+0x2c) [0xf7d76bae]
    /usr/bin/CcspCMAgentSsp() [0x805136a]
    /usr/bin/CcspCMAgentSsp() [0x8050568]
    /usr/bin/CcspCMAgentSsp() [0x804bec1]
    /usr/ccsp/../../lib/libc.so.6(__libc_start_main+0xed) [0xf7ad2e2d]
    /usr/bin/CcspCMAgentSsp() [0x804c031]

@@@docsis_InitDS()
    /usr/lib/libcm_mgnt.so.0(docsis_InitDS+0x70) [0xf7ca8432]
    /usr/lib/libcm_mgnt.so.0(docsis_GetDSChannel+0x129) [0xf7ca8f46]
    /usr/lib/libcm_tr181.so(CosaDmlCmGetDownstreamChannel+0x16a) [0xf5d0f161]
    /usr/lib/libcm_tr181.so(DownstreamChannel_Synchronize+0x51) [0xf5d09f9a]
    /usr/lib/libccsp_common.so.0(DslhObjroPopulateObjRecords+0x8a) [0xf7d62923]
    /usr/lib/libccsp_common.so.0(DslhObjroPopulateObjRecords+0x52b) [0xf7d62dc4]
    /usr/lib/libccsp_common.so.0(DslhObjroPopulateObjRecords+0x52b) [0xf7d62dc4]
    /usr/lib/libccsp_common.so.0(DslhObjroPopulateObjRecords+0x52b) [0xf7d62dc4]
    /usr/lib/libccsp_common.so.0(DslhWmpdoCreateRecordTree+0xbc) [0xf7d67faf]
    /usr/lib/libccsp_common.so.0(DslhCpecoInitDataModel+0x14) [0xf7d75a5c]
    /usr/lib/libccsp_common.so.0(DslhCpecoRegisterDataModelInternal+0x224) [0xf7d7676c]
    /usr/lib/libccsp_common.so.0(DslhCpecoRegisterDataModel2+0x2c) [0xf7d76bae]
    /usr/bin/CcspCMAgentSsp() [0x805136a]
    /usr/bin/CcspCMAgentSsp() [0x8050568]
    /usr/bin/CcspCMAgentSsp() [0x804bec1]
    /usr/ccsp/../../lib/libc.so.6(__libc_start_main+0xed) [0xf7ad2e2d]
    /usr/bin/CcspCMAgentSsp() [0x804c031]

@@@docsis_GetNumOfActiveTxChannels(cnt)
    /usr/lib/libcm_mgnt.so.0(docsis_GetNumOfActiveTxChannels+0x76) [0xf7ca8b2a]
    /usr/lib/libcm_tr181.so(CosaDmlCmGetUpstreamChannel+0x8f) [0xf5d0f20e]
    /usr/lib/libcm_tr181.so(UpstreamChannel_Synchronize+0x51) [0xf5d0a2b2]
    /usr/lib/libccsp_common.so.0(DslhObjroPopulateObjRecords+0x8a) [0xf7d62923]
    /usr/lib/libccsp_common.so.0(DslhObjroPopulateObjRecords+0x52b) [0xf7d62dc4]
    /usr/lib/libccsp_common.so.0(DslhObjroPopulateObjRecords+0x52b) [0xf7d62dc4]
    /usr/lib/libccsp_common.so.0(DslhObjroPopulateObjRecords+0x52b) [0xf7d62dc4]
    /usr/lib/libccsp_common.so.0(DslhWmpdoCreateRecordTree+0xbc) [0xf7d67faf]
    /usr/lib/libccsp_common.so.0(DslhCpecoInitDataModel+0x14) [0xf7d75a5c]
    /usr/lib/libccsp_common.so.0(DslhCpecoRegisterDataModelInternal+0x224) [0xf7d7676c]
    /usr/lib/libccsp_common.so.0(DslhCpecoRegisterDataModel2+0x2c) [0xf7d76bae]
    /usr/bin/CcspCMAgentSsp() [0x805136a]
    /usr/bin/CcspCMAgentSsp() [0x8050568]
    /usr/bin/CcspCMAgentSsp() [0x804bec1]
    /usr/ccsp/../../lib/libc.so.6(__libc_start_main+0xed) [0xf7ad2e2d]
    /usr/bin/CcspCMAgentSsp() [0x804c031]

@@@docsis_getUsOFDMAChannelCount(count)
    /usr/lib/libcm_mgnt.so.0(docsis_getUsOFDMAChannelCount+0x76) [0xf7cacda4]
    /usr/lib/libcm_tr181.so(CosaDmlCmGetUpstreamChannel+0xf2) [0xf5d0f271]
    /usr/lib/libcm_tr181.so(UpstreamChannel_Synchronize+0x51) [0xf5d0a2b2]
    /usr/lib/libccsp_common.so.0(DslhObjroPopulateObjRecords+0x8a) [0xf7d62923]
    /usr/lib/libccsp_common.so.0(DslhObjroPopulateObjRecords+0x52b) [0xf7d62dc4]
    /usr/lib/libccsp_common.so.0(DslhObjroPopulateObjRecords+0x52b) [0xf7d62dc4]
    /usr/lib/libccsp_common.so.0(DslhObjroPopulateObjRecords+0x52b) [0xf7d62dc4]
    /usr/lib/libccsp_common.so.0(DslhWmpdoCreateRecordTree+0xbc) [0xf7d67faf]
    /usr/lib/libccsp_common.so.0(DslhCpecoInitDataModel+0x14) [0xf7d75a5c]
    /usr/lib/libccsp_common.so.0(DslhCpecoRegisterDataModelInternal+0x224) [0xf7d7676c]
    /usr/lib/libccsp_common.so.0(DslhCpecoRegisterDataModel2+0x2c) [0xf7d76bae]
    /usr/bin/CcspCMAgentSsp() [0x805136a]
    /usr/bin/CcspCMAgentSsp() [0x8050568]
    /usr/bin/CcspCMAgentSsp() [0x804bec1]
    /usr/ccsp/../../lib/libc.so.6(__libc_start_main+0xed) [0xf7ad2e2d]
    /usr/bin/CcspCMAgentSsp() [0x804c031]

@@@docsis_GetUSChannel(ppinfo)
    /usr/lib/libcm_mgnt.so.0(docsis_GetUSChannel+0x76) [0xf7ca8c28]
    /usr/lib/libcm_tr181.so(CosaDmlCmGetUpstreamChannel+0x176) [0xf5d0f2f5]
    /usr/lib/libcm_tr181.so(UpstreamChannel_Synchronize+0x51) [0xf5d0a2b2]
    /usr/lib/libccsp_common.so.0(DslhObjroPopulateObjRecords+0x8a) [0xf7d62923]
    /usr/lib/libccsp_common.so.0(DslhObjroPopulateObjRecords+0x52b) [0xf7d62dc4]
    /usr/lib/libccsp_common.so.0(DslhObjroPopulateObjRecords+0x52b) [0xf7d62dc4]
    /usr/lib/libccsp_common.so.0(DslhObjroPopulateObjRecords+0x52b) [0xf7d62dc4]
    /usr/lib/libccsp_common.so.0(DslhWmpdoCreateRecordTree+0xbc) [0xf7d67faf]
    /usr/lib/libccsp_common.so.0(DslhCpecoInitDataModel+0x14) [0xf7d75a5c]
    /usr/lib/libccsp_common.so.0(DslhCpecoRegisterDataModelInternal+0x224) [0xf7d7676c]
    /usr/lib/libccsp_common.so.0(DslhCpecoRegisterDataModel2+0x2c) [0xf7d76bae]
    /usr/bin/CcspCMAgentSsp() [0x805136a]
    /usr/bin/CcspCMAgentSsp() [0x8050568]
    /usr/bin/CcspCMAgentSsp() [0x804bec1]
    /usr/ccsp/../../lib/libc.so.6(__libc_start_main+0xed) [0xf7ad2e2d]
    /usr/bin/CcspCMAgentSsp() [0x804c031]

@@@docsis_GetNumOfActiveTxChannels(cnt)
    /usr/lib/libcm_mgnt.so.0(docsis_GetNumOfActiveTxChannels+0x76) [0xf7ca8b2a]
    /usr/lib/libcm_mgnt.so.0(docsis_GetUSChannel+0xe6) [0xf7ca8c98]
    /usr/lib/libcm_tr181.so(CosaDmlCmGetUpstreamChannel+0x176) [0xf5d0f2f5]
    /usr/lib/libcm_tr181.so(UpstreamChannel_Synchronize+0x51) [0xf5d0a2b2]
    /usr/lib/libccsp_common.so.0(DslhObjroPopulateObjRecords+0x8a) [0xf7d62923]
    /usr/lib/libccsp_common.so.0(DslhObjroPopulateObjRecords+0x52b) [0xf7d62dc4]
    /usr/lib/libccsp_common.so.0(DslhObjroPopulateObjRecords+0x52b) [0xf7d62dc4]
    /usr/lib/libccsp_common.so.0(DslhObjroPopulateObjRecords+0x52b) [0xf7d62dc4]
    /usr/lib/libccsp_common.so.0(DslhWmpdoCreateRecordTree+0xbc) [0xf7d67faf]
    /usr/lib/libccsp_common.so.0(DslhCpecoInitDataModel+0x14) [0xf7d75a5c]
    /usr/lib/libccsp_common.so.0(DslhCpecoRegisterDataModelInternal+0x224) [0xf7d7676c]
    /usr/lib/libccsp_common.so.0(DslhCpecoRegisterDataModel2+0x2c) [0xf7d76bae]
    /usr/bin/CcspCMAgentSsp() [0x805136a]
    /usr/bin/CcspCMAgentSsp() [0x8050568]
    /usr/bin/CcspCMAgentSsp() [0x804bec1]
    /usr/ccsp/../../lib/libc.so.6(__libc_start_main+0xed) [0xf7ad2e2d]
    /usr/bin/CcspCMAgentSsp() [0x804c031]

@@@docsis_InitUS()
    /usr/lib/libcm_mgnt.so.0(docsis_InitUS+0x70) [0xf7ca852e]
    /usr/lib/libcm_mgnt.so.0(docsis_GetUSChannel+0x121) [0xf7ca8cd3]
    /usr/lib/libcm_tr181.so(CosaDmlCmGetUpstreamChannel+0x176) [0xf5d0f2f5]
    /usr/lib/libcm_tr181.so(UpstreamChannel_Synchronize+0x51) [0xf5d0a2b2]
    /usr/lib/libccsp_common.so.0(DslhObjroPopulateObjRecords+0x8a) [0xf7d62923]
    /usr/lib/libccsp_common.so.0(DslhObjroPopulateObjRecords+0x52b) [0xf7d62dc4]
    /usr/lib/libccsp_common.so.0(DslhObjroPopulateObjRecords+0x52b) [0xf7d62dc4]
    /usr/lib/libccsp_common.so.0(DslhObjroPopulateObjRecords+0x52b) [0xf7d62dc4]
    /usr/lib/libccsp_common.so.0(DslhWmpdoCreateRecordTree+0xbc) [0xf7d67faf]
    /usr/lib/libccsp_common.so.0(DslhCpecoInitDataModel+0x14) [0xf7d75a5c]
    /usr/lib/libccsp_common.so.0(DslhCpecoRegisterDataModelInternal+0x224) [0xf7d7676c]
    /usr/lib/libccsp_common.so.0(DslhCpecoRegisterDataModel2+0x2c) [0xf7d76bae]
    /usr/bin/CcspCMAgentSsp() [0x805136a]
    /usr/bin/CcspCMAgentSsp() [0x8050568]
    /usr/bin/CcspCMAgentSsp() [0x804bec1]
    /usr/ccsp/../../lib/libc.so.6(__libc_start_main+0xed) [0xf7ad2e2d]
    /usr/bin/CcspCMAgentSsp() [0x804c031]

@@@docsis_GetUsStatus(i, pinfo)
    /usr/lib/libcm_mgnt.so.0(docsis_GetUsStatus+0x76) [0xf7ca8736]
    /usr/lib/libcm_mgnt.so.0(docsis_GetUSChannel+0x13c) [0xf7ca8cee]
    /usr/lib/libcm_tr181.so(CosaDmlCmGetUpstreamChannel+0x176) [0xf5d0f2f5]
    /usr/lib/libcm_tr181.so(UpstreamChannel_Synchronize+0x51) [0xf5d0a2b2]
    /usr/lib/libccsp_common.so.0(DslhObjroPopulateObjRecords+0x8a) [0xf7d62923]
    /usr/lib/libccsp_common.so.0(DslhObjroPopulateObjRecords+0x52b) [0xf7d62dc4]
    /usr/lib/libccsp_common.so.0(DslhObjroPopulateObjRecords+0x52b) [0xf7d62dc4]
    /usr/lib/libccsp_common.so.0(DslhObjroPopulateObjRecords+0x52b) [0xf7d62dc4]
    /usr/lib/libccsp_common.so.0(DslhWmpdoCreateRecordTree+0xbc) [0xf7d67faf]
    /usr/lib/libccsp_common.so.0(DslhCpecoInitDataModel+0x14) [0xf7d75a5c]
    /usr/lib/libccsp_common.so.0(DslhCpecoRegisterDataModelInternal+0x224) [0xf7d7676c]
    /usr/lib/libccsp_common.so.0(DslhCpecoRegisterDataModel2+0x2c) [0xf7d76bae]
    /usr/bin/CcspCMAgentSsp() [0x805136a]
    /usr/bin/CcspCMAgentSsp() [0x8050568]
    /usr/bin/CcspCMAgentSsp() [0x804bec1]
    /usr/ccsp/../../lib/libc.so.6(__libc_start_main+0xed) [0xf7ad2e2d]
    /usr/bin/CcspCMAgentSsp() [0x804c031]

@@@docsis_GetDsOfdmChanTable(ppinfo, output_NumberOfEntries)
    /usr/lib/libcm_mgnt.so.0(docsis_GetDsOfdmChanTable+0x76) [0xf7cab493]
    /usr/lib/libcm_tr181.so(CosaDmlRDKCentralCmGetDownstreamChannel+0x9f) [0xf5d10c20]
    /usr/lib/libcm_tr181.so(X_RDKCENTRAL_COM_CableModem_DsOfdmChan_Synchronize+0x2c) [0xf5d0ac78]
    /usr/lib/libccsp_common.so.0(DslhObjroPopulateObjRecords+0x8a) [0xf7d62923]
    /usr/lib/libccsp_common.so.0(DslhObjroPopulateObjRecords+0x52b) [0xf7d62dc4]
    /usr/lib/libccsp_common.so.0(DslhObjroPopulateObjRecords+0x52b) [0xf7d62dc4]
    /usr/lib/libccsp_common.so.0(DslhObjroPopulateObjRecords+0x52b) [0xf7d62dc4]
    /usr/lib/libccsp_common.so.0(DslhWmpdoCreateRecordTree+0xbc) [0xf7d67faf]
    /usr/lib/libccsp_common.so.0(DslhCpecoInitDataModel+0x14) [0xf7d75a5c]
    /usr/lib/libccsp_common.so.0(DslhCpecoRegisterDataModelInternal+0x224) [0xf7d7676c]
    /usr/lib/libccsp_common.so.0(DslhCpecoRegisterDataModel2+0x2c) [0xf7d76bae]
    /usr/bin/CcspCMAgentSsp() [0x805136a]
    /usr/bin/CcspCMAgentSsp() [0x8050568]
    /usr/bin/CcspCMAgentSsp() [0x804bec1]
    /usr/ccsp/../../lib/libc.so.6(__libc_start_main+0xed) [0xf7ad2e2d]
    /usr/bin/CcspCMAgentSsp() [0x804c031]

@@@docsis_GetUsOfdmaChanTable(ppinfo, output_NumberOfEntries)
    /usr/lib/libcm_mgnt.so.0(docsis_GetUsOfdmaChanTable+0x76) [0xf7cab591]
    /usr/lib/libcm_tr181.so(CosaDmlRDKCentralCmGetUpstreamChannel+0x9f) [0xf5d10e0a]
    /usr/lib/libcm_tr181.so(X_RDKCENTRAL_COM_CableModem_UsOfdmaChan_Synchronize+0x2c) [0xf5d0b00f]
    /usr/lib/libccsp_common.so.0(DslhObjroPopulateObjRecords+0x8a) [0xf7d62923]
    /usr/lib/libccsp_common.so.0(DslhObjroPopulateObjRecords+0x52b) [0xf7d62dc4]
    /usr/lib/libccsp_common.so.0(DslhObjroPopulateObjRecords+0x52b) [0xf7d62dc4]
    /usr/lib/libccsp_common.so.0(DslhObjroPopulateObjRecords+0x52b) [0xf7d62dc4]
    /usr/lib/libccsp_common.so.0(DslhWmpdoCreateRecordTree+0xbc) [0xf7d67faf]
    /usr/lib/libccsp_common.so.0(DslhCpecoInitDataModel+0x14) [0xf7d75a5c]
    /usr/lib/libccsp_common.so.0(DslhCpecoRegisterDataModelInternal+0x224) [0xf7d7676c]
    /usr/lib/libccsp_common.so.0(DslhCpecoRegisterDataModel2+0x2c) [0xf7d76bae]
    /usr/bin/CcspCMAgentSsp() [0x805136a]
    /usr/bin/CcspCMAgentSsp() [0x8050568]
    /usr/bin/CcspCMAgentSsp() [0x804bec1]
    /usr/ccsp/../../lib/libc.so.6(__libc_start_main+0xed) [0xf7ad2e2d]
    /usr/bin/CcspCMAgentSsp() [0x804c031]

@@@docsis_GetStatusOfdmaUsTable(ppinfo, output_NumberOfEntries)
    /usr/lib/libcm_mgnt.so.0(docsis_GetStatusOfdmaUsTable+0x76) [0xf7cab68f]
    /usr/lib/libcm_tr181.so(CosaDmlRDKCentralCmGetCMStatusofUpstreamChannel+0x9f) [0xf5d10f7b]
    /usr/lib/libcm_tr181.so(X_RDKCENTRAL_COM_CableModem_StatusOfdma_Synchronize+0x2c) [0xf5d0b287]
    /usr/lib/libccsp_common.so.0(DslhObjroPopulateObjRecords+0x8a) [0xf7d62923]
    /usr/lib/libccsp_common.so.0(DslhObjroPopulateObjRecords+0x52b) [0xf7d62dc4]
    /usr/lib/libccsp_common.so.0(DslhObjroPopulateObjRecords+0x52b) [0xf7d62dc4]
    /usr/lib/libccsp_common.so.0(DslhObjroPopulateObjRecords+0x52b) [0xf7d62dc4]
    /usr/lib/libccsp_common.so.0(DslhWmpdoCreateRecordTree+0xbc) [0xf7d67faf]
    /usr/lib/libccsp_common.so.0(DslhCpecoInitDataModel+0x14) [0xf7d75a5c]
    /usr/lib/libccsp_common.so.0(DslhCpecoRegisterDataModelInternal+0x224) [0xf7d7676c]
    /usr/lib/libccsp_common.so.0(DslhCpecoRegisterDataModel2+0x2c) [0xf7d76bae]
    /usr/bin/CcspCMAgentSsp() [0x805136a]
    /usr/bin/CcspCMAgentSsp() [0x8050568]
    /usr/bin/CcspCMAgentSsp() [0x804bec1]
    /usr/ccsp/../../lib/libc.so.6(__libc_start_main+0xed) [0xf7ad2e2d]
    /usr/bin/CcspCMAgentSsp() [0x804c031]

@@@qos_getServiceFlowCount(count)
    /usr/lib/libcm_mgnt.so.0(qos_getServiceFlowCount+0x70) [0xf7cac504]
    /usr/lib/libcm_tr181.so(Lgi_US_QosServiceFlow_Synchronize+0xa3) [0xf5d0d7ee]
    /usr/lib/libccsp_common.so.0(DslhObjroPopulateObjRecords+0x8a) [0xf7d62923]
    /usr/lib/libccsp_common.so.0(DslhObjroPopulateObjRecords+0x52b) [0xf7d62dc4]
    /usr/lib/libccsp_common.so.0(DslhObjroPopulateObjRecords+0x52b) [0xf7d62dc4]
    /usr/lib/libccsp_common.so.0(DslhObjroPopulateObjRecords+0x52b) [0xf7d62dc4]
    /usr/lib/libccsp_common.so.0(DslhObjroPopulateObjRecords+0x52b) [0xf7d62dc4]
    /usr/lib/libccsp_common.so.0(DslhWmpdoCreateRecordTree+0xbc) [0xf7d67faf]
    /usr/lib/libccsp_common.so.0(DslhCpecoInitDataModel+0x14) [0xf7d75a5c]
    /usr/lib/libccsp_common.so.0(DslhCpecoRegisterDataModelInternal+0x224) [0xf7d7676c]
    /usr/lib/libccsp_common.so.0(DslhCpecoRegisterDataModel2+0x2c) [0xf7d76bae]
    /usr/bin/CcspCMAgentSsp() [0x805136a]
    /usr/bin/CcspCMAgentSsp() [0x8050568]
    /usr/bin/CcspCMAgentSsp() [0x804bec1]
    /usr/ccsp/../../lib/libc.so.6(__libc_start_main+0xed) [0xf7ad2e2d]
    /usr/bin/CcspCMAgentSsp() [0x804c031]

@@@qos_getServiceFlowCount(count)
    /usr/lib/libcm_mgnt.so.0(qos_getServiceFlowCount+0x70) [0xf7cac504]
    /usr/lib/libcm_tr181.so(Lgi_DS_QosServiceFlow_Synchronize+0xa3) [0xf5d0db69]
    /usr/lib/libccsp_common.so.0(DslhObjroPopulateObjRecords+0x8a) [0xf7d62923]
    /usr/lib/libccsp_common.so.0(DslhObjroPopulateObjRecords+0x52b) [0xf7d62dc4]
    /usr/lib/libccsp_common.so.0(DslhObjroPopulateObjRecords+0x52b) [0xf7d62dc4]
    /usr/lib/libccsp_common.so.0(DslhObjroPopulateObjRecords+0x52b) [0xf7d62dc4]
    /usr/lib/libccsp_common.so.0(DslhObjroPopulateObjRecords+0x52b) [0xf7d62dc4]
    /usr/lib/libccsp_common.so.0(DslhWmpdoCreateRecordTree+0xbc) [0xf7d67faf]
    /usr/lib/libccsp_common.so.0(DslhCpecoInitDataModel+0x14) [0xf7d75a5c]
    /usr/lib/libccsp_common.so.0(DslhCpecoRegisterDataModelInternal+0x224) [0xf7d7676c]
    /usr/lib/libccsp_common.so.0(DslhCpecoRegisterDataModel2+0x2c) [0xf7d76bae]
    /usr/bin/CcspCMAgentSsp() [0x805136a]
    /usr/bin/CcspCMAgentSsp() [0x8050568]
    /usr/bin/CcspCMAgentSsp() [0x804bec1]
    /usr/ccsp/../../lib/libc.so.6(__libc_start_main+0xed) [0xf7ad2e2d]
    /usr/bin/CcspCMAgentSsp() [0x804c031]

@@@docsis_getDsOFDMChannelCount(count)
    /usr/lib/libcm_mgnt.so.0(docsis_getDsOFDMChannelCount+0x76) [0xf7cacbbd]
    /usr/lib/libcm_tr181.so(LgiOfdmChannel_Synchronize+0x57) [0xf5d0d133]
    /usr/lib/libccsp_common.so.0(DslhObjroPopulateObjRecords+0x8a) [0xf7d62923]
    /usr/lib/libccsp_common.so.0(DslhObjroPopulateObjRecords+0x52b) [0xf7d62dc4]
    /usr/lib/libccsp_common.so.0(DslhObjroPopulateObjRecords+0x52b) [0xf7d62dc4]
    /usr/lib/libccsp_common.so.0(DslhObjroPopulateObjRecords+0x52b) [0xf7d62dc4]
    /usr/lib/libccsp_common.so.0(DslhWmpdoCreateRecordTree+0xbc) [0xf7d67faf]
    /usr/lib/libccsp_common.so.0(DslhCpecoInitDataModel+0x14) [0xf7d75a5c]
    /usr/lib/libccsp_common.so.0(DslhCpecoRegisterDataModelInternal+0x224) [0xf7d7676c]
    /usr/lib/libccsp_common.so.0(DslhCpecoRegisterDataModel2+0x2c) [0xf7d76bae]
    /usr/bin/CcspCMAgentSsp() [0x805136a]
    /usr/bin/CcspCMAgentSsp() [0x8050568]
    /usr/bin/CcspCMAgentSsp() [0x804bec1]
    /usr/ccsp/../../lib/libc.so.6(__libc_start_main+0xed) [0xf7ad2e2d]
    /usr/bin/CcspCMAgentSsp() [0x804c031]

@@@docsis_getUsOFDMAChannelCount(count)
    /usr/lib/libcm_mgnt.so.0(docsis_getUsOFDMAChannelCount+0x76) [0xf7cacda4]
    /usr/lib/libcm_tr181.so(LgiOfdmaChannel_Synchronize+0x57) [0xf5d0d4a9]
    /usr/lib/libccsp_common.so.0(DslhObjroPopulateObjRecords+0x8a) [0xf7d62923]
    /usr/lib/libccsp_common.so.0(DslhObjroPopulateObjRecords+0x52b) [0xf7d62dc4]
    /usr/lib/libccsp_common.so.0(DslhObjroPopulateObjRecords+0x52b) [0xf7d62dc4]
    /usr/lib/libccsp_common.so.0(DslhObjroPopulateObjRecords+0x52b) [0xf7d62dc4]
    /usr/lib/libccsp_common.so.0(DslhWmpdoCreateRecordTree+0xbc) [0xf7d67faf]
    /usr/lib/libccsp_common.so.0(DslhCpecoInitDataModel+0x14) [0xf7d75a5c]
    /usr/lib/libccsp_common.so.0(DslhCpecoRegisterDataModelInternal+0x224) [0xf7d7676c]
    /usr/lib/libccsp_common.so.0(DslhCpecoRegisterDataModel2+0x2c) [0xf7d76bae]
    /usr/bin/CcspCMAgentSsp() [0x805136a]
    /usr/bin/CcspCMAgentSsp() [0x8050568]
    /usr/bin/CcspCMAgentSsp() [0x804bec1]
    /usr/ccsp/../../lib/libc.so.6(__libc_start_main+0xed) [0xf7ad2e2d]
    /usr/bin/CcspCMAgentSsp() [0x804c031]

@@@docsis_GetNumOfActiveRxChannels(cnt)
    /usr/lib/libcm_mgnt.so.0(docsis_GetNumOfActiveRxChannels+0x76) [0xf7ca8d95]
    /usr/lib/libcm_tr181.so(CosaDmlCmGetDownstreamChannel+0x88) [0xf5d0f07f]
    /usr/lib/libcm_tr181.so(PollDocsisInformations+0x10b) [0xf5d0f41e]
    /usr/ccsp/../../lib/libpthread.so.0(+0x7f91) [0xf7f24f91]
    /usr/ccsp/../../lib/libc.so.6(clone+0x66) [0xf7bb2b96]

@@@docsis_getDsOFDMChannelCount(count)
    /usr/lib/libcm_mgnt.so.0(docsis_getDsOFDMChannelCount+0x76) [0xf7cacbbd]
    /usr/lib/libcm_tr181.so(CosaDmlCmGetDownstreamChannel+0xee) [0xf5d0f0e5]
    /usr/lib/libcm_tr181.so(PollDocsisInformations+0x10b) [0xf5d0f41e]
    /usr/ccsp/../../lib/libpthread.so.0(+0x7f91) [0xf7f24f91]
    /usr/ccsp/../../lib/libc.so.6(clone+0x66) [0xf7bb2b96]

@@@docsis_GetDSChannel(ppinfo)
    /usr/lib/libcm_mgnt.so.0(docsis_GetDSChannel+0x79) [0xf7ca8e96]
    /usr/lib/libcm_tr181.so(CosaDmlCmGetDownstreamChannel+0x16a) [0xf5d0f161]
    /usr/lib/libcm_tr181.so(PollDocsisInformations+0x10b) [0xf5d0f41e]
    /usr/ccsp/../../lib/libpthread.so.0(+0x7f91) [0xf7f24f91]
    /usr/ccsp/../../lib/libc.so.6(clone+0x66) [0xf7bb2b96]

@@@docsis_GetNumOfActiveRxChannels(cnt)
    /usr/lib/libcm_mgnt.so.0(docsis_GetNumOfActiveRxChannels+0x76) [0xf7ca8d95]
    /usr/lib/libcm_mgnt.so.0(docsis_GetDSChannel+0xe3) [0xf7ca8f00]
    /usr/lib/libcm_tr181.so(CosaDmlCmGetDownstreamChannel+0x16a) [0xf5d0f161]
    /usr/lib/libcm_tr181.so(PollDocsisInformations+0x10b) [0xf5d0f41e]
    /usr/ccsp/../../lib/libpthread.so.0(+0x7f91) [0xf7f24f91]
    /usr/ccsp/../../lib/libc.so.6(clone+0x66) [0xf7bb2b96]

@@@docsis_InitDS()
    /usr/lib/libcm_mgnt.so.0(docsis_InitDS+0x70) [0xf7ca8432]
    /usr/lib/libcm_mgnt.so.0(docsis_GetDSChannel+0x129) [0xf7ca8f46]
    /usr/lib/libcm_tr181.so(CosaDmlCmGetDownstreamChannel+0x16a) [0xf5d0f161]
    /usr/lib/libcm_tr181.so(PollDocsisInformations+0x10b) [0xf5d0f41e]
    /usr/ccsp/../../lib/libpthread.so.0(+0x7f91) [0xf7f24f91]
    /usr/ccsp/../../lib/libc.so.6(clone+0x66) [0xf7bb2b96]

@@@docsis_GetNumOfActiveTxChannels(cnt)
    /usr/lib/libcm_mgnt.so.0(docsis_GetNumOfActiveTxChannels+0x76) [0xf7ca8b2a]
    /usr/lib/libcm_tr181.so(CosaDmlCmGetUpstreamChannel+0x8f) [0xf5d0f20e]
    /usr/lib/libcm_tr181.so(PollDocsisInformations+0x279) [0xf5d0f58c]
    /usr/ccsp/../../lib/libpthread.so.0(+0x7f91) [0xf7f24f91]
    /usr/ccsp/../../lib/libc.so.6(clone+0x66) [0xf7bb2b96]

@@@docsis_getUsOFDMAChannelCount(count)
    /usr/lib/libcm_mgnt.so.0(docsis_getUsOFDMAChannelCount+0x76) [0xf7cacda4]
    /usr/lib/libcm_tr181.so(CosaDmlCmGetUpstreamChannel+0xf2) [0xf5d0f271]
    /usr/lib/libcm_tr181.so(PollDocsisInformations+0x279) [0xf5d0f58c]
    /usr/ccsp/../../lib/libpthread.so.0(+0x7f91) [0xf7f24f91]
    /usr/ccsp/../../lib/libc.so.6(clone+0x66) [0xf7bb2b96]

@@@docsis_GetUSChannel(ppinfo)
    /usr/lib/libcm_mgnt.so.0(docsis_GetUSChannel+0x76) [0xf7ca8c28]
    /usr/lib/libcm_tr181.so(CosaDmlCmGetUpstreamChannel+0x176) [0xf5d0f2f5]
    /usr/lib/libcm_tr181.so(PollDocsisInformations+0x279) [0xf5d0f58c]
    /usr/ccsp/../../lib/libpthread.so.0(+0x7f91) [0xf7f24f91]
    /usr/ccsp/../../lib/libc.so.6(clone+0x66) [0xf7bb2b96]

@@@docsis_GetNumOfActiveTxChannels(cnt)
    /usr/lib/libcm_mgnt.so.0(docsis_GetNumOfActiveTxChannels+0x76) [0xf7ca8b2a]
    /usr/lib/libcm_mgnt.so.0(docsis_GetUSChannel+0xe6) [0xf7ca8c98]
    /usr/lib/libcm_tr181.so(CosaDmlCmGetUpstreamChannel+0x176) [0xf5d0f2f5]
    /usr/lib/libcm_tr181.so(PollDocsisInformations+0x279) [0xf5d0f58c]
    /usr/ccsp/../../lib/libpthread.so.0(+0x7f91) [0xf7f24f91]
    /usr/ccsp/../../lib/libc.so.6(clone+0x66) [0xf7bb2b96]

@@@docsis_InitUS()
    /usr/lib/libcm_mgnt.so.0(docsis_InitUS+0x70) [0xf7ca852e]
    /usr/lib/libcm_mgnt.so.0(docsis_GetUSChannel+0x121) [0xf7ca8cd3]
    /usr/lib/libcm_tr181.so(CosaDmlCmGetUpstreamChannel+0x176) [0xf5d0f2f5]
    /usr/lib/libcm_tr181.so(PollDocsisInformations+0x279) [0xf5d0f58c]
    /usr/ccsp/../../lib/libpthread.so.0(+0x7f91) [0xf7f24f91]
    /usr/ccsp/../../lib/libc.so.6(clone+0x66) [0xf7bb2b96]

@@@docsis_GetUsStatus(i, pinfo)
    /usr/lib/libcm_mgnt.so.0(docsis_GetUsStatus+0x76) [0xf7ca8736]
    /usr/lib/libcm_mgnt.so.0(docsis_GetUSChannel+0x13c) [0xf7ca8cee]
    /usr/lib/libcm_tr181.so(CosaDmlCmGetUpstreamChannel+0x176) [0xf5d0f2f5]
    /usr/lib/libcm_tr181.so(PollDocsisInformations+0x279) [0xf5d0f58c]
    /usr/ccsp/../../lib/libpthread.so.0(+0x7f91) [0xf7f24f91]
    /usr/ccsp/../../lib/libc.so.6(clone+0x66) [0xf7bb2b96]

@@@cm_hal_Get_ErouterModeControl(initMode)
    /usr/lib/libcm_mgnt.so.0(cm_hal_Get_ErouterModeControl+0x76) [0xf7cac8b2]
    /usr/bin/CcspCMAgentSsp() [0x804d2c2]
    /usr/bin/CcspCMAgentSsp() [0x804e03b]
    /usr/lib/libgwprovappabs.so.0(+0x240e) [0xf7f0240e]
    /usr/ccsp/../../lib/libpthread.so.0(+0x7f91) [0xf7f24f91]
    /usr/ccsp/../../lib/libc.so.6(clone+0x66) [0xf7bb2b96]

@@@cm_hal_Get_ErouterModeControl(initMode)
    /usr/lib/libcm_mgnt.so.0(cm_hal_Get_ErouterModeControl+0x76) [0xf7cac8b2]
    /usr/bin/CcspCMAgentSsp() [0x8052f99]
    /usr/bin/CcspCMAgentSsp() [0x804e9fb]
    /usr/lib/libgwprovappabs.so.0(+0x2478) [0xf7f02478]
    /usr/ccsp/../../lib/libpthread.so.0(+0x7f91) [0xf7f24f91]
    /usr/ccsp/../../lib/libc.so.6(clone+0x66) [0xf7bb2b96]
