
@@@CcspHalEthSwGetPortEntry(PortId, pEthCfg)
    /usr/lib/libhal_ethsw.so.0(CcspHalEthSwGetPortEntry+0x7c) [0xf5fe032f]
    /usr/lib/libtr181.so(puma6_getEntry+0x37) [0xf605c728]
    /usr/lib/libtr181.so(CosaDmlEthPortGetEntry+0x7b) [0xf605bb31]
    /usr/lib/libtr181.so(CosaEthernetInitialize+0x83) [0xf60d23d1]
    /usr/lib/libtr181.so(CosaEthernetCreate+0x51) [0xf60d27ea]
    /usr/lib/libtr181.so(CosaBackEndManagerInitialize+0x141) [0xf60fc18b]
    /usr/lib/libtr181.so(COSA_Init+0x346) [0xf60fbf09]
    /usr/lib/libccsp_common.so.0(DslhDmagntLoadDataModelXMLInternal+0x127) [0xf7de41f2]
    /usr/lib/libccsp_common.so.0(DslhDmagntLoadDataModelXML2+0x32) [0xf7de4446]
    /usr/lib/libccsp_common.so.0(DslhCpecoLoadExternalDMLibFile2+0x28) [0xf7de60ac]
    /usr/lib/libccsp_common.so.0(DslhCpecoRegisterDataModelInternal+0x1ee) [0xf7de6736]
    /usr/lib/libccsp_common.so.0(DslhCpecoRegisterDataModel2+0x2c) [0xf7de6bae]
    /usr/bin/CcspPandMSsp(ssp_engage_pnm+0x13a) [0x804bda1]
    /usr/bin/CcspPandMSsp(cmd_dispatch+0x110) [0x804b8f4]
    /usr/bin/CcspPandMSsp(main+0x990) [0x804af50]
    /usr/ccsp/../../lib/libc.so.6(__libc_start_main+0xed) [0xf7b0ee2d]
    /usr/bin/CcspPandMSsp(_start+0x21) [0x804b271]

@@@CcspHalEthSwGetPortCfg(PortId, pLinkRate, pDuplexMode)
    /usr/lib/libhal_ethsw.so.0(CcspHalEthSwGetPortCfg+0x7c) [0xf5fde8d4]
    /usr/lib/libhal_ethsw.so.0(CcspHalEthSwGetPortEntry+0x107) [0xf5fe03ba]
    /usr/lib/libtr181.so(puma6_getEntry+0x37) [0xf605c728]
    /usr/lib/libtr181.so(CosaDmlEthPortGetEntry+0x7b) [0xf605bb31]
    /usr/lib/libtr181.so(CosaEthernetInitialize+0x83) [0xf60d23d1]
    /usr/lib/libtr181.so(CosaEthernetCreate+0x51) [0xf60d27ea]
    /usr/lib/libtr181.so(CosaBackEndManagerInitialize+0x141) [0xf60fc18b]
    /usr/lib/libtr181.so(COSA_Init+0x346) [0xf60fbf09]
    /usr/lib/libccsp_common.so.0(DslhDmagntLoadDataModelXMLInternal+0x127) [0xf7de41f2]
    /usr/lib/libccsp_common.so.0(DslhDmagntLoadDataModelXML2+0x32) [0xf7de4446]
    /usr/lib/libccsp_common.so.0(DslhCpecoLoadExternalDMLibFile2+0x28) [0xf7de60ac]
    /usr/lib/libccsp_common.so.0(DslhCpecoRegisterDataModelInternal+0x1ee) [0xf7de6736]
    /usr/lib/libccsp_common.so.0(DslhCpecoRegisterDataModel2+0x2c) [0xf7de6bae]
    /usr/bin/CcspPandMSsp(ssp_engage_pnm+0x13a) [0x804bda1]
    /usr/bin/CcspPandMSsp(cmd_dispatch+0x110) [0x804b8f4]
    /usr/bin/CcspPandMSsp(main+0x990) [0x804af50]
    /usr/ccsp/../../lib/libc.so.6(__libc_start_main+0xed) [0xf7b0ee2d]
    /usr/bin/CcspPandMSsp(_start+0x21) [0x804b271]

@@@CcspHalEthSwGetPortStatus(PortId, pLinkRate, pDuplexMode, pStatus)
    /usr/lib/libhal_ethsw.so.0(CcspHalEthSwGetPortStatus+0x85) [0xf5fde70a]
    /usr/lib/libhal_ethsw.so.0(CcspHalEthSwGetPortEntry+0x180) [0xf5fe0433]
    /usr/lib/libtr181.so(puma6_getEntry+0x37) [0xf605c728]
    /usr/lib/libtr181.so(CosaDmlEthPortGetEntry+0x7b) [0xf605bb31]
    /usr/lib/libtr181.so(CosaEthernetInitialize+0x83) [0xf60d23d1]
    /usr/lib/libtr181.so(CosaEthernetCreate+0x51) [0xf60d27ea]
    /usr/lib/libtr181.so(CosaBackEndManagerInitialize+0x141) [0xf60fc18b]
    /usr/lib/libtr181.so(COSA_Init+0x346) [0xf60fbf09]
    /usr/lib/libccsp_common.so.0(DslhDmagntLoadDataModelXMLInternal+0x127) [0xf7de41f2]
    /usr/lib/libccsp_common.so.0(DslhDmagntLoadDataModelXML2+0x32) [0xf7de4446]
    /usr/lib/libccsp_common.so.0(DslhCpecoLoadExternalDMLibFile2+0x28) [0xf7de60ac]
    /usr/lib/libccsp_common.so.0(DslhCpecoRegisterDataModelInternal+0x1ee) [0xf7de6736]
    /usr/lib/libccsp_common.so.0(DslhCpecoRegisterDataModel2+0x2c) [0xf7de6bae]
    /usr/bin/CcspPandMSsp(ssp_engage_pnm+0x13a) [0x804bda1]
    /usr/bin/CcspPandMSsp(cmd_dispatch+0x110) [0x804b8f4]
    /usr/bin/CcspPandMSsp(main+0x990) [0x804af50]
    /usr/ccsp/../../lib/libc.so.6(__libc_start_main+0xed) [0xf7b0ee2d]
    /usr/bin/CcspPandMSsp(_start+0x21) [0x804b271]

@@@CcspHalEthSwGetPortAdminStatus(PortId, pAdminStatus)
    /usr/lib/libhal_ethsw.so.0(CcspHalEthSwGetPortAdminStatus+0x76) [0xf5fdec56]
    /usr/lib/libhal_ethsw.so.0(CcspHalEthSwGetPortEntry+0x1dc) [0xf5fe048f]
    /usr/lib/libtr181.so(puma6_getEntry+0x37) [0xf605c728]
    /usr/lib/libtr181.so(CosaDmlEthPortGetEntry+0x7b) [0xf605bb31]
    /usr/lib/libtr181.so(CosaEthernetInitialize+0x83) [0xf60d23d1]
    /usr/lib/libtr181.so(CosaEthernetCreate+0x51) [0xf60d27ea]
    /usr/lib/libtr181.so(CosaBackEndManagerInitialize+0x141) [0xf60fc18b]
    /usr/lib/libtr181.so(COSA_Init+0x346) [0xf60fbf09]
    /usr/lib/libccsp_common.so.0(DslhDmagntLoadDataModelXMLInternal+0x127) [0xf7de41f2]
    /usr/lib/libccsp_common.so.0(DslhDmagntLoadDataModelXML2+0x32) [0xf7de4446]
    /usr/lib/libccsp_common.so.0(DslhCpecoLoadExternalDMLibFile2+0x28) [0xf7de60ac]
    /usr/lib/libccsp_common.so.0(DslhCpecoRegisterDataModelInternal+0x1ee) [0xf7de6736]
    /usr/lib/libccsp_common.so.0(DslhCpecoRegisterDataModel2+0x2c) [0xf7de6bae]
    /usr/bin/CcspPandMSsp(ssp_engage_pnm+0x13a) [0x804bda1]
    /usr/bin/CcspPandMSsp(cmd_dispatch+0x110) [0x804b8f4]
    /usr/bin/CcspPandMSsp(main+0x990) [0x804af50]
    /usr/ccsp/../../lib/libc.so.6(__libc_start_main+0xed) [0xf7b0ee2d]
    /usr/bin/CcspPandMSsp(_start+0x21) [0x804b271]

@@@CcspHalEthSwGetEEEPortEnable(PortId, enable)
    /usr/lib/libhal_ethsw.so.0(CcspHalEthSwGetEEEPortEnable+0x76) [0xf5fe0145]
    /usr/lib/libhal_ethsw.so.0(CcspHalEthSwGetPortEntry+0x23c) [0xf5fe04ef]
    /usr/lib/libtr181.so(puma6_getEntry+0x37) [0xf605c728]
    /usr/lib/libtr181.so(CosaDmlEthPortGetEntry+0x7b) [0xf605bb31]
    /usr/lib/libtr181.so(CosaEthernetInitialize+0x83) [0xf60d23d1]
    /usr/lib/libtr181.so(CosaEthernetCreate+0x51) [0xf60d27ea]
    /usr/lib/libtr181.so(CosaBackEndManagerInitialize+0x141) [0xf60fc18b]
    /usr/lib/libtr181.so(COSA_Init+0x346) [0xf60fbf09]
    /usr/lib/libccsp_common.so.0(DslhDmagntLoadDataModelXMLInternal+0x127) [0xf7de41f2]
    /usr/lib/libccsp_common.so.0(DslhDmagntLoadDataModelXML2+0x32) [0xf7de4446]
    /usr/lib/libccsp_common.so.0(DslhCpecoLoadExternalDMLibFile2+0x28) [0xf7de60ac]
    /usr/lib/libccsp_common.so.0(DslhCpecoRegisterDataModelInternal+0x1ee) [0xf7de6736]
    /usr/lib/libccsp_common.so.0(DslhCpecoRegisterDataModel2+0x2c) [0xf7de6bae]
    /usr/bin/CcspPandMSsp(ssp_engage_pnm+0x13a) [0x804bda1]
    /usr/bin/CcspPandMSsp(cmd_dispatch+0x110) [0x804b8f4]
    /usr/bin/CcspPandMSsp(main+0x990) [0x804af50]
    /usr/ccsp/../../lib/libc.so.6(__libc_start_main+0xed) [0xf7b0ee2d]
    /usr/bin/CcspPandMSsp(_start+0x21) [0x804b271]

@@@CcspHalEthSwGetPortEntry(PortId, pEthCfg)
    /usr/lib/libhal_ethsw.so.0(CcspHalEthSwGetPortEntry+0x7c) [0xf5fe032f]
    /usr/lib/libtr181.so(puma6_getEntry+0x37) [0xf605c728]
    /usr/lib/libtr181.so(CosaDmlEthPortGetEntry+0x7b) [0xf605bb31]
    /usr/lib/libtr181.so(CosaEthernetInitialize+0x83) [0xf60d23d1]
    /usr/lib/libtr181.so(CosaEthernetCreate+0x51) [0xf60d27ea]
    /usr/lib/libtr181.so(CosaBackEndManagerInitialize+0x141) [0xf60fc18b]
    /usr/lib/libtr181.so(COSA_Init+0x346) [0xf60fbf09]
    /usr/lib/libccsp_common.so.0(DslhDmagntLoadDataModelXMLInternal+0x127) [0xf7de41f2]
    /usr/lib/libccsp_common.so.0(DslhDmagntLoadDataModelXML2+0x32) [0xf7de4446]
    /usr/lib/libccsp_common.so.0(DslhCpecoLoadExternalDMLibFile2+0x28) [0xf7de60ac]
    /usr/lib/libccsp_common.so.0(DslhCpecoRegisterDataModelInternal+0x1ee) [0xf7de6736]
    /usr/lib/libccsp_common.so.0(DslhCpecoRegisterDataModel2+0x2c) [0xf7de6bae]
    /usr/bin/CcspPandMSsp(ssp_engage_pnm+0x13a) [0x804bda1]
    /usr/bin/CcspPandMSsp(cmd_dispatch+0x110) [0x804b8f4]
    /usr/bin/CcspPandMSsp(main+0x990) [0x804af50]
    /usr/ccsp/../../lib/libc.so.6(__libc_start_main+0xed) [0xf7b0ee2d]
    /usr/bin/CcspPandMSsp(_start+0x21) [0x804b271]

@@@CcspHalEthSwGetPortCfg(PortId, pLinkRate, pDuplexMode)
    /usr/lib/libhal_ethsw.so.0(CcspHalEthSwGetPortCfg+0x7c) [0xf5fde8d4]
    /usr/lib/libhal_ethsw.so.0(CcspHalEthSwGetPortEntry+0x107) [0xf5fe03ba]
    /usr/lib/libtr181.so(puma6_getEntry+0x37) [0xf605c728]
    /usr/lib/libtr181.so(CosaDmlEthPortGetEntry+0x7b) [0xf605bb31]
    /usr/lib/libtr181.so(CosaEthernetInitialize+0x83) [0xf60d23d1]
    /usr/lib/libtr181.so(CosaEthernetCreate+0x51) [0xf60d27ea]
    /usr/lib/libtr181.so(CosaBackEndManagerInitialize+0x141) [0xf60fc18b]
    /usr/lib/libtr181.so(COSA_Init+0x346) [0xf60fbf09]
    /usr/lib/libccsp_common.so.0(DslhDmagntLoadDataModelXMLInternal+0x127) [0xf7de41f2]
    /usr/lib/libccsp_common.so.0(DslhDmagntLoadDataModelXML2+0x32) [0xf7de4446]
    /usr/lib/libccsp_common.so.0(DslhCpecoLoadExternalDMLibFile2+0x28) [0xf7de60ac]
    /usr/lib/libccsp_common.so.0(DslhCpecoRegisterDataModelInternal+0x1ee) [0xf7de6736]
    /usr/lib/libccsp_common.so.0(DslhCpecoRegisterDataModel2+0x2c) [0xf7de6bae]
    /usr/bin/CcspPandMSsp(ssp_engage_pnm+0x13a) [0x804bda1]
    /usr/bin/CcspPandMSsp(cmd_dispatch+0x110) [0x804b8f4]
    /usr/bin/CcspPandMSsp(main+0x990) [0x804af50]
    /usr/ccsp/../../lib/libc.so.6(__libc_start_main+0xed) [0xf7b0ee2d]
    /usr/bin/CcspPandMSsp(_start+0x21) [0x804b271]

@@@CcspHalEthSwGetPortStatus(PortId, pLinkRate, pDuplexMode, pStatus)
    /usr/lib/libhal_ethsw.so.0(CcspHalEthSwGetPortStatus+0x85) [0xf5fde70a]
    /usr/lib/libhal_ethsw.so.0(CcspHalEthSwGetPortEntry+0x180) [0xf5fe0433]
    /usr/lib/libtr181.so(puma6_getEntry+0x37) [0xf605c728]
    /usr/lib/libtr181.so(CosaDmlEthPortGetEntry+0x7b) [0xf605bb31]
    /usr/lib/libtr181.so(CosaEthernetInitialize+0x83) [0xf60d23d1]
    /usr/lib/libtr181.so(CosaEthernetCreate+0x51) [0xf60d27ea]
    /usr/lib/libtr181.so(CosaBackEndManagerInitialize+0x141) [0xf60fc18b]
    /usr/lib/libtr181.so(COSA_Init+0x346) [0xf60fbf09]
    /usr/lib/libccsp_common.so.0(DslhDmagntLoadDataModelXMLInternal+0x127) [0xf7de41f2]
    /usr/lib/libccsp_common.so.0(DslhDmagntLoadDataModelXML2+0x32) [0xf7de4446]
    /usr/lib/libccsp_common.so.0(DslhCpecoLoadExternalDMLibFile2+0x28) [0xf7de60ac]
    /usr/lib/libccsp_common.so.0(DslhCpecoRegisterDataModelInternal+0x1ee) [0xf7de6736]
    /usr/lib/libccsp_common.so.0(DslhCpecoRegisterDataModel2+0x2c) [0xf7de6bae]
    /usr/bin/CcspPandMSsp(ssp_engage_pnm+0x13a) [0x804bda1]
    /usr/bin/CcspPandMSsp(cmd_dispatch+0x110) [0x804b8f4]
    /usr/bin/CcspPandMSsp(main+0x990) [0x804af50]
    /usr/ccsp/../../lib/libc.so.6(__libc_start_main+0xed) [0xf7b0ee2d]
    /usr/bin/CcspPandMSsp(_start+0x21) [0x804b271]

@@@CcspHalEthSwGetPortAdminStatus(PortId, pAdminStatus)
    /usr/lib/libhal_ethsw.so.0(CcspHalEthSwGetPortAdminStatus+0x76) [0xf5fdec56]
    /usr/lib/libhal_ethsw.so.0(CcspHalEthSwGetPortEntry+0x1dc) [0xf5fe048f]
    /usr/lib/libtr181.so(puma6_getEntry+0x37) [0xf605c728]
    /usr/lib/libtr181.so(CosaDmlEthPortGetEntry+0x7b) [0xf605bb31]
    /usr/lib/libtr181.so(CosaEthernetInitialize+0x83) [0xf60d23d1]
    /usr/lib/libtr181.so(CosaEthernetCreate+0x51) [0xf60d27ea]
    /usr/lib/libtr181.so(CosaBackEndManagerInitialize+0x141) [0xf60fc18b]
    /usr/lib/libtr181.so(COSA_Init+0x346) [0xf60fbf09]
    /usr/lib/libccsp_common.so.0(DslhDmagntLoadDataModelXMLInternal+0x127) [0xf7de41f2]
    /usr/lib/libccsp_common.so.0(DslhDmagntLoadDataModelXML2+0x32) [0xf7de4446]
    /usr/lib/libccsp_common.so.0(DslhCpecoLoadExternalDMLibFile2+0x28) [0xf7de60ac]
    /usr/lib/libccsp_common.so.0(DslhCpecoRegisterDataModelInternal+0x1ee) [0xf7de6736]
    /usr/lib/libccsp_common.so.0(DslhCpecoRegisterDataModel2+0x2c) [0xf7de6bae]
    /usr/bin/CcspPandMSsp(ssp_engage_pnm+0x13a) [0x804bda1]
    /usr/bin/CcspPandMSsp(cmd_dispatch+0x110) [0x804b8f4]
    /usr/bin/CcspPandMSsp(main+0x990) [0x804af50]
    /usr/ccsp/../../lib/libc.so.6(__libc_start_main+0xed) [0xf7b0ee2d]
    /usr/bin/CcspPandMSsp(_start+0x21) [0x804b271]

@@@CcspHalEthSwGetEEEPortEnable(PortId, enable)
    /usr/lib/libhal_ethsw.so.0(CcspHalEthSwGetEEEPortEnable+0x76) [0xf5fe0145]
    /usr/lib/libhal_ethsw.so.0(CcspHalEthSwGetPortEntry+0x23c) [0xf5fe04ef]
    /usr/lib/libtr181.so(puma6_getEntry+0x37) [0xf605c728]
    /usr/lib/libtr181.so(CosaDmlEthPortGetEntry+0x7b) [0xf605bb31]
    /usr/lib/libtr181.so(CosaEthernetInitialize+0x83) [0xf60d23d1]
    /usr/lib/libtr181.so(CosaEthernetCreate+0x51) [0xf60d27ea]
    /usr/lib/libtr181.so(CosaBackEndManagerInitialize+0x141) [0xf60fc18b]
    /usr/lib/libtr181.so(COSA_Init+0x346) [0xf60fbf09]
    /usr/lib/libccsp_common.so.0(DslhDmagntLoadDataModelXMLInternal+0x127) [0xf7de41f2]
    /usr/lib/libccsp_common.so.0(DslhDmagntLoadDataModelXML2+0x32) [0xf7de4446]
    /usr/lib/libccsp_common.so.0(DslhCpecoLoadExternalDMLibFile2+0x28) [0xf7de60ac]
    /usr/lib/libccsp_common.so.0(DslhCpecoRegisterDataModelInternal+0x1ee) [0xf7de6736]
    /usr/lib/libccsp_common.so.0(DslhCpecoRegisterDataModel2+0x2c) [0xf7de6bae]
    /usr/bin/CcspPandMSsp(ssp_engage_pnm+0x13a) [0x804bda1]
    /usr/bin/CcspPandMSsp(cmd_dispatch+0x110) [0x804b8f4]
    /usr/bin/CcspPandMSsp(main+0x990) [0x804af50]
    /usr/ccsp/../../lib/libc.so.6(__libc_start_main+0xed) [0xf7b0ee2d]
    /usr/bin/CcspPandMSsp(_start+0x21) [0x804b271]

@@@CcspHalEthSwGetPortEntry(PortId, pEthCfg)
    /usr/lib/libhal_ethsw.so.0(CcspHalEthSwGetPortEntry+0x7c) [0xf5fe032f]
    /usr/lib/libtr181.so(puma6_getEntry+0x37) [0xf605c728]
    /usr/lib/libtr181.so(CosaDmlEthPortGetEntry+0x7b) [0xf605bb31]
    /usr/lib/libtr181.so(CosaEthernetInitialize+0x83) [0xf60d23d1]
    /usr/lib/libtr181.so(CosaEthernetCreate+0x51) [0xf60d27ea]
    /usr/lib/libtr181.so(CosaBackEndManagerInitialize+0x141) [0xf60fc18b]
    /usr/lib/libtr181.so(COSA_Init+0x346) [0xf60fbf09]
    /usr/lib/libccsp_common.so.0(DslhDmagntLoadDataModelXMLInternal+0x127) [0xf7de41f2]
    /usr/lib/libccsp_common.so.0(DslhDmagntLoadDataModelXML2+0x32) [0xf7de4446]
    /usr/lib/libccsp_common.so.0(DslhCpecoLoadExternalDMLibFile2+0x28) [0xf7de60ac]
    /usr/lib/libccsp_common.so.0(DslhCpecoRegisterDataModelInternal+0x1ee) [0xf7de6736]
    /usr/lib/libccsp_common.so.0(DslhCpecoRegisterDataModel2+0x2c) [0xf7de6bae]
    /usr/bin/CcspPandMSsp(ssp_engage_pnm+0x13a) [0x804bda1]
    /usr/bin/CcspPandMSsp(cmd_dispatch+0x110) [0x804b8f4]
    /usr/bin/CcspPandMSsp(main+0x990) [0x804af50]
    /usr/ccsp/../../lib/libc.so.6(__libc_start_main+0xed) [0xf7b0ee2d]
    /usr/bin/CcspPandMSsp(_start+0x21) [0x804b271]

@@@CcspHalEthSwGetPortCfg(PortId, pLinkRate, pDuplexMode)
    /usr/lib/libhal_ethsw.so.0(CcspHalEthSwGetPortCfg+0x7c) [0xf5fde8d4]
    /usr/lib/libhal_ethsw.so.0(CcspHalEthSwGetPortEntry+0x107) [0xf5fe03ba]
    /usr/lib/libtr181.so(puma6_getEntry+0x37) [0xf605c728]
    /usr/lib/libtr181.so(CosaDmlEthPortGetEntry+0x7b) [0xf605bb31]
    /usr/lib/libtr181.so(CosaEthernetInitialize+0x83) [0xf60d23d1]
    /usr/lib/libtr181.so(CosaEthernetCreate+0x51) [0xf60d27ea]
    /usr/lib/libtr181.so(CosaBackEndManagerInitialize+0x141) [0xf60fc18b]
    /usr/lib/libtr181.so(COSA_Init+0x346) [0xf60fbf09]
    /usr/lib/libccsp_common.so.0(DslhDmagntLoadDataModelXMLInternal+0x127) [0xf7de41f2]
    /usr/lib/libccsp_common.so.0(DslhDmagntLoadDataModelXML2+0x32) [0xf7de4446]
    /usr/lib/libccsp_common.so.0(DslhCpecoLoadExternalDMLibFile2+0x28) [0xf7de60ac]
    /usr/lib/libccsp_common.so.0(DslhCpecoRegisterDataModelInternal+0x1ee) [0xf7de6736]
    /usr/lib/libccsp_common.so.0(DslhCpecoRegisterDataModel2+0x2c) [0xf7de6bae]
    /usr/bin/CcspPandMSsp(ssp_engage_pnm+0x13a) [0x804bda1]
    /usr/bin/CcspPandMSsp(cmd_dispatch+0x110) [0x804b8f4]
    /usr/bin/CcspPandMSsp(main+0x990) [0x804af50]
    /usr/ccsp/../../lib/libc.so.6(__libc_start_main+0xed) [0xf7b0ee2d]
    /usr/bin/CcspPandMSsp(_start+0x21) [0x804b271]

@@@CcspHalEthSwGetPortStatus(PortId, pLinkRate, pDuplexMode, pStatus)
    /usr/lib/libhal_ethsw.so.0(CcspHalEthSwGetPortStatus+0x85) [0xf5fde70a]
    /usr/lib/libhal_ethsw.so.0(CcspHalEthSwGetPortEntry+0x180) [0xf5fe0433]
    /usr/lib/libtr181.so(puma6_getEntry+0x37) [0xf605c728]
    /usr/lib/libtr181.so(CosaDmlEthPortGetEntry+0x7b) [0xf605bb31]
    /usr/lib/libtr181.so(CosaEthernetInitialize+0x83) [0xf60d23d1]
    /usr/lib/libtr181.so(CosaEthernetCreate+0x51) [0xf60d27ea]
    /usr/lib/libtr181.so(CosaBackEndManagerInitialize+0x141) [0xf60fc18b]
    /usr/lib/libtr181.so(COSA_Init+0x346) [0xf60fbf09]
    /usr/lib/libccsp_common.so.0(DslhDmagntLoadDataModelXMLInternal+0x127) [0xf7de41f2]
    /usr/lib/libccsp_common.so.0(DslhDmagntLoadDataModelXML2+0x32) [0xf7de4446]
    /usr/lib/libccsp_common.so.0(DslhCpecoLoadExternalDMLibFile2+0x28) [0xf7de60ac]
    /usr/lib/libccsp_common.so.0(DslhCpecoRegisterDataModelInternal+0x1ee) [0xf7de6736]
    /usr/lib/libccsp_common.so.0(DslhCpecoRegisterDataModel2+0x2c) [0xf7de6bae]
    /usr/bin/CcspPandMSsp(ssp_engage_pnm+0x13a) [0x804bda1]
    /usr/bin/CcspPandMSsp(cmd_dispatch+0x110) [0x804b8f4]
    /usr/bin/CcspPandMSsp(main+0x990) [0x804af50]
    /usr/ccsp/../../lib/libc.so.6(__libc_start_main+0xed) [0xf7b0ee2d]
    /usr/bin/CcspPandMSsp(_start+0x21) [0x804b271]

@@@CcspHalEthSwGetPortAdminStatus(PortId, pAdminStatus)
    /usr/lib/libhal_ethsw.so.0(CcspHalEthSwGetPortAdminStatus+0x76) [0xf5fdec56]
    /usr/lib/libhal_ethsw.so.0(CcspHalEthSwGetPortEntry+0x1dc) [0xf5fe048f]
    /usr/lib/libtr181.so(puma6_getEntry+0x37) [0xf605c728]
    /usr/lib/libtr181.so(CosaDmlEthPortGetEntry+0x7b) [0xf605bb31]
    /usr/lib/libtr181.so(CosaEthernetInitialize+0x83) [0xf60d23d1]
    /usr/lib/libtr181.so(CosaEthernetCreate+0x51) [0xf60d27ea]
    /usr/lib/libtr181.so(CosaBackEndManagerInitialize+0x141) [0xf60fc18b]
    /usr/lib/libtr181.so(COSA_Init+0x346) [0xf60fbf09]
    /usr/lib/libccsp_common.so.0(DslhDmagntLoadDataModelXMLInternal+0x127) [0xf7de41f2]
    /usr/lib/libccsp_common.so.0(DslhDmagntLoadDataModelXML2+0x32) [0xf7de4446]
    /usr/lib/libccsp_common.so.0(DslhCpecoLoadExternalDMLibFile2+0x28) [0xf7de60ac]
    /usr/lib/libccsp_common.so.0(DslhCpecoRegisterDataModelInternal+0x1ee) [0xf7de6736]
    /usr/lib/libccsp_common.so.0(DslhCpecoRegisterDataModel2+0x2c) [0xf7de6bae]
    /usr/bin/CcspPandMSsp(ssp_engage_pnm+0x13a) [0x804bda1]
    /usr/bin/CcspPandMSsp(cmd_dispatch+0x110) [0x804b8f4]
    /usr/bin/CcspPandMSsp(main+0x990) [0x804af50]
    /usr/ccsp/../../lib/libc.so.6(__libc_start_main+0xed) [0xf7b0ee2d]
    /usr/bin/CcspPandMSsp(_start+0x21) [0x804b271]

@@@CcspHalEthSwGetEEEPortEnable(PortId, enable)
    /usr/lib/libhal_ethsw.so.0(CcspHalEthSwGetEEEPortEnable+0x76) [0xf5fe0145]
    /usr/lib/libhal_ethsw.so.0(CcspHalEthSwGetPortEntry+0x23c) [0xf5fe04ef]
    /usr/lib/libtr181.so(puma6_getEntry+0x37) [0xf605c728]
    /usr/lib/libtr181.so(CosaDmlEthPortGetEntry+0x7b) [0xf605bb31]
    /usr/lib/libtr181.so(CosaEthernetInitialize+0x83) [0xf60d23d1]
    /usr/lib/libtr181.so(CosaEthernetCreate+0x51) [0xf60d27ea]
    /usr/lib/libtr181.so(CosaBackEndManagerInitialize+0x141) [0xf60fc18b]
    /usr/lib/libtr181.so(COSA_Init+0x346) [0xf60fbf09]
    /usr/lib/libccsp_common.so.0(DslhDmagntLoadDataModelXMLInternal+0x127) [0xf7de41f2]
    /usr/lib/libccsp_common.so.0(DslhDmagntLoadDataModelXML2+0x32) [0xf7de4446]
    /usr/lib/libccsp_common.so.0(DslhCpecoLoadExternalDMLibFile2+0x28) [0xf7de60ac]
    /usr/lib/libccsp_common.so.0(DslhCpecoRegisterDataModelInternal+0x1ee) [0xf7de6736]
    /usr/lib/libccsp_common.so.0(DslhCpecoRegisterDataModel2+0x2c) [0xf7de6bae]
    /usr/bin/CcspPandMSsp(ssp_engage_pnm+0x13a) [0x804bda1]
    /usr/bin/CcspPandMSsp(cmd_dispatch+0x110) [0x804b8f4]
    /usr/bin/CcspPandMSsp(main+0x990) [0x804af50]
    /usr/ccsp/../../lib/libc.so.6(__libc_start_main+0xed) [0xf7b0ee2d]
    /usr/bin/CcspPandMSsp(_start+0x21) [0x804b271]

@@@CcspHalEthSwGetPortEntry(PortId, pEthCfg)
    /usr/lib/libhal_ethsw.so.0(CcspHalEthSwGetPortEntry+0x7c) [0xf5fe032f]
    /usr/lib/libtr181.so(puma6_getEntry+0x37) [0xf605c728]
    /usr/lib/libtr181.so(CosaDmlEthPortGetEntry+0x7b) [0xf605bb31]
    /usr/lib/libtr181.so(CosaEthernetInitialize+0x83) [0xf60d23d1]
    /usr/lib/libtr181.so(CosaEthernetCreate+0x51) [0xf60d27ea]
    /usr/lib/libtr181.so(CosaBackEndManagerInitialize+0x141) [0xf60fc18b]
    /usr/lib/libtr181.so(COSA_Init+0x346) [0xf60fbf09]
    /usr/lib/libccsp_common.so.0(DslhDmagntLoadDataModelXMLInternal+0x127) [0xf7de41f2]
    /usr/lib/libccsp_common.so.0(DslhDmagntLoadDataModelXML2+0x32) [0xf7de4446]
    /usr/lib/libccsp_common.so.0(DslhCpecoLoadExternalDMLibFile2+0x28) [0xf7de60ac]
    /usr/lib/libccsp_common.so.0(DslhCpecoRegisterDataModelInternal+0x1ee) [0xf7de6736]
    /usr/lib/libccsp_common.so.0(DslhCpecoRegisterDataModel2+0x2c) [0xf7de6bae]
    /usr/bin/CcspPandMSsp(ssp_engage_pnm+0x13a) [0x804bda1]
    /usr/bin/CcspPandMSsp(cmd_dispatch+0x110) [0x804b8f4]
    /usr/bin/CcspPandMSsp(main+0x990) [0x804af50]
    /usr/ccsp/../../lib/libc.so.6(__libc_start_main+0xed) [0xf7b0ee2d]
    /usr/bin/CcspPandMSsp(_start+0x21) [0x804b271]

@@@CcspHalEthSwGetPortCfg(PortId, pLinkRate, pDuplexMode)
    /usr/lib/libhal_ethsw.so.0(CcspHalEthSwGetPortCfg+0x7c) [0xf5fde8d4]
    /usr/lib/libhal_ethsw.so.0(CcspHalEthSwGetPortEntry+0x107) [0xf5fe03ba]
    /usr/lib/libtr181.so(puma6_getEntry+0x37) [0xf605c728]
    /usr/lib/libtr181.so(CosaDmlEthPortGetEntry+0x7b) [0xf605bb31]
    /usr/lib/libtr181.so(CosaEthernetInitialize+0x83) [0xf60d23d1]
    /usr/lib/libtr181.so(CosaEthernetCreate+0x51) [0xf60d27ea]
    /usr/lib/libtr181.so(CosaBackEndManagerInitialize+0x141) [0xf60fc18b]
    /usr/lib/libtr181.so(COSA_Init+0x346) [0xf60fbf09]
    /usr/lib/libccsp_common.so.0(DslhDmagntLoadDataModelXMLInternal+0x127) [0xf7de41f2]
    /usr/lib/libccsp_common.so.0(DslhDmagntLoadDataModelXML2+0x32) [0xf7de4446]
    /usr/lib/libccsp_common.so.0(DslhCpecoLoadExternalDMLibFile2+0x28) [0xf7de60ac]
    /usr/lib/libccsp_common.so.0(DslhCpecoRegisterDataModelInternal+0x1ee) [0xf7de6736]
    /usr/lib/libccsp_common.so.0(DslhCpecoRegisterDataModel2+0x2c) [0xf7de6bae]
    /usr/bin/CcspPandMSsp(ssp_engage_pnm+0x13a) [0x804bda1]
    /usr/bin/CcspPandMSsp(cmd_dispatch+0x110) [0x804b8f4]
    /usr/bin/CcspPandMSsp(main+0x990) [0x804af50]
    /usr/ccsp/../../lib/libc.so.6(__libc_start_main+0xed) [0xf7b0ee2d]
    /usr/bin/CcspPandMSsp(_start+0x21) [0x804b271]

@@@CcspHalEthSwGetPortStatus(PortId, pLinkRate, pDuplexMode, pStatus)
    /usr/lib/libhal_ethsw.so.0(CcspHalEthSwGetPortStatus+0x85) [0xf5fde70a]
    /usr/lib/libhal_ethsw.so.0(CcspHalEthSwGetPortEntry+0x180) [0xf5fe0433]
    /usr/lib/libtr181.so(puma6_getEntry+0x37) [0xf605c728]
    /usr/lib/libtr181.so(CosaDmlEthPortGetEntry+0x7b) [0xf605bb31]
    /usr/lib/libtr181.so(CosaEthernetInitialize+0x83) [0xf60d23d1]
    /usr/lib/libtr181.so(CosaEthernetCreate+0x51) [0xf60d27ea]
    /usr/lib/libtr181.so(CosaBackEndManagerInitialize+0x141) [0xf60fc18b]
    /usr/lib/libtr181.so(COSA_Init+0x346) [0xf60fbf09]
    /usr/lib/libccsp_common.so.0(DslhDmagntLoadDataModelXMLInternal+0x127) [0xf7de41f2]
    /usr/lib/libccsp_common.so.0(DslhDmagntLoadDataModelXML2+0x32) [0xf7de4446]
    /usr/lib/libccsp_common.so.0(DslhCpecoLoadExternalDMLibFile2+0x28) [0xf7de60ac]
    /usr/lib/libccsp_common.so.0(DslhCpecoRegisterDataModelInternal+0x1ee) [0xf7de6736]
    /usr/lib/libccsp_common.so.0(DslhCpecoRegisterDataModel2+0x2c) [0xf7de6bae]
    /usr/bin/CcspPandMSsp(ssp_engage_pnm+0x13a) [0x804bda1]
    /usr/bin/CcspPandMSsp(cmd_dispatch+0x110) [0x804b8f4]
    /usr/bin/CcspPandMSsp(main+0x990) [0x804af50]
    /usr/ccsp/../../lib/libc.so.6(__libc_start_main+0xed) [0xf7b0ee2d]
    /usr/bin/CcspPandMSsp(_start+0x21) [0x804b271]

@@@CcspHalEthSwGetPortAdminStatus(PortId, pAdminStatus)
    /usr/lib/libhal_ethsw.so.0(CcspHalEthSwGetPortAdminStatus+0x76) [0xf5fdec56]
    /usr/lib/libhal_ethsw.so.0(CcspHalEthSwGetPortEntry+0x1dc) [0xf5fe048f]
    /usr/lib/libtr181.so(puma6_getEntry+0x37) [0xf605c728]
    /usr/lib/libtr181.so(CosaDmlEthPortGetEntry+0x7b) [0xf605bb31]
    /usr/lib/libtr181.so(CosaEthernetInitialize+0x83) [0xf60d23d1]
    /usr/lib/libtr181.so(CosaEthernetCreate+0x51) [0xf60d27ea]
    /usr/lib/libtr181.so(CosaBackEndManagerInitialize+0x141) [0xf60fc18b]
    /usr/lib/libtr181.so(COSA_Init+0x346) [0xf60fbf09]
    /usr/lib/libccsp_common.so.0(DslhDmagntLoadDataModelXMLInternal+0x127) [0xf7de41f2]
    /usr/lib/libccsp_common.so.0(DslhDmagntLoadDataModelXML2+0x32) [0xf7de4446]
    /usr/lib/libccsp_common.so.0(DslhCpecoLoadExternalDMLibFile2+0x28) [0xf7de60ac]
    /usr/lib/libccsp_common.so.0(DslhCpecoRegisterDataModelInternal+0x1ee) [0xf7de6736]
    /usr/lib/libccsp_common.so.0(DslhCpecoRegisterDataModel2+0x2c) [0xf7de6bae]
    /usr/bin/CcspPandMSsp(ssp_engage_pnm+0x13a) [0x804bda1]
    /usr/bin/CcspPandMSsp(cmd_dispatch+0x110) [0x804b8f4]
    /usr/bin/CcspPandMSsp(main+0x990) [0x804af50]
    /usr/ccsp/../../lib/libc.so.6(__libc_start_main+0xed) [0xf7b0ee2d]
    /usr/bin/CcspPandMSsp(_start+0x21) [0x804b271]

@@@CcspHalEthSwGetEEEPortEnable(PortId, enable)
    /usr/lib/libhal_ethsw.so.0(CcspHalEthSwGetEEEPortEnable+0x76) [0xf5fe0145]
    /usr/lib/libhal_ethsw.so.0(CcspHalEthSwGetPortEntry+0x23c) [0xf5fe04ef]
    /usr/lib/libtr181.so(puma6_getEntry+0x37) [0xf605c728]
    /usr/lib/libtr181.so(CosaDmlEthPortGetEntry+0x7b) [0xf605bb31]
    /usr/lib/libtr181.so(CosaEthernetInitialize+0x83) [0xf60d23d1]
    /usr/lib/libtr181.so(CosaEthernetCreate+0x51) [0xf60d27ea]
    /usr/lib/libtr181.so(CosaBackEndManagerInitialize+0x141) [0xf60fc18b]
    /usr/lib/libtr181.so(COSA_Init+0x346) [0xf60fbf09]
    /usr/lib/libccsp_common.so.0(DslhDmagntLoadDataModelXMLInternal+0x127) [0xf7de41f2]
    /usr/lib/libccsp_common.so.0(DslhDmagntLoadDataModelXML2+0x32) [0xf7de4446]
    /usr/lib/libccsp_common.so.0(DslhCpecoLoadExternalDMLibFile2+0x28) [0xf7de60ac]
    /usr/lib/libccsp_common.so.0(DslhCpecoRegisterDataModelInternal+0x1ee) [0xf7de6736]
    /usr/lib/libccsp_common.so.0(DslhCpecoRegisterDataModel2+0x2c) [0xf7de6bae]
    /usr/bin/CcspPandMSsp(ssp_engage_pnm+0x13a) [0x804bda1]
    /usr/bin/CcspPandMSsp(cmd_dispatch+0x110) [0x804b8f4]
    /usr/bin/CcspPandMSsp(main+0x990) [0x804af50]
    /usr/ccsp/../../lib/libc.so.6(__libc_start_main+0xed) [0xf7b0ee2d]
    /usr/bin/CcspPandMSsp(_start+0x21) [0x804b271]

@@@CcspHalExtSw_getEthWanEnable(pFlag)
    /usr/lib/libhal_ethsw.so.0(CcspHalExtSw_getEthWanEnable+0x76) [0xf7f024ee]
    /usr/bin/CcspEthAgent(CosaDmlEthWanGetCfg+0x28) [0x805738b]
    /usr/bin/CcspEthAgent(CosaEthernetInitialize+0xb6) [0x8052b8a]
    /usr/bin/CcspEthAgent(CosaEthernetCreate+0x51) [0x8052cd5]
    /usr/bin/CcspEthAgent(COSA_Init+0x78c) [0x8050947]
    /usr/lib/libccsp_common.so.0(DslhDmagntLoadDataModelXMLInternal+0x194) [0xf7d5925f]
    /usr/lib/libccsp_common.so.0(DslhDmagntLoadDataModelXML+0x55) [0xf7d593fb]
    /usr/lib/libccsp_common.so.0(DslhDmagntRegBaseDataModel+0x139) [0xf7d599f8]
    /usr/lib/libccsp_common.so.0(DslhCpecoRegisterDataModelInternal+0x124) [0xf7d5b66c]
    /usr/lib/libccsp_common.so.0(DslhCpecoRegisterDataModel2+0x2c) [0xf7d5bbae]
    /usr/bin/CcspEthAgent(ssp_engage+0x113) [0x804f9e5]
    /usr/bin/CcspEthAgent() [0x804f5c0]
    /usr/bin/CcspEthAgent(main+0x309) [0x804ee19]
    /usr/ccsp/../../lib/libc.so.6(__libc_start_main+0xed) [0xf7a9fe2d]
    /usr/bin/CcspEthAgent(_start+0x21) [0x804ef61]

@@@CcspHalExtSw_getEthWanPort(pPort)
    /usr/lib/libhal_ethsw.so.0(CcspHalExtSw_getEthWanPort+0x76) [0xf7f026d2]
    /usr/bin/CcspEthAgent(CosaDmlEthWanGetCfg+0x60) [0x80573c3]
    /usr/bin/CcspEthAgent(CosaEthernetInitialize+0xb6) [0x8052b8a]
    /usr/bin/CcspEthAgent(CosaEthernetCreate+0x51) [0x8052cd5]
    /usr/bin/CcspEthAgent(COSA_Init+0x78c) [0x8050947]
    /usr/lib/libccsp_common.so.0(DslhDmagntLoadDataModelXMLInternal+0x194) [0xf7d5925f]
    /usr/lib/libccsp_common.so.0(DslhDmagntLoadDataModelXML+0x55) [0xf7d593fb]
    /usr/lib/libccsp_common.so.0(DslhDmagntRegBaseDataModel+0x139) [0xf7d599f8]
    /usr/lib/libccsp_common.so.0(DslhCpecoRegisterDataModelInternal+0x124) [0xf7d5b66c]
    /usr/lib/libccsp_common.so.0(DslhCpecoRegisterDataModel2+0x2c) [0xf7d5bbae]
    /usr/bin/CcspEthAgent(ssp_engage+0x113) [0x804f9e5]
    /usr/bin/CcspEthAgent() [0x804f5c0]
    /usr/bin/CcspEthAgent(main+0x309) [0x804ee19]
    /usr/ccsp/../../lib/libc.so.6(__libc_start_main+0xed) [0xf7a9fe2d]
    /usr/bin/CcspEthAgent(_start+0x21) [0x804ef61]

@@@GWP_RegisterEthWan_Callback(obj)
    /usr/lib/libhal_ethsw.so.0(GWP_RegisterEthWan_Callback+0x7c) [0xf7f028bf]
    /usr/bin/CcspEthAgent(CosaEthernetInitialize+0xd1) [0x8052ba5]
    /usr/bin/CcspEthAgent(CosaEthernetCreate+0x51) [0x8052cd5]
    /usr/bin/CcspEthAgent(COSA_Init+0x78c) [0x8050947]
    /usr/lib/libccsp_common.so.0(DslhDmagntLoadDataModelXMLInternal+0x194) [0xf7d5925f]
    /usr/lib/libccsp_common.so.0(DslhDmagntLoadDataModelXML+0x55) [0xf7d593fb]
    /usr/lib/libccsp_common.so.0(DslhDmagntRegBaseDataModel+0x139) [0xf7d599f8]
    /usr/lib/libccsp_common.so.0(DslhCpecoRegisterDataModelInternal+0x124) [0xf7d5b66c]
    /usr/lib/libccsp_common.so.0(DslhCpecoRegisterDataModel2+0x2c) [0xf7d5bbae]
    /usr/bin/CcspEthAgent(ssp_engage+0x113) [0x804f9e5]
    /usr/bin/CcspEthAgent() [0x804f5c0]
    /usr/bin/CcspEthAgent(main+0x309) [0x804ee19]
    /usr/ccsp/../../lib/libc.so.6(__libc_start_main+0xed) [0xf7a9fe2d]
    /usr/bin/CcspEthAgent(_start+0x21) [0x804ef61]

@@@GWP_GetEthWanInterfaceName(Interface, maxSize)
    /usr/lib/libhal_ethsw.so.0(GWP_GetEthWanInterfaceName+0x76) [0xf7f02b60]
    /usr/bin/CcspEthAgent() [0x80565d5]
    /usr/bin/CcspEthAgent(CosaDmlEthInit+0x87) [0x805b4c2]
    /usr/bin/CcspEthAgent(CosaEthernetInitialize+0xde) [0x8052bb2]
    /usr/bin/CcspEthAgent(CosaEthernetCreate+0x51) [0x8052cd5]
    /usr/bin/CcspEthAgent(COSA_Init+0x78c) [0x8050947]
    /usr/lib/libccsp_common.so.0(DslhDmagntLoadDataModelXMLInternal+0x194) [0xf7d5925f]
    /usr/lib/libccsp_common.so.0(DslhDmagntLoadDataModelXML+0x55) [0xf7d593fb]
    /usr/lib/libccsp_common.so.0(DslhDmagntRegBaseDataModel+0x139) [0xf7d599f8]
    /usr/lib/libccsp_common.so.0(DslhCpecoRegisterDataModelInternal+0x124) [0xf7d5b66c]
    /usr/lib/libccsp_common.so.0(DslhCpecoRegisterDataModel2+0x2c) [0xf7d5bbae]
    /usr/bin/CcspEthAgent(ssp_engage+0x113) [0x804f9e5]
    /usr/bin/CcspEthAgent() [0x804f5c0]
    /usr/bin/CcspEthAgent(main+0x309) [0x804ee19]
    /usr/ccsp/../../lib/libc.so.6(__libc_start_main+0xed) [0xf7a9fe2d]
    /usr/bin/CcspEthAgent(_start+0x21) [0x804ef61]

@@@CcspHalEthSwInit()
    /usr/lib/libhal_ethsw.so.0(CcspHalEthSwInit+0x70) [0xf7f015f6]
    /usr/bin/CcspEthAgent(CosaDmlEthInit+0x164) [0x805b59f]
    /usr/bin/CcspEthAgent(CosaEthernetInitialize+0xde) [0x8052bb2]
    /usr/bin/CcspEthAgent(CosaEthernetCreate+0x51) [0x8052cd5]
    /usr/bin/CcspEthAgent(COSA_Init+0x78c) [0x8050947]
    /usr/lib/libccsp_common.so.0(DslhDmagntLoadDataModelXMLInternal+0x194) [0xf7d5925f]
    /usr/lib/libccsp_common.so.0(DslhDmagntLoadDataModelXML+0x55) [0xf7d593fb]
    /usr/lib/libccsp_common.so.0(DslhDmagntRegBaseDataModel+0x139) [0xf7d599f8]
    /usr/lib/libccsp_common.so.0(DslhCpecoRegisterDataModelInternal+0x124) [0xf7d5b66c]
    /usr/lib/libccsp_common.so.0(DslhCpecoRegisterDataModel2+0x2c) [0xf7d5bbae]
    /usr/bin/CcspEthAgent(ssp_engage+0x113) [0x804f9e5]
    /usr/bin/CcspEthAgent() [0x804f5c0]
    /usr/bin/CcspEthAgent(main+0x309) [0x804ee19]
    /usr/ccsp/../../lib/libc.so.6(__libc_start_main+0xed) [0xf7a9fe2d]
    /usr/bin/CcspEthAgent(_start+0x21) [0x804ef61]

@@@CcspHalEthSwGetPortAdminStatus(PortId, pAdminStatus)
    /usr/lib/libhal_ethsw.so.0(CcspHalEthSwGetPortAdminStatus+0x76) [0xf7f01c56]
    /usr/bin/CcspEthAgent() [0x805d907]
    /usr/bin/CcspEthAgent(CosaDmlEthPortGetEntry+0x4f) [0x805d191]
    /usr/bin/CcspEthAgent(CosaEthInterfaceInitialize+0x67) [0x8052068]
    /usr/bin/CcspEthAgent(CosaEthInterfaceCreate+0x51) [0x8052140]
    /usr/bin/CcspEthAgent(CosaBackEndManagerInitialize+0x15) [0x8050a30]
    /usr/bin/CcspEthAgent(COSA_Init+0x7ba) [0x8050975]
    /usr/lib/libccsp_common.so.0(DslhDmagntLoadDataModelXMLInternal+0x194) [0xf7d5925f]
    /usr/lib/libccsp_common.so.0(DslhDmagntLoadDataModelXML+0x55) [0xf7d593fb]
    /usr/lib/libccsp_common.so.0(DslhDmagntRegBaseDataModel+0x139) [0xf7d599f8]
    /usr/lib/libccsp_common.so.0(DslhCpecoRegisterDataModelInternal+0x124) [0xf7d5b66c]
    /usr/lib/libccsp_common.so.0(DslhCpecoRegisterDataModel2+0x2c) [0xf7d5bbae]
    /usr/bin/CcspEthAgent(ssp_engage+0x113) [0x804f9e5]
    /usr/bin/CcspEthAgent() [0x804f5c0]
    /usr/bin/CcspEthAgent(main+0x309) [0x804ee19]
    /usr/ccsp/../../lib/libc.so.6(__libc_start_main+0xed) [0xf7a9fe2d]
    /usr/bin/CcspEthAgent(_start+0x21) [0x804ef61]

@@@CcspHalEthSwGetPortCfg(PortId, pLinkRate, pDuplexMode)
    /usr/lib/libhal_ethsw.so.0(CcspHalEthSwGetPortCfg+0x7c) [0xf7f018d4]
    /usr/bin/CcspEthAgent() [0x805d928]
    /usr/bin/CcspEthAgent(CosaDmlEthPortGetEntry+0x4f) [0x805d191]
    /usr/bin/CcspEthAgent(CosaEthInterfaceInitialize+0x67) [0x8052068]
    /usr/bin/CcspEthAgent(CosaEthInterfaceCreate+0x51) [0x8052140]
    /usr/bin/CcspEthAgent(CosaBackEndManagerInitialize+0x15) [0x8050a30]
    /usr/bin/CcspEthAgent(COSA_Init+0x7ba) [0x8050975]
    /usr/lib/libccsp_common.so.0(DslhDmagntLoadDataModelXMLInternal+0x194) [0xf7d5925f]
    /usr/lib/libccsp_common.so.0(DslhDmagntLoadDataModelXML+0x55) [0xf7d593fb]
    /usr/lib/libccsp_common.so.0(DslhDmagntRegBaseDataModel+0x139) [0xf7d599f8]
    /usr/lib/libccsp_common.so.0(DslhCpecoRegisterDataModelInternal+0x124) [0xf7d5b66c]
    /usr/lib/libccsp_common.so.0(DslhCpecoRegisterDataModel2+0x2c) [0xf7d5bbae]
    /usr/bin/CcspEthAgent(ssp_engage+0x113) [0x804f9e5]
    /usr/bin/CcspEthAgent() [0x804f5c0]
    /usr/bin/CcspEthAgent(main+0x309) [0x804ee19]
    /usr/ccsp/../../lib/libc.so.6(__libc_start_main+0xed) [0xf7a9fe2d]
    /usr/bin/CcspEthAgent(_start+0x21) [0x804ef61]

@@@CcspHalEthSwGetPortStatus(PortId, pLinkRate, pDuplexMode, pStatus)
    /usr/lib/libhal_ethsw.so.0(CcspHalEthSwGetPortStatus+0x85) [0xf7f0170a]
    /usr/bin/CcspEthAgent() [0x805cb2b]
    /usr/bin/CcspEthAgent(CosaDmlEthPortGetEntry+0x82) [0x805d1c4]
    /usr/bin/CcspEthAgent(CosaEthInterfaceInitialize+0x67) [0x8052068]
    /usr/bin/CcspEthAgent(CosaEthInterfaceCreate+0x51) [0x8052140]
    /usr/bin/CcspEthAgent(CosaBackEndManagerInitialize+0x15) [0x8050a30]
    /usr/bin/CcspEthAgent(COSA_Init+0x7ba) [0x8050975]
    /usr/lib/libccsp_common.so.0(DslhDmagntLoadDataModelXMLInternal+0x194) [0xf7d5925f]
    /usr/lib/libccsp_common.so.0(DslhDmagntLoadDataModelXML+0x55) [0xf7d593fb]
    /usr/lib/libccsp_common.so.0(DslhDmagntRegBaseDataModel+0x139) [0xf7d599f8]
    /usr/lib/libccsp_common.so.0(DslhCpecoRegisterDataModelInternal+0x124) [0xf7d5b66c]
    /usr/lib/libccsp_common.so.0(DslhCpecoRegisterDataModel2+0x2c) [0xf7d5bbae]
    /usr/bin/CcspEthAgent(ssp_engage+0x113) [0x804f9e5]
    /usr/bin/CcspEthAgent() [0x804f5c0]
    /usr/bin/CcspEthAgent(main+0x309) [0x804ee19]
    /usr/ccsp/../../lib/libc.so.6(__libc_start_main+0xed) [0xf7a9fe2d]
    /usr/bin/CcspEthAgent(_start+0x21) [0x804ef61]

@@@CcspHalExtSw_getAssociatedDevice(output_array_size, output_struct)
    /usr/lib/libhal_ethsw.so.0(CcspHalExtSw_getAssociatedDevice+0x82) [0xf7f022ac]
    /usr/bin/CcspEthAgent(CcspHalExtSw_AssociatedDeviceMonitorThread+0x4b) [0x805c4d9]
    /usr/ccsp/../../lib/libpthread.so.0(+0x7f91) [0xf7c69f91]
    /usr/ccsp/../../lib/libc.so.6(clone+0x66) [0xf7b7fb96]

@@@CcspHalEthSwGetPortAdminStatus(PortId, pAdminStatus)
    /usr/lib/libhal_ethsw.so.0(CcspHalEthSwGetPortAdminStatus+0x76) [0xf7f01c56]
    /usr/bin/CcspEthAgent() [0x805d907]
    /usr/bin/CcspEthAgent(CosaDmlEthPortGetEntry+0x4f) [0x805d191]
    /usr/bin/CcspEthAgent(CosaEthInterfaceInitialize+0x67) [0x8052068]
    /usr/bin/CcspEthAgent(CosaEthInterfaceCreate+0x51) [0x8052140]
    /usr/bin/CcspEthAgent(CosaBackEndManagerInitialize+0x15) [0x8050a30]
    /usr/bin/CcspEthAgent(COSA_Init+0x7ba) [0x8050975]
    /usr/lib/libccsp_common.so.0(DslhDmagntLoadDataModelXMLInternal+0x194) [0xf7d5925f]
    /usr/lib/libccsp_common.so.0(DslhDmagntLoadDataModelXML+0x55) [0xf7d593fb]
    /usr/lib/libccsp_common.so.0(DslhDmagntRegBaseDataModel+0x139) [0xf7d599f8]
    /usr/lib/libccsp_common.so.0(DslhCpecoRegisterDataModelInternal+0x124) [0xf7d5b66c]
    /usr/lib/libccsp_common.so.0(DslhCpecoRegisterDataModel2+0x2c) [0xf7d5bbae]
    /usr/bin/CcspEthAgent(ssp_engage+0x113) [0x804f9e5]
    /usr/bin/CcspEthAgent() [0x804f5c0]
    /usr/bin/CcspEthAgent(main+0x309) [0x804ee19]
    /usr/ccsp/../../lib/libc.so.6(__libc_start_main+0xed) [0xf7a9fe2d]
    /usr/bin/CcspEthAgent(_start+0x21) [0x804ef61]

@@@CcspHalEthSwGetPortCfg(PortId, pLinkRate, pDuplexMode)
    /usr/lib/libhal_ethsw.so.0(CcspHalEthSwGetPortCfg+0x7c) [0xf7f018d4]
    /usr/bin/CcspEthAgent() [0x805d928]
    /usr/bin/CcspEthAgent(CosaDmlEthPortGetEntry+0x4f) [0x805d191]
    /usr/bin/CcspEthAgent(CosaEthInterfaceInitialize+0x67) [0x8052068]
    /usr/bin/CcspEthAgent(CosaEthInterfaceCreate+0x51) [0x8052140]
    /usr/bin/CcspEthAgent(CosaBackEndManagerInitialize+0x15) [0x8050a30]
    /usr/bin/CcspEthAgent(COSA_Init+0x7ba) [0x8050975]
    /usr/lib/libccsp_common.so.0(DslhDmagntLoadDataModelXMLInternal+0x194) [0xf7d5925f]
    /usr/lib/libccsp_common.so.0(DslhDmagntLoadDataModelXML+0x55) [0xf7d593fb]
    /usr/lib/libccsp_common.so.0(DslhDmagntRegBaseDataModel+0x139) [0xf7d599f8]
    /usr/lib/libccsp_common.so.0(DslhCpecoRegisterDataModelInternal+0x124) [0xf7d5b66c]
    /usr/lib/libccsp_common.so.0(DslhCpecoRegisterDataModel2+0x2c) [0xf7d5bbae]
    /usr/bin/CcspEthAgent(ssp_engage+0x113) [0x804f9e5]
    /usr/bin/CcspEthAgent() [0x804f5c0]
    /usr/bin/CcspEthAgent(main+0x309) [0x804ee19]
    /usr/ccsp/../../lib/libc.so.6(__libc_start_main+0xed) [0xf7a9fe2d]
    /usr/bin/CcspEthAgent(_start+0x21) [0x804ef61]

@@@CcspHalEthSwGetPortStatus(PortId, pLinkRate, pDuplexMode, pStatus)
    /usr/lib/libhal_ethsw.so.0(CcspHalEthSwGetPortStatus+0x85) [0xf7f0170a]
    /usr/bin/CcspEthAgent() [0x805cb2b]
    /usr/bin/CcspEthAgent(CosaDmlEthPortGetEntry+0x82) [0x805d1c4]
    /usr/bin/CcspEthAgent(CosaEthInterfaceInitialize+0x67) [0x8052068]
    /usr/bin/CcspEthAgent(CosaEthInterfaceCreate+0x51) [0x8052140]
    /usr/bin/CcspEthAgent(CosaBackEndManagerInitialize+0x15) [0x8050a30]
    /usr/bin/CcspEthAgent(COSA_Init+0x7ba) [0x8050975]
    /usr/lib/libccsp_common.so.0(DslhDmagntLoadDataModelXMLInternal+0x194) [0xf7d5925f]
    /usr/lib/libccsp_common.so.0(DslhDmagntLoadDataModelXML+0x55) [0xf7d593fb]
    /usr/lib/libccsp_common.so.0(DslhDmagntRegBaseDataModel+0x139) [0xf7d599f8]
    /usr/lib/libccsp_common.so.0(DslhCpecoRegisterDataModelInternal+0x124) [0xf7d5b66c]
    /usr/lib/libccsp_common.so.0(DslhCpecoRegisterDataModel2+0x2c) [0xf7d5bbae]
    /usr/bin/CcspEthAgent(ssp_engage+0x113) [0x804f9e5]
    /usr/bin/CcspEthAgent() [0x804f5c0]
    /usr/bin/CcspEthAgent(main+0x309) [0x804ee19]
    /usr/ccsp/../../lib/libc.so.6(__libc_start_main+0xed) [0xf7a9fe2d]
    /usr/bin/CcspEthAgent(_start+0x21) [0x804ef61]

@@@CcspHalEthSwGetPortAdminStatus(PortId, pAdminStatus)
    /usr/lib/libhal_ethsw.so.0(CcspHalEthSwGetPortAdminStatus+0x76) [0xf7f01c56]
    /usr/bin/CcspEthAgent() [0x805d907]
    /usr/bin/CcspEthAgent(CosaDmlEthPortGetEntry+0x4f) [0x805d191]
    /usr/bin/CcspEthAgent(CosaEthInterfaceInitialize+0x67) [0x8052068]
    /usr/bin/CcspEthAgent(CosaEthInterfaceCreate+0x51) [0x8052140]
    /usr/bin/CcspEthAgent(CosaBackEndManagerInitialize+0x15) [0x8050a30]
    /usr/bin/CcspEthAgent(COSA_Init+0x7ba) [0x8050975]
    /usr/lib/libccsp_common.so.0(DslhDmagntLoadDataModelXMLInternal+0x194) [0xf7d5925f]
    /usr/lib/libccsp_common.so.0(DslhDmagntLoadDataModelXML+0x55) [0xf7d593fb]
    /usr/lib/libccsp_common.so.0(DslhDmagntRegBaseDataModel+0x139) [0xf7d599f8]
    /usr/lib/libccsp_common.so.0(DslhCpecoRegisterDataModelInternal+0x124) [0xf7d5b66c]
    /usr/lib/libccsp_common.so.0(DslhCpecoRegisterDataModel2+0x2c) [0xf7d5bbae]
    /usr/bin/CcspEthAgent(ssp_engage+0x113) [0x804f9e5]
    /usr/bin/CcspEthAgent() [0x804f5c0]
    /usr/bin/CcspEthAgent(main+0x309) [0x804ee19]
    /usr/ccsp/../../lib/libc.so.6(__libc_start_main+0xed) [0xf7a9fe2d]
    /usr/bin/CcspEthAgent(_start+0x21) [0x804ef61]

@@@CcspHalEthSwGetPortCfg(PortId, pLinkRate, pDuplexMode)
    /usr/lib/libhal_ethsw.so.0(CcspHalEthSwGetPortCfg+0x7c) [0xf7f018d4]
    /usr/bin/CcspEthAgent() [0x805d928]
    /usr/bin/CcspEthAgent(CosaDmlEthPortGetEntry+0x4f) [0x805d191]
    /usr/bin/CcspEthAgent(CosaEthInterfaceInitialize+0x67) [0x8052068]
    /usr/bin/CcspEthAgent(CosaEthInterfaceCreate+0x51) [0x8052140]
    /usr/bin/CcspEthAgent(CosaBackEndManagerInitialize+0x15) [0x8050a30]
    /usr/bin/CcspEthAgent(COSA_Init+0x7ba) [0x8050975]
    /usr/lib/libccsp_common.so.0(DslhDmagntLoadDataModelXMLInternal+0x194) [0xf7d5925f]
    /usr/lib/libccsp_common.so.0(DslhDmagntLoadDataModelXML+0x55) [0xf7d593fb]
    /usr/lib/libccsp_common.so.0(DslhDmagntRegBaseDataModel+0x139) [0xf7d599f8]
    /usr/lib/libccsp_common.so.0(DslhCpecoRegisterDataModelInternal+0x124) [0xf7d5b66c]
    /usr/lib/libccsp_common.so.0(DslhCpecoRegisterDataModel2+0x2c) [0xf7d5bbae]
    /usr/bin/CcspEthAgent(ssp_engage+0x113) [0x804f9e5]
    /usr/bin/CcspEthAgent() [0x804f5c0]
    /usr/bin/CcspEthAgent(main+0x309) [0x804ee19]
    /usr/ccsp/../../lib/libc.so.6(__libc_start_main+0xed) [0xf7a9fe2d]
    /usr/bin/CcspEthAgent(_start+0x21) [0x804ef61]

@@@CcspHalEthSwGetPortStatus(PortId, pLinkRate, pDuplexMode, pStatus)
    /usr/lib/libhal_ethsw.so.0(CcspHalEthSwGetPortStatus+0x85) [0xf7f0170a]
    /usr/bin/CcspEthAgent() [0x805cb2b]
    /usr/bin/CcspEthAgent(CosaDmlEthPortGetEntry+0x82) [0x805d1c4]
    /usr/bin/CcspEthAgent(CosaEthInterfaceInitialize+0x67) [0x8052068]
    /usr/bin/CcspEthAgent(CosaEthInterfaceCreate+0x51) [0x8052140]
    /usr/bin/CcspEthAgent(CosaBackEndManagerInitialize+0x15) [0x8050a30]
    /usr/bin/CcspEthAgent(COSA_Init+0x7ba) [0x8050975]
    /usr/lib/libccsp_common.so.0(DslhDmagntLoadDataModelXMLInternal+0x194) [0xf7d5925f]
    /usr/lib/libccsp_common.so.0(DslhDmagntLoadDataModelXML+0x55) [0xf7d593fb]
    /usr/lib/libccsp_common.so.0(DslhDmagntRegBaseDataModel+0x139) [0xf7d599f8]
    /usr/lib/libccsp_common.so.0(DslhCpecoRegisterDataModelInternal+0x124) [0xf7d5b66c]
    /usr/lib/libccsp_common.so.0(DslhCpecoRegisterDataModel2+0x2c) [0xf7d5bbae]
    /usr/bin/CcspEthAgent(ssp_engage+0x113) [0x804f9e5]
    /usr/bin/CcspEthAgent() [0x804f5c0]
    /usr/bin/CcspEthAgent(main+0x309) [0x804ee19]
    /usr/ccsp/../../lib/libc.so.6(__libc_start_main+0xed) [0xf7a9fe2d]
    /usr/bin/CcspEthAgent(_start+0x21) [0x804ef61]

@@@CcspHalEthSwGetPortAdminStatus(PortId, pAdminStatus)
    /usr/lib/libhal_ethsw.so.0(CcspHalEthSwGetPortAdminStatus+0x76) [0xf7f01c56]
    /usr/bin/CcspEthAgent() [0x805d907]
    /usr/bin/CcspEthAgent(CosaDmlEthPortGetEntry+0x4f) [0x805d191]
    /usr/bin/CcspEthAgent(CosaEthInterfaceInitialize+0x67) [0x8052068]
    /usr/bin/CcspEthAgent(CosaEthInterfaceCreate+0x51) [0x8052140]
    /usr/bin/CcspEthAgent(CosaBackEndManagerInitialize+0x15) [0x8050a30]
    /usr/bin/CcspEthAgent(COSA_Init+0x7ba) [0x8050975]
    /usr/lib/libccsp_common.so.0(DslhDmagntLoadDataModelXMLInternal+0x194) [0xf7d5925f]
    /usr/lib/libccsp_common.so.0(DslhDmagntLoadDataModelXML+0x55) [0xf7d593fb]
    /usr/lib/libccsp_common.so.0(DslhDmagntRegBaseDataModel+0x139) [0xf7d599f8]
    /usr/lib/libccsp_common.so.0(DslhCpecoRegisterDataModelInternal+0x124) [0xf7d5b66c]
    /usr/lib/libccsp_common.so.0(DslhCpecoRegisterDataModel2+0x2c) [0xf7d5bbae]
    /usr/bin/CcspEthAgent(ssp_engage+0x113) [0x804f9e5]
    /usr/bin/CcspEthAgent() [0x804f5c0]
    /usr/bin/CcspEthAgent(main+0x309) [0x804ee19]
    /usr/ccsp/../../lib/libc.so.6(__libc_start_main+0xed) [0xf7a9fe2d]
    /usr/bin/CcspEthAgent(_start+0x21) [0x804ef61]

@@@CcspHalEthSwGetPortCfg(PortId, pLinkRate, pDuplexMode)
    /usr/lib/libhal_ethsw.so.0(CcspHalEthSwGetPortCfg+0x7c) [0xf7f018d4]
    /usr/bin/CcspEthAgent() [0x805d928]
    /usr/bin/CcspEthAgent(CosaDmlEthPortGetEntry+0x4f) [0x805d191]
    /usr/bin/CcspEthAgent(CosaEthInterfaceInitialize+0x67) [0x8052068]
    /usr/bin/CcspEthAgent(CosaEthInterfaceCreate+0x51) [0x8052140]
    /usr/bin/CcspEthAgent(CosaBackEndManagerInitialize+0x15) [0x8050a30]
    /usr/bin/CcspEthAgent(COSA_Init+0x7ba) [0x8050975]
    /usr/lib/libccsp_common.so.0(DslhDmagntLoadDataModelXMLInternal+0x194) [0xf7d5925f]
    /usr/lib/libccsp_common.so.0(DslhDmagntLoadDataModelXML+0x55) [0xf7d593fb]
    /usr/lib/libccsp_common.so.0(DslhDmagntRegBaseDataModel+0x139) [0xf7d599f8]
    /usr/lib/libccsp_common.so.0(DslhCpecoRegisterDataModelInternal+0x124) [0xf7d5b66c]
    /usr/lib/libccsp_common.so.0(DslhCpecoRegisterDataModel2+0x2c) [0xf7d5bbae]
    /usr/bin/CcspEthAgent(ssp_engage+0x113) [0x804f9e5]
    /usr/bin/CcspEthAgent() [0x804f5c0]
    /usr/bin/CcspEthAgent(main+0x309) [0x804ee19]
    /usr/ccsp/../../lib/libc.so.6(__libc_start_main+0xed) [0xf7a9fe2d]
    /usr/bin/CcspEthAgent(_start+0x21) [0x804ef61]

@@@CcspHalEthSwSetEEEPortEnable(PortId, enable)
    /usr/lib/libhal_ethsw.so.0(CcspHalEthSwSetEEEPortEnable+0x70) [0xf7f0323a]
    /usr/bin/CcspEthAgent(CosaDmlEEEPortSetCfg+0x3a) [0x805d727]
    /usr/bin/CcspEthAgent() [0x805d9f0]
    /usr/bin/CcspEthAgent(CosaDmlEthPortGetEntry+0x4f) [0x805d191]
    /usr/bin/CcspEthAgent(CosaEthInterfaceInitialize+0x67) [0x8052068]
    /usr/bin/CcspEthAgent(CosaEthInterfaceCreate+0x51) [0x8052140]
    /usr/bin/CcspEthAgent(CosaBackEndManagerInitialize+0x15) [0x8050a30]
    /usr/bin/CcspEthAgent(COSA_Init+0x7ba) [0x8050975]
    /usr/lib/libccsp_common.so.0(DslhDmagntLoadDataModelXMLInternal+0x194) [0xf7d5925f]
    /usr/lib/libccsp_common.so.0(DslhDmagntLoadDataModelXML+0x55) [0xf7d593fb]
    /usr/lib/libccsp_common.so.0(DslhDmagntRegBaseDataModel+0x139) [0xf7d599f8]
    /usr/lib/libccsp_common.so.0(DslhCpecoRegisterDataModelInternal+0x124) [0xf7d5b66c]
    /usr/lib/libccsp_common.so.0(DslhCpecoRegisterDataModel2+0x2c) [0xf7d5bbae]
    /usr/bin/CcspEthAgent(ssp_engage+0x113) [0x804f9e5]
    /usr/bin/CcspEthAgent() [0x804f5c0]
    /usr/bin/CcspEthAgent(main+0x309) [0x804ee19]
    /usr/ccsp/../../lib/libc.so.6(__libc_start_main+0xed) [0xf7a9fe2d]
    /usr/bin/CcspEthAgent(_start+0x21) [0x804ef61]

@@@CcspHalEthSwGetPortStatus(PortId, pLinkRate, pDuplexMode, pStatus)
    /usr/lib/libhal_ethsw.so.0(CcspHalEthSwGetPortStatus+0x85) [0xf7f0170a]
    /usr/bin/CcspEthAgent() [0x805cb2b]
    /usr/bin/CcspEthAgent(CosaDmlEthPortGetEntry+0x82) [0x805d1c4]
    /usr/bin/CcspEthAgent(CosaEthInterfaceInitialize+0x67) [0x8052068]
    /usr/bin/CcspEthAgent(CosaEthInterfaceCreate+0x51) [0x8052140]
    /usr/bin/CcspEthAgent(CosaBackEndManagerInitialize+0x15) [0x8050a30]
    /usr/bin/CcspEthAgent(COSA_Init+0x7ba) [0x8050975]
    /usr/lib/libccsp_common.so.0(DslhDmagntLoadDataModelXMLInternal+0x194) [0xf7d5925f]
    /usr/lib/libccsp_common.so.0(DslhDmagntLoadDataModelXML+0x55) [0xf7d593fb]
    /usr/lib/libccsp_common.so.0(DslhDmagntRegBaseDataModel+0x139) [0xf7d599f8]
    /usr/lib/libccsp_common.so.0(DslhCpecoRegisterDataModelInternal+0x124) [0xf7d5b66c]
    /usr/lib/libccsp_common.so.0(DslhCpecoRegisterDataModel2+0x2c) [0xf7d5bbae]
    /usr/bin/CcspEthAgent(ssp_engage+0x113) [0x804f9e5]
    /usr/bin/CcspEthAgent() [0x804f5c0]
    /usr/bin/CcspEthAgent(main+0x309) [0x804ee19]
    /usr/ccsp/../../lib/libc.so.6(__libc_start_main+0xed) [0xf7a9fe2d]
    /usr/bin/CcspEthAgent(_start+0x21) [0x804ef61]

@@@CcspHalExtSw_getAssociatedDevice(output_array_size, output_struct)
    /usr/lib/libhal_ethsw.so.0(CcspHalExtSw_getAssociatedDevice+0x82) [0xf7f022ac]
    /usr/bin/CcspEthAgent(CosaDmlEthPortGetClientMac+0x40) [0x805d26c]
    /usr/bin/CcspEthAgent(AssociatedDevice1_Synchronize+0x5c) [0x80512c3]
    /usr/lib/libccsp_common.so.0(DslhObjroPopulateObjRecords+0x8a) [0xf7d47923]
    /usr/lib/libccsp_common.so.0(DslhObjroPopulateObjRecords+0x52b) [0xf7d47dc4]
    /usr/lib/libccsp_common.so.0(DslhObjroPopulateObjRecords+0x2ec) [0xf7d47b85]
    /usr/lib/libccsp_common.so.0(DslhObjroPopulateObjRecords+0x52b) [0xf7d47dc4]
    /usr/lib/libccsp_common.so.0(DslhObjroPopulateObjRecords+0x52b) [0xf7d47dc4]
    /usr/lib/libccsp_common.so.0(DslhObjroPopulateObjRecords+0x52b) [0xf7d47dc4]
    /usr/lib/libccsp_common.so.0(DslhWmpdoCreateRecordTree+0xbc) [0xf7d4cfaf]
    /usr/lib/libccsp_common.so.0(DslhCpecoInitDataModel+0x14) [0xf7d5aa5c]
    /usr/lib/libccsp_common.so.0(DslhCpecoRegisterDataModelInternal+0x224) [0xf7d5b76c]
    /usr/lib/libccsp_common.so.0(DslhCpecoRegisterDataModel2+0x2c) [0xf7d5bbae]
    /usr/bin/CcspEthAgent(ssp_engage+0x113) [0x804f9e5]
    /usr/bin/CcspEthAgent() [0x804f5c0]
    /usr/bin/CcspEthAgent(main+0x309) [0x804ee19]
    /usr/ccsp/../../lib/libc.so.6(__libc_start_main+0xed) [0xf7a9fe2d]
    /usr/bin/CcspEthAgent(_start+0x21) [0x804ef61]

@@@CcspHalExtSw_getAssociatedDevice(output_array_size, output_struct)
    /usr/lib/libhal_ethsw.so.0(CcspHalExtSw_getAssociatedDevice+0x82) [0xf7f022ac]
    /usr/bin/CcspEthAgent(CosaDmlEthPortGetClientMac+0x40) [0x805d26c]
    /usr/bin/CcspEthAgent(AssociatedDevice1_Synchronize+0x5c) [0x80512c3]
    /usr/lib/libccsp_common.so.0(DslhObjroPopulateObjRecords+0x8a) [0xf7d47923]
    /usr/lib/libccsp_common.so.0(DslhObjroPopulateObjRecords+0x52b) [0xf7d47dc4]
    /usr/lib/libccsp_common.so.0(DslhObjroPopulateObjRecords+0x2ec) [0xf7d47b85]
    /usr/lib/libccsp_common.so.0(DslhObjroPopulateObjRecords+0x52b) [0xf7d47dc4]
    /usr/lib/libccsp_common.so.0(DslhObjroPopulateObjRecords+0x52b) [0xf7d47dc4]
    /usr/lib/libccsp_common.so.0(DslhObjroPopulateObjRecords+0x52b) [0xf7d47dc4]
    /usr/lib/libccsp_common.so.0(DslhWmpdoCreateRecordTree+0xbc) [0xf7d4cfaf]
    /usr/lib/libccsp_common.so.0(DslhCpecoInitDataModel+0x14) [0xf7d5aa5c]
    /usr/lib/libccsp_common.so.0(DslhCpecoRegisterDataModelInternal+0x224) [0xf7d5b76c]
    /usr/lib/libccsp_common.so.0(DslhCpecoRegisterDataModel2+0x2c) [0xf7d5bbae]
    /usr/bin/CcspEthAgent(ssp_engage+0x113) [0x804f9e5]
    /usr/bin/CcspEthAgent() [0x804f5c0]
    /usr/bin/CcspEthAgent(main+0x309) [0x804ee19]
    /usr/ccsp/../../lib/libc.so.6(__libc_start_main+0xed) [0xf7a9fe2d]
    /usr/bin/CcspEthAgent(_start+0x21) [0x804ef61]

@@@CcspHalExtSw_getAssociatedDevice(output_array_size, output_struct)
    /usr/lib/libhal_ethsw.so.0(CcspHalExtSw_getAssociatedDevice+0x82) [0xf7f022ac]
    /usr/bin/CcspEthAgent(CosaDmlEthPortGetClientMac+0x40) [0x805d26c]
    /usr/bin/CcspEthAgent(AssociatedDevice1_Synchronize+0x5c) [0x80512c3]
    /usr/lib/libccsp_common.so.0(DslhObjroPopulateObjRecords+0x8a) [0xf7d47923]
    /usr/lib/libccsp_common.so.0(DslhObjroPopulateObjRecords+0x52b) [0xf7d47dc4]
    /usr/lib/libccsp_common.so.0(DslhObjroPopulateObjRecords+0x2ec) [0xf7d47b85]
    /usr/lib/libccsp_common.so.0(DslhObjroPopulateObjRecords+0x52b) [0xf7d47dc4]
    /usr/lib/libccsp_common.so.0(DslhObjroPopulateObjRecords+0x52b) [0xf7d47dc4]
    /usr/lib/libccsp_common.so.0(DslhObjroPopulateObjRecords+0x52b) [0xf7d47dc4]
    /usr/lib/libccsp_common.so.0(DslhWmpdoCreateRecordTree+0xbc) [0xf7d4cfaf]
    /usr/lib/libccsp_common.so.0(DslhCpecoInitDataModel+0x14) [0xf7d5aa5c]
    /usr/lib/libccsp_common.so.0(DslhCpecoRegisterDataModelInternal+0x224) [0xf7d5b76c]
    /usr/lib/libccsp_common.so.0(DslhCpecoRegisterDataModel2+0x2c) [0xf7d5bbae]
    /usr/bin/CcspEthAgent(ssp_engage+0x113) [0x804f9e5]
    /usr/bin/CcspEthAgent() [0x804f5c0]
    /usr/bin/CcspEthAgent(main+0x309) [0x804ee19]
    /usr/ccsp/../../lib/libc.so.6(__libc_start_main+0xed) [0xf7a9fe2d]
    /usr/bin/CcspEthAgent(_start+0x21) [0x804ef61]

@@@CcspHalExtSw_getAssociatedDevice(output_array_size, output_struct)
    /usr/lib/libhal_ethsw.so.0(CcspHalExtSw_getAssociatedDevice+0x82) [0xf7f022ac]
    /usr/bin/CcspEthAgent(CosaDmlEthPortGetClientMac+0x40) [0x805d26c]
    /usr/bin/CcspEthAgent(AssociatedDevice1_Synchronize+0x5c) [0x80512c3]
    /usr/lib/libccsp_common.so.0(DslhObjroPopulateObjRecords+0x8a) [0xf7d47923]
    /usr/lib/libccsp_common.so.0(DslhObjroPopulateObjRecords+0x52b) [0xf7d47dc4]
    /usr/lib/libccsp_common.so.0(DslhObjroPopulateObjRecords+0x2ec) [0xf7d47b85]
    /usr/lib/libccsp_common.so.0(DslhObjroPopulateObjRecords+0x52b) [0xf7d47dc4]
    /usr/lib/libccsp_common.so.0(DslhObjroPopulateObjRecords+0x52b) [0xf7d47dc4]
    /usr/lib/libccsp_common.so.0(DslhObjroPopulateObjRecords+0x52b) [0xf7d47dc4]
    /usr/lib/libccsp_common.so.0(DslhWmpdoCreateRecordTree+0xbc) [0xf7d4cfaf]
    /usr/lib/libccsp_common.so.0(DslhCpecoInitDataModel+0x14) [0xf7d5aa5c]
    /usr/lib/libccsp_common.so.0(DslhCpecoRegisterDataModelInternal+0x224) [0xf7d5b76c]
    /usr/lib/libccsp_common.so.0(DslhCpecoRegisterDataModel2+0x2c) [0xf7d5bbae]
    /usr/bin/CcspEthAgent(ssp_engage+0x113) [0x804f9e5]
    /usr/bin/CcspEthAgent() [0x804f5c0]
    /usr/bin/CcspEthAgent(main+0x309) [0x804ee19]
    /usr/ccsp/../../lib/libc.so.6(__libc_start_main+0xed) [0xf7a9fe2d]
    /usr/bin/CcspEthAgent(_start+0x21) [0x804ef61]

@@@CcspHalExtSw_getAssociatedDevice(output_array_size, output_struct)
    /usr/lib/libhal_ethsw.so.0(CcspHalExtSw_getAssociatedDevice+0x82) [0xf7f022ac]
    /usr/bin/CcspEthAgent(CosaDmlEthPortGetClientMac+0x40) [0x805d26c]
    /usr/bin/CcspEthAgent(AssociatedDevice1_Synchronize+0x5c) [0x80512c3]
    /usr/lib/libccsp_common.so.0(DslhObjroPopulateObjRecords+0x8a) [0xf7d47923]
    /usr/lib/libccsp_common.so.0(DslhObjroPopulateObjRecords+0x52b) [0xf7d47dc4]
    /usr/lib/libccsp_common.so.0(DslhObjroPopulateObjRecords+0x2ec) [0xf7d47b85]
    /usr/lib/libccsp_common.so.0(DslhObjroPopulateObjRecords+0x52b) [0xf7d47dc4]
    /usr/lib/libccsp_common.so.0(DslhObjroPopulateObjRecords+0x52b) [0xf7d47dc4]
    /usr/lib/libccsp_common.so.0(DslhObjroPopulateObjRecords+0x52b) [0xf7d47dc4]
    /usr/lib/libccsp_common.so.0(DslhWmpdoCreateRecordTree+0xbc) [0xf7d4cfaf]
    /usr/lib/libccsp_common.so.0(DslhCpecoInitDataModel+0x14) [0xf7d5aa5c]
    /usr/lib/libccsp_common.so.0(DslhCpecoRegisterDataModelInternal+0x224) [0xf7d5b76c]
    /usr/lib/libccsp_common.so.0(DslhCpecoRegisterDataModel2+0x2c) [0xf7d5bbae]
    /usr/bin/CcspEthAgent(ssp_engage+0x113) [0x804f9e5]
    /usr/bin/CcspEthAgent() [0x804f5c0]
    /usr/bin/CcspEthAgent(main+0x309) [0x804ee19]
    /usr/ccsp/../../lib/libc.so.6(__libc_start_main+0xed) [0xf7a9fe2d]
    /usr/bin/CcspEthAgent(_start+0x21) [0x804ef61]

@@@CcspHalExtSw_getAssociatedDevice(output_array_size, output_struct)
    /usr/lib/libhal_ethsw.so.0(CcspHalExtSw_getAssociatedDevice+0x82) [0xf7f022ac]
    /usr/bin/CcspEthAgent(CosaDmlEthPortGetClientMac+0x40) [0x805d26c]
    /usr/bin/CcspEthAgent(AssociatedDevice1_Synchronize+0x5c) [0x80512c3]
    /usr/lib/libccsp_common.so.0(DslhObjroPopulateObjRecords+0x8a) [0xf7d47923]
    /usr/lib/libccsp_common.so.0(DslhObjroPopulateObjRecords+0x52b) [0xf7d47dc4]
    /usr/lib/libccsp_common.so.0(DslhObjroPopulateObjRecords+0x2ec) [0xf7d47b85]
    /usr/lib/libccsp_common.so.0(DslhObjroPopulateObjRecords+0x52b) [0xf7d47dc4]
    /usr/lib/libccsp_common.so.0(DslhObjroPopulateObjRecords+0x52b) [0xf7d47dc4]
    /usr/lib/libccsp_common.so.0(DslhObjroPopulateObjRecords+0x52b) [0xf7d47dc4]
    /usr/lib/libccsp_common.so.0(DslhWmpdoCreateRecordTree+0xbc) [0xf7d4cfaf]
    /usr/lib/libccsp_common.so.0(DslhCpecoInitDataModel+0x14) [0xf7d5aa5c]
    /usr/lib/libccsp_common.so.0(DslhCpecoRegisterDataModelInternal+0x224) [0xf7d5b76c]
    /usr/lib/libccsp_common.so.0(DslhCpecoRegisterDataModel2+0x2c) [0xf7d5bbae]
    /usr/bin/CcspEthAgent(ssp_engage+0x113) [0x804f9e5]
    /usr/bin/CcspEthAgent() [0x804f5c0]
    /usr/bin/CcspEthAgent(main+0x309) [0x804ee19]
    /usr/ccsp/../../lib/libc.so.6(__libc_start_main+0xed) [0xf7a9fe2d]
    /usr/bin/CcspEthAgent(_start+0x21) [0x804ef61]

@@@GWP_GetEthWanInterfaceName(Interface, maxSize)
    /usr/lib/libhal_ethsw.so.0(GWP_GetEthWanInterfaceName+0x76) [0xf7f02b60]
    /usr/bin/CcspEthAgent() [0x80565d5]
    /usr/bin/CcspEthAgent(EthWanLinkUp_callback+0x3a) [0x805bd30]
    /usr/lib/libhal_ethsw.so.0(ethsw_thread_main+0x126) [0xf7f014f6]
    /usr/ccsp/../../lib/libpthread.so.0(+0x7f91) [0xf7c69f91]
    /usr/ccsp/../../lib/libc.so.6(clone+0x66) [0xf7b7fb96]

@@@CcspHalExtSw_getAssociatedDevice(output_array_size, output_struct)
    /usr/lib/libhal_ethsw.so.0(CcspHalExtSw_getAssociatedDevice+0x82) [0xf7f022ac]
    /usr/bin/CcspEthAgent(CcspHalExtSw_AssociatedDeviceMonitorThread+0x4b) [0x805c4d9]
    /usr/ccsp/../../lib/libpthread.so.0(+0x7f91) [0xf7c69f91]
    /usr/ccsp/../../lib/libc.so.6(clone+0x66) [0xf7b7fb96]

@@@CcspHalExtSw_getAssociatedDevice(output_array_size, output_struct)
    /usr/lib/libhal_ethsw.so.0(CcspHalExtSw_getAssociatedDevice+0x82) [0xf7f022ac]
    /usr/bin/CcspEthAgent(CcspHalExtSw_AssociatedDeviceMonitorThread+0x4b) [0x805c4d9]
    /usr/ccsp/../../lib/libpthread.so.0(+0x7f91) [0xf7c69f91]
    /usr/ccsp/../../lib/libc.so.6(clone+0x66) [0xf7b7fb96]

@@@CcspHalExtSw_getAssociatedDevice(output_array_size, output_struct)
    /usr/lib/libhal_ethsw.so.0(CcspHalExtSw_getAssociatedDevice+0x82) [0xf7f022ac]
    /usr/bin/CcspEthAgent(CcspHalExtSw_AssociatedDeviceMonitorThread+0x4b) [0x805c4d9]
    /usr/ccsp/../../lib/libpthread.so.0(+0x7f91) [0xf7c69f91]
    /usr/ccsp/../../lib/libc.so.6(clone+0x66) [0xf7b7fb96]
