2024.11.19 23:09:27 Server Notice    | Dibbler - a portable DHCPv6, version 1.0.2RC1 (SERVER, Linux port)
2024.11.19 23:09:27 Server Notice    My pid (1801) is stored in /var/lib/dibbler/server.pid
2024.11.19 23:09:27 Server Notice    Detected iface wan0/3999, MAC=00:16:3e:15:e0:be.
2024.11.19 23:09:27 Server Notice    Detected iface eth3/3997, MAC=00:16:3e:83:52:65.
2024.11.19 23:09:27 Server Notice    Detected iface eth2/3995, MAC=00:16:3e:25:1f:05.
2024.11.19 23:09:27 Server Notice    Detected iface eth1/3993, MAC=00:16:3e:c1:f6:b6.
2024.11.19 23:09:27 Server Notice    Detected iface eth0/3991, MAC=00:16:3e:0e:b5:ae.
2024.11.19 23:09:27 Server Notice    Detected iface erouter0/3989, MAC=00:16:3e:ef:5e:f3.
2024.11.19 23:09:27 Server Notice    Detected iface l2sd0.107/13, MAC=4a:8e:70:f5:c0:88.
2024.11.19 23:09:27 Server Notice    Detected iface brlan7/12, MAC=4a:8e:70:f5:c0:88.
2024.11.19 23:09:27 Server Notice    Detected iface brlan0/11, MAC=00:16:3e:0e:b5:ae.
2024.11.19 23:09:27 Server Notice    Detected iface l2sd0.113/10, MAC=4a:8e:70:f5:c0:88.
2024.11.19 23:09:27 Server Notice    Detected iface l2sd0.100/9, MAC=4a:8e:70:f5:c0:88.
2024.11.19 23:09:27 Server Notice    Detected iface l2sd0.112/8, MAC=4a:8e:70:f5:c0:88.
2024.11.19 23:09:27 Server Notice    Detected iface l2sd0.200/7, MAC=4a:8e:70:f5:c0:88.
2024.11.19 23:09:27 Server Notice    Detected iface l2sd0.4093/6, MAC=4a:8e:70:f5:c0:88.
2024.11.19 23:09:27 Server Notice    Detected iface l2sd0/5, MAC=4a:8e:70:f5:c0:88.
2024.11.19 23:09:27 Server Notice    Detected iface erspan0/4, MAC=00:00:00:00:00:00.
2024.11.19 23:09:27 Server Notice    Detected iface gretap0/3, MAC=00:00:00:00:00:00.
2024.11.19 23:09:27 Server Notice    Detected iface lo/1, MAC=00:00:00:00:00:00.
2024.11.19 23:09:27 Server Notice    Parsing /etc/dibbler/server.conf config file...
