
@@@CcspHalEthSwGetPortEntry(PortId, pEthCfg)
    /usr/lib/libhal_ethsw.so.0(CcspHalEthSwGetPortEntry+0x70) [0xf66a2374]
    /usr/lib/libtr181.so(puma6_getEntry+0x37) [0xf6083b95]
    /usr/lib/libtr181.so(CosaDmlEthPortGetEntry+0x7b) [0xf6082feb]
    /usr/lib/libtr181.so(CosaEthernetInitialize+0x83) [0xf60fd727]
    /usr/lib/libtr181.so(CosaEthernetCreate+0x51) [0xf60fdb40]
    /usr/lib/libtr181.so(CosaBackEndManagerInitialize+0x141) [0xf61272be]
    /usr/lib/libtr181.so(COSA_Init+0x346) [0xf612703c]
    /usr/lib/libccsp_common.so.0(DslhDmagntLoadDataModelXMLInternal+0x127) [0xf7daa04e]
    /usr/lib/libccsp_common.so.0(DslhDmagntLoadDataModelXML2+0x32) [0xf7daa2a2]
    /usr/lib/libccsp_common.so.0(DslhCpecoLoadExternalDMLibFile2+0x28) [0xf7dabf08]
    /usr/lib/libccsp_common.so.0(DslhCpecoRegisterDataModelInternal+0x1fa) [0xf7dac59e]
    /usr/lib/libccsp_common.so.0(DslhCpecoRegisterDataModel2+0x2c) [0xf7daca16]
    /usr/bin/CcspPandMSsp(ssp_engage_pnm+0x13a) [0x804bdec]
    /usr/bin/CcspPandMSsp(cmd_dispatch+0x110) [0x804b964]
    /usr/bin/CcspPandMSsp(main+0x9a9) [0x804af79]
    /usr/ccsp/../../lib/libc.so.6(__libc_start_main+0xf1) [0xf7ad4eb1]
    /usr/bin/CcspPandMSsp(_start+0x21) [0x804b2e1]

@@@CcspHalEthSwSetEEEPortEnable(PortId, enable)
    /usr/lib/libhal_ethsw.so.0(CcspHalEthSwSetEEEPortEnable+0x70) [0xf66a228b]
    /usr/lib/libtr181.so(CosaDmlEEEPortSetCfg+0x3a) [0xf6083a56]
    /usr/lib/libtr181.so(puma6_getEntry+0x156) [0xf6083cb4]
    /usr/lib/libtr181.so(CosaDmlEthPortGetEntry+0x7b) [0xf6082feb]
    /usr/lib/libtr181.so(CosaEthernetInitialize+0x83) [0xf60fd727]
    /usr/lib/libtr181.so(CosaEthernetCreate+0x51) [0xf60fdb40]
    /usr/lib/libtr181.so(CosaBackEndManagerInitialize+0x141) [0xf61272be]
    /usr/lib/libtr181.so(COSA_Init+0x346) [0xf612703c]
    /usr/lib/libccsp_common.so.0(DslhDmagntLoadDataModelXMLInternal+0x127) [0xf7daa04e]
    /usr/lib/libccsp_common.so.0(DslhDmagntLoadDataModelXML2+0x32) [0xf7daa2a2]
    /usr/lib/libccsp_common.so.0(DslhCpecoLoadExternalDMLibFile2+0x28) [0xf7dabf08]
    /usr/lib/libccsp_common.so.0(DslhCpecoRegisterDataModelInternal+0x1fa) [0xf7dac59e]
    /usr/lib/libccsp_common.so.0(DslhCpecoRegisterDataModel2+0x2c) [0xf7daca16]
    /usr/bin/CcspPandMSsp(ssp_engage_pnm+0x13a) [0x804bdec]
    /usr/bin/CcspPandMSsp(cmd_dispatch+0x110) [0x804b964]
    /usr/bin/CcspPandMSsp(main+0x9a9) [0x804af79]
    /usr/ccsp/../../lib/libc.so.6(__libc_start_main+0xf1) [0xf7ad4eb1]
    /usr/bin/CcspPandMSsp(_start+0x21) [0x804b2e1]

@@@CcspHalEthSwGetPortEntry(PortId, pEthCfg)
    /usr/lib/libhal_ethsw.so.0(CcspHalEthSwGetPortEntry+0x70) [0xf66a2374]
    /usr/lib/libtr181.so(puma6_getEntry+0x37) [0xf6083b95]
    /usr/lib/libtr181.so(CosaDmlEthPortGetEntry+0x7b) [0xf6082feb]
    /usr/lib/libtr181.so(CosaEthernetInitialize+0x83) [0xf60fd727]
    /usr/lib/libtr181.so(CosaEthernetCreate+0x51) [0xf60fdb40]
    /usr/lib/libtr181.so(CosaBackEndManagerInitialize+0x141) [0xf61272be]
    /usr/lib/libtr181.so(COSA_Init+0x346) [0xf612703c]
    /usr/lib/libccsp_common.so.0(DslhDmagntLoadDataModelXMLInternal+0x127) [0xf7daa04e]
    /usr/lib/libccsp_common.so.0(DslhDmagntLoadDataModelXML2+0x32) [0xf7daa2a2]
    /usr/lib/libccsp_common.so.0(DslhCpecoLoadExternalDMLibFile2+0x28) [0xf7dabf08]
    /usr/lib/libccsp_common.so.0(DslhCpecoRegisterDataModelInternal+0x1fa) [0xf7dac59e]
    /usr/lib/libccsp_common.so.0(DslhCpecoRegisterDataModel2+0x2c) [0xf7daca16]
    /usr/bin/CcspPandMSsp(ssp_engage_pnm+0x13a) [0x804bdec]
    /usr/bin/CcspPandMSsp(cmd_dispatch+0x110) [0x804b964]
    /usr/bin/CcspPandMSsp(main+0x9a9) [0x804af79]
    /usr/ccsp/../../lib/libc.so.6(__libc_start_main+0xf1) [0xf7ad4eb1]
    /usr/bin/CcspPandMSsp(_start+0x21) [0x804b2e1]

@@@CcspHalEthSwSetEEEPortEnable(PortId, enable)
    /usr/lib/libhal_ethsw.so.0(CcspHalEthSwSetEEEPortEnable+0x70) [0xf66a228b]
    /usr/lib/libtr181.so(CosaDmlEEEPortSetCfg+0x3a) [0xf6083a56]
    /usr/lib/libtr181.so(puma6_getEntry+0x156) [0xf6083cb4]
    /usr/lib/libtr181.so(CosaDmlEthPortGetEntry+0x7b) [0xf6082feb]
    /usr/lib/libtr181.so(CosaEthernetInitialize+0x83) [0xf60fd727]
    /usr/lib/libtr181.so(CosaEthernetCreate+0x51) [0xf60fdb40]
    /usr/lib/libtr181.so(CosaBackEndManagerInitialize+0x141) [0xf61272be]
    /usr/lib/libtr181.so(COSA_Init+0x346) [0xf612703c]
    /usr/lib/libccsp_common.so.0(DslhDmagntLoadDataModelXMLInternal+0x127) [0xf7daa04e]
    /usr/lib/libccsp_common.so.0(DslhDmagntLoadDataModelXML2+0x32) [0xf7daa2a2]
    /usr/lib/libccsp_common.so.0(DslhCpecoLoadExternalDMLibFile2+0x28) [0xf7dabf08]
    /usr/lib/libccsp_common.so.0(DslhCpecoRegisterDataModelInternal+0x1fa) [0xf7dac59e]
    /usr/lib/libccsp_common.so.0(DslhCpecoRegisterDataModel2+0x2c) [0xf7daca16]
    /usr/bin/CcspPandMSsp(ssp_engage_pnm+0x13a) [0x804bdec]
    /usr/bin/CcspPandMSsp(cmd_dispatch+0x110) [0x804b964]
    /usr/bin/CcspPandMSsp(main+0x9a9) [0x804af79]
    /usr/ccsp/../../lib/libc.so.6(__libc_start_main+0xf1) [0xf7ad4eb1]
    /usr/bin/CcspPandMSsp(_start+0x21) [0x804b2e1]

@@@CcspHalEthSwGetPortEntry(PortId, pEthCfg)
    /usr/lib/libhal_ethsw.so.0(CcspHalEthSwGetPortEntry+0x70) [0xf66a2374]
    /usr/lib/libtr181.so(puma6_getEntry+0x37) [0xf6083b95]
    /usr/lib/libtr181.so(CosaDmlEthPortGetEntry+0x7b) [0xf6082feb]
    /usr/lib/libtr181.so(CosaEthernetInitialize+0x83) [0xf60fd727]
    /usr/lib/libtr181.so(CosaEthernetCreate+0x51) [0xf60fdb40]
    /usr/lib/libtr181.so(CosaBackEndManagerInitialize+0x141) [0xf61272be]
    /usr/lib/libtr181.so(COSA_Init+0x346) [0xf612703c]
    /usr/lib/libccsp_common.so.0(DslhDmagntLoadDataModelXMLInternal+0x127) [0xf7daa04e]
    /usr/lib/libccsp_common.so.0(DslhDmagntLoadDataModelXML2+0x32) [0xf7daa2a2]
    /usr/lib/libccsp_common.so.0(DslhCpecoLoadExternalDMLibFile2+0x28) [0xf7dabf08]
    /usr/lib/libccsp_common.so.0(DslhCpecoRegisterDataModelInternal+0x1fa) [0xf7dac59e]
    /usr/lib/libccsp_common.so.0(DslhCpecoRegisterDataModel2+0x2c) [0xf7daca16]
    /usr/bin/CcspPandMSsp(ssp_engage_pnm+0x13a) [0x804bdec]
    /usr/bin/CcspPandMSsp(cmd_dispatch+0x110) [0x804b964]
    /usr/bin/CcspPandMSsp(main+0x9a9) [0x804af79]
    /usr/ccsp/../../lib/libc.so.6(__libc_start_main+0xf1) [0xf7ad4eb1]
    /usr/bin/CcspPandMSsp(_start+0x21) [0x804b2e1]

@@@CcspHalEthSwSetEEEPortEnable(PortId, enable)
    /usr/lib/libhal_ethsw.so.0(CcspHalEthSwSetEEEPortEnable+0x70) [0xf66a228b]
    /usr/lib/libtr181.so(CosaDmlEEEPortSetCfg+0x3a) [0xf6083a56]
    /usr/lib/libtr181.so(puma6_getEntry+0x156) [0xf6083cb4]
    /usr/lib/libtr181.so(CosaDmlEthPortGetEntry+0x7b) [0xf6082feb]
    /usr/lib/libtr181.so(CosaEthernetInitialize+0x83) [0xf60fd727]
    /usr/lib/libtr181.so(CosaEthernetCreate+0x51) [0xf60fdb40]
    /usr/lib/libtr181.so(CosaBackEndManagerInitialize+0x141) [0xf61272be]
    /usr/lib/libtr181.so(COSA_Init+0x346) [0xf612703c]
    /usr/lib/libccsp_common.so.0(DslhDmagntLoadDataModelXMLInternal+0x127) [0xf7daa04e]
    /usr/lib/libccsp_common.so.0(DslhDmagntLoadDataModelXML2+0x32) [0xf7daa2a2]
    /usr/lib/libccsp_common.so.0(DslhCpecoLoadExternalDMLibFile2+0x28) [0xf7dabf08]
    /usr/lib/libccsp_common.so.0(DslhCpecoRegisterDataModelInternal+0x1fa) [0xf7dac59e]
    /usr/lib/libccsp_common.so.0(DslhCpecoRegisterDataModel2+0x2c) [0xf7daca16]
    /usr/bin/CcspPandMSsp(ssp_engage_pnm+0x13a) [0x804bdec]
    /usr/bin/CcspPandMSsp(cmd_dispatch+0x110) [0x804b964]
    /usr/bin/CcspPandMSsp(main+0x9a9) [0x804af79]
    /usr/ccsp/../../lib/libc.so.6(__libc_start_main+0xf1) [0xf7ad4eb1]
    /usr/bin/CcspPandMSsp(_start+0x21) [0x804b2e1]

@@@CcspHalEthSwGetPortEntry(PortId, pEthCfg)
    /usr/lib/libhal_ethsw.so.0(CcspHalEthSwGetPortEntry+0x70) [0xf66a2374]
    /usr/lib/libtr181.so(puma6_getEntry+0x37) [0xf6083b95]
    /usr/lib/libtr181.so(CosaDmlEthPortGetEntry+0x7b) [0xf6082feb]
    /usr/lib/libtr181.so(CosaEthernetInitialize+0x83) [0xf60fd727]
    /usr/lib/libtr181.so(CosaEthernetCreate+0x51) [0xf60fdb40]
    /usr/lib/libtr181.so(CosaBackEndManagerInitialize+0x141) [0xf61272be]
    /usr/lib/libtr181.so(COSA_Init+0x346) [0xf612703c]
    /usr/lib/libccsp_common.so.0(DslhDmagntLoadDataModelXMLInternal+0x127) [0xf7daa04e]
    /usr/lib/libccsp_common.so.0(DslhDmagntLoadDataModelXML2+0x32) [0xf7daa2a2]
    /usr/lib/libccsp_common.so.0(DslhCpecoLoadExternalDMLibFile2+0x28) [0xf7dabf08]
    /usr/lib/libccsp_common.so.0(DslhCpecoRegisterDataModelInternal+0x1fa) [0xf7dac59e]
    /usr/lib/libccsp_common.so.0(DslhCpecoRegisterDataModel2+0x2c) [0xf7daca16]
    /usr/bin/CcspPandMSsp(ssp_engage_pnm+0x13a) [0x804bdec]
    /usr/bin/CcspPandMSsp(cmd_dispatch+0x110) [0x804b964]
    /usr/bin/CcspPandMSsp(main+0x9a9) [0x804af79]
    /usr/ccsp/../../lib/libc.so.6(__libc_start_main+0xf1) [0xf7ad4eb1]
    /usr/bin/CcspPandMSsp(_start+0x21) [0x804b2e1]

@@@CcspHalEthSwSetEEEPortEnable(PortId, enable)
    /usr/lib/libhal_ethsw.so.0(CcspHalEthSwSetEEEPortEnable+0x70) [0xf66a228b]
    /usr/lib/libtr181.so(CosaDmlEEEPortSetCfg+0x3a) [0xf6083a56]
    /usr/lib/libtr181.so(puma6_getEntry+0x156) [0xf6083cb4]
    /usr/lib/libtr181.so(CosaDmlEthPortGetEntry+0x7b) [0xf6082feb]
    /usr/lib/libtr181.so(CosaEthernetInitialize+0x83) [0xf60fd727]
    /usr/lib/libtr181.so(CosaEthernetCreate+0x51) [0xf60fdb40]
    /usr/lib/libtr181.so(CosaBackEndManagerInitialize+0x141) [0xf61272be]
    /usr/lib/libtr181.so(COSA_Init+0x346) [0xf612703c]
    /usr/lib/libccsp_common.so.0(DslhDmagntLoadDataModelXMLInternal+0x127) [0xf7daa04e]
    /usr/lib/libccsp_common.so.0(DslhDmagntLoadDataModelXML2+0x32) [0xf7daa2a2]
    /usr/lib/libccsp_common.so.0(DslhCpecoLoadExternalDMLibFile2+0x28) [0xf7dabf08]
    /usr/lib/libccsp_common.so.0(DslhCpecoRegisterDataModelInternal+0x1fa) [0xf7dac59e]
    /usr/lib/libccsp_common.so.0(DslhCpecoRegisterDataModel2+0x2c) [0xf7daca16]
    /usr/bin/CcspPandMSsp(ssp_engage_pnm+0x13a) [0x804bdec]
    /usr/bin/CcspPandMSsp(cmd_dispatch+0x110) [0x804b964]
    /usr/bin/CcspPandMSsp(main+0x9a9) [0x804af79]
    /usr/ccsp/../../lib/libc.so.6(__libc_start_main+0xf1) [0xf7ad4eb1]
    /usr/bin/CcspPandMSsp(_start+0x21) [0x804b2e1]

@@@CcspHalExtSw_getAssociatedDevice(output_array_size, output_struct)
    /usr/lib/libhal_ethsw.so.0(CcspHalExtSw_getAssociatedDevice+0x70) [0xf66a1961]
    /usr/lib/libtr181.so(CosaDmlEthPortGetClientMac+0x3d) [0xf60830b3]
    /usr/lib/libtr181.so(AssociatedDevice1_Synchronize+0x34) [0xf60fb626]
    /usr/lib/libccsp_common.so.0(DslhObjroPopulateObjRecords+0x8a) [0xf7d987c4]
    /usr/lib/libccsp_common.so.0(DslhObjroPopulateObjRecords+0x52b) [0xf7d98c65]
    /usr/lib/libccsp_common.so.0(DslhObjroPopulateObjRecords+0x2ec) [0xf7d98a26]
    /usr/lib/libccsp_common.so.0(DslhObjroPopulateObjRecords+0x52b) [0xf7d98c65]
    /usr/lib/libccsp_common.so.0(DslhObjroPopulateObjRecords+0x52b) [0xf7d98c65]
    /usr/lib/libccsp_common.so.0(DslhObjroPopulateObjRecords+0x52b) [0xf7d98c65]
    /usr/lib/libccsp_common.so.0(DslhWmpdoCreateRecordTree+0xbc) [0xf7d9de11]
    /usr/lib/libccsp_common.so.0(DslhCpecoInitDataModel+0x14) [0xf7dab8b8]
    /usr/lib/libccsp_common.so.0(DslhCpecoRegisterDataModelInternal+0x230) [0xf7dac5d4]
    /usr/lib/libccsp_common.so.0(DslhCpecoRegisterDataModel2+0x2c) [0xf7daca16]
    /usr/bin/CcspPandMSsp(ssp_engage_pnm+0x13a) [0x804bdec]
    /usr/bin/CcspPandMSsp(cmd_dispatch+0x110) [0x804b964]
    /usr/bin/CcspPandMSsp(main+0x9a9) [0x804af79]
    /usr/ccsp/../../lib/libc.so.6(__libc_start_main+0xf1) [0xf7ad4eb1]
    /usr/bin/CcspPandMSsp(_start+0x21) [0x804b2e1]

@@@CcspHalExtSw_getAssociatedDevice(output_array_size, output_struct)
    /usr/lib/libhal_ethsw.so.0(CcspHalExtSw_getAssociatedDevice+0x70) [0xf66a1961]
    /usr/lib/libtr181.so(CosaDmlEthPortGetClientMac+0x3d) [0xf60830b3]
    /usr/lib/libtr181.so(AssociatedDevice1_Synchronize+0x34) [0xf60fb626]
    /usr/lib/libccsp_common.so.0(DslhObjroPopulateObjRecords+0x8a) [0xf7d987c4]
    /usr/lib/libccsp_common.so.0(DslhObjroPopulateObjRecords+0x52b) [0xf7d98c65]
    /usr/lib/libccsp_common.so.0(DslhObjroPopulateObjRecords+0x2ec) [0xf7d98a26]
    /usr/lib/libccsp_common.so.0(DslhObjroPopulateObjRecords+0x52b) [0xf7d98c65]
    /usr/lib/libccsp_common.so.0(DslhObjroPopulateObjRecords+0x52b) [0xf7d98c65]
    /usr/lib/libccsp_common.so.0(DslhObjroPopulateObjRecords+0x52b) [0xf7d98c65]
    /usr/lib/libccsp_common.so.0(DslhWmpdoCreateRecordTree+0xbc) [0xf7d9de11]
    /usr/lib/libccsp_common.so.0(DslhCpecoInitDataModel+0x14) [0xf7dab8b8]
    /usr/lib/libccsp_common.so.0(DslhCpecoRegisterDataModelInternal+0x230) [0xf7dac5d4]
    /usr/lib/libccsp_common.so.0(DslhCpecoRegisterDataModel2+0x2c) [0xf7daca16]
    /usr/bin/CcspPandMSsp(ssp_engage_pnm+0x13a) [0x804bdec]
    /usr/bin/CcspPandMSsp(cmd_dispatch+0x110) [0x804b964]
    /usr/bin/CcspPandMSsp(main+0x9a9) [0x804af79]
    /usr/ccsp/../../lib/libc.so.6(__libc_start_main+0xf1) [0xf7ad4eb1]
    /usr/bin/CcspPandMSsp(_start+0x21) [0x804b2e1]

@@@CcspHalExtSw_getAssociatedDevice(output_array_size, output_struct)
    /usr/lib/libhal_ethsw.so.0(CcspHalExtSw_getAssociatedDevice+0x70) [0xf66a1961]
    /usr/lib/libtr181.so(CosaDmlEthPortGetClientMac+0x3d) [0xf60830b3]
    /usr/lib/libtr181.so(AssociatedDevice1_Synchronize+0x34) [0xf60fb626]
    /usr/lib/libccsp_common.so.0(DslhObjroPopulateObjRecords+0x8a) [0xf7d987c4]
    /usr/lib/libccsp_common.so.0(DslhObjroPopulateObjRecords+0x52b) [0xf7d98c65]
    /usr/lib/libccsp_common.so.0(DslhObjroPopulateObjRecords+0x2ec) [0xf7d98a26]
    /usr/lib/libccsp_common.so.0(DslhObjroPopulateObjRecords+0x52b) [0xf7d98c65]
    /usr/lib/libccsp_common.so.0(DslhObjroPopulateObjRecords+0x52b) [0xf7d98c65]
    /usr/lib/libccsp_common.so.0(DslhObjroPopulateObjRecords+0x52b) [0xf7d98c65]
    /usr/lib/libccsp_common.so.0(DslhWmpdoCreateRecordTree+0xbc) [0xf7d9de11]
    /usr/lib/libccsp_common.so.0(DslhCpecoInitDataModel+0x14) [0xf7dab8b8]
    /usr/lib/libccsp_common.so.0(DslhCpecoRegisterDataModelInternal+0x230) [0xf7dac5d4]
    /usr/lib/libccsp_common.so.0(DslhCpecoRegisterDataModel2+0x2c) [0xf7daca16]
    /usr/bin/CcspPandMSsp(ssp_engage_pnm+0x13a) [0x804bdec]
    /usr/bin/CcspPandMSsp(cmd_dispatch+0x110) [0x804b964]
    /usr/bin/CcspPandMSsp(main+0x9a9) [0x804af79]
    /usr/ccsp/../../lib/libc.so.6(__libc_start_main+0xf1) [0xf7ad4eb1]
    /usr/bin/CcspPandMSsp(_start+0x21) [0x804b2e1]

@@@CcspHalExtSw_getAssociatedDevice(output_array_size, output_struct)
    /usr/lib/libhal_ethsw.so.0(CcspHalExtSw_getAssociatedDevice+0x70) [0xf66a1961]
    /usr/lib/libtr181.so(CosaDmlEthPortGetClientMac+0x3d) [0xf60830b3]
    /usr/lib/libtr181.so(AssociatedDevice1_Synchronize+0x34) [0xf60fb626]
    /usr/lib/libccsp_common.so.0(DslhObjroPopulateObjRecords+0x8a) [0xf7d987c4]
    /usr/lib/libccsp_common.so.0(DslhObjroPopulateObjRecords+0x52b) [0xf7d98c65]
    /usr/lib/libccsp_common.so.0(DslhObjroPopulateObjRecords+0x2ec) [0xf7d98a26]
    /usr/lib/libccsp_common.so.0(DslhObjroPopulateObjRecords+0x52b) [0xf7d98c65]
    /usr/lib/libccsp_common.so.0(DslhObjroPopulateObjRecords+0x52b) [0xf7d98c65]
    /usr/lib/libccsp_common.so.0(DslhObjroPopulateObjRecords+0x52b) [0xf7d98c65]
    /usr/lib/libccsp_common.so.0(DslhWmpdoCreateRecordTree+0xbc) [0xf7d9de11]
    /usr/lib/libccsp_common.so.0(DslhCpecoInitDataModel+0x14) [0xf7dab8b8]
    /usr/lib/libccsp_common.so.0(DslhCpecoRegisterDataModelInternal+0x230) [0xf7dac5d4]
    /usr/lib/libccsp_common.so.0(DslhCpecoRegisterDataModel2+0x2c) [0xf7daca16]
    /usr/bin/CcspPandMSsp(ssp_engage_pnm+0x13a) [0x804bdec]
    /usr/bin/CcspPandMSsp(cmd_dispatch+0x110) [0x804b964]
    /usr/bin/CcspPandMSsp(main+0x9a9) [0x804af79]
    /usr/ccsp/../../lib/libc.so.6(__libc_start_main+0xf1) [0xf7ad4eb1]
    /usr/bin/CcspPandMSsp(_start+0x21) [0x804b2e1]

@@@CcspHalExtSw_getAssociatedDevice(output_array_size, output_struct)
    /usr/lib/libhal_ethsw.so.0(CcspHalExtSw_getAssociatedDevice+0x70) [0xf66a1961]
    /usr/lib/libtr181.so(CosaDmlEthPortGetClientMac+0x3d) [0xf60830b3]
    /usr/lib/libtr181.so(AssociatedDevice1_Synchronize+0x34) [0xf60fb626]
    /usr/lib/libccsp_common.so.0(DslhObjroPopulateObjRecords+0x8a) [0xf7d987c4]
    /usr/lib/libccsp_common.so.0(DslhObjroPopulateObjRecords+0x52b) [0xf7d98c65]
    /usr/lib/libccsp_common.so.0(DslhObjroPopulateObjRecords+0x2ec) [0xf7d98a26]
    /usr/lib/libccsp_common.so.0(DslhObjroPopulateObjRecords+0x52b) [0xf7d98c65]
    /usr/lib/libccsp_common.so.0(DslhObjroPopulateObjRecords+0x52b) [0xf7d98c65]
    /usr/lib/libccsp_common.so.0(DslhObjroPopulateObjRecords+0x52b) [0xf7d98c65]
    /usr/lib/libccsp_common.so.0(DslhWmpdoCreateRecordTree+0xbc) [0xf7d9de11]
    /usr/lib/libccsp_common.so.0(DslhCpecoInitDataModel+0x14) [0xf7dab8b8]
    /usr/lib/libccsp_common.so.0(DslhCpecoRegisterDataModelInternal+0x230) [0xf7dac5d4]
    /usr/lib/libccsp_common.so.0(DslhCpecoRegisterDataModel2+0x2c) [0xf7daca16]
    /usr/bin/CcspPandMSsp(ssp_engage_pnm+0x13a) [0x804bdec]
    /usr/bin/CcspPandMSsp(cmd_dispatch+0x110) [0x804b964]
    /usr/bin/CcspPandMSsp(main+0x9a9) [0x804af79]
    /usr/ccsp/../../lib/libc.so.6(__libc_start_main+0xf1) [0xf7ad4eb1]
    /usr/bin/CcspPandMSsp(_start+0x21) [0x804b2e1]

@@@CcspHalExtSw_getAssociatedDevice(output_array_size, output_struct)
    /usr/lib/libhal_ethsw.so.0(CcspHalExtSw_getAssociatedDevice+0x70) [0xf66a1961]
    /usr/lib/libtr181.so(CosaDmlEthPortGetClientMac+0x3d) [0xf60830b3]
    /usr/lib/libtr181.so(AssociatedDevice1_Synchronize+0x34) [0xf60fb626]
    /usr/lib/libccsp_common.so.0(DslhObjroPopulateObjRecords+0x8a) [0xf7d987c4]
    /usr/lib/libccsp_common.so.0(DslhObjroPopulateObjRecords+0x52b) [0xf7d98c65]
    /usr/lib/libccsp_common.so.0(DslhObjroPopulateObjRecords+0x2ec) [0xf7d98a26]
    /usr/lib/libccsp_common.so.0(DslhObjroPopulateObjRecords+0x52b) [0xf7d98c65]
    /usr/lib/libccsp_common.so.0(DslhObjroPopulateObjRecords+0x52b) [0xf7d98c65]
    /usr/lib/libccsp_common.so.0(DslhObjroPopulateObjRecords+0x52b) [0xf7d98c65]
    /usr/lib/libccsp_common.so.0(DslhWmpdoCreateRecordTree+0xbc) [0xf7d9de11]
    /usr/lib/libccsp_common.so.0(DslhCpecoInitDataModel+0x14) [0xf7dab8b8]
    /usr/lib/libccsp_common.so.0(DslhCpecoRegisterDataModelInternal+0x230) [0xf7dac5d4]
    /usr/lib/libccsp_common.so.0(DslhCpecoRegisterDataModel2+0x2c) [0xf7daca16]
    /usr/bin/CcspPandMSsp(ssp_engage_pnm+0x13a) [0x804bdec]
    /usr/bin/CcspPandMSsp(cmd_dispatch+0x110) [0x804b964]
    /usr/bin/CcspPandMSsp(main+0x9a9) [0x804af79]
    /usr/ccsp/../../lib/libc.so.6(__libc_start_main+0xf1) [0xf7ad4eb1]
    /usr/bin/CcspPandMSsp(_start+0x21) [0x804b2e1]

@@@CcspHalExtSw_getAssociatedDevice(output_array_size, output_struct)
    /usr/lib/libhal_ethsw.so.0(CcspHalExtSw_getAssociatedDevice+0x70) [0xf7ee9961]
    /usr/bin/CcspEthAgent(CcspHalExtSw_AssociatedDeviceMonitorThread+0x4b) [0x8054629]
    /usr/ccsp/../../lib/libpthread.so.0(+0x7fc1) [0xf7c62fc1]
    /usr/ccsp/../../lib/libc.so.6(clone+0x66) [0xf7b76ee6]

@@@CcspHalExtSw_getAssociatedDevice(output_array_size, output_struct)
    /usr/lib/libhal_ethsw.so.0(CcspHalExtSw_getAssociatedDevice+0x70) [0xf7ee9961]
    /usr/bin/CcspEthAgent(CcspHalExtSw_AssociatedDeviceMonitorThread+0x4b) [0x8054629]
    /usr/ccsp/../../lib/libpthread.so.0(+0x7fc1) [0xf7c62fc1]
    /usr/ccsp/../../lib/libc.so.6(clone+0x66) [0xf7b76ee6]

@@@CcspHalExtSw_getAssociatedDevice(output_array_size, output_struct)
    /usr/lib/libhal_ethsw.so.0(CcspHalExtSw_getAssociatedDevice+0x70) [0xf7ee9961]
    /usr/bin/CcspEthAgent(CcspHalExtSw_AssociatedDeviceMonitorThread+0x4b) [0x8054629]
    /usr/ccsp/../../lib/libpthread.so.0(+0x7fc1) [0xf7c62fc1]
    /usr/ccsp/../../lib/libc.so.6(clone+0x66) [0xf7b76ee6]

@@@CcspHalExtSw_getAssociatedDevice(output_array_size, output_struct)
    /usr/lib/libhal_ethsw.so.0(CcspHalExtSw_getAssociatedDevice+0x70) [0xf7ee9961]
    /usr/bin/CcspEthAgent(CcspHalExtSw_AssociatedDeviceMonitorThread+0x4b) [0x8054629]
    /usr/ccsp/../../lib/libpthread.so.0(+0x7fc1) [0xf7c62fc1]
    /usr/ccsp/../../lib/libc.so.6(clone+0x66) [0xf7b76ee6]
