
@@@mta_hal_InitDB()
    /usr/lib/libhal_mta.so.0(mta_hal_InitDB+0x70) [0xf648b239]
    /usr/lib/libmta_tr181.so(CosaDmlMTAInit+0x15) [0xf64f7461]
    /usr/lib/libmta_tr181.so(CosaMTAInitialize+0x1d) [0xf64f1d5c]
    /usr/lib/libmta_tr181.so(CosaMTACreate+0x51) [0xf64f1dbe]
    /usr/lib/libmta_tr181.so(CosaBackEndManagerInitialize+0x68) [0xf64f30d1]
    /usr/lib/libmta_tr181.so(COSA_Init+0x353) [0xf64f2f14]
    /usr/lib/libccsp_common.so.0(DslhDmagntLoadDataModelXMLInternal+0x127) [0xf7e3304e]
    /usr/lib/libccsp_common.so.0(DslhDmagntLoadDataModelXML2+0x32) [0xf7e332a2]
    /usr/lib/libccsp_common.so.0(DslhCpecoLoadExternalDMLibFile2+0x28) [0xf7e34f08]
    /usr/lib/libccsp_common.so.0(DslhCpecoRegisterDataModelInternal+0x1fa) [0xf7e3559e]
    /usr/lib/libccsp_common.so.0(DslhCpecoRegisterDataModel2+0x2c) [0xf7e35a16]
    /usr/bin/CcspMtaAgentSsp() [0x804b5c8]
    /usr/bin/CcspMtaAgentSsp() [0x804b128]
    /usr/bin/CcspMtaAgentSsp() [0x804a8d0]
    /usr/ccsp/../../lib/libc.so.6(__libc_start_main+0xf1) [0xf7b93eb1]
    /usr/bin/CcspMtaAgentSsp() [0x804aa31]

@@@mta_hal_LineTableGetNumberOfEntries()
    /usr/lib/libhal_mta.so.0(mta_hal_LineTableGetNumberOfEntries+0x70) [0xf648b4f4]
    /usr/lib/libmta_tr181.so(CosaDmlMTALineTableGetNumberOfEntries+0x15) [0xf64f74e2]
    /usr/lib/libmta_tr181.so(CosaMTALineTableInitialize+0x1e) [0xf64f1ccd]
    /usr/lib/libmta_tr181.so(CosaMTAInitialize+0x25) [0xf64f1d64]
    /usr/lib/libmta_tr181.so(CosaMTACreate+0x51) [0xf64f1dbe]
    /usr/lib/libmta_tr181.so(CosaBackEndManagerInitialize+0x68) [0xf64f30d1]
    /usr/lib/libmta_tr181.so(COSA_Init+0x353) [0xf64f2f14]
    /usr/lib/libccsp_common.so.0(DslhDmagntLoadDataModelXMLInternal+0x127) [0xf7e3304e]
    /usr/lib/libccsp_common.so.0(DslhDmagntLoadDataModelXML2+0x32) [0xf7e332a2]
    /usr/lib/libccsp_common.so.0(DslhCpecoLoadExternalDMLibFile2+0x28) [0xf7e34f08]
    /usr/lib/libccsp_common.so.0(DslhCpecoRegisterDataModelInternal+0x1fa) [0xf7e3559e]
    /usr/lib/libccsp_common.so.0(DslhCpecoRegisterDataModel2+0x2c) [0xf7e35a16]
    /usr/bin/CcspMtaAgentSsp() [0x804b5c8]
    /usr/bin/CcspMtaAgentSsp() [0x804b128]
    /usr/bin/CcspMtaAgentSsp() [0x804a8d0]
    /usr/ccsp/../../lib/libc.so.6(__libc_start_main+0xf1) [0xf7b93eb1]
    /usr/bin/CcspMtaAgentSsp() [0x804aa31]

@@@mta_hal_InitDB()
    /usr/lib/libhal_mta.so.0(mta_hal_InitDB+0x70) [0xf648b239]
    /usr/lib/libmta_tr181.so(CosaDmlLgiMTAInit+0x15) [0xf64f8268]
    /usr/lib/libmta_tr181.so(CosaLgiMTAInitialize+0x2a) [0xf64f6faa]
    /usr/lib/libmta_tr181.so(CosaLgiMTACreate+0x4e) [0xf64f7001]
    /usr/lib/libmta_tr181.so(CosaBackEndManagerInitialize+0x8a) [0xf64f30f3]
    /usr/lib/libmta_tr181.so(COSA_Init+0x353) [0xf64f2f14]
    /usr/lib/libccsp_common.so.0(DslhDmagntLoadDataModelXMLInternal+0x127) [0xf7e3304e]
    /usr/lib/libccsp_common.so.0(DslhDmagntLoadDataModelXML2+0x32) [0xf7e332a2]
    /usr/lib/libccsp_common.so.0(DslhCpecoLoadExternalDMLibFile2+0x28) [0xf7e34f08]
    /usr/lib/libccsp_common.so.0(DslhCpecoRegisterDataModelInternal+0x1fa) [0xf7e3559e]
    /usr/lib/libccsp_common.so.0(DslhCpecoRegisterDataModel2+0x2c) [0xf7e35a16]
    /usr/bin/CcspMtaAgentSsp() [0x804b5c8]
    /usr/bin/CcspMtaAgentSsp() [0x804b128]
    /usr/bin/CcspMtaAgentSsp() [0x804a8d0]
    /usr/ccsp/../../lib/libc.so.6(__libc_start_main+0xf1) [0xf7b93eb1]
    /usr/bin/CcspMtaAgentSsp() [0x804aa31]

@@@mta_hal_GetDSXLogs(Count, ppDSXLog)
    /usr/lib/libhal_mta.so.0(mta_hal_GetDSXLogs+0x7f) [0xf648c37d]
    /usr/lib/libmta_tr181.so(CosaDmlMTAGetDSXLogs+0x3c) [0xf64f7a61]
    /usr/lib/libmta_tr181.so(DSXLog_Synchronize+0x5b) [0xf64f5842]
    /usr/lib/libccsp_common.so.0(DslhObjroPopulateObjRecords+0x8a) [0xf7e217c4]
    /usr/lib/libccsp_common.so.0(DslhObjroPopulateObjRecords+0x52b) [0xf7e21c65]
    /usr/lib/libccsp_common.so.0(DslhObjroPopulateObjRecords+0x52b) [0xf7e21c65]
    /usr/lib/libccsp_common.so.0(DslhObjroPopulateObjRecords+0x52b) [0xf7e21c65]
    /usr/lib/libccsp_common.so.0(DslhWmpdoCreateRecordTree+0xbc) [0xf7e26e11]
    /usr/lib/libccsp_common.so.0(DslhCpecoInitDataModel+0x14) [0xf7e348b8]
    /usr/lib/libccsp_common.so.0(DslhCpecoRegisterDataModelInternal+0x230) [0xf7e355d4]
    /usr/lib/libccsp_common.so.0(DslhCpecoRegisterDataModel2+0x2c) [0xf7e35a16]
    /usr/bin/CcspMtaAgentSsp() [0x804b5c8]
    /usr/bin/CcspMtaAgentSsp() [0x804b128]
    /usr/bin/CcspMtaAgentSsp() [0x804a8d0]
    /usr/ccsp/../../lib/libc.so.6(__libc_start_main+0xf1) [0xf7b93eb1]
    /usr/bin/CcspMtaAgentSsp() [0x804aa31]

@@@mta_hal_GetCalls(InstanceNumber, pulCount, ppCfg)
    /usr/lib/libhal_mta.so.0(mta_hal_GetCalls+0x70) [0xf648c19c]
    /usr/lib/libmta_tr181.so(CosaDmlMTAGetCalls+0x3f) [0xf64f7935]
    /usr/lib/libmta_tr181.so(Calls_Synchronize+0x54) [0xf64f42d4]
    /usr/lib/libccsp_common.so.0(DslhObjroPopulateObjRecords+0x8a) [0xf7e217c4]
    /usr/lib/libccsp_common.so.0(DslhObjroPopulateObjRecords+0x52b) [0xf7e21c65]
    /usr/lib/libccsp_common.so.0(DslhObjroPopulateObjRecords+0x52b) [0xf7e21c65]
    /usr/lib/libccsp_common.so.0(DslhObjroPopulateObjRecords+0x2ec) [0xf7e21a26]
    /usr/lib/libccsp_common.so.0(DslhObjroPopulateObjRecords+0x52b) [0xf7e21c65]
    /usr/lib/libccsp_common.so.0(DslhObjroPopulateObjRecords+0x52b) [0xf7e21c65]
    /usr/lib/libccsp_common.so.0(DslhObjroPopulateObjRecords+0x52b) [0xf7e21c65]
    /usr/lib/libccsp_common.so.0(DslhWmpdoCreateRecordTree+0xbc) [0xf7e26e11]
    /usr/lib/libccsp_common.so.0(DslhCpecoInitDataModel+0x14) [0xf7e348b8]
    /usr/lib/libccsp_common.so.0(DslhCpecoRegisterDataModelInternal+0x230) [0xf7e355d4]
    /usr/lib/libccsp_common.so.0(DslhCpecoRegisterDataModel2+0x2c) [0xf7e35a16]
    /usr/bin/CcspMtaAgentSsp() [0x804b5c8]
    /usr/bin/CcspMtaAgentSsp() [0x804b128]
    /usr/bin/CcspMtaAgentSsp() [0x804a8d0]
    /usr/ccsp/../../lib/libc.so.6(__libc_start_main+0xf1) [0xf7b93eb1]
    /usr/bin/CcspMtaAgentSsp() [0x804aa31]

@@@mta_hal_GetServiceFlow(Count, ppCfg)
    /usr/lib/libhal_mta.so.0(mta_hal_GetServiceFlow+0x70) [0xf648b870]
    /usr/lib/libmta_tr181.so(CosaDmlMTAGetServiceFlow+0x3c) [0xf64f758d]
    /usr/lib/libmta_tr181.so(ServiceFlow_Synchronize+0x4c) [0xf64f4f24]
    /usr/lib/libccsp_common.so.0(DslhObjroPopulateObjRecords+0x8a) [0xf7e217c4]
    /usr/lib/libccsp_common.so.0(DslhObjroPopulateObjRecords+0x52b) [0xf7e21c65]
    /usr/lib/libccsp_common.so.0(DslhObjroPopulateObjRecords+0x52b) [0xf7e21c65]
    /usr/lib/libccsp_common.so.0(DslhObjroPopulateObjRecords+0x52b) [0xf7e21c65]
    /usr/lib/libccsp_common.so.0(DslhWmpdoCreateRecordTree+0xbc) [0xf7e26e11]
    /usr/lib/libccsp_common.so.0(DslhCpecoInitDataModel+0x14) [0xf7e348b8]
    /usr/lib/libccsp_common.so.0(DslhCpecoRegisterDataModelInternal+0x230) [0xf7e355d4]
    /usr/lib/libccsp_common.so.0(DslhCpecoRegisterDataModel2+0x2c) [0xf7e35a16]
    /usr/bin/CcspMtaAgentSsp() [0x804b5c8]
    /usr/bin/CcspMtaAgentSsp() [0x804b128]
    /usr/bin/CcspMtaAgentSsp() [0x804a8d0]
    /usr/ccsp/../../lib/libc.so.6(__libc_start_main+0xf1) [0xf7b93eb1]
    /usr/bin/CcspMtaAgentSsp() [0x804aa31]

@@@mta_hal_GetHandsets(pulCount, ppHandsets)
    /usr/lib/libhal_mta.so.0(mta_hal_GetHandsets+0x70) [0xf648c0b3]
    /usr/lib/libmta_tr181.so(CosaDmlMTAGetHandsets+0x36) [0xf64f7804]
    /usr/lib/libmta_tr181.so(Handsets_Synchronize+0x4c) [0xf64f557f]
    /usr/lib/libccsp_common.so.0(DslhObjroPopulateObjRecords+0x8a) [0xf7e217c4]
    /usr/lib/libccsp_common.so.0(DslhObjroPopulateObjRecords+0x52b) [0xf7e21c65]
    /usr/lib/libccsp_common.so.0(DslhObjroPopulateObjRecords+0x52b) [0xf7e21c65]
    /usr/lib/libccsp_common.so.0(DslhObjroPopulateObjRecords+0x52b) [0xf7e21c65]
    /usr/lib/libccsp_common.so.0(DslhObjroPopulateObjRecords+0x52b) [0xf7e21c65]
    /usr/lib/libccsp_common.so.0(DslhWmpdoCreateRecordTree+0xbc) [0xf7e26e11]
    /usr/lib/libccsp_common.so.0(DslhCpecoInitDataModel+0x14) [0xf7e348b8]
    /usr/lib/libccsp_common.so.0(DslhCpecoRegisterDataModelInternal+0x230) [0xf7e355d4]
    /usr/lib/libccsp_common.so.0(DslhCpecoRegisterDataModel2+0x2c) [0xf7e35a16]
    /usr/bin/CcspMtaAgentSsp() [0x804b5c8]
    /usr/bin/CcspMtaAgentSsp() [0x804b128]
    /usr/bin/CcspMtaAgentSsp() [0x804a8d0]
    /usr/ccsp/../../lib/libc.so.6(__libc_start_main+0xf1) [0xf7b93eb1]
    /usr/bin/CcspMtaAgentSsp() [0x804aa31]

@@@mta_hal_GetMtaLog(Count, ppConf)
    /usr/lib/libhal_mta.so.0(mta_hal_GetMtaLog+0x7f) [0xf648c674]
    /usr/lib/libmta_tr181.so(CosaDmlMtaGetMtaLog+0x47) [0xf64f7e55]
    /usr/lib/libmta_tr181.so(MTALog_Synchronize+0xa5) [0xf64f5a95]
    /usr/lib/libccsp_common.so.0(DslhObjroPopulateObjRecords+0x8a) [0xf7e217c4]
    /usr/lib/libccsp_common.so.0(DslhObjroPopulateObjRecords+0x52b) [0xf7e21c65]
    /usr/lib/libccsp_common.so.0(DslhObjroPopulateObjRecords+0x52b) [0xf7e21c65]
    /usr/lib/libccsp_common.so.0(DslhObjroPopulateObjRecords+0x52b) [0xf7e21c65]
    /usr/lib/libccsp_common.so.0(DslhWmpdoCreateRecordTree+0xbc) [0xf7e26e11]
    /usr/lib/libccsp_common.so.0(DslhCpecoInitDataModel+0x14) [0xf7e348b8]
    /usr/lib/libccsp_common.so.0(DslhCpecoRegisterDataModelInternal+0x230) [0xf7e355d4]
    /usr/lib/libccsp_common.so.0(DslhCpecoRegisterDataModel2+0x2c) [0xf7e35a16]
    /usr/bin/CcspMtaAgentSsp() [0x804b5c8]
    /usr/bin/CcspMtaAgentSsp() [0x804b128]
    /usr/bin/CcspMtaAgentSsp() [0x804a8d0]
    /usr/ccsp/../../lib/libc.so.6(__libc_start_main+0xf1) [0xf7b93eb1]
    /usr/bin/CcspMtaAgentSsp() [0x804aa31]

@@@mta_hal_LineInfoGetNumberOfEntries()
    /usr/lib/libhal_mta.so.0(mta_hal_LineInfoGetNumberOfEntries+0x70) [0xf648dc84]
    /usr/lib/libmta_tr181.so(CosaDmlMTALineInfoGetNumberOfEntries+0x15) [0xf64f82b7]
    /usr/lib/libmta_tr181.so(X_LGI_COM_MTA_LineInfo_GetEntryCount+0x2c) [0xf64f71ea]
    /usr/lib/libccsp_common.so.0(DslhObjroPopulateObjRecords+0x9c) [0xf7e217d6]
    /usr/lib/libccsp_common.so.0(DslhObjroPopulateObjRecords+0x52b) [0xf7e21c65]
    /usr/lib/libccsp_common.so.0(DslhObjroPopulateObjRecords+0x52b) [0xf7e21c65]
    /usr/lib/libccsp_common.so.0(DslhObjroPopulateObjRecords+0x52b) [0xf7e21c65]
    /usr/lib/libccsp_common.so.0(DslhWmpdoCreateRecordTree+0xbc) [0xf7e26e11]
    /usr/lib/libccsp_common.so.0(DslhCpecoInitDataModel+0x14) [0xf7e348b8]
    /usr/lib/libccsp_common.so.0(DslhCpecoRegisterDataModelInternal+0x230) [0xf7e355d4]
    /usr/lib/libccsp_common.so.0(DslhCpecoRegisterDataModel2+0x2c) [0xf7e35a16]
    /usr/bin/CcspMtaAgentSsp() [0x804b5c8]
    /usr/bin/CcspMtaAgentSsp() [0x804b128]
    /usr/bin/CcspMtaAgentSsp() [0x804a8d0]
    /usr/ccsp/../../lib/libc.so.6(__libc_start_main+0xf1) [0xf7b93eb1]
    /usr/bin/CcspMtaAgentSsp() [0x804aa31]

@@@mta_hal_LineInfoGetNumberOfEntries()
    /usr/lib/libhal_mta.so.0(mta_hal_LineInfoGetNumberOfEntries+0x70) [0xf648dc84]
    /usr/lib/libmta_tr181.so(CosaDmlMTALineInfoGetNumberOfEntries+0x15) [0xf64f82b7]
    /usr/lib/libmta_tr181.so(X_LGI_COM_MTA_LineInfo_GetEntryCount+0x2c) [0xf64f71ea]
    /usr/lib/libmta_tr181.so(X_LGI_COM_MTA_LineTable_GetEntryCount+0x1a) [0xf64f7335]
    /usr/lib/libccsp_common.so.0(DslhObjroPopulateObjRecords+0x9c) [0xf7e217d6]
    /usr/lib/libccsp_common.so.0(DslhObjroPopulateObjRecords+0x52b) [0xf7e21c65]
    /usr/lib/libccsp_common.so.0(DslhObjroPopulateObjRecords+0x52b) [0xf7e21c65]
    /usr/lib/libccsp_common.so.0(DslhObjroPopulateObjRecords+0x52b) [0xf7e21c65]
    /usr/lib/libccsp_common.so.0(DslhWmpdoCreateRecordTree+0xbc) [0xf7e26e11]
    /usr/lib/libccsp_common.so.0(DslhCpecoInitDataModel+0x14) [0xf7e348b8]
    /usr/lib/libccsp_common.so.0(DslhCpecoRegisterDataModelInternal+0x230) [0xf7e355d4]
    /usr/lib/libccsp_common.so.0(DslhCpecoRegisterDataModel2+0x2c) [0xf7e35a16]
    /usr/bin/CcspMtaAgentSsp() [0x804b5c8]
    /usr/bin/CcspMtaAgentSsp() [0x804b128]
    /usr/bin/CcspMtaAgentSsp() [0x804a8d0]
    /usr/ccsp/../../lib/libc.so.6(__libc_start_main+0xf1) [0xf7b93eb1]
    /usr/bin/CcspMtaAgentSsp() [0x804aa31]
