
@@@cm_hal_InitDB()
    /usr/lib/libcm_mgnt.so.0(cm_hal_InitDB+0x70) [0xf660e960]
    /usr/lib/libcm_tr181.so(CosaDmlCMInit+0x48) [0xf6699f9e]
    /usr/lib/libcm_tr181.so(CosaCableModemInitialize+0x1c) [0xf66962da]
    /usr/lib/libcm_tr181.so(CosaCableModemCreate+0x51) [0xf6696332]
    /usr/lib/libcm_tr181.so(CosaBackEndManagerInitialize+0x88) [0xf66943e3]
    /usr/lib/libcm_tr181.so(COSA_Init+0x353) [0xf669421c]
    /usr/lib/libccsp_common.so.0(DslhDmagntLoadDataModelXMLInternal+0x127) [0xf7d5204e]
    /usr/lib/libccsp_common.so.0(DslhDmagntLoadDataModelXML2+0x32) [0xf7d522a2]
    /usr/lib/libccsp_common.so.0(DslhCpecoLoadExternalDMLibFile2+0x28) [0xf7d53f08]
    /usr/lib/libccsp_common.so.0(DslhCpecoRegisterDataModelInternal+0x1fa) [0xf7d5459e]
    /usr/lib/libccsp_common.so.0(DslhCpecoRegisterDataModel2+0x2c) [0xf7d54a16]
    /usr/bin/CcspCMAgentSsp() [0x804b4a5]
    /usr/bin/CcspCMAgentSsp() [0x804adbc]
    /usr/bin/CcspCMAgentSsp() [0x804a8d0]
    /usr/ccsp/../../lib/libc.so.6(__libc_start_main+0xf1) [0xf7ac2eb1]
    /usr/bin/CcspCMAgentSsp() [0x804aa41]

@@@docsis_GetNumOfActiveRxChannels(cnt)
    /usr/lib/libcm_mgnt.so.0(docsis_GetNumOfActiveRxChannels+0x76) [0xf660cbe8]
    /usr/lib/libcm_tr181.so(CosaDmlCmGetCMErrorCodewords+0x71) [0xf669a9df]
    /usr/lib/libcm_tr181.so(CMErrorCodewords_Synchronize+0x4c) [0xf6695841]
    /usr/lib/libccsp_common.so.0(DslhObjroPopulateObjRecords+0x8a) [0xf7d407c4]
    /usr/lib/libccsp_common.so.0(DslhObjroPopulateObjRecords+0x52b) [0xf7d40c65]
    /usr/lib/libccsp_common.so.0(DslhObjroPopulateObjRecords+0x52b) [0xf7d40c65]
    /usr/lib/libccsp_common.so.0(DslhObjroPopulateObjRecords+0x52b) [0xf7d40c65]
    /usr/lib/libccsp_common.so.0(DslhWmpdoCreateRecordTree+0xbc) [0xf7d45e11]
    /usr/lib/libccsp_common.so.0(DslhCpecoInitDataModel+0x14) [0xf7d538b8]
    /usr/lib/libccsp_common.so.0(DslhCpecoRegisterDataModelInternal+0x230) [0xf7d545d4]
    /usr/lib/libccsp_common.so.0(DslhCpecoRegisterDataModel2+0x2c) [0xf7d54a16]
    /usr/bin/CcspCMAgentSsp() [0x804b4a5]
    /usr/bin/CcspCMAgentSsp() [0x804adbc]
    /usr/bin/CcspCMAgentSsp() [0x804a8d0]
    /usr/ccsp/../../lib/libc.so.6(__libc_start_main+0xf1) [0xf7ac2eb1]
    /usr/bin/CcspCMAgentSsp() [0x804aa41]

@@@docsis_GetDocsisEventLogItems(entryArray, len)
    /usr/lib/libcm_mgnt.so.0(docsis_GetDocsisEventLogItems+0x70) [0xf660fe99]
    /usr/lib/libcm_tr181.so(CosaDmlCmGetDocsisLog+0xab) [0xf669a12f]
    /usr/lib/libcm_tr181.so(DocsisLog_Synchronize+0x4c) [0xf66959ef]
    /usr/lib/libccsp_common.so.0(DslhObjroPopulateObjRecords+0x8a) [0xf7d407c4]
    /usr/lib/libccsp_common.so.0(DslhObjroPopulateObjRecords+0x52b) [0xf7d40c65]
    /usr/lib/libccsp_common.so.0(DslhObjroPopulateObjRecords+0x52b) [0xf7d40c65]
    /usr/lib/libccsp_common.so.0(DslhObjroPopulateObjRecords+0x52b) [0xf7d40c65]
    /usr/lib/libccsp_common.so.0(DslhWmpdoCreateRecordTree+0xbc) [0xf7d45e11]
    /usr/lib/libccsp_common.so.0(DslhCpecoInitDataModel+0x14) [0xf7d538b8]
    /usr/lib/libccsp_common.so.0(DslhCpecoRegisterDataModelInternal+0x230) [0xf7d545d4]
    /usr/lib/libccsp_common.so.0(DslhCpecoRegisterDataModel2+0x2c) [0xf7d54a16]
    /usr/bin/CcspCMAgentSsp() [0x804b4a5]
    /usr/bin/CcspCMAgentSsp() [0x804adbc]
    /usr/bin/CcspCMAgentSsp() [0x804a8d0]
    /usr/ccsp/../../lib/libc.so.6(__libc_start_main+0xf1) [0xf7ac2eb1]
    /usr/bin/CcspCMAgentSsp() [0x804aa41]

@@@docsis_GetNumOfActiveRxChannels(cnt)
    /usr/lib/libcm_mgnt.so.0(docsis_GetNumOfActiveRxChannels+0x76) [0xf660cbe8]
    /usr/lib/libcm_tr181.so(CosaDmlCmGetDownstreamChannel+0x88) [0xf669a2ea]
    /usr/lib/libcm_tr181.so(DownstreamChannel_Synchronize+0x51) [0xf6695c0c]
    /usr/lib/libccsp_common.so.0(DslhObjroPopulateObjRecords+0x8a) [0xf7d407c4]
    /usr/lib/libccsp_common.so.0(DslhObjroPopulateObjRecords+0x52b) [0xf7d40c65]
    /usr/lib/libccsp_common.so.0(DslhObjroPopulateObjRecords+0x52b) [0xf7d40c65]
    /usr/lib/libccsp_common.so.0(DslhObjroPopulateObjRecords+0x52b) [0xf7d40c65]
    /usr/lib/libccsp_common.so.0(DslhWmpdoCreateRecordTree+0xbc) [0xf7d45e11]
    /usr/lib/libccsp_common.so.0(DslhCpecoInitDataModel+0x14) [0xf7d538b8]
    /usr/lib/libccsp_common.so.0(DslhCpecoRegisterDataModelInternal+0x230) [0xf7d545d4]
    /usr/lib/libccsp_common.so.0(DslhCpecoRegisterDataModel2+0x2c) [0xf7d54a16]
    /usr/bin/CcspCMAgentSsp() [0x804b4a5]
    /usr/bin/CcspCMAgentSsp() [0x804adbc]
    /usr/bin/CcspCMAgentSsp() [0x804a8d0]
    /usr/ccsp/../../lib/libc.so.6(__libc_start_main+0xf1) [0xf7ac2eb1]
    /usr/bin/CcspCMAgentSsp() [0x804aa41]

@@@docsis_getDsOFDMChannelCount(count)
    /usr/lib/libcm_mgnt.so.0(docsis_getDsOFDMChannelCount+0x76) [0xf660f812]
    /usr/lib/libcm_tr181.so(CosaDmlCmGetDownstreamChannel+0xee) [0xf669a350]
    /usr/lib/libcm_tr181.so(DownstreamChannel_Synchronize+0x51) [0xf6695c0c]
    /usr/lib/libccsp_common.so.0(DslhObjroPopulateObjRecords+0x8a) [0xf7d407c4]
    /usr/lib/libccsp_common.so.0(DslhObjroPopulateObjRecords+0x52b) [0xf7d40c65]
    /usr/lib/libccsp_common.so.0(DslhObjroPopulateObjRecords+0x52b) [0xf7d40c65]
    /usr/lib/libccsp_common.so.0(DslhObjroPopulateObjRecords+0x52b) [0xf7d40c65]
    /usr/lib/libccsp_common.so.0(DslhWmpdoCreateRecordTree+0xbc) [0xf7d45e11]
    /usr/lib/libccsp_common.so.0(DslhCpecoInitDataModel+0x14) [0xf7d538b8]
    /usr/lib/libccsp_common.so.0(DslhCpecoRegisterDataModelInternal+0x230) [0xf7d545d4]
    /usr/lib/libccsp_common.so.0(DslhCpecoRegisterDataModel2+0x2c) [0xf7d54a16]
    /usr/bin/CcspCMAgentSsp() [0x804b4a5]
    /usr/bin/CcspCMAgentSsp() [0x804adbc]
    /usr/bin/CcspCMAgentSsp() [0x804a8d0]
    /usr/ccsp/../../lib/libc.so.6(__libc_start_main+0xf1) [0xf7ac2eb1]
    /usr/bin/CcspCMAgentSsp() [0x804aa41]

@@@docsis_GetNumOfActiveTxChannels(cnt)
    /usr/lib/libcm_mgnt.so.0(docsis_GetNumOfActiveTxChannels+0x76) [0xf660ea4f]
    /usr/lib/libcm_tr181.so(CosaDmlCmGetUpstreamChannel+0x8f) [0xf669a479]
    /usr/lib/libcm_tr181.so(UpstreamChannel_Synchronize+0x51) [0xf6695f24]
    /usr/lib/libccsp_common.so.0(DslhObjroPopulateObjRecords+0x8a) [0xf7d407c4]
    /usr/lib/libccsp_common.so.0(DslhObjroPopulateObjRecords+0x52b) [0xf7d40c65]
    /usr/lib/libccsp_common.so.0(DslhObjroPopulateObjRecords+0x52b) [0xf7d40c65]
    /usr/lib/libccsp_common.so.0(DslhObjroPopulateObjRecords+0x52b) [0xf7d40c65]
    /usr/lib/libccsp_common.so.0(DslhWmpdoCreateRecordTree+0xbc) [0xf7d45e11]
    /usr/lib/libccsp_common.so.0(DslhCpecoInitDataModel+0x14) [0xf7d538b8]
    /usr/lib/libccsp_common.so.0(DslhCpecoRegisterDataModelInternal+0x230) [0xf7d545d4]
    /usr/lib/libccsp_common.so.0(DslhCpecoRegisterDataModel2+0x2c) [0xf7d54a16]
    /usr/bin/CcspCMAgentSsp() [0x804b4a5]
    /usr/bin/CcspCMAgentSsp() [0x804adbc]
    /usr/bin/CcspCMAgentSsp() [0x804a8d0]
    /usr/ccsp/../../lib/libc.so.6(__libc_start_main+0xf1) [0xf7ac2eb1]
    /usr/bin/CcspCMAgentSsp() [0x804aa41]

@@@docsis_getUsOFDMAChannelCount(count)
    /usr/lib/libcm_mgnt.so.0(docsis_getUsOFDMAChannelCount+0x70) [0xf6610362]
    /usr/lib/libcm_tr181.so(CosaDmlCmGetUpstreamChannel+0xf2) [0xf669a4dc]
    /usr/lib/libcm_tr181.so(UpstreamChannel_Synchronize+0x51) [0xf6695f24]
    /usr/lib/libccsp_common.so.0(DslhObjroPopulateObjRecords+0x8a) [0xf7d407c4]
    /usr/lib/libccsp_common.so.0(DslhObjroPopulateObjRecords+0x52b) [0xf7d40c65]
    /usr/lib/libccsp_common.so.0(DslhObjroPopulateObjRecords+0x52b) [0xf7d40c65]
    /usr/lib/libccsp_common.so.0(DslhObjroPopulateObjRecords+0x52b) [0xf7d40c65]
    /usr/lib/libccsp_common.so.0(DslhWmpdoCreateRecordTree+0xbc) [0xf7d45e11]
    /usr/lib/libccsp_common.so.0(DslhCpecoInitDataModel+0x14) [0xf7d538b8]
    /usr/lib/libccsp_common.so.0(DslhCpecoRegisterDataModelInternal+0x230) [0xf7d545d4]
    /usr/lib/libccsp_common.so.0(DslhCpecoRegisterDataModel2+0x2c) [0xf7d54a16]
    /usr/bin/CcspCMAgentSsp() [0x804b4a5]
    /usr/bin/CcspCMAgentSsp() [0x804adbc]
    /usr/bin/CcspCMAgentSsp() [0x804a8d0]
    /usr/ccsp/../../lib/libc.so.6(__libc_start_main+0xf1) [0xf7ac2eb1]
    /usr/bin/CcspCMAgentSsp() [0x804aa41]

@@@qos_getServiceFlowCount(count)
    /usr/lib/libcm_mgnt.so.0(qos_getServiceFlowCount+0x76) [0xf660ee58]
    /usr/lib/libcm_tr181.so(Lgi_US_QosServiceFlow_Synchronize+0xa3) [0xf6699399]
    /usr/lib/libccsp_common.so.0(DslhObjroPopulateObjRecords+0x8a) [0xf7d407c4]
    /usr/lib/libccsp_common.so.0(DslhObjroPopulateObjRecords+0x52b) [0xf7d40c65]
    /usr/lib/libccsp_common.so.0(DslhObjroPopulateObjRecords+0x52b) [0xf7d40c65]
    /usr/lib/libccsp_common.so.0(DslhObjroPopulateObjRecords+0x52b) [0xf7d40c65]
    /usr/lib/libccsp_common.so.0(DslhObjroPopulateObjRecords+0x52b) [0xf7d40c65]
    /usr/lib/libccsp_common.so.0(DslhWmpdoCreateRecordTree+0xbc) [0xf7d45e11]
    /usr/lib/libccsp_common.so.0(DslhCpecoInitDataModel+0x14) [0xf7d538b8]
    /usr/lib/libccsp_common.so.0(DslhCpecoRegisterDataModelInternal+0x230) [0xf7d545d4]
    /usr/lib/libccsp_common.so.0(DslhCpecoRegisterDataModel2+0x2c) [0xf7d54a16]
    /usr/bin/CcspCMAgentSsp() [0x804b4a5]
    /usr/bin/CcspCMAgentSsp() [0x804adbc]
    /usr/bin/CcspCMAgentSsp() [0x804a8d0]
    /usr/ccsp/../../lib/libc.so.6(__libc_start_main+0xf1) [0xf7ac2eb1]
    /usr/bin/CcspCMAgentSsp() [0x804aa41]

@@@qos_getServiceFlowParamCount(count)
    /usr/lib/libcm_mgnt.so.0(qos_getServiceFlowParamCount+0x76) [0xf660f15a]
    /usr/lib/libcm_tr181.so(Lgi_US_QosServiceFlow_Synchronize+0xce) [0xf66993c4]
    /usr/lib/libccsp_common.so.0(DslhObjroPopulateObjRecords+0x8a) [0xf7d407c4]
    /usr/lib/libccsp_common.so.0(DslhObjroPopulateObjRecords+0x52b) [0xf7d40c65]
    /usr/lib/libccsp_common.so.0(DslhObjroPopulateObjRecords+0x52b) [0xf7d40c65]
    /usr/lib/libccsp_common.so.0(DslhObjroPopulateObjRecords+0x52b) [0xf7d40c65]
    /usr/lib/libccsp_common.so.0(DslhObjroPopulateObjRecords+0x52b) [0xf7d40c65]
    /usr/lib/libccsp_common.so.0(DslhWmpdoCreateRecordTree+0xbc) [0xf7d45e11]
    /usr/lib/libccsp_common.so.0(DslhCpecoInitDataModel+0x14) [0xf7d538b8]
    /usr/lib/libccsp_common.so.0(DslhCpecoRegisterDataModelInternal+0x230) [0xf7d545d4]
    /usr/lib/libccsp_common.so.0(DslhCpecoRegisterDataModel2+0x2c) [0xf7d54a16]
    /usr/bin/CcspCMAgentSsp() [0x804b4a5]
    /usr/bin/CcspCMAgentSsp() [0x804adbc]
    /usr/bin/CcspCMAgentSsp() [0x804a8d0]
    /usr/ccsp/../../lib/libc.so.6(__libc_start_main+0xf1) [0xf7ac2eb1]
    /usr/bin/CcspCMAgentSsp() [0x804aa41]

@@@qos_getServiceFlowCount(count)
    /usr/lib/libcm_mgnt.so.0(qos_getServiceFlowCount+0x76) [0xf660ee58]
    /usr/lib/libcm_tr181.so(Lgi_DS_QosServiceFlow_Synchronize+0xa3) [0xf6699714]
    /usr/lib/libccsp_common.so.0(DslhObjroPopulateObjRecords+0x8a) [0xf7d407c4]
    /usr/lib/libccsp_common.so.0(DslhObjroPopulateObjRecords+0x52b) [0xf7d40c65]
    /usr/lib/libccsp_common.so.0(DslhObjroPopulateObjRecords+0x52b) [0xf7d40c65]
    /usr/lib/libccsp_common.so.0(DslhObjroPopulateObjRecords+0x52b) [0xf7d40c65]
    /usr/lib/libccsp_common.so.0(DslhObjroPopulateObjRecords+0x52b) [0xf7d40c65]
    /usr/lib/libccsp_common.so.0(DslhWmpdoCreateRecordTree+0xbc) [0xf7d45e11]
    /usr/lib/libccsp_common.so.0(DslhCpecoInitDataModel+0x14) [0xf7d538b8]
    /usr/lib/libccsp_common.so.0(DslhCpecoRegisterDataModelInternal+0x230) [0xf7d545d4]
    /usr/lib/libccsp_common.so.0(DslhCpecoRegisterDataModel2+0x2c) [0xf7d54a16]
    /usr/bin/CcspCMAgentSsp() [0x804b4a5]
    /usr/bin/CcspCMAgentSsp() [0x804adbc]
    /usr/bin/CcspCMAgentSsp() [0x804a8d0]
    /usr/ccsp/../../lib/libc.so.6(__libc_start_main+0xf1) [0xf7ac2eb1]
    /usr/bin/CcspCMAgentSsp() [0x804aa41]

@@@qos_getServiceFlowParamCount(count)
    /usr/lib/libcm_mgnt.so.0(qos_getServiceFlowParamCount+0x76) [0xf660f15a]
    /usr/lib/libcm_tr181.so(Lgi_DS_QosServiceFlow_Synchronize+0xce) [0xf669973f]
    /usr/lib/libccsp_common.so.0(DslhObjroPopulateObjRecords+0x8a) [0xf7d407c4]
    /usr/lib/libccsp_common.so.0(DslhObjroPopulateObjRecords+0x52b) [0xf7d40c65]
    /usr/lib/libccsp_common.so.0(DslhObjroPopulateObjRecords+0x52b) [0xf7d40c65]
    /usr/lib/libccsp_common.so.0(DslhObjroPopulateObjRecords+0x52b) [0xf7d40c65]
    /usr/lib/libccsp_common.so.0(DslhObjroPopulateObjRecords+0x52b) [0xf7d40c65]
    /usr/lib/libccsp_common.so.0(DslhWmpdoCreateRecordTree+0xbc) [0xf7d45e11]
    /usr/lib/libccsp_common.so.0(DslhCpecoInitDataModel+0x14) [0xf7d538b8]
    /usr/lib/libccsp_common.so.0(DslhCpecoRegisterDataModelInternal+0x230) [0xf7d545d4]
    /usr/lib/libccsp_common.so.0(DslhCpecoRegisterDataModel2+0x2c) [0xf7d54a16]
    /usr/bin/CcspCMAgentSsp() [0x804b4a5]
    /usr/bin/CcspCMAgentSsp() [0x804adbc]
    /usr/bin/CcspCMAgentSsp() [0x804a8d0]
    /usr/ccsp/../../lib/libc.so.6(__libc_start_main+0xf1) [0xf7ac2eb1]
    /usr/bin/CcspCMAgentSsp() [0x804aa41]

@@@docsis_getDsOFDMChannelCount(count)
    /usr/lib/libcm_mgnt.so.0(docsis_getDsOFDMChannelCount+0x76) [0xf660f812]
    /usr/lib/libcm_tr181.so(LgiOfdmChannel_Synchronize+0x57) [0xf6698cde]
    /usr/lib/libccsp_common.so.0(DslhObjroPopulateObjRecords+0x8a) [0xf7d407c4]
    /usr/lib/libccsp_common.so.0(DslhObjroPopulateObjRecords+0x52b) [0xf7d40c65]
    /usr/lib/libccsp_common.so.0(DslhObjroPopulateObjRecords+0x52b) [0xf7d40c65]
    /usr/lib/libccsp_common.so.0(DslhObjroPopulateObjRecords+0x52b) [0xf7d40c65]
    /usr/lib/libccsp_common.so.0(DslhWmpdoCreateRecordTree+0xbc) [0xf7d45e11]
    /usr/lib/libccsp_common.so.0(DslhCpecoInitDataModel+0x14) [0xf7d538b8]
    /usr/lib/libccsp_common.so.0(DslhCpecoRegisterDataModelInternal+0x230) [0xf7d545d4]
    /usr/lib/libccsp_common.so.0(DslhCpecoRegisterDataModel2+0x2c) [0xf7d54a16]
    /usr/bin/CcspCMAgentSsp() [0x804b4a5]
    /usr/bin/CcspCMAgentSsp() [0x804adbc]
    /usr/bin/CcspCMAgentSsp() [0x804a8d0]
    /usr/ccsp/../../lib/libc.so.6(__libc_start_main+0xf1) [0xf7ac2eb1]
    /usr/bin/CcspCMAgentSsp() [0x804aa41]

@@@docsis_getUsOFDMAChannelCount(count)
    /usr/lib/libcm_mgnt.so.0(docsis_getUsOFDMAChannelCount+0x70) [0xf6610362]
    /usr/lib/libcm_tr181.so(LgiOfdmaChannel_Synchronize+0x57) [0xf6699054]
    /usr/lib/libccsp_common.so.0(DslhObjroPopulateObjRecords+0x8a) [0xf7d407c4]
    /usr/lib/libccsp_common.so.0(DslhObjroPopulateObjRecords+0x52b) [0xf7d40c65]
    /usr/lib/libccsp_common.so.0(DslhObjroPopulateObjRecords+0x52b) [0xf7d40c65]
    /usr/lib/libccsp_common.so.0(DslhObjroPopulateObjRecords+0x52b) [0xf7d40c65]
    /usr/lib/libccsp_common.so.0(DslhWmpdoCreateRecordTree+0xbc) [0xf7d45e11]
    /usr/lib/libccsp_common.so.0(DslhCpecoInitDataModel+0x14) [0xf7d538b8]
    /usr/lib/libccsp_common.so.0(DslhCpecoRegisterDataModelInternal+0x230) [0xf7d545d4]
    /usr/lib/libccsp_common.so.0(DslhCpecoRegisterDataModel2+0x2c) [0xf7d54a16]
    /usr/bin/CcspCMAgentSsp() [0x804b4a5]
    /usr/bin/CcspCMAgentSsp() [0x804adbc]
    /usr/bin/CcspCMAgentSsp() [0x804a8d0]
    /usr/ccsp/../../lib/libc.so.6(__libc_start_main+0xf1) [0xf7ac2eb1]
    /usr/bin/CcspCMAgentSsp() [0x804aa41]

@@@docsis_GetNumOfActiveRxChannels(cnt)
    /usr/lib/libcm_mgnt.so.0(docsis_GetNumOfActiveRxChannels+0x76) [0xf660cbe8]
    /usr/lib/libcm_tr181.so(CosaDmlCmGetDownstreamChannel+0x88) [0xf669a2ea]
    /usr/lib/libcm_tr181.so(PollDocsisInformations+0x10b) [0xf669a689]
    /usr/ccsp/../../lib/libpthread.so.0(+0x7fc1) [0xf7ecefc1]
    /usr/ccsp/../../lib/libc.so.6(clone+0x66) [0xf7ba2ee6]

@@@docsis_getDsOFDMChannelCount(count)
    /usr/lib/libcm_mgnt.so.0(docsis_getDsOFDMChannelCount+0x76) [0xf660f812]
    /usr/lib/libcm_tr181.so(CosaDmlCmGetDownstreamChannel+0xee) [0xf669a350]
    /usr/lib/libcm_tr181.so(PollDocsisInformations+0x10b) [0xf669a689]
    /usr/ccsp/../../lib/libpthread.so.0(+0x7fc1) [0xf7ecefc1]
    /usr/ccsp/../../lib/libc.so.6(clone+0x66) [0xf7ba2ee6]

@@@docsis_GetNumOfActiveTxChannels(cnt)
    /usr/lib/libcm_mgnt.so.0(docsis_GetNumOfActiveTxChannels+0x76) [0xf660ea4f]
    /usr/lib/libcm_tr181.so(CosaDmlCmGetUpstreamChannel+0x8f) [0xf669a479]
    /usr/lib/libcm_tr181.so(PollDocsisInformations+0x279) [0xf669a7f7]
    /usr/ccsp/../../lib/libpthread.so.0(+0x7fc1) [0xf7ecefc1]
    /usr/ccsp/../../lib/libc.so.6(clone+0x66) [0xf7ba2ee6]

@@@docsis_getUsOFDMAChannelCount(count)
    /usr/lib/libcm_mgnt.so.0(docsis_getUsOFDMAChannelCount+0x70) [0xf6610362]
    /usr/lib/libcm_tr181.so(CosaDmlCmGetUpstreamChannel+0xf2) [0xf669a4dc]
    /usr/lib/libcm_tr181.so(PollDocsisInformations+0x279) [0xf669a7f7]
    /usr/ccsp/../../lib/libpthread.so.0(+0x7fc1) [0xf7ecefc1]
    /usr/ccsp/../../lib/libc.so.6(clone+0x66) [0xf7ba2ee6]

@@@cm_hal_Get_ErouterModeControl(initMode)
    /usr/lib/libcm_mgnt.so.0(cm_hal_Get_ErouterModeControl+0x76) [0xf7cf13a4]
    /usr/bin/gw_prov_utopia() [0x804b6a5]
    /usr/bin/gw_prov_utopia() [0x804b99b]
    /usr/lib/libgwprovappabs.so.1(+0x149f) [0xf7f3449f]
    /lib/libpthread.so.0(+0x7fc1) [0xf7f41fc1]
    /lib/libc.so.6(clone+0x66) [0xf7c02ee6]

@@@cm_hal_Get_ErouterModeControl(initMode)
    /usr/lib/libcm_mgnt.so.0(cm_hal_Get_ErouterModeControl+0x76) [0xf7cf13a4]
    /usr/bin/gw_prov_utopia() [0x804f95c]
    /usr/bin/gw_prov_utopia() [0x804caa0]
    /usr/lib/libgwprovappabs.so.1(+0x1509) [0xf7f34509]
    /lib/libpthread.so.0(+0x7fc1) [0xf7f41fc1]
    /lib/libc.so.6(clone+0x66) [0xf7c02ee6]

@@@cm_hal_Get_HTTP_Download_Status()
    /usr/lib/libcm_mgnt.so.0(cm_hal_Get_HTTP_Download_Status+0x70) [0xf6610279]
    /usr/lib/libcm_tr181.so(CosaDmlDIGetDLStatus+0x1c) [0xf669b4f3]
    /usr/lib/libcm_tr181.so(DeviceInfo_GetParamStringValue+0xa1) [0xf6696465]
    /usr/lib/libccsp_common.so.0(DslhObjcoGetParamValueByName+0x244) [0xf7d40177]
    /usr/lib/libccsp_common.so.0(DslhVarroGetValue+0x178) [0xf7d4506b]
    /usr/lib/libccsp_common.so.0(DslhWmpdoMprRegNotifyParam+0x5f) [0xf7d46b21]
    /usr/lib/libccsp_common.so.0(DslhVarroSetNotification+0x17d) [0xf7d44be9]
    /usr/lib/libccsp_common.so.0(DslhWmpdoMpaSetParameterAttributes+0x3bb) [0xf7d4c25b]
    /usr/lib/libccsp_common.so.0(CcspCcMbi_SetParameterAttributes+0x1ff) [0xf7d56a34]
    /usr/lib/libccsp_common.so.0(+0xe03f3) [0xf7d6f3f3]
    /usr/lib/librbuscore.so.0(+0x87ed) [0xf77e17ed]
    /usr/lib/librbuscore.so.0(+0x88ab) [0xf77e18ab]
    /usr/lib/librtMessage.so.0(+0x5025) [0xf76f5025]
    /usr/ccsp/../../lib/libpthread.so.0(+0x7fc1) [0xf7ecefc1]
    /usr/ccsp/../../lib/libc.so.6(clone+0x66) [0xf7ba2ee6]

@@@cm_hal_Get_HTTP_Download_Status()
    /usr/lib/libcm_mgnt.so.0(cm_hal_Get_HTTP_Download_Status+0x70) [0xf6610279]
    /usr/lib/libcm_tr181.so(CosaDmlDIGetDLStatus+0x1c) [0xf669b4f3]
    /usr/lib/libcm_tr181.so(DeviceInfo_GetParamStringValue+0xa1) [0xf6696465]
    /usr/lib/libccsp_common.so.0(DslhObjcoGetParamValueByName+0x244) [0xf7d40177]
    /usr/lib/libccsp_common.so.0(DslhVarroGetValue+0x178) [0xf7d4506b]
    /usr/lib/libccsp_common.so.0(DslhWmpdoMonitorTimerInvoke+0x8d) [0xf7d4cd71]
    /usr/lib/libccsp_common.so.0(AnscTsoScheduleTask+0x153) [0xf7d96fc2]
    /usr/lib/libccsp_common.so.0(AnscCoVer3EngineTask+0x58) [0xf7d9e13f]
    /usr/lib/libccsp_common.so.0(AnscTaskRoutine1+0x36) [0xf7dac233]
    /usr/ccsp/../../lib/libpthread.so.0(+0x7fc1) [0xf7ecefc1]
    /usr/ccsp/../../lib/libc.so.6(clone+0x66) [0xf7ba2ee6]

@@@cm_hal_Get_HTTP_Download_Status()
    /usr/lib/libcm_mgnt.so.0(cm_hal_Get_HTTP_Download_Status+0x70) [0xf6610279]
    /usr/lib/libcm_tr181.so(CosaDmlDIGetDLStatus+0x1c) [0xf669b4f3]
    /usr/lib/libcm_tr181.so(DeviceInfo_GetParamStringValue+0xa1) [0xf6696465]
    /usr/lib/libccsp_common.so.0(DslhObjcoGetParamValueByName+0x244) [0xf7d40177]
    /usr/lib/libccsp_common.so.0(DslhVarroGetValue+0x178) [0xf7d4506b]
    /usr/lib/libccsp_common.so.0(DslhWmpdoMonitorTimerInvoke+0x8d) [0xf7d4cd71]
    /usr/lib/libccsp_common.so.0(AnscTsoScheduleTask+0x153) [0xf7d96fc2]
    /usr/lib/libccsp_common.so.0(AnscCoVer3EngineTask+0x58) [0xf7d9e13f]
    /usr/lib/libccsp_common.so.0(AnscTaskRoutine1+0x36) [0xf7dac233]
    /usr/ccsp/../../lib/libpthread.so.0(+0x7fc1) [0xf7ecefc1]
    /usr/ccsp/../../lib/libc.so.6(clone+0x66) [0xf7ba2ee6]
