[0.08 seconds] IPv6 Routing Table 255 has changed (excluding RTA_CACHEINFO):
[attrs] [[('RTA_TABLE', 255), ('RTA_DST', '::1'), ('RTA_PRIORITY', 0), ('Interface', 'lo'), ('RTA_PREF', 0)]] 
[attrs] [[('RTA_TABLE', 255), ('RTA_DST', 'fe80::216:3eff:fe15:510'), ('RTA_PRIORITY', 0), ('Interface', 'wl0'), ('RTA_PREF', 0)]] 
[attrs] [[('RTA_TABLE', 255), ('RTA_DST', 'fe80::216:3eff:fe67:6a0c'), ('RTA_PRIORITY', 0), ('Interface', 'eth1'), ('RTA_PREF', 0)]] 
[attrs] [[('RTA_TABLE', 255), ('RTA_DST', 'fe80::216:3eff:fef4:90c7'), ('RTA_PRIORITY', 0), ('Interface', 'wl1'), ('RTA_PREF', 0)]] 
[attrs] [[('RTA_TABLE', 255), ('RTA_DST', 'fe80::6e3:1aff:fe75:911'), ('RTA_PRIORITY', 0), ('Interface', 'eth0'), ('RTA_PREF', 0)]] 
[attrs] [[('RTA_TABLE', 255), ('RTA_DST', 'fe80::4ce2:d3ff:fe4c:fe69'), ('RTA_PRIORITY', 0), ('Interface', 'wl1.1'), ('RTA_PREF', 0)]] 
[attrs] [[('RTA_TABLE', 255), ('RTA_DST', 'fe80::64a3:1fff:fefd:9ba5'), ('RTA_PRIORITY', 0), ('Interface', 'wl0.1'), ('RTA_PREF', 0)]] 
[attrs] [[('RTA_TABLE', 255), ('RTA_DST', 'ff00::'), ('RTA_PRIORITY', 256), ('Interface', 'eth1'), ('RTA_PREF', 0)]] 
[attrs] [[('RTA_TABLE', 255), ('RTA_DST', 'ff00::'), ('RTA_PRIORITY', 256), ('Interface', 'eth0'), ('RTA_PREF', 0)]] 
[attrs] [[('RTA_TABLE', 255), ('RTA_DST', 'ff00::'), ('RTA_PRIORITY', 256), ('Interface', 'wl0'), ('RTA_PREF', 0)]] 
[attrs] [[('RTA_TABLE', 255), ('RTA_DST', 'ff00::'), ('RTA_PRIORITY', 256), ('Interface', 'wl1'), ('RTA_PREF', 0)]] 
[attrs] [[('RTA_TABLE', 255), ('RTA_DST', 'ff00::'), ('RTA_PRIORITY', 256), ('Interface', 'wl0.1'), ('RTA_PREF', 0)]] 
[attrs] [[('RTA_TABLE', 255), ('RTA_DST', 'ff00::'), ('RTA_PRIORITY', 256), ('Interface', 'wl1.1'), ('RTA_PREF', 0)]] 

[0.10 seconds] IPv6 Routing Table 254 has changed (excluding RTA_CACHEINFO):
[attrs] [[('RTA_TABLE', 254), ('RTA_DST', 'fe80::'), ('RTA_PRIORITY', 256), ('Interface', 'eth1'), ('RTA_PREF', 0)]] 
[attrs] [[('RTA_TABLE', 254), ('RTA_DST', 'fe80::'), ('RTA_PRIORITY', 256), ('Interface', 'eth0'), ('RTA_PREF', 0)]] 
[attrs] [[('RTA_TABLE', 254), ('RTA_DST', 'fe80::'), ('RTA_PRIORITY', 256), ('Interface', 'wl0'), ('RTA_PREF', 0)]] 
[attrs] [[('RTA_TABLE', 254), ('RTA_DST', 'fe80::'), ('RTA_PRIORITY', 256), ('Interface', 'wl1'), ('RTA_PREF', 0)]] 
[attrs] [[('RTA_TABLE', 254), ('RTA_DST', 'fe80::'), ('RTA_PRIORITY', 256), ('Interface', 'wl0.1'), ('RTA_PREF', 0)]] 
[attrs] [[('RTA_TABLE', 254), ('RTA_DST', 'fe80::'), ('RTA_PRIORITY', 256), ('Interface', 'wl1.1'), ('RTA_PREF', 0)]] 

[0.10 seconds] IPv6 Routing Table 100 has changed (excluding RTA_CACHEINFO):

[0.07 seconds] IPv6 Routing Table 200 has changed (excluding RTA_CACHEINFO):

[5.42 seconds] No significant change in IPv6 Routing Table 100.

[5.38 seconds] No significant change in IPv6 Routing Table 200.

[5.47 seconds] IPv6 Routing Table 254 has changed (excluding RTA_CACHEINFO):
[attrs] [[('RTA_TABLE', 254), ('RTA_DST', 'fe80::'), ('RTA_PRIORITY', 256), ('Interface', 'eth1'), ('RTA_PREF', 0)]] 
[attrs] [[('RTA_TABLE', 254), ('RTA_DST', 'fe80::'), ('RTA_PRIORITY', 256), ('Interface', 'eth0'), ('RTA_PREF', 0)]] 
[attrs] [[('RTA_TABLE', 254), ('RTA_DST', 'fe80::'), ('RTA_PRIORITY', 256), ('Interface', 'wl0'), ('RTA_PREF', 0)]] 
[attrs] [[('RTA_TABLE', 254), ('RTA_DST', 'fe80::'), ('RTA_PRIORITY', 256), ('Interface', 'wl1'), ('RTA_PREF', 0)]] 
[attrs] [[('RTA_TABLE', 254), ('RTA_DST', 'fe80::'), ('RTA_PRIORITY', 256), ('Interface', 'wl0.1'), ('RTA_PREF', 0)]] 
[attrs] [[('RTA_TABLE', 254), ('RTA_DST', 'fe80::'), ('RTA_PRIORITY', 256), ('Interface', 'wl1.1'), ('RTA_PREF', 0)]] 
[attrs] [[('RTA_TABLE', 254), ('RTA_DST', 'fe80::'), ('RTA_PRIORITY', 256), ('Interface', 'br403'), ('RTA_PREF', 0)]] 
[attrs] [[('RTA_TABLE', 254), ('RTA_DST', 'fe80::'), ('RTA_PRIORITY', 256), ('Interface', 'brebhaul'), ('RTA_PREF', 0)]] 
[attrs] [[('RTA_TABLE', 254), ('RTA_DST', 'fe80::'), ('RTA_PRIORITY', 256), ('Interface', 'brlan7'), ('RTA_PREF', 0)]] 

[5.49 seconds] IPv6 Routing Table 255 has changed (excluding RTA_CACHEINFO):
[attrs] [[('RTA_TABLE', 255), ('RTA_DST', '::1'), ('RTA_PRIORITY', 0), ('Interface', 'lo'), ('RTA_PREF', 0)]] 
[attrs] [[('RTA_TABLE', 255), ('RTA_DST', 'fe80::216:3eff:fe15:510'), ('RTA_PRIORITY', 0), ('Interface', 'wl0'), ('RTA_PREF', 0)]] 
[attrs] [[('RTA_TABLE', 255), ('RTA_DST', 'fe80::216:3eff:fe67:6a0c'), ('RTA_PRIORITY', 0), ('Interface', 'eth1'), ('RTA_PREF', 0)]] 
[attrs] [[('RTA_TABLE', 255), ('RTA_DST', 'fe80::216:3eff:fef4:90c7'), ('RTA_PRIORITY', 0), ('Interface', 'wl1'), ('RTA_PREF', 0)]] 
[attrs] [[('RTA_TABLE', 255), ('RTA_DST', 'fe80::6e3:1aff:fe75:911'), ('RTA_PRIORITY', 0), ('Interface', 'eth0'), ('RTA_PREF', 0)]] 
[attrs] [[('RTA_TABLE', 255), ('RTA_DST', 'fe80::40f6:a3ff:feda:58e3'), ('RTA_PRIORITY', 0), ('Interface', 'brebhaul'), ('RTA_PREF', 0)]] 
[attrs] [[('RTA_TABLE', 255), ('RTA_DST', 'fe80::4ce2:d3ff:fe4c:fe69'), ('RTA_PRIORITY', 0), ('Interface', 'wl1.1'), ('RTA_PREF', 0)]] 
[attrs] [[('RTA_TABLE', 255), ('RTA_DST', 'fe80::6493:23ff:febd:1ac3'), ('RTA_PRIORITY', 0), ('Interface', 'br403'), ('RTA_PREF', 0)]] 
[attrs] [[('RTA_TABLE', 255), ('RTA_DST', 'fe80::64a3:1fff:fefd:9ba5'), ('RTA_PRIORITY', 0), ('Interface', 'wl0.1'), ('RTA_PREF', 0)]] 
[attrs] [[('RTA_TABLE', 255), ('RTA_DST', 'ff00::'), ('RTA_PRIORITY', 256), ('Interface', 'eth1'), ('RTA_PREF', 0)]] 
[attrs] [[('RTA_TABLE', 255), ('RTA_DST', 'ff00::'), ('RTA_PRIORITY', 256), ('Interface', 'eth0'), ('RTA_PREF', 0)]] 
[attrs] [[('RTA_TABLE', 255), ('RTA_DST', 'ff00::'), ('RTA_PRIORITY', 256), ('Interface', 'wl0'), ('RTA_PREF', 0)]] 
[attrs] [[('RTA_TABLE', 255), ('RTA_DST', 'ff00::'), ('RTA_PRIORITY', 256), ('Interface', 'wl1'), ('RTA_PREF', 0)]] 
[attrs] [[('RTA_TABLE', 255), ('RTA_DST', 'ff00::'), ('RTA_PRIORITY', 256), ('Interface', 'wl0.1'), ('RTA_PREF', 0)]] 
[attrs] [[('RTA_TABLE', 255), ('RTA_DST', 'ff00::'), ('RTA_PRIORITY', 256), ('Interface', 'wl1.1'), ('RTA_PREF', 0)]] 
[attrs] [[('RTA_TABLE', 255), ('RTA_DST', 'ff00::'), ('RTA_PRIORITY', 256), ('Interface', 'br403'), ('RTA_PREF', 0)]] 
[attrs] [[('RTA_TABLE', 255), ('RTA_DST', 'ff00::'), ('RTA_PRIORITY', 256), ('Interface', 'brebhaul'), ('RTA_PREF', 0)]] 
[attrs] [[('RTA_TABLE', 255), ('RTA_DST', 'ff00::'), ('RTA_PRIORITY', 256), ('Interface', 'brlan7'), ('RTA_PREF', 0)]] 

[10.56 seconds] IPv6 Routing Table 100 has changed (excluding RTA_CACHEINFO):
[attrs] [[('RTA_TABLE', 100), ('RTA_DST', 'fe80::'), ('RTA_PRIORITY', 0), ('Interface', 'mg0'), ('RTA_PREF', 0)]] 
[attrs] [[('RTA_TABLE', 100), ('RTA_DST', 'fe80::6e3:1aff:fe75:916'), ('RTA_PRIORITY', 0), ('Interface', 'mg0'), ('RTA_PREF', 0)]] 
[attrs] [[('RTA_TABLE', 100), ('RTA_DST', 'fe80::'), ('RTA_PRIORITY', 256), ('Interface', 'mg0'), ('RTA_PREF', 0)]] 
[attrs] [[('RTA_TABLE', 100), ('RTA_DST', 'ff00::'), ('RTA_PRIORITY', 256), ('Interface', 'mg0'), ('RTA_PREF', 0)]] 

[10.53 seconds] IPv6 Routing Table 200 has changed (excluding RTA_CACHEINFO):
[attrs] [[('RTA_TABLE', 200), ('RTA_DST', 'fe80::'), ('RTA_PRIORITY', 0), ('Interface', 'voip0'), ('RTA_PREF', 0)]] 
[attrs] [[('RTA_TABLE', 200), ('RTA_DST', 'fe80::6e3:1aff:fe75:915'), ('RTA_PRIORITY', 0), ('Interface', 'voip0'), ('RTA_PREF', 0)]] 
[attrs] [[('RTA_TABLE', 200), ('RTA_DST', 'fe80::'), ('RTA_PRIORITY', 256), ('Interface', 'voip0'), ('RTA_PREF', 0)]] 
[attrs] [[('RTA_TABLE', 200), ('RTA_DST', 'ff00::'), ('RTA_PRIORITY', 256), ('Interface', 'voip0'), ('RTA_PREF', 0)]] 

[10.83 seconds] IPv6 Routing Table 254 has changed (excluding RTA_CACHEINFO):
[attrs] [[('RTA_TABLE', 254), ('RTA_DST', 'fe80::'), ('RTA_PRIORITY', 256), ('Interface', 'eth1'), ('RTA_PREF', 0)]] 
[attrs] [[('RTA_TABLE', 254), ('RTA_DST', 'fe80::'), ('RTA_PRIORITY', 256), ('Interface', 'eth0'), ('RTA_PREF', 0)]] 
[attrs] [[('RTA_TABLE', 254), ('RTA_DST', 'fe80::'), ('RTA_PRIORITY', 256), ('Interface', 'wl0'), ('RTA_PREF', 0)]] 
[attrs] [[('RTA_TABLE', 254), ('RTA_DST', 'fe80::'), ('RTA_PRIORITY', 256), ('Interface', 'wl1'), ('RTA_PREF', 0)]] 
[attrs] [[('RTA_TABLE', 254), ('RTA_DST', 'fe80::'), ('RTA_PRIORITY', 256), ('Interface', 'wl0.1'), ('RTA_PREF', 0)]] 
[attrs] [[('RTA_TABLE', 254), ('RTA_DST', 'fe80::'), ('RTA_PRIORITY', 256), ('Interface', 'wl1.1'), ('RTA_PREF', 0)]] 
[attrs] [[('RTA_TABLE', 254), ('RTA_DST', 'fe80::'), ('RTA_PRIORITY', 256), ('Interface', 'br403'), ('RTA_PREF', 0)]] 
[attrs] [[('RTA_TABLE', 254), ('RTA_DST', 'fe80::'), ('RTA_PRIORITY', 256), ('Interface', 'brebhaul'), ('RTA_PREF', 0)]] 
[attrs] [[('RTA_TABLE', 254), ('RTA_DST', 'fe80::'), ('RTA_PRIORITY', 256), ('Interface', 'brlan7'), ('RTA_PREF', 0)]] 
[attrs] [[('RTA_TABLE', 254), ('RTA_DST', 'fe80::'), ('RTA_PRIORITY', 256), ('Interface', 'brlan0'), ('RTA_PREF', 0)]] 
[attrs] [[('RTA_TABLE', 254), ('RTA_DST', 'fe80::'), ('RTA_PRIORITY', 256), ('Interface', 'erouter0'), ('RTA_PREF', 0)]] 

[11.03 seconds] IPv6 Routing Table 255 has changed (excluding RTA_CACHEINFO):
[attrs] [[('RTA_TABLE', 255), ('RTA_DST', '::1'), ('RTA_PRIORITY', 0), ('Interface', 'lo'), ('RTA_PREF', 0)]] 
[attrs] [[('RTA_TABLE', 255), ('RTA_DST', 'fe80::'), ('RTA_PRIORITY', 0), ('Interface', 'eth0'), ('RTA_PREF', 0)]] 
[attrs] [[('RTA_TABLE', 255), ('RTA_DST', 'fe80::'), ('RTA_PRIORITY', 0), ('Interface', 'eth1'), ('RTA_PREF', 0)]] 
[attrs] [[('RTA_TABLE', 255), ('RTA_DST', 'fe80::'), ('RTA_PRIORITY', 0), ('Interface', 'wl0'), ('RTA_PREF', 0)]] 
[attrs] [[('RTA_TABLE', 255), ('RTA_DST', 'fe80::'), ('RTA_PRIORITY', 0), ('Interface', 'wl1'), ('RTA_PREF', 0)]] 
[attrs] [[('RTA_TABLE', 255), ('RTA_DST', 'fe80::'), ('RTA_PRIORITY', 0), ('Interface', 'wl0.1'), ('RTA_PREF', 0)]] 
[attrs] [[('RTA_TABLE', 255), ('RTA_DST', 'fe80::'), ('RTA_PRIORITY', 0), ('Interface', 'wl1.1'), ('RTA_PREF', 0)]] 
[attrs] [[('RTA_TABLE', 255), ('RTA_DST', 'fe80::'), ('RTA_PRIORITY', 0), ('Interface', 'br403'), ('RTA_PREF', 0)]] 
[attrs] [[('RTA_TABLE', 255), ('RTA_DST', 'fe80::'), ('RTA_PRIORITY', 0), ('Interface', 'brebhaul'), ('RTA_PREF', 0)]] 
[attrs] [[('RTA_TABLE', 255), ('RTA_DST', 'fe80::'), ('RTA_PRIORITY', 0), ('Interface', 'brlan7'), ('RTA_PREF', 0)]] 
[attrs] [[('RTA_TABLE', 255), ('RTA_DST', 'fe80::'), ('RTA_PRIORITY', 0), ('Interface', 'brlan0'), ('RTA_PREF', 0)]] 
[attrs] [[('RTA_TABLE', 255), ('RTA_DST', 'fe80::'), ('RTA_PRIORITY', 0), ('Interface', 'erouter0'), ('RTA_PREF', 0)]] 
[attrs] [[('RTA_TABLE', 255), ('RTA_DST', 'fe80::216:3eff:fe15:510'), ('RTA_PRIORITY', 0), ('Interface', 'wl0'), ('RTA_PREF', 0)]] 
[attrs] [[('RTA_TABLE', 255), ('RTA_DST', 'fe80::216:3eff:fe67:6a0c'), ('RTA_PRIORITY', 0), ('Interface', 'eth1'), ('RTA_PREF', 0)]] 
[attrs] [[('RTA_TABLE', 255), ('RTA_DST', 'fe80::216:3eff:fef4:90c7'), ('RTA_PRIORITY', 0), ('Interface', 'wl1'), ('RTA_PREF', 0)]] 
[attrs] [[('RTA_TABLE', 255), ('RTA_DST', 'fe80::6e3:1aff:fe67:6a0c'), ('RTA_PRIORITY', 0), ('Interface', 'brlan0'), ('RTA_PREF', 0)]] 
[attrs] [[('RTA_TABLE', 255), ('RTA_DST', 'fe80::6e3:1aff:fe75:911'), ('RTA_PRIORITY', 0), ('Interface', 'eth0'), ('RTA_PREF', 0)]] 
[attrs] [[('RTA_TABLE', 255), ('RTA_DST', 'fe80::6e3:1aff:fe75:911'), ('RTA_PRIORITY', 0), ('Interface', 'erouter0'), ('RTA_PREF', 0)]] 
[attrs] [[('RTA_TABLE', 255), ('RTA_DST', 'fe80::40f6:a3ff:feda:58e3'), ('RTA_PRIORITY', 0), ('Interface', 'brebhaul'), ('RTA_PREF', 0)]] 
[attrs] [[('RTA_TABLE', 255), ('RTA_DST', 'fe80::4ce2:d3ff:fe4c:fe69'), ('RTA_PRIORITY', 0), ('Interface', 'wl1.1'), ('RTA_PREF', 0)]] 
[attrs] [[('RTA_TABLE', 255), ('RTA_DST', 'fe80::6493:23ff:febd:1ac3'), ('RTA_PRIORITY', 0), ('Interface', 'br403'), ('RTA_PREF', 0)]] 
[attrs] [[('RTA_TABLE', 255), ('RTA_DST', 'fe80::64a3:1fff:fefd:9ba5'), ('RTA_PRIORITY', 0), ('Interface', 'wl0.1'), ('RTA_PREF', 0)]] 
[attrs] [[('RTA_TABLE', 255), ('RTA_DST', 'fe80::cc3b:45ff:fe0d:b18d'), ('RTA_PRIORITY', 0), ('Interface', 'brlan7'), ('RTA_PREF', 0)]] 
[attrs] [[('RTA_TABLE', 255), ('RTA_DST', 'ff00::'), ('RTA_PRIORITY', 256), ('Interface', 'eth1'), ('RTA_PREF', 0)]] 
[attrs] [[('RTA_TABLE', 255), ('RTA_DST', 'ff00::'), ('RTA_PRIORITY', 256), ('Interface', 'eth0'), ('RTA_PREF', 0)]] 
[attrs] [[('RTA_TABLE', 255), ('RTA_DST', 'ff00::'), ('RTA_PRIORITY', 256), ('Interface', 'wl0'), ('RTA_PREF', 0)]] 
[attrs] [[('RTA_TABLE', 255), ('RTA_DST', 'ff00::'), ('RTA_PRIORITY', 256), ('Interface', 'wl1'), ('RTA_PREF', 0)]] 
[attrs] [[('RTA_TABLE', 255), ('RTA_DST', 'ff00::'), ('RTA_PRIORITY', 256), ('Interface', 'wl0.1'), ('RTA_PREF', 0)]] 
[attrs] [[('RTA_TABLE', 255), ('RTA_DST', 'ff00::'), ('RTA_PRIORITY', 256), ('Interface', 'wl1.1'), ('RTA_PREF', 0)]] 
[attrs] [[('RTA_TABLE', 255), ('RTA_DST', 'ff00::'), ('RTA_PRIORITY', 256), ('Interface', 'br403'), ('RTA_PREF', 0)]] 
[attrs] [[('RTA_TABLE', 255), ('RTA_DST', 'ff00::'), ('RTA_PRIORITY', 256), ('Interface', 'brebhaul'), ('RTA_PREF', 0)]] 
[attrs] [[('RTA_TABLE', 255), ('RTA_DST', 'ff00::'), ('RTA_PRIORITY', 256), ('Interface', 'brlan7'), ('RTA_PREF', 0)]] 
[attrs] [[('RTA_TABLE', 255), ('RTA_DST', 'ff00::'), ('RTA_PRIORITY', 256), ('Interface', 'brlan0'), ('RTA_PREF', 0)]] 
[attrs] [[('RTA_TABLE', 255), ('RTA_DST', 'ff00::'), ('RTA_PRIORITY', 256), ('Interface', 'erouter0'), ('RTA_PREF', 0)]] 

[15.84 seconds] IPv6 Routing Table 100 has changed (excluding RTA_CACHEINFO):
[attrs] [[('RTA_TABLE', 100), ('RTA_DST', '2001:dbd:0:1::252'), ('RTA_PRIORITY', 256), ('Interface', 'mg0'), ('RTA_PREF', 0)]] 
[attrs] [[('RTA_TABLE', 100), ('RTA_DST', 'fe80::'), ('RTA_PRIORITY', 0), ('Interface', 'mg0'), ('RTA_PREF', 0)]] 
[attrs] [[('RTA_TABLE', 100), ('RTA_DST', 'fe80::6e3:1aff:fe75:916'), ('RTA_PRIORITY', 0), ('Interface', 'mg0'), ('RTA_PREF', 0)]] 
[attrs] [[('RTA_TABLE', 100), ('RTA_DST', 'fe80::'), ('RTA_PRIORITY', 256), ('Interface', 'mg0'), ('RTA_PREF', 0)]] 
[attrs] [[('RTA_TABLE', 100), ('RTA_DST', 'ff00::'), ('RTA_PRIORITY', 256), ('Interface', 'mg0'), ('RTA_PREF', 0)]] 
[attrs] [[('RTA_TABLE', 100), ('RTA_METRICS', {'attrs': [('RTAX_HOPLIMIT', 64)]}), ('RTA_PRIORITY', 1024), ('RTA_GATEWAY', 'fe80::216:3eff:fe00:881'), ('Interface', 'mg0'), ('RTA_PREF', 0)]] 

[15.79 seconds] IPv6 Routing Table 200 has changed (excluding RTA_CACHEINFO):
[attrs] [[('RTA_TABLE', 200), ('RTA_DST', '2001:dbc:0:1::251'), ('RTA_PRIORITY', 256), ('Interface', 'voip0'), ('RTA_PREF', 0)]] 
[attrs] [[('RTA_TABLE', 200), ('RTA_DST', 'fe80::'), ('RTA_PRIORITY', 0), ('Interface', 'voip0'), ('RTA_PREF', 0)]] 
[attrs] [[('RTA_TABLE', 200), ('RTA_DST', 'fe80::6e3:1aff:fe75:915'), ('RTA_PRIORITY', 0), ('Interface', 'voip0'), ('RTA_PREF', 0)]] 
[attrs] [[('RTA_TABLE', 200), ('RTA_DST', 'fe80::'), ('RTA_PRIORITY', 256), ('Interface', 'voip0'), ('RTA_PREF', 0)]] 
[attrs] [[('RTA_TABLE', 200), ('RTA_DST', 'ff00::'), ('RTA_PRIORITY', 256), ('Interface', 'voip0'), ('RTA_PREF', 0)]] 
[attrs] [[('RTA_TABLE', 200), ('RTA_METRICS', {'attrs': [('RTAX_HOPLIMIT', 64)]}), ('RTA_PRIORITY', 1024), ('RTA_GATEWAY', 'fe80::216:3eff:fe00:981'), ('Interface', 'voip0'), ('RTA_PREF', 0)]] 

[16.06 seconds] IPv6 Routing Table 254 has changed (excluding RTA_CACHEINFO):
[attrs] [[('RTA_TABLE', 254), ('RTA_DST', '2001:dbe:0:1::250'), ('RTA_PRIORITY', 256), ('Interface', 'erouter0'), ('RTA_PREF', 0)]] 
[attrs] [[('RTA_TABLE', 254), ('RTA_DST', '3001:dbe:0:ec00::'), ('RTA_PRIORITY', 256), ('Interface', 'brlan0'), ('RTA_PREF', 0)]] 
[attrs] [[('RTA_TABLE', 254), ('RTA_DST', '3001:dbe:0:ec01::'), ('RTA_PRIORITY', 256), ('Interface', 'brlan7'), ('RTA_PREF', 0)]] 
[attrs] [[('RTA_TABLE', 254), ('RTA_DST', '3001:dbe:0:ec00::'), ('RTA_PRIORITY', 1024), ('Interface', 'brlan0'), ('RTA_PREF', 0)]] 
[attrs] [[('RTA_TABLE', 254), ('RTA_DST', 'fe80::'), ('RTA_PRIORITY', 256), ('Interface', 'eth1'), ('RTA_PREF', 0)]] 
[attrs] [[('RTA_TABLE', 254), ('RTA_DST', 'fe80::'), ('RTA_PRIORITY', 256), ('Interface', 'eth0'), ('RTA_PREF', 0)]] 
[attrs] [[('RTA_TABLE', 254), ('RTA_DST', 'fe80::'), ('RTA_PRIORITY', 256), ('Interface', 'wl0'), ('RTA_PREF', 0)]] 
[attrs] [[('RTA_TABLE', 254), ('RTA_DST', 'fe80::'), ('RTA_PRIORITY', 256), ('Interface', 'wl1'), ('RTA_PREF', 0)]] 
[attrs] [[('RTA_TABLE', 254), ('RTA_DST', 'fe80::'), ('RTA_PRIORITY', 256), ('Interface', 'wl0.1'), ('RTA_PREF', 0)]] 
[attrs] [[('RTA_TABLE', 254), ('RTA_DST', 'fe80::'), ('RTA_PRIORITY', 256), ('Interface', 'wl1.1'), ('RTA_PREF', 0)]] 
[attrs] [[('RTA_TABLE', 254), ('RTA_DST', 'fe80::'), ('RTA_PRIORITY', 256), ('Interface', 'br403'), ('RTA_PREF', 0)]] 
[attrs] [[('RTA_TABLE', 254), ('RTA_DST', 'fe80::'), ('RTA_PRIORITY', 256), ('Interface', 'brebhaul'), ('RTA_PREF', 0)]] 
[attrs] [[('RTA_TABLE', 254), ('RTA_DST', 'fe80::'), ('RTA_PRIORITY', 256), ('Interface', 'erouter0'), ('RTA_PREF', 0)]] 
[attrs] [[('RTA_TABLE', 254), ('RTA_DST', 'fe80::'), ('RTA_PRIORITY', 256), ('Interface', 'brlan0'), ('RTA_PREF', 0)]] 
[attrs] [[('RTA_TABLE', 254), ('RTA_DST', 'fe80::'), ('RTA_PRIORITY', 256), ('Interface', 'brlan7'), ('RTA_PREF', 0)]] 
[attrs] [[('RTA_TABLE', 254), ('RTA_METRICS', {'attrs': [('RTAX_HOPLIMIT', 64)]}), ('RTA_PRIORITY', 1024), ('RTA_GATEWAY', 'fe80::216:3eff:fe00:1081'), ('Interface', 'erouter0'), ('RTA_PREF', 0)]] 

[16.35 seconds] IPv6 Routing Table 255 has changed (excluding RTA_CACHEINFO):
[attrs] [[('RTA_TABLE', 255), ('RTA_DST', '::1'), ('RTA_PRIORITY', 0), ('Interface', 'lo'), ('RTA_PREF', 0)]] 
[attrs] [[('RTA_TABLE', 255), ('RTA_DST', '2001:dbe:0:1::250'), ('RTA_PRIORITY', 0), ('Interface', 'erouter0'), ('RTA_PREF', 0)]] 
[attrs] [[('RTA_TABLE', 255), ('RTA_DST', '3001:dbe:0:ec00::'), ('RTA_PRIORITY', 0), ('Interface', 'brlan0'), ('RTA_PREF', 0)]] 
[attrs] [[('RTA_TABLE', 255), ('RTA_DST', '3001:dbe:0:ec00:6e3:1aff:fe67:6a0c'), ('RTA_PRIORITY', 0), ('Interface', 'brlan0'), ('RTA_PREF', 0)]] 
[attrs] [[('RTA_TABLE', 255), ('RTA_DST', '3001:dbe:0:ec01::'), ('RTA_PRIORITY', 0), ('Interface', 'brlan7'), ('RTA_PREF', 0)]] 
[attrs] [[('RTA_TABLE', 255), ('RTA_DST', '3001:dbe:0:ec01:cc3b:45ff:fe0d:b18d'), ('RTA_PRIORITY', 0), ('Interface', 'brlan7'), ('RTA_PREF', 0)]] 
[attrs] [[('RTA_TABLE', 255), ('RTA_DST', 'fe80::'), ('RTA_PRIORITY', 0), ('Interface', 'eth0'), ('RTA_PREF', 0)]] 
[attrs] [[('RTA_TABLE', 255), ('RTA_DST', 'fe80::'), ('RTA_PRIORITY', 0), ('Interface', 'eth1'), ('RTA_PREF', 0)]] 
[attrs] [[('RTA_TABLE', 255), ('RTA_DST', 'fe80::'), ('RTA_PRIORITY', 0), ('Interface', 'wl0'), ('RTA_PREF', 0)]] 
[attrs] [[('RTA_TABLE', 255), ('RTA_DST', 'fe80::'), ('RTA_PRIORITY', 0), ('Interface', 'wl1'), ('RTA_PREF', 0)]] 
[attrs] [[('RTA_TABLE', 255), ('RTA_DST', 'fe80::'), ('RTA_PRIORITY', 0), ('Interface', 'wl0.1'), ('RTA_PREF', 0)]] 
[attrs] [[('RTA_TABLE', 255), ('RTA_DST', 'fe80::'), ('RTA_PRIORITY', 0), ('Interface', 'wl1.1'), ('RTA_PREF', 0)]] 
[attrs] [[('RTA_TABLE', 255), ('RTA_DST', 'fe80::'), ('RTA_PRIORITY', 0), ('Interface', 'br403'), ('RTA_PREF', 0)]] 
[attrs] [[('RTA_TABLE', 255), ('RTA_DST', 'fe80::'), ('RTA_PRIORITY', 0), ('Interface', 'brebhaul'), ('RTA_PREF', 0)]] 
[attrs] [[('RTA_TABLE', 255), ('RTA_DST', 'fe80::'), ('RTA_PRIORITY', 0), ('Interface', 'erouter0'), ('RTA_PREF', 0)]] 
[attrs] [[('RTA_TABLE', 255), ('RTA_DST', 'fe80::'), ('RTA_PRIORITY', 0), ('Interface', 'brlan0'), ('RTA_PREF', 0)]] 
[attrs] [[('RTA_TABLE', 255), ('RTA_DST', 'fe80::'), ('RTA_PRIORITY', 0), ('Interface', 'brlan7'), ('RTA_PREF', 0)]] 
[attrs] [[('RTA_TABLE', 255), ('RTA_DST', 'fe80::216:3eff:fe15:510'), ('RTA_PRIORITY', 0), ('Interface', 'wl0'), ('RTA_PREF', 0)]] 
[attrs] [[('RTA_TABLE', 255), ('RTA_DST', 'fe80::216:3eff:fe67:6a0c'), ('RTA_PRIORITY', 0), ('Interface', 'eth1'), ('RTA_PREF', 0)]] 
[attrs] [[('RTA_TABLE', 255), ('RTA_DST', 'fe80::216:3eff:fef4:90c7'), ('RTA_PRIORITY', 0), ('Interface', 'wl1'), ('RTA_PREF', 0)]] 
[attrs] [[('RTA_TABLE', 255), ('RTA_DST', 'fe80::6e3:1aff:fe67:6a0c'), ('RTA_PRIORITY', 0), ('Interface', 'brlan0'), ('RTA_PREF', 0)]] 
[attrs] [[('RTA_TABLE', 255), ('RTA_DST', 'fe80::6e3:1aff:fe75:911'), ('RTA_PRIORITY', 0), ('Interface', 'eth0'), ('RTA_PREF', 0)]] 
[attrs] [[('RTA_TABLE', 255), ('RTA_DST', 'fe80::6e3:1aff:fe75:911'), ('RTA_PRIORITY', 0), ('Interface', 'erouter0'), ('RTA_PREF', 0)]] 
[attrs] [[('RTA_TABLE', 255), ('RTA_DST', 'fe80::40f6:a3ff:feda:58e3'), ('RTA_PRIORITY', 0), ('Interface', 'brebhaul'), ('RTA_PREF', 0)]] 
[attrs] [[('RTA_TABLE', 255), ('RTA_DST', 'fe80::4ce2:d3ff:fe4c:fe69'), ('RTA_PRIORITY', 0), ('Interface', 'wl1.1'), ('RTA_PREF', 0)]] 
[attrs] [[('RTA_TABLE', 255), ('RTA_DST', 'fe80::6493:23ff:febd:1ac3'), ('RTA_PRIORITY', 0), ('Interface', 'br403'), ('RTA_PREF', 0)]] 
[attrs] [[('RTA_TABLE', 255), ('RTA_DST', 'fe80::64a3:1fff:fefd:9ba5'), ('RTA_PRIORITY', 0), ('Interface', 'wl0.1'), ('RTA_PREF', 0)]] 
[attrs] [[('RTA_TABLE', 255), ('RTA_DST', 'fe80::cc3b:45ff:fe0d:b18d'), ('RTA_PRIORITY', 0), ('Interface', 'brlan7'), ('RTA_PREF', 0)]] 
[attrs] [[('RTA_TABLE', 255), ('RTA_DST', 'ff00::'), ('RTA_PRIORITY', 256), ('Interface', 'eth1'), ('RTA_PREF', 0)]] 
[attrs] [[('RTA_TABLE', 255), ('RTA_DST', 'ff00::'), ('RTA_PRIORITY', 256), ('Interface', 'eth0'), ('RTA_PREF', 0)]] 
[attrs] [[('RTA_TABLE', 255), ('RTA_DST', 'ff00::'), ('RTA_PRIORITY', 256), ('Interface', 'wl0'), ('RTA_PREF', 0)]] 
[attrs] [[('RTA_TABLE', 255), ('RTA_DST', 'ff00::'), ('RTA_PRIORITY', 256), ('Interface', 'wl1'), ('RTA_PREF', 0)]] 
[attrs] [[('RTA_TABLE', 255), ('RTA_DST', 'ff00::'), ('RTA_PRIORITY', 256), ('Interface', 'wl0.1'), ('RTA_PREF', 0)]] 
[attrs] [[('RTA_TABLE', 255), ('RTA_DST', 'ff00::'), ('RTA_PRIORITY', 256), ('Interface', 'wl1.1'), ('RTA_PREF', 0)]] 
[attrs] [[('RTA_TABLE', 255), ('RTA_DST', 'ff00::'), ('RTA_PRIORITY', 256), ('Interface', 'br403'), ('RTA_PREF', 0)]] 
[attrs] [[('RTA_TABLE', 255), ('RTA_DST', 'ff00::'), ('RTA_PRIORITY', 256), ('Interface', 'brebhaul'), ('RTA_PREF', 0)]] 
[attrs] [[('RTA_TABLE', 255), ('RTA_DST', 'ff00::'), ('RTA_PRIORITY', 256), ('Interface', 'erouter0'), ('RTA_PREF', 0)]] 
[attrs] [[('RTA_TABLE', 255), ('RTA_DST', 'ff00::'), ('RTA_PRIORITY', 256), ('Interface', 'brlan0'), ('RTA_PREF', 0)]] 
[attrs] [[('RTA_TABLE', 255), ('RTA_DST', 'ff00::'), ('RTA_PRIORITY', 256), ('Interface', 'brlan7'), ('RTA_PREF', 0)]] 

[21.02 seconds] IPv6 Routing Table 100 has changed (excluding RTA_CACHEINFO):
[attrs] [[('RTA_TABLE', 100), ('RTA_DST', '2001:dbd:0:1::252'), ('RTA_PRIORITY', 0), ('Interface', 'mg0'), ('RTA_PREF', 0)]] 
[attrs] [[('RTA_TABLE', 100), ('RTA_DST', '2001:dbd:0:1::252'), ('RTA_PRIORITY', 256), ('Interface', 'mg0'), ('RTA_PREF', 0)]] 
[attrs] [[('RTA_TABLE', 100), ('RTA_DST', 'fe80::'), ('RTA_PRIORITY', 0), ('Interface', 'mg0'), ('RTA_PREF', 0)]] 
[attrs] [[('RTA_TABLE', 100), ('RTA_DST', 'fe80::6e3:1aff:fe75:916'), ('RTA_PRIORITY', 0), ('Interface', 'mg0'), ('RTA_PREF', 0)]] 
[attrs] [[('RTA_TABLE', 100), ('RTA_DST', 'fe80::'), ('RTA_PRIORITY', 256), ('Interface', 'mg0'), ('RTA_PREF', 0)]] 
[attrs] [[('RTA_TABLE', 100), ('RTA_DST', 'ff00::'), ('RTA_PRIORITY', 256), ('Interface', 'mg0'), ('RTA_PREF', 0)]] 
[attrs] [[('RTA_TABLE', 100), ('RTA_METRICS', {'attrs': [('RTAX_HOPLIMIT', 64)]}), ('RTA_PRIORITY', 1024), ('RTA_GATEWAY', 'fe80::216:3eff:fe00:881'), ('Interface', 'mg0'), ('RTA_PREF', 0)]] 

[21.04 seconds] IPv6 Routing Table 200 has changed (excluding RTA_CACHEINFO):
[attrs] [[('RTA_TABLE', 200), ('RTA_DST', '2001:dbc:0:1::251'), ('RTA_PRIORITY', 0), ('Interface', 'voip0'), ('RTA_PREF', 0)]] 
[attrs] [[('RTA_TABLE', 200), ('RTA_DST', '2001:dbc:0:1::251'), ('RTA_PRIORITY', 256), ('Interface', 'voip0'), ('RTA_PREF', 0)]] 
[attrs] [[('RTA_TABLE', 200), ('RTA_DST', 'fe80::'), ('RTA_PRIORITY', 0), ('Interface', 'voip0'), ('RTA_PREF', 0)]] 
[attrs] [[('RTA_TABLE', 200), ('RTA_DST', 'fe80::6e3:1aff:fe75:915'), ('RTA_PRIORITY', 0), ('Interface', 'voip0'), ('RTA_PREF', 0)]] 
[attrs] [[('RTA_TABLE', 200), ('RTA_DST', 'fe80::'), ('RTA_PRIORITY', 256), ('Interface', 'voip0'), ('RTA_PREF', 0)]] 
[attrs] [[('RTA_TABLE', 200), ('RTA_DST', 'ff00::'), ('RTA_PRIORITY', 256), ('Interface', 'voip0'), ('RTA_PREF', 0)]] 
[attrs] [[('RTA_TABLE', 200), ('RTA_METRICS', {'attrs': [('RTAX_HOPLIMIT', 64)]}), ('RTA_PRIORITY', 1024), ('RTA_GATEWAY', 'fe80::216:3eff:fe00:981'), ('Interface', 'voip0'), ('RTA_PREF', 0)]] 

[21.35 seconds] No significant change in IPv6 Routing Table 254.

[21.89 seconds] No significant change in IPv6 Routing Table 255.

[26.26 seconds] No significant change in IPv6 Routing Table 100.

[26.24 seconds] No significant change in IPv6 Routing Table 200.

[26.49 seconds] No significant change in IPv6 Routing Table 254.

[26.99 seconds] No significant change in IPv6 Routing Table 255.

[31.40 seconds] No significant change in IPv6 Routing Table 100.

[31.45 seconds] No significant change in IPv6 Routing Table 200.

[31.64 seconds] No significant change in IPv6 Routing Table 254.

[32.08 seconds] No significant change in IPv6 Routing Table 255.

[36.52 seconds] No significant change in IPv6 Routing Table 100.

[36.55 seconds] No significant change in IPv6 Routing Table 200.

[36.73 seconds] No significant change in IPv6 Routing Table 254.

[37.19 seconds] No significant change in IPv6 Routing Table 255.

[41.61 seconds] No significant change in IPv6 Routing Table 100.

[41.64 seconds] No significant change in IPv6 Routing Table 200.

[41.83 seconds] No significant change in IPv6 Routing Table 254.

[42.29 seconds] No significant change in IPv6 Routing Table 255.

[46.70 seconds] No significant change in IPv6 Routing Table 100.

[46.73 seconds] No significant change in IPv6 Routing Table 200.

[46.92 seconds] No significant change in IPv6 Routing Table 254.

[47.40 seconds] No significant change in IPv6 Routing Table 255.

[51.79 seconds] No significant change in IPv6 Routing Table 100.

[51.81 seconds] No significant change in IPv6 Routing Table 200.

[52.01 seconds] No significant change in IPv6 Routing Table 254.

[52.54 seconds] No significant change in IPv6 Routing Table 255.

[56.88 seconds] No significant change in IPv6 Routing Table 100.

[56.90 seconds] No significant change in IPv6 Routing Table 200.

[57.09 seconds] No significant change in IPv6 Routing Table 254.

[57.64 seconds] No significant change in IPv6 Routing Table 255.

[61.97 seconds] No significant change in IPv6 Routing Table 100.

[61.99 seconds] No significant change in IPv6 Routing Table 200.

[62.18 seconds] No significant change in IPv6 Routing Table 254.

[62.78 seconds] No significant change in IPv6 Routing Table 255.

[67.07 seconds] No significant change in IPv6 Routing Table 100.

[67.09 seconds] No significant change in IPv6 Routing Table 200.

[67.27 seconds] No significant change in IPv6 Routing Table 254.

[67.88 seconds] No significant change in IPv6 Routing Table 255.

[72.18 seconds] No significant change in IPv6 Routing Table 100.

[72.20 seconds] No significant change in IPv6 Routing Table 200.

[72.37 seconds] No significant change in IPv6 Routing Table 254.

[72.98 seconds] No significant change in IPv6 Routing Table 255.

[77.34 seconds] No significant change in IPv6 Routing Table 100.

[77.38 seconds] No significant change in IPv6 Routing Table 200.

[77.52 seconds] No significant change in IPv6 Routing Table 254.

[78.07 seconds] No significant change in IPv6 Routing Table 255.

[82.75 seconds] No significant change in IPv6 Routing Table 100.

[82.71 seconds] No significant change in IPv6 Routing Table 200.

[82.83 seconds] No significant change in IPv6 Routing Table 254.

[83.17 seconds] No significant change in IPv6 Routing Table 255.

[88.07 seconds] No significant change in IPv6 Routing Table 254.

[88.06 seconds] No significant change in IPv6 Routing Table 100.

[88.01 seconds] No significant change in IPv6 Routing Table 200.

[88.27 seconds] No significant change in IPv6 Routing Table 255.

[93.27 seconds] No significant change in IPv6 Routing Table 100.

[93.27 seconds] No significant change in IPv6 Routing Table 254.

[93.38 seconds] No significant change in IPv6 Routing Table 200.

[93.51 seconds] No significant change in IPv6 Routing Table 255.

[98.58 seconds] No significant change in IPv6 Routing Table 100.

[98.65 seconds] No significant change in IPv6 Routing Table 254.

[98.69 seconds] No significant change in IPv6 Routing Table 200.

[98.81 seconds] No significant change in IPv6 Routing Table 255.

[103.77 seconds] No significant change in IPv6 Routing Table 100.

[103.93 seconds] No significant change in IPv6 Routing Table 254.

[103.91 seconds] No significant change in IPv6 Routing Table 200.

[104.06 seconds] No significant change in IPv6 Routing Table 255.

[108.89 seconds] No significant change in IPv6 Routing Table 100.

[109.11 seconds] No significant change in IPv6 Routing Table 200.

[109.29 seconds] No significant change in IPv6 Routing Table 255.

[109.29 seconds] No significant change in IPv6 Routing Table 254.

[113.98 seconds] No significant change in IPv6 Routing Table 100.

[114.27 seconds] No significant change in IPv6 Routing Table 200.

[114.51 seconds] No significant change in IPv6 Routing Table 254.

[114.51 seconds] No significant change in IPv6 Routing Table 255.

[119.07 seconds] No significant change in IPv6 Routing Table 100.

[119.44 seconds] No significant change in IPv6 Routing Table 200.

[119.68 seconds] No significant change in IPv6 Routing Table 254.

[119.71 seconds] No significant change in IPv6 Routing Table 255.

[124.17 seconds] No significant change in IPv6 Routing Table 100.

[124.52 seconds] No significant change in IPv6 Routing Table 200.

[124.86 seconds] No significant change in IPv6 Routing Table 254.

[124.90 seconds] No significant change in IPv6 Routing Table 255.

[129.26 seconds] No significant change in IPv6 Routing Table 100.

[129.61 seconds] No significant change in IPv6 Routing Table 200.

[130.09 seconds] No significant change in IPv6 Routing Table 254.

[130.14 seconds] No significant change in IPv6 Routing Table 255.

[134.39 seconds] No significant change in IPv6 Routing Table 100.

[134.73 seconds] No significant change in IPv6 Routing Table 200.

[135.31 seconds] No significant change in IPv6 Routing Table 254.

[135.35 seconds] No significant change in IPv6 Routing Table 255.

[139.48 seconds] No significant change in IPv6 Routing Table 100.

[139.81 seconds] No significant change in IPv6 Routing Table 200.

[140.52 seconds] No significant change in IPv6 Routing Table 254.

[140.53 seconds] No significant change in IPv6 Routing Table 255.

[144.56 seconds] No significant change in IPv6 Routing Table 100.

[144.90 seconds] No significant change in IPv6 Routing Table 200.

[145.70 seconds] No significant change in IPv6 Routing Table 254.

[145.73 seconds] No significant change in IPv6 Routing Table 255.

[149.65 seconds] No significant change in IPv6 Routing Table 100.

[149.99 seconds] No significant change in IPv6 Routing Table 200.

[150.90 seconds] No significant change in IPv6 Routing Table 254.

[150.93 seconds] No significant change in IPv6 Routing Table 255.

[154.73 seconds] No significant change in IPv6 Routing Table 100.

[155.07 seconds] No significant change in IPv6 Routing Table 200.

[156.21 seconds] No significant change in IPv6 Routing Table 255.

[156.22 seconds] No significant change in IPv6 Routing Table 254.

[159.82 seconds] No significant change in IPv6 Routing Table 100.

[160.16 seconds] No significant change in IPv6 Routing Table 200.

[161.47 seconds] No significant change in IPv6 Routing Table 254.

[161.46 seconds] No significant change in IPv6 Routing Table 255.

[164.91 seconds] No significant change in IPv6 Routing Table 100.

[165.24 seconds] No significant change in IPv6 Routing Table 200.

[166.67 seconds] No significant change in IPv6 Routing Table 254.

[166.68 seconds] No significant change in IPv6 Routing Table 255.

[169.99 seconds] No significant change in IPv6 Routing Table 100.

[170.33 seconds] No significant change in IPv6 Routing Table 200.

[171.86 seconds] No significant change in IPv6 Routing Table 255.

[171.87 seconds] No significant change in IPv6 Routing Table 254.

[175.12 seconds] No significant change in IPv6 Routing Table 100.

[175.41 seconds] No significant change in IPv6 Routing Table 200.

[177.14 seconds] No significant change in IPv6 Routing Table 254.

[177.12 seconds] No significant change in IPv6 Routing Table 255.

[180.21 seconds] No significant change in IPv6 Routing Table 100.

[180.50 seconds] No significant change in IPv6 Routing Table 200.

[182.40 seconds] No significant change in IPv6 Routing Table 255.

[182.38 seconds] No significant change in IPv6 Routing Table 254.

[185.30 seconds] No significant change in IPv6 Routing Table 100.

[185.59 seconds] No significant change in IPv6 Routing Table 200.

[187.59 seconds] No significant change in IPv6 Routing Table 254.

[187.59 seconds] No significant change in IPv6 Routing Table 255.

[190.38 seconds] No significant change in IPv6 Routing Table 100.

[190.67 seconds] No significant change in IPv6 Routing Table 200.

[192.86 seconds] No significant change in IPv6 Routing Table 254.

[192.86 seconds] No significant change in IPv6 Routing Table 255.

[195.48 seconds] No significant change in IPv6 Routing Table 100.

[195.76 seconds] No significant change in IPv6 Routing Table 200.

[198.14 seconds] No significant change in IPv6 Routing Table 254.

[198.16 seconds] No significant change in IPv6 Routing Table 255.

[200.57 seconds] No significant change in IPv6 Routing Table 100.

[200.84 seconds] No significant change in IPv6 Routing Table 200.

[203.34 seconds] No significant change in IPv6 Routing Table 254.

[203.37 seconds] No significant change in IPv6 Routing Table 255.

[205.66 seconds] No significant change in IPv6 Routing Table 100.

[205.93 seconds] No significant change in IPv6 Routing Table 200.

[208.52 seconds] No significant change in IPv6 Routing Table 254.

[208.57 seconds] No significant change in IPv6 Routing Table 255.

[210.75 seconds] No significant change in IPv6 Routing Table 100.

[211.01 seconds] No significant change in IPv6 Routing Table 200.

[213.77 seconds] No significant change in IPv6 Routing Table 254.

[213.79 seconds] No significant change in IPv6 Routing Table 255.

[215.83 seconds] No significant change in IPv6 Routing Table 100.

[216.10 seconds] No significant change in IPv6 Routing Table 200.

[219.02 seconds] No significant change in IPv6 Routing Table 254.

[219.05 seconds] No significant change in IPv6 Routing Table 255.

[220.92 seconds] No significant change in IPv6 Routing Table 100.

[221.19 seconds] No significant change in IPv6 Routing Table 200.

[224.24 seconds] No significant change in IPv6 Routing Table 254.

[224.28 seconds] No significant change in IPv6 Routing Table 255.

[226.01 seconds] No significant change in IPv6 Routing Table 100.

[226.27 seconds] No significant change in IPv6 Routing Table 200.

[229.46 seconds] No significant change in IPv6 Routing Table 254.

[229.50 seconds] No significant change in IPv6 Routing Table 255.

[231.09 seconds] No significant change in IPv6 Routing Table 100.

[231.36 seconds] No significant change in IPv6 Routing Table 200.

[234.65 seconds] No significant change in IPv6 Routing Table 255.

[234.69 seconds] No significant change in IPv6 Routing Table 254.

[236.18 seconds] No significant change in IPv6 Routing Table 100.

[236.45 seconds] No significant change in IPv6 Routing Table 200.

[239.85 seconds] No significant change in IPv6 Routing Table 254.

[239.88 seconds] No significant change in IPv6 Routing Table 255.

[241.26 seconds] No significant change in IPv6 Routing Table 100.

[241.55 seconds] No significant change in IPv6 Routing Table 200.

[245.04 seconds] No significant change in IPv6 Routing Table 254.

[245.09 seconds] No significant change in IPv6 Routing Table 255.

[246.35 seconds] No significant change in IPv6 Routing Table 100.

[246.63 seconds] No significant change in IPv6 Routing Table 200.

[250.20 seconds] No significant change in IPv6 Routing Table 254.

[250.26 seconds] No significant change in IPv6 Routing Table 255.

[251.44 seconds] No significant change in IPv6 Routing Table 100.

[251.72 seconds] No significant change in IPv6 Routing Table 200.

