[0.01 seconds] Routing Rules for ipv6 have changed:
{'FRA_TABLE': 255, 'FRA_PROTOCOL': 2}
{'FRA_TABLE': 254, 'FRA_PROTOCOL': 2, 'FRA_PRIORITY': 32766}

[8.07 seconds] Routing Rules for ipv6 have changed:
{'FRA_TABLE': 255, 'FRA_PROTOCOL': 2}
{'FRA_TABLE': 0, 'FRA_PROTOCOL': 2, 'FRA_PRIORITY': 1000}
{'FRA_TABLE': 254, 'FRA_PROTOCOL': 2, 'FRA_PRIORITY': 32766}

[14.15 seconds] Routing Rules for ipv6 have changed:
{'FRA_TABLE': 255, 'FRA_PROTOCOL': 2}
{'FRA_TABLE': 4, 'FRA_PROTOCOL': 0, 'FRA_PRIORITY': 997, 'FRA_SRC': '2001:dbe:0:1::250'}
{'FRA_TABLE': 3, 'FRA_PROTOCOL': 0, 'FRA_PRIORITY': 998, 'FRA_SRC': '2001:dbe:0:1::250'}
{'FRA_TABLE': 3, 'FRA_PROTOCOL': 0, 'FRA_PRIORITY': 999, 'FRA_DST': '2001:dbe:0:1::129'}
{'FRA_TABLE': 0, 'FRA_PROTOCOL': 2, 'FRA_PRIORITY': 1000}
{'FRA_TABLE': 254, 'FRA_PROTOCOL': 2, 'FRA_PRIORITY': 32766}

[18.27 seconds] Routing Rules for ipv6 have changed:
{'FRA_TABLE': 255, 'FRA_PROTOCOL': 2}
{'FRA_TABLE': 4, 'FRA_PROTOCOL': 0, 'FRA_IIFNAME': 'brlan7', 'FRA_PRIORITY': 993}
{'FRA_TABLE': 3, 'FRA_PROTOCOL': 0, 'FRA_IIFNAME': 'brlan7', 'FRA_PRIORITY': 994}
{'FRA_TABLE': 4, 'FRA_PROTOCOL': 0, 'FRA_IIFNAME': 'brlan0', 'FRA_PRIORITY': 995}
{'FRA_TABLE': 3, 'FRA_PROTOCOL': 0, 'FRA_IIFNAME': 'brlan0', 'FRA_PRIORITY': 996}
{'FRA_TABLE': 4, 'FRA_PROTOCOL': 0, 'FRA_PRIORITY': 997, 'FRA_SRC': '2001:dbe:0:1::250'}
{'FRA_TABLE': 3, 'FRA_PROTOCOL': 0, 'FRA_PRIORITY': 998, 'FRA_SRC': '2001:dbe:0:1::250'}
{'FRA_TABLE': 3, 'FRA_PROTOCOL': 0, 'FRA_PRIORITY': 999, 'FRA_DST': '2001:dbe:0:1::129'}
{'FRA_TABLE': 0, 'FRA_PROTOCOL': 2, 'FRA_PRIORITY': 1000}
{'FRA_TABLE': 254, 'FRA_PROTOCOL': 2, 'FRA_PRIORITY': 32766}

