[0.02 seconds] Routing Rules for ipv4 have changed:
{'FRA_TABLE': 255, 'FRA_PROTOCOL': 2}
{'FRA_TABLE': 254, 'FRA_PROTOCOL': 2, 'FRA_PRIORITY': 32766}
{'FRA_TABLE': 253, 'FRA_PROTOCOL': 2, 'FRA_PRIORITY': 32767}

[2.04 seconds] Routing Rules for ipv4 have changed:
{'FRA_TABLE': 255, 'FRA_PROTOCOL': 2}
{'FRA_TABLE': 3, 'FRA_PROTOCOL': 0, 'FRA_IIFNAME': 'br403', 'FRA_PRIORITY': 32763}
{'FRA_TABLE': 3, 'FRA_PROTOCOL': 0, 'FRA_IIFNAME': 'l2sd0.1060', 'FRA_PRIORITY': 32764}
{'FRA_TABLE': 3, 'FRA_PROTOCOL': 0, 'FRA_IIFNAME': 'l2sd0.4090', 'FRA_PRIORITY': 32765}
{'FRA_TABLE': 254, 'FRA_PROTOCOL': 2, 'FRA_PRIORITY': 32766}
{'FRA_TABLE': 253, 'FRA_PROTOCOL': 2, 'FRA_PRIORITY': 32767}

[6.12 seconds] Routing Rules for ipv4 have changed:
{'FRA_TABLE': 255, 'FRA_PROTOCOL': 2}
{'FRA_TABLE': 16, 'FRA_PROTOCOL': 0, 'FRA_IIFNAME': 'brlan7', 'FRA_PRIORITY': 9}
{'FRA_TABLE': 3, 'FRA_PROTOCOL': 0, 'FRA_IIFNAME': 'brlan7', 'FRA_PRIORITY': 10}
{'FRA_TABLE': 16, 'FRA_PROTOCOL': 0, 'FRA_PRIORITY': 32762, 'FRA_SRC': '192.168.101.1'}
{'FRA_TABLE': 3, 'FRA_PROTOCOL': 0, 'FRA_IIFNAME': 'br403', 'FRA_PRIORITY': 32763}
{'FRA_TABLE': 3, 'FRA_PROTOCOL': 0, 'FRA_IIFNAME': 'l2sd0.1060', 'FRA_PRIORITY': 32764}
{'FRA_TABLE': 3, 'FRA_PROTOCOL': 0, 'FRA_IIFNAME': 'l2sd0.4090', 'FRA_PRIORITY': 32765}
{'FRA_TABLE': 254, 'FRA_PROTOCOL': 2, 'FRA_PRIORITY': 32766}
{'FRA_TABLE': 253, 'FRA_PROTOCOL': 2, 'FRA_PRIORITY': 32767}

[7.17 seconds] Routing Rules for ipv4 have changed:
{'FRA_TABLE': 255, 'FRA_PROTOCOL': 2}
{'FRA_TABLE': 14, 'FRA_PROTOCOL': 0, 'FRA_IIFNAME': 'brlan0', 'FRA_PRIORITY': 7}
{'FRA_TABLE': 14, 'FRA_PROTOCOL': 0, 'FRA_PRIORITY': 8, 'FRA_SRC': '192.168.0.1'}
{'FRA_TABLE': 16, 'FRA_PROTOCOL': 0, 'FRA_IIFNAME': 'brlan7', 'FRA_PRIORITY': 9}
{'FRA_TABLE': 3, 'FRA_PROTOCOL': 0, 'FRA_IIFNAME': 'brlan7', 'FRA_PRIORITY': 10}
{'FRA_TABLE': 3, 'FRA_PROTOCOL': 0, 'FRA_IIFNAME': 'brlan0', 'FRA_PRIORITY': 10}
{'FRA_TABLE': 16, 'FRA_PROTOCOL': 0, 'FRA_PRIORITY': 32762, 'FRA_SRC': '192.168.101.1'}
{'FRA_TABLE': 3, 'FRA_PROTOCOL': 0, 'FRA_IIFNAME': 'br403', 'FRA_PRIORITY': 32763}
{'FRA_TABLE': 3, 'FRA_PROTOCOL': 0, 'FRA_IIFNAME': 'l2sd0.1060', 'FRA_PRIORITY': 32764}
{'FRA_TABLE': 3, 'FRA_PROTOCOL': 0, 'FRA_IIFNAME': 'l2sd0.4090', 'FRA_PRIORITY': 32765}
{'FRA_TABLE': 254, 'FRA_PROTOCOL': 2, 'FRA_PRIORITY': 32766}
{'FRA_TABLE': 253, 'FRA_PROTOCOL': 2, 'FRA_PRIORITY': 32767}

[8.22 seconds] Routing Rules for ipv4 have changed:
{'FRA_TABLE': 255, 'FRA_PROTOCOL': 2}
{'FRA_TABLE': 100, 'FRA_PROTOCOL': 0, 'FRA_OIFNAME': 'mg0'}
{'FRA_TABLE': 100, 'FRA_PROTOCOL': 0, 'FRA_IIFNAME': 'mg0'}
{'FRA_TABLE': 200, 'FRA_PROTOCOL': 0, 'FRA_OIFNAME': 'voip0'}
{'FRA_TABLE': 200, 'FRA_PROTOCOL': 0, 'FRA_IIFNAME': 'voip0'}
{'FRA_TABLE': 14, 'FRA_PROTOCOL': 0, 'FRA_IIFNAME': 'brlan0', 'FRA_PRIORITY': 7}
{'FRA_TABLE': 14, 'FRA_PROTOCOL': 0, 'FRA_PRIORITY': 8, 'FRA_SRC': '192.168.0.1'}
{'FRA_TABLE': 16, 'FRA_PROTOCOL': 0, 'FRA_IIFNAME': 'brlan7', 'FRA_PRIORITY': 9}
{'FRA_TABLE': 3, 'FRA_PROTOCOL': 0, 'FRA_IIFNAME': 'brlan7', 'FRA_PRIORITY': 10}
{'FRA_TABLE': 3, 'FRA_PROTOCOL': 0, 'FRA_IIFNAME': 'brlan0', 'FRA_PRIORITY': 10}
{'FRA_TABLE': 0, 'FRA_PROTOCOL': 2, 'FRA_PRIORITY': 1000}
{'FRA_TABLE': 16, 'FRA_PROTOCOL': 0, 'FRA_PRIORITY': 32762, 'FRA_SRC': '192.168.101.1'}
{'FRA_TABLE': 3, 'FRA_PROTOCOL': 0, 'FRA_IIFNAME': 'br403', 'FRA_PRIORITY': 32763}
{'FRA_TABLE': 3, 'FRA_PROTOCOL': 0, 'FRA_IIFNAME': 'l2sd0.1060', 'FRA_PRIORITY': 32764}
{'FRA_TABLE': 3, 'FRA_PROTOCOL': 0, 'FRA_IIFNAME': 'l2sd0.4090', 'FRA_PRIORITY': 32765}
{'FRA_TABLE': 254, 'FRA_PROTOCOL': 2, 'FRA_PRIORITY': 32766}
{'FRA_TABLE': 253, 'FRA_PROTOCOL': 2, 'FRA_PRIORITY': 32767}

