#1   :  0.07s,   94b, 981,   fe80::6e3:1aff:fe75:915>ff02::16                  ,Ether / Dot1Q / fe80::6e3:1aff:fe75:915 > ff02::16 (0) / IPv6ExtHdrHopByHop / ICMPv6MLReport2,,,
#2   :  0.16s,  134b, 981,   fe80::6e3:1aff:fe75:915>ff02::16                  ,Ether / Dot1Q / fe80::6e3:1aff:fe75:915 > ff02::16 (0) / IPv6ExtHdrHopByHop / ICMPv6MLReport2,,,
#3   :  0.39s,  134b, 881,   fe80::6e3:1aff:fe75:916>ff02::16                  ,Ether / Dot1Q / fe80::6e3:1aff:fe75:916 > ff02::16 (0) / IPv6ExtHdrHopByHop / ICMPv6MLReport2,,,
#4   :  0.39s,   74b, 881,   fe80::6e3:1aff:fe75:916>ff02::2                   ,Ether / Dot1Q / IPv6 / ICMPv6ND_RS / ICMPv6 Neighbor Discovery Option - Source Link-Layer Address 04...,,,
#5   :  0.40s,   94b, 881,   fe80::6e3:1aff:fe75:916>ff02::16                  ,Ether / Dot1Q / fe80::6e3:1aff:fe75:916 > ff02::16 (0) / IPv6ExtHdrHopByHop / ICMPv6MLReport2,,,
#6   :  0.45s,   94b,1081,   fe80::6e3:1aff:fe75:911>ff02::16                  ,Ether / Dot1Q / fe80::6e3:1aff:fe75:911 > ff02::16 (0) / IPv6ExtHdrHopByHop / ICMPv6MLReport2,,,
#7   :  0.49s,   66b,1081,   fe80::6e3:1aff:fe75:911>ff02::2                   ,Ether / Dot1Q / fe80::6e3:1aff:fe75:911 > ff02::2 (58) / ICMPv6ND_RS,,,
#8   :  0.67s,  134b,1081,   fe80::6e3:1aff:fe75:911>ff02::16                  ,Ether / Dot1Q / fe80::6e3:1aff:fe75:911 > ff02::16 (0) / IPv6ExtHdrHopByHop / ICMPv6MLReport2,,,
#9   :  0.71s,   94b, 881,   fe80::6e3:1aff:fe75:916>ff02::16                  ,Ether / Dot1Q / fe80::6e3:1aff:fe75:916 > ff02::16 (0) / IPv6ExtHdrHopByHop / ICMPv6MLReport2,,,
#10  :  1.12s,  134b, 881,   fe80::6e3:1aff:fe75:916>ff02::16                  ,Ether / Dot1Q / fe80::6e3:1aff:fe75:916 > ff02::16 (0) / IPv6ExtHdrHopByHop / ICMPv6MLReport2,,,
#11  :  1.15s,   82b, 981,   fe80::216:3eff:fe00:981>fe80::6e3:1aff:fe75:915   ,Ether / Dot1Q / IPv6 / ICMPv6ND_RA / ICMPv6 Neighbor Discovery Option - Source Link-Layer Address 00...,,,
#12  :  2.65s,   82b,1081,  fe80::216:3eff:fe00:1081>fe80::6e3:1aff:fe75:911   ,Ether / Dot1Q / IPv6 / ICMPv6ND_RA / ICMPv6 Neighbor Discovery Option - Source Link-Layer Address 00...,,,
#13  :  3.85s,  233b, 881,   fe80::6e3:1aff:fe75:916>ff02::1:2                 ,Ether / Dot1Q / IPv6 / UDP fe80::6e3:1aff:fe75:916:dhcpv6_client > ff02::1:2:dhcpv6_server / DHCP6_S...,,,
#14  :  3.86s,  278b, 881,   fe80::216:3eff:fe00:881>fe80::6e3:1aff:fe75:916   ,Ether / Dot1Q / IPv6 / UDP fe80::216:3eff:fe00:881:dhcpv6_server > fe80::6e3:1aff:fe75:916:dhcpv6_cl...,,,
#15  :  3.88s,  279b, 881,   fe80::6e3:1aff:fe75:916>ff02::1:2                 ,Ether / Dot1Q / IPv6 / UDP fe80::6e3:1aff:fe75:916:dhcpv6_client > ff02::1:2:dhcpv6_server / DHCP6_R...,,,
#16  :  3.89s,  278b, 881,   fe80::216:3eff:fe00:881>fe80::6e3:1aff:fe75:916   ,Ether / Dot1Q / IPv6 / UDP fe80::216:3eff:fe00:881:dhcpv6_server > fe80::6e3:1aff:fe75:916:dhcpv6_cl...,,,
#17  :  3.90s,  154b, 881,   fe80::6e3:1aff:fe75:916>ff02::16                  ,Ether / Dot1Q / fe80::6e3:1aff:fe75:916 > ff02::16 (0) / IPv6ExtHdrHopByHop / ICMPv6MLReport2,,,
#18  :  4.15s,   82b, 881,   fe80::216:3eff:fe00:881>fe80::6e3:1aff:fe75:916   ,Ether / Dot1Q / IPv6 / ICMPv6ND_RA / ICMPv6 Neighbor Discovery Option - Source Link-Layer Address 00...,,,
#19  :  4.19s,  237b,1081,   fe80::6e3:1aff:fe75:911>ff02::1:2                 ,Ether / Dot1Q / IPv6 / UDP fe80::6e3:1aff:fe75:911:dhcpv6_client > ff02::1:2:dhcpv6_server / DHCP6_S...,,,
#20  :  4.21s,  238b,1081,  fe80::216:3eff:fe00:1081>fe80::6e3:1aff:fe75:911   ,Ether / Dot1Q / IPv6 / UDP fe80::216:3eff:fe00:1081:dhcpv6_server > fe80::6e3:1aff:fe75:911:dhcpv6_c...,,,
#21  :  4.22s,  255b,1081,   fe80::6e3:1aff:fe75:911>ff02::1:2                 ,Ether / Dot1Q / IPv6 / UDP fe80::6e3:1aff:fe75:911:dhcpv6_client > ff02::1:2:dhcpv6_server / DHCP6_R...,,,
#22  :  4.23s,  238b,1081,  fe80::216:3eff:fe00:1081>fe80::6e3:1aff:fe75:911   ,Ether / Dot1Q / IPv6 / UDP fe80::216:3eff:fe00:1081:dhcpv6_server > fe80::6e3:1aff:fe75:911:dhcpv6_c...,,,
#23  :  4.24s,  154b,1081,   fe80::6e3:1aff:fe75:911>ff02::16                  ,Ether / Dot1Q / fe80::6e3:1aff:fe75:911 > ff02::16 (0) / IPv6ExtHdrHopByHop / ICMPv6MLReport2,,,
#24  :  4.25s,   90b, 881,                        ::>ff02::1:ff00:252          ,Ether / Dot1Q / IPv6 / ICMPv6 Neighbor Discovery - Neighbor Solicitation (tgt: 2001:dbd:0:1::252) / ...,,,
#25  :  4.28s,  406b,1081,                   0.0.0.0>255.255.255.255           ,Ether / Dot1Q / IP / UDP / BOOTP / DHCP Discover,,,
#26  :  4.28s,   66b,1081,              10.178.200.1>10.178.200.101            ,Ether / Dot1Q / IP / ICMP 10.178.200.1 > 10.178.200.101 echo-request 0 / Raw,,,
#27  :  4.51s,  154b, 881,   fe80::6e3:1aff:fe75:916>ff02::16                  ,Ether / Dot1Q / fe80::6e3:1aff:fe75:916 > ff02::16 (0) / IPv6ExtHdrHopByHop / ICMPv6MLReport2,,,
#28  :  4.99s,  154b,1081,   fe80::6e3:1aff:fe75:911>ff02::16                  ,Ether / Dot1Q / fe80::6e3:1aff:fe75:911 > ff02::16 (0) / IPv6ExtHdrHopByHop / ICMPv6MLReport2,,,
#29  :  5.12s,   90b,1081,                        ::>ff02::1:ff00:250          ,Ether / Dot1Q / IPv6 / ICMPv6 Neighbor Discovery - Neighbor Solicitation (tgt: 2001:dbe:0:1::250) / ...,,,
#30  :  5.28s,  346b,1081,              10.178.200.1>10.178.200.101            ,Ether / Dot1Q / IP / UDP / BOOTP / DHCP Offer,,,
#31  :  5.31s,  418b,1081,                   0.0.0.0>255.255.255.255           ,Ether / Dot1Q / IP / UDP / BOOTP / DHCP Request,,,
#32  :  5.32s,  346b,1081,              10.178.200.1>10.178.200.101            ,Ether / Dot1Q / IP / UDP / BOOTP / DHCP Ack,,,
#33  :  5.65s,   82b,1081,  fe80::216:3eff:fe00:1081>fe80::6e3:1aff:fe75:911   ,Ether / Dot1Q / IPv6 / ICMPv6ND_RA / ICMPv6 Neighbor Discovery Option - Source Link-Layer Address 00...,,,
#34  :  5.73s,  164b, 981,   fe80::6e3:1aff:fe75:915>ff02::1:2                 ,Ether / Dot1Q / IPv6 / UDP fe80::6e3:1aff:fe75:915:dhcpv6_client > ff02::1:2:dhcpv6_server / DHCP6_S...,,,
#35  :  5.74s,  194b, 981,   fe80::216:3eff:fe00:981>fe80::6e3:1aff:fe75:915   ,Ether / Dot1Q / IPv6 / UDP fe80::216:3eff:fe00:981:dhcpv6_server > fe80::6e3:1aff:fe75:915:dhcpv6_cl...,,,
#36  :  5.75s,  210b, 981,   fe80::6e3:1aff:fe75:915>ff02::1:2                 ,Ether / Dot1Q / IPv6 / UDP fe80::6e3:1aff:fe75:915:dhcpv6_client > ff02::1:2:dhcpv6_server / DHCP6_R...,,,
#37  :  5.76s,  194b, 981,   fe80::216:3eff:fe00:981>fe80::6e3:1aff:fe75:915   ,Ether / Dot1Q / IPv6 / UDP fe80::216:3eff:fe00:981:dhcpv6_server > fe80::6e3:1aff:fe75:915:dhcpv6_cl...,,,
#38  :  5.77s,  154b, 981,   fe80::6e3:1aff:fe75:915>ff02::16                  ,Ether / Dot1Q / fe80::6e3:1aff:fe75:915 > ff02::16 (0) / IPv6ExtHdrHopByHop / ICMPv6MLReport2,,,
#39  :  6.02s,  154b, 981,   fe80::6e3:1aff:fe75:915>ff02::16                  ,Ether / Dot1Q / fe80::6e3:1aff:fe75:915 > ff02::16 (0) / IPv6ExtHdrHopByHop / ICMPv6MLReport2,,,
#40  :  6.17s,   90b, 981,   fe80::216:3eff:fe00:981>fe80::6e3:1aff:fe75:915   ,Ether / Dot1Q / IPv6 / ICMPv6ND_NS / ICMPv6 Neighbor Discovery Option - Source Link-Layer Address 00...,,,
#41  :  6.19s,   82b, 981,   fe80::6e3:1aff:fe75:915>fe80::216:3eff:fe00:981   ,Ether / Dot1Q / IPv6 / ICMPv6 Neighbor Discovery - Neighbor Advertisement (tgt: fe80::6e3:1aff:fe75:...,,,
#42  :  6.46s,   90b, 981,                        ::>ff02::1:ff00:251          ,Ether / Dot1Q / IPv6 / ICMPv6 Neighbor Discovery - Neighbor Solicitation (tgt: 2001:dbc:0:1::251) / ...,,,
#43  :  7.71s,   90b,1081,  fe80::216:3eff:fe00:1081>fe80::6e3:1aff:fe75:911   ,Ether / Dot1Q / IPv6 / ICMPv6ND_NS / ICMPv6 Neighbor Discovery Option - Source Link-Layer Address 00...,,,
#44  :  7.72s,   82b,1081,   fe80::6e3:1aff:fe75:911>fe80::216:3eff:fe00:1081  ,Ether / Dot1Q / IPv6 / ICMPv6 Neighbor Discovery - Neighbor Advertisement (tgt: fe80::6e3:1aff:fe75:...,,,
#45  :  8.99s,   90b, 881,   fe80::216:3eff:fe00:881>fe80::6e3:1aff:fe75:916   ,Ether / Dot1Q / IPv6 / ICMPv6ND_NS / ICMPv6 Neighbor Discovery Option - Source Link-Layer Address 00...,,,
#46  :  8.99s,   82b, 881,   fe80::6e3:1aff:fe75:916>fe80::216:3eff:fe00:881   ,Ether / Dot1Q / IPv6 / ICMPv6 Neighbor Discovery - Neighbor Advertisement (tgt: fe80::6e3:1aff:fe75:...,,,
#47  :  9.50s,   46b,1081,                     No IP>No IP                     ,Ether / Dot1Q / ARP who has 10.178.200.101 says 10.178.200.1,,,
#48  :  9.50s,   46b,1081,                     No IP>No IP                     ,Ether / Dot1Q / ARP is at 04:e3:1a:75:09:11 says 10.178.200.101,,,
#49  : 11.30s,   90b, 981,   fe80::6e3:1aff:fe75:915>fe80::216:3eff:fe00:981   ,Ether / Dot1Q / IPv6 / ICMPv6ND_NS / ICMPv6 Neighbor Discovery Option - Source Link-Layer Address 04...,,,
#50  : 11.30s,   82b, 981,   fe80::216:3eff:fe00:981>fe80::6e3:1aff:fe75:915   ,Ether / Dot1Q / IPv6 / ICMPv6 Neighbor Discovery - Neighbor Advertisement (tgt: fe80::216:3eff:fe00:...,,,
#51  : 12.83s,   90b,1081,   fe80::6e3:1aff:fe75:911>fe80::216:3eff:fe00:1081  ,Ether / Dot1Q / IPv6 / ICMPv6ND_NS / ICMPv6 Neighbor Discovery Option - Source Link-Layer Address 04...,,,
#52  : 12.83s,   82b,1081,  fe80::216:3eff:fe00:1081>fe80::6e3:1aff:fe75:911   ,Ether / Dot1Q / IPv6 / ICMPv6 Neighbor Discovery - Neighbor Advertisement (tgt: fe80::216:3eff:fe00:...,,,
#53  : 14.11s,   90b, 881,   fe80::6e3:1aff:fe75:916>fe80::216:3eff:fe00:881   ,Ether / Dot1Q / IPv6 / ICMPv6ND_NS / ICMPv6 Neighbor Discovery Option - Source Link-Layer Address 04...,,,
#54  : 14.11s,   82b, 881,   fe80::216:3eff:fe00:881>fe80::6e3:1aff:fe75:916   ,Ether / Dot1Q / IPv6 / ICMPv6 Neighbor Discovery - Neighbor Advertisement (tgt: fe80::216:3eff:fe00:...,,,
#55  : 38.39s,   82b, 881,   fe80::216:3eff:fe00:881>ff02::1                   ,Ether / Dot1Q / IPv6 / ICMPv6ND_RA / ICMPv6 Neighbor Discovery Option - Source Link-Layer Address 00...,,,
#56  : 42.25s,  102b, 881,         2001:dbd:0:1::252>2001:dbd:0:1::129         ,Ether / Dot1Q / IPv6 / UDP / DNS Qry "b'ntp2.revdomain.com.'" ,,,
#57  : 42.26s,  102b, 881,         2001:dbd:0:1::252>2001:dbd:0:1::129         ,Ether / Dot1Q / IPv6 / UDP / DNS Qry "b'ntp2.revdomain.com.'" ,,,
#58  : 42.26s,  118b, 881,         2001:dbd:0:1::129>2001:dbd:0:1::252         ,Ether / Dot1Q / IPv6 / UDP / DNS Ans "10.177.200.1" ,,,
#59  : 42.27s,  130b, 881,         2001:dbd:0:1::129>2001:dbd:0:1::252         ,Ether / Dot1Q / IPv6 / UDP / DNS Ans "2001:dbd:0:1::129" ,,,
#60  : 47.39s,   90b, 881,   fe80::216:3eff:fe00:881>2001:dbd:0:1::252         ,Ether / Dot1Q / IPv6 / ICMPv6ND_NS / ICMPv6 Neighbor Discovery Option - Source Link-Layer Address 00...,,,
#61  : 47.39s,   82b, 881,         2001:dbd:0:1::252>fe80::216:3eff:fe00:881   ,Ether / Dot1Q / IPv6 / ICMPv6 Neighbor Discovery - Neighbor Advertisement (tgt: 2001:dbd:0:1::252),,,
#62  : 48.25s,  114b, 881,         2001:dbd:0:1::252>2001:dbd:0:1::129         ,Ether / Dot1Q / IPv6 / UDP / NTP v??, ??,,,
#63  : 48.26s,  114b, 881,         2001:dbd:0:1::129>2001:dbd:0:1::252         ,Ether / Dot1Q / IPv6 / UDP / NTP v??, ??,,,
#64  : 50.25s,  114b, 881,         2001:dbd:0:1::252>2001:dbd:0:1::129         ,Ether / Dot1Q / IPv6 / UDP / NTP v??, ??,,,
#65  : 50.26s,  114b, 881,         2001:dbd:0:1::129>2001:dbd:0:1::252         ,Ether / Dot1Q / IPv6 / UDP / NTP v??, ??,,,
#66  : 52.25s,  114b, 881,         2001:dbd:0:1::252>2001:dbd:0:1::129         ,Ether / Dot1Q / IPv6 / UDP / NTP v??, ??,,,
#67  : 52.25s,  114b, 881,         2001:dbd:0:1::129>2001:dbd:0:1::252         ,Ether / Dot1Q / IPv6 / UDP / NTP v??, ??,,,
#68  : 54.25s,  114b, 881,         2001:dbd:0:1::252>2001:dbd:0:1::129         ,Ether / Dot1Q / IPv6 / UDP / NTP v??, ??,,,
#69  : 54.26s,  114b, 881,         2001:dbd:0:1::129>2001:dbd:0:1::252         ,Ether / Dot1Q / IPv6 / UDP / NTP v??, ??,,,
#70  : 57.64s,  102b, 881,         2001:dbd:0:1::252>2001:dbd:0:1::129         ,Ether / Dot1Q / IPv6 / UDP / DNS Qry "b'ntp2.revdomain.com.'" ,,,
#71  : 57.65s,  102b, 881,         2001:dbd:0:1::252>2001:dbd:0:1::129         ,Ether / Dot1Q / IPv6 / UDP / DNS Qry "b'ntp2.revdomain.com.'" ,,,
#72  : 57.65s,  118b, 881,         2001:dbd:0:1::129>2001:dbd:0:1::252         ,Ether / Dot1Q / IPv6 / UDP / DNS Ans "10.177.200.1" ,,,
#73  : 57.66s,  130b, 881,         2001:dbd:0:1::129>2001:dbd:0:1::252         ,Ether / Dot1Q / IPv6 / UDP / DNS Ans "2001:dbd:0:1::129" ,,,
#74  : 58.54s,  102b, 881,         2001:dbd:0:1::252>2001:dbd:0:1::129         ,Ether / Dot1Q / IPv6 / UDP / DNS Qry "b'acs2.revdomain.com.'" ,,,
#75  : 58.54s,  118b, 881,         2001:dbd:0:1::129>2001:dbd:0:1::252         ,Ether / Dot1Q / IPv6 / UDP / DNS Ans "10.10.10.200" ,,,
#76  : 58.58s,  102b, 881,         2001:dbd:0:1::252>2001:dbd:0:1::129         ,Ether / Dot1Q / IPv6 / UDP / DNS Qry "b'acs2.revdomain.com.'" ,,,
#77  : 58.59s,  130b, 881,         2001:dbd:0:1::129>2001:dbd:0:1::252         ,Ether / Dot1Q / IPv6 / UDP / DNS Ans "2001:dbf:0:1::200" ,,,
#78  : 58.59s,   98b, 881,         2001:dbd:0:1::252>2001:dbf:0:1::200         ,Ether / Dot1Q / IPv6 / TCP 2001:dbd:0:1::252:45976 > 2001:dbf:0:1::200:9675 S,,,
#79  : 58.60s,   98b, 881,         2001:dbf:0:1::200>2001:dbd:0:1::252         ,Ether / Dot1Q / IPv6 / TCP 2001:dbf:0:1::200:9675 > 2001:dbd:0:1::252:45976 SA,,,
#80  : 58.60s,   90b, 881,         2001:dbd:0:1::252>2001:dbf:0:1::200         ,Ether / Dot1Q / IPv6 / TCP 2001:dbd:0:1::252:45976 > 2001:dbf:0:1::200:9675 A,,,
#81  : 58.61s,  222b, 881,         2001:dbd:0:1::252>2001:dbf:0:1::200         ,Ether / Dot1Q / IPv6 / TCP 2001:dbd:0:1::252:45976 > 2001:dbf:0:1::200:9675 PA / Raw,http: Detected,,inform: Detected
#82  : 58.61s,   90b, 881,         2001:dbf:0:1::200>2001:dbd:0:1::252         ,Ether / Dot1Q / IPv6 / TCP 2001:dbf:0:1::200:9675 > 2001:dbd:0:1::252:45976 A,,,
#83  : 58.61s, 2441b, 881,         2001:dbd:0:1::252>2001:dbf:0:1::200         ,Ether / Dot1Q / IPv6 / TCP 2001:dbd:0:1::252:45976 > 2001:dbf:0:1::200:9675 PA / Raw,,soap: Detected,
#84  : 58.62s,   90b, 881,         2001:dbf:0:1::200>2001:dbd:0:1::252         ,Ether / Dot1Q / IPv6 / TCP 2001:dbf:0:1::200:9675 > 2001:dbd:0:1::252:45976 A,,,
#85  : 58.64s,  846b, 881,         2001:dbf:0:1::200>2001:dbd:0:1::252         ,Ether / Dot1Q / IPv6 / TCP 2001:dbf:0:1::200:9675 > 2001:dbd:0:1::252:45976 PA / Raw,http: Detected,,
#86  : 58.65s,   90b, 881,         2001:dbd:0:1::252>2001:dbf:0:1::200         ,Ether / Dot1Q / IPv6 / TCP 2001:dbd:0:1::252:45976 > 2001:dbf:0:1::200:9675 A,,,
#87  : 58.84s,  250b, 881,         2001:dbd:0:1::252>2001:dbf:0:1::200         ,Ether / Dot1Q / IPv6 / TCP 2001:dbd:0:1::252:45976 > 2001:dbf:0:1::200:9675 PA / Raw,http: Detected,,
#88  : 58.85s,   90b, 881,         2001:dbf:0:1::200>2001:dbd:0:1::252         ,Ether / Dot1Q / IPv6 / TCP 2001:dbf:0:1::200:9675 > 2001:dbd:0:1::252:45976 A,,,
#89  : 58.89s, 1602b, 881,         2001:dbf:0:1::200>2001:dbd:0:1::252         ,Ether / Dot1Q / IPv6 / TCP 2001:dbf:0:1::200:9675 > 2001:dbd:0:1::252:45976 PA / Raw,http: Detected,,
#90  : 58.89s,   90b, 881,         2001:dbd:0:1::252>2001:dbf:0:1::200         ,Ether / Dot1Q / IPv6 / TCP 2001:dbd:0:1::252:45976 > 2001:dbf:0:1::200:9675 A,,,
#91  : 58.90s,  304b, 881,         2001:dbd:0:1::252>2001:dbf:0:1::200         ,Ether / Dot1Q / IPv6 / TCP 2001:dbd:0:1::252:45976 > 2001:dbf:0:1::200:9675 PA / Raw,http: Detected,,
#92  : 58.90s,   90b, 881,         2001:dbf:0:1::200>2001:dbd:0:1::252         ,Ether / Dot1Q / IPv6 / TCP 2001:dbf:0:1::200:9675 > 2001:dbd:0:1::252:45976 A,,,
#93  : 58.91s,  610b, 881,         2001:dbd:0:1::252>2001:dbf:0:1::200         ,Ether / Dot1Q / IPv6 / TCP 2001:dbd:0:1::252:45976 > 2001:dbf:0:1::200:9675 PA / Raw,,soap: Detected,
#94  : 58.91s,   90b, 881,         2001:dbf:0:1::200>2001:dbd:0:1::252         ,Ether / Dot1Q / IPv6 / TCP 2001:dbf:0:1::200:9675 > 2001:dbd:0:1::252:45976 A,,,
#95  : 59.02s,  304b, 881,         2001:dbf:0:1::200>2001:dbd:0:1::252         ,Ether / Dot1Q / IPv6 / TCP 2001:dbf:0:1::200:9675 > 2001:dbd:0:1::252:45976 PA / Raw,http: Detected,,
#96  : 59.07s,   90b, 881,         2001:dbd:0:1::252>2001:dbf:0:1::200         ,Ether / Dot1Q / IPv6 / TCP 2001:dbd:0:1::252:45976 > 2001:dbf:0:1::200:9675 A,,,
#97  : 60.73s,   90b, 881,         2001:dbd:0:1::252>2001:dbf:0:1::200         ,Ether / Dot1Q / IPv6 / TCP 2001:dbd:0:1::252:45976 > 2001:dbf:0:1::200:9675 FA,,,
#98  : 60.73s,   90b, 881,         2001:dbf:0:1::200>2001:dbd:0:1::252         ,Ether / Dot1Q / IPv6 / TCP 2001:dbf:0:1::200:9675 > 2001:dbd:0:1::252:45976 FA,,,
#99  : 60.74s,   90b, 881,         2001:dbd:0:1::252>2001:dbf:0:1::200         ,Ether / Dot1Q / IPv6 / TCP 2001:dbd:0:1::252:45976 > 2001:dbf:0:1::200:9675 A,,,
#100 : 61.04s,  101b, 881,         2001:dbd:0:1::252>2001:dbd:0:1::129         ,Ether / Dot1Q / IPv6 / UDP / DNS Qry "b'fw2.revdomain.com.'" ,,,
#101 : 61.04s,  101b, 881,         2001:dbd:0:1::252>2001:dbd:0:1::129         ,Ether / Dot1Q / IPv6 / UDP / DNS Qry "b'fw2.revdomain.com.'" ,,,
#102 : 61.05s,  117b, 881,         2001:dbd:0:1::129>2001:dbd:0:1::252         ,Ether / Dot1Q / IPv6 / UDP / DNS Ans "10.177.200.1" ,,,
#103 : 61.06s,  129b, 881,         2001:dbd:0:1::129>2001:dbd:0:1::252         ,Ether / Dot1Q / IPv6 / UDP / DNS Ans "2001:dbd:0:1::129" ,,,
#104 : 61.06s,   98b, 881,         2001:dbd:0:1::252>2001:dbd:0:1::129         ,Ether / Dot1Q / IPv6 / TCP 2001:dbd:0:1::252:52364 > 2001:dbd:0:1::129:http S,,,
#105 : 61.06s,   98b, 881,         2001:dbd:0:1::129>2001:dbd:0:1::252         ,Ether / Dot1Q / IPv6 / TCP 2001:dbd:0:1::129:http > 2001:dbd:0:1::252:52364 SA,,,
#106 : 61.07s,   90b, 881,         2001:dbd:0:1::252>2001:dbd:0:1::129         ,Ether / Dot1Q / IPv6 / TCP 2001:dbd:0:1::252:52364 > 2001:dbd:0:1::129:http A,,,
#107 : 61.07s,  369b, 881,         2001:dbd:0:1::252>2001:dbd:0:1::129         ,Ether / Dot1Q / IPv6 / TCP 2001:dbd:0:1::252:52364 > 2001:dbd:0:1::129:http PA / Raw,http: Detected,,
#108 : 61.08s,   90b, 881,         2001:dbd:0:1::129>2001:dbd:0:1::252         ,Ether / Dot1Q / IPv6 / TCP 2001:dbd:0:1::129:http > 2001:dbd:0:1::252:52364 A,,,
#109 : 61.08s, 5299b, 881,         2001:dbd:0:1::129>2001:dbd:0:1::252         ,Ether / Dot1Q / IPv6 / TCP 2001:dbd:0:1::129:http > 2001:dbd:0:1::252:52364 PA / Raw,http: Detected,,
#110 : 61.08s,   90b, 881,         2001:dbd:0:1::252>2001:dbd:0:1::129         ,Ether / Dot1Q / IPv6 / TCP 2001:dbd:0:1::252:52364 > 2001:dbd:0:1::129:http A,,,
#111 : 61.09s,   90b, 881,         2001:dbd:0:1::252>2001:dbd:0:1::129         ,Ether / Dot1Q / IPv6 / TCP 2001:dbd:0:1::252:52364 > 2001:dbd:0:1::129:http FA,,,
#112 : 61.09s,   90b, 881,         2001:dbd:0:1::129>2001:dbd:0:1::252         ,Ether / Dot1Q / IPv6 / TCP 2001:dbd:0:1::129:http > 2001:dbd:0:1::252:52364 FA,,,
#113 : 61.10s,   90b, 881,         2001:dbd:0:1::252>2001:dbd:0:1::129         ,Ether / Dot1Q / IPv6 / TCP 2001:dbd:0:1::252:52364 > 2001:dbd:0:1::129:http A,,,
