#1   :  0.08s,   70b,  no,   fe80::6e3:1aff:fe75:911>ff02::2                   ,Ether / IPv6 / ICMPv6ND_RS / ICMPv6 Neighbor Discovery Option - Source Link-Layer Address 04:e3:1a:7...,,,
#2   :  6.11s,   90b, 981,                        ::>ff02::1:ff75:915          ,Ether / Dot1Q / IPv6 / ICMPv6 Neighbor Discovery - Neighbor Solicitation (tgt: fe80::6e3:1aff:fe75:9...,,,
#3   :  6.36s,   90b,1081,                        ::>ff02::1:ff75:911          ,Ether / Dot1Q / IPv6 / ICMPv6 Neighbor Discovery - Neighbor Solicitation (tgt: fe80::6e3:1aff:fe75:9...,,,
#4   :  6.84s,   90b, 881,                        ::>ff02::1:ff75:916          ,Ether / Dot1Q / IPv6 / ICMPv6 Neighbor Discovery - Neighbor Solicitation (tgt: fe80::6e3:1aff:fe75:9...,,,
#5   :  7.14s,   74b, 981,   fe80::6e3:1aff:fe75:915>ff02::2                   ,Ether / Dot1Q / IPv6 / ICMPv6ND_RS / ICMPv6 Neighbor Discovery Option - Source Link-Layer Address 04...,,,
#6   :  7.40s,   74b,1081,   fe80::6e3:1aff:fe75:911>ff02::2                   ,Ether / Dot1Q / IPv6 / ICMPv6ND_RS / ICMPv6 Neighbor Discovery Option - Source Link-Layer Address 04...,,,
#7   :  7.89s,   74b, 881,   fe80::6e3:1aff:fe75:916>ff02::2                   ,Ether / Dot1Q / IPv6 / ICMPv6ND_RS / ICMPv6 Neighbor Discovery Option - Source Link-Layer Address 04...,,,
#8   :  8.21s,   66b,1081,   fe80::6e3:1aff:fe75:911>ff02::2                   ,Ether / Dot1Q / fe80::6e3:1aff:fe75:911 > ff02::2 (58) / ICMPv6ND_RS,,,
#9   :  8.63s,   82b, 981,   fe80::216:3eff:fe00:981>fe80::6e3:1aff:fe75:915   ,Ether / Dot1Q / IPv6 / ICMPv6ND_RA / ICMPv6 Neighbor Discovery Option - Source Link-Layer Address 00...,,,
#10  : 10.13s,   82b,1081,  fe80::216:3eff:fe00:1081>fe80::6e3:1aff:fe75:911   ,Ether / Dot1Q / IPv6 / ICMPv6ND_RA / ICMPv6 Neighbor Discovery Option - Source Link-Layer Address 00...,,,
#11  : 11.57s,  237b,1081,   fe80::6e3:1aff:fe75:911>ff02::1:2                 ,Ether / Dot1Q / IPv6 / UDP fe80::6e3:1aff:fe75:911:dhcpv6_client > ff02::1:2:dhcpv6_server / DHCP6_S...,,,
#12  : 11.59s,  238b,1081,  fe80::216:3eff:fe00:1081>fe80::6e3:1aff:fe75:911   ,Ether / Dot1Q / IPv6 / UDP fe80::216:3eff:fe00:1081:dhcpv6_server > fe80::6e3:1aff:fe75:911:dhcpv6_c...,,,
#13  : 11.60s,  255b,1081,   fe80::6e3:1aff:fe75:911>ff02::1:2                 ,Ether / Dot1Q / IPv6 / UDP fe80::6e3:1aff:fe75:911:dhcpv6_client > ff02::1:2:dhcpv6_server / DHCP6_R...,,,
#14  : 11.62s,  238b,1081,  fe80::216:3eff:fe00:1081>fe80::6e3:1aff:fe75:911   ,Ether / Dot1Q / IPv6 / UDP fe80::216:3eff:fe00:1081:dhcpv6_server > fe80::6e3:1aff:fe75:911:dhcpv6_c...,,,
#15  : 11.63s,   82b, 881,   fe80::216:3eff:fe00:881>fe80::6e3:1aff:fe75:916   ,Ether / Dot1Q / IPv6 / ICMPv6ND_RA / ICMPv6 Neighbor Discovery Option - Source Link-Layer Address 00...,,,
#16  : 11.67s,  406b,1081,                   0.0.0.0>255.255.255.255           ,Ether / Dot1Q / IP / UDP / BOOTP / DHCP Discover,,,
#17  : 11.67s,   66b,1081,              10.178.200.1>10.178.200.101            ,Ether / Dot1Q / IP / ICMP 10.178.200.1 > 10.178.200.101 echo-request 0 / Raw,,,
#18  : 12.02s,   90b,1081,                        ::>ff02::1:ff00:250          ,Ether / Dot1Q / IPv6 / ICMPv6 Neighbor Discovery - Neighbor Solicitation (tgt: 2001:dbe:0:1::250) / ...,,,
#19  : 12.67s,  346b,1081,              10.178.200.1>10.178.200.101            ,Ether / Dot1Q / IP / UDP / BOOTP / DHCP Offer,,,
#20  : 12.70s,  418b,1081,                   0.0.0.0>255.255.255.255           ,Ether / Dot1Q / IP / UDP / BOOTP / DHCP Request,,,
#21  : 12.71s,  346b,1081,              10.178.200.1>10.178.200.101            ,Ether / Dot1Q / IP / UDP / BOOTP / DHCP Ack,,,
#22  : 13.11s,  233b, 881,   fe80::6e3:1aff:fe75:916>ff02::1:2                 ,Ether / Dot1Q / IPv6 / UDP fe80::6e3:1aff:fe75:916:dhcpv6_client > ff02::1:2:dhcpv6_server / DHCP6_S...,,,
#23  : 13.13s,  278b, 881,   fe80::216:3eff:fe00:881>fe80::6e3:1aff:fe75:916   ,Ether / Dot1Q / IPv6 / UDP fe80::216:3eff:fe00:881:dhcpv6_server > fe80::6e3:1aff:fe75:916:dhcpv6_cl...,,,
#24  : 13.14s,  279b, 881,   fe80::6e3:1aff:fe75:916>ff02::1:2                 ,Ether / Dot1Q / IPv6 / UDP fe80::6e3:1aff:fe75:916:dhcpv6_client > ff02::1:2:dhcpv6_server / DHCP6_R...,,,
#25  : 13.16s,  278b, 881,   fe80::216:3eff:fe00:881>fe80::6e3:1aff:fe75:916   ,Ether / Dot1Q / IPv6 / UDP fe80::216:3eff:fe00:881:dhcpv6_server > fe80::6e3:1aff:fe75:916:dhcpv6_cl...,,,
#26  : 13.16s,   82b,1081,  fe80::216:3eff:fe00:1081>fe80::6e3:1aff:fe75:911   ,Ether / Dot1Q / IPv6 / ICMPv6ND_RA / ICMPv6 Neighbor Discovery Option - Source Link-Layer Address 00...,,,
#27  : 13.30s,   90b, 881,                        ::>ff02::1:ff00:252          ,Ether / Dot1Q / IPv6 / ICMPv6 Neighbor Discovery - Neighbor Solicitation (tgt: 2001:dbd:0:1::252) / ...,,,
#28  : 13.52s,  164b, 981,   fe80::6e3:1aff:fe75:915>ff02::1:2                 ,Ether / Dot1Q / IPv6 / UDP fe80::6e3:1aff:fe75:915:dhcpv6_client > ff02::1:2:dhcpv6_server / DHCP6_S...,,,
#29  : 13.53s,  194b, 981,   fe80::216:3eff:fe00:981>fe80::6e3:1aff:fe75:915   ,Ether / Dot1Q / IPv6 / UDP fe80::216:3eff:fe00:981:dhcpv6_server > fe80::6e3:1aff:fe75:915:dhcpv6_cl...,,,
#30  : 13.54s,  210b, 981,   fe80::6e3:1aff:fe75:915>ff02::1:2                 ,Ether / Dot1Q / IPv6 / UDP fe80::6e3:1aff:fe75:915:dhcpv6_client > ff02::1:2:dhcpv6_server / DHCP6_R...,,,
#31  : 13.55s,  194b, 981,   fe80::216:3eff:fe00:981>fe80::6e3:1aff:fe75:915   ,Ether / Dot1Q / IPv6 / UDP fe80::216:3eff:fe00:981:dhcpv6_server > fe80::6e3:1aff:fe75:915:dhcpv6_cl...,,,
#32  : 13.64s,   90b, 981,                        ::>ff02::1:ff00:251          ,Ether / Dot1Q / IPv6 / ICMPv6 Neighbor Discovery - Neighbor Solicitation (tgt: 2001:dbc:0:1::251) / ...,,,
#33  : 13.66s,   90b, 981,   fe80::216:3eff:fe00:981>fe80::6e3:1aff:fe75:915   ,Ether / Dot1Q / IPv6 / ICMPv6ND_NS / ICMPv6 Neighbor Discovery Option - Source Link-Layer Address 00...,,,
#34  : 13.66s,   82b, 981,   fe80::6e3:1aff:fe75:915>fe80::216:3eff:fe00:981   ,Ether / Dot1Q / IPv6 / ICMPv6 Neighbor Discovery - Neighbor Advertisement (tgt: fe80::6e3:1aff:fe75:...,,,
#35  : 15.19s,   90b,1081,  fe80::216:3eff:fe00:1081>fe80::6e3:1aff:fe75:911   ,Ether / Dot1Q / IPv6 / ICMPv6ND_NS / ICMPv6 Neighbor Discovery Option - Source Link-Layer Address 00...,,,
#36  : 15.20s,   82b,1081,   fe80::6e3:1aff:fe75:911>fe80::216:3eff:fe00:1081  ,Ether / Dot1Q / IPv6 / ICMPv6 Neighbor Discovery - Neighbor Advertisement (tgt: fe80::6e3:1aff:fe75:...,,,
#37  : 16.72s,   46b,1081,                     No IP>No IP                     ,Ether / Dot1Q / ARP who has 10.178.200.101 says 10.178.200.1,,,
#38  : 16.73s,   46b,1081,                     No IP>No IP                     ,Ether / Dot1Q / ARP is at 04:e3:1a:75:09:11 says 10.178.200.101,,,
#39  : 16.74s,   90b, 881,   fe80::216:3eff:fe00:881>fe80::6e3:1aff:fe75:916   ,Ether / Dot1Q / IPv6 / ICMPv6ND_NS / ICMPv6 Neighbor Discovery Option - Source Link-Layer Address 00...,,,
#40  : 16.74s,   82b, 881,   fe80::6e3:1aff:fe75:916>fe80::216:3eff:fe00:881   ,Ether / Dot1Q / IPv6 / ICMPv6 Neighbor Discovery - Neighbor Advertisement (tgt: fe80::6e3:1aff:fe75:...,,,
#41  : 18.77s,   90b, 981,   fe80::6e3:1aff:fe75:915>fe80::216:3eff:fe00:981   ,Ether / Dot1Q / IPv6 / ICMPv6ND_NS / ICMPv6 Neighbor Discovery Option - Source Link-Layer Address 04...,,,
#42  : 18.77s,   82b, 981,   fe80::216:3eff:fe00:981>fe80::6e3:1aff:fe75:915   ,Ether / Dot1Q / IPv6 / ICMPv6 Neighbor Discovery - Neighbor Advertisement (tgt: fe80::216:3eff:fe00:...,,,
#43  : 19.34s,  102b, 881,         2001:dbd:0:1::252>2001:dbd:0:1::129         ,Ether / Dot1Q / IPv6 / UDP / DNS Qry "b'acs2.revdomain.com.'" ,,,
#44  : 19.35s,  118b, 881,         2001:dbd:0:1::129>2001:dbd:0:1::252         ,Ether / Dot1Q / IPv6 / UDP / DNS Ans "10.10.10.200" ,,,
#45  : 19.39s,  102b, 881,         2001:dbd:0:1::252>2001:dbd:0:1::129         ,Ether / Dot1Q / IPv6 / UDP / DNS Qry "b'acs2.revdomain.com.'" ,,,
#46  : 19.40s,  130b, 881,         2001:dbd:0:1::129>2001:dbd:0:1::252         ,Ether / Dot1Q / IPv6 / UDP / DNS Ans "2001:dbf:0:1::200" ,,,
#47  : 19.40s,   98b, 881,         2001:dbd:0:1::252>2001:dbf:0:1::200         ,Ether / Dot1Q / IPv6 / TCP 2001:dbd:0:1::252:35716 > 2001:dbf:0:1::200:9675 S,,,
#48  : 19.40s,   98b, 881,         2001:dbf:0:1::200>2001:dbd:0:1::252         ,Ether / Dot1Q / IPv6 / TCP 2001:dbf:0:1::200:9675 > 2001:dbd:0:1::252:35716 SA,,,
#49  : 19.41s,   90b, 881,         2001:dbd:0:1::252>2001:dbf:0:1::200         ,Ether / Dot1Q / IPv6 / TCP 2001:dbd:0:1::252:35716 > 2001:dbf:0:1::200:9675 A,,,
#50  : 19.41s,  222b, 881,         2001:dbd:0:1::252>2001:dbf:0:1::200         ,Ether / Dot1Q / IPv6 / TCP 2001:dbd:0:1::252:35716 > 2001:dbf:0:1::200:9675 PA / Raw,http: Detected,,inform: Detected
#51  : 19.42s,   90b, 881,         2001:dbf:0:1::200>2001:dbd:0:1::252         ,Ether / Dot1Q / IPv6 / TCP 2001:dbf:0:1::200:9675 > 2001:dbd:0:1::252:35716 A,,,
#52  : 19.42s, 2436b, 881,         2001:dbd:0:1::252>2001:dbf:0:1::200         ,Ether / Dot1Q / IPv6 / TCP 2001:dbd:0:1::252:35716 > 2001:dbf:0:1::200:9675 PA / Raw,,soap: Detected,
#53  : 19.43s,   90b, 881,         2001:dbf:0:1::200>2001:dbd:0:1::252         ,Ether / Dot1Q / IPv6 / TCP 2001:dbf:0:1::200:9675 > 2001:dbd:0:1::252:35716 A,,,
#54  : 19.43s,  846b, 881,         2001:dbf:0:1::200>2001:dbd:0:1::252         ,Ether / Dot1Q / IPv6 / TCP 2001:dbf:0:1::200:9675 > 2001:dbd:0:1::252:35716 PA / Raw,http: Detected,,
#55  : 19.44s,   90b, 881,         2001:dbd:0:1::252>2001:dbf:0:1::200         ,Ether / Dot1Q / IPv6 / TCP 2001:dbd:0:1::252:35716 > 2001:dbf:0:1::200:9675 A,,,
#56  : 19.63s,  250b, 881,         2001:dbd:0:1::252>2001:dbf:0:1::200         ,Ether / Dot1Q / IPv6 / TCP 2001:dbd:0:1::252:35716 > 2001:dbf:0:1::200:9675 PA / Raw,http: Detected,,
#57  : 19.68s,   90b, 881,         2001:dbf:0:1::200>2001:dbd:0:1::252         ,Ether / Dot1Q / IPv6 / TCP 2001:dbf:0:1::200:9675 > 2001:dbd:0:1::252:35716 A,,,
#58  : 19.72s,  304b, 881,         2001:dbf:0:1::200>2001:dbd:0:1::252         ,Ether / Dot1Q / IPv6 / TCP 2001:dbf:0:1::200:9675 > 2001:dbd:0:1::252:35716 PA / Raw,http: Detected,,
#59  : 19.73s,   90b, 881,         2001:dbd:0:1::252>2001:dbf:0:1::200         ,Ether / Dot1Q / IPv6 / TCP 2001:dbd:0:1::252:35716 > 2001:dbf:0:1::200:9675 A,,,
#60  : 20.31s,   90b,1081,   fe80::6e3:1aff:fe75:911>fe80::216:3eff:fe00:1081  ,Ether / Dot1Q / IPv6 / ICMPv6ND_NS / ICMPv6 Neighbor Discovery Option - Source Link-Layer Address 04...,,,
#61  : 20.31s,   82b,1081,  fe80::216:3eff:fe00:1081>fe80::6e3:1aff:fe75:911   ,Ether / Dot1Q / IPv6 / ICMPv6 Neighbor Discovery - Neighbor Advertisement (tgt: fe80::216:3eff:fe00:...,,,
#62  : 21.42s,   90b, 881,         2001:dbd:0:1::252>2001:dbf:0:1::200         ,Ether / Dot1Q / IPv6 / TCP 2001:dbd:0:1::252:35716 > 2001:dbf:0:1::200:9675 FA,,,
#63  : 21.43s,   90b, 881,         2001:dbf:0:1::200>2001:dbd:0:1::252         ,Ether / Dot1Q / IPv6 / TCP 2001:dbf:0:1::200:9675 > 2001:dbd:0:1::252:35716 FA,,,
#64  : 21.43s,   90b, 881,         2001:dbd:0:1::252>2001:dbf:0:1::200         ,Ether / Dot1Q / IPv6 / TCP 2001:dbd:0:1::252:35716 > 2001:dbf:0:1::200:9675 A,,,
#65  : 34.05s,   82b,1081,  fe80::216:3eff:fe00:1081>ff02::1                   ,Ether / Dot1Q / IPv6 / ICMPv6ND_RA / ICMPv6 Neighbor Discovery Option - Source Link-Layer Address 00...,,,
#66  : 50.77s,  102b, 881,         2001:dbd:0:1::252>2001:dbd:0:1::129         ,Ether / Dot1Q / IPv6 / UDP / DNS Qry "b'ntp2.revdomain.com.'" ,,,
#67  : 50.77s,  118b, 881,         2001:dbd:0:1::129>2001:dbd:0:1::252         ,Ether / Dot1Q / IPv6 / UDP / DNS Ans "10.177.200.1" ,,,
#68  : 50.78s,  102b, 881,         2001:dbd:0:1::252>2001:dbd:0:1::129         ,Ether / Dot1Q / IPv6 / UDP / DNS Qry "b'ntp2.revdomain.com.'" ,,,
#69  : 50.79s,  130b, 881,         2001:dbd:0:1::129>2001:dbd:0:1::252         ,Ether / Dot1Q / IPv6 / UDP / DNS Ans "2001:dbd:0:1::129" ,,,
#70  : 53.76s,  114b, 881,         2001:dbd:0:1::252>2001:dbd:0:1::129         ,Ether / Dot1Q / IPv6 / UDP / NTP v??, ??,,,
#71  : 53.77s,  114b, 881,         2001:dbd:0:1::129>2001:dbd:0:1::252         ,Ether / Dot1Q / IPv6 / UDP / NTP v??, ??,,,
#72  : 55.76s,  114b, 881,         2001:dbd:0:1::252>2001:dbd:0:1::129         ,Ether / Dot1Q / IPv6 / UDP / NTP v??, ??,,,
#73  : 55.76s,  114b, 881,         2001:dbd:0:1::129>2001:dbd:0:1::252         ,Ether / Dot1Q / IPv6 / UDP / NTP v??, ??,,,
#74  : 55.89s,   90b, 881,   fe80::6e3:1aff:fe75:916>fe80::216:3eff:fe00:881   ,Ether / Dot1Q / IPv6 / ICMPv6ND_NS / ICMPv6 Neighbor Discovery Option - Source Link-Layer Address 04...,,,
#75  : 55.89s,   90b, 881,   fe80::216:3eff:fe00:881>2001:dbd:0:1::252         ,Ether / Dot1Q / IPv6 / ICMPv6ND_NS / ICMPv6 Neighbor Discovery Option - Source Link-Layer Address 00...,,,
#76  : 55.90s,   82b, 881,         2001:dbd:0:1::252>fe80::216:3eff:fe00:881   ,Ether / Dot1Q / IPv6 / ICMPv6 Neighbor Discovery - Neighbor Advertisement (tgt: 2001:dbd:0:1::252),,,
#77  : 55.90s,   82b, 881,   fe80::216:3eff:fe00:881>fe80::6e3:1aff:fe75:916   ,Ether / Dot1Q / IPv6 / ICMPv6 Neighbor Discovery - Neighbor Advertisement (tgt: fe80::216:3eff:fe00:...,,,
#78  : 57.76s,  114b, 881,         2001:dbd:0:1::252>2001:dbd:0:1::129         ,Ether / Dot1Q / IPv6 / UDP / NTP v??, ??,,,
#79  : 57.76s,  114b, 881,         2001:dbd:0:1::129>2001:dbd:0:1::252         ,Ether / Dot1Q / IPv6 / UDP / NTP v??, ??,,,
#80  : 59.76s,  114b, 881,         2001:dbd:0:1::252>2001:dbd:0:1::129         ,Ether / Dot1Q / IPv6 / UDP / NTP v??, ??,,,
#81  : 59.77s,  114b, 881,         2001:dbd:0:1::129>2001:dbd:0:1::252         ,Ether / Dot1Q / IPv6 / UDP / NTP v??, ??,,,
#82  : 61.02s,   90b, 881,   fe80::216:3eff:fe00:881>fe80::6e3:1aff:fe75:916   ,Ether / Dot1Q / IPv6 / ICMPv6ND_NS / ICMPv6 Neighbor Discovery Option - Source Link-Layer Address 00...,,,
#83  : 61.02s,   82b, 881,   fe80::6e3:1aff:fe75:916>fe80::216:3eff:fe00:881   ,Ether / Dot1Q / IPv6 / ICMPv6 Neighbor Discovery - Neighbor Advertisement (tgt: fe80::6e3:1aff:fe75:...,,,
#84  : 61.18s,  102b, 881,         2001:dbd:0:1::252>2001:dbd:0:1::129         ,Ether / Dot1Q / IPv6 / UDP / DNS Qry "b'ntp2.revdomain.com.'" ,,,
#85  : 61.19s,  118b, 881,         2001:dbd:0:1::129>2001:dbd:0:1::252         ,Ether / Dot1Q / IPv6 / UDP / DNS Ans "10.177.200.1" ,,,
#86  : 61.20s,  102b, 881,         2001:dbd:0:1::252>2001:dbd:0:1::129         ,Ether / Dot1Q / IPv6 / UDP / DNS Qry "b'ntp2.revdomain.com.'" ,,,
#87  : 61.21s,  130b, 881,         2001:dbd:0:1::129>2001:dbd:0:1::252         ,Ether / Dot1Q / IPv6 / UDP / DNS Ans "2001:dbd:0:1::129" ,,,
#88  : 64.18s,  114b, 881,         2001:dbd:0:1::252>2001:dbd:0:1::129         ,Ether / Dot1Q / IPv6 / UDP / NTP v??, ??,,,
#89  : 64.18s,  114b, 881,         2001:dbd:0:1::129>2001:dbd:0:1::252         ,Ether / Dot1Q / IPv6 / UDP / NTP v??, ??,,,
#90  : 74.73s,   82b, 981,   fe80::216:3eff:fe00:981>ff02::1                   ,Ether / Dot1Q / IPv6 / ICMPv6ND_RA / ICMPv6 Neighbor Discovery Option - Source Link-Layer Address 00...,,,
#91  : 77.41s,   82b, 881,   fe80::216:3eff:fe00:881>ff02::1                   ,Ether / Dot1Q / IPv6 / ICMPv6ND_RA / ICMPv6 Neighbor Discovery Option - Source Link-Layer Address 00...,,,
#92  :182.34s,  102b, 881,         2001:dbd:0:1::252>2001:dbd:0:1::129         ,Ether / Dot1Q / IPv6 / UDP / DNS Qry "b'acs2.revdomain.com.'" ,,,
#93  :182.35s,  118b, 881,         2001:dbd:0:1::129>2001:dbd:0:1::252         ,Ether / Dot1Q / IPv6 / UDP / DNS Ans "10.10.10.200" ,,,
#94  :182.39s,  102b, 881,         2001:dbd:0:1::252>2001:dbd:0:1::129         ,Ether / Dot1Q / IPv6 / UDP / DNS Qry "b'acs2.revdomain.com.'" ,,,
#95  :182.40s,  130b, 881,         2001:dbd:0:1::129>2001:dbd:0:1::252         ,Ether / Dot1Q / IPv6 / UDP / DNS Ans "2001:dbf:0:1::200" ,,,
#96  :182.40s,   98b, 881,         2001:dbd:0:1::252>2001:dbf:0:1::200         ,Ether / Dot1Q / IPv6 / TCP 2001:dbd:0:1::252:59688 > 2001:dbf:0:1::200:9675 S,,,
#97  :182.41s,   98b, 881,         2001:dbf:0:1::200>2001:dbd:0:1::252         ,Ether / Dot1Q / IPv6 / TCP 2001:dbf:0:1::200:9675 > 2001:dbd:0:1::252:59688 SA,,,
#98  :182.41s,   90b, 881,         2001:dbd:0:1::252>2001:dbf:0:1::200         ,Ether / Dot1Q / IPv6 / TCP 2001:dbd:0:1::252:59688 > 2001:dbf:0:1::200:9675 A,,,
#99  :182.41s,  222b, 881,         2001:dbd:0:1::252>2001:dbf:0:1::200         ,Ether / Dot1Q / IPv6 / TCP 2001:dbd:0:1::252:59688 > 2001:dbf:0:1::200:9675 PA / Raw,http: Detected,,inform: Detected
#100 :182.42s,   90b, 881,         2001:dbf:0:1::200>2001:dbd:0:1::252         ,Ether / Dot1Q / IPv6 / TCP 2001:dbf:0:1::200:9675 > 2001:dbd:0:1::252:59688 A,,,
#101 :182.42s, 2440b, 881,         2001:dbd:0:1::252>2001:dbf:0:1::200         ,Ether / Dot1Q / IPv6 / TCP 2001:dbd:0:1::252:59688 > 2001:dbf:0:1::200:9675 PA / Raw,,soap: Detected,
#102 :182.43s,   90b, 881,         2001:dbf:0:1::200>2001:dbd:0:1::252         ,Ether / Dot1Q / IPv6 / TCP 2001:dbf:0:1::200:9675 > 2001:dbd:0:1::252:59688 A,,,
#103 :182.45s,  846b, 881,         2001:dbf:0:1::200>2001:dbd:0:1::252         ,Ether / Dot1Q / IPv6 / TCP 2001:dbf:0:1::200:9675 > 2001:dbd:0:1::252:59688 PA / Raw,http: Detected,,
#104 :182.45s,   90b, 881,         2001:dbd:0:1::252>2001:dbf:0:1::200         ,Ether / Dot1Q / IPv6 / TCP 2001:dbd:0:1::252:59688 > 2001:dbf:0:1::200:9675 A,,,
#105 :182.65s,  250b, 881,         2001:dbd:0:1::252>2001:dbf:0:1::200         ,Ether / Dot1Q / IPv6 / TCP 2001:dbd:0:1::252:59688 > 2001:dbf:0:1::200:9675 PA / Raw,http: Detected,,
#106 :182.66s,   90b, 881,         2001:dbf:0:1::200>2001:dbd:0:1::252         ,Ether / Dot1Q / IPv6 / TCP 2001:dbf:0:1::200:9675 > 2001:dbd:0:1::252:59688 A,,,
#107 :182.82s,  304b, 881,         2001:dbf:0:1::200>2001:dbd:0:1::252         ,Ether / Dot1Q / IPv6 / TCP 2001:dbf:0:1::200:9675 > 2001:dbd:0:1::252:59688 PA / Raw,http: Detected,,
#108 :182.82s,   90b, 881,         2001:dbd:0:1::252>2001:dbf:0:1::200         ,Ether / Dot1Q / IPv6 / TCP 2001:dbd:0:1::252:59688 > 2001:dbf:0:1::200:9675 A,,,
#109 :184.52s,   90b, 881,         2001:dbd:0:1::252>2001:dbf:0:1::200         ,Ether / Dot1Q / IPv6 / TCP 2001:dbd:0:1::252:59688 > 2001:dbf:0:1::200:9675 FA,,,
#110 :184.53s,   90b, 881,         2001:dbf:0:1::200>2001:dbd:0:1::252         ,Ether / Dot1Q / IPv6 / TCP 2001:dbf:0:1::200:9675 > 2001:dbd:0:1::252:59688 FA,,,
#111 :184.53s,   90b, 881,         2001:dbd:0:1::252>2001:dbf:0:1::200         ,Ether / Dot1Q / IPv6 / TCP 2001:dbd:0:1::252:59688 > 2001:dbf:0:1::200:9675 A,,,
#112 :190.40s,   82b,1081,  fe80::216:3eff:fe00:1081>ff02::1                   ,Ether / Dot1Q / IPv6 / ICMPv6ND_RA / ICMPv6 Neighbor Discovery Option - Source Link-Layer Address 00...,,,
#113 :196.98s,   82b, 981,   fe80::216:3eff:fe00:981>ff02::1                   ,Ether / Dot1Q / IPv6 / ICMPv6ND_RA / ICMPv6 Neighbor Discovery Option - Source Link-Layer Address 00...,,,
#114 :214.52s,   82b, 881,   fe80::216:3eff:fe00:881>ff02::1                   ,Ether / Dot1Q / IPv6 / ICMPv6ND_RA / ICMPv6 Neighbor Discovery Option - Source Link-Layer Address 00...,,,
