#1   :  3.42s,   98b, 881,         2001:dbf:0:1::200>2001:dbd:0:1::252         ,Ether / Dot1Q / IPv6 / TCP 2001:dbf:0:1::200:59426 > 2001:dbd:0:1::252:7547 S,,,
#2   :  3.42s,   78b, 881,         2001:dbd:0:1::252>2001:dbf:0:1::200         ,Ether / Dot1Q / IPv6 / TCP 2001:dbd:0:1::252:7547 > 2001:dbf:0:1::200:59426 RA,,,
#3   :  3.78s,  102b, 881,         2001:dbd:0:1::252>2001:dbd:0:1::129         ,Ether / Dot1Q / IPv6 / UDP / DNS Qry "b'acs2.revdomain.com.'" ,,,
#4   :  3.79s,  118b, 881,         2001:dbd:0:1::129>2001:dbd:0:1::252         ,Ether / Dot1Q / IPv6 / UDP / DNS Ans "10.10.10.200" ,,,
#5   :  3.81s,  102b, 881,         2001:dbd:0:1::252>2001:dbd:0:1::129         ,Ether / Dot1Q / IPv6 / UDP / DNS Qry "b'acs2.revdomain.com.'" ,,,
#6   :  3.81s,  130b, 881,         2001:dbd:0:1::129>2001:dbd:0:1::252         ,Ether / Dot1Q / IPv6 / UDP / DNS Ans "2001:dbf:0:1::200" ,,,
#7   :  3.82s,   98b, 881,         2001:dbd:0:1::252>2001:dbf:0:1::200         ,Ether / Dot1Q / IPv6 / TCP 2001:dbd:0:1::252:59224 > 2001:dbf:0:1::200:9675 S,,,
#8   :  3.82s,   98b, 881,         2001:dbf:0:1::200>2001:dbd:0:1::252         ,Ether / Dot1Q / IPv6 / TCP 2001:dbf:0:1::200:9675 > 2001:dbd:0:1::252:59224 SA,,,
#9   :  3.83s,   90b, 881,         2001:dbd:0:1::252>2001:dbf:0:1::200         ,Ether / Dot1Q / IPv6 / TCP 2001:dbd:0:1::252:59224 > 2001:dbf:0:1::200:9675 A,,,
#10  :  3.83s,  222b, 881,         2001:dbd:0:1::252>2001:dbf:0:1::200         ,Ether / Dot1Q / IPv6 / TCP 2001:dbd:0:1::252:59224 > 2001:dbf:0:1::200:9675 PA / Raw,http: Detected,,inform: Detected
#11  :  3.83s,   90b, 881,         2001:dbf:0:1::200>2001:dbd:0:1::252         ,Ether / Dot1Q / IPv6 / TCP 2001:dbf:0:1::200:9675 > 2001:dbd:0:1::252:59224 A,,,
#12  :  3.84s, 2441b, 881,         2001:dbd:0:1::252>2001:dbf:0:1::200         ,Ether / Dot1Q / IPv6 / TCP 2001:dbd:0:1::252:59224 > 2001:dbf:0:1::200:9675 PA / Raw,,soap: Detected,
#13  :  3.84s,   90b, 881,         2001:dbf:0:1::200>2001:dbd:0:1::252         ,Ether / Dot1Q / IPv6 / TCP 2001:dbf:0:1::200:9675 > 2001:dbd:0:1::252:59224 A,,,
#14  :  3.85s,  846b, 881,         2001:dbf:0:1::200>2001:dbd:0:1::252         ,Ether / Dot1Q / IPv6 / TCP 2001:dbf:0:1::200:9675 > 2001:dbd:0:1::252:59224 PA / Raw,http: Detected,,
#15  :  3.86s,   90b, 881,         2001:dbd:0:1::252>2001:dbf:0:1::200         ,Ether / Dot1Q / IPv6 / TCP 2001:dbd:0:1::252:59224 > 2001:dbf:0:1::200:9675 A,,,
#16  :  4.05s,  250b, 881,         2001:dbd:0:1::252>2001:dbf:0:1::200         ,Ether / Dot1Q / IPv6 / TCP 2001:dbd:0:1::252:59224 > 2001:dbf:0:1::200:9675 PA / Raw,http: Detected,,
#17  :  4.09s,   90b, 881,         2001:dbf:0:1::200>2001:dbd:0:1::252         ,Ether / Dot1Q / IPv6 / TCP 2001:dbf:0:1::200:9675 > 2001:dbd:0:1::252:59224 A,,,
#18  :  4.11s, 1602b, 881,         2001:dbf:0:1::200>2001:dbd:0:1::252         ,Ether / Dot1Q / IPv6 / TCP 2001:dbf:0:1::200:9675 > 2001:dbd:0:1::252:59224 PA / Raw,http: Detected,,
#19  :  4.11s,   90b, 881,         2001:dbd:0:1::252>2001:dbf:0:1::200         ,Ether / Dot1Q / IPv6 / TCP 2001:dbd:0:1::252:59224 > 2001:dbf:0:1::200:9675 A,,,
#20  :  4.11s,  304b, 881,         2001:dbd:0:1::252>2001:dbf:0:1::200         ,Ether / Dot1Q / IPv6 / TCP 2001:dbd:0:1::252:59224 > 2001:dbf:0:1::200:9675 PA / Raw,http: Detected,,
#21  :  4.12s,   90b, 881,         2001:dbf:0:1::200>2001:dbd:0:1::252         ,Ether / Dot1Q / IPv6 / TCP 2001:dbf:0:1::200:9675 > 2001:dbd:0:1::252:59224 A,,,
#22  :  4.12s,  610b, 881,         2001:dbd:0:1::252>2001:dbf:0:1::200         ,Ether / Dot1Q / IPv6 / TCP 2001:dbd:0:1::252:59224 > 2001:dbf:0:1::200:9675 PA / Raw,,soap: Detected,
#23  :  4.13s,   90b, 881,         2001:dbf:0:1::200>2001:dbd:0:1::252         ,Ether / Dot1Q / IPv6 / TCP 2001:dbf:0:1::200:9675 > 2001:dbd:0:1::252:59224 A,,,
#24  :  4.26s,  957b, 881,         2001:dbf:0:1::200>2001:dbd:0:1::252         ,Ether / Dot1Q / IPv6 / TCP 2001:dbf:0:1::200:9675 > 2001:dbd:0:1::252:59224 PA / Raw,http: Detected,,
#25  :  4.27s,  305b, 881,         2001:dbd:0:1::252>2001:dbf:0:1::200         ,Ether / Dot1Q / IPv6 / TCP 2001:dbd:0:1::252:59224 > 2001:dbf:0:1::200:9675 PA / Raw,http: Detected,,
#26  :  4.28s,   90b, 881,         2001:dbf:0:1::200>2001:dbd:0:1::252         ,Ether / Dot1Q / IPv6 / TCP 2001:dbf:0:1::200:9675 > 2001:dbd:0:1::252:59224 A,,,
#27  :  4.28s, 7230b, 881,         2001:dbd:0:1::252>2001:dbf:0:1::200         ,Ether / Dot1Q / IPv6 / TCP 2001:dbd:0:1::252:59224 > 2001:dbf:0:1::200:9675 PA / Raw,,soap: Detected,
#28  :  4.28s,   90b, 881,         2001:dbf:0:1::200>2001:dbd:0:1::252         ,Ether / Dot1Q / IPv6 / TCP 2001:dbf:0:1::200:9675 > 2001:dbd:0:1::252:59224 A,,,
#29  :  4.29s, 2183b, 881,         2001:dbd:0:1::252>2001:dbf:0:1::200         ,Ether / Dot1Q / IPv6 / TCP 2001:dbd:0:1::252:59224 > 2001:dbf:0:1::200:9675 PA / Raw,,,
#30  :  4.29s,   90b, 881,         2001:dbf:0:1::200>2001:dbd:0:1::252         ,Ether / Dot1Q / IPv6 / TCP 2001:dbf:0:1::200:9675 > 2001:dbd:0:1::252:59224 A,,,
#31  :  4.35s,  304b, 881,         2001:dbf:0:1::200>2001:dbd:0:1::252         ,Ether / Dot1Q / IPv6 / TCP 2001:dbf:0:1::200:9675 > 2001:dbd:0:1::252:59224 PA / Raw,http: Detected,,
#32  :  4.39s,   90b, 881,         2001:dbd:0:1::252>2001:dbf:0:1::200         ,Ether / Dot1Q / IPv6 / TCP 2001:dbd:0:1::252:59224 > 2001:dbf:0:1::200:9675 A,,,
#33  :  4.47s,   98b, 881,         2001:dbf:0:1::200>2001:dbd:0:1::252         ,Ether / Dot1Q / IPv6 / TCP 2001:dbf:0:1::200:59430 > 2001:dbd:0:1::252:7547 S,,,
#34  :  4.48s,   98b, 881,         2001:dbd:0:1::252>2001:dbf:0:1::200         ,Ether / Dot1Q / IPv6 / TCP 2001:dbd:0:1::252:7547 > 2001:dbf:0:1::200:59430 SA,,,
#35  :  4.48s,   90b, 881,         2001:dbf:0:1::200>2001:dbd:0:1::252         ,Ether / Dot1Q / IPv6 / TCP 2001:dbf:0:1::200:59430 > 2001:dbd:0:1::252:7547 A,,,
#36  :  4.49s,  202b, 881,         2001:dbf:0:1::200>2001:dbd:0:1::252         ,Ether / Dot1Q / IPv6 / TCP 2001:dbf:0:1::200:59430 > 2001:dbd:0:1::252:7547 PA / Raw,http: Detected,,
#37  :  4.49s,   90b, 881,         2001:dbd:0:1::252>2001:dbf:0:1::200         ,Ether / Dot1Q / IPv6 / TCP 2001:dbd:0:1::252:7547 > 2001:dbf:0:1::200:59430 A,,,
#38  :  4.49s,  156b, 881,         2001:dbd:0:1::252>2001:dbd:0:1::129         ,Ether / Dot1Q / IPv6 / UDP / DNS Qry "b'0.0.2.0.0.0.0.0.0.0.0.0.0.0.0.0.1.0.0.0.0.0.0.0.f.b.d.0.1.0....,,,
#39  :  4.50s,  188b, 881,         2001:dbd:0:1::129>2001:dbd:0:1::252         ,Ether / Dot1Q / IPv6 / UDP / DNS Ans "b'acs2.revdomain.com.'" ,,,
#40  :  4.50s,  846b, 881,         2001:dbd:0:1::252>2001:dbf:0:1::200         ,Ether / Dot1Q / IPv6 / TCP 2001:dbd:0:1::252:7547 > 2001:dbf:0:1::200:59430 PA / Raw,http: Detected,,
#41  :  4.51s,   90b, 881,         2001:dbf:0:1::200>2001:dbd:0:1::252         ,Ether / Dot1Q / IPv6 / TCP 2001:dbf:0:1::200:59430 > 2001:dbd:0:1::252:7547 A,,,
#42  :  4.51s,  443b, 881,         2001:dbf:0:1::200>2001:dbd:0:1::252         ,Ether / Dot1Q / IPv6 / TCP 2001:dbf:0:1::200:59430 > 2001:dbd:0:1::252:7547 PA / Raw,http: Detected,,
#43  :  4.52s,  294b, 881,         2001:dbd:0:1::252>2001:dbf:0:1::200         ,Ether / Dot1Q / IPv6 / TCP 2001:dbd:0:1::252:7547 > 2001:dbf:0:1::200:59430 PA / Raw,http: Detected,,
#44  :  4.52s,   90b, 881,         2001:dbd:0:1::252>2001:dbf:0:1::200         ,Ether / Dot1Q / IPv6 / TCP 2001:dbd:0:1::252:7547 > 2001:dbf:0:1::200:59430 FA,,,
#45  :  4.52s,   90b, 881,         2001:dbf:0:1::200>2001:dbd:0:1::252         ,Ether / Dot1Q / IPv6 / TCP 2001:dbf:0:1::200:59430 > 2001:dbd:0:1::252:7547 FA,,,
#46  :  4.53s,   90b, 881,         2001:dbd:0:1::252>2001:dbf:0:1::200         ,Ether / Dot1Q / IPv6 / TCP 2001:dbd:0:1::252:7547 > 2001:dbf:0:1::200:59430 A,,,
#47  :  6.05s,   90b, 881,         2001:dbd:0:1::252>2001:dbf:0:1::200         ,Ether / Dot1Q / IPv6 / TCP 2001:dbd:0:1::252:59224 > 2001:dbf:0:1::200:9675 FA,,,
#48  :  6.06s,   90b, 881,         2001:dbf:0:1::200>2001:dbd:0:1::252         ,Ether / Dot1Q / IPv6 / TCP 2001:dbf:0:1::200:9675 > 2001:dbd:0:1::252:59224 FA,,,
#49  :  6.06s,   90b, 881,         2001:dbd:0:1::252>2001:dbf:0:1::200         ,Ether / Dot1Q / IPv6 / TCP 2001:dbd:0:1::252:59224 > 2001:dbf:0:1::200:9675 A,,,
#50  : 11.49s,  102b, 881,         2001:dbd:0:1::252>2001:dbd:0:1::129         ,Ether / Dot1Q / IPv6 / UDP / DNS Qry "b'acs2.revdomain.com.'" ,,,
#51  : 11.50s,  118b, 881,         2001:dbd:0:1::129>2001:dbd:0:1::252         ,Ether / Dot1Q / IPv6 / UDP / DNS Ans "10.10.10.200" ,,,
#52  : 11.52s,  102b, 881,         2001:dbd:0:1::252>2001:dbd:0:1::129         ,Ether / Dot1Q / IPv6 / UDP / DNS Qry "b'acs2.revdomain.com.'" ,,,
#53  : 11.53s,  130b, 881,         2001:dbd:0:1::129>2001:dbd:0:1::252         ,Ether / Dot1Q / IPv6 / UDP / DNS Ans "2001:dbf:0:1::200" ,,,
#54  : 11.53s,   98b, 881,         2001:dbd:0:1::252>2001:dbf:0:1::200         ,Ether / Dot1Q / IPv6 / TCP 2001:dbd:0:1::252:59226 > 2001:dbf:0:1::200:9675 S,,,
#55  : 11.54s,   98b, 881,         2001:dbf:0:1::200>2001:dbd:0:1::252         ,Ether / Dot1Q / IPv6 / TCP 2001:dbf:0:1::200:9675 > 2001:dbd:0:1::252:59226 SA,,,
#56  : 11.54s,   90b, 881,         2001:dbd:0:1::252>2001:dbf:0:1::200         ,Ether / Dot1Q / IPv6 / TCP 2001:dbd:0:1::252:59226 > 2001:dbf:0:1::200:9675 A,,,
#57  : 11.55s,  222b, 881,         2001:dbd:0:1::252>2001:dbf:0:1::200         ,Ether / Dot1Q / IPv6 / TCP 2001:dbd:0:1::252:59226 > 2001:dbf:0:1::200:9675 PA / Raw,http: Detected,,inform: Detected
#58  : 11.55s,   90b, 881,         2001:dbf:0:1::200>2001:dbd:0:1::252         ,Ether / Dot1Q / IPv6 / TCP 2001:dbf:0:1::200:9675 > 2001:dbd:0:1::252:59226 A,,,
#59  : 11.56s, 2450b, 881,         2001:dbd:0:1::252>2001:dbf:0:1::200         ,Ether / Dot1Q / IPv6 / TCP 2001:dbd:0:1::252:59226 > 2001:dbf:0:1::200:9675 PA / Raw,,soap: Detected,
#60  : 11.56s,   90b, 881,         2001:dbf:0:1::200>2001:dbd:0:1::252         ,Ether / Dot1Q / IPv6 / TCP 2001:dbf:0:1::200:9675 > 2001:dbd:0:1::252:59226 A,,,
#61  : 11.57s,  846b, 881,         2001:dbf:0:1::200>2001:dbd:0:1::252         ,Ether / Dot1Q / IPv6 / TCP 2001:dbf:0:1::200:9675 > 2001:dbd:0:1::252:59226 PA / Raw,http: Detected,,
#62  : 11.57s,   90b, 881,         2001:dbd:0:1::252>2001:dbf:0:1::200         ,Ether / Dot1Q / IPv6 / TCP 2001:dbd:0:1::252:59226 > 2001:dbf:0:1::200:9675 A,,,
#63  : 11.76s,  250b, 881,         2001:dbd:0:1::252>2001:dbf:0:1::200         ,Ether / Dot1Q / IPv6 / TCP 2001:dbd:0:1::252:59226 > 2001:dbf:0:1::200:9675 PA / Raw,http: Detected,,
#64  : 11.80s,   90b, 881,         2001:dbf:0:1::200>2001:dbd:0:1::252         ,Ether / Dot1Q / IPv6 / TCP 2001:dbf:0:1::200:9675 > 2001:dbd:0:1::252:59226 A,,,
#65  : 11.89s,  951b, 881,         2001:dbf:0:1::200>2001:dbd:0:1::252         ,Ether / Dot1Q / IPv6 / TCP 2001:dbf:0:1::200:9675 > 2001:dbd:0:1::252:59226 PA / Raw,http: Detected,,
#66  : 11.90s,   90b, 881,         2001:dbd:0:1::252>2001:dbf:0:1::200         ,Ether / Dot1Q / IPv6 / TCP 2001:dbd:0:1::252:59226 > 2001:dbf:0:1::200:9675 A,,,
#67  : 13.05s,  306b, 881,         2001:dbd:0:1::252>2001:dbf:0:1::200         ,Ether / Dot1Q / IPv6 / TCP 2001:dbd:0:1::252:59226 > 2001:dbf:0:1::200:9675 PA / Raw,http: Detected,,
#68  : 13.05s,   90b, 881,         2001:dbf:0:1::200>2001:dbd:0:1::252         ,Ether / Dot1Q / IPv6 / TCP 2001:dbf:0:1::200:9675 > 2001:dbd:0:1::252:59226 A,,,
#69  : 13.06s, 7230b, 881,         2001:dbd:0:1::252>2001:dbf:0:1::200         ,Ether / Dot1Q / IPv6 / TCP 2001:dbd:0:1::252:59226 > 2001:dbf:0:1::200:9675 PA / Raw,,soap: Detected,
#70  : 13.06s,   90b, 881,         2001:dbf:0:1::200>2001:dbd:0:1::252         ,Ether / Dot1Q / IPv6 / TCP 2001:dbf:0:1::200:9675 > 2001:dbd:0:1::252:59226 A,,,
#71  : 13.06s, 7230b, 881,         2001:dbd:0:1::252>2001:dbf:0:1::200         ,Ether / Dot1Q / IPv6 / TCP 2001:dbd:0:1::252:59226 > 2001:dbf:0:1::200:9675 PA / Raw,,,
#72  : 13.07s,   90b, 881,         2001:dbf:0:1::200>2001:dbd:0:1::252         ,Ether / Dot1Q / IPv6 / TCP 2001:dbf:0:1::200:9675 > 2001:dbd:0:1::252:59226 A,,,
#73  : 13.07s,10086b, 881,         2001:dbd:0:1::252>2001:dbf:0:1::200         ,Ether / Dot1Q / IPv6 / TCP 2001:dbd:0:1::252:59226 > 2001:dbf:0:1::200:9675 PA / Raw,,,
#74  : 13.08s,   90b, 881,         2001:dbf:0:1::200>2001:dbd:0:1::252         ,Ether / Dot1Q / IPv6 / TCP 2001:dbf:0:1::200:9675 > 2001:dbd:0:1::252:59226 A,,,
#75  : 13.08s, 4374b, 881,         2001:dbd:0:1::252>2001:dbf:0:1::200         ,Ether / Dot1Q / IPv6 / TCP 2001:dbd:0:1::252:59226 > 2001:dbf:0:1::200:9675 PA / Raw,,,
#76  : 13.08s,   90b, 881,         2001:dbf:0:1::200>2001:dbd:0:1::252         ,Ether / Dot1Q / IPv6 / TCP 2001:dbf:0:1::200:9675 > 2001:dbd:0:1::252:59226 A,,,
#77  : 13.09s,14370b, 881,         2001:dbd:0:1::252>2001:dbf:0:1::200         ,Ether / Dot1Q / IPv6 / TCP 2001:dbd:0:1::252:59226 > 2001:dbf:0:1::200:9675 PA / Raw,,,
#78  : 13.09s,   90b, 881,         2001:dbf:0:1::200>2001:dbd:0:1::252         ,Ether / Dot1Q / IPv6 / TCP 2001:dbf:0:1::200:9675 > 2001:dbd:0:1::252:59226 A,,,
#79  : 13.10s, 2946b, 881,         2001:dbd:0:1::252>2001:dbf:0:1::200         ,Ether / Dot1Q / IPv6 / TCP 2001:dbd:0:1::252:59226 > 2001:dbf:0:1::200:9675 PA / Raw,,,
#80  : 13.10s,   90b, 881,         2001:dbf:0:1::200>2001:dbd:0:1::252         ,Ether / Dot1Q / IPv6 / TCP 2001:dbf:0:1::200:9675 > 2001:dbd:0:1::252:59226 A,,,
#81  : 13.10s,17226b, 881,         2001:dbd:0:1::252>2001:dbf:0:1::200         ,Ether / Dot1Q / IPv6 / TCP 2001:dbd:0:1::252:59226 > 2001:dbf:0:1::200:9675 PA / Raw,,,
#82  : 13.11s,   90b, 881,         2001:dbf:0:1::200>2001:dbd:0:1::252         ,Ether / Dot1Q / IPv6 / TCP 2001:dbf:0:1::200:9675 > 2001:dbd:0:1::252:59226 A,,,
#83  : 13.11s, 8658b, 881,         2001:dbd:0:1::252>2001:dbf:0:1::200         ,Ether / Dot1Q / IPv6 / TCP 2001:dbd:0:1::252:59226 > 2001:dbf:0:1::200:9675 PA / Raw,,,
#84  : 13.12s, 5802b, 881,         2001:dbd:0:1::252>2001:dbf:0:1::200         ,Ether / Dot1Q / IPv6 / TCP 2001:dbd:0:1::252:59226 > 2001:dbf:0:1::200:9675 PA / Raw,,,
#85  : 13.12s, 1371b, 881,         2001:dbd:0:1::252>2001:dbf:0:1::200         ,Ether / Dot1Q / IPv6 / TCP 2001:dbd:0:1::252:59226 > 2001:dbf:0:1::200:9675 PA / Raw,,,
#86  : 13.12s,   90b, 881,         2001:dbf:0:1::200>2001:dbd:0:1::252         ,Ether / Dot1Q / IPv6 / TCP 2001:dbf:0:1::200:9675 > 2001:dbd:0:1::252:59226 A,,,
#87  : 13.13s,   90b, 881,         2001:dbf:0:1::200>2001:dbd:0:1::252         ,Ether / Dot1Q / IPv6 / TCP 2001:dbf:0:1::200:9675 > 2001:dbd:0:1::252:59226 A,,,
#88  : 13.31s,  304b, 881,         2001:dbf:0:1::200>2001:dbd:0:1::252         ,Ether / Dot1Q / IPv6 / TCP 2001:dbf:0:1::200:9675 > 2001:dbd:0:1::252:59226 PA / Raw,http: Detected,,
#89  : 13.31s,   90b, 881,         2001:dbd:0:1::252>2001:dbf:0:1::200         ,Ether / Dot1Q / IPv6 / TCP 2001:dbd:0:1::252:59226 > 2001:dbf:0:1::200:9675 A,,,
#90  : 14.58s,   98b, 881,         2001:dbf:0:1::200>2001:dbd:0:1::252         ,Ether / Dot1Q / IPv6 / TCP 2001:dbf:0:1::200:52980 > 2001:dbd:0:1::252:7547 S,,,
#91  : 14.59s,   98b, 881,         2001:dbd:0:1::252>2001:dbf:0:1::200         ,Ether / Dot1Q / IPv6 / TCP 2001:dbd:0:1::252:7547 > 2001:dbf:0:1::200:52980 SA,,,
#92  : 14.59s,   90b, 881,         2001:dbf:0:1::200>2001:dbd:0:1::252         ,Ether / Dot1Q / IPv6 / TCP 2001:dbf:0:1::200:52980 > 2001:dbd:0:1::252:7547 A,,,
#93  : 14.59s,  202b, 881,         2001:dbf:0:1::200>2001:dbd:0:1::252         ,Ether / Dot1Q / IPv6 / TCP 2001:dbf:0:1::200:52980 > 2001:dbd:0:1::252:7547 PA / Raw,http: Detected,,
#94  : 14.60s,   90b, 881,         2001:dbd:0:1::252>2001:dbf:0:1::200         ,Ether / Dot1Q / IPv6 / TCP 2001:dbd:0:1::252:7547 > 2001:dbf:0:1::200:52980 A,,,
#95  : 14.60s,  156b, 881,         2001:dbd:0:1::252>2001:dbd:0:1::129         ,Ether / Dot1Q / IPv6 / UDP / DNS Qry "b'0.0.2.0.0.0.0.0.0.0.0.0.0.0.0.0.1.0.0.0.0.0.0.0.f.b.d.0.1.0....,,,
#96  : 14.61s,  188b, 881,         2001:dbd:0:1::129>2001:dbd:0:1::252         ,Ether / Dot1Q / IPv6 / UDP / DNS Ans "b'acs2.revdomain.com.'" ,,,
#97  : 14.61s,  846b, 881,         2001:dbd:0:1::252>2001:dbf:0:1::200         ,Ether / Dot1Q / IPv6 / TCP 2001:dbd:0:1::252:7547 > 2001:dbf:0:1::200:52980 PA / Raw,http: Detected,,
#98  : 14.62s,   90b, 881,         2001:dbf:0:1::200>2001:dbd:0:1::252         ,Ether / Dot1Q / IPv6 / TCP 2001:dbf:0:1::200:52980 > 2001:dbd:0:1::252:7547 A,,,
#99  : 14.62s,  443b, 881,         2001:dbf:0:1::200>2001:dbd:0:1::252         ,Ether / Dot1Q / IPv6 / TCP 2001:dbf:0:1::200:52980 > 2001:dbd:0:1::252:7547 PA / Raw,http: Detected,,
#100 : 14.62s,  294b, 881,         2001:dbd:0:1::252>2001:dbf:0:1::200         ,Ether / Dot1Q / IPv6 / TCP 2001:dbd:0:1::252:7547 > 2001:dbf:0:1::200:52980 PA / Raw,http: Detected,,
#101 : 14.63s,   90b, 881,         2001:dbf:0:1::200>2001:dbd:0:1::252         ,Ether / Dot1Q / IPv6 / TCP 2001:dbf:0:1::200:52980 > 2001:dbd:0:1::252:7547 FA,,,
#102 : 14.63s,   90b, 881,         2001:dbd:0:1::252>2001:dbf:0:1::200         ,Ether / Dot1Q / IPv6 / TCP 2001:dbd:0:1::252:7547 > 2001:dbf:0:1::200:52980 A,,,
#103 : 15.10s,   90b, 881,         2001:dbd:0:1::252>2001:dbf:0:1::200         ,Ether / Dot1Q / IPv6 / TCP 2001:dbd:0:1::252:59226 > 2001:dbf:0:1::200:9675 FA,,,
#104 : 15.10s,   90b, 881,         2001:dbf:0:1::200>2001:dbd:0:1::252         ,Ether / Dot1Q / IPv6 / TCP 2001:dbf:0:1::200:9675 > 2001:dbd:0:1::252:59226 FA,,,
#105 : 15.10s,   90b, 881,         2001:dbd:0:1::252>2001:dbf:0:1::200         ,Ether / Dot1Q / IPv6 / TCP 2001:dbd:0:1::252:59226 > 2001:dbf:0:1::200:9675 A,,,
#106 : 15.50s,   90b, 881,         2001:dbd:0:1::252>2001:dbf:0:1::200         ,Ether / Dot1Q / IPv6 / TCP 2001:dbd:0:1::252:7547 > 2001:dbf:0:1::200:52980 FA,,,
#107 : 15.50s,   90b, 881,         2001:dbf:0:1::200>2001:dbd:0:1::252         ,Ether / Dot1Q / IPv6 / TCP 2001:dbf:0:1::200:52980 > 2001:dbd:0:1::252:7547 A,,,
#108 : 15.51s,  102b, 881,         2001:dbd:0:1::252>2001:dbd:0:1::129         ,Ether / Dot1Q / IPv6 / UDP / DNS Qry "b'acs2.revdomain.com.'" ,,,
#109 : 15.52s,  118b, 881,         2001:dbd:0:1::129>2001:dbd:0:1::252         ,Ether / Dot1Q / IPv6 / UDP / DNS Ans "10.10.10.200" ,,,
#110 : 15.54s,  102b, 881,         2001:dbd:0:1::252>2001:dbd:0:1::129         ,Ether / Dot1Q / IPv6 / UDP / DNS Qry "b'acs2.revdomain.com.'" ,,,
#111 : 15.55s,  130b, 881,         2001:dbd:0:1::129>2001:dbd:0:1::252         ,Ether / Dot1Q / IPv6 / UDP / DNS Ans "2001:dbf:0:1::200" ,,,
#112 : 15.55s,   98b, 881,         2001:dbd:0:1::252>2001:dbf:0:1::200         ,Ether / Dot1Q / IPv6 / TCP 2001:dbd:0:1::252:54294 > 2001:dbf:0:1::200:9675 S,,,
#113 : 15.55s,   98b, 881,         2001:dbf:0:1::200>2001:dbd:0:1::252         ,Ether / Dot1Q / IPv6 / TCP 2001:dbf:0:1::200:9675 > 2001:dbd:0:1::252:54294 SA,,,
#114 : 15.56s,   90b, 881,         2001:dbd:0:1::252>2001:dbf:0:1::200         ,Ether / Dot1Q / IPv6 / TCP 2001:dbd:0:1::252:54294 > 2001:dbf:0:1::200:9675 A,,,
#115 : 15.56s,  222b, 881,         2001:dbd:0:1::252>2001:dbf:0:1::200         ,Ether / Dot1Q / IPv6 / TCP 2001:dbd:0:1::252:54294 > 2001:dbf:0:1::200:9675 PA / Raw,http: Detected,,inform: Detected
#116 : 15.57s,   90b, 881,         2001:dbf:0:1::200>2001:dbd:0:1::252         ,Ether / Dot1Q / IPv6 / TCP 2001:dbf:0:1::200:9675 > 2001:dbd:0:1::252:54294 A,,,
#117 : 15.57s, 2450b, 881,         2001:dbd:0:1::252>2001:dbf:0:1::200         ,Ether / Dot1Q / IPv6 / TCP 2001:dbd:0:1::252:54294 > 2001:dbf:0:1::200:9675 PA / Raw,,soap: Detected,
#118 : 15.58s,   90b, 881,         2001:dbf:0:1::200>2001:dbd:0:1::252         ,Ether / Dot1Q / IPv6 / TCP 2001:dbf:0:1::200:9675 > 2001:dbd:0:1::252:54294 A,,,
#119 : 15.59s,  846b, 881,         2001:dbf:0:1::200>2001:dbd:0:1::252         ,Ether / Dot1Q / IPv6 / TCP 2001:dbf:0:1::200:9675 > 2001:dbd:0:1::252:54294 PA / Raw,http: Detected,,
#120 : 15.59s,   90b, 881,         2001:dbd:0:1::252>2001:dbf:0:1::200         ,Ether / Dot1Q / IPv6 / TCP 2001:dbd:0:1::252:54294 > 2001:dbf:0:1::200:9675 A,,,
#121 : 15.78s,  250b, 881,         2001:dbd:0:1::252>2001:dbf:0:1::200         ,Ether / Dot1Q / IPv6 / TCP 2001:dbd:0:1::252:54294 > 2001:dbf:0:1::200:9675 PA / Raw,http: Detected,,
#122 : 15.82s,   90b, 881,         2001:dbf:0:1::200>2001:dbd:0:1::252         ,Ether / Dot1Q / IPv6 / TCP 2001:dbf:0:1::200:9675 > 2001:dbd:0:1::252:54294 A,,,
#123 : 15.94s,  940b, 881,         2001:dbf:0:1::200>2001:dbd:0:1::252         ,Ether / Dot1Q / IPv6 / TCP 2001:dbf:0:1::200:9675 > 2001:dbd:0:1::252:54294 PA / Raw,http: Detected,,
#124 : 15.94s,   90b, 881,         2001:dbd:0:1::252>2001:dbf:0:1::200         ,Ether / Dot1Q / IPv6 / TCP 2001:dbd:0:1::252:54294 > 2001:dbf:0:1::200:9675 A,,,
#125 : 20.69s,  308b, 881,         2001:dbd:0:1::252>2001:dbf:0:1::200         ,Ether / Dot1Q / IPv6 / TCP 2001:dbd:0:1::252:54294 > 2001:dbf:0:1::200:9675 PA / Raw,http: Detected,,
#126 : 20.70s,   90b, 881,         2001:dbf:0:1::200>2001:dbd:0:1::252         ,Ether / Dot1Q / IPv6 / TCP 2001:dbf:0:1::200:9675 > 2001:dbd:0:1::252:54294 A,,,
#127 : 20.70s, 7230b, 881,         2001:dbd:0:1::252>2001:dbf:0:1::200         ,Ether / Dot1Q / IPv6 / TCP 2001:dbd:0:1::252:54294 > 2001:dbf:0:1::200:9675 PA / Raw,,soap: Detected,
#128 : 20.71s,   90b, 881,         2001:dbf:0:1::200>2001:dbd:0:1::252         ,Ether / Dot1Q / IPv6 / TCP 2001:dbf:0:1::200:9675 > 2001:dbd:0:1::252:54294 A,,,
#129 : 20.71s, 7230b, 881,         2001:dbd:0:1::252>2001:dbf:0:1::200         ,Ether / Dot1Q / IPv6 / TCP 2001:dbd:0:1::252:54294 > 2001:dbf:0:1::200:9675 PA / Raw,,,
#130 : 20.71s,   90b, 881,         2001:dbf:0:1::200>2001:dbd:0:1::252         ,Ether / Dot1Q / IPv6 / TCP 2001:dbf:0:1::200:9675 > 2001:dbd:0:1::252:54294 A,,,
#131 : 20.72s,10086b, 881,         2001:dbd:0:1::252>2001:dbf:0:1::200         ,Ether / Dot1Q / IPv6 / TCP 2001:dbd:0:1::252:54294 > 2001:dbf:0:1::200:9675 PA / Raw,,,
#132 : 20.72s,   90b, 881,         2001:dbf:0:1::200>2001:dbd:0:1::252         ,Ether / Dot1Q / IPv6 / TCP 2001:dbf:0:1::200:9675 > 2001:dbd:0:1::252:54294 A,,,
#133 : 20.72s, 4374b, 881,         2001:dbd:0:1::252>2001:dbf:0:1::200         ,Ether / Dot1Q / IPv6 / TCP 2001:dbd:0:1::252:54294 > 2001:dbf:0:1::200:9675 PA / Raw,,,
#134 : 20.73s,   90b, 881,         2001:dbf:0:1::200>2001:dbd:0:1::252         ,Ether / Dot1Q / IPv6 / TCP 2001:dbf:0:1::200:9675 > 2001:dbd:0:1::252:54294 A,,,
#135 : 20.73s,14370b, 881,         2001:dbd:0:1::252>2001:dbf:0:1::200         ,Ether / Dot1Q / IPv6 / TCP 2001:dbd:0:1::252:54294 > 2001:dbf:0:1::200:9675 PA / Raw,,,
#136 : 20.73s,   90b, 881,         2001:dbf:0:1::200>2001:dbd:0:1::252         ,Ether / Dot1Q / IPv6 / TCP 2001:dbf:0:1::200:9675 > 2001:dbd:0:1::252:54294 A,,,
#137 : 20.74s, 2946b, 881,         2001:dbd:0:1::252>2001:dbf:0:1::200         ,Ether / Dot1Q / IPv6 / TCP 2001:dbd:0:1::252:54294 > 2001:dbf:0:1::200:9675 PA / Raw,,,
#138 : 20.74s,   90b, 881,         2001:dbf:0:1::200>2001:dbd:0:1::252         ,Ether / Dot1Q / IPv6 / TCP 2001:dbf:0:1::200:9675 > 2001:dbd:0:1::252:54294 A,,,
#139 : 20.75s,17226b, 881,         2001:dbd:0:1::252>2001:dbf:0:1::200         ,Ether / Dot1Q / IPv6 / TCP 2001:dbd:0:1::252:54294 > 2001:dbf:0:1::200:9675 PA / Raw,,,
#140 : 20.75s,   90b, 881,         2001:dbf:0:1::200>2001:dbd:0:1::252         ,Ether / Dot1Q / IPv6 / TCP 2001:dbf:0:1::200:9675 > 2001:dbd:0:1::252:54294 A,,,
#141 : 20.75s, 8658b, 881,         2001:dbd:0:1::252>2001:dbf:0:1::200         ,Ether / Dot1Q / IPv6 / TCP 2001:dbd:0:1::252:54294 > 2001:dbf:0:1::200:9675 PA / Raw,,,
#142 : 20.76s,   90b, 881,         2001:dbf:0:1::200>2001:dbd:0:1::252         ,Ether / Dot1Q / IPv6 / TCP 2001:dbf:0:1::200:9675 > 2001:dbd:0:1::252:54294 A,,,
#143 : 20.76s, 5802b, 881,         2001:dbd:0:1::252>2001:dbf:0:1::200         ,Ether / Dot1Q / IPv6 / TCP 2001:dbd:0:1::252:54294 > 2001:dbf:0:1::200:9675 PA / Raw,,,
#144 : 20.76s,   90b, 881,         2001:dbf:0:1::200>2001:dbd:0:1::252         ,Ether / Dot1Q / IPv6 / TCP 2001:dbf:0:1::200:9675 > 2001:dbd:0:1::252:54294 A,,,
#145 : 20.77s,22938b, 881,         2001:dbd:0:1::252>2001:dbf:0:1::200         ,Ether / Dot1Q / IPv6 / TCP 2001:dbd:0:1::252:54294 > 2001:dbf:0:1::200:9675 PA / Raw,,,
#146 : 20.77s,   90b, 881,         2001:dbf:0:1::200>2001:dbd:0:1::252         ,Ether / Dot1Q / IPv6 / TCP 2001:dbf:0:1::200:9675 > 2001:dbd:0:1::252:54294 A,,,
#147 : 20.78s, 5802b, 881,         2001:dbd:0:1::252>2001:dbf:0:1::200         ,Ether / Dot1Q / IPv6 / TCP 2001:dbd:0:1::252:54294 > 2001:dbf:0:1::200:9675 PA / Raw,,,
#148 : 20.78s,   90b, 881,         2001:dbf:0:1::200>2001:dbd:0:1::252         ,Ether / Dot1Q / IPv6 / TCP 2001:dbf:0:1::200:9675 > 2001:dbd:0:1::252:54294 A,,,
#149 : 20.78s, 2946b, 881,         2001:dbd:0:1::252>2001:dbf:0:1::200         ,Ether / Dot1Q / IPv6 / TCP 2001:dbd:0:1::252:54294 > 2001:dbf:0:1::200:9675 PA / Raw,,,
#150 : 20.79s,   90b, 881,         2001:dbf:0:1::200>2001:dbd:0:1::252         ,Ether / Dot1Q / IPv6 / TCP 2001:dbf:0:1::200:9675 > 2001:dbd:0:1::252:54294 A,,,
#151 : 20.79s,61494b, 881,         2001:dbd:0:1::252>2001:dbf:0:1::200         ,Ether / Dot1Q / IPv6 / TCP 2001:dbd:0:1::252:54294 > 2001:dbf:0:1::200:9675 PA / Raw,,,
#152 : 23.44s,  304b, 881,         2001:dbf:0:1::200>2001:dbd:0:1::252         ,Ether / Dot1Q / IPv6 / TCP 2001:dbf:0:1::200:9675 > 2001:dbd:0:1::252:54294 PA / Raw,http: Detected,,
#153 : 23.44s,   90b, 881,         2001:dbd:0:1::252>2001:dbf:0:1::200         ,Ether / Dot1Q / IPv6 / TCP 2001:dbd:0:1::252:54294 > 2001:dbf:0:1::200:9675 A,,,
#154 : 25.14s,   90b, 881,         2001:dbd:0:1::252>2001:dbf:0:1::200         ,Ether / Dot1Q / IPv6 / TCP 2001:dbd:0:1::252:54294 > 2001:dbf:0:1::200:9675 FA,,,
#155 : 25.15s,   90b, 881,         2001:dbf:0:1::200>2001:dbd:0:1::252         ,Ether / Dot1Q / IPv6 / TCP 2001:dbf:0:1::200:9675 > 2001:dbd:0:1::252:54294 FA,,,
#156 : 25.15s,   90b, 881,         2001:dbd:0:1::252>2001:dbf:0:1::200         ,Ether / Dot1Q / IPv6 / TCP 2001:dbd:0:1::252:54294 > 2001:dbf:0:1::200:9675 A,,,
#157 : 25.52s,   98b, 881,         2001:dbf:0:1::200>2001:dbd:0:1::252         ,Ether / Dot1Q / IPv6 / TCP 2001:dbf:0:1::200:36892 > 2001:dbd:0:1::252:7547 S,,,
#158 : 25.52s,   98b, 881,         2001:dbd:0:1::252>2001:dbf:0:1::200         ,Ether / Dot1Q / IPv6 / TCP 2001:dbd:0:1::252:7547 > 2001:dbf:0:1::200:36892 SA,,,
#159 : 25.53s,   90b, 881,         2001:dbf:0:1::200>2001:dbd:0:1::252         ,Ether / Dot1Q / IPv6 / TCP 2001:dbf:0:1::200:36892 > 2001:dbd:0:1::252:7547 A,,,
#160 : 25.53s,  156b, 881,         2001:dbd:0:1::252>2001:dbd:0:1::129         ,Ether / Dot1Q / IPv6 / UDP / DNS Qry "b'0.0.2.0.0.0.0.0.0.0.0.0.0.0.0.0.1.0.0.0.0.0.0.0.f.b.d.0.1.0....,,,
#161 : 25.54s,  202b, 881,         2001:dbf:0:1::200>2001:dbd:0:1::252         ,Ether / Dot1Q / IPv6 / TCP 2001:dbf:0:1::200:36892 > 2001:dbd:0:1::252:7547 PA / Raw,http: Detected,,
#162 : 25.54s,   90b, 881,         2001:dbd:0:1::252>2001:dbf:0:1::200         ,Ether / Dot1Q / IPv6 / TCP 2001:dbd:0:1::252:7547 > 2001:dbf:0:1::200:36892 A,,,
#163 : 25.55s,  188b, 881,         2001:dbd:0:1::129>2001:dbd:0:1::252         ,Ether / Dot1Q / IPv6 / UDP / DNS Ans "b'acs2.revdomain.com.'" ,,,
#164 : 25.55s,  846b, 881,         2001:dbd:0:1::252>2001:dbf:0:1::200         ,Ether / Dot1Q / IPv6 / TCP 2001:dbd:0:1::252:7547 > 2001:dbf:0:1::200:36892 PA / Raw,http: Detected,,
#165 : 25.56s,   90b, 881,         2001:dbf:0:1::200>2001:dbd:0:1::252         ,Ether / Dot1Q / IPv6 / TCP 2001:dbf:0:1::200:36892 > 2001:dbd:0:1::252:7547 A,,,
#166 : 25.56s,  443b, 881,         2001:dbf:0:1::200>2001:dbd:0:1::252         ,Ether / Dot1Q / IPv6 / TCP 2001:dbf:0:1::200:36892 > 2001:dbd:0:1::252:7547 PA / Raw,http: Detected,,
#167 : 25.57s,  294b, 881,         2001:dbd:0:1::252>2001:dbf:0:1::200         ,Ether / Dot1Q / IPv6 / TCP 2001:dbd:0:1::252:7547 > 2001:dbf:0:1::200:36892 PA / Raw,http: Detected,,
#168 : 25.58s,   90b, 881,         2001:dbf:0:1::200>2001:dbd:0:1::252         ,Ether / Dot1Q / IPv6 / TCP 2001:dbf:0:1::200:36892 > 2001:dbd:0:1::252:7547 FA,,,
#169 : 25.58s,   90b, 881,         2001:dbd:0:1::252>2001:dbf:0:1::200         ,Ether / Dot1Q / IPv6 / TCP 2001:dbd:0:1::252:7547 > 2001:dbf:0:1::200:36892 FA,,,
#170 : 25.58s,   90b, 881,         2001:dbf:0:1::200>2001:dbd:0:1::252         ,Ether / Dot1Q / IPv6 / TCP 2001:dbf:0:1::200:36892 > 2001:dbd:0:1::252:7547 A,,,
#171 : 25.59s,  102b, 881,         2001:dbd:0:1::252>2001:dbd:0:1::129         ,Ether / Dot1Q / IPv6 / UDP / DNS Qry "b'acs2.revdomain.com.'" ,,,
#172 : 25.59s,  118b, 881,         2001:dbd:0:1::129>2001:dbd:0:1::252         ,Ether / Dot1Q / IPv6 / UDP / DNS Ans "10.10.10.200" ,,,
#173 : 25.60s,  102b, 881,         2001:dbd:0:1::252>2001:dbd:0:1::129         ,Ether / Dot1Q / IPv6 / UDP / DNS Qry "b'acs2.revdomain.com.'" ,,,
#174 : 25.61s,  130b, 881,         2001:dbd:0:1::129>2001:dbd:0:1::252         ,Ether / Dot1Q / IPv6 / UDP / DNS Ans "2001:dbf:0:1::200" ,,,
#175 : 25.61s,   98b, 881,         2001:dbd:0:1::252>2001:dbf:0:1::200         ,Ether / Dot1Q / IPv6 / TCP 2001:dbd:0:1::252:47316 > 2001:dbf:0:1::200:9675 S,,,
#176 : 25.61s,   98b, 881,         2001:dbf:0:1::200>2001:dbd:0:1::252         ,Ether / Dot1Q / IPv6 / TCP 2001:dbf:0:1::200:9675 > 2001:dbd:0:1::252:47316 SA,,,
#177 : 25.62s,   90b, 881,         2001:dbd:0:1::252>2001:dbf:0:1::200         ,Ether / Dot1Q / IPv6 / TCP 2001:dbd:0:1::252:47316 > 2001:dbf:0:1::200:9675 A,,,
#178 : 25.62s,  222b, 881,         2001:dbd:0:1::252>2001:dbf:0:1::200         ,Ether / Dot1Q / IPv6 / TCP 2001:dbd:0:1::252:47316 > 2001:dbf:0:1::200:9675 PA / Raw,http: Detected,,inform: Detected
#179 : 25.62s,   90b, 881,         2001:dbf:0:1::200>2001:dbd:0:1::252         ,Ether / Dot1Q / IPv6 / TCP 2001:dbf:0:1::200:9675 > 2001:dbd:0:1::252:47316 A,,,
#180 : 25.63s, 2450b, 881,         2001:dbd:0:1::252>2001:dbf:0:1::200         ,Ether / Dot1Q / IPv6 / TCP 2001:dbd:0:1::252:47316 > 2001:dbf:0:1::200:9675 PA / Raw,,soap: Detected,
#181 : 25.63s,   90b, 881,         2001:dbf:0:1::200>2001:dbd:0:1::252         ,Ether / Dot1Q / IPv6 / TCP 2001:dbf:0:1::200:9675 > 2001:dbd:0:1::252:47316 A,,,
#182 : 25.64s,  846b, 881,         2001:dbf:0:1::200>2001:dbd:0:1::252         ,Ether / Dot1Q / IPv6 / TCP 2001:dbf:0:1::200:9675 > 2001:dbd:0:1::252:47316 PA / Raw,http: Detected,,
#183 : 25.64s,   90b, 881,         2001:dbd:0:1::252>2001:dbf:0:1::200         ,Ether / Dot1Q / IPv6 / TCP 2001:dbd:0:1::252:47316 > 2001:dbf:0:1::200:9675 A,,,
#184 : 25.83s,  250b, 881,         2001:dbd:0:1::252>2001:dbf:0:1::200         ,Ether / Dot1Q / IPv6 / TCP 2001:dbd:0:1::252:47316 > 2001:dbf:0:1::200:9675 PA / Raw,http: Detected,,
#185 : 25.87s,   90b, 881,         2001:dbf:0:1::200>2001:dbd:0:1::252         ,Ether / Dot1Q / IPv6 / TCP 2001:dbf:0:1::200:9675 > 2001:dbd:0:1::252:47316 A,,,
#186 : 25.95s,  957b, 881,         2001:dbf:0:1::200>2001:dbd:0:1::252         ,Ether / Dot1Q / IPv6 / TCP 2001:dbf:0:1::200:9675 > 2001:dbd:0:1::252:47316 PA / Raw,http: Detected,,
#187 : 25.96s,   90b, 881,         2001:dbd:0:1::252>2001:dbf:0:1::200         ,Ether / Dot1Q / IPv6 / TCP 2001:dbd:0:1::252:47316 > 2001:dbf:0:1::200:9675 A,,,
#188 : 25.97s,  305b, 881,         2001:dbd:0:1::252>2001:dbf:0:1::200         ,Ether / Dot1Q / IPv6 / TCP 2001:dbd:0:1::252:47316 > 2001:dbf:0:1::200:9675 PA / Raw,http: Detected,,
#189 : 25.97s,   90b, 881,         2001:dbf:0:1::200>2001:dbd:0:1::252         ,Ether / Dot1Q / IPv6 / TCP 2001:dbf:0:1::200:9675 > 2001:dbd:0:1::252:47316 A,,,
#190 : 25.98s, 7230b, 881,         2001:dbd:0:1::252>2001:dbf:0:1::200         ,Ether / Dot1Q / IPv6 / TCP 2001:dbd:0:1::252:47316 > 2001:dbf:0:1::200:9675 PA / Raw,,soap: Detected,
#191 : 25.98s,   90b, 881,         2001:dbf:0:1::200>2001:dbd:0:1::252         ,Ether / Dot1Q / IPv6 / TCP 2001:dbf:0:1::200:9675 > 2001:dbd:0:1::252:47316 A,,,
#192 : 25.99s, 2183b, 881,         2001:dbd:0:1::252>2001:dbf:0:1::200         ,Ether / Dot1Q / IPv6 / TCP 2001:dbd:0:1::252:47316 > 2001:dbf:0:1::200:9675 PA / Raw,,,
#193 : 25.99s,   90b, 881,         2001:dbf:0:1::200>2001:dbd:0:1::252         ,Ether / Dot1Q / IPv6 / TCP 2001:dbf:0:1::200:9675 > 2001:dbd:0:1::252:47316 A,,,
#194 : 26.05s,  304b, 881,         2001:dbf:0:1::200>2001:dbd:0:1::252         ,Ether / Dot1Q / IPv6 / TCP 2001:dbf:0:1::200:9675 > 2001:dbd:0:1::252:47316 PA / Raw,http: Detected,,
#195 : 26.09s,   90b, 881,         2001:dbd:0:1::252>2001:dbf:0:1::200         ,Ether / Dot1Q / IPv6 / TCP 2001:dbd:0:1::252:47316 > 2001:dbf:0:1::200:9675 A,,,
#196 : 26.61s,   98b, 881,         2001:dbf:0:1::200>2001:dbd:0:1::252         ,Ether / Dot1Q / IPv6 / TCP 2001:dbf:0:1::200:36904 > 2001:dbd:0:1::252:7547 S,,,
#197 : 26.61s,   98b, 881,         2001:dbd:0:1::252>2001:dbf:0:1::200         ,Ether / Dot1Q / IPv6 / TCP 2001:dbd:0:1::252:7547 > 2001:dbf:0:1::200:36904 SA,,,
#198 : 26.62s,   90b, 881,         2001:dbf:0:1::200>2001:dbd:0:1::252         ,Ether / Dot1Q / IPv6 / TCP 2001:dbf:0:1::200:36904 > 2001:dbd:0:1::252:7547 A,,,
#199 : 26.62s,  156b, 881,         2001:dbd:0:1::252>2001:dbd:0:1::129         ,Ether / Dot1Q / IPv6 / UDP / DNS Qry "b'0.0.2.0.0.0.0.0.0.0.0.0.0.0.0.0.1.0.0.0.0.0.0.0.f.b.d.0.1.0....,,,
#200 : 26.63s,  188b, 881,         2001:dbd:0:1::129>2001:dbd:0:1::252         ,Ether / Dot1Q / IPv6 / UDP / DNS Ans "b'acs2.revdomain.com.'" ,,,
#201 : 26.63s,  202b, 881,         2001:dbf:0:1::200>2001:dbd:0:1::252         ,Ether / Dot1Q / IPv6 / TCP 2001:dbf:0:1::200:36904 > 2001:dbd:0:1::252:7547 PA / Raw,http: Detected,,
#202 : 26.63s,   90b, 881,         2001:dbd:0:1::252>2001:dbf:0:1::200         ,Ether / Dot1Q / IPv6 / TCP 2001:dbd:0:1::252:7547 > 2001:dbf:0:1::200:36904 A,,,
#203 : 26.64s,  846b, 881,         2001:dbd:0:1::252>2001:dbf:0:1::200         ,Ether / Dot1Q / IPv6 / TCP 2001:dbd:0:1::252:7547 > 2001:dbf:0:1::200:36904 PA / Raw,http: Detected,,
#204 : 26.64s,   90b, 881,         2001:dbf:0:1::200>2001:dbd:0:1::252         ,Ether / Dot1Q / IPv6 / TCP 2001:dbf:0:1::200:36904 > 2001:dbd:0:1::252:7547 A,,,
#205 : 26.64s,  443b, 881,         2001:dbf:0:1::200>2001:dbd:0:1::252         ,Ether / Dot1Q / IPv6 / TCP 2001:dbf:0:1::200:36904 > 2001:dbd:0:1::252:7547 PA / Raw,http: Detected,,
#206 : 26.65s,  294b, 881,         2001:dbd:0:1::252>2001:dbf:0:1::200         ,Ether / Dot1Q / IPv6 / TCP 2001:dbd:0:1::252:7547 > 2001:dbf:0:1::200:36904 PA / Raw,http: Detected,,
#207 : 26.65s,   90b, 881,         2001:dbf:0:1::200>2001:dbd:0:1::252         ,Ether / Dot1Q / IPv6 / TCP 2001:dbf:0:1::200:36904 > 2001:dbd:0:1::252:7547 FA,,,
#208 : 26.66s,   82b, 881,   fe80::216:3eff:fe00:881>ff02::1                   ,Ether / Dot1Q / IPv6 / ICMPv6ND_RA / ICMPv6 Neighbor Discovery Option - Source Link-Layer Address 00...,,,
#209 : 26.66s,   90b, 881,         2001:dbd:0:1::252>2001:dbf:0:1::200         ,Ether / Dot1Q / IPv6 / TCP 2001:dbd:0:1::252:7547 > 2001:dbf:0:1::200:36904 A,,,
#210 : 27.75s,   90b, 881,         2001:dbd:0:1::252>2001:dbf:0:1::200         ,Ether / Dot1Q / IPv6 / TCP 2001:dbd:0:1::252:47316 > 2001:dbf:0:1::200:9675 FA,,,
#211 : 27.75s,   90b, 881,         2001:dbf:0:1::200>2001:dbd:0:1::252         ,Ether / Dot1Q / IPv6 / TCP 2001:dbf:0:1::200:9675 > 2001:dbd:0:1::252:47316 FA,,,
#212 : 27.76s,   90b, 881,         2001:dbd:0:1::252>2001:dbf:0:1::200         ,Ether / Dot1Q / IPv6 / TCP 2001:dbd:0:1::252:47316 > 2001:dbf:0:1::200:9675 A,,,
#213 : 28.15s,   90b, 881,         2001:dbd:0:1::252>2001:dbf:0:1::200         ,Ether / Dot1Q / IPv6 / TCP 2001:dbd:0:1::252:7547 > 2001:dbf:0:1::200:36904 FA,,,
#214 : 28.16s,   90b, 881,         2001:dbf:0:1::200>2001:dbd:0:1::252         ,Ether / Dot1Q / IPv6 / TCP 2001:dbf:0:1::200:36904 > 2001:dbd:0:1::252:7547 A,,,
#215 : 28.17s,  102b, 881,         2001:dbd:0:1::252>2001:dbd:0:1::129         ,Ether / Dot1Q / IPv6 / UDP / DNS Qry "b'acs2.revdomain.com.'" ,,,
#216 : 28.17s,  118b, 881,         2001:dbd:0:1::129>2001:dbd:0:1::252         ,Ether / Dot1Q / IPv6 / UDP / DNS Ans "10.10.10.200" ,,,
#217 : 28.20s,  102b, 881,         2001:dbd:0:1::252>2001:dbd:0:1::129         ,Ether / Dot1Q / IPv6 / UDP / DNS Qry "b'acs2.revdomain.com.'" ,,,
#218 : 28.21s,  130b, 881,         2001:dbd:0:1::129>2001:dbd:0:1::252         ,Ether / Dot1Q / IPv6 / UDP / DNS Ans "2001:dbf:0:1::200" ,,,
#219 : 28.21s,   98b, 881,         2001:dbd:0:1::252>2001:dbf:0:1::200         ,Ether / Dot1Q / IPv6 / TCP 2001:dbd:0:1::252:47330 > 2001:dbf:0:1::200:9675 S,,,
#220 : 28.21s,   98b, 881,         2001:dbf:0:1::200>2001:dbd:0:1::252         ,Ether / Dot1Q / IPv6 / TCP 2001:dbf:0:1::200:9675 > 2001:dbd:0:1::252:47330 SA,,,
#221 : 28.22s,   90b, 881,         2001:dbd:0:1::252>2001:dbf:0:1::200         ,Ether / Dot1Q / IPv6 / TCP 2001:dbd:0:1::252:47330 > 2001:dbf:0:1::200:9675 A,,,
#222 : 28.22s,  222b, 881,         2001:dbd:0:1::252>2001:dbf:0:1::200         ,Ether / Dot1Q / IPv6 / TCP 2001:dbd:0:1::252:47330 > 2001:dbf:0:1::200:9675 PA / Raw,http: Detected,,inform: Detected
#223 : 28.22s,   90b, 881,         2001:dbf:0:1::200>2001:dbd:0:1::252         ,Ether / Dot1Q / IPv6 / TCP 2001:dbf:0:1::200:9675 > 2001:dbd:0:1::252:47330 A,,,
#224 : 28.23s, 2450b, 881,         2001:dbd:0:1::252>2001:dbf:0:1::200         ,Ether / Dot1Q / IPv6 / TCP 2001:dbd:0:1::252:47330 > 2001:dbf:0:1::200:9675 PA / Raw,,soap: Detected,
#225 : 28.23s,   90b, 881,         2001:dbf:0:1::200>2001:dbd:0:1::252         ,Ether / Dot1Q / IPv6 / TCP 2001:dbf:0:1::200:9675 > 2001:dbd:0:1::252:47330 A,,,
#226 : 28.24s,  846b, 881,         2001:dbf:0:1::200>2001:dbd:0:1::252         ,Ether / Dot1Q / IPv6 / TCP 2001:dbf:0:1::200:9675 > 2001:dbd:0:1::252:47330 PA / Raw,http: Detected,,
#227 : 28.24s,   90b, 881,         2001:dbd:0:1::252>2001:dbf:0:1::200         ,Ether / Dot1Q / IPv6 / TCP 2001:dbd:0:1::252:47330 > 2001:dbf:0:1::200:9675 A,,,
#228 : 28.44s,  250b, 881,         2001:dbd:0:1::252>2001:dbf:0:1::200         ,Ether / Dot1Q / IPv6 / TCP 2001:dbd:0:1::252:47330 > 2001:dbf:0:1::200:9675 PA / Raw,http: Detected,,
#229 : 28.48s,   90b, 881,         2001:dbf:0:1::200>2001:dbd:0:1::252         ,Ether / Dot1Q / IPv6 / TCP 2001:dbf:0:1::200:9675 > 2001:dbd:0:1::252:47330 A,,,
#230 : 28.59s,  951b, 881,         2001:dbf:0:1::200>2001:dbd:0:1::252         ,Ether / Dot1Q / IPv6 / TCP 2001:dbf:0:1::200:9675 > 2001:dbd:0:1::252:47330 PA / Raw,http: Detected,,
#231 : 28.59s,   90b, 881,         2001:dbd:0:1::252>2001:dbf:0:1::200         ,Ether / Dot1Q / IPv6 / TCP 2001:dbd:0:1::252:47330 > 2001:dbf:0:1::200:9675 A,,,
#232 : 29.74s,  306b, 881,         2001:dbd:0:1::252>2001:dbf:0:1::200         ,Ether / Dot1Q / IPv6 / TCP 2001:dbd:0:1::252:47330 > 2001:dbf:0:1::200:9675 PA / Raw,http: Detected,,
#233 : 29.75s,   90b, 881,         2001:dbf:0:1::200>2001:dbd:0:1::252         ,Ether / Dot1Q / IPv6 / TCP 2001:dbf:0:1::200:9675 > 2001:dbd:0:1::252:47330 A,,,
#234 : 29.75s, 7230b, 881,         2001:dbd:0:1::252>2001:dbf:0:1::200         ,Ether / Dot1Q / IPv6 / TCP 2001:dbd:0:1::252:47330 > 2001:dbf:0:1::200:9675 PA / Raw,,soap: Detected,
#235 : 29.75s,   90b, 881,         2001:dbf:0:1::200>2001:dbd:0:1::252         ,Ether / Dot1Q / IPv6 / TCP 2001:dbf:0:1::200:9675 > 2001:dbd:0:1::252:47330 A,,,
#236 : 29.76s, 7230b, 881,         2001:dbd:0:1::252>2001:dbf:0:1::200         ,Ether / Dot1Q / IPv6 / TCP 2001:dbd:0:1::252:47330 > 2001:dbf:0:1::200:9675 PA / Raw,,,
#237 : 29.76s,   90b, 881,         2001:dbf:0:1::200>2001:dbd:0:1::252         ,Ether / Dot1Q / IPv6 / TCP 2001:dbf:0:1::200:9675 > 2001:dbd:0:1::252:47330 A,,,
#238 : 29.76s,10086b, 881,         2001:dbd:0:1::252>2001:dbf:0:1::200         ,Ether / Dot1Q / IPv6 / TCP 2001:dbd:0:1::252:47330 > 2001:dbf:0:1::200:9675 PA / Raw,,,
#239 : 29.77s,   90b, 881,         2001:dbf:0:1::200>2001:dbd:0:1::252         ,Ether / Dot1Q / IPv6 / TCP 2001:dbf:0:1::200:9675 > 2001:dbd:0:1::252:47330 A,,,
#240 : 29.77s, 4374b, 881,         2001:dbd:0:1::252>2001:dbf:0:1::200         ,Ether / Dot1Q / IPv6 / TCP 2001:dbd:0:1::252:47330 > 2001:dbf:0:1::200:9675 PA / Raw,,,
#241 : 29.78s,   90b, 881,         2001:dbf:0:1::200>2001:dbd:0:1::252         ,Ether / Dot1Q / IPv6 / TCP 2001:dbf:0:1::200:9675 > 2001:dbd:0:1::252:47330 A,,,
#242 : 29.78s,14370b, 881,         2001:dbd:0:1::252>2001:dbf:0:1::200         ,Ether / Dot1Q / IPv6 / TCP 2001:dbd:0:1::252:47330 > 2001:dbf:0:1::200:9675 PA / Raw,,,
#243 : 29.78s,   90b, 881,         2001:dbf:0:1::200>2001:dbd:0:1::252         ,Ether / Dot1Q / IPv6 / TCP 2001:dbf:0:1::200:9675 > 2001:dbd:0:1::252:47330 A,,,
#244 : 29.79s, 2946b, 881,         2001:dbd:0:1::252>2001:dbf:0:1::200         ,Ether / Dot1Q / IPv6 / TCP 2001:dbd:0:1::252:47330 > 2001:dbf:0:1::200:9675 PA / Raw,,,
#245 : 29.79s,   90b, 881,         2001:dbf:0:1::200>2001:dbd:0:1::252         ,Ether / Dot1Q / IPv6 / TCP 2001:dbf:0:1::200:9675 > 2001:dbd:0:1::252:47330 A,,,
#246 : 29.79s,17226b, 881,         2001:dbd:0:1::252>2001:dbf:0:1::200         ,Ether / Dot1Q / IPv6 / TCP 2001:dbd:0:1::252:47330 > 2001:dbf:0:1::200:9675 PA / Raw,,,
#247 : 29.80s,   90b, 881,         2001:dbf:0:1::200>2001:dbd:0:1::252         ,Ether / Dot1Q / IPv6 / TCP 2001:dbf:0:1::200:9675 > 2001:dbd:0:1::252:47330 A,,,
#248 : 29.80s, 8658b, 881,         2001:dbd:0:1::252>2001:dbf:0:1::200         ,Ether / Dot1Q / IPv6 / TCP 2001:dbd:0:1::252:47330 > 2001:dbf:0:1::200:9675 PA / Raw,,,
#249 : 29.81s, 5802b, 881,         2001:dbd:0:1::252>2001:dbf:0:1::200         ,Ether / Dot1Q / IPv6 / TCP 2001:dbd:0:1::252:47330 > 2001:dbf:0:1::200:9675 PA / Raw,,,
#250 : 29.81s, 1371b, 881,         2001:dbd:0:1::252>2001:dbf:0:1::200         ,Ether / Dot1Q / IPv6 / TCP 2001:dbd:0:1::252:47330 > 2001:dbf:0:1::200:9675 PA / Raw,,,
#251 : 29.81s,   90b, 881,         2001:dbf:0:1::200>2001:dbd:0:1::252         ,Ether / Dot1Q / IPv6 / TCP 2001:dbf:0:1::200:9675 > 2001:dbd:0:1::252:47330 A,,,
#252 : 29.82s,   90b, 881,         2001:dbf:0:1::200>2001:dbd:0:1::252         ,Ether / Dot1Q / IPv6 / TCP 2001:dbf:0:1::200:9675 > 2001:dbd:0:1::252:47330 A,,,
#253 : 29.99s,  304b, 881,         2001:dbf:0:1::200>2001:dbd:0:1::252         ,Ether / Dot1Q / IPv6 / TCP 2001:dbf:0:1::200:9675 > 2001:dbd:0:1::252:47330 PA / Raw,http: Detected,,
#254 : 29.99s,   90b, 881,         2001:dbd:0:1::252>2001:dbf:0:1::200         ,Ether / Dot1Q / IPv6 / TCP 2001:dbd:0:1::252:47330 > 2001:dbf:0:1::200:9675 A,,,
#255 : 30.76s,   98b, 881,         2001:dbf:0:1::200>2001:dbd:0:1::252         ,Ether / Dot1Q / IPv6 / TCP 2001:dbf:0:1::200:36914 > 2001:dbd:0:1::252:7547 S,,,
#256 : 30.77s,   98b, 881,         2001:dbd:0:1::252>2001:dbf:0:1::200         ,Ether / Dot1Q / IPv6 / TCP 2001:dbd:0:1::252:7547 > 2001:dbf:0:1::200:36914 SA,,,
#257 : 30.77s,   90b, 881,         2001:dbf:0:1::200>2001:dbd:0:1::252         ,Ether / Dot1Q / IPv6 / TCP 2001:dbf:0:1::200:36914 > 2001:dbd:0:1::252:7547 A,,,
#258 : 30.77s,  202b, 881,         2001:dbf:0:1::200>2001:dbd:0:1::252         ,Ether / Dot1Q / IPv6 / TCP 2001:dbf:0:1::200:36914 > 2001:dbd:0:1::252:7547 PA / Raw,http: Detected,,
#259 : 30.78s,   90b, 881,         2001:dbd:0:1::252>2001:dbf:0:1::200         ,Ether / Dot1Q / IPv6 / TCP 2001:dbd:0:1::252:7547 > 2001:dbf:0:1::200:36914 A,,,
#260 : 30.78s,  156b, 881,         2001:dbd:0:1::252>2001:dbd:0:1::129         ,Ether / Dot1Q / IPv6 / UDP / DNS Qry "b'0.0.2.0.0.0.0.0.0.0.0.0.0.0.0.0.1.0.0.0.0.0.0.0.f.b.d.0.1.0....,,,
#261 : 30.79s,  188b, 881,         2001:dbd:0:1::129>2001:dbd:0:1::252         ,Ether / Dot1Q / IPv6 / UDP / DNS Ans "b'acs2.revdomain.com.'" ,,,
#262 : 30.79s,  846b, 881,         2001:dbd:0:1::252>2001:dbf:0:1::200         ,Ether / Dot1Q / IPv6 / TCP 2001:dbd:0:1::252:7547 > 2001:dbf:0:1::200:36914 PA / Raw,http: Detected,,
#263 : 30.80s,   90b, 881,         2001:dbf:0:1::200>2001:dbd:0:1::252         ,Ether / Dot1Q / IPv6 / TCP 2001:dbf:0:1::200:36914 > 2001:dbd:0:1::252:7547 A,,,
#264 : 30.80s,  443b, 881,         2001:dbf:0:1::200>2001:dbd:0:1::252         ,Ether / Dot1Q / IPv6 / TCP 2001:dbf:0:1::200:36914 > 2001:dbd:0:1::252:7547 PA / Raw,http: Detected,,
#265 : 30.80s,  294b, 881,         2001:dbd:0:1::252>2001:dbf:0:1::200         ,Ether / Dot1Q / IPv6 / TCP 2001:dbd:0:1::252:7547 > 2001:dbf:0:1::200:36914 PA / Raw,http: Detected,,
#266 : 30.81s,   90b, 881,         2001:dbf:0:1::200>2001:dbd:0:1::252         ,Ether / Dot1Q / IPv6 / TCP 2001:dbf:0:1::200:36914 > 2001:dbd:0:1::252:7547 FA,,,
#267 : 30.82s,   90b, 881,         2001:dbd:0:1::252>2001:dbf:0:1::200         ,Ether / Dot1Q / IPv6 / TCP 2001:dbd:0:1::252:7547 > 2001:dbf:0:1::200:36914 A,,,
#268 : 31.79s,   90b, 881,         2001:dbd:0:1::252>2001:dbf:0:1::200         ,Ether / Dot1Q / IPv6 / TCP 2001:dbd:0:1::252:47330 > 2001:dbf:0:1::200:9675 FA,,,
#269 : 31.79s,   90b, 881,         2001:dbf:0:1::200>2001:dbd:0:1::252         ,Ether / Dot1Q / IPv6 / TCP 2001:dbf:0:1::200:9675 > 2001:dbd:0:1::252:47330 FA,,,
#270 : 31.80s,   90b, 881,         2001:dbd:0:1::252>2001:dbf:0:1::200         ,Ether / Dot1Q / IPv6 / TCP 2001:dbd:0:1::252:47330 > 2001:dbf:0:1::200:9675 A,,,
#271 : 32.19s,   90b, 881,         2001:dbd:0:1::252>2001:dbf:0:1::200         ,Ether / Dot1Q / IPv6 / TCP 2001:dbd:0:1::252:7547 > 2001:dbf:0:1::200:36914 FA,,,
#272 : 32.20s,   90b, 881,         2001:dbf:0:1::200>2001:dbd:0:1::252         ,Ether / Dot1Q / IPv6 / TCP 2001:dbf:0:1::200:36914 > 2001:dbd:0:1::252:7547 A,,,
#273 : 32.21s,  102b, 881,         2001:dbd:0:1::252>2001:dbd:0:1::129         ,Ether / Dot1Q / IPv6 / UDP / DNS Qry "b'acs2.revdomain.com.'" ,,,
#274 : 32.21s,  118b, 881,         2001:dbd:0:1::129>2001:dbd:0:1::252         ,Ether / Dot1Q / IPv6 / UDP / DNS Ans "10.10.10.200" ,,,
#275 : 32.24s,  102b, 881,         2001:dbd:0:1::252>2001:dbd:0:1::129         ,Ether / Dot1Q / IPv6 / UDP / DNS Qry "b'acs2.revdomain.com.'" ,,,
#276 : 32.24s,  130b, 881,         2001:dbd:0:1::129>2001:dbd:0:1::252         ,Ether / Dot1Q / IPv6 / UDP / DNS Ans "2001:dbf:0:1::200" ,,,
#277 : 32.25s,   98b, 881,         2001:dbd:0:1::252>2001:dbf:0:1::200         ,Ether / Dot1Q / IPv6 / TCP 2001:dbd:0:1::252:59326 > 2001:dbf:0:1::200:9675 S,,,
#278 : 32.25s,   98b, 881,         2001:dbf:0:1::200>2001:dbd:0:1::252         ,Ether / Dot1Q / IPv6 / TCP 2001:dbf:0:1::200:9675 > 2001:dbd:0:1::252:59326 SA,,,
#279 : 32.25s,   90b, 881,         2001:dbd:0:1::252>2001:dbf:0:1::200         ,Ether / Dot1Q / IPv6 / TCP 2001:dbd:0:1::252:59326 > 2001:dbf:0:1::200:9675 A,,,
#280 : 32.26s,  222b, 881,         2001:dbd:0:1::252>2001:dbf:0:1::200         ,Ether / Dot1Q / IPv6 / TCP 2001:dbd:0:1::252:59326 > 2001:dbf:0:1::200:9675 PA / Raw,http: Detected,,inform: Detected
#281 : 32.26s,   90b, 881,         2001:dbf:0:1::200>2001:dbd:0:1::252         ,Ether / Dot1Q / IPv6 / TCP 2001:dbf:0:1::200:9675 > 2001:dbd:0:1::252:59326 A,,,
#282 : 32.27s, 2450b, 881,         2001:dbd:0:1::252>2001:dbf:0:1::200         ,Ether / Dot1Q / IPv6 / TCP 2001:dbd:0:1::252:59326 > 2001:dbf:0:1::200:9675 PA / Raw,,soap: Detected,
#283 : 32.27s,   90b, 881,         2001:dbf:0:1::200>2001:dbd:0:1::252         ,Ether / Dot1Q / IPv6 / TCP 2001:dbf:0:1::200:9675 > 2001:dbd:0:1::252:59326 A,,,
#284 : 32.28s,  846b, 881,         2001:dbf:0:1::200>2001:dbd:0:1::252         ,Ether / Dot1Q / IPv6 / TCP 2001:dbf:0:1::200:9675 > 2001:dbd:0:1::252:59326 PA / Raw,http: Detected,,
#285 : 32.29s,   90b, 881,         2001:dbd:0:1::252>2001:dbf:0:1::200         ,Ether / Dot1Q / IPv6 / TCP 2001:dbd:0:1::252:59326 > 2001:dbf:0:1::200:9675 A,,,
#286 : 32.48s,  250b, 881,         2001:dbd:0:1::252>2001:dbf:0:1::200         ,Ether / Dot1Q / IPv6 / TCP 2001:dbd:0:1::252:59326 > 2001:dbf:0:1::200:9675 PA / Raw,http: Detected,,
#287 : 32.48s,   90b, 881,         2001:dbf:0:1::200>2001:dbd:0:1::252         ,Ether / Dot1Q / IPv6 / TCP 2001:dbf:0:1::200:9675 > 2001:dbd:0:1::252:59326 A,,,
#288 : 32.59s,  940b, 881,         2001:dbf:0:1::200>2001:dbd:0:1::252         ,Ether / Dot1Q / IPv6 / TCP 2001:dbf:0:1::200:9675 > 2001:dbd:0:1::252:59326 PA / Raw,http: Detected,,
#289 : 32.60s,   90b, 881,         2001:dbd:0:1::252>2001:dbf:0:1::200         ,Ether / Dot1Q / IPv6 / TCP 2001:dbd:0:1::252:59326 > 2001:dbf:0:1::200:9675 A,,,
#290 : 37.30s,  308b, 881,         2001:dbd:0:1::252>2001:dbf:0:1::200         ,Ether / Dot1Q / IPv6 / TCP 2001:dbd:0:1::252:59326 > 2001:dbf:0:1::200:9675 PA / Raw,http: Detected,,
#291 : 37.30s,   90b, 881,         2001:dbf:0:1::200>2001:dbd:0:1::252         ,Ether / Dot1Q / IPv6 / TCP 2001:dbf:0:1::200:9675 > 2001:dbd:0:1::252:59326 A,,,
#292 : 37.31s, 7230b, 881,         2001:dbd:0:1::252>2001:dbf:0:1::200         ,Ether / Dot1Q / IPv6 / TCP 2001:dbd:0:1::252:59326 > 2001:dbf:0:1::200:9675 PA / Raw,,soap: Detected,
#293 : 37.31s,   90b, 881,         2001:dbf:0:1::200>2001:dbd:0:1::252         ,Ether / Dot1Q / IPv6 / TCP 2001:dbf:0:1::200:9675 > 2001:dbd:0:1::252:59326 A,,,
#294 : 37.31s, 7230b, 881,         2001:dbd:0:1::252>2001:dbf:0:1::200         ,Ether / Dot1Q / IPv6 / TCP 2001:dbd:0:1::252:59326 > 2001:dbf:0:1::200:9675 PA / Raw,,,
#295 : 37.32s,   90b, 881,         2001:dbf:0:1::200>2001:dbd:0:1::252         ,Ether / Dot1Q / IPv6 / TCP 2001:dbf:0:1::200:9675 > 2001:dbd:0:1::252:59326 A,,,
#296 : 37.32s,10086b, 881,         2001:dbd:0:1::252>2001:dbf:0:1::200         ,Ether / Dot1Q / IPv6 / TCP 2001:dbd:0:1::252:59326 > 2001:dbf:0:1::200:9675 PA / Raw,,,
#297 : 37.32s,   90b, 881,         2001:dbf:0:1::200>2001:dbd:0:1::252         ,Ether / Dot1Q / IPv6 / TCP 2001:dbf:0:1::200:9675 > 2001:dbd:0:1::252:59326 A,,,
#298 : 37.33s,14370b, 881,         2001:dbd:0:1::252>2001:dbf:0:1::200         ,Ether / Dot1Q / IPv6 / TCP 2001:dbd:0:1::252:59326 > 2001:dbf:0:1::200:9675 PA / Raw,,,
#299 : 37.33s,   90b, 881,         2001:dbf:0:1::200>2001:dbd:0:1::252         ,Ether / Dot1Q / IPv6 / TCP 2001:dbf:0:1::200:9675 > 2001:dbd:0:1::252:59326 A,,,
#300 : 37.34s, 7230b, 881,         2001:dbd:0:1::252>2001:dbf:0:1::200         ,Ether / Dot1Q / IPv6 / TCP 2001:dbd:0:1::252:59326 > 2001:dbf:0:1::200:9675 PA / Raw,,,
#301 : 37.34s,   90b, 881,         2001:dbf:0:1::200>2001:dbd:0:1::252         ,Ether / Dot1Q / IPv6 / TCP 2001:dbf:0:1::200:9675 > 2001:dbd:0:1::252:59326 A,,,
#302 : 37.34s,17226b, 881,         2001:dbd:0:1::252>2001:dbf:0:1::200         ,Ether / Dot1Q / IPv6 / TCP 2001:dbd:0:1::252:59326 > 2001:dbf:0:1::200:9675 PA / Raw,,,
#303 : 37.35s,   90b, 881,         2001:dbf:0:1::200>2001:dbd:0:1::252         ,Ether / Dot1Q / IPv6 / TCP 2001:dbf:0:1::200:9675 > 2001:dbd:0:1::252:59326 A,,,
#304 : 37.35s,14370b, 881,         2001:dbd:0:1::252>2001:dbf:0:1::200         ,Ether / Dot1Q / IPv6 / TCP 2001:dbd:0:1::252:59326 > 2001:dbf:0:1::200:9675 PA / Raw,,,
#305 : 37.35s,   90b, 881,         2001:dbf:0:1::200>2001:dbd:0:1::252         ,Ether / Dot1Q / IPv6 / TCP 2001:dbf:0:1::200:9675 > 2001:dbd:0:1::252:59326 A,,,
#306 : 37.36s,28650b, 881,         2001:dbd:0:1::252>2001:dbf:0:1::200         ,Ether / Dot1Q / IPv6 / TCP 2001:dbd:0:1::252:59326 > 2001:dbf:0:1::200:9675 PA / Raw,,,
#307 : 37.36s,   90b, 881,         2001:dbf:0:1::200>2001:dbd:0:1::252         ,Ether / Dot1Q / IPv6 / TCP 2001:dbf:0:1::200:9675 > 2001:dbd:0:1::252:59326 A,,,
#308 : 37.37s, 2946b, 881,         2001:dbd:0:1::252>2001:dbf:0:1::200         ,Ether / Dot1Q / IPv6 / TCP 2001:dbd:0:1::252:59326 > 2001:dbf:0:1::200:9675 PA / Raw,,,
#309 : 37.37s,   90b, 881,         2001:dbf:0:1::200>2001:dbd:0:1::252         ,Ether / Dot1Q / IPv6 / TCP 2001:dbf:0:1::200:9675 > 2001:dbd:0:1::252:59326 A,,,
#310 : 37.37s,61494b, 881,         2001:dbd:0:1::252>2001:dbf:0:1::200         ,Ether / Dot1Q / IPv6 / TCP 2001:dbd:0:1::252:59326 > 2001:dbf:0:1::200:9675 PA / Raw,,,
#311 : 40.04s,  304b, 881,         2001:dbf:0:1::200>2001:dbd:0:1::252         ,Ether / Dot1Q / IPv6 / TCP 2001:dbf:0:1::200:9675 > 2001:dbd:0:1::252:59326 PA / Raw,http: Detected,,
#312 : 40.05s,   90b, 881,         2001:dbd:0:1::252>2001:dbf:0:1::200         ,Ether / Dot1Q / IPv6 / TCP 2001:dbd:0:1::252:59326 > 2001:dbf:0:1::200:9675 A,,,
#313 : 41.80s,   90b, 881,         2001:dbd:0:1::252>2001:dbf:0:1::200         ,Ether / Dot1Q / IPv6 / TCP 2001:dbd:0:1::252:59326 > 2001:dbf:0:1::200:9675 FA,,,
#314 : 41.80s,   90b, 881,         2001:dbf:0:1::200>2001:dbd:0:1::252         ,Ether / Dot1Q / IPv6 / TCP 2001:dbf:0:1::200:9675 > 2001:dbd:0:1::252:59326 FA,,,
#315 : 41.80s,   90b, 881,         2001:dbd:0:1::252>2001:dbf:0:1::200         ,Ether / Dot1Q / IPv6 / TCP 2001:dbd:0:1::252:59326 > 2001:dbf:0:1::200:9675 A,,,
