#1   :  0.68s,  114b, 881,         2001:dbd:0:1::252>2001:dbd:0:1::129         ,Ether / Dot1Q / IPv6 / UDP / NTP v??, ??,,,
#2   :  0.69s,  114b, 881,         2001:dbd:0:1::129>2001:dbd:0:1::252         ,Ether / Dot1Q / IPv6 / UDP / NTP v??, ??,,,
#3   :  3.19s,   98b, 881,         2001:dbf:0:1::200>2001:dbd:0:1::252         ,Ether / Dot1Q / IPv6 / TCP 2001:dbf:0:1::200:55944 > 2001:dbd:0:1::252:7547 S,,,
#4   :  3.19s,   78b, 881,         2001:dbd:0:1::252>2001:dbf:0:1::200         ,Ether / Dot1Q / IPv6 / TCP 2001:dbd:0:1::252:7547 > 2001:dbf:0:1::200:55944 RA,,,
#5   :  3.80s,   98b, 881,         2001:dbd:0:1::252>2001:dbf:0:1::200         ,Ether / Dot1Q / IPv6 / TCP 2001:dbd:0:1::252:53928 > 2001:dbf:0:1::200:9675 S,,,
#6   :  3.81s,   98b, 881,         2001:dbf:0:1::200>2001:dbd:0:1::252         ,Ether / Dot1Q / IPv6 / TCP 2001:dbf:0:1::200:9675 > 2001:dbd:0:1::252:53928 SA,,,
#7   :  3.81s,   90b, 881,         2001:dbd:0:1::252>2001:dbf:0:1::200         ,Ether / Dot1Q / IPv6 / TCP 2001:dbd:0:1::252:53928 > 2001:dbf:0:1::200:9675 A,,,
#8   :  3.82s,  223b, 881,         2001:dbd:0:1::252>2001:dbf:0:1::200         ,Ether / Dot1Q / IPv6 / TCP 2001:dbd:0:1::252:53928 > 2001:dbf:0:1::200:9675 PA / Raw,http: Detected,,inform: Detected
#9   :  3.82s,   90b, 881,         2001:dbf:0:1::200>2001:dbd:0:1::252         ,Ether / Dot1Q / IPv6 / TCP 2001:dbf:0:1::200:9675 > 2001:dbd:0:1::252:53928 A,,,
#10  :  3.82s, 2441b, 881,         2001:dbd:0:1::252>2001:dbf:0:1::200         ,Ether / Dot1Q / IPv6 / TCP 2001:dbd:0:1::252:53928 > 2001:dbf:0:1::200:9675 PA / Raw,,soap: Detected,
#11  :  3.83s,   90b, 881,         2001:dbf:0:1::200>2001:dbd:0:1::252         ,Ether / Dot1Q / IPv6 / TCP 2001:dbf:0:1::200:9675 > 2001:dbd:0:1::252:53928 A,,,
#12  :  3.84s,  846b, 881,         2001:dbf:0:1::200>2001:dbd:0:1::252         ,Ether / Dot1Q / IPv6 / TCP 2001:dbf:0:1::200:9675 > 2001:dbd:0:1::252:53928 PA / Raw,http: Detected,,
#13  :  3.85s,   90b, 881,         2001:dbd:0:1::252>2001:dbf:0:1::200         ,Ether / Dot1Q / IPv6 / TCP 2001:dbd:0:1::252:53928 > 2001:dbf:0:1::200:9675 A,,,
#14  :  4.05s,  251b, 881,         2001:dbd:0:1::252>2001:dbf:0:1::200         ,Ether / Dot1Q / IPv6 / TCP 2001:dbd:0:1::252:53928 > 2001:dbf:0:1::200:9675 PA / Raw,http: Detected,,
#15  :  4.09s,   90b, 881,         2001:dbf:0:1::200>2001:dbd:0:1::252         ,Ether / Dot1Q / IPv6 / TCP 2001:dbf:0:1::200:9675 > 2001:dbd:0:1::252:53928 A,,,
#16  :  4.11s, 1602b, 881,         2001:dbf:0:1::200>2001:dbd:0:1::252         ,Ether / Dot1Q / IPv6 / TCP 2001:dbf:0:1::200:9675 > 2001:dbd:0:1::252:53928 PA / Raw,http: Detected,,
#17  :  4.11s,   90b, 881,         2001:dbd:0:1::252>2001:dbf:0:1::200         ,Ether / Dot1Q / IPv6 / TCP 2001:dbd:0:1::252:53928 > 2001:dbf:0:1::200:9675 A,,,
#18  :  4.12s,  305b, 881,         2001:dbd:0:1::252>2001:dbf:0:1::200         ,Ether / Dot1Q / IPv6 / TCP 2001:dbd:0:1::252:53928 > 2001:dbf:0:1::200:9675 PA / Raw,http: Detected,,
#19  :  4.12s,   90b, 881,         2001:dbf:0:1::200>2001:dbd:0:1::252         ,Ether / Dot1Q / IPv6 / TCP 2001:dbf:0:1::200:9675 > 2001:dbd:0:1::252:53928 A,,,
#20  :  4.13s,  610b, 881,         2001:dbd:0:1::252>2001:dbf:0:1::200         ,Ether / Dot1Q / IPv6 / TCP 2001:dbd:0:1::252:53928 > 2001:dbf:0:1::200:9675 PA / Raw,,soap: Detected,
#21  :  4.13s,   90b, 881,         2001:dbf:0:1::200>2001:dbd:0:1::252         ,Ether / Dot1Q / IPv6 / TCP 2001:dbf:0:1::200:9675 > 2001:dbd:0:1::252:53928 A,,,
#22  :  4.28s,  957b, 881,         2001:dbf:0:1::200>2001:dbd:0:1::252         ,Ether / Dot1Q / IPv6 / TCP 2001:dbf:0:1::200:9675 > 2001:dbd:0:1::252:53928 PA / Raw,http: Detected,,
#23  :  4.29s,  306b, 881,         2001:dbd:0:1::252>2001:dbf:0:1::200         ,Ether / Dot1Q / IPv6 / TCP 2001:dbd:0:1::252:53928 > 2001:dbf:0:1::200:9675 PA / Raw,http: Detected,,
#24  :  4.30s,   90b, 881,         2001:dbf:0:1::200>2001:dbd:0:1::252         ,Ether / Dot1Q / IPv6 / TCP 2001:dbf:0:1::200:9675 > 2001:dbd:0:1::252:53928 A,,,
#25  :  4.30s, 7230b, 881,         2001:dbd:0:1::252>2001:dbf:0:1::200         ,Ether / Dot1Q / IPv6 / TCP 2001:dbd:0:1::252:53928 > 2001:dbf:0:1::200:9675 PA / Raw,,soap: Detected,
#26  :  4.30s,   90b, 881,         2001:dbf:0:1::200>2001:dbd:0:1::252         ,Ether / Dot1Q / IPv6 / TCP 2001:dbf:0:1::200:9675 > 2001:dbd:0:1::252:53928 A,,,
#27  :  4.31s, 2184b, 881,         2001:dbd:0:1::252>2001:dbf:0:1::200         ,Ether / Dot1Q / IPv6 / TCP 2001:dbd:0:1::252:53928 > 2001:dbf:0:1::200:9675 PA / Raw,,,
#28  :  4.31s,   90b, 881,         2001:dbf:0:1::200>2001:dbd:0:1::252         ,Ether / Dot1Q / IPv6 / TCP 2001:dbf:0:1::200:9675 > 2001:dbd:0:1::252:53928 A,,,
#29  :  4.36s,  304b, 881,         2001:dbf:0:1::200>2001:dbd:0:1::252         ,Ether / Dot1Q / IPv6 / TCP 2001:dbf:0:1::200:9675 > 2001:dbd:0:1::252:53928 PA / Raw,http: Detected,,
#30  :  4.40s,   90b, 881,         2001:dbd:0:1::252>2001:dbf:0:1::200         ,Ether / Dot1Q / IPv6 / TCP 2001:dbd:0:1::252:53928 > 2001:dbf:0:1::200:9675 A,,,
#31  :  5.81s,   98b, 881,         2001:dbf:0:1::200>2001:dbd:0:1::252         ,Ether / Dot1Q / IPv6 / TCP 2001:dbf:0:1::200:55960 > 2001:dbd:0:1::252:7547 S,,,
#32  :  5.82s,   98b, 881,         2001:dbd:0:1::252>2001:dbf:0:1::200         ,Ether / Dot1Q / IPv6 / TCP 2001:dbd:0:1::252:7547 > 2001:dbf:0:1::200:55960 SA,,,
#33  :  5.82s,   90b, 881,         2001:dbf:0:1::200>2001:dbd:0:1::252         ,Ether / Dot1Q / IPv6 / TCP 2001:dbf:0:1::200:55960 > 2001:dbd:0:1::252:7547 A,,,
#34  :  5.82s,  202b, 881,         2001:dbf:0:1::200>2001:dbd:0:1::252         ,Ether / Dot1Q / IPv6 / TCP 2001:dbf:0:1::200:55960 > 2001:dbd:0:1::252:7547 PA / Raw,http: Detected,,
#35  :  5.83s,   90b, 881,         2001:dbd:0:1::252>2001:dbf:0:1::200         ,Ether / Dot1Q / IPv6 / TCP 2001:dbd:0:1::252:7547 > 2001:dbf:0:1::200:55960 A,,,
#36  :  5.83s,  156b, 881,         2001:dbd:0:1::252>2001:dbd:0:1::129         ,Ether / Dot1Q / IPv6 / UDP / DNS Qry "b'0.0.2.0.0.0.0.0.0.0.0.0.0.0.0.0.1.0.0.0.0.0.0.0.f.b.d.0.1.0....,,,
#37  :  5.84s,  188b, 881,         2001:dbd:0:1::129>2001:dbd:0:1::252         ,Ether / Dot1Q / IPv6 / UDP / DNS Ans "b'acs2.revdomain.com.'" ,,,
#38  :  5.84s,  831b, 881,         2001:dbd:0:1::252>2001:dbf:0:1::200         ,Ether / Dot1Q / IPv6 / TCP 2001:dbd:0:1::252:7547 > 2001:dbf:0:1::200:55960 PA / Raw,http: Detected,,
#39  :  5.85s,   90b, 881,         2001:dbf:0:1::200>2001:dbd:0:1::252         ,Ether / Dot1Q / IPv6 / TCP 2001:dbf:0:1::200:55960 > 2001:dbd:0:1::252:7547 A,,,
#40  :  5.85s,  443b, 881,         2001:dbf:0:1::200>2001:dbd:0:1::252         ,Ether / Dot1Q / IPv6 / TCP 2001:dbf:0:1::200:55960 > 2001:dbd:0:1::252:7547 PA / Raw,http: Detected,,
#41  :  5.86s,  293b, 881,         2001:dbd:0:1::252>2001:dbf:0:1::200         ,Ether / Dot1Q / IPv6 / TCP 2001:dbd:0:1::252:7547 > 2001:dbf:0:1::200:55960 PA / Raw,http: Detected,,
#42  :  5.86s,   90b, 881,         2001:dbf:0:1::200>2001:dbd:0:1::252         ,Ether / Dot1Q / IPv6 / TCP 2001:dbf:0:1::200:55960 > 2001:dbd:0:1::252:7547 FA,,,
#43  :  5.86s,   90b, 881,         2001:dbd:0:1::252>2001:dbf:0:1::200         ,Ether / Dot1Q / IPv6 / TCP 2001:dbd:0:1::252:7547 > 2001:dbf:0:1::200:55960 A,,,
#44  :  6.06s,   90b, 881,         2001:dbd:0:1::252>2001:dbf:0:1::200         ,Ether / Dot1Q / IPv6 / TCP 2001:dbd:0:1::252:53928 > 2001:dbf:0:1::200:9675 FA,,,
#45  :  6.07s,   90b, 881,         2001:dbf:0:1::200>2001:dbd:0:1::252         ,Ether / Dot1Q / IPv6 / TCP 2001:dbf:0:1::200:9675 > 2001:dbd:0:1::252:53928 FA,,,
#46  :  6.07s,   90b, 881,         2001:dbd:0:1::252>2001:dbf:0:1::200         ,Ether / Dot1Q / IPv6 / TCP 2001:dbd:0:1::252:53928 > 2001:dbf:0:1::200:9675 A,,,
#47  :  6.46s,   90b, 881,         2001:dbd:0:1::252>2001:dbf:0:1::200         ,Ether / Dot1Q / IPv6 / TCP 2001:dbd:0:1::252:7547 > 2001:dbf:0:1::200:55960 FA,,,
#48  :  6.47s,   90b, 881,         2001:dbf:0:1::200>2001:dbd:0:1::252         ,Ether / Dot1Q / IPv6 / TCP 2001:dbf:0:1::200:55960 > 2001:dbd:0:1::252:7547 A,,,
#49  :  6.50s,   98b, 881,         2001:dbd:0:1::252>2001:dbf:0:1::200         ,Ether / Dot1Q / IPv6 / TCP 2001:dbd:0:1::252:49798 > 2001:dbf:0:1::200:9675 S,,,
#50  :  6.51s,   98b, 881,         2001:dbf:0:1::200>2001:dbd:0:1::252         ,Ether / Dot1Q / IPv6 / TCP 2001:dbf:0:1::200:9675 > 2001:dbd:0:1::252:49798 SA,,,
#51  :  6.51s,   90b, 881,         2001:dbd:0:1::252>2001:dbf:0:1::200         ,Ether / Dot1Q / IPv6 / TCP 2001:dbd:0:1::252:49798 > 2001:dbf:0:1::200:9675 A,,,
#52  :  6.52s,  223b, 881,         2001:dbd:0:1::252>2001:dbf:0:1::200         ,Ether / Dot1Q / IPv6 / TCP 2001:dbd:0:1::252:49798 > 2001:dbf:0:1::200:9675 PA / Raw,http: Detected,,inform: Detected
#53  :  6.52s,   90b, 881,         2001:dbf:0:1::200>2001:dbd:0:1::252         ,Ether / Dot1Q / IPv6 / TCP 2001:dbf:0:1::200:9675 > 2001:dbd:0:1::252:49798 A,,,
#54  :  6.52s, 2450b, 881,         2001:dbd:0:1::252>2001:dbf:0:1::200         ,Ether / Dot1Q / IPv6 / TCP 2001:dbd:0:1::252:49798 > 2001:dbf:0:1::200:9675 PA / Raw,,soap: Detected,
#55  :  6.53s,   90b, 881,         2001:dbf:0:1::200>2001:dbd:0:1::252         ,Ether / Dot1Q / IPv6 / TCP 2001:dbf:0:1::200:9675 > 2001:dbd:0:1::252:49798 A,,,
#56  :  6.54s,  846b, 881,         2001:dbf:0:1::200>2001:dbd:0:1::252         ,Ether / Dot1Q / IPv6 / TCP 2001:dbf:0:1::200:9675 > 2001:dbd:0:1::252:49798 PA / Raw,http: Detected,,
#57  :  6.55s,   90b, 881,         2001:dbd:0:1::252>2001:dbf:0:1::200         ,Ether / Dot1Q / IPv6 / TCP 2001:dbd:0:1::252:49798 > 2001:dbf:0:1::200:9675 A,,,
#58  :  6.75s,  251b, 881,         2001:dbd:0:1::252>2001:dbf:0:1::200         ,Ether / Dot1Q / IPv6 / TCP 2001:dbd:0:1::252:49798 > 2001:dbf:0:1::200:9675 PA / Raw,http: Detected,,
#59  :  6.78s,   90b, 881,         2001:dbf:0:1::200>2001:dbd:0:1::252         ,Ether / Dot1Q / IPv6 / TCP 2001:dbf:0:1::200:9675 > 2001:dbd:0:1::252:49798 A,,,
#60  :  6.87s,  951b, 881,         2001:dbf:0:1::200>2001:dbd:0:1::252         ,Ether / Dot1Q / IPv6 / TCP 2001:dbf:0:1::200:9675 > 2001:dbd:0:1::252:49798 PA / Raw,http: Detected,,
#61  :  6.88s,   90b, 881,         2001:dbd:0:1::252>2001:dbf:0:1::200         ,Ether / Dot1Q / IPv6 / TCP 2001:dbd:0:1::252:49798 > 2001:dbf:0:1::200:9675 A,,,
#62  :  8.02s,  307b, 881,         2001:dbd:0:1::252>2001:dbf:0:1::200         ,Ether / Dot1Q / IPv6 / TCP 2001:dbd:0:1::252:49798 > 2001:dbf:0:1::200:9675 PA / Raw,http: Detected,,
#63  :  8.02s,   90b, 881,         2001:dbf:0:1::200>2001:dbd:0:1::252         ,Ether / Dot1Q / IPv6 / TCP 2001:dbf:0:1::200:9675 > 2001:dbd:0:1::252:49798 A,,,
#64  :  8.03s, 7230b, 881,         2001:dbd:0:1::252>2001:dbf:0:1::200         ,Ether / Dot1Q / IPv6 / TCP 2001:dbd:0:1::252:49798 > 2001:dbf:0:1::200:9675 PA / Raw,,soap: Detected,
#65  :  8.03s, 7230b, 881,         2001:dbd:0:1::252>2001:dbf:0:1::200         ,Ether / Dot1Q / IPv6 / TCP 2001:dbd:0:1::252:49798 > 2001:dbf:0:1::200:9675 PA / Raw,,,
#66  :  8.04s,   90b, 881,         2001:dbf:0:1::200>2001:dbd:0:1::252         ,Ether / Dot1Q / IPv6 / TCP 2001:dbf:0:1::200:9675 > 2001:dbd:0:1::252:49798 A,,,
#67  :  8.04s,10086b, 881,         2001:dbd:0:1::252>2001:dbf:0:1::200         ,Ether / Dot1Q / IPv6 / TCP 2001:dbd:0:1::252:49798 > 2001:dbf:0:1::200:9675 PA / Raw,,,
#68  :  8.05s, 4374b, 881,         2001:dbd:0:1::252>2001:dbf:0:1::200         ,Ether / Dot1Q / IPv6 / TCP 2001:dbd:0:1::252:49798 > 2001:dbf:0:1::200:9675 PA / Raw,,,
#69  :  8.05s,   90b, 881,         2001:dbf:0:1::200>2001:dbd:0:1::252         ,Ether / Dot1Q / IPv6 / TCP 2001:dbf:0:1::200:9675 > 2001:dbd:0:1::252:49798 A,,,
#70  :  8.05s,14370b, 881,         2001:dbd:0:1::252>2001:dbf:0:1::200         ,Ether / Dot1Q / IPv6 / TCP 2001:dbd:0:1::252:49798 > 2001:dbf:0:1::200:9675 PA / Raw,,,
#71  :  8.06s,   90b, 881,         2001:dbf:0:1::200>2001:dbd:0:1::252         ,Ether / Dot1Q / IPv6 / TCP 2001:dbf:0:1::200:9675 > 2001:dbd:0:1::252:49798 A,,,
#72  :  8.06s, 2946b, 881,         2001:dbd:0:1::252>2001:dbf:0:1::200         ,Ether / Dot1Q / IPv6 / TCP 2001:dbd:0:1::252:49798 > 2001:dbf:0:1::200:9675 PA / Raw,,,
#73  :  8.07s,28650b, 881,         2001:dbd:0:1::252>2001:dbf:0:1::200         ,Ether / Dot1Q / IPv6 / TCP 2001:dbd:0:1::252:49798 > 2001:dbf:0:1::200:9675 PA / Raw,,,
#74  :  8.07s, 2946b, 881,         2001:dbd:0:1::252>2001:dbf:0:1::200         ,Ether / Dot1Q / IPv6 / TCP 2001:dbd:0:1::252:49798 > 2001:dbf:0:1::200:9675 PA / Raw,,,
#75  :  8.08s, 1371b, 881,         2001:dbd:0:1::252>2001:dbf:0:1::200         ,Ether / Dot1Q / IPv6 / TCP 2001:dbd:0:1::252:49798 > 2001:dbf:0:1::200:9675 PA / Raw,,,
#76  :  8.08s,   90b, 881,         2001:dbf:0:1::200>2001:dbd:0:1::252         ,Ether / Dot1Q / IPv6 / TCP 2001:dbf:0:1::200:9675 > 2001:dbd:0:1::252:49798 A,,,
#77  :  8.08s,   90b, 881,         2001:dbf:0:1::200>2001:dbd:0:1::252         ,Ether / Dot1Q / IPv6 / TCP 2001:dbf:0:1::200:9675 > 2001:dbd:0:1::252:49798 A,,,
#78  :  8.25s,  304b, 881,         2001:dbf:0:1::200>2001:dbd:0:1::252         ,Ether / Dot1Q / IPv6 / TCP 2001:dbf:0:1::200:9675 > 2001:dbd:0:1::252:49798 PA / Raw,http: Detected,,
#79  :  8.26s,   90b, 881,         2001:dbd:0:1::252>2001:dbf:0:1::200         ,Ether / Dot1Q / IPv6 / TCP 2001:dbd:0:1::252:49798 > 2001:dbf:0:1::200:9675 A,,,
#80  :  8.97s,   98b, 881,         2001:dbf:0:1::200>2001:dbd:0:1::252         ,Ether / Dot1Q / IPv6 / TCP 2001:dbf:0:1::200:41996 > 2001:dbd:0:1::252:7547 S,,,
#81  :  8.97s,   98b, 881,         2001:dbd:0:1::252>2001:dbf:0:1::200         ,Ether / Dot1Q / IPv6 / TCP 2001:dbd:0:1::252:7547 > 2001:dbf:0:1::200:41996 SA,,,
#82  :  8.98s,   90b, 881,         2001:dbf:0:1::200>2001:dbd:0:1::252         ,Ether / Dot1Q / IPv6 / TCP 2001:dbf:0:1::200:41996 > 2001:dbd:0:1::252:7547 A,,,
#83  :  8.98s,  202b, 881,         2001:dbf:0:1::200>2001:dbd:0:1::252         ,Ether / Dot1Q / IPv6 / TCP 2001:dbf:0:1::200:41996 > 2001:dbd:0:1::252:7547 PA / Raw,http: Detected,,
#84  :  8.99s,   90b, 881,         2001:dbd:0:1::252>2001:dbf:0:1::200         ,Ether / Dot1Q / IPv6 / TCP 2001:dbd:0:1::252:7547 > 2001:dbf:0:1::200:41996 A,,,
#85  :  8.99s,  156b, 881,         2001:dbd:0:1::252>2001:dbd:0:1::129         ,Ether / Dot1Q / IPv6 / UDP / DNS Qry "b'0.0.2.0.0.0.0.0.0.0.0.0.0.0.0.0.1.0.0.0.0.0.0.0.f.b.d.0.1.0....,,,
#86  :  9.00s,  188b, 881,         2001:dbd:0:1::129>2001:dbd:0:1::252         ,Ether / Dot1Q / IPv6 / UDP / DNS Ans "b'acs2.revdomain.com.'" ,,,
#87  :  9.01s,  845b, 881,         2001:dbd:0:1::252>2001:dbf:0:1::200         ,Ether / Dot1Q / IPv6 / TCP 2001:dbd:0:1::252:7547 > 2001:dbf:0:1::200:41996 PA / Raw,http: Detected,,
#88  :  9.01s,   90b, 881,         2001:dbf:0:1::200>2001:dbd:0:1::252         ,Ether / Dot1Q / IPv6 / TCP 2001:dbf:0:1::200:41996 > 2001:dbd:0:1::252:7547 A,,,
#89  :  9.01s,  443b, 881,         2001:dbf:0:1::200>2001:dbd:0:1::252         ,Ether / Dot1Q / IPv6 / TCP 2001:dbf:0:1::200:41996 > 2001:dbd:0:1::252:7547 PA / Raw,http: Detected,,
#90  :  9.02s,  293b, 881,         2001:dbd:0:1::252>2001:dbf:0:1::200         ,Ether / Dot1Q / IPv6 / TCP 2001:dbd:0:1::252:7547 > 2001:dbf:0:1::200:41996 PA / Raw,http: Detected,,
#91  :  9.02s,   90b, 881,         2001:dbf:0:1::200>2001:dbd:0:1::252         ,Ether / Dot1Q / IPv6 / TCP 2001:dbf:0:1::200:41996 > 2001:dbd:0:1::252:7547 FA,,,
#92  :  9.03s,   90b, 881,         2001:dbd:0:1::252>2001:dbf:0:1::200         ,Ether / Dot1Q / IPv6 / TCP 2001:dbd:0:1::252:7547 > 2001:dbf:0:1::200:41996 A,,,
#93  : 10.08s,   90b, 881,         2001:dbd:0:1::252>2001:dbf:0:1::200         ,Ether / Dot1Q / IPv6 / TCP 2001:dbd:0:1::252:49798 > 2001:dbf:0:1::200:9675 FA,,,
#94  : 10.08s,   90b, 881,         2001:dbf:0:1::200>2001:dbd:0:1::252         ,Ether / Dot1Q / IPv6 / TCP 2001:dbf:0:1::200:9675 > 2001:dbd:0:1::252:49798 FA,,,
#95  : 10.08s,   90b, 881,         2001:dbd:0:1::252>2001:dbf:0:1::200         ,Ether / Dot1Q / IPv6 / TCP 2001:dbd:0:1::252:49798 > 2001:dbf:0:1::200:9675 A,,,
#96  : 10.48s,   90b, 881,         2001:dbd:0:1::252>2001:dbf:0:1::200         ,Ether / Dot1Q / IPv6 / TCP 2001:dbd:0:1::252:7547 > 2001:dbf:0:1::200:41996 FA,,,
#97  : 10.48s,   90b, 881,         2001:dbf:0:1::200>2001:dbd:0:1::252         ,Ether / Dot1Q / IPv6 / TCP 2001:dbf:0:1::200:41996 > 2001:dbd:0:1::252:7547 A,,,
#98  : 10.52s,   98b, 881,         2001:dbd:0:1::252>2001:dbf:0:1::200         ,Ether / Dot1Q / IPv6 / TCP 2001:dbd:0:1::252:49804 > 2001:dbf:0:1::200:9675 S,,,
#99  : 10.52s,   98b, 881,         2001:dbf:0:1::200>2001:dbd:0:1::252         ,Ether / Dot1Q / IPv6 / TCP 2001:dbf:0:1::200:9675 > 2001:dbd:0:1::252:49804 SA,,,
#100 : 10.53s,   90b, 881,         2001:dbd:0:1::252>2001:dbf:0:1::200         ,Ether / Dot1Q / IPv6 / TCP 2001:dbd:0:1::252:49804 > 2001:dbf:0:1::200:9675 A,,,
#101 : 10.53s,  223b, 881,         2001:dbd:0:1::252>2001:dbf:0:1::200         ,Ether / Dot1Q / IPv6 / TCP 2001:dbd:0:1::252:49804 > 2001:dbf:0:1::200:9675 PA / Raw,http: Detected,,inform: Detected
#102 : 10.54s,   90b, 881,         2001:dbf:0:1::200>2001:dbd:0:1::252         ,Ether / Dot1Q / IPv6 / TCP 2001:dbf:0:1::200:9675 > 2001:dbd:0:1::252:49804 A,,,
#103 : 10.54s, 2450b, 881,         2001:dbd:0:1::252>2001:dbf:0:1::200         ,Ether / Dot1Q / IPv6 / TCP 2001:dbd:0:1::252:49804 > 2001:dbf:0:1::200:9675 PA / Raw,,soap: Detected,
#104 : 10.54s,   90b, 881,         2001:dbf:0:1::200>2001:dbd:0:1::252         ,Ether / Dot1Q / IPv6 / TCP 2001:dbf:0:1::200:9675 > 2001:dbd:0:1::252:49804 A,,,
#105 : 10.55s,  846b, 881,         2001:dbf:0:1::200>2001:dbd:0:1::252         ,Ether / Dot1Q / IPv6 / TCP 2001:dbf:0:1::200:9675 > 2001:dbd:0:1::252:49804 PA / Raw,http: Detected,,
#106 : 10.56s,   90b, 881,         2001:dbd:0:1::252>2001:dbf:0:1::200         ,Ether / Dot1Q / IPv6 / TCP 2001:dbd:0:1::252:49804 > 2001:dbf:0:1::200:9675 A,,,
#107 : 10.76s,  251b, 881,         2001:dbd:0:1::252>2001:dbf:0:1::200         ,Ether / Dot1Q / IPv6 / TCP 2001:dbd:0:1::252:49804 > 2001:dbf:0:1::200:9675 PA / Raw,http: Detected,,
#108 : 10.80s,   90b, 881,         2001:dbf:0:1::200>2001:dbd:0:1::252         ,Ether / Dot1Q / IPv6 / TCP 2001:dbf:0:1::200:9675 > 2001:dbd:0:1::252:49804 A,,,
#109 : 10.91s,  940b, 881,         2001:dbf:0:1::200>2001:dbd:0:1::252         ,Ether / Dot1Q / IPv6 / TCP 2001:dbf:0:1::200:9675 > 2001:dbd:0:1::252:49804 PA / Raw,http: Detected,,
#110 : 10.91s,   90b, 881,         2001:dbd:0:1::252>2001:dbf:0:1::200         ,Ether / Dot1Q / IPv6 / TCP 2001:dbd:0:1::252:49804 > 2001:dbf:0:1::200:9675 A,,,
#111 : 14.58s,   82b, 981,   fe80::216:3eff:fe00:981>ff02::1                   ,Ether / Dot1Q / IPv6 / ICMPv6ND_RA / ICMPv6 Neighbor Discovery Option - Source Link-Layer Address 00...,,,
#112 : 15.91s,  309b, 881,         2001:dbd:0:1::252>2001:dbf:0:1::200         ,Ether / Dot1Q / IPv6 / TCP 2001:dbd:0:1::252:49804 > 2001:dbf:0:1::200:9675 PA / Raw,http: Detected,,
#113 : 15.91s,   90b, 881,         2001:dbf:0:1::200>2001:dbd:0:1::252         ,Ether / Dot1Q / IPv6 / TCP 2001:dbf:0:1::200:9675 > 2001:dbd:0:1::252:49804 A,,,
#114 : 15.92s, 7230b, 881,         2001:dbd:0:1::252>2001:dbf:0:1::200         ,Ether / Dot1Q / IPv6 / TCP 2001:dbd:0:1::252:49804 > 2001:dbf:0:1::200:9675 PA / Raw,,soap: Detected,
#115 : 15.92s,   90b, 881,         2001:dbf:0:1::200>2001:dbd:0:1::252         ,Ether / Dot1Q / IPv6 / TCP 2001:dbf:0:1::200:9675 > 2001:dbd:0:1::252:49804 A,,,
#116 : 15.93s, 7230b, 881,         2001:dbd:0:1::252>2001:dbf:0:1::200         ,Ether / Dot1Q / IPv6 / TCP 2001:dbd:0:1::252:49804 > 2001:dbf:0:1::200:9675 PA / Raw,,,
#117 : 15.93s,   90b, 881,         2001:dbf:0:1::200>2001:dbd:0:1::252         ,Ether / Dot1Q / IPv6 / TCP 2001:dbf:0:1::200:9675 > 2001:dbd:0:1::252:49804 A,,,
#118 : 15.93s,10086b, 881,         2001:dbd:0:1::252>2001:dbf:0:1::200         ,Ether / Dot1Q / IPv6 / TCP 2001:dbd:0:1::252:49804 > 2001:dbf:0:1::200:9675 PA / Raw,,,
#119 : 15.94s,   90b, 881,         2001:dbf:0:1::200>2001:dbd:0:1::252         ,Ether / Dot1Q / IPv6 / TCP 2001:dbf:0:1::200:9675 > 2001:dbd:0:1::252:49804 A,,,
#120 : 15.94s, 4374b, 881,         2001:dbd:0:1::252>2001:dbf:0:1::200         ,Ether / Dot1Q / IPv6 / TCP 2001:dbd:0:1::252:49804 > 2001:dbf:0:1::200:9675 PA / Raw,,,
#121 : 15.94s,   90b, 881,         2001:dbf:0:1::200>2001:dbd:0:1::252         ,Ether / Dot1Q / IPv6 / TCP 2001:dbf:0:1::200:9675 > 2001:dbd:0:1::252:49804 A,,,
#122 : 15.95s,14370b, 881,         2001:dbd:0:1::252>2001:dbf:0:1::200         ,Ether / Dot1Q / IPv6 / TCP 2001:dbd:0:1::252:49804 > 2001:dbf:0:1::200:9675 PA / Raw,,,
#123 : 15.95s,   90b, 881,         2001:dbf:0:1::200>2001:dbd:0:1::252         ,Ether / Dot1Q / IPv6 / TCP 2001:dbf:0:1::200:9675 > 2001:dbd:0:1::252:49804 A,,,
#124 : 15.95s, 2946b, 881,         2001:dbd:0:1::252>2001:dbf:0:1::200         ,Ether / Dot1Q / IPv6 / TCP 2001:dbd:0:1::252:49804 > 2001:dbf:0:1::200:9675 PA / Raw,,,
#125 : 15.96s,   90b, 881,         2001:dbf:0:1::200>2001:dbd:0:1::252         ,Ether / Dot1Q / IPv6 / TCP 2001:dbf:0:1::200:9675 > 2001:dbd:0:1::252:49804 A,,,
#126 : 15.96s,17226b, 881,         2001:dbd:0:1::252>2001:dbf:0:1::200         ,Ether / Dot1Q / IPv6 / TCP 2001:dbd:0:1::252:49804 > 2001:dbf:0:1::200:9675 PA / Raw,,,
#127 : 15.97s,   90b, 881,         2001:dbf:0:1::200>2001:dbd:0:1::252         ,Ether / Dot1Q / IPv6 / TCP 2001:dbf:0:1::200:9675 > 2001:dbd:0:1::252:49804 A,,,
#128 : 15.97s, 8658b, 881,         2001:dbd:0:1::252>2001:dbf:0:1::200         ,Ether / Dot1Q / IPv6 / TCP 2001:dbd:0:1::252:49804 > 2001:dbf:0:1::200:9675 PA / Raw,,,
#129 : 15.98s,   90b, 881,         2001:dbf:0:1::200>2001:dbd:0:1::252         ,Ether / Dot1Q / IPv6 / TCP 2001:dbf:0:1::200:9675 > 2001:dbd:0:1::252:49804 A,,,
#130 : 15.98s, 5802b, 881,         2001:dbd:0:1::252>2001:dbf:0:1::200         ,Ether / Dot1Q / IPv6 / TCP 2001:dbd:0:1::252:49804 > 2001:dbf:0:1::200:9675 PA / Raw,,,
#131 : 15.98s,   90b, 881,         2001:dbf:0:1::200>2001:dbd:0:1::252         ,Ether / Dot1Q / IPv6 / TCP 2001:dbf:0:1::200:9675 > 2001:dbd:0:1::252:49804 A,,,
#132 : 15.99s,22938b, 881,         2001:dbd:0:1::252>2001:dbf:0:1::200         ,Ether / Dot1Q / IPv6 / TCP 2001:dbd:0:1::252:49804 > 2001:dbf:0:1::200:9675 PA / Raw,,,
#133 : 15.99s,   90b, 881,         2001:dbf:0:1::200>2001:dbd:0:1::252         ,Ether / Dot1Q / IPv6 / TCP 2001:dbf:0:1::200:9675 > 2001:dbd:0:1::252:49804 A,,,
#134 : 15.99s, 5802b, 881,         2001:dbd:0:1::252>2001:dbf:0:1::200         ,Ether / Dot1Q / IPv6 / TCP 2001:dbd:0:1::252:49804 > 2001:dbf:0:1::200:9675 PA / Raw,,,
#135 : 16.00s,   90b, 881,         2001:dbf:0:1::200>2001:dbd:0:1::252         ,Ether / Dot1Q / IPv6 / TCP 2001:dbf:0:1::200:9675 > 2001:dbd:0:1::252:49804 A,,,
#136 : 16.00s, 2946b, 881,         2001:dbd:0:1::252>2001:dbf:0:1::200         ,Ether / Dot1Q / IPv6 / TCP 2001:dbd:0:1::252:49804 > 2001:dbf:0:1::200:9675 PA / Raw,,,
#137 : 16.01s,   90b, 881,         2001:dbf:0:1::200>2001:dbd:0:1::252         ,Ether / Dot1Q / IPv6 / TCP 2001:dbf:0:1::200:9675 > 2001:dbd:0:1::252:49804 A,,,
#138 : 16.01s,61494b, 881,         2001:dbd:0:1::252>2001:dbf:0:1::200         ,Ether / Dot1Q / IPv6 / TCP 2001:dbd:0:1::252:49804 > 2001:dbf:0:1::200:9675 PA / Raw,,,
#139 : 18.69s,  304b, 881,         2001:dbf:0:1::200>2001:dbd:0:1::252         ,Ether / Dot1Q / IPv6 / TCP 2001:dbf:0:1::200:9675 > 2001:dbd:0:1::252:49804 PA / Raw,http: Detected,,
#140 : 18.69s,   90b, 881,         2001:dbd:0:1::252>2001:dbf:0:1::200         ,Ether / Dot1Q / IPv6 / TCP 2001:dbd:0:1::252:49804 > 2001:dbf:0:1::200:9675 A,,,
#141 : 20.39s,   90b, 881,         2001:dbd:0:1::252>2001:dbf:0:1::200         ,Ether / Dot1Q / IPv6 / TCP 2001:dbd:0:1::252:49804 > 2001:dbf:0:1::200:9675 FA,,,
#142 : 20.40s,   90b, 881,         2001:dbf:0:1::200>2001:dbd:0:1::252         ,Ether / Dot1Q / IPv6 / TCP 2001:dbf:0:1::200:9675 > 2001:dbd:0:1::252:49804 FA,,,
#143 : 20.40s,   90b, 881,         2001:dbd:0:1::252>2001:dbf:0:1::200         ,Ether / Dot1Q / IPv6 / TCP 2001:dbd:0:1::252:49804 > 2001:dbf:0:1::200:9675 A,,,
#144 : 20.98s,   98b, 881,         2001:dbf:0:1::200>2001:dbd:0:1::252         ,Ether / Dot1Q / IPv6 / TCP 2001:dbf:0:1::200:35724 > 2001:dbd:0:1::252:7547 S,,,
#145 : 20.98s,   98b, 881,         2001:dbd:0:1::252>2001:dbf:0:1::200         ,Ether / Dot1Q / IPv6 / TCP 2001:dbd:0:1::252:7547 > 2001:dbf:0:1::200:35724 SA,,,
#146 : 20.99s,   90b, 881,         2001:dbf:0:1::200>2001:dbd:0:1::252         ,Ether / Dot1Q / IPv6 / TCP 2001:dbf:0:1::200:35724 > 2001:dbd:0:1::252:7547 A,,,
#147 : 20.99s,  202b, 881,         2001:dbf:0:1::200>2001:dbd:0:1::252         ,Ether / Dot1Q / IPv6 / TCP 2001:dbf:0:1::200:35724 > 2001:dbd:0:1::252:7547 PA / Raw,http: Detected,,
#148 : 20.99s,   90b, 881,         2001:dbd:0:1::252>2001:dbf:0:1::200         ,Ether / Dot1Q / IPv6 / TCP 2001:dbd:0:1::252:7547 > 2001:dbf:0:1::200:35724 A,,,
#149 : 21.00s,  156b, 881,         2001:dbd:0:1::252>2001:dbd:0:1::129         ,Ether / Dot1Q / IPv6 / UDP / DNS Qry "b'0.0.2.0.0.0.0.0.0.0.0.0.0.0.0.0.1.0.0.0.0.0.0.0.f.b.d.0.1.0....,,,
#150 : 21.01s,  188b, 881,         2001:dbd:0:1::129>2001:dbd:0:1::252         ,Ether / Dot1Q / IPv6 / UDP / DNS Ans "b'acs2.revdomain.com.'" ,,,
#151 : 21.01s,  845b, 881,         2001:dbd:0:1::252>2001:dbf:0:1::200         ,Ether / Dot1Q / IPv6 / TCP 2001:dbd:0:1::252:7547 > 2001:dbf:0:1::200:35724 PA / Raw,http: Detected,,
#152 : 21.01s,   90b, 881,         2001:dbf:0:1::200>2001:dbd:0:1::252         ,Ether / Dot1Q / IPv6 / TCP 2001:dbf:0:1::200:35724 > 2001:dbd:0:1::252:7547 A,,,
#153 : 21.02s,  443b, 881,         2001:dbf:0:1::200>2001:dbd:0:1::252         ,Ether / Dot1Q / IPv6 / TCP 2001:dbf:0:1::200:35724 > 2001:dbd:0:1::252:7547 PA / Raw,http: Detected,,
#154 : 21.02s,  293b, 881,         2001:dbd:0:1::252>2001:dbf:0:1::200         ,Ether / Dot1Q / IPv6 / TCP 2001:dbd:0:1::252:7547 > 2001:dbf:0:1::200:35724 PA / Raw,http: Detected,,
#155 : 21.03s,   90b, 881,         2001:dbf:0:1::200>2001:dbd:0:1::252         ,Ether / Dot1Q / IPv6 / TCP 2001:dbf:0:1::200:35724 > 2001:dbd:0:1::252:7547 FA,,,
#156 : 21.03s,   90b, 881,         2001:dbd:0:1::252>2001:dbf:0:1::200         ,Ether / Dot1Q / IPv6 / TCP 2001:dbd:0:1::252:7547 > 2001:dbf:0:1::200:35724 FA,,,
#157 : 21.03s,   90b, 881,         2001:dbf:0:1::200>2001:dbd:0:1::252         ,Ether / Dot1Q / IPv6 / TCP 2001:dbf:0:1::200:35724 > 2001:dbd:0:1::252:7547 A,,,
#158 : 21.04s,   98b, 881,         2001:dbd:0:1::252>2001:dbf:0:1::200         ,Ether / Dot1Q / IPv6 / TCP 2001:dbd:0:1::252:55162 > 2001:dbf:0:1::200:9675 S,,,
#159 : 21.04s,   98b, 881,         2001:dbf:0:1::200>2001:dbd:0:1::252         ,Ether / Dot1Q / IPv6 / TCP 2001:dbf:0:1::200:9675 > 2001:dbd:0:1::252:55162 SA,,,
#160 : 21.04s,   90b, 881,         2001:dbd:0:1::252>2001:dbf:0:1::200         ,Ether / Dot1Q / IPv6 / TCP 2001:dbd:0:1::252:55162 > 2001:dbf:0:1::200:9675 A,,,
#161 : 21.05s,  223b, 881,         2001:dbd:0:1::252>2001:dbf:0:1::200         ,Ether / Dot1Q / IPv6 / TCP 2001:dbd:0:1::252:55162 > 2001:dbf:0:1::200:9675 PA / Raw,http: Detected,,inform: Detected
#162 : 21.05s,   90b, 881,         2001:dbf:0:1::200>2001:dbd:0:1::252         ,Ether / Dot1Q / IPv6 / TCP 2001:dbf:0:1::200:9675 > 2001:dbd:0:1::252:55162 A,,,
#163 : 21.06s, 2450b, 881,         2001:dbd:0:1::252>2001:dbf:0:1::200         ,Ether / Dot1Q / IPv6 / TCP 2001:dbd:0:1::252:55162 > 2001:dbf:0:1::200:9675 PA / Raw,,soap: Detected,
#164 : 21.06s,   90b, 881,         2001:dbf:0:1::200>2001:dbd:0:1::252         ,Ether / Dot1Q / IPv6 / TCP 2001:dbf:0:1::200:9675 > 2001:dbd:0:1::252:55162 A,,,
#165 : 21.08s,  846b, 881,         2001:dbf:0:1::200>2001:dbd:0:1::252         ,Ether / Dot1Q / IPv6 / TCP 2001:dbf:0:1::200:9675 > 2001:dbd:0:1::252:55162 PA / Raw,http: Detected,,
#166 : 21.09s,   90b, 881,         2001:dbd:0:1::252>2001:dbf:0:1::200         ,Ether / Dot1Q / IPv6 / TCP 2001:dbd:0:1::252:55162 > 2001:dbf:0:1::200:9675 A,,,
#167 : 21.29s,  251b, 881,         2001:dbd:0:1::252>2001:dbf:0:1::200         ,Ether / Dot1Q / IPv6 / TCP 2001:dbd:0:1::252:55162 > 2001:dbf:0:1::200:9675 PA / Raw,http: Detected,,
#168 : 21.29s,   90b, 881,         2001:dbf:0:1::200>2001:dbd:0:1::252         ,Ether / Dot1Q / IPv6 / TCP 2001:dbf:0:1::200:9675 > 2001:dbd:0:1::252:55162 A,,,
#169 : 21.45s,  957b, 881,         2001:dbf:0:1::200>2001:dbd:0:1::252         ,Ether / Dot1Q / IPv6 / TCP 2001:dbf:0:1::200:9675 > 2001:dbd:0:1::252:55162 PA / Raw,http: Detected,,
#170 : 21.46s,   90b, 881,         2001:dbd:0:1::252>2001:dbf:0:1::200         ,Ether / Dot1Q / IPv6 / TCP 2001:dbd:0:1::252:55162 > 2001:dbf:0:1::200:9675 A,,,
#171 : 21.47s,  306b, 881,         2001:dbd:0:1::252>2001:dbf:0:1::200         ,Ether / Dot1Q / IPv6 / TCP 2001:dbd:0:1::252:55162 > 2001:dbf:0:1::200:9675 PA / Raw,http: Detected,,
#172 : 21.47s,   90b, 881,         2001:dbf:0:1::200>2001:dbd:0:1::252         ,Ether / Dot1Q / IPv6 / TCP 2001:dbf:0:1::200:9675 > 2001:dbd:0:1::252:55162 A,,,
#173 : 21.48s, 7230b, 881,         2001:dbd:0:1::252>2001:dbf:0:1::200         ,Ether / Dot1Q / IPv6 / TCP 2001:dbd:0:1::252:55162 > 2001:dbf:0:1::200:9675 PA / Raw,,soap: Detected,
#174 : 21.48s,   90b, 881,         2001:dbf:0:1::200>2001:dbd:0:1::252         ,Ether / Dot1Q / IPv6 / TCP 2001:dbf:0:1::200:9675 > 2001:dbd:0:1::252:55162 A,,,
#175 : 21.48s, 2184b, 881,         2001:dbd:0:1::252>2001:dbf:0:1::200         ,Ether / Dot1Q / IPv6 / TCP 2001:dbd:0:1::252:55162 > 2001:dbf:0:1::200:9675 PA / Raw,,,
#176 : 21.49s,   90b, 881,         2001:dbf:0:1::200>2001:dbd:0:1::252         ,Ether / Dot1Q / IPv6 / TCP 2001:dbf:0:1::200:9675 > 2001:dbd:0:1::252:55162 A,,,
#177 : 21.54s,  304b, 881,         2001:dbf:0:1::200>2001:dbd:0:1::252         ,Ether / Dot1Q / IPv6 / TCP 2001:dbf:0:1::200:9675 > 2001:dbd:0:1::252:55162 PA / Raw,http: Detected,,
#178 : 21.58s,   90b, 881,         2001:dbd:0:1::252>2001:dbf:0:1::200         ,Ether / Dot1Q / IPv6 / TCP 2001:dbd:0:1::252:55162 > 2001:dbf:0:1::200:9675 A,,,
#179 : 22.03s,   98b, 881,         2001:dbf:0:1::200>2001:dbd:0:1::252         ,Ether / Dot1Q / IPv6 / TCP 2001:dbf:0:1::200:35738 > 2001:dbd:0:1::252:7547 S,,,
#180 : 22.03s,   98b, 881,         2001:dbd:0:1::252>2001:dbf:0:1::200         ,Ether / Dot1Q / IPv6 / TCP 2001:dbd:0:1::252:7547 > 2001:dbf:0:1::200:35738 SA,,,
#181 : 22.04s,   90b, 881,         2001:dbf:0:1::200>2001:dbd:0:1::252         ,Ether / Dot1Q / IPv6 / TCP 2001:dbf:0:1::200:35738 > 2001:dbd:0:1::252:7547 A,,,
#182 : 22.05s,  202b, 881,         2001:dbf:0:1::200>2001:dbd:0:1::252         ,Ether / Dot1Q / IPv6 / TCP 2001:dbf:0:1::200:35738 > 2001:dbd:0:1::252:7547 PA / Raw,http: Detected,,
#183 : 22.05s,   90b, 881,         2001:dbd:0:1::252>2001:dbf:0:1::200         ,Ether / Dot1Q / IPv6 / TCP 2001:dbd:0:1::252:7547 > 2001:dbf:0:1::200:35738 A,,,
#184 : 22.05s,  156b, 881,         2001:dbd:0:1::252>2001:dbd:0:1::129         ,Ether / Dot1Q / IPv6 / UDP / DNS Qry "b'0.0.2.0.0.0.0.0.0.0.0.0.0.0.0.0.1.0.0.0.0.0.0.0.f.b.d.0.1.0....,,,
#185 : 22.06s,  188b, 881,         2001:dbd:0:1::129>2001:dbd:0:1::252         ,Ether / Dot1Q / IPv6 / UDP / DNS Ans "b'acs2.revdomain.com.'" ,,,
#186 : 22.06s,  845b, 881,         2001:dbd:0:1::252>2001:dbf:0:1::200         ,Ether / Dot1Q / IPv6 / TCP 2001:dbd:0:1::252:7547 > 2001:dbf:0:1::200:35738 PA / Raw,http: Detected,,
#187 : 22.07s,   90b, 881,         2001:dbf:0:1::200>2001:dbd:0:1::252         ,Ether / Dot1Q / IPv6 / TCP 2001:dbf:0:1::200:35738 > 2001:dbd:0:1::252:7547 A,,,
#188 : 22.07s,  443b, 881,         2001:dbf:0:1::200>2001:dbd:0:1::252         ,Ether / Dot1Q / IPv6 / TCP 2001:dbf:0:1::200:35738 > 2001:dbd:0:1::252:7547 PA / Raw,http: Detected,,
#189 : 22.08s,  293b, 881,         2001:dbd:0:1::252>2001:dbf:0:1::200         ,Ether / Dot1Q / IPv6 / TCP 2001:dbd:0:1::252:7547 > 2001:dbf:0:1::200:35738 PA / Raw,http: Detected,,
#190 : 22.08s,   90b, 881,         2001:dbf:0:1::200>2001:dbd:0:1::252         ,Ether / Dot1Q / IPv6 / TCP 2001:dbf:0:1::200:35738 > 2001:dbd:0:1::252:7547 FA,,,
#191 : 22.09s,   90b, 881,         2001:dbd:0:1::252>2001:dbf:0:1::200         ,Ether / Dot1Q / IPv6 / TCP 2001:dbd:0:1::252:7547 > 2001:dbf:0:1::200:35738 A,,,
#192 : 23.24s,   90b, 881,         2001:dbd:0:1::252>2001:dbf:0:1::200         ,Ether / Dot1Q / IPv6 / TCP 2001:dbd:0:1::252:55162 > 2001:dbf:0:1::200:9675 FA,,,
#193 : 23.24s,   90b, 881,         2001:dbf:0:1::200>2001:dbd:0:1::252         ,Ether / Dot1Q / IPv6 / TCP 2001:dbf:0:1::200:9675 > 2001:dbd:0:1::252:55162 FA,,,
#194 : 23.25s,   90b, 881,         2001:dbd:0:1::252>2001:dbf:0:1::200         ,Ether / Dot1Q / IPv6 / TCP 2001:dbd:0:1::252:55162 > 2001:dbf:0:1::200:9675 A,,,
#195 : 23.65s,   90b, 881,         2001:dbd:0:1::252>2001:dbf:0:1::200         ,Ether / Dot1Q / IPv6 / TCP 2001:dbd:0:1::252:7547 > 2001:dbf:0:1::200:35738 FA,,,
#196 : 23.65s,   90b, 881,         2001:dbf:0:1::200>2001:dbd:0:1::252         ,Ether / Dot1Q / IPv6 / TCP 2001:dbf:0:1::200:35738 > 2001:dbd:0:1::252:7547 A,,,
#197 : 23.68s,   98b, 881,         2001:dbd:0:1::252>2001:dbf:0:1::200         ,Ether / Dot1Q / IPv6 / TCP 2001:dbd:0:1::252:55178 > 2001:dbf:0:1::200:9675 S,,,
#198 : 23.68s,   98b, 881,         2001:dbf:0:1::200>2001:dbd:0:1::252         ,Ether / Dot1Q / IPv6 / TCP 2001:dbf:0:1::200:9675 > 2001:dbd:0:1::252:55178 SA,,,
#199 : 23.69s,   90b, 881,         2001:dbd:0:1::252>2001:dbf:0:1::200         ,Ether / Dot1Q / IPv6 / TCP 2001:dbd:0:1::252:55178 > 2001:dbf:0:1::200:9675 A,,,
#200 : 23.69s,  223b, 881,         2001:dbd:0:1::252>2001:dbf:0:1::200         ,Ether / Dot1Q / IPv6 / TCP 2001:dbd:0:1::252:55178 > 2001:dbf:0:1::200:9675 PA / Raw,http: Detected,,inform: Detected
#201 : 23.70s,   90b, 881,         2001:dbf:0:1::200>2001:dbd:0:1::252         ,Ether / Dot1Q / IPv6 / TCP 2001:dbf:0:1::200:9675 > 2001:dbd:0:1::252:55178 A,,,
#202 : 23.70s, 2450b, 881,         2001:dbd:0:1::252>2001:dbf:0:1::200         ,Ether / Dot1Q / IPv6 / TCP 2001:dbd:0:1::252:55178 > 2001:dbf:0:1::200:9675 PA / Raw,,soap: Detected,
#203 : 23.70s,   90b, 881,         2001:dbf:0:1::200>2001:dbd:0:1::252         ,Ether / Dot1Q / IPv6 / TCP 2001:dbf:0:1::200:9675 > 2001:dbd:0:1::252:55178 A,,,
#204 : 23.71s,  846b, 881,         2001:dbf:0:1::200>2001:dbd:0:1::252         ,Ether / Dot1Q / IPv6 / TCP 2001:dbf:0:1::200:9675 > 2001:dbd:0:1::252:55178 PA / Raw,http: Detected,,
#205 : 23.72s,   90b, 881,         2001:dbd:0:1::252>2001:dbf:0:1::200         ,Ether / Dot1Q / IPv6 / TCP 2001:dbd:0:1::252:55178 > 2001:dbf:0:1::200:9675 A,,,
#206 : 23.92s,  251b, 881,         2001:dbd:0:1::252>2001:dbf:0:1::200         ,Ether / Dot1Q / IPv6 / TCP 2001:dbd:0:1::252:55178 > 2001:dbf:0:1::200:9675 PA / Raw,http: Detected,,
#207 : 23.97s,   90b, 881,         2001:dbf:0:1::200>2001:dbd:0:1::252         ,Ether / Dot1Q / IPv6 / TCP 2001:dbf:0:1::200:9675 > 2001:dbd:0:1::252:55178 A,,,
#208 : 24.07s,  951b, 881,         2001:dbf:0:1::200>2001:dbd:0:1::252         ,Ether / Dot1Q / IPv6 / TCP 2001:dbf:0:1::200:9675 > 2001:dbd:0:1::252:55178 PA / Raw,http: Detected,,
#209 : 24.07s,   90b, 881,         2001:dbd:0:1::252>2001:dbf:0:1::200         ,Ether / Dot1Q / IPv6 / TCP 2001:dbd:0:1::252:55178 > 2001:dbf:0:1::200:9675 A,,,
#210 : 25.22s,  307b, 881,         2001:dbd:0:1::252>2001:dbf:0:1::200         ,Ether / Dot1Q / IPv6 / TCP 2001:dbd:0:1::252:55178 > 2001:dbf:0:1::200:9675 PA / Raw,http: Detected,,
#211 : 25.23s,   90b, 881,         2001:dbf:0:1::200>2001:dbd:0:1::252         ,Ether / Dot1Q / IPv6 / TCP 2001:dbf:0:1::200:9675 > 2001:dbd:0:1::252:55178 A,,,
#212 : 25.23s, 7230b, 881,         2001:dbd:0:1::252>2001:dbf:0:1::200         ,Ether / Dot1Q / IPv6 / TCP 2001:dbd:0:1::252:55178 > 2001:dbf:0:1::200:9675 PA / Raw,,soap: Detected,
#213 : 25.24s,   90b, 881,         2001:dbf:0:1::200>2001:dbd:0:1::252         ,Ether / Dot1Q / IPv6 / TCP 2001:dbf:0:1::200:9675 > 2001:dbd:0:1::252:55178 A,,,
#214 : 25.24s, 7230b, 881,         2001:dbd:0:1::252>2001:dbf:0:1::200         ,Ether / Dot1Q / IPv6 / TCP 2001:dbd:0:1::252:55178 > 2001:dbf:0:1::200:9675 PA / Raw,,,
#215 : 25.25s,   90b, 881,         2001:dbf:0:1::200>2001:dbd:0:1::252         ,Ether / Dot1Q / IPv6 / TCP 2001:dbf:0:1::200:9675 > 2001:dbd:0:1::252:55178 A,,,
#216 : 25.25s,10086b, 881,         2001:dbd:0:1::252>2001:dbf:0:1::200         ,Ether / Dot1Q / IPv6 / TCP 2001:dbd:0:1::252:55178 > 2001:dbf:0:1::200:9675 PA / Raw,,,
#217 : 25.25s,   90b, 881,         2001:dbf:0:1::200>2001:dbd:0:1::252         ,Ether / Dot1Q / IPv6 / TCP 2001:dbf:0:1::200:9675 > 2001:dbd:0:1::252:55178 A,,,
#218 : 25.26s, 4374b, 881,         2001:dbd:0:1::252>2001:dbf:0:1::200         ,Ether / Dot1Q / IPv6 / TCP 2001:dbd:0:1::252:55178 > 2001:dbf:0:1::200:9675 PA / Raw,,,
#219 : 25.26s,   90b, 881,         2001:dbf:0:1::200>2001:dbd:0:1::252         ,Ether / Dot1Q / IPv6 / TCP 2001:dbf:0:1::200:9675 > 2001:dbd:0:1::252:55178 A,,,
#220 : 25.27s,14370b, 881,         2001:dbd:0:1::252>2001:dbf:0:1::200         ,Ether / Dot1Q / IPv6 / TCP 2001:dbd:0:1::252:55178 > 2001:dbf:0:1::200:9675 PA / Raw,,,
#221 : 25.27s,   90b, 881,         2001:dbf:0:1::200>2001:dbd:0:1::252         ,Ether / Dot1Q / IPv6 / TCP 2001:dbf:0:1::200:9675 > 2001:dbd:0:1::252:55178 A,,,
#222 : 25.27s, 2946b, 881,         2001:dbd:0:1::252>2001:dbf:0:1::200         ,Ether / Dot1Q / IPv6 / TCP 2001:dbd:0:1::252:55178 > 2001:dbf:0:1::200:9675 PA / Raw,,,
#223 : 25.28s,   90b, 881,         2001:dbf:0:1::200>2001:dbd:0:1::252         ,Ether / Dot1Q / IPv6 / TCP 2001:dbf:0:1::200:9675 > 2001:dbd:0:1::252:55178 A,,,
#224 : 25.28s,17226b, 881,         2001:dbd:0:1::252>2001:dbf:0:1::200         ,Ether / Dot1Q / IPv6 / TCP 2001:dbd:0:1::252:55178 > 2001:dbf:0:1::200:9675 PA / Raw,,,
#225 : 25.29s,   90b, 881,         2001:dbf:0:1::200>2001:dbd:0:1::252         ,Ether / Dot1Q / IPv6 / TCP 2001:dbf:0:1::200:9675 > 2001:dbd:0:1::252:55178 A,,,
#226 : 25.29s, 8658b, 881,         2001:dbd:0:1::252>2001:dbf:0:1::200         ,Ether / Dot1Q / IPv6 / TCP 2001:dbd:0:1::252:55178 > 2001:dbf:0:1::200:9675 PA / Raw,,,
#227 : 25.30s, 5802b, 881,         2001:dbd:0:1::252>2001:dbf:0:1::200         ,Ether / Dot1Q / IPv6 / TCP 2001:dbd:0:1::252:55178 > 2001:dbf:0:1::200:9675 PA / Raw,,,
#228 : 25.30s, 1371b, 881,         2001:dbd:0:1::252>2001:dbf:0:1::200         ,Ether / Dot1Q / IPv6 / TCP 2001:dbd:0:1::252:55178 > 2001:dbf:0:1::200:9675 PA / Raw,,,
#229 : 25.31s,   90b, 881,         2001:dbf:0:1::200>2001:dbd:0:1::252         ,Ether / Dot1Q / IPv6 / TCP 2001:dbf:0:1::200:9675 > 2001:dbd:0:1::252:55178 A,,,
#230 : 25.31s,   90b, 881,         2001:dbf:0:1::200>2001:dbd:0:1::252         ,Ether / Dot1Q / IPv6 / TCP 2001:dbf:0:1::200:9675 > 2001:dbd:0:1::252:55178 A,,,
#231 : 25.69s,  304b, 881,         2001:dbf:0:1::200>2001:dbd:0:1::252         ,Ether / Dot1Q / IPv6 / TCP 2001:dbf:0:1::200:9675 > 2001:dbd:0:1::252:55178 PA / Raw,http: Detected,,
#232 : 25.70s,   90b, 881,         2001:dbd:0:1::252>2001:dbf:0:1::200         ,Ether / Dot1Q / IPv6 / TCP 2001:dbd:0:1::252:55178 > 2001:dbf:0:1::200:9675 A,,,
#233 : 26.78s,   98b, 881,         2001:dbf:0:1::200>2001:dbd:0:1::252         ,Ether / Dot1Q / IPv6 / TCP 2001:dbf:0:1::200:57450 > 2001:dbd:0:1::252:7547 S,,,
#234 : 26.78s,   98b, 881,         2001:dbd:0:1::252>2001:dbf:0:1::200         ,Ether / Dot1Q / IPv6 / TCP 2001:dbd:0:1::252:7547 > 2001:dbf:0:1::200:57450 SA,,,
#235 : 26.79s,   90b, 881,         2001:dbf:0:1::200>2001:dbd:0:1::252         ,Ether / Dot1Q / IPv6 / TCP 2001:dbf:0:1::200:57450 > 2001:dbd:0:1::252:7547 A,,,
#236 : 26.79s,  202b, 881,         2001:dbf:0:1::200>2001:dbd:0:1::252         ,Ether / Dot1Q / IPv6 / TCP 2001:dbf:0:1::200:57450 > 2001:dbd:0:1::252:7547 PA / Raw,http: Detected,,
#237 : 26.80s,   90b, 881,         2001:dbd:0:1::252>2001:dbf:0:1::200         ,Ether / Dot1Q / IPv6 / TCP 2001:dbd:0:1::252:7547 > 2001:dbf:0:1::200:57450 A,,,
#238 : 26.80s,  156b, 881,         2001:dbd:0:1::252>2001:dbd:0:1::129         ,Ether / Dot1Q / IPv6 / UDP / DNS Qry "b'0.0.2.0.0.0.0.0.0.0.0.0.0.0.0.0.1.0.0.0.0.0.0.0.f.b.d.0.1.0....,,,
#239 : 26.81s,  188b, 881,         2001:dbd:0:1::129>2001:dbd:0:1::252         ,Ether / Dot1Q / IPv6 / UDP / DNS Ans "b'acs2.revdomain.com.'" ,,,
#240 : 26.81s,  845b, 881,         2001:dbd:0:1::252>2001:dbf:0:1::200         ,Ether / Dot1Q / IPv6 / TCP 2001:dbd:0:1::252:7547 > 2001:dbf:0:1::200:57450 PA / Raw,http: Detected,,
#241 : 26.82s,   90b, 881,         2001:dbf:0:1::200>2001:dbd:0:1::252         ,Ether / Dot1Q / IPv6 / TCP 2001:dbf:0:1::200:57450 > 2001:dbd:0:1::252:7547 A,,,
#242 : 26.82s,  443b, 881,         2001:dbf:0:1::200>2001:dbd:0:1::252         ,Ether / Dot1Q / IPv6 / TCP 2001:dbf:0:1::200:57450 > 2001:dbd:0:1::252:7547 PA / Raw,http: Detected,,
#243 : 26.82s,  293b, 881,         2001:dbd:0:1::252>2001:dbf:0:1::200         ,Ether / Dot1Q / IPv6 / TCP 2001:dbd:0:1::252:7547 > 2001:dbf:0:1::200:57450 PA / Raw,http: Detected,,
#244 : 26.83s,   90b, 881,         2001:dbf:0:1::200>2001:dbd:0:1::252         ,Ether / Dot1Q / IPv6 / TCP 2001:dbf:0:1::200:57450 > 2001:dbd:0:1::252:7547 FA,,,
#245 : 26.85s,   90b, 881,         2001:dbd:0:1::252>2001:dbf:0:1::200         ,Ether / Dot1Q / IPv6 / TCP 2001:dbd:0:1::252:7547 > 2001:dbf:0:1::200:57450 A,,,
#246 : 27.40s,   90b, 881,         2001:dbd:0:1::252>2001:dbf:0:1::200         ,Ether / Dot1Q / IPv6 / TCP 2001:dbd:0:1::252:55178 > 2001:dbf:0:1::200:9675 FA,,,
#247 : 27.40s,   90b, 881,         2001:dbf:0:1::200>2001:dbd:0:1::252         ,Ether / Dot1Q / IPv6 / TCP 2001:dbf:0:1::200:9675 > 2001:dbd:0:1::252:55178 FA,,,
#248 : 27.40s,   90b, 881,         2001:dbd:0:1::252>2001:dbf:0:1::200         ,Ether / Dot1Q / IPv6 / TCP 2001:dbd:0:1::252:55178 > 2001:dbf:0:1::200:9675 A,,,
#249 : 27.80s,   90b, 881,         2001:dbd:0:1::252>2001:dbf:0:1::200         ,Ether / Dot1Q / IPv6 / TCP 2001:dbd:0:1::252:7547 > 2001:dbf:0:1::200:57450 FA,,,
#250 : 27.80s,   90b, 881,         2001:dbf:0:1::200>2001:dbd:0:1::252         ,Ether / Dot1Q / IPv6 / TCP 2001:dbf:0:1::200:57450 > 2001:dbd:0:1::252:7547 A,,,
#251 : 27.85s,   98b, 881,         2001:dbd:0:1::252>2001:dbf:0:1::200         ,Ether / Dot1Q / IPv6 / TCP 2001:dbd:0:1::252:55660 > 2001:dbf:0:1::200:9675 S,,,
#252 : 27.85s,   98b, 881,         2001:dbf:0:1::200>2001:dbd:0:1::252         ,Ether / Dot1Q / IPv6 / TCP 2001:dbf:0:1::200:9675 > 2001:dbd:0:1::252:55660 SA,,,
#253 : 27.86s,   90b, 881,         2001:dbd:0:1::252>2001:dbf:0:1::200         ,Ether / Dot1Q / IPv6 / TCP 2001:dbd:0:1::252:55660 > 2001:dbf:0:1::200:9675 A,,,
#254 : 27.86s,  223b, 881,         2001:dbd:0:1::252>2001:dbf:0:1::200         ,Ether / Dot1Q / IPv6 / TCP 2001:dbd:0:1::252:55660 > 2001:dbf:0:1::200:9675 PA / Raw,http: Detected,,inform: Detected
#255 : 27.86s,   90b, 881,         2001:dbf:0:1::200>2001:dbd:0:1::252         ,Ether / Dot1Q / IPv6 / TCP 2001:dbf:0:1::200:9675 > 2001:dbd:0:1::252:55660 A,,,
#256 : 27.87s, 2450b, 881,         2001:dbd:0:1::252>2001:dbf:0:1::200         ,Ether / Dot1Q / IPv6 / TCP 2001:dbd:0:1::252:55660 > 2001:dbf:0:1::200:9675 PA / Raw,,soap: Detected,
#257 : 27.87s,   90b, 881,         2001:dbf:0:1::200>2001:dbd:0:1::252         ,Ether / Dot1Q / IPv6 / TCP 2001:dbf:0:1::200:9675 > 2001:dbd:0:1::252:55660 A,,,
#258 : 27.88s,  846b, 881,         2001:dbf:0:1::200>2001:dbd:0:1::252         ,Ether / Dot1Q / IPv6 / TCP 2001:dbf:0:1::200:9675 > 2001:dbd:0:1::252:55660 PA / Raw,http: Detected,,
#259 : 27.89s,   90b, 881,         2001:dbd:0:1::252>2001:dbf:0:1::200         ,Ether / Dot1Q / IPv6 / TCP 2001:dbd:0:1::252:55660 > 2001:dbf:0:1::200:9675 A,,,
#260 : 28.09s,  251b, 881,         2001:dbd:0:1::252>2001:dbf:0:1::200         ,Ether / Dot1Q / IPv6 / TCP 2001:dbd:0:1::252:55660 > 2001:dbf:0:1::200:9675 PA / Raw,http: Detected,,
#261 : 28.13s,   90b, 881,         2001:dbf:0:1::200>2001:dbd:0:1::252         ,Ether / Dot1Q / IPv6 / TCP 2001:dbf:0:1::200:9675 > 2001:dbd:0:1::252:55660 A,,,
#262 : 28.23s,  940b, 881,         2001:dbf:0:1::200>2001:dbd:0:1::252         ,Ether / Dot1Q / IPv6 / TCP 2001:dbf:0:1::200:9675 > 2001:dbd:0:1::252:55660 PA / Raw,http: Detected,,
#263 : 28.24s,   90b, 881,         2001:dbd:0:1::252>2001:dbf:0:1::200         ,Ether / Dot1Q / IPv6 / TCP 2001:dbd:0:1::252:55660 > 2001:dbf:0:1::200:9675 A,,,
#264 : 32.92s,  309b, 881,         2001:dbd:0:1::252>2001:dbf:0:1::200         ,Ether / Dot1Q / IPv6 / TCP 2001:dbd:0:1::252:55660 > 2001:dbf:0:1::200:9675 PA / Raw,http: Detected,,
#265 : 32.92s,   90b, 881,         2001:dbf:0:1::200>2001:dbd:0:1::252         ,Ether / Dot1Q / IPv6 / TCP 2001:dbf:0:1::200:9675 > 2001:dbd:0:1::252:55660 A,,,
#266 : 32.93s, 7230b, 881,         2001:dbd:0:1::252>2001:dbf:0:1::200         ,Ether / Dot1Q / IPv6 / TCP 2001:dbd:0:1::252:55660 > 2001:dbf:0:1::200:9675 PA / Raw,,soap: Detected,
#267 : 32.93s,   90b, 881,         2001:dbf:0:1::200>2001:dbd:0:1::252         ,Ether / Dot1Q / IPv6 / TCP 2001:dbf:0:1::200:9675 > 2001:dbd:0:1::252:55660 A,,,
#268 : 32.93s, 7230b, 881,         2001:dbd:0:1::252>2001:dbf:0:1::200         ,Ether / Dot1Q / IPv6 / TCP 2001:dbd:0:1::252:55660 > 2001:dbf:0:1::200:9675 PA / Raw,,,
#269 : 32.94s,   90b, 881,         2001:dbf:0:1::200>2001:dbd:0:1::252         ,Ether / Dot1Q / IPv6 / TCP 2001:dbf:0:1::200:9675 > 2001:dbd:0:1::252:55660 A,,,
#270 : 32.94s,10086b, 881,         2001:dbd:0:1::252>2001:dbf:0:1::200         ,Ether / Dot1Q / IPv6 / TCP 2001:dbd:0:1::252:55660 > 2001:dbf:0:1::200:9675 PA / Raw,,,
#271 : 32.95s,   90b, 881,         2001:dbf:0:1::200>2001:dbd:0:1::252         ,Ether / Dot1Q / IPv6 / TCP 2001:dbf:0:1::200:9675 > 2001:dbd:0:1::252:55660 A,,,
#272 : 32.95s, 4374b, 881,         2001:dbd:0:1::252>2001:dbf:0:1::200         ,Ether / Dot1Q / IPv6 / TCP 2001:dbd:0:1::252:55660 > 2001:dbf:0:1::200:9675 PA / Raw,,,
#273 : 32.96s,   90b, 881,         2001:dbf:0:1::200>2001:dbd:0:1::252         ,Ether / Dot1Q / IPv6 / TCP 2001:dbf:0:1::200:9675 > 2001:dbd:0:1::252:55660 A,,,
#274 : 32.96s,14370b, 881,         2001:dbd:0:1::252>2001:dbf:0:1::200         ,Ether / Dot1Q / IPv6 / TCP 2001:dbd:0:1::252:55660 > 2001:dbf:0:1::200:9675 PA / Raw,,,
#275 : 32.96s,   90b, 881,         2001:dbf:0:1::200>2001:dbd:0:1::252         ,Ether / Dot1Q / IPv6 / TCP 2001:dbf:0:1::200:9675 > 2001:dbd:0:1::252:55660 A,,,
#276 : 32.97s, 2946b, 881,         2001:dbd:0:1::252>2001:dbf:0:1::200         ,Ether / Dot1Q / IPv6 / TCP 2001:dbd:0:1::252:55660 > 2001:dbf:0:1::200:9675 PA / Raw,,,
#277 : 32.97s,   90b, 881,         2001:dbf:0:1::200>2001:dbd:0:1::252         ,Ether / Dot1Q / IPv6 / TCP 2001:dbf:0:1::200:9675 > 2001:dbd:0:1::252:55660 A,,,
#278 : 32.98s,17226b, 881,         2001:dbd:0:1::252>2001:dbf:0:1::200         ,Ether / Dot1Q / IPv6 / TCP 2001:dbd:0:1::252:55660 > 2001:dbf:0:1::200:9675 PA / Raw,,,
#279 : 32.98s,   90b, 881,         2001:dbf:0:1::200>2001:dbd:0:1::252         ,Ether / Dot1Q / IPv6 / TCP 2001:dbf:0:1::200:9675 > 2001:dbd:0:1::252:55660 A,,,
#280 : 32.98s, 8658b, 881,         2001:dbd:0:1::252>2001:dbf:0:1::200         ,Ether / Dot1Q / IPv6 / TCP 2001:dbd:0:1::252:55660 > 2001:dbf:0:1::200:9675 PA / Raw,,,
#281 : 32.99s,   90b, 881,         2001:dbf:0:1::200>2001:dbd:0:1::252         ,Ether / Dot1Q / IPv6 / TCP 2001:dbf:0:1::200:9675 > 2001:dbd:0:1::252:55660 A,,,
#282 : 32.99s, 5802b, 881,         2001:dbd:0:1::252>2001:dbf:0:1::200         ,Ether / Dot1Q / IPv6 / TCP 2001:dbd:0:1::252:55660 > 2001:dbf:0:1::200:9675 PA / Raw,,,
#283 : 33.00s,   90b, 881,         2001:dbf:0:1::200>2001:dbd:0:1::252         ,Ether / Dot1Q / IPv6 / TCP 2001:dbf:0:1::200:9675 > 2001:dbd:0:1::252:55660 A,,,
#284 : 33.00s,22938b, 881,         2001:dbd:0:1::252>2001:dbf:0:1::200         ,Ether / Dot1Q / IPv6 / TCP 2001:dbd:0:1::252:55660 > 2001:dbf:0:1::200:9675 PA / Raw,,,
#285 : 33.01s,   90b, 881,         2001:dbf:0:1::200>2001:dbd:0:1::252         ,Ether / Dot1Q / IPv6 / TCP 2001:dbf:0:1::200:9675 > 2001:dbd:0:1::252:55660 A,,,
#286 : 33.01s, 5802b, 881,         2001:dbd:0:1::252>2001:dbf:0:1::200         ,Ether / Dot1Q / IPv6 / TCP 2001:dbd:0:1::252:55660 > 2001:dbf:0:1::200:9675 PA / Raw,,,
#287 : 33.01s,   90b, 881,         2001:dbf:0:1::200>2001:dbd:0:1::252         ,Ether / Dot1Q / IPv6 / TCP 2001:dbf:0:1::200:9675 > 2001:dbd:0:1::252:55660 A,,,
#288 : 33.02s, 2946b, 881,         2001:dbd:0:1::252>2001:dbf:0:1::200         ,Ether / Dot1Q / IPv6 / TCP 2001:dbd:0:1::252:55660 > 2001:dbf:0:1::200:9675 PA / Raw,,,
#289 : 33.02s,   90b, 881,         2001:dbf:0:1::200>2001:dbd:0:1::252         ,Ether / Dot1Q / IPv6 / TCP 2001:dbf:0:1::200:9675 > 2001:dbd:0:1::252:55660 A,,,
#290 : 33.03s,61494b, 881,         2001:dbd:0:1::252>2001:dbf:0:1::200         ,Ether / Dot1Q / IPv6 / TCP 2001:dbd:0:1::252:55660 > 2001:dbf:0:1::200:9675 PA / Raw,,,
#291 : 35.81s,  304b, 881,         2001:dbf:0:1::200>2001:dbd:0:1::252         ,Ether / Dot1Q / IPv6 / TCP 2001:dbf:0:1::200:9675 > 2001:dbd:0:1::252:55660 PA / Raw,http: Detected,,
#292 : 35.82s,   90b, 881,         2001:dbd:0:1::252>2001:dbf:0:1::200         ,Ether / Dot1Q / IPv6 / TCP 2001:dbd:0:1::252:55660 > 2001:dbf:0:1::200:9675 A,,,
#293 : 37.51s,   90b, 881,         2001:dbd:0:1::252>2001:dbf:0:1::200         ,Ether / Dot1Q / IPv6 / TCP 2001:dbd:0:1::252:55660 > 2001:dbf:0:1::200:9675 FA,,,
#294 : 37.52s,   90b, 881,         2001:dbf:0:1::200>2001:dbd:0:1::252         ,Ether / Dot1Q / IPv6 / TCP 2001:dbf:0:1::200:9675 > 2001:dbd:0:1::252:55660 FA,,,
#295 : 37.52s,   90b, 881,         2001:dbd:0:1::252>2001:dbf:0:1::200         ,Ether / Dot1Q / IPv6 / TCP 2001:dbd:0:1::252:55660 > 2001:dbf:0:1::200:9675 A,,,
