#1   :  1.74s,  101b, 881,         2001:dbd:0:1::252>2001:dbd:0:1::129         ,Ether / Dot1Q / IPv6 / UDP / DNS Qry "b'fw2.revdomain.com.'" ,,,
#2   :  1.75s,  117b, 881,         2001:dbd:0:1::129>2001:dbd:0:1::252         ,Ether / Dot1Q / IPv6 / UDP / DNS Ans "10.177.200.1" ,,,
#3   :  1.76s,  101b, 881,         2001:dbd:0:1::252>2001:dbd:0:1::129         ,Ether / Dot1Q / IPv6 / UDP / DNS Qry "b'fw2.revdomain.com.'" ,,,
#4   :  1.77s,  129b, 881,         2001:dbd:0:1::129>2001:dbd:0:1::252         ,Ether / Dot1Q / IPv6 / UDP / DNS Ans "2001:dbd:0:1::129" ,,,
#5   :  1.77s,   98b, 881,         2001:dbd:0:1::252>2001:dbd:0:1::129         ,Ether / Dot1Q / IPv6 / TCP 2001:dbd:0:1::252:46154 > 2001:dbd:0:1::129:http S,,,
#6   :  1.77s,   98b, 881,         2001:dbd:0:1::129>2001:dbd:0:1::252         ,Ether / Dot1Q / IPv6 / TCP 2001:dbd:0:1::129:http > 2001:dbd:0:1::252:46154 SA,,,
#7   :  1.78s,   90b, 881,         2001:dbd:0:1::252>2001:dbd:0:1::129         ,Ether / Dot1Q / IPv6 / TCP 2001:dbd:0:1::252:46154 > 2001:dbd:0:1::129:http A,,,
#8   :  1.78s,  190b, 881,         2001:dbd:0:1::252>2001:dbd:0:1::129         ,Ether / Dot1Q / IPv6 / TCP 2001:dbd:0:1::252:46154 > 2001:dbd:0:1::129:http PA / Raw,http: Detected,,
#9   :  1.78s,   90b, 881,         2001:dbd:0:1::129>2001:dbd:0:1::252         ,Ether / Dot1Q / IPv6 / TCP 2001:dbd:0:1::129:http > 2001:dbd:0:1::252:46154 A,,,
#10  :  1.79s, 7230b, 881,         2001:dbd:0:1::129>2001:dbd:0:1::252         ,Ether / Dot1Q / IPv6 / TCP 2001:dbd:0:1::129:http > 2001:dbd:0:1::252:46154 PA / Raw,http: Detected,,
#11  :  1.79s,   90b, 881,         2001:dbd:0:1::252>2001:dbd:0:1::129         ,Ether / Dot1Q / IPv6 / TCP 2001:dbd:0:1::252:46154 > 2001:dbd:0:1::129:http A,,,
#12  :  1.80s, 7230b, 881,         2001:dbd:0:1::129>2001:dbd:0:1::252         ,Ether / Dot1Q / IPv6 / TCP 2001:dbd:0:1::129:http > 2001:dbd:0:1::252:46154 PA / Raw,,,
#13  :  1.80s,   90b, 881,         2001:dbd:0:1::252>2001:dbd:0:1::129         ,Ether / Dot1Q / IPv6 / TCP 2001:dbd:0:1::252:46154 > 2001:dbd:0:1::129:http A,,,
#14  :  1.81s,10086b, 881,         2001:dbd:0:1::129>2001:dbd:0:1::252         ,Ether / Dot1Q / IPv6 / TCP 2001:dbd:0:1::129:http > 2001:dbd:0:1::252:46154 PA / Raw,,,
#15  :  1.81s,   90b, 881,         2001:dbd:0:1::252>2001:dbd:0:1::129         ,Ether / Dot1Q / IPv6 / TCP 2001:dbd:0:1::252:46154 > 2001:dbd:0:1::129:http A,,,
#16  :  1.81s,14370b, 881,         2001:dbd:0:1::129>2001:dbd:0:1::252         ,Ether / Dot1Q / IPv6 / TCP 2001:dbd:0:1::129:http > 2001:dbd:0:1::252:46154 PA / Raw,,,
#17  :  1.82s, 4374b, 881,         2001:dbd:0:1::129>2001:dbd:0:1::252         ,Ether / Dot1Q / IPv6 / TCP 2001:dbd:0:1::129:http > 2001:dbd:0:1::252:46154 PA / Raw,,,
#18  :  1.82s, 2946b, 881,         2001:dbd:0:1::129>2001:dbd:0:1::252         ,Ether / Dot1Q / IPv6 / TCP 2001:dbd:0:1::129:http > 2001:dbd:0:1::252:46154 PA / Raw,,,
#19  :  1.83s,   90b, 881,         2001:dbd:0:1::252>2001:dbd:0:1::129         ,Ether / Dot1Q / IPv6 / TCP 2001:dbd:0:1::252:46154 > 2001:dbd:0:1::129:http A,,,
#20  :  1.83s,17226b, 881,         2001:dbd:0:1::129>2001:dbd:0:1::252         ,Ether / Dot1Q / IPv6 / TCP 2001:dbd:0:1::129:http > 2001:dbd:0:1::252:46154 PA / Raw,,,
#21  :  1.83s,   90b, 881,         2001:dbd:0:1::252>2001:dbd:0:1::129         ,Ether / Dot1Q / IPv6 / TCP 2001:dbd:0:1::252:46154 > 2001:dbd:0:1::129:http A,,,
#22  :  1.84s,14370b, 881,         2001:dbd:0:1::129>2001:dbd:0:1::252         ,Ether / Dot1Q / IPv6 / TCP 2001:dbd:0:1::129:http > 2001:dbd:0:1::252:46154 PA / Raw,,,
#23  :  1.84s,   90b, 881,         2001:dbd:0:1::252>2001:dbd:0:1::129         ,Ether / Dot1Q / IPv6 / TCP 2001:dbd:0:1::252:46154 > 2001:dbd:0:1::129:http A,,,
#24  :  1.85s,   90b, 881,         2001:dbd:0:1::252>2001:dbd:0:1::129         ,Ether / Dot1Q / IPv6 / TCP 2001:dbd:0:1::252:46154 > 2001:dbd:0:1::129:http A,,,
#25  :  1.85s,14370b, 881,         2001:dbd:0:1::129>2001:dbd:0:1::252         ,Ether / Dot1Q / IPv6 / TCP 2001:dbd:0:1::129:http > 2001:dbd:0:1::252:46154 PA / Raw,,,
#26  :  1.85s,   90b, 881,         2001:dbd:0:1::252>2001:dbd:0:1::129         ,Ether / Dot1Q / IPv6 / TCP 2001:dbd:0:1::252:46154 > 2001:dbd:0:1::129:http A,,,
#27  :  1.86s, 8658b, 881,         2001:dbd:0:1::129>2001:dbd:0:1::252         ,Ether / Dot1Q / IPv6 / TCP 2001:dbd:0:1::129:http > 2001:dbd:0:1::252:46154 PA / Raw,,,
#28  :  1.86s,   90b, 881,         2001:dbd:0:1::252>2001:dbd:0:1::129         ,Ether / Dot1Q / IPv6 / TCP 2001:dbd:0:1::252:46154 > 2001:dbd:0:1::129:http A,,,
#29  :  1.86s, 5802b, 881,         2001:dbd:0:1::129>2001:dbd:0:1::252         ,Ether / Dot1Q / IPv6 / TCP 2001:dbd:0:1::129:http > 2001:dbd:0:1::252:46154 PA / Raw,,,
#30  :  1.87s,   90b, 881,         2001:dbd:0:1::252>2001:dbd:0:1::129         ,Ether / Dot1Q / IPv6 / TCP 2001:dbd:0:1::252:46154 > 2001:dbd:0:1::129:http A,,,
#31  :  1.87s,   90b, 881,         2001:dbd:0:1::252>2001:dbd:0:1::129         ,Ether / Dot1Q / IPv6 / TCP 2001:dbd:0:1::252:46154 > 2001:dbd:0:1::129:http A,,,
#32  :  1.88s, 2946b, 881,         2001:dbd:0:1::129>2001:dbd:0:1::252         ,Ether / Dot1Q / IPv6 / TCP 2001:dbd:0:1::129:http > 2001:dbd:0:1::252:46154 PA / Raw,,,
#33  :  1.88s,   90b, 881,         2001:dbd:0:1::252>2001:dbd:0:1::129         ,Ether / Dot1Q / IPv6 / TCP 2001:dbd:0:1::252:46154 > 2001:dbd:0:1::129:http A,,,
#34  :  1.88s,61494b, 881,         2001:dbd:0:1::129>2001:dbd:0:1::252         ,Ether / Dot1Q / IPv6 / TCP 2001:dbd:0:1::129:http > 2001:dbd:0:1::252:46154 PA / Raw,,,
