#1   :  4.53s,   98b, 881,         2001:dbd:0:1::252>2001:dbd:0:1::129         ,Ether / Dot1Q / IPv6 / TCP 2001:dbd:0:1::252:39640 > 2001:dbd:0:1::129:5201 S,,,
#2   :  4.54s,   98b, 881,         2001:dbd:0:1::129>2001:dbd:0:1::252         ,Ether / Dot1Q / IPv6 / TCP 2001:dbd:0:1::129:5201 > 2001:dbd:0:1::252:39640 SA,,,
#3   :  4.54s,   90b, 881,         2001:dbd:0:1::252>2001:dbd:0:1::129         ,Ether / Dot1Q / IPv6 / TCP 2001:dbd:0:1::252:39640 > 2001:dbd:0:1::129:5201 A,,,
#4   :  4.55s,  127b, 881,         2001:dbd:0:1::252>2001:dbd:0:1::129         ,Ether / Dot1Q / IPv6 / TCP 2001:dbd:0:1::252:39640 > 2001:dbd:0:1::129:5201 PA / Raw,,,
#5   :  4.55s,   90b, 881,         2001:dbd:0:1::129>2001:dbd:0:1::252         ,Ether / Dot1Q / IPv6 / TCP 2001:dbd:0:1::129:5201 > 2001:dbd:0:1::252:39640 A,,,
#6   :  4.55s,   91b, 881,         2001:dbd:0:1::129>2001:dbd:0:1::252         ,Ether / Dot1Q / IPv6 / TCP 2001:dbd:0:1::129:5201 > 2001:dbd:0:1::252:39640 PA / Raw,,,
#7   :  4.56s,   90b, 881,         2001:dbd:0:1::252>2001:dbd:0:1::129         ,Ether / Dot1Q / IPv6 / TCP 2001:dbd:0:1::252:39640 > 2001:dbd:0:1::129:5201 A,,,
#8   :  4.56s,   94b, 881,         2001:dbd:0:1::252>2001:dbd:0:1::129         ,Ether / Dot1Q / IPv6 / TCP 2001:dbd:0:1::252:39640 > 2001:dbd:0:1::129:5201 PA / Raw,,,
#9   :  4.57s,  235b, 881,         2001:dbd:0:1::252>2001:dbd:0:1::129         ,Ether / Dot1Q / IPv6 / TCP 2001:dbd:0:1::252:39640 > 2001:dbd:0:1::129:5201 PA / Raw,,,
#10  :  4.57s,   90b, 881,         2001:dbd:0:1::129>2001:dbd:0:1::252         ,Ether / Dot1Q / IPv6 / TCP 2001:dbd:0:1::129:5201 > 2001:dbd:0:1::252:39640 A,,,
#11  :  4.58s,   91b, 881,         2001:dbd:0:1::129>2001:dbd:0:1::252         ,Ether / Dot1Q / IPv6 / TCP 2001:dbd:0:1::129:5201 > 2001:dbd:0:1::252:39640 PA / Raw,,,
#12  :  4.58s,   98b, 881,         2001:dbd:0:1::252>2001:dbd:0:1::129         ,Ether / Dot1Q / IPv6 / TCP 2001:dbd:0:1::252:39646 > 2001:dbd:0:1::129:5201 S,,,
#13  :  4.59s,   98b, 881,         2001:dbd:0:1::129>2001:dbd:0:1::252         ,Ether / Dot1Q / IPv6 / TCP 2001:dbd:0:1::129:5201 > 2001:dbd:0:1::252:39646 SA,,,
#14  :  4.59s,   90b, 881,         2001:dbd:0:1::252>2001:dbd:0:1::129         ,Ether / Dot1Q / IPv6 / TCP 2001:dbd:0:1::252:39646 > 2001:dbd:0:1::129:5201 A,,,
#15  :  4.60s,  127b, 881,         2001:dbd:0:1::252>2001:dbd:0:1::129         ,Ether / Dot1Q / IPv6 / TCP 2001:dbd:0:1::252:39646 > 2001:dbd:0:1::129:5201 PA / Raw,,,
#16  :  4.60s,   90b, 881,         2001:dbd:0:1::129>2001:dbd:0:1::252         ,Ether / Dot1Q / IPv6 / TCP 2001:dbd:0:1::129:5201 > 2001:dbd:0:1::252:39646 A,,,
#17  :  4.60s,   90b, 881,         2001:dbd:0:1::252>2001:dbd:0:1::129         ,Ether / Dot1Q / IPv6 / TCP 2001:dbd:0:1::252:39640 > 2001:dbd:0:1::129:5201 A,,,
#18  :  4.61s,   92b, 881,         2001:dbd:0:1::129>2001:dbd:0:1::252         ,Ether / Dot1Q / IPv6 / TCP 2001:dbd:0:1::129:5201 > 2001:dbd:0:1::252:39640 PA / Raw,,,
#19  :  4.61s,   90b, 881,         2001:dbd:0:1::252>2001:dbd:0:1::129         ,Ether / Dot1Q / IPv6 / TCP 2001:dbd:0:1::252:39640 > 2001:dbd:0:1::129:5201 A,,,
#20  :  4.62s, 7230b, 881,         2001:dbd:0:1::252>2001:dbd:0:1::129         ,Ether / Dot1Q / IPv6 / TCP 2001:dbd:0:1::252:39646 > 2001:dbd:0:1::129:5201 PA / Raw,,,
#21  :  4.62s,   90b, 881,         2001:dbd:0:1::129>2001:dbd:0:1::252         ,Ether / Dot1Q / IPv6 / TCP 2001:dbd:0:1::129:5201 > 2001:dbd:0:1::252:39646 A,,,
#22  :  4.63s, 7230b, 881,         2001:dbd:0:1::252>2001:dbd:0:1::129         ,Ether / Dot1Q / IPv6 / TCP 2001:dbd:0:1::252:39646 > 2001:dbd:0:1::129:5201 PA / Raw,,,
#23  :  4.63s,   90b, 881,         2001:dbd:0:1::129>2001:dbd:0:1::252         ,Ether / Dot1Q / IPv6 / TCP 2001:dbd:0:1::129:5201 > 2001:dbd:0:1::252:39646 A,,,
#24  :  4.64s,10086b, 881,         2001:dbd:0:1::252>2001:dbd:0:1::129         ,Ether / Dot1Q / IPv6 / TCP 2001:dbd:0:1::252:39646 > 2001:dbd:0:1::129:5201 PA / Raw,,,
#25  :  4.64s,   90b, 881,         2001:dbd:0:1::129>2001:dbd:0:1::252         ,Ether / Dot1Q / IPv6 / TCP 2001:dbd:0:1::129:5201 > 2001:dbd:0:1::252:39646 A,,,
#26  :  4.64s,14370b, 881,         2001:dbd:0:1::252>2001:dbd:0:1::129         ,Ether / Dot1Q / IPv6 / TCP 2001:dbd:0:1::252:39646 > 2001:dbd:0:1::129:5201 PA / Raw,,,
#27  :  4.65s,   90b, 881,         2001:dbd:0:1::129>2001:dbd:0:1::252         ,Ether / Dot1Q / IPv6 / TCP 2001:dbd:0:1::129:5201 > 2001:dbd:0:1::252:39646 A,,,
#28  :  4.65s, 7230b, 881,         2001:dbd:0:1::252>2001:dbd:0:1::129         ,Ether / Dot1Q / IPv6 / TCP 2001:dbd:0:1::252:39646 > 2001:dbd:0:1::129:5201 PA / Raw,,,
#29  :  4.66s,   90b, 881,         2001:dbd:0:1::129>2001:dbd:0:1::252         ,Ether / Dot1Q / IPv6 / TCP 2001:dbd:0:1::129:5201 > 2001:dbd:0:1::252:39646 A,,,
#30  :  4.66s,17226b, 881,         2001:dbd:0:1::252>2001:dbd:0:1::129         ,Ether / Dot1Q / IPv6 / TCP 2001:dbd:0:1::252:39646 > 2001:dbd:0:1::129:5201 PA / Raw,,,
#31  :  4.67s,   90b, 881,         2001:dbd:0:1::129>2001:dbd:0:1::252         ,Ether / Dot1Q / IPv6 / TCP 2001:dbd:0:1::129:5201 > 2001:dbd:0:1::252:39646 A,,,
#32  :  4.67s,14370b, 881,         2001:dbd:0:1::252>2001:dbd:0:1::129         ,Ether / Dot1Q / IPv6 / TCP 2001:dbd:0:1::252:39646 > 2001:dbd:0:1::129:5201 PA / Raw,,,
#33  :  4.68s,   90b, 881,         2001:dbd:0:1::129>2001:dbd:0:1::252         ,Ether / Dot1Q / IPv6 / TCP 2001:dbd:0:1::129:5201 > 2001:dbd:0:1::252:39646 A,,,
#34  :  4.68s,28650b, 881,         2001:dbd:0:1::252>2001:dbd:0:1::129         ,Ether / Dot1Q / IPv6 / TCP 2001:dbd:0:1::252:39646 > 2001:dbd:0:1::129:5201 PA / Raw,,,
#35  :  4.69s,   90b, 881,         2001:dbd:0:1::129>2001:dbd:0:1::252         ,Ether / Dot1Q / IPv6 / TCP 2001:dbd:0:1::129:5201 > 2001:dbd:0:1::252:39646 A,,,
#36  :  4.69s, 2946b, 881,         2001:dbd:0:1::252>2001:dbd:0:1::129         ,Ether / Dot1Q / IPv6 / TCP 2001:dbd:0:1::252:39646 > 2001:dbd:0:1::129:5201 PA / Raw,,,
#37  :  4.69s,   90b, 881,         2001:dbd:0:1::129>2001:dbd:0:1::252         ,Ether / Dot1Q / IPv6 / TCP 2001:dbd:0:1::129:5201 > 2001:dbd:0:1::252:39646 A,,,
#38  :  4.70s,22634b, 881,         2001:dbd:0:1::252>2001:dbd:0:1::129         ,Ether / Dot1Q / IPv6 / TCP 2001:dbd:0:1::252:39646 > 2001:dbd:0:1::129:5201 PA / Raw,,,
#39  :  4.71s,61494b, 881,         2001:dbd:0:1::252>2001:dbd:0:1::129         ,Ether / Dot1Q / IPv6 / TCP 2001:dbd:0:1::252:39646 > 2001:dbd:0:1::129:5201 PA / Raw,,,
#40  :  4.71s,   90b, 881,         2001:dbd:0:1::129>2001:dbd:0:1::252         ,Ether / Dot1Q / IPv6 / TCP 2001:dbd:0:1::129:5201 > 2001:dbd:0:1::252:39646 A,,,
#41  :  4.72s,61494b, 881,         2001:dbd:0:1::252>2001:dbd:0:1::129         ,Ether / Dot1Q / IPv6 / TCP 2001:dbd:0:1::252:39646 > 2001:dbd:0:1::129:5201 PA / Raw,,,
#42  :  4.79s,64350b, 881,         2001:dbd:0:1::252>2001:dbd:0:1::129         ,Ether / Dot1Q / IPv6 / TCP 2001:dbd:0:1::252:39646 > 2001:dbd:0:1::129:5201 PA / Raw,,,
#43  :  4.79s,   90b, 881,         2001:dbd:0:1::129>2001:dbd:0:1::252         ,Ether / Dot1Q / IPv6 / TCP 2001:dbd:0:1::129:5201 > 2001:dbd:0:1::252:39646 A,,,
#44  :  4.80s,43862b, 881,         2001:dbd:0:1::252>2001:dbd:0:1::129         ,Ether / Dot1Q / IPv6 / TCP 2001:dbd:0:1::252:39646 > 2001:dbd:0:1::129:5201 PA / Raw,,,
#45  :  4.81s,   90b, 881,         2001:dbd:0:1::129>2001:dbd:0:1::252         ,Ether / Dot1Q / IPv6 / TCP 2001:dbd:0:1::129:5201 > 2001:dbd:0:1::252:39646 A,,,
#46  :  4.81s,22938b, 881,         2001:dbd:0:1::252>2001:dbd:0:1::129         ,Ether / Dot1Q / IPv6 / TCP 2001:dbd:0:1::252:39646 > 2001:dbd:0:1::129:5201 PA / Raw,,,
#47  :  4.82s,   90b, 881,         2001:dbd:0:1::129>2001:dbd:0:1::252         ,Ether / Dot1Q / IPv6 / TCP 2001:dbd:0:1::129:5201 > 2001:dbd:0:1::252:39646 A,,,
#48  :  4.82s,  282b, 881,         2001:dbd:0:1::252>2001:dbd:0:1::129         ,Ether / Dot1Q / IPv6 / TCP 2001:dbd:0:1::252:39646 > 2001:dbd:0:1::129:5201 PA / Raw,,,
#49  :  4.82s,   90b, 881,         2001:dbd:0:1::129>2001:dbd:0:1::252         ,Ether / Dot1Q / IPv6 / TCP 2001:dbd:0:1::129:5201 > 2001:dbd:0:1::252:39646 A,,,
#50  :  4.89s,64350b, 881,         2001:dbd:0:1::252>2001:dbd:0:1::129         ,Ether / Dot1Q / IPv6 / TCP 2001:dbd:0:1::252:39646 > 2001:dbd:0:1::129:5201 PA / Raw,,,
#51  :  4.90s,   90b, 881,         2001:dbd:0:1::129>2001:dbd:0:1::252         ,Ether / Dot1Q / IPv6 / TCP 2001:dbd:0:1::129:5201 > 2001:dbd:0:1::252:39646 A,,,
#52  :  4.90s,64350b, 881,         2001:dbd:0:1::252>2001:dbd:0:1::129         ,Ether / Dot1Q / IPv6 / TCP 2001:dbd:0:1::252:39646 > 2001:dbd:0:1::129:5201 PA / Raw,,,
#53  :  4.91s,   90b, 881,         2001:dbd:0:1::129>2001:dbd:0:1::252         ,Ether / Dot1Q / IPv6 / TCP 2001:dbd:0:1::129:5201 > 2001:dbd:0:1::252:39646 A,,,
#54  :  4.91s, 2642b, 881,         2001:dbd:0:1::252>2001:dbd:0:1::129         ,Ether / Dot1Q / IPv6 / TCP 2001:dbd:0:1::252:39646 > 2001:dbd:0:1::129:5201 PA / Raw,,,
#55  :  4.92s,   90b, 881,         2001:dbd:0:1::129>2001:dbd:0:1::252         ,Ether / Dot1Q / IPv6 / TCP 2001:dbd:0:1::129:5201 > 2001:dbd:0:1::252:39646 A,,,
#56  :  5.00s,64350b, 881,         2001:dbd:0:1::252>2001:dbd:0:1::129         ,Ether / Dot1Q / IPv6 / TCP 2001:dbd:0:1::252:39646 > 2001:dbd:0:1::129:5201 PA / Raw,,,
#57  :  5.00s,   90b, 881,         2001:dbd:0:1::129>2001:dbd:0:1::252         ,Ether / Dot1Q / IPv6 / TCP 2001:dbd:0:1::129:5201 > 2001:dbd:0:1::252:39646 A,,,
#58  :  5.01s,64350b, 881,         2001:dbd:0:1::252>2001:dbd:0:1::129         ,Ether / Dot1Q / IPv6 / TCP 2001:dbd:0:1::252:39646 > 2001:dbd:0:1::129:5201 PA / Raw,,,
#59  :  5.02s,   90b, 881,         2001:dbd:0:1::129>2001:dbd:0:1::252         ,Ether / Dot1Q / IPv6 / TCP 2001:dbd:0:1::129:5201 > 2001:dbd:0:1::252:39646 A,,,
#60  :  5.02s, 2642b, 881,         2001:dbd:0:1::252>2001:dbd:0:1::129         ,Ether / Dot1Q / IPv6 / TCP 2001:dbd:0:1::252:39646 > 2001:dbd:0:1::129:5201 PA / Raw,,,
#61  :  5.03s,   90b, 881,         2001:dbd:0:1::129>2001:dbd:0:1::252         ,Ether / Dot1Q / IPv6 / TCP 2001:dbd:0:1::129:5201 > 2001:dbd:0:1::252:39646 A,,,
#62  :  5.10s,64350b, 881,         2001:dbd:0:1::252>2001:dbd:0:1::129         ,Ether / Dot1Q / IPv6 / TCP 2001:dbd:0:1::252:39646 > 2001:dbd:0:1::129:5201 PA / Raw,,,
#63  :  5.11s,   90b, 881,         2001:dbd:0:1::129>2001:dbd:0:1::252         ,Ether / Dot1Q / IPv6 / TCP 2001:dbd:0:1::129:5201 > 2001:dbd:0:1::252:39646 A,,,
#64  :  5.11s,64350b, 881,         2001:dbd:0:1::252>2001:dbd:0:1::129         ,Ether / Dot1Q / IPv6 / TCP 2001:dbd:0:1::252:39646 > 2001:dbd:0:1::129:5201 PA / Raw,,,
#65  :  5.12s,   90b, 881,         2001:dbd:0:1::129>2001:dbd:0:1::252         ,Ether / Dot1Q / IPv6 / TCP 2001:dbd:0:1::129:5201 > 2001:dbd:0:1::252:39646 A,,,
#66  :  5.12s, 2642b, 881,         2001:dbd:0:1::252>2001:dbd:0:1::129         ,Ether / Dot1Q / IPv6 / TCP 2001:dbd:0:1::252:39646 > 2001:dbd:0:1::129:5201 PA / Raw,,,
#67  :  5.21s,64350b, 881,         2001:dbd:0:1::252>2001:dbd:0:1::129         ,Ether / Dot1Q / IPv6 / TCP 2001:dbd:0:1::252:39646 > 2001:dbd:0:1::129:5201 PA / Raw,,,
#68  :  5.21s,   90b, 881,         2001:dbd:0:1::129>2001:dbd:0:1::252         ,Ether / Dot1Q / IPv6 / TCP 2001:dbd:0:1::129:5201 > 2001:dbd:0:1::252:39646 A,,,
#69  :  5.22s,64350b, 881,         2001:dbd:0:1::252>2001:dbd:0:1::129         ,Ether / Dot1Q / IPv6 / TCP 2001:dbd:0:1::252:39646 > 2001:dbd:0:1::129:5201 PA / Raw,,,
#70  :  5.22s,   90b, 881,         2001:dbd:0:1::129>2001:dbd:0:1::252         ,Ether / Dot1Q / IPv6 / TCP 2001:dbd:0:1::129:5201 > 2001:dbd:0:1::252:39646 A,,,
#71  :  5.23s, 2642b, 881,         2001:dbd:0:1::252>2001:dbd:0:1::129         ,Ether / Dot1Q / IPv6 / TCP 2001:dbd:0:1::252:39646 > 2001:dbd:0:1::129:5201 PA / Raw,,,
#72  :  5.23s,   90b, 881,         2001:dbd:0:1::129>2001:dbd:0:1::252         ,Ether / Dot1Q / IPv6 / TCP 2001:dbd:0:1::129:5201 > 2001:dbd:0:1::252:39646 A,,,
#73  :  5.31s,64350b, 881,         2001:dbd:0:1::252>2001:dbd:0:1::129         ,Ether / Dot1Q / IPv6 / TCP 2001:dbd:0:1::252:39646 > 2001:dbd:0:1::129:5201 PA / Raw,,,
#74  :  5.32s,   90b, 881,         2001:dbd:0:1::129>2001:dbd:0:1::252         ,Ether / Dot1Q / IPv6 / TCP 2001:dbd:0:1::129:5201 > 2001:dbd:0:1::252:39646 A,,,
#75  :  5.33s,64350b, 881,         2001:dbd:0:1::252>2001:dbd:0:1::129         ,Ether / Dot1Q / IPv6 / TCP 2001:dbd:0:1::252:39646 > 2001:dbd:0:1::129:5201 PA / Raw,,,
#76  :  5.34s,   90b, 881,         2001:dbd:0:1::129>2001:dbd:0:1::252         ,Ether / Dot1Q / IPv6 / TCP 2001:dbd:0:1::129:5201 > 2001:dbd:0:1::252:39646 A,,,
#77  :  5.34s, 2642b, 881,         2001:dbd:0:1::252>2001:dbd:0:1::129         ,Ether / Dot1Q / IPv6 / TCP 2001:dbd:0:1::252:39646 > 2001:dbd:0:1::129:5201 PA / Raw,,,
#78  :  5.34s,   90b, 881,         2001:dbd:0:1::129>2001:dbd:0:1::252         ,Ether / Dot1Q / IPv6 / TCP 2001:dbd:0:1::129:5201 > 2001:dbd:0:1::252:39646 A,,,
#79  :  5.36s,  102b, 881,         2001:dbd:0:1::252>2001:dbd:0:1::129         ,Ether / Dot1Q / IPv6 / UDP / DNS Qry "b'ntp2.revdomain.com.'" ,,,
#80  :  5.36s,  102b, 881,         2001:dbd:0:1::252>2001:dbd:0:1::129         ,Ether / Dot1Q / IPv6 / UDP / DNS Qry "b'ntp2.revdomain.com.'" ,,,
#81  :  5.37s,  118b, 881,         2001:dbd:0:1::129>2001:dbd:0:1::252         ,Ether / Dot1Q / IPv6 / UDP / DNS Ans "10.177.200.1" ,,,
#82  :  5.37s,  130b, 881,         2001:dbd:0:1::129>2001:dbd:0:1::252         ,Ether / Dot1Q / IPv6 / UDP / DNS Ans "2001:dbd:0:1::129" ,,,
#83  :  5.42s,64350b, 881,         2001:dbd:0:1::252>2001:dbd:0:1::129         ,Ether / Dot1Q / IPv6 / TCP 2001:dbd:0:1::252:39646 > 2001:dbd:0:1::129:5201 PA / Raw,,,
#84  :  5.42s,   90b, 881,         2001:dbd:0:1::129>2001:dbd:0:1::252         ,Ether / Dot1Q / IPv6 / TCP 2001:dbd:0:1::129:5201 > 2001:dbd:0:1::252:39646 A,,,
#85  :  5.43s,64350b, 881,         2001:dbd:0:1::252>2001:dbd:0:1::129         ,Ether / Dot1Q / IPv6 / TCP 2001:dbd:0:1::252:39646 > 2001:dbd:0:1::129:5201 PA / Raw,,,
#86  :  5.43s,   90b, 881,         2001:dbd:0:1::129>2001:dbd:0:1::252         ,Ether / Dot1Q / IPv6 / TCP 2001:dbd:0:1::129:5201 > 2001:dbd:0:1::252:39646 A,,,
#87  :  5.44s, 2642b, 881,         2001:dbd:0:1::252>2001:dbd:0:1::129         ,Ether / Dot1Q / IPv6 / TCP 2001:dbd:0:1::252:39646 > 2001:dbd:0:1::129:5201 PA / Raw,,,
#88  :  5.44s,   90b, 881,         2001:dbd:0:1::129>2001:dbd:0:1::252         ,Ether / Dot1Q / IPv6 / TCP 2001:dbd:0:1::129:5201 > 2001:dbd:0:1::252:39646 A,,,
#89  :  5.52s,64350b, 881,         2001:dbd:0:1::252>2001:dbd:0:1::129         ,Ether / Dot1Q / IPv6 / TCP 2001:dbd:0:1::252:39646 > 2001:dbd:0:1::129:5201 PA / Raw,,,
#90  :  5.53s,   90b, 881,         2001:dbd:0:1::129>2001:dbd:0:1::252         ,Ether / Dot1Q / IPv6 / TCP 2001:dbd:0:1::129:5201 > 2001:dbd:0:1::252:39646 A,,,
#91  :  5.53s,64350b, 881,         2001:dbd:0:1::252>2001:dbd:0:1::129         ,Ether / Dot1Q / IPv6 / TCP 2001:dbd:0:1::252:39646 > 2001:dbd:0:1::129:5201 PA / Raw,,,
#92  :  5.54s,   90b, 881,         2001:dbd:0:1::129>2001:dbd:0:1::252         ,Ether / Dot1Q / IPv6 / TCP 2001:dbd:0:1::129:5201 > 2001:dbd:0:1::252:39646 A,,,
#93  :  5.54s, 2642b, 881,         2001:dbd:0:1::252>2001:dbd:0:1::129         ,Ether / Dot1Q / IPv6 / TCP 2001:dbd:0:1::252:39646 > 2001:dbd:0:1::129:5201 PA / Raw,,,
#94  :  5.55s,   90b, 881,         2001:dbd:0:1::129>2001:dbd:0:1::252         ,Ether / Dot1Q / IPv6 / TCP 2001:dbd:0:1::129:5201 > 2001:dbd:0:1::252:39646 A,,,
#95  :  5.63s,64350b, 881,         2001:dbd:0:1::252>2001:dbd:0:1::129         ,Ether / Dot1Q / IPv6 / TCP 2001:dbd:0:1::252:39646 > 2001:dbd:0:1::129:5201 PA / Raw,,,
#96  :  5.63s,   90b, 881,         2001:dbd:0:1::129>2001:dbd:0:1::252         ,Ether / Dot1Q / IPv6 / TCP 2001:dbd:0:1::129:5201 > 2001:dbd:0:1::252:39646 A,,,
#97  :  5.64s,64350b, 881,         2001:dbd:0:1::252>2001:dbd:0:1::129         ,Ether / Dot1Q / IPv6 / TCP 2001:dbd:0:1::252:39646 > 2001:dbd:0:1::129:5201 PA / Raw,,,
#98  :  5.64s,   90b, 881,         2001:dbd:0:1::129>2001:dbd:0:1::252         ,Ether / Dot1Q / IPv6 / TCP 2001:dbd:0:1::129:5201 > 2001:dbd:0:1::252:39646 A,,,
#99  :  5.65s, 2642b, 881,         2001:dbd:0:1::252>2001:dbd:0:1::129         ,Ether / Dot1Q / IPv6 / TCP 2001:dbd:0:1::252:39646 > 2001:dbd:0:1::129:5201 PA / Raw,,,
#100 :  5.65s,   90b, 881,         2001:dbd:0:1::129>2001:dbd:0:1::252         ,Ether / Dot1Q / IPv6 / TCP 2001:dbd:0:1::129:5201 > 2001:dbd:0:1::252:39646 A,,,
#101 :  5.73s,64350b, 881,         2001:dbd:0:1::252>2001:dbd:0:1::129         ,Ether / Dot1Q / IPv6 / TCP 2001:dbd:0:1::252:39646 > 2001:dbd:0:1::129:5201 PA / Raw,,,
#102 :  5.74s,   90b, 881,         2001:dbd:0:1::129>2001:dbd:0:1::252         ,Ether / Dot1Q / IPv6 / TCP 2001:dbd:0:1::129:5201 > 2001:dbd:0:1::252:39646 A,,,
#103 :  5.74s,64350b, 881,         2001:dbd:0:1::252>2001:dbd:0:1::129         ,Ether / Dot1Q / IPv6 / TCP 2001:dbd:0:1::252:39646 > 2001:dbd:0:1::129:5201 PA / Raw,,,
#104 :  5.75s,   90b, 881,         2001:dbd:0:1::129>2001:dbd:0:1::252         ,Ether / Dot1Q / IPv6 / TCP 2001:dbd:0:1::129:5201 > 2001:dbd:0:1::252:39646 A,,,
#105 :  5.75s, 2642b, 881,         2001:dbd:0:1::252>2001:dbd:0:1::129         ,Ether / Dot1Q / IPv6 / TCP 2001:dbd:0:1::252:39646 > 2001:dbd:0:1::129:5201 PA / Raw,,,
#106 :  5.76s,   90b, 881,         2001:dbd:0:1::129>2001:dbd:0:1::252         ,Ether / Dot1Q / IPv6 / TCP 2001:dbd:0:1::129:5201 > 2001:dbd:0:1::252:39646 A,,,
#107 :  5.84s,64350b, 881,         2001:dbd:0:1::252>2001:dbd:0:1::129         ,Ether / Dot1Q / IPv6 / TCP 2001:dbd:0:1::252:39646 > 2001:dbd:0:1::129:5201 PA / Raw,,,
#108 :  5.84s,   90b, 881,         2001:dbd:0:1::129>2001:dbd:0:1::252         ,Ether / Dot1Q / IPv6 / TCP 2001:dbd:0:1::129:5201 > 2001:dbd:0:1::252:39646 A,,,
#109 :  5.85s,64350b, 881,         2001:dbd:0:1::252>2001:dbd:0:1::129         ,Ether / Dot1Q / IPv6 / TCP 2001:dbd:0:1::252:39646 > 2001:dbd:0:1::129:5201 PA / Raw,,,
#110 :  5.85s,   90b, 881,         2001:dbd:0:1::129>2001:dbd:0:1::252         ,Ether / Dot1Q / IPv6 / TCP 2001:dbd:0:1::129:5201 > 2001:dbd:0:1::252:39646 A,,,
#111 :  5.86s, 2642b, 881,         2001:dbd:0:1::252>2001:dbd:0:1::129         ,Ether / Dot1Q / IPv6 / TCP 2001:dbd:0:1::252:39646 > 2001:dbd:0:1::129:5201 PA / Raw,,,
#112 :  5.86s,   90b, 881,         2001:dbd:0:1::129>2001:dbd:0:1::252         ,Ether / Dot1Q / IPv6 / TCP 2001:dbd:0:1::129:5201 > 2001:dbd:0:1::252:39646 A,,,
#113 :  5.94s,64350b, 881,         2001:dbd:0:1::252>2001:dbd:0:1::129         ,Ether / Dot1Q / IPv6 / TCP 2001:dbd:0:1::252:39646 > 2001:dbd:0:1::129:5201 PA / Raw,,,
#114 :  5.95s,   90b, 881,         2001:dbd:0:1::129>2001:dbd:0:1::252         ,Ether / Dot1Q / IPv6 / TCP 2001:dbd:0:1::129:5201 > 2001:dbd:0:1::252:39646 A,,,
#115 :  5.95s,64350b, 881,         2001:dbd:0:1::252>2001:dbd:0:1::129         ,Ether / Dot1Q / IPv6 / TCP 2001:dbd:0:1::252:39646 > 2001:dbd:0:1::129:5201 PA / Raw,,,
#116 :  5.96s,   90b, 881,         2001:dbd:0:1::129>2001:dbd:0:1::252         ,Ether / Dot1Q / IPv6 / TCP 2001:dbd:0:1::129:5201 > 2001:dbd:0:1::252:39646 A,,,
#117 :  5.96s, 2642b, 881,         2001:dbd:0:1::252>2001:dbd:0:1::129         ,Ether / Dot1Q / IPv6 / TCP 2001:dbd:0:1::252:39646 > 2001:dbd:0:1::129:5201 PA / Raw,,,
#118 :  5.97s,   90b, 881,         2001:dbd:0:1::129>2001:dbd:0:1::252         ,Ether / Dot1Q / IPv6 / TCP 2001:dbd:0:1::129:5201 > 2001:dbd:0:1::252:39646 A,,,
#119 :  6.05s,64350b, 881,         2001:dbd:0:1::252>2001:dbd:0:1::129         ,Ether / Dot1Q / IPv6 / TCP 2001:dbd:0:1::252:39646 > 2001:dbd:0:1::129:5201 PA / Raw,,,
#120 :  6.05s,   90b, 881,         2001:dbd:0:1::129>2001:dbd:0:1::252         ,Ether / Dot1Q / IPv6 / TCP 2001:dbd:0:1::129:5201 > 2001:dbd:0:1::252:39646 A,,,
#121 :  6.06s,64350b, 881,         2001:dbd:0:1::252>2001:dbd:0:1::129         ,Ether / Dot1Q / IPv6 / TCP 2001:dbd:0:1::252:39646 > 2001:dbd:0:1::129:5201 PA / Raw,,,
#122 :  6.06s,   90b, 881,         2001:dbd:0:1::129>2001:dbd:0:1::252         ,Ether / Dot1Q / IPv6 / TCP 2001:dbd:0:1::129:5201 > 2001:dbd:0:1::252:39646 A,,,
#123 :  6.07s, 2642b, 881,         2001:dbd:0:1::252>2001:dbd:0:1::129         ,Ether / Dot1Q / IPv6 / TCP 2001:dbd:0:1::252:39646 > 2001:dbd:0:1::129:5201 PA / Raw,,,
#124 :  6.07s,   90b, 881,         2001:dbd:0:1::129>2001:dbd:0:1::252         ,Ether / Dot1Q / IPv6 / TCP 2001:dbd:0:1::129:5201 > 2001:dbd:0:1::252:39646 A,,,
#125 :  6.15s,64350b, 881,         2001:dbd:0:1::252>2001:dbd:0:1::129         ,Ether / Dot1Q / IPv6 / TCP 2001:dbd:0:1::252:39646 > 2001:dbd:0:1::129:5201 PA / Raw,,,
#126 :  6.16s,   90b, 881,         2001:dbd:0:1::129>2001:dbd:0:1::252         ,Ether / Dot1Q / IPv6 / TCP 2001:dbd:0:1::129:5201 > 2001:dbd:0:1::252:39646 A,,,
#127 :  6.16s,64350b, 881,         2001:dbd:0:1::252>2001:dbd:0:1::129         ,Ether / Dot1Q / IPv6 / TCP 2001:dbd:0:1::252:39646 > 2001:dbd:0:1::129:5201 PA / Raw,,,
#128 :  6.17s,   90b, 881,         2001:dbd:0:1::129>2001:dbd:0:1::252         ,Ether / Dot1Q / IPv6 / TCP 2001:dbd:0:1::129:5201 > 2001:dbd:0:1::252:39646 A,,,
#129 :  6.17s, 2642b, 881,         2001:dbd:0:1::252>2001:dbd:0:1::129         ,Ether / Dot1Q / IPv6 / TCP 2001:dbd:0:1::252:39646 > 2001:dbd:0:1::129:5201 PA / Raw,,,
#130 :  6.18s,   90b, 881,         2001:dbd:0:1::129>2001:dbd:0:1::252         ,Ether / Dot1Q / IPv6 / TCP 2001:dbd:0:1::129:5201 > 2001:dbd:0:1::252:39646 A,,,
#131 :  6.26s,64350b, 881,         2001:dbd:0:1::252>2001:dbd:0:1::129         ,Ether / Dot1Q / IPv6 / TCP 2001:dbd:0:1::252:39646 > 2001:dbd:0:1::129:5201 PA / Raw,,,
#132 :  6.26s,   90b, 881,         2001:dbd:0:1::129>2001:dbd:0:1::252         ,Ether / Dot1Q / IPv6 / TCP 2001:dbd:0:1::129:5201 > 2001:dbd:0:1::252:39646 A,,,
#133 :  6.27s,64350b, 881,         2001:dbd:0:1::252>2001:dbd:0:1::129         ,Ether / Dot1Q / IPv6 / TCP 2001:dbd:0:1::252:39646 > 2001:dbd:0:1::129:5201 PA / Raw,,,
#134 :  6.27s,   90b, 881,         2001:dbd:0:1::129>2001:dbd:0:1::252         ,Ether / Dot1Q / IPv6 / TCP 2001:dbd:0:1::129:5201 > 2001:dbd:0:1::252:39646 A,,,
#135 :  6.28s, 2642b, 881,         2001:dbd:0:1::252>2001:dbd:0:1::129         ,Ether / Dot1Q / IPv6 / TCP 2001:dbd:0:1::252:39646 > 2001:dbd:0:1::129:5201 PA / Raw,,,
#136 :  6.28s,   90b, 881,         2001:dbd:0:1::129>2001:dbd:0:1::252         ,Ether / Dot1Q / IPv6 / TCP 2001:dbd:0:1::129:5201 > 2001:dbd:0:1::252:39646 A,,,
#137 :  6.29s,   82b,1081,  fe80::216:3eff:fe00:1081>ff02::1                   ,Ether / Dot1Q / IPv6 / ICMPv6ND_RA / ICMPv6 Neighbor Discovery Option - Source Link-Layer Address 00...,,,
#138 :  6.36s,64350b, 881,         2001:dbd:0:1::252>2001:dbd:0:1::129         ,Ether / Dot1Q / IPv6 / TCP 2001:dbd:0:1::252:39646 > 2001:dbd:0:1::129:5201 PA / Raw,,,
#139 :  6.37s,64350b, 881,         2001:dbd:0:1::252>2001:dbd:0:1::129         ,Ether / Dot1Q / IPv6 / TCP 2001:dbd:0:1::252:39646 > 2001:dbd:0:1::129:5201 PA / Raw,,,
#140 :  6.37s,   90b, 881,         2001:dbd:0:1::129>2001:dbd:0:1::252         ,Ether / Dot1Q / IPv6 / TCP 2001:dbd:0:1::129:5201 > 2001:dbd:0:1::252:39646 A,,,
#141 :  6.38s, 2642b, 881,         2001:dbd:0:1::252>2001:dbd:0:1::129         ,Ether / Dot1Q / IPv6 / TCP 2001:dbd:0:1::252:39646 > 2001:dbd:0:1::129:5201 PA / Raw,,,
#142 :  6.47s,64350b, 881,         2001:dbd:0:1::252>2001:dbd:0:1::129         ,Ether / Dot1Q / IPv6 / TCP 2001:dbd:0:1::252:39646 > 2001:dbd:0:1::129:5201 PA / Raw,,,
#143 :  6.47s,64350b, 881,         2001:dbd:0:1::252>2001:dbd:0:1::129         ,Ether / Dot1Q / IPv6 / TCP 2001:dbd:0:1::252:39646 > 2001:dbd:0:1::129:5201 PA / Raw,,,
#144 :  6.48s,   90b, 881,         2001:dbd:0:1::129>2001:dbd:0:1::252         ,Ether / Dot1Q / IPv6 / TCP 2001:dbd:0:1::129:5201 > 2001:dbd:0:1::252:39646 A,,,
#145 :  6.48s,   90b, 881,         2001:dbd:0:1::129>2001:dbd:0:1::252         ,Ether / Dot1Q / IPv6 / TCP 2001:dbd:0:1::129:5201 > 2001:dbd:0:1::252:39646 A,,,
#146 :  6.49s, 2642b, 881,         2001:dbd:0:1::252>2001:dbd:0:1::129         ,Ether / Dot1Q / IPv6 / TCP 2001:dbd:0:1::252:39646 > 2001:dbd:0:1::129:5201 PA / Raw,,,
#147 :  6.49s,   90b, 881,         2001:dbd:0:1::129>2001:dbd:0:1::252         ,Ether / Dot1Q / IPv6 / TCP 2001:dbd:0:1::129:5201 > 2001:dbd:0:1::252:39646 A,,,
#148 :  6.57s,64350b, 881,         2001:dbd:0:1::252>2001:dbd:0:1::129         ,Ether / Dot1Q / IPv6 / TCP 2001:dbd:0:1::252:39646 > 2001:dbd:0:1::129:5201 PA / Raw,,,
#149 :  6.57s,   90b, 881,         2001:dbd:0:1::129>2001:dbd:0:1::252         ,Ether / Dot1Q / IPv6 / TCP 2001:dbd:0:1::129:5201 > 2001:dbd:0:1::252:39646 A,,,
#150 :  6.58s,64350b, 881,         2001:dbd:0:1::252>2001:dbd:0:1::129         ,Ether / Dot1Q / IPv6 / TCP 2001:dbd:0:1::252:39646 > 2001:dbd:0:1::129:5201 PA / Raw,,,
#151 :  6.58s,   90b, 881,         2001:dbd:0:1::129>2001:dbd:0:1::252         ,Ether / Dot1Q / IPv6 / TCP 2001:dbd:0:1::129:5201 > 2001:dbd:0:1::252:39646 A,,,
#152 :  6.59s, 2642b, 881,         2001:dbd:0:1::252>2001:dbd:0:1::129         ,Ether / Dot1Q / IPv6 / TCP 2001:dbd:0:1::252:39646 > 2001:dbd:0:1::129:5201 PA / Raw,,,
#153 :  6.59s,   90b, 881,         2001:dbd:0:1::129>2001:dbd:0:1::252         ,Ether / Dot1Q / IPv6 / TCP 2001:dbd:0:1::129:5201 > 2001:dbd:0:1::252:39646 A,,,
#154 :  6.68s,64350b, 881,         2001:dbd:0:1::252>2001:dbd:0:1::129         ,Ether / Dot1Q / IPv6 / TCP 2001:dbd:0:1::252:39646 > 2001:dbd:0:1::129:5201 PA / Raw,,,
#155 :  6.68s,   90b, 881,         2001:dbd:0:1::129>2001:dbd:0:1::252         ,Ether / Dot1Q / IPv6 / TCP 2001:dbd:0:1::129:5201 > 2001:dbd:0:1::252:39646 A,,,
#156 :  6.69s,64350b, 881,         2001:dbd:0:1::252>2001:dbd:0:1::129         ,Ether / Dot1Q / IPv6 / TCP 2001:dbd:0:1::252:39646 > 2001:dbd:0:1::129:5201 PA / Raw,,,
#157 :  6.69s,   90b, 881,         2001:dbd:0:1::129>2001:dbd:0:1::252         ,Ether / Dot1Q / IPv6 / TCP 2001:dbd:0:1::129:5201 > 2001:dbd:0:1::252:39646 A,,,
#158 :  6.69s, 2642b, 881,         2001:dbd:0:1::252>2001:dbd:0:1::129         ,Ether / Dot1Q / IPv6 / TCP 2001:dbd:0:1::252:39646 > 2001:dbd:0:1::129:5201 PA / Raw,,,
#159 :  6.70s,   90b, 881,         2001:dbd:0:1::129>2001:dbd:0:1::252         ,Ether / Dot1Q / IPv6 / TCP 2001:dbd:0:1::129:5201 > 2001:dbd:0:1::252:39646 A,,,
#160 :  6.78s,64350b, 881,         2001:dbd:0:1::252>2001:dbd:0:1::129         ,Ether / Dot1Q / IPv6 / TCP 2001:dbd:0:1::252:39646 > 2001:dbd:0:1::129:5201 PA / Raw,,,
#161 :  6.79s,   90b, 881,         2001:dbd:0:1::129>2001:dbd:0:1::252         ,Ether / Dot1Q / IPv6 / TCP 2001:dbd:0:1::129:5201 > 2001:dbd:0:1::252:39646 A,,,
#162 :  6.79s,64350b, 881,         2001:dbd:0:1::252>2001:dbd:0:1::129         ,Ether / Dot1Q / IPv6 / TCP 2001:dbd:0:1::252:39646 > 2001:dbd:0:1::129:5201 PA / Raw,,,
#163 :  6.80s,   90b, 881,         2001:dbd:0:1::129>2001:dbd:0:1::252         ,Ether / Dot1Q / IPv6 / TCP 2001:dbd:0:1::129:5201 > 2001:dbd:0:1::252:39646 A,,,
#164 :  6.80s, 2642b, 881,         2001:dbd:0:1::252>2001:dbd:0:1::129         ,Ether / Dot1Q / IPv6 / TCP 2001:dbd:0:1::252:39646 > 2001:dbd:0:1::129:5201 PA / Raw,,,
#165 :  6.80s,   90b, 881,         2001:dbd:0:1::129>2001:dbd:0:1::252         ,Ether / Dot1Q / IPv6 / TCP 2001:dbd:0:1::129:5201 > 2001:dbd:0:1::252:39646 A,,,
#166 :  6.89s,64350b, 881,         2001:dbd:0:1::252>2001:dbd:0:1::129         ,Ether / Dot1Q / IPv6 / TCP 2001:dbd:0:1::252:39646 > 2001:dbd:0:1::129:5201 PA / Raw,,,
#167 :  6.89s,   90b, 881,         2001:dbd:0:1::129>2001:dbd:0:1::252         ,Ether / Dot1Q / IPv6 / TCP 2001:dbd:0:1::129:5201 > 2001:dbd:0:1::252:39646 A,,,
#168 :  6.89s,64350b, 881,         2001:dbd:0:1::252>2001:dbd:0:1::129         ,Ether / Dot1Q / IPv6 / TCP 2001:dbd:0:1::252:39646 > 2001:dbd:0:1::129:5201 PA / Raw,,,
#169 :  6.90s,   90b, 881,         2001:dbd:0:1::129>2001:dbd:0:1::252         ,Ether / Dot1Q / IPv6 / TCP 2001:dbd:0:1::129:5201 > 2001:dbd:0:1::252:39646 A,,,
#170 :  6.90s, 2642b, 881,         2001:dbd:0:1::252>2001:dbd:0:1::129         ,Ether / Dot1Q / IPv6 / TCP 2001:dbd:0:1::252:39646 > 2001:dbd:0:1::129:5201 PA / Raw,,,
#171 :  6.91s,   90b, 881,         2001:dbd:0:1::129>2001:dbd:0:1::252         ,Ether / Dot1Q / IPv6 / TCP 2001:dbd:0:1::129:5201 > 2001:dbd:0:1::252:39646 A,,,
#172 :  6.99s,64350b, 881,         2001:dbd:0:1::252>2001:dbd:0:1::129         ,Ether / Dot1Q / IPv6 / TCP 2001:dbd:0:1::252:39646 > 2001:dbd:0:1::129:5201 PA / Raw,,,
#173 :  6.99s,   90b, 881,         2001:dbd:0:1::129>2001:dbd:0:1::252         ,Ether / Dot1Q / IPv6 / TCP 2001:dbd:0:1::129:5201 > 2001:dbd:0:1::252:39646 A,,,
#174 :  7.00s,64350b, 881,         2001:dbd:0:1::252>2001:dbd:0:1::129         ,Ether / Dot1Q / IPv6 / TCP 2001:dbd:0:1::252:39646 > 2001:dbd:0:1::129:5201 PA / Raw,,,
#175 :  7.00s,   90b, 881,         2001:dbd:0:1::129>2001:dbd:0:1::252         ,Ether / Dot1Q / IPv6 / TCP 2001:dbd:0:1::129:5201 > 2001:dbd:0:1::252:39646 A,,,
#176 :  7.01s, 2642b, 881,         2001:dbd:0:1::252>2001:dbd:0:1::129         ,Ether / Dot1Q / IPv6 / TCP 2001:dbd:0:1::252:39646 > 2001:dbd:0:1::129:5201 PA / Raw,,,
#177 :  7.01s,   90b, 881,         2001:dbd:0:1::129>2001:dbd:0:1::252         ,Ether / Dot1Q / IPv6 / TCP 2001:dbd:0:1::129:5201 > 2001:dbd:0:1::252:39646 A,,,
#178 :  7.10s,64350b, 881,         2001:dbd:0:1::252>2001:dbd:0:1::129         ,Ether / Dot1Q / IPv6 / TCP 2001:dbd:0:1::252:39646 > 2001:dbd:0:1::129:5201 PA / Raw,,,
#179 :  7.10s,   90b, 881,         2001:dbd:0:1::129>2001:dbd:0:1::252         ,Ether / Dot1Q / IPv6 / TCP 2001:dbd:0:1::129:5201 > 2001:dbd:0:1::252:39646 A,,,
#180 :  7.10s,64350b, 881,         2001:dbd:0:1::252>2001:dbd:0:1::129         ,Ether / Dot1Q / IPv6 / TCP 2001:dbd:0:1::252:39646 > 2001:dbd:0:1::129:5201 PA / Raw,,,
#181 :  7.11s,   90b, 881,         2001:dbd:0:1::129>2001:dbd:0:1::252         ,Ether / Dot1Q / IPv6 / TCP 2001:dbd:0:1::129:5201 > 2001:dbd:0:1::252:39646 A,,,
#182 :  7.11s, 2642b, 881,         2001:dbd:0:1::252>2001:dbd:0:1::129         ,Ether / Dot1Q / IPv6 / TCP 2001:dbd:0:1::252:39646 > 2001:dbd:0:1::129:5201 PA / Raw,,,
#183 :  7.12s,   90b, 881,         2001:dbd:0:1::129>2001:dbd:0:1::252         ,Ether / Dot1Q / IPv6 / TCP 2001:dbd:0:1::129:5201 > 2001:dbd:0:1::252:39646 A,,,
#184 :  7.20s,64350b, 881,         2001:dbd:0:1::252>2001:dbd:0:1::129         ,Ether / Dot1Q / IPv6 / TCP 2001:dbd:0:1::252:39646 > 2001:dbd:0:1::129:5201 PA / Raw,,,
#185 :  7.20s,   90b, 881,         2001:dbd:0:1::129>2001:dbd:0:1::252         ,Ether / Dot1Q / IPv6 / TCP 2001:dbd:0:1::129:5201 > 2001:dbd:0:1::252:39646 A,,,
#186 :  7.21s,64350b, 881,         2001:dbd:0:1::252>2001:dbd:0:1::129         ,Ether / Dot1Q / IPv6 / TCP 2001:dbd:0:1::252:39646 > 2001:dbd:0:1::129:5201 PA / Raw,,,
#187 :  7.22s,   90b, 881,         2001:dbd:0:1::129>2001:dbd:0:1::252         ,Ether / Dot1Q / IPv6 / TCP 2001:dbd:0:1::129:5201 > 2001:dbd:0:1::252:39646 A,,,
#188 :  7.22s, 2642b, 881,         2001:dbd:0:1::252>2001:dbd:0:1::129         ,Ether / Dot1Q / IPv6 / TCP 2001:dbd:0:1::252:39646 > 2001:dbd:0:1::129:5201 PA / Raw,,,
#189 :  7.22s,   90b, 881,         2001:dbd:0:1::129>2001:dbd:0:1::252         ,Ether / Dot1Q / IPv6 / TCP 2001:dbd:0:1::129:5201 > 2001:dbd:0:1::252:39646 A,,,
#190 :  7.31s,64350b, 881,         2001:dbd:0:1::252>2001:dbd:0:1::129         ,Ether / Dot1Q / IPv6 / TCP 2001:dbd:0:1::252:39646 > 2001:dbd:0:1::129:5201 PA / Raw,,,
#191 :  7.31s,   90b, 881,         2001:dbd:0:1::129>2001:dbd:0:1::252         ,Ether / Dot1Q / IPv6 / TCP 2001:dbd:0:1::129:5201 > 2001:dbd:0:1::252:39646 A,,,
#192 :  7.32s,64350b, 881,         2001:dbd:0:1::252>2001:dbd:0:1::129         ,Ether / Dot1Q / IPv6 / TCP 2001:dbd:0:1::252:39646 > 2001:dbd:0:1::129:5201 PA / Raw,,,
#193 :  7.32s,   90b, 881,         2001:dbd:0:1::129>2001:dbd:0:1::252         ,Ether / Dot1Q / IPv6 / TCP 2001:dbd:0:1::129:5201 > 2001:dbd:0:1::252:39646 A,,,
#194 :  7.33s, 2642b, 881,         2001:dbd:0:1::252>2001:dbd:0:1::129         ,Ether / Dot1Q / IPv6 / TCP 2001:dbd:0:1::252:39646 > 2001:dbd:0:1::129:5201 PA / Raw,,,
#195 :  7.33s,   90b, 881,         2001:dbd:0:1::129>2001:dbd:0:1::252         ,Ether / Dot1Q / IPv6 / TCP 2001:dbd:0:1::129:5201 > 2001:dbd:0:1::252:39646 A,,,
#196 :  7.41s,64350b, 881,         2001:dbd:0:1::252>2001:dbd:0:1::129         ,Ether / Dot1Q / IPv6 / TCP 2001:dbd:0:1::252:39646 > 2001:dbd:0:1::129:5201 PA / Raw,,,
#197 :  7.42s,   90b, 881,         2001:dbd:0:1::129>2001:dbd:0:1::252         ,Ether / Dot1Q / IPv6 / TCP 2001:dbd:0:1::129:5201 > 2001:dbd:0:1::252:39646 A,,,
#198 :  7.42s,64350b, 881,         2001:dbd:0:1::252>2001:dbd:0:1::129         ,Ether / Dot1Q / IPv6 / TCP 2001:dbd:0:1::252:39646 > 2001:dbd:0:1::129:5201 PA / Raw,,,
#199 :  7.43s,   90b, 881,         2001:dbd:0:1::129>2001:dbd:0:1::252         ,Ether / Dot1Q / IPv6 / TCP 2001:dbd:0:1::129:5201 > 2001:dbd:0:1::252:39646 A,,,
#200 :  7.43s, 2642b, 881,         2001:dbd:0:1::252>2001:dbd:0:1::129         ,Ether / Dot1Q / IPv6 / TCP 2001:dbd:0:1::252:39646 > 2001:dbd:0:1::129:5201 PA / Raw,,,
#201 :  7.44s,   90b, 881,         2001:dbd:0:1::129>2001:dbd:0:1::252         ,Ether / Dot1Q / IPv6 / TCP 2001:dbd:0:1::129:5201 > 2001:dbd:0:1::252:39646 A,,,
#202 :  7.51s,64350b, 881,         2001:dbd:0:1::252>2001:dbd:0:1::129         ,Ether / Dot1Q / IPv6 / TCP 2001:dbd:0:1::252:39646 > 2001:dbd:0:1::129:5201 PA / Raw,,,
#203 :  7.52s,   90b, 881,         2001:dbd:0:1::129>2001:dbd:0:1::252         ,Ether / Dot1Q / IPv6 / TCP 2001:dbd:0:1::129:5201 > 2001:dbd:0:1::252:39646 A,,,
#204 :  7.52s,64350b, 881,         2001:dbd:0:1::252>2001:dbd:0:1::129         ,Ether / Dot1Q / IPv6 / TCP 2001:dbd:0:1::252:39646 > 2001:dbd:0:1::129:5201 PA / Raw,,,
#205 :  7.53s,   90b, 881,         2001:dbd:0:1::129>2001:dbd:0:1::252         ,Ether / Dot1Q / IPv6 / TCP 2001:dbd:0:1::129:5201 > 2001:dbd:0:1::252:39646 A,,,
#206 :  7.53s, 2642b, 881,         2001:dbd:0:1::252>2001:dbd:0:1::129         ,Ether / Dot1Q / IPv6 / TCP 2001:dbd:0:1::252:39646 > 2001:dbd:0:1::129:5201 PA / Raw,,,
#207 :  7.54s,   90b, 881,         2001:dbd:0:1::129>2001:dbd:0:1::252         ,Ether / Dot1Q / IPv6 / TCP 2001:dbd:0:1::129:5201 > 2001:dbd:0:1::252:39646 A,,,
#208 :  7.58s,   91b, 881,         2001:dbd:0:1::252>2001:dbd:0:1::129         ,Ether / Dot1Q / IPv6 / TCP 2001:dbd:0:1::252:39640 > 2001:dbd:0:1::129:5201 PA / Raw,,,
#209 :  7.58s,   90b, 881,         2001:dbd:0:1::129>2001:dbd:0:1::252         ,Ether / Dot1Q / IPv6 / TCP 2001:dbd:0:1::129:5201 > 2001:dbd:0:1::252:39646 FA,,,
#210 :  7.58s,   91b, 881,         2001:dbd:0:1::129>2001:dbd:0:1::252         ,Ether / Dot1Q / IPv6 / TCP 2001:dbd:0:1::129:5201 > 2001:dbd:0:1::252:39640 PA / Raw,,,
#211 :  7.59s,   90b, 881,         2001:dbd:0:1::252>2001:dbd:0:1::129         ,Ether / Dot1Q / IPv6 / TCP 2001:dbd:0:1::252:39640 > 2001:dbd:0:1::129:5201 A,,,
#212 :  7.59s,   94b, 881,         2001:dbd:0:1::252>2001:dbd:0:1::129         ,Ether / Dot1Q / IPv6 / TCP 2001:dbd:0:1::252:39640 > 2001:dbd:0:1::129:5201 PA / Raw,,,
#213 :  7.60s,  409b, 881,         2001:dbd:0:1::252>2001:dbd:0:1::129         ,Ether / Dot1Q / IPv6 / TCP 2001:dbd:0:1::252:39640 > 2001:dbd:0:1::129:5201 PA / Raw,,,
#214 :  7.60s,   90b, 881,         2001:dbd:0:1::129>2001:dbd:0:1::252         ,Ether / Dot1Q / IPv6 / TCP 2001:dbd:0:1::129:5201 > 2001:dbd:0:1::252:39640 A,,,
#215 :  7.60s,   94b, 881,         2001:dbd:0:1::129>2001:dbd:0:1::252         ,Ether / Dot1Q / IPv6 / TCP 2001:dbd:0:1::129:5201 > 2001:dbd:0:1::252:39640 PA / Raw,,,
#216 :  7.61s,   90b, 881,         2001:dbd:0:1::252>2001:dbd:0:1::129         ,Ether / Dot1Q / IPv6 / TCP 2001:dbd:0:1::252:39646 > 2001:dbd:0:1::129:5201 A,,,
#217 :  7.62s,   90b, 881,         2001:dbd:0:1::252>2001:dbd:0:1::129         ,Ether / Dot1Q / IPv6 / TCP 2001:dbd:0:1::252:39640 > 2001:dbd:0:1::129:5201 A,,,
#218 :  7.62s,  362b, 881,         2001:dbd:0:1::129>2001:dbd:0:1::252         ,Ether / Dot1Q / IPv6 / TCP 2001:dbd:0:1::129:5201 > 2001:dbd:0:1::252:39640 PA / Raw,,,
#219 :  7.63s,   90b, 881,         2001:dbd:0:1::252>2001:dbd:0:1::129         ,Ether / Dot1Q / IPv6 / TCP 2001:dbd:0:1::252:39640 > 2001:dbd:0:1::129:5201 A,,,
#220 :  7.63s,   90b, 881,         2001:dbd:0:1::252>2001:dbd:0:1::129         ,Ether / Dot1Q / IPv6 / TCP 2001:dbd:0:1::252:39646 > 2001:dbd:0:1::129:5201 FA,,,
#221 :  7.63s,   90b, 881,         2001:dbd:0:1::129>2001:dbd:0:1::252         ,Ether / Dot1Q / IPv6 / TCP 2001:dbd:0:1::129:5201 > 2001:dbd:0:1::252:39646 A,,,
#222 :  7.64s,   91b, 881,         2001:dbd:0:1::252>2001:dbd:0:1::129         ,Ether / Dot1Q / IPv6 / TCP 2001:dbd:0:1::252:39640 > 2001:dbd:0:1::129:5201 PA / Raw,,,
#223 :  7.64s,   90b, 881,         2001:dbd:0:1::129>2001:dbd:0:1::252         ,Ether / Dot1Q / IPv6 / TCP 2001:dbd:0:1::129:5201 > 2001:dbd:0:1::252:39640 FA,,,
#224 :  7.65s,   90b, 881,         2001:dbd:0:1::252>2001:dbd:0:1::129         ,Ether / Dot1Q / IPv6 / TCP 2001:dbd:0:1::252:39640 > 2001:dbd:0:1::129:5201 FA,,,
#225 :  7.65s,   90b, 881,         2001:dbd:0:1::129>2001:dbd:0:1::252         ,Ether / Dot1Q / IPv6 / TCP 2001:dbd:0:1::129:5201 > 2001:dbd:0:1::252:39640 A,,,
#226 : 10.32s,  114b, 881,         2001:dbd:0:1::252>2001:dbd:0:1::129         ,Ether / Dot1Q / IPv6 / UDP / NTP v??, ??,,,
#227 : 10.33s,  114b, 881,         2001:dbd:0:1::129>2001:dbd:0:1::252         ,Ether / Dot1Q / IPv6 / UDP / NTP v??, ??,,,
#228 : 12.32s,  114b, 881,         2001:dbd:0:1::252>2001:dbd:0:1::129         ,Ether / Dot1Q / IPv6 / UDP / NTP v??, ??,,,
#229 : 12.33s,  114b, 881,         2001:dbd:0:1::129>2001:dbd:0:1::252         ,Ether / Dot1Q / IPv6 / UDP / NTP v??, ??,,,
#230 : 14.03s,   98b, 881,         2001:dbd:0:1::129>2001:dbd:0:1::252         ,Ether / Dot1Q / IPv6 / TCP 2001:dbd:0:1::129:39458 > 2001:dbd:0:1::252:5201 S,,,
#231 : 14.03s,   98b, 881,         2001:dbd:0:1::252>2001:dbd:0:1::129         ,Ether / Dot1Q / IPv6 / TCP 2001:dbd:0:1::252:5201 > 2001:dbd:0:1::129:39458 SA,,,
#232 : 14.03s,   90b, 881,         2001:dbd:0:1::129>2001:dbd:0:1::252         ,Ether / Dot1Q / IPv6 / TCP 2001:dbd:0:1::129:39458 > 2001:dbd:0:1::252:5201 A,,,
#233 : 14.04s,  127b, 881,         2001:dbd:0:1::129>2001:dbd:0:1::252         ,Ether / Dot1Q / IPv6 / TCP 2001:dbd:0:1::129:39458 > 2001:dbd:0:1::252:5201 PA / Raw,,,
#234 : 14.04s,   90b, 881,         2001:dbd:0:1::252>2001:dbd:0:1::129         ,Ether / Dot1Q / IPv6 / TCP 2001:dbd:0:1::252:5201 > 2001:dbd:0:1::129:39458 A,,,
#235 : 14.04s,   91b, 881,         2001:dbd:0:1::252>2001:dbd:0:1::129         ,Ether / Dot1Q / IPv6 / TCP 2001:dbd:0:1::252:5201 > 2001:dbd:0:1::129:39458 PA / Raw,,,
#236 : 14.05s,   90b, 881,         2001:dbd:0:1::129>2001:dbd:0:1::252         ,Ether / Dot1Q / IPv6 / TCP 2001:dbd:0:1::129:39458 > 2001:dbd:0:1::252:5201 A,,,
#237 : 14.05s,   94b, 881,         2001:dbd:0:1::129>2001:dbd:0:1::252         ,Ether / Dot1Q / IPv6 / TCP 2001:dbd:0:1::129:39458 > 2001:dbd:0:1::252:5201 PA / Raw,,,
#238 : 14.07s,   90b, 881,         2001:dbd:0:1::252>2001:dbd:0:1::129         ,Ether / Dot1Q / IPv6 / TCP 2001:dbd:0:1::252:5201 > 2001:dbd:0:1::129:39458 A,,,
#239 : 14.07s,  210b, 881,         2001:dbd:0:1::129>2001:dbd:0:1::252         ,Ether / Dot1Q / IPv6 / TCP 2001:dbd:0:1::129:39458 > 2001:dbd:0:1::252:5201 PA / Raw,,,
#240 : 14.08s,   90b, 881,         2001:dbd:0:1::252>2001:dbd:0:1::129         ,Ether / Dot1Q / IPv6 / TCP 2001:dbd:0:1::252:5201 > 2001:dbd:0:1::129:39458 A,,,
#241 : 14.08s,   91b, 881,         2001:dbd:0:1::252>2001:dbd:0:1::129         ,Ether / Dot1Q / IPv6 / TCP 2001:dbd:0:1::252:5201 > 2001:dbd:0:1::129:39458 PA / Raw,,,
#242 : 14.08s,   98b, 881,         2001:dbd:0:1::129>2001:dbd:0:1::252         ,Ether / Dot1Q / IPv6 / TCP 2001:dbd:0:1::129:39470 > 2001:dbd:0:1::252:5201 S,,,
#243 : 14.09s,   98b, 881,         2001:dbd:0:1::252>2001:dbd:0:1::129         ,Ether / Dot1Q / IPv6 / TCP 2001:dbd:0:1::252:5201 > 2001:dbd:0:1::129:39470 SA,,,
#244 : 14.09s,   90b, 881,         2001:dbd:0:1::129>2001:dbd:0:1::252         ,Ether / Dot1Q / IPv6 / TCP 2001:dbd:0:1::129:39470 > 2001:dbd:0:1::252:5201 A,,,
#245 : 14.09s,  127b, 881,         2001:dbd:0:1::129>2001:dbd:0:1::252         ,Ether / Dot1Q / IPv6 / TCP 2001:dbd:0:1::129:39470 > 2001:dbd:0:1::252:5201 PA / Raw,,,
#246 : 14.10s,   90b, 881,         2001:dbd:0:1::252>2001:dbd:0:1::129         ,Ether / Dot1Q / IPv6 / TCP 2001:dbd:0:1::252:5201 > 2001:dbd:0:1::129:39470 A,,,
#247 : 14.10s,   91b, 881,         2001:dbd:0:1::252>2001:dbd:0:1::129         ,Ether / Dot1Q / IPv6 / TCP 2001:dbd:0:1::252:5201 > 2001:dbd:0:1::129:39458 PA / Raw,,,
#248 : 14.10s,   91b, 881,         2001:dbd:0:1::252>2001:dbd:0:1::129         ,Ether / Dot1Q / IPv6 / TCP 2001:dbd:0:1::252:5201 > 2001:dbd:0:1::129:39458 PA / Raw,,,
#249 : 14.11s,   90b, 881,         2001:dbd:0:1::129>2001:dbd:0:1::252         ,Ether / Dot1Q / IPv6 / TCP 2001:dbd:0:1::129:39458 > 2001:dbd:0:1::252:5201 A,,,
#250 : 14.11s, 7230b, 881,         2001:dbd:0:1::129>2001:dbd:0:1::252         ,Ether / Dot1Q / IPv6 / TCP 2001:dbd:0:1::129:39470 > 2001:dbd:0:1::252:5201 PA / Raw,,,
#251 : 14.12s,   90b, 881,         2001:dbd:0:1::252>2001:dbd:0:1::129         ,Ether / Dot1Q / IPv6 / TCP 2001:dbd:0:1::252:5201 > 2001:dbd:0:1::129:39470 A,,,
#252 : 14.12s, 7230b, 881,         2001:dbd:0:1::129>2001:dbd:0:1::252         ,Ether / Dot1Q / IPv6 / TCP 2001:dbd:0:1::129:39470 > 2001:dbd:0:1::252:5201 PA / Raw,,,
#253 : 14.12s,   90b, 881,         2001:dbd:0:1::252>2001:dbd:0:1::129         ,Ether / Dot1Q / IPv6 / TCP 2001:dbd:0:1::252:5201 > 2001:dbd:0:1::129:39470 A,,,
#254 : 14.13s,10086b, 881,         2001:dbd:0:1::129>2001:dbd:0:1::252         ,Ether / Dot1Q / IPv6 / TCP 2001:dbd:0:1::129:39470 > 2001:dbd:0:1::252:5201 PA / Raw,,,
#255 : 14.13s,   90b, 881,         2001:dbd:0:1::252>2001:dbd:0:1::129         ,Ether / Dot1Q / IPv6 / TCP 2001:dbd:0:1::252:5201 > 2001:dbd:0:1::129:39470 A,,,
#256 : 14.13s,14370b, 881,         2001:dbd:0:1::129>2001:dbd:0:1::252         ,Ether / Dot1Q / IPv6 / TCP 2001:dbd:0:1::129:39470 > 2001:dbd:0:1::252:5201 PA / Raw,,,
#257 : 14.14s,   90b, 881,         2001:dbd:0:1::252>2001:dbd:0:1::129         ,Ether / Dot1Q / IPv6 / TCP 2001:dbd:0:1::252:5201 > 2001:dbd:0:1::129:39470 A,,,
#258 : 14.14s, 4374b, 881,         2001:dbd:0:1::129>2001:dbd:0:1::252         ,Ether / Dot1Q / IPv6 / TCP 2001:dbd:0:1::129:39470 > 2001:dbd:0:1::252:5201 PA / Raw,,,
#259 : 14.15s,   90b, 881,         2001:dbd:0:1::252>2001:dbd:0:1::129         ,Ether / Dot1Q / IPv6 / TCP 2001:dbd:0:1::252:5201 > 2001:dbd:0:1::129:39470 A,,,
#260 : 14.15s, 2946b, 881,         2001:dbd:0:1::129>2001:dbd:0:1::252         ,Ether / Dot1Q / IPv6 / TCP 2001:dbd:0:1::129:39470 > 2001:dbd:0:1::252:5201 PA / Raw,,,
#261 : 14.15s,   90b, 881,         2001:dbd:0:1::252>2001:dbd:0:1::129         ,Ether / Dot1Q / IPv6 / TCP 2001:dbd:0:1::252:5201 > 2001:dbd:0:1::129:39470 A,,,
#262 : 14.16s,17226b, 881,         2001:dbd:0:1::129>2001:dbd:0:1::252         ,Ether / Dot1Q / IPv6 / TCP 2001:dbd:0:1::129:39470 > 2001:dbd:0:1::252:5201 PA / Raw,,,
#263 : 14.16s,   90b, 881,         2001:dbd:0:1::252>2001:dbd:0:1::129         ,Ether / Dot1Q / IPv6 / TCP 2001:dbd:0:1::252:5201 > 2001:dbd:0:1::129:39470 A,,,
#264 : 14.17s,14370b, 881,         2001:dbd:0:1::129>2001:dbd:0:1::252         ,Ether / Dot1Q / IPv6 / TCP 2001:dbd:0:1::129:39470 > 2001:dbd:0:1::252:5201 PA / Raw,,,
#265 : 14.17s,   90b, 881,         2001:dbd:0:1::252>2001:dbd:0:1::129         ,Ether / Dot1Q / IPv6 / TCP 2001:dbd:0:1::252:5201 > 2001:dbd:0:1::129:39470 A,,,
#266 : 14.17s,22938b, 881,         2001:dbd:0:1::129>2001:dbd:0:1::252         ,Ether / Dot1Q / IPv6 / TCP 2001:dbd:0:1::129:39470 > 2001:dbd:0:1::252:5201 PA / Raw,,,
#267 : 14.18s,   90b, 881,         2001:dbd:0:1::252>2001:dbd:0:1::129         ,Ether / Dot1Q / IPv6 / TCP 2001:dbd:0:1::252:5201 > 2001:dbd:0:1::129:39470 A,,,
#268 : 14.18s, 8658b, 881,         2001:dbd:0:1::129>2001:dbd:0:1::252         ,Ether / Dot1Q / IPv6 / TCP 2001:dbd:0:1::129:39470 > 2001:dbd:0:1::252:5201 PA / Raw,,,
#269 : 14.19s,   90b, 881,         2001:dbd:0:1::252>2001:dbd:0:1::129         ,Ether / Dot1Q / IPv6 / TCP 2001:dbd:0:1::252:5201 > 2001:dbd:0:1::129:39470 A,,,
#270 : 14.19s,22634b, 881,         2001:dbd:0:1::129>2001:dbd:0:1::252         ,Ether / Dot1Q / IPv6 / TCP 2001:dbd:0:1::129:39470 > 2001:dbd:0:1::252:5201 PA / Raw,,,
#271 : 14.19s,31506b, 881,         2001:dbd:0:1::129>2001:dbd:0:1::252         ,Ether / Dot1Q / IPv6 / TCP 2001:dbd:0:1::129:39470 > 2001:dbd:0:1::252:5201 PA / Raw,,,
#272 : 14.20s,   90b, 881,         2001:dbd:0:1::252>2001:dbd:0:1::129         ,Ether / Dot1Q / IPv6 / TCP 2001:dbd:0:1::252:5201 > 2001:dbd:0:1::129:39470 A,,,
#273 : 14.20s,22562b, 881,         2001:dbd:0:1::129>2001:dbd:0:1::252         ,Ether / Dot1Q / IPv6 / TCP 2001:dbd:0:1::129:39470 > 2001:dbd:0:1::252:5201 PA / Raw,,,
#274 : 14.21s,   90b, 881,         2001:dbd:0:1::252>2001:dbd:0:1::129         ,Ether / Dot1Q / IPv6 / TCP 2001:dbd:0:1::252:5201 > 2001:dbd:0:1::129:39470 A,,,
#275 : 14.21s,25794b, 881,         2001:dbd:0:1::129>2001:dbd:0:1::252         ,Ether / Dot1Q / IPv6 / TCP 2001:dbd:0:1::129:39470 > 2001:dbd:0:1::252:5201 PA / Raw,,,
#276 : 14.21s,   90b, 881,         2001:dbd:0:1::252>2001:dbd:0:1::129         ,Ether / Dot1Q / IPv6 / TCP 2001:dbd:0:1::252:5201 > 2001:dbd:0:1::129:39470 A,,,
#277 : 14.22s, 5802b, 881,         2001:dbd:0:1::129>2001:dbd:0:1::252         ,Ether / Dot1Q / IPv6 / TCP 2001:dbd:0:1::129:39470 > 2001:dbd:0:1::252:5201 PA / Raw,,,
#278 : 14.22s,   90b, 881,         2001:dbd:0:1::252>2001:dbd:0:1::129         ,Ether / Dot1Q / IPv6 / TCP 2001:dbd:0:1::252:5201 > 2001:dbd:0:1::129:39470 A,,,
#279 : 14.23s,31506b, 881,         2001:dbd:0:1::129>2001:dbd:0:1::252         ,Ether / Dot1Q / IPv6 / TCP 2001:dbd:0:1::129:39470 > 2001:dbd:0:1::252:5201 PA / Raw,,,
#280 : 14.28s,64350b, 881,         2001:dbd:0:1::129>2001:dbd:0:1::252         ,Ether / Dot1Q / IPv6 / TCP 2001:dbd:0:1::129:39470 > 2001:dbd:0:1::252:5201 PA / Raw,,,
#281 : 14.29s,   90b, 881,         2001:dbd:0:1::252>2001:dbd:0:1::129         ,Ether / Dot1Q / IPv6 / TCP 2001:dbd:0:1::252:5201 > 2001:dbd:0:1::129:39470 A,,,
#282 : 14.29s,64350b, 881,         2001:dbd:0:1::129>2001:dbd:0:1::252         ,Ether / Dot1Q / IPv6 / TCP 2001:dbd:0:1::129:39470 > 2001:dbd:0:1::252:5201 PA / Raw,,,
#283 : 14.29s, 2642b, 881,         2001:dbd:0:1::129>2001:dbd:0:1::252         ,Ether / Dot1Q / IPv6 / TCP 2001:dbd:0:1::129:39470 > 2001:dbd:0:1::252:5201 PA / Raw,,,
#284 : 14.30s,   90b, 881,         2001:dbd:0:1::252>2001:dbd:0:1::129         ,Ether / Dot1Q / IPv6 / TCP 2001:dbd:0:1::252:5201 > 2001:dbd:0:1::129:39470 A,,,
#285 : 14.30s,   90b, 881,         2001:dbd:0:1::252>2001:dbd:0:1::129         ,Ether / Dot1Q / IPv6 / TCP 2001:dbd:0:1::252:5201 > 2001:dbd:0:1::129:39470 A,,,
#286 : 14.32s,  114b, 881,         2001:dbd:0:1::252>2001:dbd:0:1::129         ,Ether / Dot1Q / IPv6 / UDP / NTP v??, ??,,,
#287 : 14.33s,  114b, 881,         2001:dbd:0:1::129>2001:dbd:0:1::252         ,Ether / Dot1Q / IPv6 / UDP / NTP v??, ??,,,
#288 : 14.39s,64350b, 881,         2001:dbd:0:1::129>2001:dbd:0:1::252         ,Ether / Dot1Q / IPv6 / TCP 2001:dbd:0:1::129:39470 > 2001:dbd:0:1::252:5201 PA / Raw,,,
#289 : 14.39s,   90b, 881,         2001:dbd:0:1::252>2001:dbd:0:1::129         ,Ether / Dot1Q / IPv6 / TCP 2001:dbd:0:1::252:5201 > 2001:dbd:0:1::129:39470 A,,,
#290 : 14.40s,64350b, 881,         2001:dbd:0:1::129>2001:dbd:0:1::252         ,Ether / Dot1Q / IPv6 / TCP 2001:dbd:0:1::129:39470 > 2001:dbd:0:1::252:5201 PA / Raw,,,
#291 : 14.40s,   90b, 881,         2001:dbd:0:1::252>2001:dbd:0:1::129         ,Ether / Dot1Q / IPv6 / TCP 2001:dbd:0:1::252:5201 > 2001:dbd:0:1::129:39470 A,,,
#292 : 14.40s, 2642b, 881,         2001:dbd:0:1::129>2001:dbd:0:1::252         ,Ether / Dot1Q / IPv6 / TCP 2001:dbd:0:1::129:39470 > 2001:dbd:0:1::252:5201 PA / Raw,,,
#293 : 14.41s,   90b, 881,         2001:dbd:0:1::252>2001:dbd:0:1::129         ,Ether / Dot1Q / IPv6 / TCP 2001:dbd:0:1::252:5201 > 2001:dbd:0:1::129:39470 A,,,
#294 : 14.49s,64350b, 881,         2001:dbd:0:1::129>2001:dbd:0:1::252         ,Ether / Dot1Q / IPv6 / TCP 2001:dbd:0:1::129:39470 > 2001:dbd:0:1::252:5201 PA / Raw,,,
#295 : 14.50s,   90b, 881,         2001:dbd:0:1::252>2001:dbd:0:1::129         ,Ether / Dot1Q / IPv6 / TCP 2001:dbd:0:1::252:5201 > 2001:dbd:0:1::129:39470 A,,,
#296 : 14.50s,64350b, 881,         2001:dbd:0:1::129>2001:dbd:0:1::252         ,Ether / Dot1Q / IPv6 / TCP 2001:dbd:0:1::129:39470 > 2001:dbd:0:1::252:5201 PA / Raw,,,
#297 : 14.51s, 2642b, 881,         2001:dbd:0:1::129>2001:dbd:0:1::252         ,Ether / Dot1Q / IPv6 / TCP 2001:dbd:0:1::129:39470 > 2001:dbd:0:1::252:5201 PA / Raw,,,
#298 : 14.51s,   90b, 881,         2001:dbd:0:1::252>2001:dbd:0:1::129         ,Ether / Dot1Q / IPv6 / TCP 2001:dbd:0:1::252:5201 > 2001:dbd:0:1::129:39470 A,,,
#299 : 14.51s,   90b, 881,         2001:dbd:0:1::252>2001:dbd:0:1::129         ,Ether / Dot1Q / IPv6 / TCP 2001:dbd:0:1::252:5201 > 2001:dbd:0:1::129:39470 A,,,
#300 : 14.60s,64350b, 881,         2001:dbd:0:1::129>2001:dbd:0:1::252         ,Ether / Dot1Q / IPv6 / TCP 2001:dbd:0:1::129:39470 > 2001:dbd:0:1::252:5201 PA / Raw,,,
#301 : 14.60s,   90b, 881,         2001:dbd:0:1::252>2001:dbd:0:1::129         ,Ether / Dot1Q / IPv6 / TCP 2001:dbd:0:1::252:5201 > 2001:dbd:0:1::129:39470 A,,,
#302 : 14.61s,64350b, 881,         2001:dbd:0:1::129>2001:dbd:0:1::252         ,Ether / Dot1Q / IPv6 / TCP 2001:dbd:0:1::129:39470 > 2001:dbd:0:1::252:5201 PA / Raw,,,
#303 : 14.61s,   90b, 881,         2001:dbd:0:1::252>2001:dbd:0:1::129         ,Ether / Dot1Q / IPv6 / TCP 2001:dbd:0:1::252:5201 > 2001:dbd:0:1::129:39470 A,,,
#304 : 14.62s, 2642b, 881,         2001:dbd:0:1::129>2001:dbd:0:1::252         ,Ether / Dot1Q / IPv6 / TCP 2001:dbd:0:1::129:39470 > 2001:dbd:0:1::252:5201 PA / Raw,,,
#305 : 14.62s,   90b, 881,         2001:dbd:0:1::252>2001:dbd:0:1::129         ,Ether / Dot1Q / IPv6 / TCP 2001:dbd:0:1::252:5201 > 2001:dbd:0:1::129:39470 A,,,
#306 : 14.70s,64350b, 881,         2001:dbd:0:1::129>2001:dbd:0:1::252         ,Ether / Dot1Q / IPv6 / TCP 2001:dbd:0:1::129:39470 > 2001:dbd:0:1::252:5201 PA / Raw,,,
#307 : 14.71s,   90b, 881,         2001:dbd:0:1::252>2001:dbd:0:1::129         ,Ether / Dot1Q / IPv6 / TCP 2001:dbd:0:1::252:5201 > 2001:dbd:0:1::129:39470 A,,,
#308 : 14.71s,64350b, 881,         2001:dbd:0:1::129>2001:dbd:0:1::252         ,Ether / Dot1Q / IPv6 / TCP 2001:dbd:0:1::129:39470 > 2001:dbd:0:1::252:5201 PA / Raw,,,
#309 : 14.72s,   90b, 881,         2001:dbd:0:1::252>2001:dbd:0:1::129         ,Ether / Dot1Q / IPv6 / TCP 2001:dbd:0:1::252:5201 > 2001:dbd:0:1::129:39470 A,,,
#310 : 14.72s, 2642b, 881,         2001:dbd:0:1::129>2001:dbd:0:1::252         ,Ether / Dot1Q / IPv6 / TCP 2001:dbd:0:1::129:39470 > 2001:dbd:0:1::252:5201 PA / Raw,,,
#311 : 14.72s,   90b, 881,         2001:dbd:0:1::252>2001:dbd:0:1::129         ,Ether / Dot1Q / IPv6 / TCP 2001:dbd:0:1::252:5201 > 2001:dbd:0:1::129:39470 A,,,
#312 : 14.81s,64350b, 881,         2001:dbd:0:1::129>2001:dbd:0:1::252         ,Ether / Dot1Q / IPv6 / TCP 2001:dbd:0:1::129:39470 > 2001:dbd:0:1::252:5201 PA / Raw,,,
#313 : 14.81s,   90b, 881,         2001:dbd:0:1::252>2001:dbd:0:1::129         ,Ether / Dot1Q / IPv6 / TCP 2001:dbd:0:1::252:5201 > 2001:dbd:0:1::129:39470 A,,,
#314 : 14.82s,64350b, 881,         2001:dbd:0:1::129>2001:dbd:0:1::252         ,Ether / Dot1Q / IPv6 / TCP 2001:dbd:0:1::129:39470 > 2001:dbd:0:1::252:5201 PA / Raw,,,
#315 : 14.82s,   90b, 881,         2001:dbd:0:1::252>2001:dbd:0:1::129         ,Ether / Dot1Q / IPv6 / TCP 2001:dbd:0:1::252:5201 > 2001:dbd:0:1::129:39470 A,,,
#316 : 14.82s, 2642b, 881,         2001:dbd:0:1::129>2001:dbd:0:1::252         ,Ether / Dot1Q / IPv6 / TCP 2001:dbd:0:1::129:39470 > 2001:dbd:0:1::252:5201 PA / Raw,,,
#317 : 14.83s,   90b, 881,         2001:dbd:0:1::252>2001:dbd:0:1::129         ,Ether / Dot1Q / IPv6 / TCP 2001:dbd:0:1::252:5201 > 2001:dbd:0:1::129:39470 A,,,
#318 : 14.91s,64350b, 881,         2001:dbd:0:1::129>2001:dbd:0:1::252         ,Ether / Dot1Q / IPv6 / TCP 2001:dbd:0:1::129:39470 > 2001:dbd:0:1::252:5201 PA / Raw,,,
#319 : 14.92s,   90b, 881,         2001:dbd:0:1::252>2001:dbd:0:1::129         ,Ether / Dot1Q / IPv6 / TCP 2001:dbd:0:1::252:5201 > 2001:dbd:0:1::129:39470 A,,,
#320 : 14.92s,64350b, 881,         2001:dbd:0:1::129>2001:dbd:0:1::252         ,Ether / Dot1Q / IPv6 / TCP 2001:dbd:0:1::129:39470 > 2001:dbd:0:1::252:5201 PA / Raw,,,
#321 : 14.93s,   90b, 881,         2001:dbd:0:1::252>2001:dbd:0:1::129         ,Ether / Dot1Q / IPv6 / TCP 2001:dbd:0:1::252:5201 > 2001:dbd:0:1::129:39470 A,,,
#322 : 14.93s, 2642b, 881,         2001:dbd:0:1::129>2001:dbd:0:1::252         ,Ether / Dot1Q / IPv6 / TCP 2001:dbd:0:1::129:39470 > 2001:dbd:0:1::252:5201 PA / Raw,,,
#323 : 14.93s,   90b, 881,         2001:dbd:0:1::252>2001:dbd:0:1::129         ,Ether / Dot1Q / IPv6 / TCP 2001:dbd:0:1::252:5201 > 2001:dbd:0:1::129:39470 A,,,
#324 : 15.02s,64350b, 881,         2001:dbd:0:1::129>2001:dbd:0:1::252         ,Ether / Dot1Q / IPv6 / TCP 2001:dbd:0:1::129:39470 > 2001:dbd:0:1::252:5201 PA / Raw,,,
#325 : 15.02s,   90b, 881,         2001:dbd:0:1::252>2001:dbd:0:1::129         ,Ether / Dot1Q / IPv6 / TCP 2001:dbd:0:1::252:5201 > 2001:dbd:0:1::129:39470 A,,,
#326 : 15.03s,64350b, 881,         2001:dbd:0:1::129>2001:dbd:0:1::252         ,Ether / Dot1Q / IPv6 / TCP 2001:dbd:0:1::129:39470 > 2001:dbd:0:1::252:5201 PA / Raw,,,
#327 : 15.03s,   90b, 881,         2001:dbd:0:1::252>2001:dbd:0:1::129         ,Ether / Dot1Q / IPv6 / TCP 2001:dbd:0:1::252:5201 > 2001:dbd:0:1::129:39470 A,,,
#328 : 15.04s, 2642b, 881,         2001:dbd:0:1::129>2001:dbd:0:1::252         ,Ether / Dot1Q / IPv6 / TCP 2001:dbd:0:1::129:39470 > 2001:dbd:0:1::252:5201 PA / Raw,,,
#329 : 15.12s,64350b, 881,         2001:dbd:0:1::129>2001:dbd:0:1::252         ,Ether / Dot1Q / IPv6 / TCP 2001:dbd:0:1::129:39470 > 2001:dbd:0:1::252:5201 PA / Raw,,,
#330 : 15.13s,   90b, 881,         2001:dbd:0:1::252>2001:dbd:0:1::129         ,Ether / Dot1Q / IPv6 / TCP 2001:dbd:0:1::252:5201 > 2001:dbd:0:1::129:39470 A,,,
#331 : 15.13s,64350b, 881,         2001:dbd:0:1::129>2001:dbd:0:1::252         ,Ether / Dot1Q / IPv6 / TCP 2001:dbd:0:1::129:39470 > 2001:dbd:0:1::252:5201 PA / Raw,,,
#332 : 15.13s,   90b, 881,         2001:dbd:0:1::252>2001:dbd:0:1::129         ,Ether / Dot1Q / IPv6 / TCP 2001:dbd:0:1::252:5201 > 2001:dbd:0:1::129:39470 A,,,
#333 : 15.14s, 2642b, 881,         2001:dbd:0:1::129>2001:dbd:0:1::252         ,Ether / Dot1Q / IPv6 / TCP 2001:dbd:0:1::129:39470 > 2001:dbd:0:1::252:5201 PA / Raw,,,
#334 : 15.14s,   90b, 881,         2001:dbd:0:1::252>2001:dbd:0:1::129         ,Ether / Dot1Q / IPv6 / TCP 2001:dbd:0:1::252:5201 > 2001:dbd:0:1::129:39470 A,,,
#335 : 15.23s,64350b, 881,         2001:dbd:0:1::129>2001:dbd:0:1::252         ,Ether / Dot1Q / IPv6 / TCP 2001:dbd:0:1::129:39470 > 2001:dbd:0:1::252:5201 PA / Raw,,,
#336 : 15.23s,   90b, 881,         2001:dbd:0:1::252>2001:dbd:0:1::129         ,Ether / Dot1Q / IPv6 / TCP 2001:dbd:0:1::252:5201 > 2001:dbd:0:1::129:39470 A,,,
#337 : 15.24s,64350b, 881,         2001:dbd:0:1::129>2001:dbd:0:1::252         ,Ether / Dot1Q / IPv6 / TCP 2001:dbd:0:1::129:39470 > 2001:dbd:0:1::252:5201 PA / Raw,,,
#338 : 15.24s,   90b, 881,         2001:dbd:0:1::252>2001:dbd:0:1::129         ,Ether / Dot1Q / IPv6 / TCP 2001:dbd:0:1::252:5201 > 2001:dbd:0:1::129:39470 A,,,
#339 : 15.24s, 2642b, 881,         2001:dbd:0:1::129>2001:dbd:0:1::252         ,Ether / Dot1Q / IPv6 / TCP 2001:dbd:0:1::129:39470 > 2001:dbd:0:1::252:5201 PA / Raw,,,
#340 : 15.25s,   90b, 881,         2001:dbd:0:1::252>2001:dbd:0:1::129         ,Ether / Dot1Q / IPv6 / TCP 2001:dbd:0:1::252:5201 > 2001:dbd:0:1::129:39470 A,,,
#341 : 15.33s,64350b, 881,         2001:dbd:0:1::129>2001:dbd:0:1::252         ,Ether / Dot1Q / IPv6 / TCP 2001:dbd:0:1::129:39470 > 2001:dbd:0:1::252:5201 PA / Raw,,,
#342 : 15.34s,   90b, 881,         2001:dbd:0:1::252>2001:dbd:0:1::129         ,Ether / Dot1Q / IPv6 / TCP 2001:dbd:0:1::252:5201 > 2001:dbd:0:1::129:39470 A,,,
#343 : 15.34s,64350b, 881,         2001:dbd:0:1::129>2001:dbd:0:1::252         ,Ether / Dot1Q / IPv6 / TCP 2001:dbd:0:1::129:39470 > 2001:dbd:0:1::252:5201 PA / Raw,,,
#344 : 15.34s,   90b, 881,         2001:dbd:0:1::252>2001:dbd:0:1::129         ,Ether / Dot1Q / IPv6 / TCP 2001:dbd:0:1::252:5201 > 2001:dbd:0:1::129:39470 A,,,
#345 : 15.35s, 2642b, 881,         2001:dbd:0:1::129>2001:dbd:0:1::252         ,Ether / Dot1Q / IPv6 / TCP 2001:dbd:0:1::129:39470 > 2001:dbd:0:1::252:5201 PA / Raw,,,
#346 : 15.35s,   90b, 881,         2001:dbd:0:1::252>2001:dbd:0:1::129         ,Ether / Dot1Q / IPv6 / TCP 2001:dbd:0:1::252:5201 > 2001:dbd:0:1::129:39470 A,,,
#347 : 15.44s,64350b, 881,         2001:dbd:0:1::129>2001:dbd:0:1::252         ,Ether / Dot1Q / IPv6 / TCP 2001:dbd:0:1::129:39470 > 2001:dbd:0:1::252:5201 PA / Raw,,,
#348 : 15.44s,   90b, 881,         2001:dbd:0:1::252>2001:dbd:0:1::129         ,Ether / Dot1Q / IPv6 / TCP 2001:dbd:0:1::252:5201 > 2001:dbd:0:1::129:39470 A,,,
#349 : 15.45s,64350b, 881,         2001:dbd:0:1::129>2001:dbd:0:1::252         ,Ether / Dot1Q / IPv6 / TCP 2001:dbd:0:1::129:39470 > 2001:dbd:0:1::252:5201 PA / Raw,,,
#350 : 15.45s,   90b, 881,         2001:dbd:0:1::252>2001:dbd:0:1::129         ,Ether / Dot1Q / IPv6 / TCP 2001:dbd:0:1::252:5201 > 2001:dbd:0:1::129:39470 A,,,
#351 : 15.45s, 2642b, 881,         2001:dbd:0:1::129>2001:dbd:0:1::252         ,Ether / Dot1Q / IPv6 / TCP 2001:dbd:0:1::129:39470 > 2001:dbd:0:1::252:5201 PA / Raw,,,
#352 : 15.54s,64350b, 881,         2001:dbd:0:1::129>2001:dbd:0:1::252         ,Ether / Dot1Q / IPv6 / TCP 2001:dbd:0:1::129:39470 > 2001:dbd:0:1::252:5201 PA / Raw,,,
#353 : 15.54s,   90b, 881,         2001:dbd:0:1::252>2001:dbd:0:1::129         ,Ether / Dot1Q / IPv6 / TCP 2001:dbd:0:1::252:5201 > 2001:dbd:0:1::129:39470 A,,,
#354 : 15.55s,64350b, 881,         2001:dbd:0:1::129>2001:dbd:0:1::252         ,Ether / Dot1Q / IPv6 / TCP 2001:dbd:0:1::129:39470 > 2001:dbd:0:1::252:5201 PA / Raw,,,
#355 : 15.55s, 2642b, 881,         2001:dbd:0:1::129>2001:dbd:0:1::252         ,Ether / Dot1Q / IPv6 / TCP 2001:dbd:0:1::129:39470 > 2001:dbd:0:1::252:5201 PA / Raw,,,
#356 : 15.56s,   90b, 881,         2001:dbd:0:1::252>2001:dbd:0:1::129         ,Ether / Dot1Q / IPv6 / TCP 2001:dbd:0:1::252:5201 > 2001:dbd:0:1::129:39470 A,,,
#357 : 15.65s,64350b, 881,         2001:dbd:0:1::129>2001:dbd:0:1::252         ,Ether / Dot1Q / IPv6 / TCP 2001:dbd:0:1::129:39470 > 2001:dbd:0:1::252:5201 PA / Raw,,,
#358 : 15.65s,   90b, 881,         2001:dbd:0:1::252>2001:dbd:0:1::129         ,Ether / Dot1Q / IPv6 / TCP 2001:dbd:0:1::252:5201 > 2001:dbd:0:1::129:39470 A,,,
#359 : 15.65s,64350b, 881,         2001:dbd:0:1::129>2001:dbd:0:1::252         ,Ether / Dot1Q / IPv6 / TCP 2001:dbd:0:1::129:39470 > 2001:dbd:0:1::252:5201 PA / Raw,,,
#360 : 15.66s, 2642b, 881,         2001:dbd:0:1::129>2001:dbd:0:1::252         ,Ether / Dot1Q / IPv6 / TCP 2001:dbd:0:1::129:39470 > 2001:dbd:0:1::252:5201 PA / Raw,,,
#361 : 15.75s,64350b, 881,         2001:dbd:0:1::129>2001:dbd:0:1::252         ,Ether / Dot1Q / IPv6 / TCP 2001:dbd:0:1::129:39470 > 2001:dbd:0:1::252:5201 PA / Raw,,,
#362 : 15.75s,   90b, 881,         2001:dbd:0:1::252>2001:dbd:0:1::129         ,Ether / Dot1Q / IPv6 / TCP 2001:dbd:0:1::252:5201 > 2001:dbd:0:1::129:39470 A,,,
#363 : 15.76s,64350b, 881,         2001:dbd:0:1::129>2001:dbd:0:1::252         ,Ether / Dot1Q / IPv6 / TCP 2001:dbd:0:1::129:39470 > 2001:dbd:0:1::252:5201 PA / Raw,,,
#364 : 15.76s, 2642b, 881,         2001:dbd:0:1::129>2001:dbd:0:1::252         ,Ether / Dot1Q / IPv6 / TCP 2001:dbd:0:1::129:39470 > 2001:dbd:0:1::252:5201 PA / Raw,,,
#365 : 15.77s,   90b, 881,         2001:dbd:0:1::252>2001:dbd:0:1::129         ,Ether / Dot1Q / IPv6 / TCP 2001:dbd:0:1::252:5201 > 2001:dbd:0:1::129:39470 A,,,
#366 : 15.86s,64350b, 881,         2001:dbd:0:1::129>2001:dbd:0:1::252         ,Ether / Dot1Q / IPv6 / TCP 2001:dbd:0:1::129:39470 > 2001:dbd:0:1::252:5201 PA / Raw,,,
#367 : 15.86s,   90b, 881,         2001:dbd:0:1::252>2001:dbd:0:1::129         ,Ether / Dot1Q / IPv6 / TCP 2001:dbd:0:1::252:5201 > 2001:dbd:0:1::129:39470 A,,,
#368 : 15.86s,64350b, 881,         2001:dbd:0:1::129>2001:dbd:0:1::252         ,Ether / Dot1Q / IPv6 / TCP 2001:dbd:0:1::129:39470 > 2001:dbd:0:1::252:5201 PA / Raw,,,
#369 : 15.87s,   90b, 881,         2001:dbd:0:1::252>2001:dbd:0:1::129         ,Ether / Dot1Q / IPv6 / TCP 2001:dbd:0:1::252:5201 > 2001:dbd:0:1::129:39470 A,,,
#370 : 15.87s, 2642b, 881,         2001:dbd:0:1::129>2001:dbd:0:1::252         ,Ether / Dot1Q / IPv6 / TCP 2001:dbd:0:1::129:39470 > 2001:dbd:0:1::252:5201 PA / Raw,,,
#371 : 15.88s,   90b, 881,         2001:dbd:0:1::252>2001:dbd:0:1::129         ,Ether / Dot1Q / IPv6 / TCP 2001:dbd:0:1::252:5201 > 2001:dbd:0:1::129:39470 A,,,
#372 : 15.96s,64350b, 881,         2001:dbd:0:1::129>2001:dbd:0:1::252         ,Ether / Dot1Q / IPv6 / TCP 2001:dbd:0:1::129:39470 > 2001:dbd:0:1::252:5201 PA / Raw,,,
#373 : 15.97s,64350b, 881,         2001:dbd:0:1::129>2001:dbd:0:1::252         ,Ether / Dot1Q / IPv6 / TCP 2001:dbd:0:1::129:39470 > 2001:dbd:0:1::252:5201 PA / Raw,,,
#374 : 15.97s, 2642b, 881,         2001:dbd:0:1::129>2001:dbd:0:1::252         ,Ether / Dot1Q / IPv6 / TCP 2001:dbd:0:1::129:39470 > 2001:dbd:0:1::252:5201 PA / Raw,,,
#375 : 15.97s,   90b, 881,         2001:dbd:0:1::252>2001:dbd:0:1::129         ,Ether / Dot1Q / IPv6 / TCP 2001:dbd:0:1::252:5201 > 2001:dbd:0:1::129:39470 A,,,
#376 : 15.98s,   90b, 881,         2001:dbd:0:1::252>2001:dbd:0:1::129         ,Ether / Dot1Q / IPv6 / TCP 2001:dbd:0:1::252:5201 > 2001:dbd:0:1::129:39470 A,,,
#377 : 16.07s,64350b, 881,         2001:dbd:0:1::129>2001:dbd:0:1::252         ,Ether / Dot1Q / IPv6 / TCP 2001:dbd:0:1::129:39470 > 2001:dbd:0:1::252:5201 PA / Raw,,,
#378 : 16.07s,64350b, 881,         2001:dbd:0:1::129>2001:dbd:0:1::252         ,Ether / Dot1Q / IPv6 / TCP 2001:dbd:0:1::129:39470 > 2001:dbd:0:1::252:5201 PA / Raw,,,
#379 : 16.07s, 2642b, 881,         2001:dbd:0:1::129>2001:dbd:0:1::252         ,Ether / Dot1Q / IPv6 / TCP 2001:dbd:0:1::129:39470 > 2001:dbd:0:1::252:5201 PA / Raw,,,
#380 : 16.08s,   90b, 881,         2001:dbd:0:1::252>2001:dbd:0:1::129         ,Ether / Dot1Q / IPv6 / TCP 2001:dbd:0:1::252:5201 > 2001:dbd:0:1::129:39470 A,,,
#381 : 16.08s,   90b, 881,         2001:dbd:0:1::252>2001:dbd:0:1::129         ,Ether / Dot1Q / IPv6 / TCP 2001:dbd:0:1::252:5201 > 2001:dbd:0:1::129:39470 A,,,
#382 : 16.17s,64350b, 881,         2001:dbd:0:1::129>2001:dbd:0:1::252         ,Ether / Dot1Q / IPv6 / TCP 2001:dbd:0:1::129:39470 > 2001:dbd:0:1::252:5201 PA / Raw,,,
#383 : 16.18s,64350b, 881,         2001:dbd:0:1::129>2001:dbd:0:1::252         ,Ether / Dot1Q / IPv6 / TCP 2001:dbd:0:1::129:39470 > 2001:dbd:0:1::252:5201 PA / Raw,,,
#384 : 16.18s, 2642b, 881,         2001:dbd:0:1::129>2001:dbd:0:1::252         ,Ether / Dot1Q / IPv6 / TCP 2001:dbd:0:1::129:39470 > 2001:dbd:0:1::252:5201 PA / Raw,,,
#385 : 16.19s,   90b, 881,         2001:dbd:0:1::252>2001:dbd:0:1::129         ,Ether / Dot1Q / IPv6 / TCP 2001:dbd:0:1::252:5201 > 2001:dbd:0:1::129:39470 A,,,
#386 : 16.28s,64350b, 881,         2001:dbd:0:1::129>2001:dbd:0:1::252         ,Ether / Dot1Q / IPv6 / TCP 2001:dbd:0:1::129:39470 > 2001:dbd:0:1::252:5201 PA / Raw,,,
#387 : 16.29s,64350b, 881,         2001:dbd:0:1::129>2001:dbd:0:1::252         ,Ether / Dot1Q / IPv6 / TCP 2001:dbd:0:1::129:39470 > 2001:dbd:0:1::252:5201 PA / Raw,,,
#388 : 16.29s, 2642b, 881,         2001:dbd:0:1::129>2001:dbd:0:1::252         ,Ether / Dot1Q / IPv6 / TCP 2001:dbd:0:1::129:39470 > 2001:dbd:0:1::252:5201 PA / Raw,,,
#389 : 16.30s,   90b, 881,         2001:dbd:0:1::252>2001:dbd:0:1::129         ,Ether / Dot1Q / IPv6 / TCP 2001:dbd:0:1::252:5201 > 2001:dbd:0:1::129:39470 A,,,
#390 : 16.32s,  114b, 881,         2001:dbd:0:1::252>2001:dbd:0:1::129         ,Ether / Dot1Q / IPv6 / UDP / NTP v??, ??,,,
#391 : 16.33s,  114b, 881,         2001:dbd:0:1::129>2001:dbd:0:1::252         ,Ether / Dot1Q / IPv6 / UDP / NTP v??, ??,,,
#392 : 16.38s,64350b, 881,         2001:dbd:0:1::129>2001:dbd:0:1::252         ,Ether / Dot1Q / IPv6 / TCP 2001:dbd:0:1::129:39470 > 2001:dbd:0:1::252:5201 PA / Raw,,,
#393 : 16.39s,64350b, 881,         2001:dbd:0:1::129>2001:dbd:0:1::252         ,Ether / Dot1Q / IPv6 / TCP 2001:dbd:0:1::129:39470 > 2001:dbd:0:1::252:5201 PA / Raw,,,
#394 : 16.39s, 2642b, 881,         2001:dbd:0:1::129>2001:dbd:0:1::252         ,Ether / Dot1Q / IPv6 / TCP 2001:dbd:0:1::129:39470 > 2001:dbd:0:1::252:5201 PA / Raw,,,
#395 : 16.40s,   90b, 881,         2001:dbd:0:1::252>2001:dbd:0:1::129         ,Ether / Dot1Q / IPv6 / TCP 2001:dbd:0:1::252:5201 > 2001:dbd:0:1::129:39470 A,,,
#396 : 16.40s,   90b, 881,         2001:dbd:0:1::252>2001:dbd:0:1::129         ,Ether / Dot1Q / IPv6 / TCP 2001:dbd:0:1::252:5201 > 2001:dbd:0:1::129:39470 A,,,
#397 : 16.49s,64350b, 881,         2001:dbd:0:1::129>2001:dbd:0:1::252         ,Ether / Dot1Q / IPv6 / TCP 2001:dbd:0:1::129:39470 > 2001:dbd:0:1::252:5201 PA / Raw,,,
#398 : 16.49s,64350b, 881,         2001:dbd:0:1::129>2001:dbd:0:1::252         ,Ether / Dot1Q / IPv6 / TCP 2001:dbd:0:1::129:39470 > 2001:dbd:0:1::252:5201 PA / Raw,,,
#399 : 16.50s, 2642b, 881,         2001:dbd:0:1::129>2001:dbd:0:1::252         ,Ether / Dot1Q / IPv6 / TCP 2001:dbd:0:1::129:39470 > 2001:dbd:0:1::252:5201 PA / Raw,,,
#400 : 16.50s,   90b, 881,         2001:dbd:0:1::252>2001:dbd:0:1::129         ,Ether / Dot1Q / IPv6 / TCP 2001:dbd:0:1::252:5201 > 2001:dbd:0:1::129:39470 A,,,
#401 : 16.51s,   90b, 881,         2001:dbd:0:1::252>2001:dbd:0:1::129         ,Ether / Dot1Q / IPv6 / TCP 2001:dbd:0:1::252:5201 > 2001:dbd:0:1::129:39470 A,,,
#402 : 16.59s,64350b, 881,         2001:dbd:0:1::129>2001:dbd:0:1::252         ,Ether / Dot1Q / IPv6 / TCP 2001:dbd:0:1::129:39470 > 2001:dbd:0:1::252:5201 PA / Raw,,,
#403 : 16.60s,64350b, 881,         2001:dbd:0:1::129>2001:dbd:0:1::252         ,Ether / Dot1Q / IPv6 / TCP 2001:dbd:0:1::129:39470 > 2001:dbd:0:1::252:5201 PA / Raw,,,
#404 : 16.60s, 2642b, 881,         2001:dbd:0:1::129>2001:dbd:0:1::252         ,Ether / Dot1Q / IPv6 / TCP 2001:dbd:0:1::129:39470 > 2001:dbd:0:1::252:5201 PA / Raw,,,
#405 : 16.61s,   90b, 881,         2001:dbd:0:1::252>2001:dbd:0:1::129         ,Ether / Dot1Q / IPv6 / TCP 2001:dbd:0:1::252:5201 > 2001:dbd:0:1::129:39470 A,,,
#406 : 16.70s,64350b, 881,         2001:dbd:0:1::129>2001:dbd:0:1::252         ,Ether / Dot1Q / IPv6 / TCP 2001:dbd:0:1::129:39470 > 2001:dbd:0:1::252:5201 PA / Raw,,,
#407 : 16.70s,64350b, 881,         2001:dbd:0:1::129>2001:dbd:0:1::252         ,Ether / Dot1Q / IPv6 / TCP 2001:dbd:0:1::129:39470 > 2001:dbd:0:1::252:5201 PA / Raw,,,
#408 : 16.71s, 2642b, 881,         2001:dbd:0:1::129>2001:dbd:0:1::252         ,Ether / Dot1Q / IPv6 / TCP 2001:dbd:0:1::129:39470 > 2001:dbd:0:1::252:5201 PA / Raw,,,
#409 : 16.71s,   90b, 881,         2001:dbd:0:1::252>2001:dbd:0:1::129         ,Ether / Dot1Q / IPv6 / TCP 2001:dbd:0:1::252:5201 > 2001:dbd:0:1::129:39470 A,,,
#410 : 16.80s,64350b, 881,         2001:dbd:0:1::129>2001:dbd:0:1::252         ,Ether / Dot1Q / IPv6 / TCP 2001:dbd:0:1::129:39470 > 2001:dbd:0:1::252:5201 PA / Raw,,,
#411 : 16.81s,64350b, 881,         2001:dbd:0:1::129>2001:dbd:0:1::252         ,Ether / Dot1Q / IPv6 / TCP 2001:dbd:0:1::129:39470 > 2001:dbd:0:1::252:5201 PA / Raw,,,
#412 : 16.82s,   90b, 881,         2001:dbd:0:1::252>2001:dbd:0:1::129         ,Ether / Dot1Q / IPv6 / TCP 2001:dbd:0:1::252:5201 > 2001:dbd:0:1::129:39470 A,,,
#413 : 16.82s, 2642b, 881,         2001:dbd:0:1::129>2001:dbd:0:1::252         ,Ether / Dot1Q / IPv6 / TCP 2001:dbd:0:1::129:39470 > 2001:dbd:0:1::252:5201 PA / Raw,,,
#414 : 16.90s,64350b, 881,         2001:dbd:0:1::129>2001:dbd:0:1::252         ,Ether / Dot1Q / IPv6 / TCP 2001:dbd:0:1::129:39470 > 2001:dbd:0:1::252:5201 PA / Raw,,,
#415 : 16.91s,   90b, 881,         2001:dbd:0:1::252>2001:dbd:0:1::129         ,Ether / Dot1Q / IPv6 / TCP 2001:dbd:0:1::252:5201 > 2001:dbd:0:1::129:39470 A,,,
#416 : 16.91s,64350b, 881,         2001:dbd:0:1::129>2001:dbd:0:1::252         ,Ether / Dot1Q / IPv6 / TCP 2001:dbd:0:1::129:39470 > 2001:dbd:0:1::252:5201 PA / Raw,,,
#417 : 16.92s, 2642b, 881,         2001:dbd:0:1::129>2001:dbd:0:1::252         ,Ether / Dot1Q / IPv6 / TCP 2001:dbd:0:1::129:39470 > 2001:dbd:0:1::252:5201 PA / Raw,,,
#418 : 17.01s,64350b, 881,         2001:dbd:0:1::129>2001:dbd:0:1::252         ,Ether / Dot1Q / IPv6 / TCP 2001:dbd:0:1::129:39470 > 2001:dbd:0:1::252:5201 PA / Raw,,,
#419 : 17.01s,   90b, 881,         2001:dbd:0:1::252>2001:dbd:0:1::129         ,Ether / Dot1Q / IPv6 / TCP 2001:dbd:0:1::252:5201 > 2001:dbd:0:1::129:39470 A,,,
#420 : 17.02s,64350b, 881,         2001:dbd:0:1::129>2001:dbd:0:1::252         ,Ether / Dot1Q / IPv6 / TCP 2001:dbd:0:1::129:39470 > 2001:dbd:0:1::252:5201 PA / Raw,,,
#421 : 17.02s, 2642b, 881,         2001:dbd:0:1::129>2001:dbd:0:1::252         ,Ether / Dot1Q / IPv6 / TCP 2001:dbd:0:1::129:39470 > 2001:dbd:0:1::252:5201 PA / Raw,,,
#422 : 17.07s,   91b, 881,         2001:dbd:0:1::129>2001:dbd:0:1::252         ,Ether / Dot1Q / IPv6 / TCP 2001:dbd:0:1::129:39458 > 2001:dbd:0:1::252:5201 PA / Raw,,,
#423 : 17.08s,   91b, 881,         2001:dbd:0:1::252>2001:dbd:0:1::129         ,Ether / Dot1Q / IPv6 / TCP 2001:dbd:0:1::252:5201 > 2001:dbd:0:1::129:39458 PA / Raw,,,
#424 : 17.08s,   94b, 881,         2001:dbd:0:1::129>2001:dbd:0:1::252         ,Ether / Dot1Q / IPv6 / TCP 2001:dbd:0:1::129:39458 > 2001:dbd:0:1::252:5201 PA / Raw,,,
#425 : 17.12s,   90b, 881,         2001:dbd:0:1::252>2001:dbd:0:1::129         ,Ether / Dot1Q / IPv6 / TCP 2001:dbd:0:1::252:5201 > 2001:dbd:0:1::129:39458 A,,,
#426 : 17.12s,  371b, 881,         2001:dbd:0:1::129>2001:dbd:0:1::252         ,Ether / Dot1Q / IPv6 / TCP 2001:dbd:0:1::129:39458 > 2001:dbd:0:1::252:5201 PA / Raw,,,
#427 : 17.12s,   90b, 881,         2001:dbd:0:1::252>2001:dbd:0:1::129         ,Ether / Dot1Q / IPv6 / TCP 2001:dbd:0:1::252:5201 > 2001:dbd:0:1::129:39458 A,,,
#428 : 17.13s,   94b, 881,         2001:dbd:0:1::252>2001:dbd:0:1::129         ,Ether / Dot1Q / IPv6 / TCP 2001:dbd:0:1::252:5201 > 2001:dbd:0:1::129:39458 PA / Raw,,,
#429 : 17.13s,  400b, 881,         2001:dbd:0:1::252>2001:dbd:0:1::129         ,Ether / Dot1Q / IPv6 / TCP 2001:dbd:0:1::252:5201 > 2001:dbd:0:1::129:39458 PA / Raw,,,
#430 : 17.14s,   91b, 881,         2001:dbd:0:1::252>2001:dbd:0:1::129         ,Ether / Dot1Q / IPv6 / TCP 2001:dbd:0:1::252:5201 > 2001:dbd:0:1::129:39458 PA / Raw,,,
#431 : 17.14s,   90b, 881,         2001:dbd:0:1::129>2001:dbd:0:1::252         ,Ether / Dot1Q / IPv6 / TCP 2001:dbd:0:1::129:39458 > 2001:dbd:0:1::252:5201 A,,,
#432 : 17.14s,   90b, 881,         2001:dbd:0:1::129>2001:dbd:0:1::252         ,Ether / Dot1Q / IPv6 / TCP 2001:dbd:0:1::129:39470 > 2001:dbd:0:1::252:5201 FA,,,
#433 : 17.15s,   90b, 881,         2001:dbd:0:1::252>2001:dbd:0:1::129         ,Ether / Dot1Q / IPv6 / TCP 2001:dbd:0:1::252:5201 > 2001:dbd:0:1::129:39470 FA,,,
#434 : 17.15s,   90b, 881,         2001:dbd:0:1::129>2001:dbd:0:1::252         ,Ether / Dot1Q / IPv6 / TCP 2001:dbd:0:1::129:39470 > 2001:dbd:0:1::252:5201 A,,,
#435 : 17.16s,   91b, 881,         2001:dbd:0:1::129>2001:dbd:0:1::252         ,Ether / Dot1Q / IPv6 / TCP 2001:dbd:0:1::129:39458 > 2001:dbd:0:1::252:5201 PA / Raw,,,
#436 : 17.16s,   90b, 881,         2001:dbd:0:1::129>2001:dbd:0:1::252         ,Ether / Dot1Q / IPv6 / TCP 2001:dbd:0:1::129:39458 > 2001:dbd:0:1::252:5201 FA,,,
#437 : 17.16s,   90b, 881,         2001:dbd:0:1::252>2001:dbd:0:1::129         ,Ether / Dot1Q / IPv6 / TCP 2001:dbd:0:1::252:5201 > 2001:dbd:0:1::129:39458 FA,,,
#438 : 17.17s,   90b, 881,         2001:dbd:0:1::129>2001:dbd:0:1::252         ,Ether / Dot1Q / IPv6 / TCP 2001:dbd:0:1::129:39458 > 2001:dbd:0:1::252:5201 A,,,
