#1   :  3.48s,   98b, 881,         2001:dbf:0:1::200>2001:dbd:0:1::252         ,Ether / Dot1Q / IPv6 / TCP 2001:dbf:0:1::200:48446 > 2001:dbd:0:1::252:7547 S,,,
#2   :  3.48s,   78b, 881,         2001:dbd:0:1::252>2001:dbf:0:1::200         ,Ether / Dot1Q / IPv6 / TCP 2001:dbd:0:1::252:7547 > 2001:dbf:0:1::200:48446 RA,,,
#3   : 35.00s,   98b, 881,         2001:dbf:0:1::200>2001:dbd:0:1::252         ,Ether / Dot1Q / IPv6 / TCP 2001:dbf:0:1::200:51492 > 2001:dbd:0:1::252:7547 S,,,
#4   : 35.00s,   78b, 881,         2001:dbd:0:1::252>2001:dbf:0:1::200         ,Ether / Dot1Q / IPv6 / TCP 2001:dbd:0:1::252:7547 > 2001:dbf:0:1::200:51492 RA,,,
#5   : 40.15s,   90b, 881,   fe80::6e3:1aff:fe75:916>fe80::216:3eff:fe00:881   ,Ether / Dot1Q / IPv6 / ICMPv6ND_NS / ICMPv6 Neighbor Discovery Option - Source Link-Layer Address 04...,,,
#6   : 40.15s,   90b, 881,   fe80::216:3eff:fe00:881>2001:dbd:0:1::252         ,Ether / Dot1Q / IPv6 / ICMPv6ND_NS / ICMPv6 Neighbor Discovery Option - Source Link-Layer Address 00...,,,
#7   : 40.15s,   82b, 881,         2001:dbd:0:1::252>fe80::216:3eff:fe00:881   ,Ether / Dot1Q / IPv6 / ICMPv6 Neighbor Discovery - Neighbor Advertisement (tgt: 2001:dbd:0:1::252),,,
#8   : 40.16s,   82b, 881,   fe80::216:3eff:fe00:881>fe80::6e3:1aff:fe75:916   ,Ether / Dot1Q / IPv6 / ICMPv6 Neighbor Discovery - Neighbor Advertisement (tgt: fe80::216:3eff:fe00:...,,,
#9   : 40.67s,  102b, 881,         2001:dbd:0:1::252>2001:dbd:0:1::129         ,Ether / Dot1Q / IPv6 / UDP / DNS Qry "b'acs2.revdomain.com.'" ,,,
#10  : 40.68s,  118b, 881,         2001:dbd:0:1::129>2001:dbd:0:1::252         ,Ether / Dot1Q / IPv6 / UDP / DNS Ans "10.10.10.200" ,,,
#11  : 40.70s,  102b, 881,         2001:dbd:0:1::252>2001:dbd:0:1::129         ,Ether / Dot1Q / IPv6 / UDP / DNS Qry "b'acs2.revdomain.com.'" ,,,
#12  : 40.71s,  130b, 881,         2001:dbd:0:1::129>2001:dbd:0:1::252         ,Ether / Dot1Q / IPv6 / UDP / DNS Ans "2001:dbf:0:1::200" ,,,
#13  : 40.71s,   98b, 881,         2001:dbd:0:1::252>2001:dbf:0:1::200         ,Ether / Dot1Q / IPv6 / TCP 2001:dbd:0:1::252:50784 > 2001:dbf:0:1::200:9675 S,,,
#14  : 40.72s,   98b, 881,         2001:dbf:0:1::200>2001:dbd:0:1::252         ,Ether / Dot1Q / IPv6 / TCP 2001:dbf:0:1::200:9675 > 2001:dbd:0:1::252:50784 SA,,,
#15  : 40.72s,   90b, 881,         2001:dbd:0:1::252>2001:dbf:0:1::200         ,Ether / Dot1Q / IPv6 / TCP 2001:dbd:0:1::252:50784 > 2001:dbf:0:1::200:9675 A,,,
#16  : 40.72s,  222b, 881,         2001:dbd:0:1::252>2001:dbf:0:1::200         ,Ether / Dot1Q / IPv6 / TCP 2001:dbd:0:1::252:50784 > 2001:dbf:0:1::200:9675 PA / Raw,http: Detected,,inform: Detected
#17  : 40.73s,   90b, 881,         2001:dbf:0:1::200>2001:dbd:0:1::252         ,Ether / Dot1Q / IPv6 / TCP 2001:dbf:0:1::200:9675 > 2001:dbd:0:1::252:50784 A,,,
#18  : 40.73s, 2441b, 881,         2001:dbd:0:1::252>2001:dbf:0:1::200         ,Ether / Dot1Q / IPv6 / TCP 2001:dbd:0:1::252:50784 > 2001:dbf:0:1::200:9675 PA / Raw,,soap: Detected,
#19  : 40.74s,   90b, 881,         2001:dbf:0:1::200>2001:dbd:0:1::252         ,Ether / Dot1Q / IPv6 / TCP 2001:dbf:0:1::200:9675 > 2001:dbd:0:1::252:50784 A,,,
#20  : 40.74s,  846b, 881,         2001:dbf:0:1::200>2001:dbd:0:1::252         ,Ether / Dot1Q / IPv6 / TCP 2001:dbf:0:1::200:9675 > 2001:dbd:0:1::252:50784 PA / Raw,http: Detected,,
#21  : 40.75s,   90b, 881,         2001:dbd:0:1::252>2001:dbf:0:1::200         ,Ether / Dot1Q / IPv6 / TCP 2001:dbd:0:1::252:50784 > 2001:dbf:0:1::200:9675 A,,,
#22  : 40.94s,  250b, 881,         2001:dbd:0:1::252>2001:dbf:0:1::200         ,Ether / Dot1Q / IPv6 / TCP 2001:dbd:0:1::252:50784 > 2001:dbf:0:1::200:9675 PA / Raw,http: Detected,,
#23  : 40.98s,   90b, 881,         2001:dbf:0:1::200>2001:dbd:0:1::252         ,Ether / Dot1Q / IPv6 / TCP 2001:dbf:0:1::200:9675 > 2001:dbd:0:1::252:50784 A,,,
#24  : 41.01s, 1602b, 881,         2001:dbf:0:1::200>2001:dbd:0:1::252         ,Ether / Dot1Q / IPv6 / TCP 2001:dbf:0:1::200:9675 > 2001:dbd:0:1::252:50784 PA / Raw,http: Detected,,
#25  : 41.01s,   90b, 881,         2001:dbd:0:1::252>2001:dbf:0:1::200         ,Ether / Dot1Q / IPv6 / TCP 2001:dbd:0:1::252:50784 > 2001:dbf:0:1::200:9675 A,,,
#26  : 41.02s,  304b, 881,         2001:dbd:0:1::252>2001:dbf:0:1::200         ,Ether / Dot1Q / IPv6 / TCP 2001:dbd:0:1::252:50784 > 2001:dbf:0:1::200:9675 PA / Raw,http: Detected,,
#27  : 41.02s,   90b, 881,         2001:dbf:0:1::200>2001:dbd:0:1::252         ,Ether / Dot1Q / IPv6 / TCP 2001:dbf:0:1::200:9675 > 2001:dbd:0:1::252:50784 A,,,
#28  : 41.02s,  610b, 881,         2001:dbd:0:1::252>2001:dbf:0:1::200         ,Ether / Dot1Q / IPv6 / TCP 2001:dbd:0:1::252:50784 > 2001:dbf:0:1::200:9675 PA / Raw,,soap: Detected,
#29  : 41.03s,   90b, 881,         2001:dbf:0:1::200>2001:dbd:0:1::252         ,Ether / Dot1Q / IPv6 / TCP 2001:dbf:0:1::200:9675 > 2001:dbd:0:1::252:50784 A,,,
#30  : 41.17s,  957b, 881,         2001:dbf:0:1::200>2001:dbd:0:1::252         ,Ether / Dot1Q / IPv6 / TCP 2001:dbf:0:1::200:9675 > 2001:dbd:0:1::252:50784 PA / Raw,http: Detected,,
#31  : 41.19s,  305b, 881,         2001:dbd:0:1::252>2001:dbf:0:1::200         ,Ether / Dot1Q / IPv6 / TCP 2001:dbd:0:1::252:50784 > 2001:dbf:0:1::200:9675 PA / Raw,http: Detected,,
#32  : 41.19s,   90b, 881,         2001:dbf:0:1::200>2001:dbd:0:1::252         ,Ether / Dot1Q / IPv6 / TCP 2001:dbf:0:1::200:9675 > 2001:dbd:0:1::252:50784 A,,,
#33  : 41.19s, 7230b, 881,         2001:dbd:0:1::252>2001:dbf:0:1::200         ,Ether / Dot1Q / IPv6 / TCP 2001:dbd:0:1::252:50784 > 2001:dbf:0:1::200:9675 PA / Raw,,soap: Detected,
#34  : 41.20s,   90b, 881,         2001:dbf:0:1::200>2001:dbd:0:1::252         ,Ether / Dot1Q / IPv6 / TCP 2001:dbf:0:1::200:9675 > 2001:dbd:0:1::252:50784 A,,,
#35  : 41.20s, 2183b, 881,         2001:dbd:0:1::252>2001:dbf:0:1::200         ,Ether / Dot1Q / IPv6 / TCP 2001:dbd:0:1::252:50784 > 2001:dbf:0:1::200:9675 PA / Raw,,,
#36  : 41.21s,   90b, 881,         2001:dbf:0:1::200>2001:dbd:0:1::252         ,Ether / Dot1Q / IPv6 / TCP 2001:dbf:0:1::200:9675 > 2001:dbd:0:1::252:50784 A,,,
#37  : 41.24s,  951b, 881,         2001:dbf:0:1::200>2001:dbd:0:1::252         ,Ether / Dot1Q / IPv6 / TCP 2001:dbf:0:1::200:9675 > 2001:dbd:0:1::252:50784 PA / Raw,http: Detected,,
#38  : 41.28s,   90b, 881,         2001:dbd:0:1::252>2001:dbf:0:1::200         ,Ether / Dot1Q / IPv6 / TCP 2001:dbd:0:1::252:50784 > 2001:dbf:0:1::200:9675 A,,,
#39  : 42.41s,  306b, 881,         2001:dbd:0:1::252>2001:dbf:0:1::200         ,Ether / Dot1Q / IPv6 / TCP 2001:dbd:0:1::252:50784 > 2001:dbf:0:1::200:9675 PA / Raw,http: Detected,,
#40  : 42.41s,   90b, 881,         2001:dbf:0:1::200>2001:dbd:0:1::252         ,Ether / Dot1Q / IPv6 / TCP 2001:dbf:0:1::200:9675 > 2001:dbd:0:1::252:50784 A,,,
#41  : 42.41s, 7230b, 881,         2001:dbd:0:1::252>2001:dbf:0:1::200         ,Ether / Dot1Q / IPv6 / TCP 2001:dbd:0:1::252:50784 > 2001:dbf:0:1::200:9675 PA / Raw,,soap: Detected,
#42  : 42.42s,   90b, 881,         2001:dbf:0:1::200>2001:dbd:0:1::252         ,Ether / Dot1Q / IPv6 / TCP 2001:dbf:0:1::200:9675 > 2001:dbd:0:1::252:50784 A,,,
#43  : 42.42s, 7230b, 881,         2001:dbd:0:1::252>2001:dbf:0:1::200         ,Ether / Dot1Q / IPv6 / TCP 2001:dbd:0:1::252:50784 > 2001:dbf:0:1::200:9675 PA / Raw,,,
#44  : 42.43s,   90b, 881,         2001:dbf:0:1::200>2001:dbd:0:1::252         ,Ether / Dot1Q / IPv6 / TCP 2001:dbf:0:1::200:9675 > 2001:dbd:0:1::252:50784 A,,,
#45  : 42.43s,10086b, 881,         2001:dbd:0:1::252>2001:dbf:0:1::200         ,Ether / Dot1Q / IPv6 / TCP 2001:dbd:0:1::252:50784 > 2001:dbf:0:1::200:9675 PA / Raw,,,
#46  : 42.43s,   90b, 881,         2001:dbf:0:1::200>2001:dbd:0:1::252         ,Ether / Dot1Q / IPv6 / TCP 2001:dbf:0:1::200:9675 > 2001:dbd:0:1::252:50784 A,,,
#47  : 42.44s, 4374b, 881,         2001:dbd:0:1::252>2001:dbf:0:1::200         ,Ether / Dot1Q / IPv6 / TCP 2001:dbd:0:1::252:50784 > 2001:dbf:0:1::200:9675 PA / Raw,,,
#48  : 42.44s,   90b, 881,         2001:dbf:0:1::200>2001:dbd:0:1::252         ,Ether / Dot1Q / IPv6 / TCP 2001:dbf:0:1::200:9675 > 2001:dbd:0:1::252:50784 A,,,
#49  : 42.45s,14370b, 881,         2001:dbd:0:1::252>2001:dbf:0:1::200         ,Ether / Dot1Q / IPv6 / TCP 2001:dbd:0:1::252:50784 > 2001:dbf:0:1::200:9675 PA / Raw,,,
#50  : 42.45s,   90b, 881,         2001:dbf:0:1::200>2001:dbd:0:1::252         ,Ether / Dot1Q / IPv6 / TCP 2001:dbf:0:1::200:9675 > 2001:dbd:0:1::252:50784 A,,,
#51  : 42.46s, 2946b, 881,         2001:dbd:0:1::252>2001:dbf:0:1::200         ,Ether / Dot1Q / IPv6 / TCP 2001:dbd:0:1::252:50784 > 2001:dbf:0:1::200:9675 PA / Raw,,,
#52  : 42.46s,   90b, 881,         2001:dbf:0:1::200>2001:dbd:0:1::252         ,Ether / Dot1Q / IPv6 / TCP 2001:dbf:0:1::200:9675 > 2001:dbd:0:1::252:50784 A,,,
#53  : 42.47s,17226b, 881,         2001:dbd:0:1::252>2001:dbf:0:1::200         ,Ether / Dot1Q / IPv6 / TCP 2001:dbd:0:1::252:50784 > 2001:dbf:0:1::200:9675 PA / Raw,,,
#54  : 42.47s,   90b, 881,         2001:dbf:0:1::200>2001:dbd:0:1::252         ,Ether / Dot1Q / IPv6 / TCP 2001:dbf:0:1::200:9675 > 2001:dbd:0:1::252:50784 A,,,
#55  : 42.48s,14370b, 881,         2001:dbd:0:1::252>2001:dbf:0:1::200         ,Ether / Dot1Q / IPv6 / TCP 2001:dbd:0:1::252:50784 > 2001:dbf:0:1::200:9675 PA / Raw,,,
#56  : 42.48s,   90b, 881,         2001:dbf:0:1::200>2001:dbd:0:1::252         ,Ether / Dot1Q / IPv6 / TCP 2001:dbf:0:1::200:9675 > 2001:dbd:0:1::252:50784 A,,,
#57  : 42.49s, 1383b, 881,         2001:dbd:0:1::252>2001:dbf:0:1::200         ,Ether / Dot1Q / IPv6 / TCP 2001:dbd:0:1::252:50784 > 2001:dbf:0:1::200:9675 PA / Raw,,,
#58  : 42.49s,   90b, 881,         2001:dbf:0:1::200>2001:dbd:0:1::252         ,Ether / Dot1Q / IPv6 / TCP 2001:dbf:0:1::200:9675 > 2001:dbd:0:1::252:50784 A,,,
#59  : 42.67s,  304b, 881,         2001:dbf:0:1::200>2001:dbd:0:1::252         ,Ether / Dot1Q / IPv6 / TCP 2001:dbf:0:1::200:9675 > 2001:dbd:0:1::252:50784 PA / Raw,http: Detected,,
#60  : 42.67s,   90b, 881,         2001:dbd:0:1::252>2001:dbf:0:1::200         ,Ether / Dot1Q / IPv6 / TCP 2001:dbd:0:1::252:50784 > 2001:dbf:0:1::200:9675 A,,,
#61  : 44.03s,   98b, 881,         2001:dbf:0:1::200>2001:dbd:0:1::252         ,Ether / Dot1Q / IPv6 / TCP 2001:dbf:0:1::200:60858 > 2001:dbd:0:1::252:7547 S,,,
#62  : 44.03s,   98b, 881,         2001:dbd:0:1::252>2001:dbf:0:1::200         ,Ether / Dot1Q / IPv6 / TCP 2001:dbd:0:1::252:7547 > 2001:dbf:0:1::200:60858 SA,,,
#63  : 44.04s,   90b, 881,         2001:dbf:0:1::200>2001:dbd:0:1::252         ,Ether / Dot1Q / IPv6 / TCP 2001:dbf:0:1::200:60858 > 2001:dbd:0:1::252:7547 A,,,
#64  : 44.04s,  202b, 881,         2001:dbf:0:1::200>2001:dbd:0:1::252         ,Ether / Dot1Q / IPv6 / TCP 2001:dbf:0:1::200:60858 > 2001:dbd:0:1::252:7547 PA / Raw,http: Detected,,
#65  : 44.05s,   90b, 881,         2001:dbd:0:1::252>2001:dbf:0:1::200         ,Ether / Dot1Q / IPv6 / TCP 2001:dbd:0:1::252:7547 > 2001:dbf:0:1::200:60858 A,,,
#66  : 44.05s,  156b, 881,         2001:dbd:0:1::252>2001:dbd:0:1::129         ,Ether / Dot1Q / IPv6 / UDP / DNS Qry "b'0.0.2.0.0.0.0.0.0.0.0.0.0.0.0.0.1.0.0.0.0.0.0.0.f.b.d.0.1.0....,,,
#67  : 44.06s,  188b, 881,         2001:dbd:0:1::129>2001:dbd:0:1::252         ,Ether / Dot1Q / IPv6 / UDP / DNS Ans "b'acs2.revdomain.com.'" ,,,
#68  : 44.06s,  846b, 881,         2001:dbd:0:1::252>2001:dbf:0:1::200         ,Ether / Dot1Q / IPv6 / TCP 2001:dbd:0:1::252:7547 > 2001:dbf:0:1::200:60858 PA / Raw,http: Detected,,
#69  : 44.06s,   90b, 881,         2001:dbf:0:1::200>2001:dbd:0:1::252         ,Ether / Dot1Q / IPv6 / TCP 2001:dbf:0:1::200:60858 > 2001:dbd:0:1::252:7547 A,,,
#70  : 44.07s,  443b, 881,         2001:dbf:0:1::200>2001:dbd:0:1::252         ,Ether / Dot1Q / IPv6 / TCP 2001:dbf:0:1::200:60858 > 2001:dbd:0:1::252:7547 PA / Raw,http: Detected,,
#71  : 44.07s,  294b, 881,         2001:dbd:0:1::252>2001:dbf:0:1::200         ,Ether / Dot1Q / IPv6 / TCP 2001:dbd:0:1::252:7547 > 2001:dbf:0:1::200:60858 PA / Raw,http: Detected,,
#72  : 44.07s,   90b, 881,         2001:dbf:0:1::200>2001:dbd:0:1::252         ,Ether / Dot1Q / IPv6 / TCP 2001:dbf:0:1::200:60858 > 2001:dbd:0:1::252:7547 FA,,,
#73  : 44.08s,   90b, 881,         2001:dbd:0:1::252>2001:dbf:0:1::200         ,Ether / Dot1Q / IPv6 / TCP 2001:dbd:0:1::252:7547 > 2001:dbf:0:1::200:60858 A,,,
#74  : 44.45s,   90b, 881,         2001:dbd:0:1::252>2001:dbf:0:1::200         ,Ether / Dot1Q / IPv6 / TCP 2001:dbd:0:1::252:50784 > 2001:dbf:0:1::200:9675 FA,,,
#75  : 44.45s,   90b, 881,         2001:dbf:0:1::200>2001:dbd:0:1::252         ,Ether / Dot1Q / IPv6 / TCP 2001:dbf:0:1::200:9675 > 2001:dbd:0:1::252:50784 FA,,,
#76  : 44.45s,   90b, 881,         2001:dbd:0:1::252>2001:dbf:0:1::200         ,Ether / Dot1Q / IPv6 / TCP 2001:dbd:0:1::252:50784 > 2001:dbf:0:1::200:9675 A,,,
#77  : 44.85s,   90b, 881,         2001:dbd:0:1::252>2001:dbf:0:1::200         ,Ether / Dot1Q / IPv6 / TCP 2001:dbd:0:1::252:7547 > 2001:dbf:0:1::200:60858 FA,,,
#78  : 44.85s,   90b, 881,         2001:dbf:0:1::200>2001:dbd:0:1::252         ,Ether / Dot1Q / IPv6 / TCP 2001:dbf:0:1::200:60858 > 2001:dbd:0:1::252:7547 A,,,
#79  : 44.86s,  102b, 881,         2001:dbd:0:1::252>2001:dbd:0:1::129         ,Ether / Dot1Q / IPv6 / UDP / DNS Qry "b'acs2.revdomain.com.'" ,,,
#80  : 44.87s,  118b, 881,         2001:dbd:0:1::129>2001:dbd:0:1::252         ,Ether / Dot1Q / IPv6 / UDP / DNS Ans "10.10.10.200" ,,,
#81  : 44.89s,  102b, 881,         2001:dbd:0:1::252>2001:dbd:0:1::129         ,Ether / Dot1Q / IPv6 / UDP / DNS Qry "b'acs2.revdomain.com.'" ,,,
#82  : 44.90s,  130b, 881,         2001:dbd:0:1::129>2001:dbd:0:1::252         ,Ether / Dot1Q / IPv6 / UDP / DNS Ans "2001:dbf:0:1::200" ,,,
#83  : 44.90s,   98b, 881,         2001:dbd:0:1::252>2001:dbf:0:1::200         ,Ether / Dot1Q / IPv6 / TCP 2001:dbd:0:1::252:40784 > 2001:dbf:0:1::200:9675 S,,,
#84  : 44.90s,   98b, 881,         2001:dbf:0:1::200>2001:dbd:0:1::252         ,Ether / Dot1Q / IPv6 / TCP 2001:dbf:0:1::200:9675 > 2001:dbd:0:1::252:40784 SA,,,
#85  : 44.91s,   90b, 881,         2001:dbd:0:1::252>2001:dbf:0:1::200         ,Ether / Dot1Q / IPv6 / TCP 2001:dbd:0:1::252:40784 > 2001:dbf:0:1::200:9675 A,,,
#86  : 44.91s,  222b, 881,         2001:dbd:0:1::252>2001:dbf:0:1::200         ,Ether / Dot1Q / IPv6 / TCP 2001:dbd:0:1::252:40784 > 2001:dbf:0:1::200:9675 PA / Raw,http: Detected,,inform: Detected
#87  : 44.92s,   90b, 881,         2001:dbf:0:1::200>2001:dbd:0:1::252         ,Ether / Dot1Q / IPv6 / TCP 2001:dbf:0:1::200:9675 > 2001:dbd:0:1::252:40784 A,,,
#88  : 44.92s, 2450b, 881,         2001:dbd:0:1::252>2001:dbf:0:1::200         ,Ether / Dot1Q / IPv6 / TCP 2001:dbd:0:1::252:40784 > 2001:dbf:0:1::200:9675 PA / Raw,,soap: Detected,
#89  : 44.92s,   90b, 881,         2001:dbf:0:1::200>2001:dbd:0:1::252         ,Ether / Dot1Q / IPv6 / TCP 2001:dbf:0:1::200:9675 > 2001:dbd:0:1::252:40784 A,,,
#90  : 44.93s,  846b, 881,         2001:dbf:0:1::200>2001:dbd:0:1::252         ,Ether / Dot1Q / IPv6 / TCP 2001:dbf:0:1::200:9675 > 2001:dbd:0:1::252:40784 PA / Raw,http: Detected,,
#91  : 44.93s,   90b, 881,         2001:dbd:0:1::252>2001:dbf:0:1::200         ,Ether / Dot1Q / IPv6 / TCP 2001:dbd:0:1::252:40784 > 2001:dbf:0:1::200:9675 A,,,
#92  : 45.14s,  250b, 881,         2001:dbd:0:1::252>2001:dbf:0:1::200         ,Ether / Dot1Q / IPv6 / TCP 2001:dbd:0:1::252:40784 > 2001:dbf:0:1::200:9675 PA / Raw,http: Detected,,
#93  : 45.18s,   90b, 881,         2001:dbf:0:1::200>2001:dbd:0:1::252         ,Ether / Dot1Q / IPv6 / TCP 2001:dbf:0:1::200:9675 > 2001:dbd:0:1::252:40784 A,,,
#94  : 45.26s,   90b, 881,   fe80::216:3eff:fe00:881>fe80::6e3:1aff:fe75:916   ,Ether / Dot1Q / IPv6 / ICMPv6ND_NS / ICMPv6 Neighbor Discovery Option - Source Link-Layer Address 00...,,,
#95  : 45.27s,   82b, 881,   fe80::6e3:1aff:fe75:916>fe80::216:3eff:fe00:881   ,Ether / Dot1Q / IPv6 / ICMPv6 Neighbor Discovery - Neighbor Advertisement (tgt: fe80::6e3:1aff:fe75:...,,,
#96  : 45.29s,  940b, 881,         2001:dbf:0:1::200>2001:dbd:0:1::252         ,Ether / Dot1Q / IPv6 / TCP 2001:dbf:0:1::200:9675 > 2001:dbd:0:1::252:40784 PA / Raw,http: Detected,,
#97  : 45.29s,   90b, 881,         2001:dbd:0:1::252>2001:dbf:0:1::200         ,Ether / Dot1Q / IPv6 / TCP 2001:dbd:0:1::252:40784 > 2001:dbf:0:1::200:9675 A,,,
#98  : 50.32s,  308b, 881,         2001:dbd:0:1::252>2001:dbf:0:1::200         ,Ether / Dot1Q / IPv6 / TCP 2001:dbd:0:1::252:40784 > 2001:dbf:0:1::200:9675 PA / Raw,http: Detected,,
#99  : 50.33s,   90b, 881,         2001:dbf:0:1::200>2001:dbd:0:1::252         ,Ether / Dot1Q / IPv6 / TCP 2001:dbf:0:1::200:9675 > 2001:dbd:0:1::252:40784 A,,,
#100 : 50.33s, 7230b, 881,         2001:dbd:0:1::252>2001:dbf:0:1::200         ,Ether / Dot1Q / IPv6 / TCP 2001:dbd:0:1::252:40784 > 2001:dbf:0:1::200:9675 PA / Raw,,soap: Detected,
#101 : 50.33s,   90b, 881,         2001:dbf:0:1::200>2001:dbd:0:1::252         ,Ether / Dot1Q / IPv6 / TCP 2001:dbf:0:1::200:9675 > 2001:dbd:0:1::252:40784 A,,,
#102 : 50.34s, 7230b, 881,         2001:dbd:0:1::252>2001:dbf:0:1::200         ,Ether / Dot1Q / IPv6 / TCP 2001:dbd:0:1::252:40784 > 2001:dbf:0:1::200:9675 PA / Raw,,,
#103 : 50.34s,   90b, 881,         2001:dbf:0:1::200>2001:dbd:0:1::252         ,Ether / Dot1Q / IPv6 / TCP 2001:dbf:0:1::200:9675 > 2001:dbd:0:1::252:40784 A,,,
#104 : 50.34s,10086b, 881,         2001:dbd:0:1::252>2001:dbf:0:1::200         ,Ether / Dot1Q / IPv6 / TCP 2001:dbd:0:1::252:40784 > 2001:dbf:0:1::200:9675 PA / Raw,,,
#105 : 50.35s,   90b, 881,         2001:dbf:0:1::200>2001:dbd:0:1::252         ,Ether / Dot1Q / IPv6 / TCP 2001:dbf:0:1::200:9675 > 2001:dbd:0:1::252:40784 A,,,
#106 : 50.35s, 4374b, 881,         2001:dbd:0:1::252>2001:dbf:0:1::200         ,Ether / Dot1Q / IPv6 / TCP 2001:dbd:0:1::252:40784 > 2001:dbf:0:1::200:9675 PA / Raw,,,
#107 : 50.36s,   90b, 881,         2001:dbf:0:1::200>2001:dbd:0:1::252         ,Ether / Dot1Q / IPv6 / TCP 2001:dbf:0:1::200:9675 > 2001:dbd:0:1::252:40784 A,,,
#108 : 50.36s,14370b, 881,         2001:dbd:0:1::252>2001:dbf:0:1::200         ,Ether / Dot1Q / IPv6 / TCP 2001:dbd:0:1::252:40784 > 2001:dbf:0:1::200:9675 PA / Raw,,,
#109 : 50.36s,   90b, 881,         2001:dbf:0:1::200>2001:dbd:0:1::252         ,Ether / Dot1Q / IPv6 / TCP 2001:dbf:0:1::200:9675 > 2001:dbd:0:1::252:40784 A,,,
#110 : 50.37s, 2946b, 881,         2001:dbd:0:1::252>2001:dbf:0:1::200         ,Ether / Dot1Q / IPv6 / TCP 2001:dbd:0:1::252:40784 > 2001:dbf:0:1::200:9675 PA / Raw,,,
#111 : 50.37s,   90b, 881,         2001:dbf:0:1::200>2001:dbd:0:1::252         ,Ether / Dot1Q / IPv6 / TCP 2001:dbf:0:1::200:9675 > 2001:dbd:0:1::252:40784 A,,,
#112 : 50.37s,17226b, 881,         2001:dbd:0:1::252>2001:dbf:0:1::200         ,Ether / Dot1Q / IPv6 / TCP 2001:dbd:0:1::252:40784 > 2001:dbf:0:1::200:9675 PA / Raw,,,
#113 : 50.38s,   90b, 881,         2001:dbf:0:1::200>2001:dbd:0:1::252         ,Ether / Dot1Q / IPv6 / TCP 2001:dbf:0:1::200:9675 > 2001:dbd:0:1::252:40784 A,,,
#114 : 50.38s, 8658b, 881,         2001:dbd:0:1::252>2001:dbf:0:1::200         ,Ether / Dot1Q / IPv6 / TCP 2001:dbd:0:1::252:40784 > 2001:dbf:0:1::200:9675 PA / Raw,,,
#115 : 50.39s, 5802b, 881,         2001:dbd:0:1::252>2001:dbf:0:1::200         ,Ether / Dot1Q / IPv6 / TCP 2001:dbd:0:1::252:40784 > 2001:dbf:0:1::200:9675 PA / Raw,,,
#116 : 50.39s, 9466b, 881,         2001:dbd:0:1::252>2001:dbf:0:1::200         ,Ether / Dot1Q / IPv6 / TCP 2001:dbd:0:1::252:40784 > 2001:dbf:0:1::200:9675 PA / Raw,,,
#117 : 50.39s, 1518b, 881,         2001:dbd:0:1::252>2001:dbf:0:1::200         ,Ether / Dot1Q / IPv6 / TCP 2001:dbd:0:1::252:40784 > 2001:dbf:0:1::200:9675 A / Raw,,,
#118 : 50.40s, 8658b, 881,         2001:dbd:0:1::252>2001:dbf:0:1::200         ,Ether / Dot1Q / IPv6 / TCP 2001:dbd:0:1::252:40784 > 2001:dbf:0:1::200:9675 PA / Raw,,,
#119 : 50.40s,   90b, 881,         2001:dbf:0:1::200>2001:dbd:0:1::252         ,Ether / Dot1Q / IPv6 / TCP 2001:dbf:0:1::200:9675 > 2001:dbd:0:1::252:40784 A,,,
#120 : 50.41s,16730b, 881,         2001:dbd:0:1::252>2001:dbf:0:1::200         ,Ether / Dot1Q / IPv6 / TCP 2001:dbd:0:1::252:40784 > 2001:dbf:0:1::200:9675 PA / Raw,,,
#121 : 50.41s,   90b, 881,         2001:dbf:0:1::200>2001:dbd:0:1::252         ,Ether / Dot1Q / IPv6 / TCP 2001:dbf:0:1::200:9675 > 2001:dbd:0:1::252:40784 A,,,
#122 : 50.41s, 8410b, 881,         2001:dbd:0:1::252>2001:dbf:0:1::200         ,Ether / Dot1Q / IPv6 / TCP 2001:dbd:0:1::252:40784 > 2001:dbf:0:1::200:9675 PA / Raw,,,
#123 : 52.89s,  304b, 881,         2001:dbf:0:1::200>2001:dbd:0:1::252         ,Ether / Dot1Q / IPv6 / TCP 2001:dbf:0:1::200:9675 > 2001:dbd:0:1::252:40784 PA / Raw,http: Detected,,
#124 : 52.90s,   90b, 881,         2001:dbd:0:1::252>2001:dbf:0:1::200         ,Ether / Dot1Q / IPv6 / TCP 2001:dbd:0:1::252:40784 > 2001:dbf:0:1::200:9675 A,,,
#125 : 54.59s,   90b, 881,         2001:dbd:0:1::252>2001:dbf:0:1::200         ,Ether / Dot1Q / IPv6 / TCP 2001:dbd:0:1::252:40784 > 2001:dbf:0:1::200:9675 FA,,,
#126 : 54.59s,   90b, 881,         2001:dbf:0:1::200>2001:dbd:0:1::252         ,Ether / Dot1Q / IPv6 / TCP 2001:dbf:0:1::200:9675 > 2001:dbd:0:1::252:40784 FA,,,
#127 : 54.60s,   90b, 881,         2001:dbd:0:1::252>2001:dbf:0:1::200         ,Ether / Dot1Q / IPv6 / TCP 2001:dbd:0:1::252:40784 > 2001:dbf:0:1::200:9675 A,,,
#128 : 54.96s,   98b, 881,         2001:dbf:0:1::200>2001:dbd:0:1::252         ,Ether / Dot1Q / IPv6 / TCP 2001:dbf:0:1::200:39780 > 2001:dbd:0:1::252:7547 S,,,
#129 : 54.97s,   98b, 881,         2001:dbd:0:1::252>2001:dbf:0:1::200         ,Ether / Dot1Q / IPv6 / TCP 2001:dbd:0:1::252:7547 > 2001:dbf:0:1::200:39780 SA,,,
#130 : 54.97s,   90b, 881,         2001:dbf:0:1::200>2001:dbd:0:1::252         ,Ether / Dot1Q / IPv6 / TCP 2001:dbf:0:1::200:39780 > 2001:dbd:0:1::252:7547 A,,,
#131 : 54.97s,  202b, 881,         2001:dbf:0:1::200>2001:dbd:0:1::252         ,Ether / Dot1Q / IPv6 / TCP 2001:dbf:0:1::200:39780 > 2001:dbd:0:1::252:7547 PA / Raw,http: Detected,,
#132 : 54.98s,   90b, 881,         2001:dbd:0:1::252>2001:dbf:0:1::200         ,Ether / Dot1Q / IPv6 / TCP 2001:dbd:0:1::252:7547 > 2001:dbf:0:1::200:39780 A,,,
#133 : 54.98s,  156b, 881,         2001:dbd:0:1::252>2001:dbd:0:1::129         ,Ether / Dot1Q / IPv6 / UDP / DNS Qry "b'0.0.2.0.0.0.0.0.0.0.0.0.0.0.0.0.1.0.0.0.0.0.0.0.f.b.d.0.1.0....,,,
#134 : 54.99s,  188b, 881,         2001:dbd:0:1::129>2001:dbd:0:1::252         ,Ether / Dot1Q / IPv6 / UDP / DNS Ans "b'acs2.revdomain.com.'" ,,,
#135 : 54.99s,  846b, 881,         2001:dbd:0:1::252>2001:dbf:0:1::200         ,Ether / Dot1Q / IPv6 / TCP 2001:dbd:0:1::252:7547 > 2001:dbf:0:1::200:39780 PA / Raw,http: Detected,,
#136 : 55.00s,   90b, 881,         2001:dbf:0:1::200>2001:dbd:0:1::252         ,Ether / Dot1Q / IPv6 / TCP 2001:dbf:0:1::200:39780 > 2001:dbd:0:1::252:7547 A,,,
#137 : 55.00s,  443b, 881,         2001:dbf:0:1::200>2001:dbd:0:1::252         ,Ether / Dot1Q / IPv6 / TCP 2001:dbf:0:1::200:39780 > 2001:dbd:0:1::252:7547 PA / Raw,http: Detected,,
#138 : 55.01s,  294b, 881,         2001:dbd:0:1::252>2001:dbf:0:1::200         ,Ether / Dot1Q / IPv6 / TCP 2001:dbd:0:1::252:7547 > 2001:dbf:0:1::200:39780 PA / Raw,http: Detected,,
#139 : 55.01s,   90b, 881,         2001:dbf:0:1::200>2001:dbd:0:1::252         ,Ether / Dot1Q / IPv6 / TCP 2001:dbf:0:1::200:39780 > 2001:dbd:0:1::252:7547 FA,,,
#140 : 55.01s,   90b, 881,         2001:dbd:0:1::252>2001:dbf:0:1::200         ,Ether / Dot1Q / IPv6 / TCP 2001:dbd:0:1::252:7547 > 2001:dbf:0:1::200:39780 FA,,,
#141 : 55.02s,   90b, 881,         2001:dbf:0:1::200>2001:dbd:0:1::252         ,Ether / Dot1Q / IPv6 / TCP 2001:dbf:0:1::200:39780 > 2001:dbd:0:1::252:7547 A,,,
#142 : 55.02s,  102b, 881,         2001:dbd:0:1::252>2001:dbd:0:1::129         ,Ether / Dot1Q / IPv6 / UDP / DNS Qry "b'acs2.revdomain.com.'" ,,,
#143 : 55.03s,  118b, 881,         2001:dbd:0:1::129>2001:dbd:0:1::252         ,Ether / Dot1Q / IPv6 / UDP / DNS Ans "10.10.10.200" ,,,
#144 : 55.04s,  102b, 881,         2001:dbd:0:1::252>2001:dbd:0:1::129         ,Ether / Dot1Q / IPv6 / UDP / DNS Qry "b'acs2.revdomain.com.'" ,,,
#145 : 55.04s,  130b, 881,         2001:dbd:0:1::129>2001:dbd:0:1::252         ,Ether / Dot1Q / IPv6 / UDP / DNS Ans "2001:dbf:0:1::200" ,,,
#146 : 55.05s,   98b, 881,         2001:dbd:0:1::252>2001:dbf:0:1::200         ,Ether / Dot1Q / IPv6 / TCP 2001:dbd:0:1::252:37992 > 2001:dbf:0:1::200:9675 S,,,
#147 : 55.05s,   98b, 881,         2001:dbf:0:1::200>2001:dbd:0:1::252         ,Ether / Dot1Q / IPv6 / TCP 2001:dbf:0:1::200:9675 > 2001:dbd:0:1::252:37992 SA,,,
#148 : 55.05s,   90b, 881,         2001:dbd:0:1::252>2001:dbf:0:1::200         ,Ether / Dot1Q / IPv6 / TCP 2001:dbd:0:1::252:37992 > 2001:dbf:0:1::200:9675 A,,,
#149 : 55.06s,  222b, 881,         2001:dbd:0:1::252>2001:dbf:0:1::200         ,Ether / Dot1Q / IPv6 / TCP 2001:dbd:0:1::252:37992 > 2001:dbf:0:1::200:9675 PA / Raw,http: Detected,,inform: Detected
#150 : 55.06s,   90b, 881,         2001:dbf:0:1::200>2001:dbd:0:1::252         ,Ether / Dot1Q / IPv6 / TCP 2001:dbf:0:1::200:9675 > 2001:dbd:0:1::252:37992 A,,,
#151 : 55.07s, 2450b, 881,         2001:dbd:0:1::252>2001:dbf:0:1::200         ,Ether / Dot1Q / IPv6 / TCP 2001:dbd:0:1::252:37992 > 2001:dbf:0:1::200:9675 PA / Raw,,soap: Detected,
#152 : 55.07s,   90b, 881,         2001:dbf:0:1::200>2001:dbd:0:1::252         ,Ether / Dot1Q / IPv6 / TCP 2001:dbf:0:1::200:9675 > 2001:dbd:0:1::252:37992 A,,,
#153 : 55.08s,  846b, 881,         2001:dbf:0:1::200>2001:dbd:0:1::252         ,Ether / Dot1Q / IPv6 / TCP 2001:dbf:0:1::200:9675 > 2001:dbd:0:1::252:37992 PA / Raw,http: Detected,,
#154 : 55.08s,   90b, 881,         2001:dbd:0:1::252>2001:dbf:0:1::200         ,Ether / Dot1Q / IPv6 / TCP 2001:dbd:0:1::252:37992 > 2001:dbf:0:1::200:9675 A,,,
#155 : 55.28s,  250b, 881,         2001:dbd:0:1::252>2001:dbf:0:1::200         ,Ether / Dot1Q / IPv6 / TCP 2001:dbd:0:1::252:37992 > 2001:dbf:0:1::200:9675 PA / Raw,http: Detected,,
#156 : 55.32s,   90b, 881,         2001:dbf:0:1::200>2001:dbd:0:1::252         ,Ether / Dot1Q / IPv6 / TCP 2001:dbf:0:1::200:9675 > 2001:dbd:0:1::252:37992 A,,,
#157 : 55.38s,  957b, 881,         2001:dbf:0:1::200>2001:dbd:0:1::252         ,Ether / Dot1Q / IPv6 / TCP 2001:dbf:0:1::200:9675 > 2001:dbd:0:1::252:37992 PA / Raw,http: Detected,,
#158 : 55.39s,   90b, 881,         2001:dbd:0:1::252>2001:dbf:0:1::200         ,Ether / Dot1Q / IPv6 / TCP 2001:dbd:0:1::252:37992 > 2001:dbf:0:1::200:9675 A,,,
#159 : 55.40s,  305b, 881,         2001:dbd:0:1::252>2001:dbf:0:1::200         ,Ether / Dot1Q / IPv6 / TCP 2001:dbd:0:1::252:37992 > 2001:dbf:0:1::200:9675 PA / Raw,http: Detected,,
#160 : 55.40s,   90b, 881,         2001:dbf:0:1::200>2001:dbd:0:1::252         ,Ether / Dot1Q / IPv6 / TCP 2001:dbf:0:1::200:9675 > 2001:dbd:0:1::252:37992 A,,,
#161 : 55.40s, 7230b, 881,         2001:dbd:0:1::252>2001:dbf:0:1::200         ,Ether / Dot1Q / IPv6 / TCP 2001:dbd:0:1::252:37992 > 2001:dbf:0:1::200:9675 PA / Raw,,soap: Detected,
#162 : 55.41s,   90b, 881,         2001:dbf:0:1::200>2001:dbd:0:1::252         ,Ether / Dot1Q / IPv6 / TCP 2001:dbf:0:1::200:9675 > 2001:dbd:0:1::252:37992 A,,,
#163 : 55.41s, 2183b, 881,         2001:dbd:0:1::252>2001:dbf:0:1::200         ,Ether / Dot1Q / IPv6 / TCP 2001:dbd:0:1::252:37992 > 2001:dbf:0:1::200:9675 PA / Raw,,,
#164 : 55.41s,   90b, 881,         2001:dbf:0:1::200>2001:dbd:0:1::252         ,Ether / Dot1Q / IPv6 / TCP 2001:dbf:0:1::200:9675 > 2001:dbd:0:1::252:37992 A,,,
#165 : 55.47s,  304b, 881,         2001:dbf:0:1::200>2001:dbd:0:1::252         ,Ether / Dot1Q / IPv6 / TCP 2001:dbf:0:1::200:9675 > 2001:dbd:0:1::252:37992 PA / Raw,http: Detected,,
#166 : 55.51s,   90b, 881,         2001:dbd:0:1::252>2001:dbf:0:1::200         ,Ether / Dot1Q / IPv6 / TCP 2001:dbd:0:1::252:37992 > 2001:dbf:0:1::200:9675 A,,,
#167 : 55.99s,   98b, 881,         2001:dbf:0:1::200>2001:dbd:0:1::252         ,Ether / Dot1Q / IPv6 / TCP 2001:dbf:0:1::200:39794 > 2001:dbd:0:1::252:7547 S,,,
#168 : 55.99s,   98b, 881,         2001:dbd:0:1::252>2001:dbf:0:1::200         ,Ether / Dot1Q / IPv6 / TCP 2001:dbd:0:1::252:7547 > 2001:dbf:0:1::200:39794 SA,,,
#169 : 55.99s,   90b, 881,         2001:dbf:0:1::200>2001:dbd:0:1::252         ,Ether / Dot1Q / IPv6 / TCP 2001:dbf:0:1::200:39794 > 2001:dbd:0:1::252:7547 A,,,
#170 : 56.00s,  202b, 881,         2001:dbf:0:1::200>2001:dbd:0:1::252         ,Ether / Dot1Q / IPv6 / TCP 2001:dbf:0:1::200:39794 > 2001:dbd:0:1::252:7547 PA / Raw,http: Detected,,
#171 : 56.00s,   90b, 881,         2001:dbd:0:1::252>2001:dbf:0:1::200         ,Ether / Dot1Q / IPv6 / TCP 2001:dbd:0:1::252:7547 > 2001:dbf:0:1::200:39794 A,,,
#172 : 56.01s,  156b, 881,         2001:dbd:0:1::252>2001:dbd:0:1::129         ,Ether / Dot1Q / IPv6 / UDP / DNS Qry "b'0.0.2.0.0.0.0.0.0.0.0.0.0.0.0.0.1.0.0.0.0.0.0.0.f.b.d.0.1.0....,,,
#173 : 56.01s,  188b, 881,         2001:dbd:0:1::129>2001:dbd:0:1::252         ,Ether / Dot1Q / IPv6 / UDP / DNS Ans "b'acs2.revdomain.com.'" ,,,
#174 : 56.02s,  846b, 881,         2001:dbd:0:1::252>2001:dbf:0:1::200         ,Ether / Dot1Q / IPv6 / TCP 2001:dbd:0:1::252:7547 > 2001:dbf:0:1::200:39794 PA / Raw,http: Detected,,
#175 : 56.02s,   90b, 881,         2001:dbf:0:1::200>2001:dbd:0:1::252         ,Ether / Dot1Q / IPv6 / TCP 2001:dbf:0:1::200:39794 > 2001:dbd:0:1::252:7547 A,,,
#176 : 56.03s,  443b, 881,         2001:dbf:0:1::200>2001:dbd:0:1::252         ,Ether / Dot1Q / IPv6 / TCP 2001:dbf:0:1::200:39794 > 2001:dbd:0:1::252:7547 PA / Raw,http: Detected,,
#177 : 56.03s,  294b, 881,         2001:dbd:0:1::252>2001:dbf:0:1::200         ,Ether / Dot1Q / IPv6 / TCP 2001:dbd:0:1::252:7547 > 2001:dbf:0:1::200:39794 PA / Raw,http: Detected,,
#178 : 56.03s,   90b, 881,         2001:dbf:0:1::200>2001:dbd:0:1::252         ,Ether / Dot1Q / IPv6 / TCP 2001:dbf:0:1::200:39794 > 2001:dbd:0:1::252:7547 FA,,,
#179 : 56.04s,   90b, 881,         2001:dbd:0:1::252>2001:dbf:0:1::200         ,Ether / Dot1Q / IPv6 / TCP 2001:dbd:0:1::252:7547 > 2001:dbf:0:1::200:39794 A,,,
#180 : 57.17s,   90b, 881,         2001:dbd:0:1::252>2001:dbf:0:1::200         ,Ether / Dot1Q / IPv6 / TCP 2001:dbd:0:1::252:37992 > 2001:dbf:0:1::200:9675 FA,,,
#181 : 57.17s,   90b, 881,         2001:dbf:0:1::200>2001:dbd:0:1::252         ,Ether / Dot1Q / IPv6 / TCP 2001:dbf:0:1::200:9675 > 2001:dbd:0:1::252:37992 FA,,,
#182 : 57.17s,   90b, 881,         2001:dbd:0:1::252>2001:dbf:0:1::200         ,Ether / Dot1Q / IPv6 / TCP 2001:dbd:0:1::252:37992 > 2001:dbf:0:1::200:9675 A,,,
#183 : 57.57s,   90b, 881,         2001:dbd:0:1::252>2001:dbf:0:1::200         ,Ether / Dot1Q / IPv6 / TCP 2001:dbd:0:1::252:7547 > 2001:dbf:0:1::200:39794 FA,,,
#184 : 57.58s,   90b, 881,         2001:dbf:0:1::200>2001:dbd:0:1::252         ,Ether / Dot1Q / IPv6 / TCP 2001:dbf:0:1::200:39794 > 2001:dbd:0:1::252:7547 A,,,
#185 : 57.59s,  102b, 881,         2001:dbd:0:1::252>2001:dbd:0:1::129         ,Ether / Dot1Q / IPv6 / UDP / DNS Qry "b'acs2.revdomain.com.'" ,,,
#186 : 57.60s,  118b, 881,         2001:dbd:0:1::129>2001:dbd:0:1::252         ,Ether / Dot1Q / IPv6 / UDP / DNS Ans "10.10.10.200" ,,,
#187 : 57.62s,  102b, 881,         2001:dbd:0:1::252>2001:dbd:0:1::129         ,Ether / Dot1Q / IPv6 / UDP / DNS Qry "b'acs2.revdomain.com.'" ,,,
#188 : 57.62s,  130b, 881,         2001:dbd:0:1::129>2001:dbd:0:1::252         ,Ether / Dot1Q / IPv6 / UDP / DNS Ans "2001:dbf:0:1::200" ,,,
#189 : 57.63s,   98b, 881,         2001:dbd:0:1::252>2001:dbf:0:1::200         ,Ether / Dot1Q / IPv6 / TCP 2001:dbd:0:1::252:38004 > 2001:dbf:0:1::200:9675 S,,,
#190 : 57.63s,   98b, 881,         2001:dbf:0:1::200>2001:dbd:0:1::252         ,Ether / Dot1Q / IPv6 / TCP 2001:dbf:0:1::200:9675 > 2001:dbd:0:1::252:38004 SA,,,
#191 : 57.63s,   90b, 881,         2001:dbd:0:1::252>2001:dbf:0:1::200         ,Ether / Dot1Q / IPv6 / TCP 2001:dbd:0:1::252:38004 > 2001:dbf:0:1::200:9675 A,,,
#192 : 57.64s,  222b, 881,         2001:dbd:0:1::252>2001:dbf:0:1::200         ,Ether / Dot1Q / IPv6 / TCP 2001:dbd:0:1::252:38004 > 2001:dbf:0:1::200:9675 PA / Raw,http: Detected,,inform: Detected
#193 : 57.64s,   90b, 881,         2001:dbf:0:1::200>2001:dbd:0:1::252         ,Ether / Dot1Q / IPv6 / TCP 2001:dbf:0:1::200:9675 > 2001:dbd:0:1::252:38004 A,,,
#194 : 57.64s, 2450b, 881,         2001:dbd:0:1::252>2001:dbf:0:1::200         ,Ether / Dot1Q / IPv6 / TCP 2001:dbd:0:1::252:38004 > 2001:dbf:0:1::200:9675 PA / Raw,,soap: Detected,
#195 : 57.65s,   90b, 881,         2001:dbf:0:1::200>2001:dbd:0:1::252         ,Ether / Dot1Q / IPv6 / TCP 2001:dbf:0:1::200:9675 > 2001:dbd:0:1::252:38004 A,,,
#196 : 57.66s,  846b, 881,         2001:dbf:0:1::200>2001:dbd:0:1::252         ,Ether / Dot1Q / IPv6 / TCP 2001:dbf:0:1::200:9675 > 2001:dbd:0:1::252:38004 PA / Raw,http: Detected,,
#197 : 57.67s,   90b, 881,         2001:dbd:0:1::252>2001:dbf:0:1::200         ,Ether / Dot1Q / IPv6 / TCP 2001:dbd:0:1::252:38004 > 2001:dbf:0:1::200:9675 A,,,
#198 : 57.86s,  250b, 881,         2001:dbd:0:1::252>2001:dbf:0:1::200         ,Ether / Dot1Q / IPv6 / TCP 2001:dbd:0:1::252:38004 > 2001:dbf:0:1::200:9675 PA / Raw,http: Detected,,
#199 : 57.87s,   90b, 881,         2001:dbf:0:1::200>2001:dbd:0:1::252         ,Ether / Dot1Q / IPv6 / TCP 2001:dbf:0:1::200:9675 > 2001:dbd:0:1::252:38004 A,,,
#200 : 58.01s,  951b, 881,         2001:dbf:0:1::200>2001:dbd:0:1::252         ,Ether / Dot1Q / IPv6 / TCP 2001:dbf:0:1::200:9675 > 2001:dbd:0:1::252:38004 PA / Raw,http: Detected,,
#201 : 58.01s,   90b, 881,         2001:dbd:0:1::252>2001:dbf:0:1::200         ,Ether / Dot1Q / IPv6 / TCP 2001:dbd:0:1::252:38004 > 2001:dbf:0:1::200:9675 A,,,
#202 : 59.17s,  306b, 881,         2001:dbd:0:1::252>2001:dbf:0:1::200         ,Ether / Dot1Q / IPv6 / TCP 2001:dbd:0:1::252:38004 > 2001:dbf:0:1::200:9675 PA / Raw,http: Detected,,
#203 : 59.17s,   90b, 881,         2001:dbf:0:1::200>2001:dbd:0:1::252         ,Ether / Dot1Q / IPv6 / TCP 2001:dbf:0:1::200:9675 > 2001:dbd:0:1::252:38004 A,,,
#204 : 59.17s, 7230b, 881,         2001:dbd:0:1::252>2001:dbf:0:1::200         ,Ether / Dot1Q / IPv6 / TCP 2001:dbd:0:1::252:38004 > 2001:dbf:0:1::200:9675 PA / Raw,,soap: Detected,
#205 : 59.18s,   90b, 881,         2001:dbf:0:1::200>2001:dbd:0:1::252         ,Ether / Dot1Q / IPv6 / TCP 2001:dbf:0:1::200:9675 > 2001:dbd:0:1::252:38004 A,,,
#206 : 59.18s, 7230b, 881,         2001:dbd:0:1::252>2001:dbf:0:1::200         ,Ether / Dot1Q / IPv6 / TCP 2001:dbd:0:1::252:38004 > 2001:dbf:0:1::200:9675 PA / Raw,,,
#207 : 59.19s,   90b, 881,         2001:dbf:0:1::200>2001:dbd:0:1::252         ,Ether / Dot1Q / IPv6 / TCP 2001:dbf:0:1::200:9675 > 2001:dbd:0:1::252:38004 A,,,
#208 : 59.19s,10086b, 881,         2001:dbd:0:1::252>2001:dbf:0:1::200         ,Ether / Dot1Q / IPv6 / TCP 2001:dbd:0:1::252:38004 > 2001:dbf:0:1::200:9675 PA / Raw,,,
#209 : 59.20s,   90b, 881,         2001:dbf:0:1::200>2001:dbd:0:1::252         ,Ether / Dot1Q / IPv6 / TCP 2001:dbf:0:1::200:9675 > 2001:dbd:0:1::252:38004 A,,,
#210 : 59.20s, 4374b, 881,         2001:dbd:0:1::252>2001:dbf:0:1::200         ,Ether / Dot1Q / IPv6 / TCP 2001:dbd:0:1::252:38004 > 2001:dbf:0:1::200:9675 PA / Raw,,,
#211 : 59.20s,   90b, 881,         2001:dbf:0:1::200>2001:dbd:0:1::252         ,Ether / Dot1Q / IPv6 / TCP 2001:dbf:0:1::200:9675 > 2001:dbd:0:1::252:38004 A,,,
#212 : 59.21s,14370b, 881,         2001:dbd:0:1::252>2001:dbf:0:1::200         ,Ether / Dot1Q / IPv6 / TCP 2001:dbd:0:1::252:38004 > 2001:dbf:0:1::200:9675 PA / Raw,,,
#213 : 59.21s,   90b, 881,         2001:dbf:0:1::200>2001:dbd:0:1::252         ,Ether / Dot1Q / IPv6 / TCP 2001:dbf:0:1::200:9675 > 2001:dbd:0:1::252:38004 A,,,
#214 : 59.22s, 2946b, 881,         2001:dbd:0:1::252>2001:dbf:0:1::200         ,Ether / Dot1Q / IPv6 / TCP 2001:dbd:0:1::252:38004 > 2001:dbf:0:1::200:9675 PA / Raw,,,
#215 : 59.22s,   90b, 881,         2001:dbf:0:1::200>2001:dbd:0:1::252         ,Ether / Dot1Q / IPv6 / TCP 2001:dbf:0:1::200:9675 > 2001:dbd:0:1::252:38004 A,,,
#216 : 59.22s,17226b, 881,         2001:dbd:0:1::252>2001:dbf:0:1::200         ,Ether / Dot1Q / IPv6 / TCP 2001:dbd:0:1::252:38004 > 2001:dbf:0:1::200:9675 PA / Raw,,,
#217 : 59.23s,   90b, 881,         2001:dbf:0:1::200>2001:dbd:0:1::252         ,Ether / Dot1Q / IPv6 / TCP 2001:dbf:0:1::200:9675 > 2001:dbd:0:1::252:38004 A,,,
#218 : 59.23s,14370b, 881,         2001:dbd:0:1::252>2001:dbf:0:1::200         ,Ether / Dot1Q / IPv6 / TCP 2001:dbd:0:1::252:38004 > 2001:dbf:0:1::200:9675 PA / Raw,,,
#219 : 59.24s,   90b, 881,         2001:dbf:0:1::200>2001:dbd:0:1::252         ,Ether / Dot1Q / IPv6 / TCP 2001:dbf:0:1::200:9675 > 2001:dbd:0:1::252:38004 A,,,
#220 : 59.24s, 1383b, 881,         2001:dbd:0:1::252>2001:dbf:0:1::200         ,Ether / Dot1Q / IPv6 / TCP 2001:dbd:0:1::252:38004 > 2001:dbf:0:1::200:9675 PA / Raw,,,
#221 : 59.25s,   90b, 881,         2001:dbf:0:1::200>2001:dbd:0:1::252         ,Ether / Dot1Q / IPv6 / TCP 2001:dbf:0:1::200:9675 > 2001:dbd:0:1::252:38004 A,,,
#222 : 59.39s,  304b, 881,         2001:dbf:0:1::200>2001:dbd:0:1::252         ,Ether / Dot1Q / IPv6 / TCP 2001:dbf:0:1::200:9675 > 2001:dbd:0:1::252:38004 PA / Raw,http: Detected,,
#223 : 59.39s,   90b, 881,         2001:dbd:0:1::252>2001:dbf:0:1::200         ,Ether / Dot1Q / IPv6 / TCP 2001:dbd:0:1::252:38004 > 2001:dbf:0:1::200:9675 A,,,
#224 : 60.24s,   98b, 881,         2001:dbf:0:1::200>2001:dbd:0:1::252         ,Ether / Dot1Q / IPv6 / TCP 2001:dbf:0:1::200:39806 > 2001:dbd:0:1::252:7547 S,,,
#225 : 60.24s,   98b, 881,         2001:dbd:0:1::252>2001:dbf:0:1::200         ,Ether / Dot1Q / IPv6 / TCP 2001:dbd:0:1::252:7547 > 2001:dbf:0:1::200:39806 SA,,,
#226 : 60.25s,   90b, 881,         2001:dbf:0:1::200>2001:dbd:0:1::252         ,Ether / Dot1Q / IPv6 / TCP 2001:dbf:0:1::200:39806 > 2001:dbd:0:1::252:7547 A,,,
#227 : 60.26s,  202b, 881,         2001:dbf:0:1::200>2001:dbd:0:1::252         ,Ether / Dot1Q / IPv6 / TCP 2001:dbf:0:1::200:39806 > 2001:dbd:0:1::252:7547 PA / Raw,http: Detected,,
#228 : 60.26s,   90b, 881,         2001:dbd:0:1::252>2001:dbf:0:1::200         ,Ether / Dot1Q / IPv6 / TCP 2001:dbd:0:1::252:7547 > 2001:dbf:0:1::200:39806 A,,,
#229 : 60.27s,  156b, 881,         2001:dbd:0:1::252>2001:dbd:0:1::129         ,Ether / Dot1Q / IPv6 / UDP / DNS Qry "b'0.0.2.0.0.0.0.0.0.0.0.0.0.0.0.0.1.0.0.0.0.0.0.0.f.b.d.0.1.0....,,,
#230 : 60.27s,  188b, 881,         2001:dbd:0:1::129>2001:dbd:0:1::252         ,Ether / Dot1Q / IPv6 / UDP / DNS Ans "b'acs2.revdomain.com.'" ,,,
#231 : 60.28s,  846b, 881,         2001:dbd:0:1::252>2001:dbf:0:1::200         ,Ether / Dot1Q / IPv6 / TCP 2001:dbd:0:1::252:7547 > 2001:dbf:0:1::200:39806 PA / Raw,http: Detected,,
#232 : 60.28s,   90b, 881,         2001:dbf:0:1::200>2001:dbd:0:1::252         ,Ether / Dot1Q / IPv6 / TCP 2001:dbf:0:1::200:39806 > 2001:dbd:0:1::252:7547 A,,,
#233 : 60.29s,  443b, 881,         2001:dbf:0:1::200>2001:dbd:0:1::252         ,Ether / Dot1Q / IPv6 / TCP 2001:dbf:0:1::200:39806 > 2001:dbd:0:1::252:7547 PA / Raw,http: Detected,,
#234 : 60.29s,  294b, 881,         2001:dbd:0:1::252>2001:dbf:0:1::200         ,Ether / Dot1Q / IPv6 / TCP 2001:dbd:0:1::252:7547 > 2001:dbf:0:1::200:39806 PA / Raw,http: Detected,,
#235 : 60.29s,   90b, 881,         2001:dbf:0:1::200>2001:dbd:0:1::252         ,Ether / Dot1Q / IPv6 / TCP 2001:dbf:0:1::200:39806 > 2001:dbd:0:1::252:7547 FA,,,
#236 : 60.30s,   90b, 881,         2001:dbd:0:1::252>2001:dbf:0:1::200         ,Ether / Dot1Q / IPv6 / TCP 2001:dbd:0:1::252:7547 > 2001:dbf:0:1::200:39806 A,,,
#237 : 61.21s,   90b, 881,         2001:dbd:0:1::252>2001:dbf:0:1::200         ,Ether / Dot1Q / IPv6 / TCP 2001:dbd:0:1::252:38004 > 2001:dbf:0:1::200:9675 FA,,,
#238 : 61.21s,   90b, 881,         2001:dbf:0:1::200>2001:dbd:0:1::252         ,Ether / Dot1Q / IPv6 / TCP 2001:dbf:0:1::200:9675 > 2001:dbd:0:1::252:38004 FA,,,
#239 : 61.22s,   90b, 881,         2001:dbd:0:1::252>2001:dbf:0:1::200         ,Ether / Dot1Q / IPv6 / TCP 2001:dbd:0:1::252:38004 > 2001:dbf:0:1::200:9675 A,,,
#240 : 61.61s,   90b, 881,         2001:dbd:0:1::252>2001:dbf:0:1::200         ,Ether / Dot1Q / IPv6 / TCP 2001:dbd:0:1::252:7547 > 2001:dbf:0:1::200:39806 FA,,,
#241 : 61.62s,   90b, 881,         2001:dbf:0:1::200>2001:dbd:0:1::252         ,Ether / Dot1Q / IPv6 / TCP 2001:dbf:0:1::200:39806 > 2001:dbd:0:1::252:7547 A,,,
#242 : 61.63s,  102b, 881,         2001:dbd:0:1::252>2001:dbd:0:1::129         ,Ether / Dot1Q / IPv6 / UDP / DNS Qry "b'acs2.revdomain.com.'" ,,,
#243 : 61.63s,  118b, 881,         2001:dbd:0:1::129>2001:dbd:0:1::252         ,Ether / Dot1Q / IPv6 / UDP / DNS Ans "10.10.10.200" ,,,
#244 : 61.66s,  102b, 881,         2001:dbd:0:1::252>2001:dbd:0:1::129         ,Ether / Dot1Q / IPv6 / UDP / DNS Qry "b'acs2.revdomain.com.'" ,,,
#245 : 61.66s,  130b, 881,         2001:dbd:0:1::129>2001:dbd:0:1::252         ,Ether / Dot1Q / IPv6 / UDP / DNS Ans "2001:dbf:0:1::200" ,,,
#246 : 61.66s,   98b, 881,         2001:dbd:0:1::252>2001:dbf:0:1::200         ,Ether / Dot1Q / IPv6 / TCP 2001:dbd:0:1::252:38012 > 2001:dbf:0:1::200:9675 S,,,
#247 : 61.67s,   98b, 881,         2001:dbf:0:1::200>2001:dbd:0:1::252         ,Ether / Dot1Q / IPv6 / TCP 2001:dbf:0:1::200:9675 > 2001:dbd:0:1::252:38012 SA,,,
#248 : 61.67s,   90b, 881,         2001:dbd:0:1::252>2001:dbf:0:1::200         ,Ether / Dot1Q / IPv6 / TCP 2001:dbd:0:1::252:38012 > 2001:dbf:0:1::200:9675 A,,,
#249 : 61.67s,  222b, 881,         2001:dbd:0:1::252>2001:dbf:0:1::200         ,Ether / Dot1Q / IPv6 / TCP 2001:dbd:0:1::252:38012 > 2001:dbf:0:1::200:9675 PA / Raw,http: Detected,,inform: Detected
#250 : 61.68s,   90b, 881,         2001:dbf:0:1::200>2001:dbd:0:1::252         ,Ether / Dot1Q / IPv6 / TCP 2001:dbf:0:1::200:9675 > 2001:dbd:0:1::252:38012 A,,,
#251 : 61.68s, 2450b, 881,         2001:dbd:0:1::252>2001:dbf:0:1::200         ,Ether / Dot1Q / IPv6 / TCP 2001:dbd:0:1::252:38012 > 2001:dbf:0:1::200:9675 PA / Raw,,soap: Detected,
#252 : 61.69s,   90b, 881,         2001:dbf:0:1::200>2001:dbd:0:1::252         ,Ether / Dot1Q / IPv6 / TCP 2001:dbf:0:1::200:9675 > 2001:dbd:0:1::252:38012 A,,,
#253 : 61.69s,  846b, 881,         2001:dbf:0:1::200>2001:dbd:0:1::252         ,Ether / Dot1Q / IPv6 / TCP 2001:dbf:0:1::200:9675 > 2001:dbd:0:1::252:38012 PA / Raw,http: Detected,,
#254 : 61.70s,   90b, 881,         2001:dbd:0:1::252>2001:dbf:0:1::200         ,Ether / Dot1Q / IPv6 / TCP 2001:dbd:0:1::252:38012 > 2001:dbf:0:1::200:9675 A,,,
#255 : 61.89s,  250b, 881,         2001:dbd:0:1::252>2001:dbf:0:1::200         ,Ether / Dot1Q / IPv6 / TCP 2001:dbd:0:1::252:38012 > 2001:dbf:0:1::200:9675 PA / Raw,http: Detected,,
#256 : 61.93s,   90b, 881,         2001:dbf:0:1::200>2001:dbd:0:1::252         ,Ether / Dot1Q / IPv6 / TCP 2001:dbf:0:1::200:9675 > 2001:dbd:0:1::252:38012 A,,,
#257 : 62.01s,  940b, 881,         2001:dbf:0:1::200>2001:dbd:0:1::252         ,Ether / Dot1Q / IPv6 / TCP 2001:dbf:0:1::200:9675 > 2001:dbd:0:1::252:38012 PA / Raw,http: Detected,,
#258 : 62.02s,   90b, 881,         2001:dbd:0:1::252>2001:dbf:0:1::200         ,Ether / Dot1Q / IPv6 / TCP 2001:dbd:0:1::252:38012 > 2001:dbf:0:1::200:9675 A,,,
#259 : 66.66s,  308b, 881,         2001:dbd:0:1::252>2001:dbf:0:1::200         ,Ether / Dot1Q / IPv6 / TCP 2001:dbd:0:1::252:38012 > 2001:dbf:0:1::200:9675 PA / Raw,http: Detected,,
#260 : 66.67s,   90b, 881,         2001:dbf:0:1::200>2001:dbd:0:1::252         ,Ether / Dot1Q / IPv6 / TCP 2001:dbf:0:1::200:9675 > 2001:dbd:0:1::252:38012 A,,,
#261 : 66.67s, 7230b, 881,         2001:dbd:0:1::252>2001:dbf:0:1::200         ,Ether / Dot1Q / IPv6 / TCP 2001:dbd:0:1::252:38012 > 2001:dbf:0:1::200:9675 PA / Raw,,soap: Detected,
#262 : 66.67s,   90b, 881,         2001:dbf:0:1::200>2001:dbd:0:1::252         ,Ether / Dot1Q / IPv6 / TCP 2001:dbf:0:1::200:9675 > 2001:dbd:0:1::252:38012 A,,,
#263 : 66.68s, 7230b, 881,         2001:dbd:0:1::252>2001:dbf:0:1::200         ,Ether / Dot1Q / IPv6 / TCP 2001:dbd:0:1::252:38012 > 2001:dbf:0:1::200:9675 PA / Raw,,,
#264 : 66.68s,   90b, 881,         2001:dbf:0:1::200>2001:dbd:0:1::252         ,Ether / Dot1Q / IPv6 / TCP 2001:dbf:0:1::200:9675 > 2001:dbd:0:1::252:38012 A,,,
#265 : 66.69s,10086b, 881,         2001:dbd:0:1::252>2001:dbf:0:1::200         ,Ether / Dot1Q / IPv6 / TCP 2001:dbd:0:1::252:38012 > 2001:dbf:0:1::200:9675 PA / Raw,,,
#266 : 66.69s,   90b, 881,         2001:dbf:0:1::200>2001:dbd:0:1::252         ,Ether / Dot1Q / IPv6 / TCP 2001:dbf:0:1::200:9675 > 2001:dbd:0:1::252:38012 A,,,
#267 : 66.69s, 4374b, 881,         2001:dbd:0:1::252>2001:dbf:0:1::200         ,Ether / Dot1Q / IPv6 / TCP 2001:dbd:0:1::252:38012 > 2001:dbf:0:1::200:9675 PA / Raw,,,
#268 : 66.70s,   90b, 881,         2001:dbf:0:1::200>2001:dbd:0:1::252         ,Ether / Dot1Q / IPv6 / TCP 2001:dbf:0:1::200:9675 > 2001:dbd:0:1::252:38012 A,,,
#269 : 66.70s,14370b, 881,         2001:dbd:0:1::252>2001:dbf:0:1::200         ,Ether / Dot1Q / IPv6 / TCP 2001:dbd:0:1::252:38012 > 2001:dbf:0:1::200:9675 PA / Raw,,,
#270 : 66.70s,   90b, 881,         2001:dbf:0:1::200>2001:dbd:0:1::252         ,Ether / Dot1Q / IPv6 / TCP 2001:dbf:0:1::200:9675 > 2001:dbd:0:1::252:38012 A,,,
#271 : 66.71s, 2946b, 881,         2001:dbd:0:1::252>2001:dbf:0:1::200         ,Ether / Dot1Q / IPv6 / TCP 2001:dbd:0:1::252:38012 > 2001:dbf:0:1::200:9675 PA / Raw,,,
#272 : 66.71s,   90b, 881,         2001:dbf:0:1::200>2001:dbd:0:1::252         ,Ether / Dot1Q / IPv6 / TCP 2001:dbf:0:1::200:9675 > 2001:dbd:0:1::252:38012 A,,,
#273 : 66.71s,17226b, 881,         2001:dbd:0:1::252>2001:dbf:0:1::200         ,Ether / Dot1Q / IPv6 / TCP 2001:dbd:0:1::252:38012 > 2001:dbf:0:1::200:9675 PA / Raw,,,
#274 : 66.72s,   90b, 881,         2001:dbf:0:1::200>2001:dbd:0:1::252         ,Ether / Dot1Q / IPv6 / TCP 2001:dbf:0:1::200:9675 > 2001:dbd:0:1::252:38012 A,,,
#275 : 66.72s, 8658b, 881,         2001:dbd:0:1::252>2001:dbf:0:1::200         ,Ether / Dot1Q / IPv6 / TCP 2001:dbd:0:1::252:38012 > 2001:dbf:0:1::200:9675 PA / Raw,,,
#276 : 66.73s,   90b, 881,         2001:dbf:0:1::200>2001:dbd:0:1::252         ,Ether / Dot1Q / IPv6 / TCP 2001:dbf:0:1::200:9675 > 2001:dbd:0:1::252:38012 A,,,
#277 : 66.73s, 5802b, 881,         2001:dbd:0:1::252>2001:dbf:0:1::200         ,Ether / Dot1Q / IPv6 / TCP 2001:dbd:0:1::252:38012 > 2001:dbf:0:1::200:9675 PA / Raw,,,
#278 : 66.73s,   90b, 881,         2001:dbf:0:1::200>2001:dbd:0:1::252         ,Ether / Dot1Q / IPv6 / TCP 2001:dbf:0:1::200:9675 > 2001:dbd:0:1::252:38012 A,,,
#279 : 66.74s,22938b, 881,         2001:dbd:0:1::252>2001:dbf:0:1::200         ,Ether / Dot1Q / IPv6 / TCP 2001:dbd:0:1::252:38012 > 2001:dbf:0:1::200:9675 PA / Raw,,,
#280 : 66.74s,   90b, 881,         2001:dbf:0:1::200>2001:dbd:0:1::252         ,Ether / Dot1Q / IPv6 / TCP 2001:dbf:0:1::200:9675 > 2001:dbd:0:1::252:38012 A,,,
#281 : 66.74s, 5802b, 881,         2001:dbd:0:1::252>2001:dbf:0:1::200         ,Ether / Dot1Q / IPv6 / TCP 2001:dbd:0:1::252:38012 > 2001:dbf:0:1::200:9675 PA / Raw,,,
#282 : 66.75s,   90b, 881,         2001:dbf:0:1::200>2001:dbd:0:1::252         ,Ether / Dot1Q / IPv6 / TCP 2001:dbf:0:1::200:9675 > 2001:dbd:0:1::252:38012 A,,,
#283 : 66.75s, 2946b, 881,         2001:dbd:0:1::252>2001:dbf:0:1::200         ,Ether / Dot1Q / IPv6 / TCP 2001:dbd:0:1::252:38012 > 2001:dbf:0:1::200:9675 PA / Raw,,,
#284 : 66.76s,   90b, 881,         2001:dbf:0:1::200>2001:dbd:0:1::252         ,Ether / Dot1Q / IPv6 / TCP 2001:dbf:0:1::200:9675 > 2001:dbd:0:1::252:38012 A,,,
#285 : 66.76s,61494b, 881,         2001:dbd:0:1::252>2001:dbf:0:1::200         ,Ether / Dot1Q / IPv6 / TCP 2001:dbd:0:1::252:38012 > 2001:dbf:0:1::200:9675 PA / Raw,,,
#286 : 69.68s,  304b, 881,         2001:dbf:0:1::200>2001:dbd:0:1::252         ,Ether / Dot1Q / IPv6 / TCP 2001:dbf:0:1::200:9675 > 2001:dbd:0:1::252:38012 PA / Raw,http: Detected,,
#287 : 69.69s,   90b, 881,         2001:dbd:0:1::252>2001:dbf:0:1::200         ,Ether / Dot1Q / IPv6 / TCP 2001:dbd:0:1::252:38012 > 2001:dbf:0:1::200:9675 A,,,
#288 : 71.27s,   82b,1081,  fe80::216:3eff:fe00:1081>ff02::1                   ,Ether / Dot1Q / IPv6 / ICMPv6ND_RA / ICMPv6 Neighbor Discovery Option - Source Link-Layer Address 00...,,,
#289 : 71.39s,   90b, 881,         2001:dbd:0:1::252>2001:dbf:0:1::200         ,Ether / Dot1Q / IPv6 / TCP 2001:dbd:0:1::252:38012 > 2001:dbf:0:1::200:9675 FA,,,
#290 : 71.39s,   90b, 881,         2001:dbf:0:1::200>2001:dbd:0:1::252         ,Ether / Dot1Q / IPv6 / TCP 2001:dbf:0:1::200:9675 > 2001:dbd:0:1::252:38012 FA,,,
#291 : 71.39s,   90b, 881,         2001:dbd:0:1::252>2001:dbf:0:1::200         ,Ether / Dot1Q / IPv6 / TCP 2001:dbd:0:1::252:38012 > 2001:dbf:0:1::200:9675 A,,,
