
@@@eSafeDevice_Initialize(macAddr)
    /usr/lib/libgwprovappabs.so.0(eSafeDevice_Initialize+0x70) [0xf7f766d2]
    /usr/bin/CcspCMAgentSsp() [0x80501a7]
    /usr/bin/CcspCMAgentSsp() [0x80502ba]
    /usr/ccsp/../../lib/libpthread.so.0(+0x7f91) [0xf7f95f91]
    /usr/ccsp/../../lib/libc.so.6(clone+0x66) [0xf7c27b96]

@@@SME_CreateEventHandler(pAppCallBack)
    /usr/lib/libgwprovappabs.so.0(SME_CreateEventHandler+0x76) [0xf7f77640]
    /usr/bin/CcspCMAgentSsp() [0x8050245]
    /usr/bin/CcspCMAgentSsp() [0x80502ba]
    /usr/ccsp/../../lib/libpthread.so.0(+0x7f91) [0xf7f95f91]
    /usr/ccsp/../../lib/libc.so.6(clone+0x66) [0xf7c27b96]

@@@EventHandler(arg)
    /usr/lib/libgwprovappabs.so.0(+0x1259) [0xf7f76259]
    /usr/ccsp/../../lib/libpthread.so.0(+0x7f91) [0xf7f95f91]
    /usr/ccsp/../../lib/libc.so.6(clone+0x66) [0xf7c27b96]

@@@registerDocsisInitEvents()
    /usr/lib/libgwprovappabs.so.0(registerDocsisInitEvents+0x70) [0xf7f77287]
    /usr/bin/CcspCMAgentSsp() [0x804dc73]
    /usr/lib/libgwprovappabs.so.0(SME_CreateEventHandler+0x118) [0xf7f776e2]
    /usr/bin/CcspCMAgentSsp() [0x8050245]
    /usr/bin/CcspCMAgentSsp() [0x80502ba]
    /usr/ccsp/../../lib/libpthread.so.0(+0x7f91) [0xf7f95f91]
    /usr/ccsp/../../lib/libc.so.6(clone+0x66) [0xf7c27b96]

@@@sendProcessReadySignal()
    /usr/lib/libgwprovappabs.so.0(sendProcessReadySignal+0x70) [0xf7f77b19]
    /usr/bin/CcspCMAgentSsp() [0x804dda3]
    /usr/lib/libgwprovappabs.so.0(SME_CreateEventHandler+0x118) [0xf7f776e2]
    /usr/bin/CcspCMAgentSsp() [0x8050245]
    /usr/bin/CcspCMAgentSsp() [0x80502ba]
    /usr/ccsp/../../lib/libpthread.so.0(+0x7f91) [0xf7f95f91]
    /usr/ccsp/../../lib/libc.so.6(clone+0x66) [0xf7c27b96]

@@@getNetworkDeviceMacAddress(macAddr)
    /usr/lib/libgwprovappabs.so.0(getNetworkDeviceMacAddress+0x70) [0xf7f76d23]
    /usr/bin/CcspCMAgentSsp() [0x804ddae]
    /usr/lib/libgwprovappabs.so.0(SME_CreateEventHandler+0x118) [0xf7f776e2]
    /usr/bin/CcspCMAgentSsp() [0x8050245]
    /usr/bin/CcspCMAgentSsp() [0x80502ba]
    /usr/ccsp/../../lib/libpthread.so.0(+0x7f91) [0xf7f95f91]
    /usr/ccsp/../../lib/libc.so.6(clone+0x66) [0xf7c27b96]

@@@initializeDocsisInterface()
    /usr/lib/libgwprovappabs.so.0(initializeDocsisInterface+0x70) [0xf7f7746c]
    /usr/bin/CcspCMAgentSsp() [0x804e01a]
    /usr/lib/libgwprovappabs.so.0(+0x12fe) [0xf7f762fe]
    /usr/ccsp/../../lib/libpthread.so.0(+0x7f91) [0xf7f95f91]
    /usr/ccsp/../../lib/libc.so.6(clone+0x66) [0xf7c27b96]

@@@getNetworkDeviceMacAddress(macAddr)
    /usr/lib/libgwprovappabs.so.0(getNetworkDeviceMacAddress+0x70) [0xf7f76d23]
    /usr/bin/CcspCMAgentSsp() [0x804e022]
    /usr/lib/libgwprovappabs.so.0(+0x12fe) [0xf7f762fe]
    /usr/ccsp/../../lib/libpthread.so.0(+0x7f91) [0xf7f95f91]
    /usr/ccsp/../../lib/libc.so.6(clone+0x66) [0xf7c27b96]

@@@eSafeDevice_Initialize(macAddr)
    /usr/lib/libgwprovappabs.so.0(eSafeDevice_Initialize+0x70) [0xf7f766d2]
    /usr/bin/CcspCMAgentSsp() [0x804e02a]
    /usr/lib/libgwprovappabs.so.0(+0x12fe) [0xf7f762fe]
    /usr/ccsp/../../lib/libpthread.so.0(+0x7f91) [0xf7f95f91]
    /usr/ccsp/../../lib/libc.so.6(clone+0x66) [0xf7c27b96]

@@@eSafeDevice_SetProvisioningStatusProgress(StatusProgress)
    /usr/lib/libgwprovappabs.so.0(eSafeDevice_SetProvisioningStatusProgress+0x70) [0xf7f76987]
    /usr/bin/CcspCMAgentSsp() [0x804e036]
    /usr/lib/libgwprovappabs.so.0(+0x12fe) [0xf7f762fe]
    /usr/ccsp/../../lib/libpthread.so.0(+0x7f91) [0xf7f95f91]
    /usr/ccsp/../../lib/libc.so.6(clone+0x66) [0xf7c27b96]

@@@eSafeDevice_Enable(enableMode)
    /usr/lib/libgwprovappabs.so.0(eSafeDevice_Enable+0x70) [0xf7f765eb]
    /usr/bin/CcspCMAgentSsp() [0x804e077]
    /usr/lib/libgwprovappabs.so.0(+0x12fe) [0xf7f762fe]
    /usr/ccsp/../../lib/libpthread.so.0(+0x7f91) [0xf7f95f91]
    /usr/ccsp/../../lib/libc.so.6(clone+0x66) [0xf7c27b96]

@@@eSafeDevice_SetErouterOperStatus(operStatus)
    /usr/lib/libgwprovappabs.so.0(eSafeDevice_SetErouterOperStatus+0x70) [0xf7f76c3c]
    /usr/bin/CcspCMAgentSsp() [0x804e0c3]
    /usr/lib/libgwprovappabs.so.0(+0x12fe) [0xf7f762fe]
    /usr/ccsp/../../lib/libpthread.so.0(+0x7f91) [0xf7f95f91]
    /usr/ccsp/../../lib/libc.so.6(clone+0x66) [0xf7c27b96]

@@@eSafeDevice_SetErouterOperationMode(operMode)
    /usr/lib/libgwprovappabs.so.0(eSafeDevice_SetErouterOperationMode+0x70) [0xf7f768a0]
    /usr/bin/CcspCMAgentSsp() [0x804e0db]
    /usr/lib/libgwprovappabs.so.0(+0x12fe) [0xf7f762fe]
    /usr/ccsp/../../lib/libpthread.so.0(+0x7f91) [0xf7f95f91]
    /usr/ccsp/../../lib/libc.so.6(clone+0x66) [0xf7c27b96]

@@@eSafeDevice_SetServiceIntImpact()
    /usr/lib/libgwprovappabs.so.0(eSafeDevice_SetServiceIntImpact+0x70) [0xf7f76b55]
    /usr/bin/CcspCMAgentSsp() [0x804e0e0]
    /usr/lib/libgwprovappabs.so.0(+0x12fe) [0xf7f762fe]
    /usr/ccsp/../../lib/libpthread.so.0(+0x7f91) [0xf7f95f91]
    /usr/ccsp/../../lib/libc.so.6(clone+0x66) [0xf7c27b96]

@@@connectLocalBridge(a)
    /usr/lib/libgwprovappabs.so.0(connectLocalBridge+0x6a) [0xf7f770b9]
    /usr/bin/CcspCMAgentSsp() [0x804e127]
    /usr/lib/libgwprovappabs.so.0(+0x12fe) [0xf7f762fe]
    /usr/ccsp/../../lib/libpthread.so.0(+0x7f91) [0xf7f95f91]
    /usr/ccsp/../../lib/libc.so.6(clone+0x66) [0xf7c27b96]

@@@connectLocalBridge(a)
    /usr/lib/libgwprovappabs.so.0(connectLocalBridge+0x6a) [0xf7f770b9]
    /usr/bin/CcspCMAgentSsp() [0x804e149]
    /usr/lib/libgwprovappabs.so.0(+0x12fe) [0xf7f762fe]
    /usr/ccsp/../../lib/libpthread.so.0(+0x7f91) [0xf7f95f91]
    /usr/ccsp/../../lib/libc.so.6(clone+0x66) [0xf7c27b96]

@@@notifyDocsisInitializedResponse()
    /usr/lib/libgwprovappabs.so.0(notifyDocsisInitializedResponse+0x70) [0xf7f771a0]
    /usr/bin/CcspCMAgentSsp() [0x804e15a]
    /usr/lib/libgwprovappabs.so.0(+0x12fe) [0xf7f762fe]
    /usr/ccsp/../../lib/libpthread.so.0(+0x7f91) [0xf7f95f91]
    /usr/ccsp/../../lib/libc.so.6(clone+0x66) [0xf7c27b96]

@@@getInterfaceLinkLocalAddress(ifname, linkLocalAddr)
    /usr/lib/libgwprovappabs.so.0(getInterfaceLinkLocalAddress+0x70) [0xf7f76fd8]
    /usr/bin/CcspCMAgentSsp() [0x804e16d]
    /usr/lib/libgwprovappabs.so.0(+0x12fe) [0xf7f762fe]
    /usr/ccsp/../../lib/libpthread.so.0(+0x7f91) [0xf7f95f91]
    /usr/ccsp/../../lib/libc.so.6(clone+0x66) [0xf7c27b96]

@@@getMultiCastGroupAddress(inetAddr, inetMcgrpAddr)
    /usr/lib/libgwprovappabs.so.0(getMultiCastGroupAddress+0x70) [0xf7f76e0a]
    /usr/bin/CcspCMAgentSsp() [0x804e176]
    /usr/lib/libgwprovappabs.so.0(+0x12fe) [0xf7f762fe]
    /usr/ccsp/../../lib/libpthread.so.0(+0x7f91) [0xf7f95f91]
    /usr/ccsp/../../lib/libc.so.6(clone+0x66) [0xf7c27b96]

@@@getInterfaceLinkLocalAddress(ifname, linkLocalAddr)
    /usr/lib/libgwprovappabs.so.0(getInterfaceLinkLocalAddress+0x70) [0xf7f76fd8]
    /usr/bin/CcspCMAgentSsp() [0x804e243]
    /usr/lib/libgwprovappabs.so.0(+0x12fe) [0xf7f762fe]
    /usr/ccsp/../../lib/libpthread.so.0(+0x7f91) [0xf7f95f91]
    /usr/ccsp/../../lib/libc.so.6(clone+0x66) [0xf7c27b96]

@@@getMultiCastGroupAddress(inetAddr, inetMcgrpAddr)
    /usr/lib/libgwprovappabs.so.0(getMultiCastGroupAddress+0x70) [0xf7f76e0a]
    /usr/bin/CcspCMAgentSsp() [0x804e252]
    /usr/lib/libgwprovappabs.so.0(+0x12fe) [0xf7f762fe]
    /usr/ccsp/../../lib/libpthread.so.0(+0x7f91) [0xf7f95f91]
    /usr/ccsp/../../lib/libc.so.6(clone+0x66) [0xf7c27b96]

@@@parseTlv(confFileBuff, confFileBuffLen)
    /usr/lib/libgwprovappabs.so.0(parseTlv+0x70) [0xf7f77ce7]
    /usr/bin/CcspCMAgentSsp() [0x804e963]
    /usr/lib/libgwprovappabs.so.0(+0x1368) [0xf7f76368]
    /usr/ccsp/../../lib/libpthread.so.0(+0x7f91) [0xf7f95f91]
    /usr/ccsp/../../lib/libc.so.6(clone+0x66) [0xf7c27b96]

@@@eSafeDevice_GetErouterOperationMode(operMode)
    /usr/lib/libgwprovappabs.so.0(eSafeDevice_GetErouterOperationMode+0x70) [0xf7f76a6e]
    /usr/bin/CcspCMAgentSsp() [0x804e9be]
    /usr/lib/libgwprovappabs.so.0(+0x1368) [0xf7f76368]
    /usr/ccsp/../../lib/libpthread.so.0(+0x7f91) [0xf7f95f91]
    /usr/ccsp/../../lib/libc.so.6(clone+0x66) [0xf7c27b96]

@@@sendPseudoBridgeModeMessage(enable)
    /usr/lib/libgwprovappabs.so.0(sendPseudoBridgeModeMessage+0x70) [0xf7f76502]
    /usr/bin/CcspCMAgentSsp() [0x804e626]
    /usr/bin/CcspCMAgentSsp() [0x8052fb9]
    /usr/bin/CcspCMAgentSsp() [0x804e9fb]
    /usr/lib/libgwprovappabs.so.0(+0x1368) [0xf7f76368]
    /usr/ccsp/../../lib/libpthread.so.0(+0x7f91) [0xf7f95f91]
    /usr/ccsp/../../lib/libc.so.6(clone+0x66) [0xf7c27b96]

@@@eSafeDevice_SetErouterOperationMode(operMode)
    /usr/lib/libgwprovappabs.so.0(eSafeDevice_SetErouterOperationMode+0x70) [0xf7f768a0]
    /usr/bin/CcspCMAgentSsp() [0x8052fc7]
    /usr/bin/CcspCMAgentSsp() [0x804e9fb]
    /usr/lib/libgwprovappabs.so.0(+0x1368) [0xf7f76368]
    /usr/ccsp/../../lib/libpthread.so.0(+0x7f91) [0xf7f95f91]
    /usr/ccsp/../../lib/libc.so.6(clone+0x66) [0xf7c27b96]

@@@notificationReply_CfgFileForEsafe()
    /usr/lib/libgwprovappabs.so.0(notificationReply_CfgFileForEsafe+0x70) [0xf7f7777d]
    /usr/bin/CcspCMAgentSsp() [0x804ea56]
    /usr/lib/libgwprovappabs.so.0(+0x1368) [0xf7f76368]
    /usr/ccsp/../../lib/libpthread.so.0(+0x7f91) [0xf7f95f91]
    /usr/ccsp/../../lib/libc.so.6(clone+0x66) [0xf7c27b96]

@@@sendPseudoBridgeModeMessage(enable)
    /usr/lib/libgwprovappabs.so.0(sendPseudoBridgeModeMessage+0x70) [0xf7f76502]
    /usr/bin/CcspCMAgentSsp() [0x804e626]
    /usr/bin/CcspCMAgentSsp() [0x804ea5b]
    /usr/lib/libgwprovappabs.so.0(+0x1368) [0xf7f76368]
    /usr/ccsp/../../lib/libpthread.so.0(+0x7f91) [0xf7f95f91]
    /usr/ccsp/../../lib/libc.so.6(clone+0x66) [0xf7c27b96]

@@@eSafeDevice_SetProvisioningStatusProgress(StatusProgress)
    /usr/lib/libgwprovappabs.so.0(eSafeDevice_SetProvisioningStatusProgress+0x70) [0xf7f76987]
    /usr/bin/CcspCMAgentSsp() [0x804efb8]
    /usr/ccsp/../../lib/libpthread.so.0(+0x7f91) [0xf7f95f91]
    /usr/ccsp/../../lib/libc.so.6(clone+0x66) [0xf7c27b96]

@@@eSafeDevice_GetErouterOperationMode(operMode)
    /usr/lib/libgwprovappabs.so.0(eSafeDevice_GetErouterOperationMode+0x70) [0xf7f76a6e]
    /usr/bin/CcspCMAgentSsp() [0x804efc6]
    /usr/ccsp/../../lib/libpthread.so.0(+0x7f91) [0xf7f95f91]
    /usr/ccsp/../../lib/libc.so.6(clone+0x66) [0xf7c27b96]

@@@eSafeDevice_SetErouterOperationMode(operMode)
    /usr/lib/libgwprovappabs.so.0(eSafeDevice_SetErouterOperationMode+0x70) [0xf7f768a0]
    /usr/bin/CcspCMAgentSsp() [0x804f03c]
    /usr/ccsp/../../lib/libpthread.so.0(+0x7f91) [0xf7f95f91]
    /usr/ccsp/../../lib/libc.so.6(clone+0x66) [0xf7c27b96]

@@@eSafeDevice_SetProvisioningStatusProgress(StatusProgress)
    /usr/lib/libgwprovappabs.so.0(eSafeDevice_SetProvisioningStatusProgress+0x70) [0xf7f76987]
    /usr/bin/CcspCMAgentSsp() [0x804f0cd]
    /usr/ccsp/../../lib/libpthread.so.0(+0x7f91) [0xf7f95f91]
    /usr/ccsp/../../lib/libc.so.6(clone+0x66) [0xf7c27b96]

@@@eSafeDevice_GetErouterOperationMode(operMode)
    /usr/lib/libgwprovappabs.so.0(eSafeDevice_GetErouterOperationMode+0x70) [0xf7f76a6e]
    /usr/bin/CcspCMAgentSsp() [0x804f0db]
    /usr/ccsp/../../lib/libpthread.so.0(+0x7f91) [0xf7f95f91]
    /usr/ccsp/../../lib/libc.so.6(clone+0x66) [0xf7c27b96]

@@@eSafeDevice_SetErouterOperationMode(operMode)
    /usr/lib/libgwprovappabs.so.0(eSafeDevice_SetErouterOperationMode+0x70) [0xf7f768a0]
    /usr/bin/CcspCMAgentSsp() [0x804f140]
    /usr/ccsp/../../lib/libpthread.so.0(+0x7f91) [0xf7f95f91]
    /usr/ccsp/../../lib/libc.so.6(clone+0x66) [0xf7c27b96]

@@@getMultiCastGroupAddress(inetAddr, inetMcgrpAddr)
    /usr/lib/libgwprovappabs.so.0(getMultiCastGroupAddress+0x70) [0xf7f76e0a]
    /usr/bin/CcspCMAgentSsp() [0x804f684]
    /usr/ccsp/../../lib/libpthread.so.0(+0x7f91) [0xf7f95f91]
    /usr/ccsp/../../lib/libc.so.6(clone+0x66) [0xf7c27b96]

@@@sendPseudoBridgeModeMessage(enable)
    /usr/lib/libgwprovappabs.so.0(sendPseudoBridgeModeMessage+0x70) [0xf7f76502]
    /usr/bin/CcspCMAgentSsp() [0x8050003]
    /usr/lib/libgwprovappabs.so.0(+0x138e) [0xf7f7638e]
    /usr/ccsp/../../lib/libpthread.so.0(+0x7f91) [0xf7f95f91]
    /usr/ccsp/../../lib/libc.so.6(clone+0x66) [0xf7c27b96]
