
@@@platform_hal_PandMDBInit()
    /usr/lib/libhal_platform.so.0(platform_hal_PandMDBInit+0x70) [0xf5e2de1a]
    /usr/lib/libtr181.so(CosaDmlDiInit+0x15) [0xf5f6e631]
    /usr/lib/libtr181.so(CosaDeviceInfoInitialize+0x3d) [0xf5ff4214]
    /usr/lib/libtr181.so(CosaDeviceInfoCreate+0x51) [0xf5ff4387]
    /usr/lib/libtr181.so(CosaBackEndManagerInitialize+0xe5) [0xf6030d5f]
    /usr/lib/libtr181.so(COSA_Init+0x346) [0xf6030b39]
    /usr/lib/libccsp_common.so.0(DslhDmagntLoadDataModelXMLInternal+0x127) [0xf7d56257]
    /usr/lib/libccsp_common.so.0(DslhDmagntLoadDataModelXML2+0x32) [0xf7d564ab]
    /usr/lib/libccsp_common.so.0(DslhCpecoLoadExternalDMLibFile2+0x28) [0xf7d58111]
    /usr/lib/libccsp_common.so.0(DslhCpecoRegisterDataModelInternal+0x1ee) [0xf7d5879b]
    /usr/lib/libccsp_common.so.0(DslhCpecoRegisterDataModel2+0x2c) [0xf7d58c13]
    /usr/bin/CcspPandMSsp(ssp_engage_pnm+0x13a) [0x804bda1]
    /usr/bin/CcspPandMSsp(cmd_dispatch+0x110) [0x804b8f4]
    /usr/bin/CcspPandMSsp(main+0x990) [0x804af50]
    /usr/ccsp/../../lib/libc.so.6(__libc_start_main+0xed) [0xf7a80e2d]
    /usr/bin/CcspPandMSsp(_start+0x21) [0x804b271]

@@@platform_hal_DocsisParamsDBInit()
    /usr/lib/libhal_platform.so.0(platform_hal_DocsisParamsDBInit+0x70) [0xf5e2df03]
    /usr/lib/libtr181.so(CosaDmlDcInit+0xa0) [0xf5fb3cf2]
    /usr/lib/libtr181.so(CosaDeviceControlInitialize+0x20) [0xf60233b3]
    /usr/lib/libtr181.so(CosaDeviceControlCreate+0x51) [0xf6023710]
    /usr/lib/libtr181.so(CosaBackEndManagerInitialize+0x3c5) [0xf603103f]
    /usr/lib/libtr181.so(COSA_Init+0x346) [0xf6030b39]
    /usr/lib/libccsp_common.so.0(DslhDmagntLoadDataModelXMLInternal+0x127) [0xf7d56257]
    /usr/lib/libccsp_common.so.0(DslhDmagntLoadDataModelXML2+0x32) [0xf7d564ab]
    /usr/lib/libccsp_common.so.0(DslhCpecoLoadExternalDMLibFile2+0x28) [0xf7d58111]
    /usr/lib/libccsp_common.so.0(DslhCpecoRegisterDataModelInternal+0x1ee) [0xf7d5879b]
    /usr/lib/libccsp_common.so.0(DslhCpecoRegisterDataModel2+0x2c) [0xf7d58c13]
    /usr/bin/CcspPandMSsp(ssp_engage_pnm+0x13a) [0x804bda1]
    /usr/bin/CcspPandMSsp(cmd_dispatch+0x110) [0x804b8f4]
    /usr/bin/CcspPandMSsp(main+0x990) [0x804af50]
    /usr/ccsp/../../lib/libc.so.6(__libc_start_main+0xed) [0xf7a80e2d]
    /usr/bin/CcspPandMSsp(_start+0x21) [0x804b271]

@@@platform_hal_getUIDefaultPassword(pValue, len)
    /usr/lib/libhal_platform.so.0(platform_hal_getUIDefaultPassword+0x7c) [0xf5e30ee0]
    /usr/lib/libtr181.so(CosaDmlGiGetDefaultAdminPassword+0x20) [0xf5fc76d7]
    /usr/lib/libtr181.so(CosaLgiGeneralInitialize+0x117) [0xf603cdc0]
    /usr/lib/libtr181.so(CosaLgiGeneralCreate+0x51) [0xf603cf00]
    /usr/lib/libtr181.so(CosaBackEndManagerInitialize+0x4e2) [0xf603115c]
    /usr/lib/libtr181.so(COSA_Init+0x346) [0xf6030b39]
    /usr/lib/libccsp_common.so.0(DslhDmagntLoadDataModelXMLInternal+0x127) [0xf7d56257]
    /usr/lib/libccsp_common.so.0(DslhDmagntLoadDataModelXML2+0x32) [0xf7d564ab]
    /usr/lib/libccsp_common.so.0(DslhCpecoLoadExternalDMLibFile2+0x28) [0xf7d58111]
    /usr/lib/libccsp_common.so.0(DslhCpecoRegisterDataModelInternal+0x1ee) [0xf7d5879b]
    /usr/lib/libccsp_common.so.0(DslhCpecoRegisterDataModel2+0x2c) [0xf7d58c13]
    /usr/bin/CcspPandMSsp(ssp_engage_pnm+0x13a) [0x804bda1]
    /usr/bin/CcspPandMSsp(cmd_dispatch+0x110) [0x804b8f4]
    /usr/bin/CcspPandMSsp(main+0x990) [0x804af50]
    /usr/ccsp/../../lib/libc.so.6(__libc_start_main+0xed) [0xf7a80e2d]
    /usr/bin/CcspPandMSsp(_start+0x21) [0x804b271]

@@@platform_hal_GetLedPONRegistrationErrorTimer()
    /usr/lib/libhal_platform.so.0(platform_hal_GetLedPONRegistrationErrorTimer+0x70) [0xf5e316bc]
    /usr/lib/libtr181.so(CosaDmlGiGetLedPONRegistrationErrorTimer+0x15) [0xf5fc7996]
    /usr/lib/libtr181.so(CosaLgiGeneralInitialize+0x187) [0xf603ce30]
    /usr/lib/libtr181.so(CosaLgiGeneralCreate+0x51) [0xf603cf00]
    /usr/lib/libtr181.so(CosaBackEndManagerInitialize+0x4e2) [0xf603115c]
    /usr/lib/libtr181.so(COSA_Init+0x346) [0xf6030b39]
    /usr/lib/libccsp_common.so.0(DslhDmagntLoadDataModelXMLInternal+0x127) [0xf7d56257]
    /usr/lib/libccsp_common.so.0(DslhDmagntLoadDataModelXML2+0x32) [0xf7d564ab]
    /usr/lib/libccsp_common.so.0(DslhCpecoLoadExternalDMLibFile2+0x28) [0xf7d58111]
    /usr/lib/libccsp_common.so.0(DslhCpecoRegisterDataModelInternal+0x1ee) [0xf7d5879b]
    /usr/lib/libccsp_common.so.0(DslhCpecoRegisterDataModel2+0x2c) [0xf7d58c13]
    /usr/bin/CcspPandMSsp(ssp_engage_pnm+0x13a) [0x804bda1]
    /usr/bin/CcspPandMSsp(cmd_dispatch+0x110) [0x804b8f4]
    /usr/bin/CcspPandMSsp(main+0x990) [0x804af50]
    /usr/ccsp/../../lib/libc.so.6(__libc_start_main+0xed) [0xf7a80e2d]
    /usr/bin/CcspPandMSsp(_start+0x21) [0x804b271]

@@@platform_hal_GetLedOLTProvisioningErrorTimer()
    /usr/lib/libhal_platform.so.0(platform_hal_GetLedOLTProvisioningErrorTimer+0x70) [0xf5e31891]
    /usr/lib/libtr181.so(CosaDmlGiGetLedOLTProvisioningErrorTimer+0x15) [0xf5fc79d5]
    /usr/lib/libtr181.so(CosaLgiGeneralInitialize+0x197) [0xf603ce40]
    /usr/lib/libtr181.so(CosaLgiGeneralCreate+0x51) [0xf603cf00]
    /usr/lib/libtr181.so(CosaBackEndManagerInitialize+0x4e2) [0xf603115c]
    /usr/lib/libtr181.so(COSA_Init+0x346) [0xf6030b39]
    /usr/lib/libccsp_common.so.0(DslhDmagntLoadDataModelXMLInternal+0x127) [0xf7d56257]
    /usr/lib/libccsp_common.so.0(DslhDmagntLoadDataModelXML2+0x32) [0xf7d564ab]
    /usr/lib/libccsp_common.so.0(DslhCpecoLoadExternalDMLibFile2+0x28) [0xf7d58111]
    /usr/lib/libccsp_common.so.0(DslhCpecoRegisterDataModelInternal+0x1ee) [0xf7d5879b]
    /usr/lib/libccsp_common.so.0(DslhCpecoRegisterDataModel2+0x2c) [0xf7d58c13]
    /usr/bin/CcspPandMSsp(ssp_engage_pnm+0x13a) [0x804bda1]
    /usr/bin/CcspPandMSsp(cmd_dispatch+0x110) [0x804b8f4]
    /usr/bin/CcspPandMSsp(main+0x990) [0x804af50]
    /usr/ccsp/../../lib/libc.so.6(__libc_start_main+0xed) [0xf7a80e2d]
    /usr/bin/CcspPandMSsp(_start+0x21) [0x804b271]

@@@platform_hal_GetLedWanDhcpErrorTimer()
    /usr/lib/libhal_platform.so.0(platform_hal_GetLedWanDhcpErrorTimer+0x70) [0xf5e31a66]
    /usr/lib/libtr181.so(CosaDmlGiGetLedWanDhcpErrorTimer+0x15) [0xf5fc7a14]
    /usr/lib/libtr181.so(CosaLgiGeneralInitialize+0x1a7) [0xf603ce50]
    /usr/lib/libtr181.so(CosaLgiGeneralCreate+0x51) [0xf603cf00]
    /usr/lib/libtr181.so(CosaBackEndManagerInitialize+0x4e2) [0xf603115c]
    /usr/lib/libtr181.so(COSA_Init+0x346) [0xf6030b39]
    /usr/lib/libccsp_common.so.0(DslhDmagntLoadDataModelXMLInternal+0x127) [0xf7d56257]
    /usr/lib/libccsp_common.so.0(DslhDmagntLoadDataModelXML2+0x32) [0xf7d564ab]
    /usr/lib/libccsp_common.so.0(DslhCpecoLoadExternalDMLibFile2+0x28) [0xf7d58111]
    /usr/lib/libccsp_common.so.0(DslhCpecoRegisterDataModelInternal+0x1ee) [0xf7d5879b]
    /usr/lib/libccsp_common.so.0(DslhCpecoRegisterDataModel2+0x2c) [0xf7d58c13]
    /usr/bin/CcspPandMSsp(ssp_engage_pnm+0x13a) [0x804bda1]
    /usr/bin/CcspPandMSsp(cmd_dispatch+0x110) [0x804b8f4]
    /usr/bin/CcspPandMSsp(main+0x990) [0x804af50]
    /usr/ccsp/../../lib/libc.so.6(__libc_start_main+0xed) [0xf7a80e2d]
    /usr/bin/CcspPandMSsp(_start+0x21) [0x804b271]

@@@platform_hal_GetModelName(pValue)
    /usr/lib/libhal_platform.so.0(platform_hal_GetModelName+0x76) [0xf7d17ff2]
    /usr/bin/GponManager() [0x80564ba]
    /usr/bin/GponManager() [0x8056567]
    /usr/bin/GponManager() [0x8052df8]
    /usr/bin/GponManager() [0x8052d30]
    /usr/lib/libccsp_common.so.0(DslhDmagntLoadDataModelXMLInternal+0x194) [0xf7de52c4]
    /usr/lib/libccsp_common.so.0(DslhDmagntLoadDataModelXML+0x55) [0xf7de5460]
    /usr/lib/libccsp_common.so.0(DslhDmagntRegBaseDataModel+0x139) [0xf7de5a5d]
    /usr/lib/libccsp_common.so.0(DslhCpecoRegisterDataModelInternal+0x124) [0xf7de76d1]
    /usr/lib/libccsp_common.so.0(DslhCpecoRegisterDataModel2+0x2c) [0xf7de7c13]
    /usr/bin/GponManager() [0x804af0a]
    /usr/bin/GponManager() [0x804b4f6]
    /usr/bin/GponManager() [0x804a9bd]
    /usr/ccsp/../../lib/libc.so.6(__libc_start_main+0xed) [0xf7af8e2d]
    /usr/bin/GponManager() [0x804aa91]

@@@platform_hal_GetBaseMacAddress(pValue)
    /usr/lib/libhal_platform.so.0(platform_hal_GetBaseMacAddress+0x76) [0xf5e2eb06]
    /usr/lib/libtr181.so(CosaDmlDiGetBaseMacAddress+0x1a) [0xf5f6f00a]
    /usr/lib/libtr181.so(DeviceInfo_GetParamStringValue+0x63c) [0xf5feb569]
    /usr/lib/libccsp_common.so.0(DslhObjcoGetParamValueByName+0x244) [0xf7d4433b]
    /usr/lib/libccsp_common.so.0(DslhObjcoGetBulkParamValue+0x202) [0xf7d4461b]
    /usr/lib/libccsp_common.so.0(DslhWmpdoMpaGetParameterValues+0x4de) [0xf7d4fab7]
    /usr/lib/libccsp_common.so.0(CcspCcMbi_GetParameterValues+0x167) [0xf7d5a060]
    /usr/lib/libccsp_common.so.0(+0xdfd6c) [0xf7d72d6c]
    /usr/lib/librbuscore.so.0(+0x87ed) [0xf76837ed]
    /usr/lib/librbuscore.so.0(+0x88ab) [0xf76838ab]
    /usr/lib/librtMessage.so.0(+0x5025) [0xf7597025]
    /usr/ccsp/../../lib/libpthread.so.0(+0x7f91) [0xf7c54f91]
    /usr/ccsp/../../lib/libc.so.6(clone+0x66) [0xf7b60b96]

@@@platform_hal_GetBaseMacAddress(pValue)
    /usr/lib/libhal_platform.so.0(platform_hal_GetBaseMacAddress+0x76) [0xf5e2eb06]
    /usr/lib/libtr181.so(CosaDmlDiGetBaseMacAddress+0x1a) [0xf5f6f00a]
    /usr/lib/libtr181.so(DeviceInfo_GetParamStringValue+0x63c) [0xf5feb569]
    /usr/lib/libccsp_common.so.0(DslhObjcoGetParamValueByName+0x244) [0xf7d4433b]
    /usr/lib/libccsp_common.so.0(DslhObjcoGetBulkParamValue+0x202) [0xf7d4461b]
    /usr/lib/libccsp_common.so.0(DslhWmpdoMpaGetParameterValues+0x4de) [0xf7d4fab7]
    /usr/lib/libccsp_common.so.0(CcspCcMbi_GetParameterValues+0x167) [0xf7d5a060]
    /usr/lib/libccsp_common.so.0(+0xdfd6c) [0xf7d72d6c]
    /usr/lib/librbuscore.so.0(+0x87ed) [0xf76837ed]
    /usr/lib/librbuscore.so.0(+0x88ab) [0xf76838ab]
    /usr/lib/librtMessage.so.0(+0x5025) [0xf7597025]
    /usr/ccsp/../../lib/libpthread.so.0(+0x7f91) [0xf7c54f91]
    /usr/ccsp/../../lib/libc.so.6(clone+0x66) [0xf7b60b96]

@@@platform_hal_GetBaseMacAddress(pValue)
    /usr/lib/libhal_platform.so.0(platform_hal_GetBaseMacAddress+0x76) [0xf5e2eb06]
    /usr/lib/libtr181.so(CosaDmlDiGetBaseMacAddress+0x1a) [0xf5f6f00a]
    /usr/lib/libtr181.so(DeviceInfo_GetParamStringValue+0x63c) [0xf5feb569]
    /usr/lib/libccsp_common.so.0(DslhObjcoGetParamValueByName+0x244) [0xf7d4433b]
    /usr/lib/libccsp_common.so.0(DslhObjcoGetBulkParamValue+0x202) [0xf7d4461b]
    /usr/lib/libccsp_common.so.0(DslhWmpdoMpaGetParameterValues+0x4de) [0xf7d4fab7]
    /usr/lib/libccsp_common.so.0(CcspCcMbi_GetParameterValues+0x167) [0xf7d5a060]
    /usr/lib/libccsp_common.so.0(+0xdfd6c) [0xf7d72d6c]
    /usr/lib/librbuscore.so.0(+0x87ed) [0xf76837ed]
    /usr/lib/librbuscore.so.0(+0x88ab) [0xf76838ab]
    /usr/lib/librtMessage.so.0(+0x5025) [0xf7597025]
    /usr/ccsp/../../lib/libpthread.so.0(+0x7f91) [0xf7c54f91]
    /usr/ccsp/../../lib/libc.so.6(clone+0x66) [0xf7b60b96]

@@@platform_hal_GetProductClass(pValue)
    /usr/lib/libhal_platform.so.0(platform_hal_GetProductClass+0x7f) [0xf5e31e52]
    /usr/lib/libtr181.so(CosaDmlDiGetProductClass+0x1a) [0xf5f6e808]
    /usr/lib/libtr181.so(DeviceInfo_GetParamStringValue+0x176) [0xf5feb0a3]
    /usr/lib/libccsp_common.so.0(DslhObjcoGetParamValueByName+0x244) [0xf7d4433b]
    /usr/lib/libccsp_common.so.0(DslhObjcoGetBulkParamValue+0x202) [0xf7d4461b]
    /usr/lib/libccsp_common.so.0(DslhWmpdoMpaGetParameterValues+0x4de) [0xf7d4fab7]
    /usr/lib/libccsp_common.so.0(CcspCcMbi_GetParameterValues+0x167) [0xf7d5a060]
    /usr/lib/libccsp_common.so.0(+0xdfd6c) [0xf7d72d6c]
    /usr/lib/librbuscore.so.0(+0x87ed) [0xf76837ed]
    /usr/lib/librbuscore.so.0(+0x88ab) [0xf76838ab]
    /usr/lib/librtMessage.so.0(+0x5025) [0xf7597025]
    /usr/ccsp/../../lib/libpthread.so.0(+0x7f91) [0xf7c54f91]
    /usr/ccsp/../../lib/libc.so.6(clone+0x66) [0xf7b60b96]

@@@platform_hal_GetManufacturerOUI(pValue)
    /usr/lib/libhal_platform.so.0(platform_hal_GetManufacturerOUI+0x76) [0xf5e32056]
    /usr/lib/libtr181.so(CosaDmlDiGetManufacturerOUI+0x1a) [0xf5f6e685]
    /usr/lib/libtr181.so(DeviceInfo_GetParamStringValue+0xc9) [0xf5feaff6]
    /usr/lib/libccsp_common.so.0(DslhObjcoGetParamValueByName+0x244) [0xf7d4433b]
    /usr/lib/libccsp_common.so.0(DslhObjcoGetBulkParamValue+0x202) [0xf7d4461b]
    /usr/lib/libccsp_common.so.0(DslhWmpdoMpaGetParameterValues+0x4de) [0xf7d4fab7]
    /usr/lib/libccsp_common.so.0(CcspCcMbi_GetParameterValues+0x167) [0xf7d5a060]
    /usr/lib/libccsp_common.so.0(+0xdfd6c) [0xf7d72d6c]
    /usr/lib/librbuscore.so.0(+0x87ed) [0xf76837ed]
    /usr/lib/librbuscore.so.0(+0x88ab) [0xf76838ab]
    /usr/lib/librtMessage.so.0(+0x5025) [0xf7597025]
    /usr/ccsp/../../lib/libpthread.so.0(+0x7f91) [0xf7c54f91]
    /usr/ccsp/../../lib/libc.so.6(clone+0x66) [0xf7b60b96]

@@@platform_hal_GetSerialNumber(pValue)
    /usr/lib/libhal_platform.so.0(platform_hal_GetSerialNumber+0x76) [0xf5e2e0f6]
    /usr/lib/libtr181.so(CosaDmlDiGetSerialNumber+0x33) [0xf5f6e84d]
    /usr/lib/libtr181.so(DeviceInfo_GetParamStringValue+0x1ca) [0xf5feb0f7]
    /usr/lib/libccsp_common.so.0(DslhObjcoGetParamValueByName+0x244) [0xf7d4433b]
    /usr/lib/libccsp_common.so.0(DslhObjcoGetBulkParamValue+0x202) [0xf7d4461b]
    /usr/lib/libccsp_common.so.0(DslhWmpdoMpaGetParameterValues+0x4de) [0xf7d4fab7]
    /usr/lib/libccsp_common.so.0(CcspCcMbi_GetParameterValues+0x167) [0xf7d5a060]
    /usr/lib/libccsp_common.so.0(+0xdfd6c) [0xf7d72d6c]
    /usr/lib/librbuscore.so.0(+0x87ed) [0xf76837ed]
    /usr/lib/librbuscore.so.0(+0x88ab) [0xf76838ab]
    /usr/lib/librtMessage.so.0(+0x5025) [0xf7597025]
    /usr/ccsp/../../lib/libpthread.so.0(+0x7f91) [0xf7c54f91]
    /usr/ccsp/../../lib/libc.so.6(clone+0x66) [0xf7b60b96]

@@@platform_hal_GetManufacturerOUI(pValue)
    /usr/lib/libhal_platform.so.0(platform_hal_GetManufacturerOUI+0x76) [0xf5e32056]
    /usr/lib/libtr181.so(CosaDmlDiGetManufacturerOUI+0x1a) [0xf5f6e685]
    /usr/lib/libtr181.so(DeviceInfo_GetParamStringValue+0xc9) [0xf5feaff6]
    /usr/lib/libccsp_common.so.0(DslhObjcoGetParamValueByName+0x244) [0xf7d4433b]
    /usr/lib/libccsp_common.so.0(DslhObjcoGetBulkParamValue+0x202) [0xf7d4461b]
    /usr/lib/libccsp_common.so.0(DslhWmpdoMpaGetParameterValues+0x4de) [0xf7d4fab7]
    /usr/lib/libccsp_common.so.0(CcspCcMbi_GetParameterValues+0x167) [0xf7d5a060]
    /usr/lib/libccsp_common.so.0(+0xdfd6c) [0xf7d72d6c]
    /usr/lib/librbuscore.so.0(+0x87ed) [0xf76837ed]
    /usr/lib/librbuscore.so.0(+0x88ab) [0xf76838ab]
    /usr/lib/librtMessage.so.0(+0x5025) [0xf7597025]
    /usr/ccsp/../../lib/libpthread.so.0(+0x7f91) [0xf7c54f91]
    /usr/ccsp/../../lib/libc.so.6(clone+0x66) [0xf7b60b96]

@@@platform_hal_GetProductClass(pValue)
    /usr/lib/libhal_platform.so.0(platform_hal_GetProductClass+0x7f) [0xf5e31e52]
    /usr/lib/libtr181.so(CosaDmlDiGetProductClass+0x1a) [0xf5f6e808]
    /usr/lib/libtr181.so(DeviceInfo_GetParamStringValue+0x176) [0xf5feb0a3]
    /usr/lib/libccsp_common.so.0(DslhObjcoGetParamValueByName+0x244) [0xf7d4433b]
    /usr/lib/libccsp_common.so.0(DslhObjcoGetBulkParamValue+0x202) [0xf7d4461b]
    /usr/lib/libccsp_common.so.0(DslhWmpdoMpaGetParameterValues+0x4de) [0xf7d4fab7]
    /usr/lib/libccsp_common.so.0(CcspCcMbi_GetParameterValues+0x167) [0xf7d5a060]
    /usr/lib/libccsp_common.so.0(+0xdfd6c) [0xf7d72d6c]
    /usr/lib/librbuscore.so.0(+0x87ed) [0xf76837ed]
    /usr/lib/librbuscore.so.0(+0x88ab) [0xf76838ab]
    /usr/lib/librtMessage.so.0(+0x5025) [0xf7597025]
    /usr/ccsp/../../lib/libpthread.so.0(+0x7f91) [0xf7c54f91]
    /usr/ccsp/../../lib/libc.so.6(clone+0x66) [0xf7b60b96]

@@@platform_hal_GetSerialNumber(pValue)
    /usr/lib/libhal_platform.so.0(platform_hal_GetSerialNumber+0x76) [0xf5e2e0f6]
    /usr/lib/libtr181.so(CosaDmlDiGetSerialNumber+0x33) [0xf5f6e84d]
    /usr/lib/libtr181.so(DeviceInfo_GetParamStringValue+0x1ca) [0xf5feb0f7]
    /usr/lib/libccsp_common.so.0(DslhObjcoGetParamValueByName+0x244) [0xf7d4433b]
    /usr/lib/libccsp_common.so.0(DslhObjcoGetBulkParamValue+0x202) [0xf7d4461b]
    /usr/lib/libccsp_common.so.0(DslhWmpdoMpaGetParameterValues+0x4de) [0xf7d4fab7]
    /usr/lib/libccsp_common.so.0(CcspCcMbi_GetParameterValues+0x167) [0xf7d5a060]
    /usr/lib/libccsp_common.so.0(+0xdfd6c) [0xf7d72d6c]
    /usr/lib/librbuscore.so.0(+0x87ed) [0xf76837ed]
    /usr/lib/librbuscore.so.0(+0x88ab) [0xf76838ab]
    /usr/lib/librtMessage.so.0(+0x5025) [0xf7597025]
    /usr/ccsp/../../lib/libpthread.so.0(+0x7f91) [0xf7c54f91]
    /usr/ccsp/../../lib/libc.so.6(clone+0x66) [0xf7b60b96]

@@@platform_hal_GetProductClass(pValue)
    /usr/lib/libhal_platform.so.0(platform_hal_GetProductClass+0x7f) [0xf5e31e52]
    /usr/lib/libtr181.so(CosaDmlDiGetProductClass+0x1a) [0xf5f6e808]
    /usr/lib/libtr181.so(DeviceInfo_GetParamStringValue+0x176) [0xf5feb0a3]
    /usr/lib/libccsp_common.so.0(DslhObjcoGetParamValueByName+0x244) [0xf7d4433b]
    /usr/lib/libccsp_common.so.0(DslhObjcoGetBulkParamValue+0x202) [0xf7d4461b]
    /usr/lib/libccsp_common.so.0(DslhWmpdoMpaGetParameterValues+0x4de) [0xf7d4fab7]
    /usr/lib/libccsp_common.so.0(CcspCcMbi_GetParameterValues+0x167) [0xf7d5a060]
    /usr/lib/libccsp_common.so.0(+0xdfd6c) [0xf7d72d6c]
    /usr/lib/librbuscore.so.0(+0x87ed) [0xf76837ed]
    /usr/lib/librbuscore.so.0(+0x88ab) [0xf76838ab]
    /usr/lib/librtMessage.so.0(+0x5025) [0xf7597025]
    /usr/ccsp/../../lib/libpthread.so.0(+0x7f91) [0xf7c54f91]
    /usr/ccsp/../../lib/libc.so.6(clone+0x66) [0xf7b60b96]

@@@platform_hal_GetManufacturerOUI(pValue)
    /usr/lib/libhal_platform.so.0(platform_hal_GetManufacturerOUI+0x76) [0xf5e32056]
    /usr/lib/libtr181.so(CosaDmlDiGetManufacturerOUI+0x1a) [0xf5f6e685]
    /usr/lib/libtr181.so(DeviceInfo_GetParamStringValue+0xc9) [0xf5feaff6]
    /usr/lib/libccsp_common.so.0(DslhObjcoGetParamValueByName+0x244) [0xf7d4433b]
    /usr/lib/libccsp_common.so.0(DslhObjcoGetBulkParamValue+0x202) [0xf7d4461b]
    /usr/lib/libccsp_common.so.0(DslhWmpdoMpaGetParameterValues+0x4de) [0xf7d4fab7]
    /usr/lib/libccsp_common.so.0(CcspCcMbi_GetParameterValues+0x167) [0xf7d5a060]
    /usr/lib/libccsp_common.so.0(+0xdfd6c) [0xf7d72d6c]
    /usr/lib/librbuscore.so.0(+0x87ed) [0xf76837ed]
    /usr/lib/librbuscore.so.0(+0x88ab) [0xf76838ab]
    /usr/lib/librtMessage.so.0(+0x5025) [0xf7597025]
    /usr/ccsp/../../lib/libpthread.so.0(+0x7f91) [0xf7c54f91]
    /usr/ccsp/../../lib/libc.so.6(clone+0x66) [0xf7b60b96]

@@@platform_hal_GetSerialNumber(pValue)
    /usr/lib/libhal_platform.so.0(platform_hal_GetSerialNumber+0x76) [0xf5e2e0f6]
    /usr/lib/libtr181.so(CosaDmlDiGetSerialNumber+0x33) [0xf5f6e84d]
    /usr/lib/libtr181.so(DeviceInfo_GetParamStringValue+0x1ca) [0xf5feb0f7]
    /usr/lib/libccsp_common.so.0(DslhObjcoGetParamValueByName+0x244) [0xf7d4433b]
    /usr/lib/libccsp_common.so.0(DslhObjcoGetBulkParamValue+0x202) [0xf7d4461b]
    /usr/lib/libccsp_common.so.0(DslhWmpdoMpaGetParameterValues+0x4de) [0xf7d4fab7]
    /usr/lib/libccsp_common.so.0(CcspCcMbi_GetParameterValues+0x167) [0xf7d5a060]
    /usr/lib/libccsp_common.so.0(+0xdfd6c) [0xf7d72d6c]
    /usr/lib/librbuscore.so.0(+0x87ed) [0xf76837ed]
    /usr/lib/librbuscore.so.0(+0x88ab) [0xf76838ab]
    /usr/lib/librtMessage.so.0(+0x5025) [0xf7597025]
    /usr/ccsp/../../lib/libpthread.so.0(+0x7f91) [0xf7c54f91]
    /usr/ccsp/../../lib/libc.so.6(clone+0x66) [0xf7b60b96]

@@@platform_hal_GetDhcpv6_Options(req_opt_list, send_opt_list)
    /usr/lib/libhal_platform.so.0(platform_hal_GetDhcpv6_Options+0x70) [0xf7cb61ab]
    /usr/lib/libdhcp_client_utils.so.0(start_dhcpv6_client+0x42f) [0xf7c66c13]
    /usr/bin/wanmanager() [0x805b9e2]
    /usr/bin/wanmanager() [0x8052f24]
    /usr/bin/wanmanager() [0x8057aa5]
    /usr/ccsp/../../lib/libpthread.so.0(+0x7f91) [0xf7f12f91]
    /usr/ccsp/../../lib/libc.so.6(clone+0x66) [0xf7b35b96]

@@@platform_hal_GetBaseMacAddress(pValue)
    /usr/lib/libhal_platform.so.0(platform_hal_GetBaseMacAddress+0x76) [0xf7cb4b06]
    /usr/lib/libdhcp_client_utils.so.0(start_dhcpv4_client+0x11d) [0xf7c657a4]
    /usr/bin/wanmanager() [0x805bbd0]
    /usr/bin/wanmanager() [0x8052f9c]
    /usr/bin/wanmanager() [0x8057aa5]
    /usr/ccsp/../../lib/libpthread.so.0(+0x7f91) [0xf7f12f91]
    /usr/ccsp/../../lib/libc.so.6(clone+0x66) [0xf7b35b96]

@@@platform_hal_GetProductClass(pValue)
    /usr/lib/libhal_platform.so.0(platform_hal_GetProductClass+0x7f) [0xf7cb7e52]
    /usr/lib/libdhcp_client_utils.so.0(start_dhcpv4_client+0x211) [0xf7c65898]
    /usr/bin/wanmanager() [0x805bbd0]
    /usr/bin/wanmanager() [0x8052f9c]
    /usr/bin/wanmanager() [0x8057aa5]
    /usr/ccsp/../../lib/libpthread.so.0(+0x7f91) [0xf7f12f91]
    /usr/ccsp/../../lib/libc.so.6(clone+0x66) [0xf7b35b96]

@@@platform_hal_GetSerialNumber(pValue)
    /usr/lib/libhal_platform.so.0(platform_hal_GetSerialNumber+0x76) [0xf7cb40f6]
    /usr/lib/libdhcp_client_utils.so.0(start_dhcpv4_client+0x236) [0xf7c658bd]
    /usr/bin/wanmanager() [0x805bbd0]
    /usr/bin/wanmanager() [0x8052f9c]
    /usr/bin/wanmanager() [0x8057aa5]
    /usr/ccsp/../../lib/libpthread.so.0(+0x7f91) [0xf7f12f91]
    /usr/ccsp/../../lib/libc.so.6(clone+0x66) [0xf7b35b96]

@@@platform_hal_GetProductClass(pValue)
    /usr/lib/libhal_platform.so.0(platform_hal_GetProductClass+0x7f) [0xf7cb7e52]
    /usr/lib/libdhcp_client_utils.so.0(start_dhcpv4_client+0x3a5) [0xf7c65a2c]
    /usr/bin/wanmanager() [0x805bbd0]
    /usr/bin/wanmanager() [0x8052f9c]
    /usr/bin/wanmanager() [0x8057aa5]
    /usr/ccsp/../../lib/libpthread.so.0(+0x7f91) [0xf7f12f91]
    /usr/ccsp/../../lib/libc.so.6(clone+0x66) [0xf7b35b96]

@@@platform_hal_GetModelName(pValue)
    /usr/lib/libhal_platform.so.0(platform_hal_GetModelName+0x76) [0xf7cb3ff2]
    /usr/lib/libdhcp_client_utils.so.0(start_dhcpv4_client+0x431) [0xf7c65ab8]
    /usr/bin/wanmanager() [0x805bbd0]
    /usr/bin/wanmanager() [0x8052f9c]
    /usr/bin/wanmanager() [0x8057aa5]
    /usr/ccsp/../../lib/libpthread.so.0(+0x7f91) [0xf7f12f91]
    /usr/ccsp/../../lib/libc.so.6(clone+0x66) [0xf7b35b96]

@@@platform_hal_GetSerialNumber(pValue)
    /usr/lib/libhal_platform.so.0(platform_hal_GetSerialNumber+0x76) [0xf7cb40f6]
    /usr/lib/libdhcp_client_utils.so.0(start_dhcpv4_client+0x4b6) [0xf7c65b3d]
    /usr/bin/wanmanager() [0x805bbd0]
    /usr/bin/wanmanager() [0x8052f9c]
    /usr/bin/wanmanager() [0x8057aa5]
    /usr/ccsp/../../lib/libpthread.so.0(+0x7f91) [0xf7f12f91]
    /usr/ccsp/../../lib/libc.so.6(clone+0x66) [0xf7b35b96]

@@@platform_hal_GetDhcpv4_Options(req_opt_list, send_opt_list)
    /usr/lib/libhal_platform.so.0(platform_hal_GetDhcpv4_Options+0x70) [0xf7cb6295]
    /usr/lib/libdhcp_client_utils.so.0(start_dhcpv4_client+0x67c) [0xf7c65d03]
    /usr/bin/wanmanager() [0x805bbd0]
    /usr/bin/wanmanager() [0x8052f9c]
    /usr/bin/wanmanager() [0x8057aa5]
    /usr/ccsp/../../lib/libpthread.so.0(+0x7f91) [0xf7f12f91]
    /usr/ccsp/../../lib/libc.so.6(clone+0x66) [0xf7b35b96]

@@@platform_hal_GetProductClass(pValue)
    /usr/lib/libhal_platform.so.0(platform_hal_GetProductClass+0x7f) [0xf5e31e52]
    /usr/lib/libtr181.so(CosaDmlDiGetProductClass+0x1a) [0xf5f6e808]
    /usr/lib/libtr181.so(DeviceInfo_GetParamStringValue+0x176) [0xf5feb0a3]
    /usr/lib/libccsp_common.so.0(DslhObjcoGetParamValueByName+0x244) [0xf7d4433b]
    /usr/lib/libccsp_common.so.0(DslhObjcoGetBulkParamValue+0x202) [0xf7d4461b]
    /usr/lib/libccsp_common.so.0(DslhWmpdoMpaGetParameterValues+0x4de) [0xf7d4fab7]
    /usr/lib/libccsp_common.so.0(CcspCcMbi_GetParameterValues+0x167) [0xf7d5a060]
    /usr/lib/libccsp_common.so.0(+0xdfd6c) [0xf7d72d6c]
    /usr/lib/librbuscore.so.0(+0x87ed) [0xf76837ed]
    /usr/lib/librbuscore.so.0(+0x88ab) [0xf76838ab]
    /usr/lib/librtMessage.so.0(+0x5025) [0xf7597025]
    /usr/ccsp/../../lib/libpthread.so.0(+0x7f91) [0xf7c54f91]
    /usr/ccsp/../../lib/libc.so.6(clone+0x66) [0xf7b60b96]

@@@platform_hal_GetManufacturerOUI(pValue)
    /usr/lib/libhal_platform.so.0(platform_hal_GetManufacturerOUI+0x76) [0xf5e32056]
    /usr/lib/libtr181.so(CosaDmlDiGetManufacturerOUI+0x1a) [0xf5f6e685]
    /usr/lib/libtr181.so(DeviceInfo_GetParamStringValue+0xc9) [0xf5feaff6]
    /usr/lib/libccsp_common.so.0(DslhObjcoGetParamValueByName+0x244) [0xf7d4433b]
    /usr/lib/libccsp_common.so.0(DslhObjcoGetBulkParamValue+0x202) [0xf7d4461b]
    /usr/lib/libccsp_common.so.0(DslhWmpdoMpaGetParameterValues+0x4de) [0xf7d4fab7]
    /usr/lib/libccsp_common.so.0(CcspCcMbi_GetParameterValues+0x167) [0xf7d5a060]
    /usr/lib/libccsp_common.so.0(+0xdfd6c) [0xf7d72d6c]
    /usr/lib/librbuscore.so.0(+0x87ed) [0xf76837ed]
    /usr/lib/librbuscore.so.0(+0x88ab) [0xf76838ab]
    /usr/lib/librtMessage.so.0(+0x5025) [0xf7597025]
    /usr/ccsp/../../lib/libpthread.so.0(+0x7f91) [0xf7c54f91]
    /usr/ccsp/../../lib/libc.so.6(clone+0x66) [0xf7b60b96]

@@@platform_hal_GetSerialNumber(pValue)
    /usr/lib/libhal_platform.so.0(platform_hal_GetSerialNumber+0x76) [0xf5e2e0f6]
    /usr/lib/libtr181.so(CosaDmlDiGetSerialNumber+0x33) [0xf5f6e84d]
    /usr/lib/libtr181.so(DeviceInfo_GetParamStringValue+0x1ca) [0xf5feb0f7]
    /usr/lib/libccsp_common.so.0(DslhObjcoGetParamValueByName+0x244) [0xf7d4433b]
    /usr/lib/libccsp_common.so.0(DslhObjcoGetBulkParamValue+0x202) [0xf7d4461b]
    /usr/lib/libccsp_common.so.0(DslhWmpdoMpaGetParameterValues+0x4de) [0xf7d4fab7]
    /usr/lib/libccsp_common.so.0(CcspCcMbi_GetParameterValues+0x167) [0xf7d5a060]
    /usr/lib/libccsp_common.so.0(+0xdfd6c) [0xf7d72d6c]
    /usr/lib/librbuscore.so.0(+0x87ed) [0xf76837ed]
    /usr/lib/librbuscore.so.0(+0x88ab) [0xf76838ab]
    /usr/lib/librtMessage.so.0(+0x5025) [0xf7597025]
    /usr/ccsp/../../lib/libpthread.so.0(+0x7f91) [0xf7c54f91]
    /usr/ccsp/../../lib/libc.so.6(clone+0x66) [0xf7b60b96]

@@@platform_hal_GetManufacturerOUI(pValue)
    /usr/lib/libhal_platform.so.0(platform_hal_GetManufacturerOUI+0x76) [0xf5e32056]
    /usr/lib/libtr181.so(CosaDmlDiGetManufacturerOUI+0x1a) [0xf5f6e685]
    /usr/lib/libtr181.so(DeviceInfo_GetParamStringValue+0xc9) [0xf5feaff6]
    /usr/lib/libccsp_common.so.0(DslhObjcoGetParamValueByName+0x244) [0xf7d4433b]
    /usr/lib/libccsp_common.so.0(DslhObjcoGetBulkParamValue+0x202) [0xf7d4461b]
    /usr/lib/libccsp_common.so.0(DslhWmpdoMpaGetParameterValues+0x4de) [0xf7d4fab7]
    /usr/lib/libccsp_common.so.0(CcspCcMbi_GetParameterValues+0x167) [0xf7d5a060]
    /usr/lib/libccsp_common.so.0(+0xdfd6c) [0xf7d72d6c]
    /usr/lib/librbuscore.so.0(+0x87ed) [0xf76837ed]
    /usr/lib/librbuscore.so.0(+0x88ab) [0xf76838ab]
    /usr/lib/librtMessage.so.0(+0x5025) [0xf7597025]
    /usr/ccsp/../../lib/libpthread.so.0(+0x7f91) [0xf7c54f91]
    /usr/ccsp/../../lib/libc.so.6(clone+0x66) [0xf7b60b96]

@@@platform_hal_GetProductClass(pValue)
    /usr/lib/libhal_platform.so.0(platform_hal_GetProductClass+0x7f) [0xf5e31e52]
    /usr/lib/libtr181.so(CosaDmlDiGetProductClass+0x1a) [0xf5f6e808]
    /usr/lib/libtr181.so(DeviceInfo_GetParamStringValue+0x176) [0xf5feb0a3]
    /usr/lib/libccsp_common.so.0(DslhObjcoGetParamValueByName+0x244) [0xf7d4433b]
    /usr/lib/libccsp_common.so.0(DslhObjcoGetBulkParamValue+0x202) [0xf7d4461b]
    /usr/lib/libccsp_common.so.0(DslhWmpdoMpaGetParameterValues+0x4de) [0xf7d4fab7]
    /usr/lib/libccsp_common.so.0(CcspCcMbi_GetParameterValues+0x167) [0xf7d5a060]
    /usr/lib/libccsp_common.so.0(+0xdfd6c) [0xf7d72d6c]
    /usr/lib/librbuscore.so.0(+0x87ed) [0xf76837ed]
    /usr/lib/librbuscore.so.0(+0x88ab) [0xf76838ab]
    /usr/lib/librtMessage.so.0(+0x5025) [0xf7597025]
    /usr/ccsp/../../lib/libpthread.so.0(+0x7f91) [0xf7c54f91]
    /usr/ccsp/../../lib/libc.so.6(clone+0x66) [0xf7b60b96]

@@@platform_hal_GetSerialNumber(pValue)
    /usr/lib/libhal_platform.so.0(platform_hal_GetSerialNumber+0x76) [0xf5e2e0f6]
    /usr/lib/libtr181.so(CosaDmlDiGetSerialNumber+0x33) [0xf5f6e84d]
    /usr/lib/libtr181.so(DeviceInfo_GetParamStringValue+0x1ca) [0xf5feb0f7]
    /usr/lib/libccsp_common.so.0(DslhObjcoGetParamValueByName+0x244) [0xf7d4433b]
    /usr/lib/libccsp_common.so.0(DslhObjcoGetBulkParamValue+0x202) [0xf7d4461b]
    /usr/lib/libccsp_common.so.0(DslhWmpdoMpaGetParameterValues+0x4de) [0xf7d4fab7]
    /usr/lib/libccsp_common.so.0(CcspCcMbi_GetParameterValues+0x167) [0xf7d5a060]
    /usr/lib/libccsp_common.so.0(+0xdfd6c) [0xf7d72d6c]
    /usr/lib/librbuscore.so.0(+0x87ed) [0xf76837ed]
    /usr/lib/librbuscore.so.0(+0x88ab) [0xf76838ab]
    /usr/lib/librtMessage.so.0(+0x5025) [0xf7597025]
    /usr/ccsp/../../lib/libpthread.so.0(+0x7f91) [0xf7c54f91]
    /usr/ccsp/../../lib/libc.so.6(clone+0x66) [0xf7b60b96]

@@@platform_hal_GetProductClass(pValue)
    /usr/lib/libhal_platform.so.0(platform_hal_GetProductClass+0x7f) [0xf5e31e52]
    /usr/lib/libtr181.so(CosaDmlDiGetProductClass+0x1a) [0xf5f6e808]
    /usr/lib/libtr181.so(DeviceInfo_GetParamStringValue+0x176) [0xf5feb0a3]
    /usr/lib/libccsp_common.so.0(DslhObjcoGetParamValueByName+0x244) [0xf7d4433b]
    /usr/lib/libccsp_common.so.0(DslhObjcoGetBulkParamValue+0x202) [0xf7d4461b]
    /usr/lib/libccsp_common.so.0(DslhWmpdoMpaGetParameterValues+0x4de) [0xf7d4fab7]
    /usr/lib/libccsp_common.so.0(CcspCcMbi_GetParameterValues+0x167) [0xf7d5a060]
    /usr/lib/libccsp_common.so.0(+0xdfd6c) [0xf7d72d6c]
    /usr/lib/librbuscore.so.0(+0x87ed) [0xf76837ed]
    /usr/lib/librbuscore.so.0(+0x88ab) [0xf76838ab]
    /usr/lib/librtMessage.so.0(+0x5025) [0xf7597025]
    /usr/ccsp/../../lib/libpthread.so.0(+0x7f91) [0xf7c54f91]
    /usr/ccsp/../../lib/libc.so.6(clone+0x66) [0xf7b60b96]

@@@platform_hal_GetManufacturerOUI(pValue)
    /usr/lib/libhal_platform.so.0(platform_hal_GetManufacturerOUI+0x76) [0xf5e32056]
    /usr/lib/libtr181.so(CosaDmlDiGetManufacturerOUI+0x1a) [0xf5f6e685]
    /usr/lib/libtr181.so(DeviceInfo_GetParamStringValue+0xc9) [0xf5feaff6]
    /usr/lib/libccsp_common.so.0(DslhObjcoGetParamValueByName+0x244) [0xf7d4433b]
    /usr/lib/libccsp_common.so.0(DslhObjcoGetBulkParamValue+0x202) [0xf7d4461b]
    /usr/lib/libccsp_common.so.0(DslhWmpdoMpaGetParameterValues+0x4de) [0xf7d4fab7]
    /usr/lib/libccsp_common.so.0(CcspCcMbi_GetParameterValues+0x167) [0xf7d5a060]
    /usr/lib/libccsp_common.so.0(+0xdfd6c) [0xf7d72d6c]
    /usr/lib/librbuscore.so.0(+0x87ed) [0xf76837ed]
    /usr/lib/librbuscore.so.0(+0x88ab) [0xf76838ab]
    /usr/lib/librtMessage.so.0(+0x5025) [0xf7597025]
    /usr/ccsp/../../lib/libpthread.so.0(+0x7f91) [0xf7c54f91]
    /usr/ccsp/../../lib/libc.so.6(clone+0x66) [0xf7b60b96]

@@@platform_hal_GetSerialNumber(pValue)
    /usr/lib/libhal_platform.so.0(platform_hal_GetSerialNumber+0x76) [0xf5e2e0f6]
    /usr/lib/libtr181.so(CosaDmlDiGetSerialNumber+0x33) [0xf5f6e84d]
    /usr/lib/libtr181.so(DeviceInfo_GetParamStringValue+0x1ca) [0xf5feb0f7]
    /usr/lib/libccsp_common.so.0(DslhObjcoGetParamValueByName+0x244) [0xf7d4433b]
    /usr/lib/libccsp_common.so.0(DslhObjcoGetBulkParamValue+0x202) [0xf7d4461b]
    /usr/lib/libccsp_common.so.0(DslhWmpdoMpaGetParameterValues+0x4de) [0xf7d4fab7]
    /usr/lib/libccsp_common.so.0(CcspCcMbi_GetParameterValues+0x167) [0xf7d5a060]
    /usr/lib/libccsp_common.so.0(+0xdfd6c) [0xf7d72d6c]
    /usr/lib/librbuscore.so.0(+0x87ed) [0xf76837ed]
    /usr/lib/librbuscore.so.0(+0x88ab) [0xf76838ab]
    /usr/lib/librtMessage.so.0(+0x5025) [0xf7597025]
    /usr/ccsp/../../lib/libpthread.so.0(+0x7f91) [0xf7c54f91]
    /usr/ccsp/../../lib/libc.so.6(clone+0x66) [0xf7b60b96]

@@@platform_hal_GetDhcpv6_Options(req_opt_list, send_opt_list)
    /usr/lib/libhal_platform.so.0(platform_hal_GetDhcpv6_Options+0x70) [0xf7cb61ab]
    /usr/lib/libdhcp_client_utils.so.0(start_dhcpv6_client+0x42f) [0xf7c66c13]
    /usr/bin/wanmanager() [0x805b9e2]
    /usr/bin/wanmanager() [0x8052f24]
    /usr/bin/wanmanager() [0x8057aa5]
    /usr/ccsp/../../lib/libpthread.so.0(+0x7f91) [0xf7f12f91]
    /usr/ccsp/../../lib/libc.so.6(clone+0x66) [0xf7b35b96]

@@@platform_hal_GetBaseMacAddress(pValue)
    /usr/lib/libhal_platform.so.0(platform_hal_GetBaseMacAddress+0x76) [0xf7cb4b06]
    /usr/lib/libdhcp_client_utils.so.0(start_dhcpv4_client+0x11d) [0xf7c657a4]
    /usr/bin/wanmanager() [0x805bbd0]
    /usr/bin/wanmanager() [0x8052f9c]
    /usr/bin/wanmanager() [0x8057aa5]
    /usr/ccsp/../../lib/libpthread.so.0(+0x7f91) [0xf7f12f91]
    /usr/ccsp/../../lib/libc.so.6(clone+0x66) [0xf7b35b96]

@@@platform_hal_GetProductClass(pValue)
    /usr/lib/libhal_platform.so.0(platform_hal_GetProductClass+0x7f) [0xf7cb7e52]
    /usr/lib/libdhcp_client_utils.so.0(start_dhcpv4_client+0x211) [0xf7c65898]
    /usr/bin/wanmanager() [0x805bbd0]
    /usr/bin/wanmanager() [0x8052f9c]
    /usr/bin/wanmanager() [0x8057aa5]
    /usr/ccsp/../../lib/libpthread.so.0(+0x7f91) [0xf7f12f91]
    /usr/ccsp/../../lib/libc.so.6(clone+0x66) [0xf7b35b96]

@@@platform_hal_GetSerialNumber(pValue)
    /usr/lib/libhal_platform.so.0(platform_hal_GetSerialNumber+0x76) [0xf7cb40f6]
    /usr/lib/libdhcp_client_utils.so.0(start_dhcpv4_client+0x236) [0xf7c658bd]
    /usr/bin/wanmanager() [0x805bbd0]
    /usr/bin/wanmanager() [0x8052f9c]
    /usr/bin/wanmanager() [0x8057aa5]
    /usr/ccsp/../../lib/libpthread.so.0(+0x7f91) [0xf7f12f91]
    /usr/ccsp/../../lib/libc.so.6(clone+0x66) [0xf7b35b96]

@@@platform_hal_GetProductClass(pValue)
    /usr/lib/libhal_platform.so.0(platform_hal_GetProductClass+0x7f) [0xf7cb7e52]
    /usr/lib/libdhcp_client_utils.so.0(start_dhcpv4_client+0x3a5) [0xf7c65a2c]
    /usr/bin/wanmanager() [0x805bbd0]
    /usr/bin/wanmanager() [0x8052f9c]
    /usr/bin/wanmanager() [0x8057aa5]
    /usr/ccsp/../../lib/libpthread.so.0(+0x7f91) [0xf7f12f91]
    /usr/ccsp/../../lib/libc.so.6(clone+0x66) [0xf7b35b96]

@@@platform_hal_GetModelName(pValue)
    /usr/lib/libhal_platform.so.0(platform_hal_GetModelName+0x76) [0xf7cb3ff2]
    /usr/lib/libdhcp_client_utils.so.0(start_dhcpv4_client+0x431) [0xf7c65ab8]
    /usr/bin/wanmanager() [0x805bbd0]
    /usr/bin/wanmanager() [0x8052f9c]
    /usr/bin/wanmanager() [0x8057aa5]
    /usr/ccsp/../../lib/libpthread.so.0(+0x7f91) [0xf7f12f91]
    /usr/ccsp/../../lib/libc.so.6(clone+0x66) [0xf7b35b96]

@@@platform_hal_GetSerialNumber(pValue)
    /usr/lib/libhal_platform.so.0(platform_hal_GetSerialNumber+0x76) [0xf7cb40f6]
    /usr/lib/libdhcp_client_utils.so.0(start_dhcpv4_client+0x4b6) [0xf7c65b3d]
    /usr/bin/wanmanager() [0x805bbd0]
    /usr/bin/wanmanager() [0x8052f9c]
    /usr/bin/wanmanager() [0x8057aa5]
    /usr/ccsp/../../lib/libpthread.so.0(+0x7f91) [0xf7f12f91]
    /usr/ccsp/../../lib/libc.so.6(clone+0x66) [0xf7b35b96]

@@@platform_hal_GetDhcpv4_Options(req_opt_list, send_opt_list)
    /usr/lib/libhal_platform.so.0(platform_hal_GetDhcpv4_Options+0x70) [0xf7cb6295]
    /usr/lib/libdhcp_client_utils.so.0(start_dhcpv4_client+0x67c) [0xf7c65d03]
    /usr/bin/wanmanager() [0x805bbd0]
    /usr/bin/wanmanager() [0x8052f9c]
    /usr/bin/wanmanager() [0x8057aa5]
    /usr/ccsp/../../lib/libpthread.so.0(+0x7f91) [0xf7f12f91]
    /usr/ccsp/../../lib/libc.so.6(clone+0x66) [0xf7b35b96]

@@@platform_hal_GetManufacturerOUI(pValue)
    /usr/lib/libhal_platform.so.0(platform_hal_GetManufacturerOUI+0x76) [0xf5e32056]
    /usr/lib/libtr181.so(CosaDmlDiGetManufacturerOUI+0x1a) [0xf5f6e685]
    /usr/lib/libtr181.so(DeviceInfo_GetParamStringValue+0xc9) [0xf5feaff6]
    /usr/lib/libccsp_common.so.0(DslhObjcoGetParamValueByName+0x244) [0xf7d4433b]
    /usr/lib/libccsp_common.so.0(DslhObjcoGetBulkParamValue+0x202) [0xf7d4461b]
    /usr/lib/libccsp_common.so.0(DslhWmpdoMpaGetParameterValues+0x4de) [0xf7d4fab7]
    /usr/lib/libccsp_common.so.0(CcspCcMbi_GetParameterValues+0x167) [0xf7d5a060]
    /usr/lib/libccsp_common.so.0(+0xdfd6c) [0xf7d72d6c]
    /usr/lib/librbuscore.so.0(+0x87ed) [0xf76837ed]
    /usr/lib/librbuscore.so.0(+0x88ab) [0xf76838ab]
    /usr/lib/librtMessage.so.0(+0x5025) [0xf7597025]
    /usr/ccsp/../../lib/libpthread.so.0(+0x7f91) [0xf7c54f91]
    /usr/ccsp/../../lib/libc.so.6(clone+0x66) [0xf7b60b96]

@@@platform_hal_GetProductClass(pValue)
    /usr/lib/libhal_platform.so.0(platform_hal_GetProductClass+0x7f) [0xf5e31e52]
    /usr/lib/libtr181.so(CosaDmlDiGetProductClass+0x1a) [0xf5f6e808]
    /usr/lib/libtr181.so(DeviceInfo_GetParamStringValue+0x176) [0xf5feb0a3]
    /usr/lib/libccsp_common.so.0(DslhObjcoGetParamValueByName+0x244) [0xf7d4433b]
    /usr/lib/libccsp_common.so.0(DslhObjcoGetBulkParamValue+0x202) [0xf7d4461b]
    /usr/lib/libccsp_common.so.0(DslhWmpdoMpaGetParameterValues+0x4de) [0xf7d4fab7]
    /usr/lib/libccsp_common.so.0(CcspCcMbi_GetParameterValues+0x167) [0xf7d5a060]
    /usr/lib/libccsp_common.so.0(+0xdfd6c) [0xf7d72d6c]
    /usr/lib/librbuscore.so.0(+0x87ed) [0xf76837ed]
    /usr/lib/librbuscore.so.0(+0x88ab) [0xf76838ab]
    /usr/lib/librtMessage.so.0(+0x5025) [0xf7597025]
    /usr/ccsp/../../lib/libpthread.so.0(+0x7f91) [0xf7c54f91]
    /usr/ccsp/../../lib/libc.so.6(clone+0x66) [0xf7b60b96]

@@@platform_hal_GetSerialNumber(pValue)
    /usr/lib/libhal_platform.so.0(platform_hal_GetSerialNumber+0x76) [0xf5e2e0f6]
    /usr/lib/libtr181.so(CosaDmlDiGetSerialNumber+0x33) [0xf5f6e84d]
    /usr/lib/libtr181.so(DeviceInfo_GetParamStringValue+0x1a0) [0xf5feb0cd]
    /usr/lib/libccsp_common.so.0(DslhObjcoGetParamValueByName+0x244) [0xf7d4433b]
    /usr/lib/libccsp_common.so.0(DslhObjcoGetBulkParamValue+0x202) [0xf7d4461b]
    /usr/lib/libccsp_common.so.0(DslhWmpdoMpaGetParameterValues+0x4de) [0xf7d4fab7]
    /usr/lib/libccsp_common.so.0(CcspCcMbi_GetParameterValues+0x167) [0xf7d5a060]
    /usr/lib/libccsp_common.so.0(+0xdfd6c) [0xf7d72d6c]
    /usr/lib/librbuscore.so.0(+0x87ed) [0xf76837ed]
    /usr/lib/librbuscore.so.0(+0x88ab) [0xf76838ab]
    /usr/lib/librtMessage.so.0(+0x5025) [0xf7597025]
    /usr/ccsp/../../lib/libpthread.so.0(+0x7f91) [0xf7c54f91]
    /usr/ccsp/../../lib/libc.so.6(clone+0x66) [0xf7b60b96]

@@@platform_hal_GetManufacturer(pValue)
    /usr/lib/libhal_platform.so.0(platform_hal_GetManufacturer+0x76) [0xf5e31c41]
    /usr/lib/libtr181.so(CosaDmlDiGetManufacturer+0x1a) [0xf5f6e659]
    /usr/lib/libtr181.so(DeviceInfo_GetParamStringValue+0xa2) [0xf5feafcf]
    /usr/lib/libccsp_common.so.0(DslhObjcoGetParamValueByName+0x244) [0xf7d4433b]
    /usr/lib/libccsp_common.so.0(DslhObjcoGetBulkParamValue+0x202) [0xf7d4461b]
    /usr/lib/libccsp_common.so.0(DslhWmpdoMpaGetParameterValues+0x4de) [0xf7d4fab7]
    /usr/lib/libccsp_common.so.0(CcspCcMbi_GetParameterValues+0x167) [0xf7d5a060]
    /usr/lib/libccsp_common.so.0(+0xdfd6c) [0xf7d72d6c]
    /usr/lib/librbuscore.so.0(+0x87ed) [0xf76837ed]
    /usr/lib/librbuscore.so.0(+0x88ab) [0xf76838ab]
    /usr/lib/librtMessage.so.0(+0x5025) [0xf7597025]
    /usr/ccsp/../../lib/libpthread.so.0(+0x7f91) [0xf7c54f91]
    /usr/ccsp/../../lib/libc.so.6(clone+0x66) [0xf7b60b96]

@@@platform_hal_GetManufacturerOUI(pValue)
    /usr/lib/libhal_platform.so.0(platform_hal_GetManufacturerOUI+0x76) [0xf5e32056]
    /usr/lib/libtr181.so(CosaDmlDiGetManufacturerOUI+0x1a) [0xf5f6e685]
    /usr/lib/libtr181.so(DeviceInfo_GetParamStringValue+0xc9) [0xf5feaff6]
    /usr/lib/libccsp_common.so.0(DslhObjcoGetParamValueByName+0x244) [0xf7d4433b]
    /usr/lib/libccsp_common.so.0(DslhObjcoGetBulkParamValue+0x202) [0xf7d4461b]
    /usr/lib/libccsp_common.so.0(DslhWmpdoMpaGetParameterValues+0x4de) [0xf7d4fab7]
    /usr/lib/libccsp_common.so.0(CcspCcMbi_GetParameterValues+0x167) [0xf7d5a060]
    /usr/lib/libccsp_common.so.0(+0xdfd6c) [0xf7d72d6c]
    /usr/lib/librbuscore.so.0(+0x87ed) [0xf76837ed]
    /usr/lib/librbuscore.so.0(+0x88ab) [0xf76838ab]
    /usr/lib/librtMessage.so.0(+0x5025) [0xf7597025]
    /usr/ccsp/../../lib/libpthread.so.0(+0x7f91) [0xf7c54f91]
    /usr/ccsp/../../lib/libc.so.6(clone+0x66) [0xf7b60b96]

@@@platform_hal_GetProductClass(pValue)
    /usr/lib/libhal_platform.so.0(platform_hal_GetProductClass+0x7f) [0xf5e31e52]
    /usr/lib/libtr181.so(CosaDmlDiGetProductClass+0x1a) [0xf5f6e808]
    /usr/lib/libtr181.so(DeviceInfo_GetParamStringValue+0x176) [0xf5feb0a3]
    /usr/lib/libccsp_common.so.0(DslhObjcoGetParamValueByName+0x244) [0xf7d4433b]
    /usr/lib/libccsp_common.so.0(DslhObjcoGetBulkParamValue+0x202) [0xf7d4461b]
    /usr/lib/libccsp_common.so.0(DslhWmpdoMpaGetParameterValues+0x4de) [0xf7d4fab7]
    /usr/lib/libccsp_common.so.0(CcspCcMbi_GetParameterValues+0x167) [0xf7d5a060]
    /usr/lib/libccsp_common.so.0(+0xdfd6c) [0xf7d72d6c]
    /usr/lib/librbuscore.so.0(+0x87ed) [0xf76837ed]
    /usr/lib/librbuscore.so.0(+0x88ab) [0xf76838ab]
    /usr/lib/librtMessage.so.0(+0x5025) [0xf7597025]
    /usr/ccsp/../../lib/libpthread.so.0(+0x7f91) [0xf7c54f91]
    /usr/ccsp/../../lib/libc.so.6(clone+0x66) [0xf7b60b96]

@@@platform_hal_GetSerialNumber(pValue)
    /usr/lib/libhal_platform.so.0(platform_hal_GetSerialNumber+0x76) [0xf5e2e0f6]
    /usr/lib/libtr181.so(CosaDmlDiGetSerialNumber+0x33) [0xf5f6e84d]
    /usr/lib/libtr181.so(DeviceInfo_GetParamStringValue+0x1a0) [0xf5feb0cd]
    /usr/lib/libccsp_common.so.0(DslhObjcoGetParamValueByName+0x244) [0xf7d4433b]
    /usr/lib/libccsp_common.so.0(DslhObjcoGetBulkParamValue+0x202) [0xf7d4461b]
    /usr/lib/libccsp_common.so.0(DslhWmpdoMpaGetParameterValues+0x4de) [0xf7d4fab7]
    /usr/lib/libccsp_common.so.0(CcspCcMbi_GetParameterValues+0x167) [0xf7d5a060]
    /usr/lib/libccsp_common.so.0(+0xdfd6c) [0xf7d72d6c]
    /usr/lib/librbuscore.so.0(+0x87ed) [0xf76837ed]
    /usr/lib/librbuscore.so.0(+0x88ab) [0xf76838ab]
    /usr/lib/librtMessage.so.0(+0x5025) [0xf7597025]
    /usr/ccsp/../../lib/libpthread.so.0(+0x7f91) [0xf7c54f91]
    /usr/ccsp/../../lib/libc.so.6(clone+0x66) [0xf7b60b96]

@@@platform_hal_GetHardwareVersion(pValue)
    /usr/lib/libhal_platform.so.0(platform_hal_GetHardwareVersion+0x76) [0xf5e2e2fe]
    /usr/lib/libtr181.so(DeviceInfo_GetParamStringValue+0x2aa) [0xf5feb1d7]
    /usr/lib/libccsp_common.so.0(DslhObjcoGetParamValueByName+0x244) [0xf7d4433b]
    /usr/lib/libccsp_common.so.0(DslhObjcoGetBulkParamValue+0x202) [0xf7d4461b]
    /usr/lib/libccsp_common.so.0(DslhWmpdoMpaGetParameterValues+0x4de) [0xf7d4fab7]
    /usr/lib/libccsp_common.so.0(CcspCcMbi_GetParameterValues+0x167) [0xf7d5a060]
    /usr/lib/libccsp_common.so.0(+0xdfd6c) [0xf7d72d6c]
    /usr/lib/librbuscore.so.0(+0x87ed) [0xf76837ed]
    /usr/lib/librbuscore.so.0(+0x88ab) [0xf76838ab]
    /usr/lib/librtMessage.so.0(+0x5025) [0xf7597025]
    /usr/ccsp/../../lib/libpthread.so.0(+0x7f91) [0xf7c54f91]
    /usr/ccsp/../../lib/libc.so.6(clone+0x66) [0xf7b60b96]

@@@platform_hal_GetSoftwareVersion(pValue, maxSize)
    /usr/lib/libhal_platform.so.0(platform_hal_GetSoftwareVersion+0x76) [0xf5e2e88a]
    /usr/lib/libtr181.so(DeviceInfo_GetParamStringValue+0x2ff) [0xf5feb22c]
    /usr/lib/libccsp_common.so.0(DslhObjcoGetParamValueByName+0x244) [0xf7d4433b]
    /usr/lib/libccsp_common.so.0(DslhObjcoGetBulkParamValue+0x202) [0xf7d4461b]
    /usr/lib/libccsp_common.so.0(DslhWmpdoMpaGetParameterValues+0x4de) [0xf7d4fab7]
    /usr/lib/libccsp_common.so.0(CcspCcMbi_GetParameterValues+0x167) [0xf7d5a060]
    /usr/lib/libccsp_common.so.0(+0xdfd6c) [0xf7d72d6c]
    /usr/lib/librbuscore.so.0(+0x87ed) [0xf76837ed]
    /usr/lib/librbuscore.so.0(+0x88ab) [0xf76838ab]
    /usr/lib/librtMessage.so.0(+0x5025) [0xf7597025]
    /usr/ccsp/../../lib/libpthread.so.0(+0x7f91) [0xf7c54f91]
    /usr/ccsp/../../lib/libc.so.6(clone+0x66) [0xf7b60b96]

@@@platform_hal_GetFirmwareName(pValue, maxSize)
    /usr/lib/libhal_platform.so.0(platform_hal_GetFirmwareName+0x7c) [0xf5e2e50e]
    /usr/lib/libhal_platform.so.0(platform_hal_GetSoftwareVersion+0xe7) [0xf5e2e8fb]
    /usr/lib/libtr181.so(DeviceInfo_GetParamStringValue+0x2ff) [0xf5feb22c]
    /usr/lib/libccsp_common.so.0(DslhObjcoGetParamValueByName+0x244) [0xf7d4433b]
    /usr/lib/libccsp_common.so.0(DslhObjcoGetBulkParamValue+0x202) [0xf7d4461b]
    /usr/lib/libccsp_common.so.0(DslhWmpdoMpaGetParameterValues+0x4de) [0xf7d4fab7]
    /usr/lib/libccsp_common.so.0(CcspCcMbi_GetParameterValues+0x167) [0xf7d5a060]
    /usr/lib/libccsp_common.so.0(+0xdfd6c) [0xf7d72d6c]
    /usr/lib/librbuscore.so.0(+0x87ed) [0xf76837ed]
    /usr/lib/librbuscore.so.0(+0x88ab) [0xf76838ab]
    /usr/lib/librtMessage.so.0(+0x5025) [0xf7597025]
    /usr/ccsp/../../lib/libpthread.so.0(+0x7f91) [0xf7c54f91]
    /usr/ccsp/../../lib/libc.so.6(clone+0x66) [0xf7b60b96]
