
@@@platform_hal_PandMDBInit()
    /usr/lib/libhal_platform.so.0(platform_hal_PandMDBInit+0x70) [0xf5e39e1a]
    /usr/lib/libtr181.so(CosaDmlDiInit+0x15) [0xf5f6e631]
    /usr/lib/libtr181.so(CosaDeviceInfoInitialize+0x3d) [0xf5ff4214]
    /usr/lib/libtr181.so(CosaDeviceInfoCreate+0x51) [0xf5ff4387]
    /usr/lib/libtr181.so(CosaBackEndManagerInitialize+0xe5) [0xf6030d5f]
    /usr/lib/libtr181.so(COSA_Init+0x346) [0xf6030b39]
    /usr/lib/libccsp_common.so.0(DslhDmagntLoadDataModelXMLInternal+0x127) [0xf7d60257]
    /usr/lib/libccsp_common.so.0(DslhDmagntLoadDataModelXML2+0x32) [0xf7d604ab]
    /usr/lib/libccsp_common.so.0(DslhCpecoLoadExternalDMLibFile2+0x28) [0xf7d62111]
    /usr/lib/libccsp_common.so.0(DslhCpecoRegisterDataModelInternal+0x1ee) [0xf7d6279b]
    /usr/lib/libccsp_common.so.0(DslhCpecoRegisterDataModel2+0x2c) [0xf7d62c13]
    /usr/bin/CcspPandMSsp(ssp_engage_pnm+0x13a) [0x804bda1]
    /usr/bin/CcspPandMSsp(cmd_dispatch+0x110) [0x804b8f4]
    /usr/bin/CcspPandMSsp(main+0x990) [0x804af50]
    /usr/ccsp/../../lib/libc.so.6(__libc_start_main+0xed) [0xf7a8ae2d]
    /usr/bin/CcspPandMSsp(_start+0x21) [0x804b271]

@@@platform_hal_DocsisParamsDBInit()
    /usr/lib/libhal_platform.so.0(platform_hal_DocsisParamsDBInit+0x70) [0xf5e39f03]
    /usr/lib/libtr181.so(CosaDmlDcInit+0xa0) [0xf5fb3cf2]
    /usr/lib/libtr181.so(CosaDeviceControlInitialize+0x20) [0xf60233b3]
    /usr/lib/libtr181.so(CosaDeviceControlCreate+0x51) [0xf6023710]
    /usr/lib/libtr181.so(CosaBackEndManagerInitialize+0x3c5) [0xf603103f]
    /usr/lib/libtr181.so(COSA_Init+0x346) [0xf6030b39]
    /usr/lib/libccsp_common.so.0(DslhDmagntLoadDataModelXMLInternal+0x127) [0xf7d60257]
    /usr/lib/libccsp_common.so.0(DslhDmagntLoadDataModelXML2+0x32) [0xf7d604ab]
    /usr/lib/libccsp_common.so.0(DslhCpecoLoadExternalDMLibFile2+0x28) [0xf7d62111]
    /usr/lib/libccsp_common.so.0(DslhCpecoRegisterDataModelInternal+0x1ee) [0xf7d6279b]
    /usr/lib/libccsp_common.so.0(DslhCpecoRegisterDataModel2+0x2c) [0xf7d62c13]
    /usr/bin/CcspPandMSsp(ssp_engage_pnm+0x13a) [0x804bda1]
    /usr/bin/CcspPandMSsp(cmd_dispatch+0x110) [0x804b8f4]
    /usr/bin/CcspPandMSsp(main+0x990) [0x804af50]
    /usr/ccsp/../../lib/libc.so.6(__libc_start_main+0xed) [0xf7a8ae2d]
    /usr/bin/CcspPandMSsp(_start+0x21) [0x804b271]

@@@platform_hal_getUIDefaultPassword(pValue, len)
    /usr/lib/libhal_platform.so.0(platform_hal_getUIDefaultPassword+0x7c) [0xf5e3cee0]
    /usr/lib/libtr181.so(CosaDmlGiGetDefaultAdminPassword+0x20) [0xf5fc76d7]
    /usr/lib/libtr181.so(CosaLgiGeneralInitialize+0x117) [0xf603cdc0]
    /usr/lib/libtr181.so(CosaLgiGeneralCreate+0x51) [0xf603cf00]
    /usr/lib/libtr181.so(CosaBackEndManagerInitialize+0x4e2) [0xf603115c]
    /usr/lib/libtr181.so(COSA_Init+0x346) [0xf6030b39]
    /usr/lib/libccsp_common.so.0(DslhDmagntLoadDataModelXMLInternal+0x127) [0xf7d60257]
    /usr/lib/libccsp_common.so.0(DslhDmagntLoadDataModelXML2+0x32) [0xf7d604ab]
    /usr/lib/libccsp_common.so.0(DslhCpecoLoadExternalDMLibFile2+0x28) [0xf7d62111]
    /usr/lib/libccsp_common.so.0(DslhCpecoRegisterDataModelInternal+0x1ee) [0xf7d6279b]
    /usr/lib/libccsp_common.so.0(DslhCpecoRegisterDataModel2+0x2c) [0xf7d62c13]
    /usr/bin/CcspPandMSsp(ssp_engage_pnm+0x13a) [0x804bda1]
    /usr/bin/CcspPandMSsp(cmd_dispatch+0x110) [0x804b8f4]
    /usr/bin/CcspPandMSsp(main+0x990) [0x804af50]
    /usr/ccsp/../../lib/libc.so.6(__libc_start_main+0xed) [0xf7a8ae2d]
    /usr/bin/CcspPandMSsp(_start+0x21) [0x804b271]

@@@platform_hal_GetLedPONRegistrationErrorTimer()
    /usr/lib/libhal_platform.so.0(platform_hal_GetLedPONRegistrationErrorTimer+0x70) [0xf5e3d6bc]
    /usr/lib/libtr181.so(CosaDmlGiGetLedPONRegistrationErrorTimer+0x15) [0xf5fc7996]
    /usr/lib/libtr181.so(CosaLgiGeneralInitialize+0x187) [0xf603ce30]
    /usr/lib/libtr181.so(CosaLgiGeneralCreate+0x51) [0xf603cf00]
    /usr/lib/libtr181.so(CosaBackEndManagerInitialize+0x4e2) [0xf603115c]
    /usr/lib/libtr181.so(COSA_Init+0x346) [0xf6030b39]
    /usr/lib/libccsp_common.so.0(DslhDmagntLoadDataModelXMLInternal+0x127) [0xf7d60257]
    /usr/lib/libccsp_common.so.0(DslhDmagntLoadDataModelXML2+0x32) [0xf7d604ab]
    /usr/lib/libccsp_common.so.0(DslhCpecoLoadExternalDMLibFile2+0x28) [0xf7d62111]
    /usr/lib/libccsp_common.so.0(DslhCpecoRegisterDataModelInternal+0x1ee) [0xf7d6279b]
    /usr/lib/libccsp_common.so.0(DslhCpecoRegisterDataModel2+0x2c) [0xf7d62c13]
    /usr/bin/CcspPandMSsp(ssp_engage_pnm+0x13a) [0x804bda1]
    /usr/bin/CcspPandMSsp(cmd_dispatch+0x110) [0x804b8f4]
    /usr/bin/CcspPandMSsp(main+0x990) [0x804af50]
    /usr/ccsp/../../lib/libc.so.6(__libc_start_main+0xed) [0xf7a8ae2d]
    /usr/bin/CcspPandMSsp(_start+0x21) [0x804b271]

@@@platform_hal_GetLedOLTProvisioningErrorTimer()
    /usr/lib/libhal_platform.so.0(platform_hal_GetLedOLTProvisioningErrorTimer+0x70) [0xf5e3d891]
    /usr/lib/libtr181.so(CosaDmlGiGetLedOLTProvisioningErrorTimer+0x15) [0xf5fc79d5]
    /usr/lib/libtr181.so(CosaLgiGeneralInitialize+0x197) [0xf603ce40]
    /usr/lib/libtr181.so(CosaLgiGeneralCreate+0x51) [0xf603cf00]
    /usr/lib/libtr181.so(CosaBackEndManagerInitialize+0x4e2) [0xf603115c]
    /usr/lib/libtr181.so(COSA_Init+0x346) [0xf6030b39]
    /usr/lib/libccsp_common.so.0(DslhDmagntLoadDataModelXMLInternal+0x127) [0xf7d60257]
    /usr/lib/libccsp_common.so.0(DslhDmagntLoadDataModelXML2+0x32) [0xf7d604ab]
    /usr/lib/libccsp_common.so.0(DslhCpecoLoadExternalDMLibFile2+0x28) [0xf7d62111]
    /usr/lib/libccsp_common.so.0(DslhCpecoRegisterDataModelInternal+0x1ee) [0xf7d6279b]
    /usr/lib/libccsp_common.so.0(DslhCpecoRegisterDataModel2+0x2c) [0xf7d62c13]
    /usr/bin/CcspPandMSsp(ssp_engage_pnm+0x13a) [0x804bda1]
    /usr/bin/CcspPandMSsp(cmd_dispatch+0x110) [0x804b8f4]
    /usr/bin/CcspPandMSsp(main+0x990) [0x804af50]
    /usr/ccsp/../../lib/libc.so.6(__libc_start_main+0xed) [0xf7a8ae2d]
    /usr/bin/CcspPandMSsp(_start+0x21) [0x804b271]

@@@platform_hal_GetLedWanDhcpErrorTimer()
    /usr/lib/libhal_platform.so.0(platform_hal_GetLedWanDhcpErrorTimer+0x70) [0xf5e3da66]
    /usr/lib/libtr181.so(CosaDmlGiGetLedWanDhcpErrorTimer+0x15) [0xf5fc7a14]
    /usr/lib/libtr181.so(CosaLgiGeneralInitialize+0x1a7) [0xf603ce50]
    /usr/lib/libtr181.so(CosaLgiGeneralCreate+0x51) [0xf603cf00]
    /usr/lib/libtr181.so(CosaBackEndManagerInitialize+0x4e2) [0xf603115c]
    /usr/lib/libtr181.so(COSA_Init+0x346) [0xf6030b39]
    /usr/lib/libccsp_common.so.0(DslhDmagntLoadDataModelXMLInternal+0x127) [0xf7d60257]
    /usr/lib/libccsp_common.so.0(DslhDmagntLoadDataModelXML2+0x32) [0xf7d604ab]
    /usr/lib/libccsp_common.so.0(DslhCpecoLoadExternalDMLibFile2+0x28) [0xf7d62111]
    /usr/lib/libccsp_common.so.0(DslhCpecoRegisterDataModelInternal+0x1ee) [0xf7d6279b]
    /usr/lib/libccsp_common.so.0(DslhCpecoRegisterDataModel2+0x2c) [0xf7d62c13]
    /usr/bin/CcspPandMSsp(ssp_engage_pnm+0x13a) [0x804bda1]
    /usr/bin/CcspPandMSsp(cmd_dispatch+0x110) [0x804b8f4]
    /usr/bin/CcspPandMSsp(main+0x990) [0x804af50]
    /usr/ccsp/../../lib/libc.so.6(__libc_start_main+0xed) [0xf7a8ae2d]
    /usr/bin/CcspPandMSsp(_start+0x21) [0x804b271]

@@@platform_hal_GetLanMacAddress(pValue)
    /usr/lib/libhal_platform.so.0(platform_hal_GetLanMacAddress+0x76) [0xf7f8998a]
    service_multinet_exec() [0x804b1b8]
    service_multinet_exec() [0x804b578]
    service_multinet_exec() [0x804bfb3]
    service_multinet_exec() [0x8049403]
    /lib/libc.so.6(__libc_start_main+0xed) [0xf7dbae2d]
    service_multinet_exec() [0x8049491]

@@@platform_hal_GetModelName(pValue)
    /usr/lib/libhal_platform.so.0(platform_hal_GetModelName+0x76) [0xf7d24ff2]
    /usr/bin/GponManager() [0x80564ba]
    /usr/bin/GponManager() [0x8056567]
    /usr/bin/GponManager() [0x8052df8]
    /usr/bin/GponManager() [0x8052d30]
    /usr/lib/libccsp_common.so.0(DslhDmagntLoadDataModelXMLInternal+0x194) [0xf7df22c4]
    /usr/lib/libccsp_common.so.0(DslhDmagntLoadDataModelXML+0x55) [0xf7df2460]
    /usr/lib/libccsp_common.so.0(DslhDmagntRegBaseDataModel+0x139) [0xf7df2a5d]
    /usr/lib/libccsp_common.so.0(DslhCpecoRegisterDataModelInternal+0x124) [0xf7df46d1]
    /usr/lib/libccsp_common.so.0(DslhCpecoRegisterDataModel2+0x2c) [0xf7df4c13]
    /usr/bin/GponManager() [0x804af0a]
    /usr/bin/GponManager() [0x804b4f6]
    /usr/bin/GponManager() [0x804a9bd]
    /usr/ccsp/../../lib/libc.so.6(__libc_start_main+0xed) [0xf7b05e2d]
    /usr/bin/GponManager() [0x804aa91]

@@@platform_hal_GetSerialNumber(pValue)
    /usr/lib/libhal_platform.so.0(platform_hal_GetSerialNumber+0x76) [0xf7c980f6]
    service_dhcp() [0x804e59f]
    service_dhcp() [0x8054392]
    service_dhcp() [0x8054eaa]
    service_dhcp() [0x804a6e0]
    /lib/libc.so.6(__libc_start_main+0xed) [0xf7aaae2d]
    service_dhcp() [0x804af41]

@@@platform_hal_GetBaseMacAddress(pValue)
    /usr/lib/libhal_platform.so.0(platform_hal_GetBaseMacAddress+0x76) [0xf5e3ab06]
    /usr/lib/libtr181.so(CosaDmlDiGetBaseMacAddress+0x1a) [0xf5f6f00a]
    /usr/lib/libtr181.so(DeviceInfo_GetParamStringValue+0x63c) [0xf5feb569]
    /usr/lib/libccsp_common.so.0(DslhObjcoGetParamValueByName+0x244) [0xf7d4e33b]
    /usr/lib/libccsp_common.so.0(DslhObjcoGetBulkParamValue+0x202) [0xf7d4e61b]
    /usr/lib/libccsp_common.so.0(DslhWmpdoMpaGetParameterValues+0x4de) [0xf7d59ab7]
    /usr/lib/libccsp_common.so.0(CcspCcMbi_GetParameterValues+0x167) [0xf7d64060]
    /usr/lib/libccsp_common.so.0(+0xdfd6c) [0xf7d7cd6c]
    /usr/lib/librbuscore.so.0(+0x87ed) [0xf768d7ed]
    /usr/lib/librbuscore.so.0(+0x88ab) [0xf768d8ab]
    /usr/lib/librtMessage.so.0(+0x5025) [0xf75a1025]
    /usr/ccsp/../../lib/libpthread.so.0(+0x7f91) [0xf7c5ef91]
    /usr/ccsp/../../lib/libc.so.6(clone+0x66) [0xf7b6ab96]

@@@platform_hal_GetBaseMacAddress(pValue)
    /usr/lib/libhal_platform.so.0(platform_hal_GetBaseMacAddress+0x76) [0xf5e3ab06]
    /usr/lib/libtr181.so(CosaDmlDiGetBaseMacAddress+0x1a) [0xf5f6f00a]
    /usr/lib/libtr181.so(DeviceInfo_GetParamStringValue+0x63c) [0xf5feb569]
    /usr/lib/libccsp_common.so.0(DslhObjcoGetParamValueByName+0x244) [0xf7d4e33b]
    /usr/lib/libccsp_common.so.0(DslhObjcoGetBulkParamValue+0x202) [0xf7d4e61b]
    /usr/lib/libccsp_common.so.0(DslhWmpdoMpaGetParameterValues+0x4de) [0xf7d59ab7]
    /usr/lib/libccsp_common.so.0(CcspCcMbi_GetParameterValues+0x167) [0xf7d64060]
    /usr/lib/libccsp_common.so.0(+0xdfd6c) [0xf7d7cd6c]
    /usr/lib/librbuscore.so.0(+0x87ed) [0xf768d7ed]
    /usr/lib/librbuscore.so.0(+0x88ab) [0xf768d8ab]
    /usr/lib/librtMessage.so.0(+0x5025) [0xf75a1025]
    /usr/ccsp/../../lib/libpthread.so.0(+0x7f91) [0xf7c5ef91]
    /usr/ccsp/../../lib/libc.so.6(clone+0x66) [0xf7b6ab96]

@@@platform_hal_GetBaseMacAddress(pValue)
    /usr/lib/libhal_platform.so.0(platform_hal_GetBaseMacAddress+0x76) [0xf5e3ab06]
    /usr/lib/libtr181.so(CosaDmlDiGetBaseMacAddress+0x1a) [0xf5f6f00a]
    /usr/lib/libtr181.so(DeviceInfo_GetParamStringValue+0x63c) [0xf5feb569]
    /usr/lib/libccsp_common.so.0(DslhObjcoGetParamValueByName+0x244) [0xf7d4e33b]
    /usr/lib/libccsp_common.so.0(DslhObjcoGetBulkParamValue+0x202) [0xf7d4e61b]
    /usr/lib/libccsp_common.so.0(DslhWmpdoMpaGetParameterValues+0x4de) [0xf7d59ab7]
    /usr/lib/libccsp_common.so.0(CcspCcMbi_GetParameterValues+0x167) [0xf7d64060]
    /usr/lib/libccsp_common.so.0(+0xdfd6c) [0xf7d7cd6c]
    /usr/lib/librbuscore.so.0(+0x87ed) [0xf768d7ed]
    /usr/lib/librbuscore.so.0(+0x88ab) [0xf768d8ab]
    /usr/lib/librtMessage.so.0(+0x5025) [0xf75a1025]
    /usr/ccsp/../../lib/libpthread.so.0(+0x7f91) [0xf7c5ef91]
    /usr/ccsp/../../lib/libc.so.6(clone+0x66) [0xf7b6ab96]

@@@platform_hal_GetSerialNumber(pValue)
    /usr/lib/libhal_platform.so.0(platform_hal_GetSerialNumber+0x76) [0xf7d410f6]
    service_dhcp() [0x804e59f]
    service_dhcp() [0x8054392]
    service_dhcp() [0x804a68c]
    /lib/libc.so.6(__libc_start_main+0xed) [0xf7b53e2d]
    service_dhcp() [0x804af41]

@@@platform_hal_GetProductClass(pValue)
    /usr/lib/libhal_platform.so.0(platform_hal_GetProductClass+0x7f) [0xf5e3de52]
    /usr/lib/libtr181.so(CosaDmlDiGetProductClass+0x1a) [0xf5f6e808]
    /usr/lib/libtr181.so(DeviceInfo_GetParamStringValue+0x176) [0xf5feb0a3]
    /usr/lib/libccsp_common.so.0(DslhObjcoGetParamValueByName+0x244) [0xf7d4e33b]
    /usr/lib/libccsp_common.so.0(DslhObjcoGetBulkParamValue+0x202) [0xf7d4e61b]
    /usr/lib/libccsp_common.so.0(DslhWmpdoMpaGetParameterValues+0x4de) [0xf7d59ab7]
    /usr/lib/libccsp_common.so.0(CcspCcMbi_GetParameterValues+0x167) [0xf7d64060]
    /usr/lib/libccsp_common.so.0(+0xdfd6c) [0xf7d7cd6c]
    /usr/lib/librbuscore.so.0(+0x87ed) [0xf768d7ed]
    /usr/lib/librbuscore.so.0(+0x88ab) [0xf768d8ab]
    /usr/lib/librtMessage.so.0(+0x5025) [0xf75a1025]
    /usr/ccsp/../../lib/libpthread.so.0(+0x7f91) [0xf7c5ef91]
    /usr/ccsp/../../lib/libc.so.6(clone+0x66) [0xf7b6ab96]

@@@platform_hal_GetManufacturerOUI(pValue)
    /usr/lib/libhal_platform.so.0(platform_hal_GetManufacturerOUI+0x76) [0xf5e3e056]
    /usr/lib/libtr181.so(CosaDmlDiGetManufacturerOUI+0x1a) [0xf5f6e685]
    /usr/lib/libtr181.so(DeviceInfo_GetParamStringValue+0xc9) [0xf5feaff6]
    /usr/lib/libccsp_common.so.0(DslhObjcoGetParamValueByName+0x244) [0xf7d4e33b]
    /usr/lib/libccsp_common.so.0(DslhObjcoGetBulkParamValue+0x202) [0xf7d4e61b]
    /usr/lib/libccsp_common.so.0(DslhWmpdoMpaGetParameterValues+0x4de) [0xf7d59ab7]
    /usr/lib/libccsp_common.so.0(CcspCcMbi_GetParameterValues+0x167) [0xf7d64060]
    /usr/lib/libccsp_common.so.0(+0xdfd6c) [0xf7d7cd6c]
    /usr/lib/librbuscore.so.0(+0x87ed) [0xf768d7ed]
    /usr/lib/librbuscore.so.0(+0x88ab) [0xf768d8ab]
    /usr/lib/librtMessage.so.0(+0x5025) [0xf75a1025]
    /usr/ccsp/../../lib/libpthread.so.0(+0x7f91) [0xf7c5ef91]
    /usr/ccsp/../../lib/libc.so.6(clone+0x66) [0xf7b6ab96]

@@@platform_hal_GetSerialNumber(pValue)
    /usr/lib/libhal_platform.so.0(platform_hal_GetSerialNumber+0x76) [0xf5e3a0f6]
    /usr/lib/libtr181.so(CosaDmlDiGetSerialNumber+0x33) [0xf5f6e84d]
    /usr/lib/libtr181.so(DeviceInfo_GetParamStringValue+0x1ca) [0xf5feb0f7]
    /usr/lib/libccsp_common.so.0(DslhObjcoGetParamValueByName+0x244) [0xf7d4e33b]
    /usr/lib/libccsp_common.so.0(DslhObjcoGetBulkParamValue+0x202) [0xf7d4e61b]
    /usr/lib/libccsp_common.so.0(DslhWmpdoMpaGetParameterValues+0x4de) [0xf7d59ab7]
    /usr/lib/libccsp_common.so.0(CcspCcMbi_GetParameterValues+0x167) [0xf7d64060]
    /usr/lib/libccsp_common.so.0(+0xdfd6c) [0xf7d7cd6c]
    /usr/lib/librbuscore.so.0(+0x87ed) [0xf768d7ed]
    /usr/lib/librbuscore.so.0(+0x88ab) [0xf768d8ab]
    /usr/lib/librtMessage.so.0(+0x5025) [0xf75a1025]
    /usr/ccsp/../../lib/libpthread.so.0(+0x7f91) [0xf7c5ef91]
    /usr/ccsp/../../lib/libc.so.6(clone+0x66) [0xf7b6ab96]

@@@platform_hal_GetManufacturerOUI(pValue)
    /usr/lib/libhal_platform.so.0(platform_hal_GetManufacturerOUI+0x76) [0xf5e3e056]
    /usr/lib/libtr181.so(CosaDmlDiGetManufacturerOUI+0x1a) [0xf5f6e685]
    /usr/lib/libtr181.so(DeviceInfo_GetParamStringValue+0xc9) [0xf5feaff6]
    /usr/lib/libccsp_common.so.0(DslhObjcoGetParamValueByName+0x244) [0xf7d4e33b]
    /usr/lib/libccsp_common.so.0(DslhObjcoGetBulkParamValue+0x202) [0xf7d4e61b]
    /usr/lib/libccsp_common.so.0(DslhWmpdoMpaGetParameterValues+0x4de) [0xf7d59ab7]
    /usr/lib/libccsp_common.so.0(CcspCcMbi_GetParameterValues+0x167) [0xf7d64060]
    /usr/lib/libccsp_common.so.0(+0xdfd6c) [0xf7d7cd6c]
    /usr/lib/librbuscore.so.0(+0x87ed) [0xf768d7ed]
    /usr/lib/librbuscore.so.0(+0x88ab) [0xf768d8ab]
    /usr/lib/librtMessage.so.0(+0x5025) [0xf75a1025]
    /usr/ccsp/../../lib/libpthread.so.0(+0x7f91) [0xf7c5ef91]
    /usr/ccsp/../../lib/libc.so.6(clone+0x66) [0xf7b6ab96]

@@@platform_hal_GetProductClass(pValue)
    /usr/lib/libhal_platform.so.0(platform_hal_GetProductClass+0x7f) [0xf5e3de52]
    /usr/lib/libtr181.so(CosaDmlDiGetProductClass+0x1a) [0xf5f6e808]
    /usr/lib/libtr181.so(DeviceInfo_GetParamStringValue+0x176) [0xf5feb0a3]
    /usr/lib/libccsp_common.so.0(DslhObjcoGetParamValueByName+0x244) [0xf7d4e33b]
    /usr/lib/libccsp_common.so.0(DslhObjcoGetBulkParamValue+0x202) [0xf7d4e61b]
    /usr/lib/libccsp_common.so.0(DslhWmpdoMpaGetParameterValues+0x4de) [0xf7d59ab7]
    /usr/lib/libccsp_common.so.0(CcspCcMbi_GetParameterValues+0x167) [0xf7d64060]
    /usr/lib/libccsp_common.so.0(+0xdfd6c) [0xf7d7cd6c]
    /usr/lib/librbuscore.so.0(+0x87ed) [0xf768d7ed]
    /usr/lib/librbuscore.so.0(+0x88ab) [0xf768d8ab]
    /usr/lib/librtMessage.so.0(+0x5025) [0xf75a1025]
    /usr/ccsp/../../lib/libpthread.so.0(+0x7f91) [0xf7c5ef91]
    /usr/ccsp/../../lib/libc.so.6(clone+0x66) [0xf7b6ab96]

@@@platform_hal_GetSerialNumber(pValue)
    /usr/lib/libhal_platform.so.0(platform_hal_GetSerialNumber+0x76) [0xf5e3a0f6]
    /usr/lib/libtr181.so(CosaDmlDiGetSerialNumber+0x33) [0xf5f6e84d]
    /usr/lib/libtr181.so(DeviceInfo_GetParamStringValue+0x1ca) [0xf5feb0f7]
    /usr/lib/libccsp_common.so.0(DslhObjcoGetParamValueByName+0x244) [0xf7d4e33b]
    /usr/lib/libccsp_common.so.0(DslhObjcoGetBulkParamValue+0x202) [0xf7d4e61b]
    /usr/lib/libccsp_common.so.0(DslhWmpdoMpaGetParameterValues+0x4de) [0xf7d59ab7]
    /usr/lib/libccsp_common.so.0(CcspCcMbi_GetParameterValues+0x167) [0xf7d64060]
    /usr/lib/libccsp_common.so.0(+0xdfd6c) [0xf7d7cd6c]
    /usr/lib/librbuscore.so.0(+0x87ed) [0xf768d7ed]
    /usr/lib/librbuscore.so.0(+0x88ab) [0xf768d8ab]
    /usr/lib/librtMessage.so.0(+0x5025) [0xf75a1025]
    /usr/ccsp/../../lib/libpthread.so.0(+0x7f91) [0xf7c5ef91]
    /usr/ccsp/../../lib/libc.so.6(clone+0x66) [0xf7b6ab96]

@@@platform_hal_GetProductClass(pValue)
    /usr/lib/libhal_platform.so.0(platform_hal_GetProductClass+0x7f) [0xf5e3de52]
    /usr/lib/libtr181.so(CosaDmlDiGetProductClass+0x1a) [0xf5f6e808]
    /usr/lib/libtr181.so(DeviceInfo_GetParamStringValue+0x176) [0xf5feb0a3]
    /usr/lib/libccsp_common.so.0(DslhObjcoGetParamValueByName+0x244) [0xf7d4e33b]
    /usr/lib/libccsp_common.so.0(DslhObjcoGetBulkParamValue+0x202) [0xf7d4e61b]
    /usr/lib/libccsp_common.so.0(DslhWmpdoMpaGetParameterValues+0x4de) [0xf7d59ab7]
    /usr/lib/libccsp_common.so.0(CcspCcMbi_GetParameterValues+0x167) [0xf7d64060]
    /usr/lib/libccsp_common.so.0(+0xdfd6c) [0xf7d7cd6c]
    /usr/lib/librbuscore.so.0(+0x87ed) [0xf768d7ed]
    /usr/lib/librbuscore.so.0(+0x88ab) [0xf768d8ab]
    /usr/lib/librtMessage.so.0(+0x5025) [0xf75a1025]
    /usr/ccsp/../../lib/libpthread.so.0(+0x7f91) [0xf7c5ef91]
    /usr/ccsp/../../lib/libc.so.6(clone+0x66) [0xf7b6ab96]

@@@platform_hal_GetManufacturerOUI(pValue)
    /usr/lib/libhal_platform.so.0(platform_hal_GetManufacturerOUI+0x76) [0xf5e3e056]
    /usr/lib/libtr181.so(CosaDmlDiGetManufacturerOUI+0x1a) [0xf5f6e685]
    /usr/lib/libtr181.so(DeviceInfo_GetParamStringValue+0xc9) [0xf5feaff6]
    /usr/lib/libccsp_common.so.0(DslhObjcoGetParamValueByName+0x244) [0xf7d4e33b]
    /usr/lib/libccsp_common.so.0(DslhObjcoGetBulkParamValue+0x202) [0xf7d4e61b]
    /usr/lib/libccsp_common.so.0(DslhWmpdoMpaGetParameterValues+0x4de) [0xf7d59ab7]
    /usr/lib/libccsp_common.so.0(CcspCcMbi_GetParameterValues+0x167) [0xf7d64060]
    /usr/lib/libccsp_common.so.0(+0xdfd6c) [0xf7d7cd6c]
    /usr/lib/librbuscore.so.0(+0x87ed) [0xf768d7ed]
    /usr/lib/librbuscore.so.0(+0x88ab) [0xf768d8ab]
    /usr/lib/librtMessage.so.0(+0x5025) [0xf75a1025]
    /usr/ccsp/../../lib/libpthread.so.0(+0x7f91) [0xf7c5ef91]
    /usr/ccsp/../../lib/libc.so.6(clone+0x66) [0xf7b6ab96]

@@@platform_hal_GetSerialNumber(pValue)
    /usr/lib/libhal_platform.so.0(platform_hal_GetSerialNumber+0x76) [0xf5e3a0f6]
    /usr/lib/libtr181.so(CosaDmlDiGetSerialNumber+0x33) [0xf5f6e84d]
    /usr/lib/libtr181.so(DeviceInfo_GetParamStringValue+0x1ca) [0xf5feb0f7]
    /usr/lib/libccsp_common.so.0(DslhObjcoGetParamValueByName+0x244) [0xf7d4e33b]
    /usr/lib/libccsp_common.so.0(DslhObjcoGetBulkParamValue+0x202) [0xf7d4e61b]
    /usr/lib/libccsp_common.so.0(DslhWmpdoMpaGetParameterValues+0x4de) [0xf7d59ab7]
    /usr/lib/libccsp_common.so.0(CcspCcMbi_GetParameterValues+0x167) [0xf7d64060]
    /usr/lib/libccsp_common.so.0(+0xdfd6c) [0xf7d7cd6c]
    /usr/lib/librbuscore.so.0(+0x87ed) [0xf768d7ed]
    /usr/lib/librbuscore.so.0(+0x88ab) [0xf768d8ab]
    /usr/lib/librtMessage.so.0(+0x5025) [0xf75a1025]
    /usr/ccsp/../../lib/libpthread.so.0(+0x7f91) [0xf7c5ef91]
    /usr/ccsp/../../lib/libc.so.6(clone+0x66) [0xf7b6ab96]

@@@platform_hal_GetDhcpv6_Options(req_opt_list, send_opt_list)
    /usr/lib/libhal_platform.so.0(platform_hal_GetDhcpv6_Options+0x70) [0xf7d0f1ab]
    /usr/lib/libdhcp_client_utils.so.0(start_dhcpv6_client+0x42f) [0xf7cbfc13]
    /usr/bin/wanmanager() [0x805b9e2]
    /usr/bin/wanmanager() [0x8052f24]
    /usr/bin/wanmanager() [0x8057aa5]
    /usr/ccsp/../../lib/libpthread.so.0(+0x7f91) [0xf7f6bf91]
    /usr/ccsp/../../lib/libc.so.6(clone+0x66) [0xf7b8eb96]

@@@platform_hal_GetSerialNumber(pValue)
    /usr/lib/libhal_platform.so.0(platform_hal_GetSerialNumber+0x76) [0xf7c8b0f6]
    service_ipv6() [0x804b4a3]
    service_ipv6() [0x804d029]
    service_ipv6() [0x804db9a]
    service_ipv6() [0x8049733]
    /lib/libc.so.6(__libc_start_main+0xed) [0xf7ac5e2d]
    service_ipv6() [0x8049821]

@@@platform_hal_GetBaseMacAddress(pValue)
    /usr/lib/libhal_platform.so.0(platform_hal_GetBaseMacAddress+0x76) [0xf7d0db06]
    /usr/lib/libdhcp_client_utils.so.0(start_dhcpv4_client+0x11d) [0xf7cbe7a4]
    /usr/bin/wanmanager() [0x805bbd0]
    /usr/bin/wanmanager() [0x8052f9c]
    /usr/bin/wanmanager() [0x8057aa5]
    /usr/ccsp/../../lib/libpthread.so.0(+0x7f91) [0xf7f6bf91]
    /usr/ccsp/../../lib/libc.so.6(clone+0x66) [0xf7b8eb96]

@@@platform_hal_GetProductClass(pValue)
    /usr/lib/libhal_platform.so.0(platform_hal_GetProductClass+0x7f) [0xf7d10e52]
    /usr/lib/libdhcp_client_utils.so.0(start_dhcpv4_client+0x211) [0xf7cbe898]
    /usr/bin/wanmanager() [0x805bbd0]
    /usr/bin/wanmanager() [0x8052f9c]
    /usr/bin/wanmanager() [0x8057aa5]
    /usr/ccsp/../../lib/libpthread.so.0(+0x7f91) [0xf7f6bf91]
    /usr/ccsp/../../lib/libc.so.6(clone+0x66) [0xf7b8eb96]

@@@platform_hal_GetSerialNumber(pValue)
    /usr/lib/libhal_platform.so.0(platform_hal_GetSerialNumber+0x76) [0xf7d0d0f6]
    /usr/lib/libdhcp_client_utils.so.0(start_dhcpv4_client+0x236) [0xf7cbe8bd]
    /usr/bin/wanmanager() [0x805bbd0]
    /usr/bin/wanmanager() [0x8052f9c]
    /usr/bin/wanmanager() [0x8057aa5]
    /usr/ccsp/../../lib/libpthread.so.0(+0x7f91) [0xf7f6bf91]
    /usr/ccsp/../../lib/libc.so.6(clone+0x66) [0xf7b8eb96]

@@@platform_hal_GetProductClass(pValue)
    /usr/lib/libhal_platform.so.0(platform_hal_GetProductClass+0x7f) [0xf7d10e52]
    /usr/lib/libdhcp_client_utils.so.0(start_dhcpv4_client+0x3a5) [0xf7cbea2c]
    /usr/bin/wanmanager() [0x805bbd0]
    /usr/bin/wanmanager() [0x8052f9c]
    /usr/bin/wanmanager() [0x8057aa5]
    /usr/ccsp/../../lib/libpthread.so.0(+0x7f91) [0xf7f6bf91]
    /usr/ccsp/../../lib/libc.so.6(clone+0x66) [0xf7b8eb96]

@@@platform_hal_GetModelName(pValue)
    /usr/lib/libhal_platform.so.0(platform_hal_GetModelName+0x76) [0xf7d0cff2]
    /usr/lib/libdhcp_client_utils.so.0(start_dhcpv4_client+0x431) [0xf7cbeab8]
    /usr/bin/wanmanager() [0x805bbd0]
    /usr/bin/wanmanager() [0x8052f9c]
    /usr/bin/wanmanager() [0x8057aa5]
    /usr/ccsp/../../lib/libpthread.so.0(+0x7f91) [0xf7f6bf91]
    /usr/ccsp/../../lib/libc.so.6(clone+0x66) [0xf7b8eb96]

@@@platform_hal_GetSerialNumber(pValue)
    /usr/lib/libhal_platform.so.0(platform_hal_GetSerialNumber+0x76) [0xf7d0d0f6]
    /usr/lib/libdhcp_client_utils.so.0(start_dhcpv4_client+0x4b6) [0xf7cbeb3d]
    /usr/bin/wanmanager() [0x805bbd0]
    /usr/bin/wanmanager() [0x8052f9c]
    /usr/bin/wanmanager() [0x8057aa5]
    /usr/ccsp/../../lib/libpthread.so.0(+0x7f91) [0xf7f6bf91]
    /usr/ccsp/../../lib/libc.so.6(clone+0x66) [0xf7b8eb96]

@@@platform_hal_GetDhcpv4_Options(req_opt_list, send_opt_list)
    /usr/lib/libhal_platform.so.0(platform_hal_GetDhcpv4_Options+0x70) [0xf7d0f295]
    /usr/lib/libdhcp_client_utils.so.0(start_dhcpv4_client+0x67c) [0xf7cbed03]
    /usr/bin/wanmanager() [0x805bbd0]
    /usr/bin/wanmanager() [0x8052f9c]
    /usr/bin/wanmanager() [0x8057aa5]
    /usr/ccsp/../../lib/libpthread.so.0(+0x7f91) [0xf7f6bf91]
    /usr/ccsp/../../lib/libc.so.6(clone+0x66) [0xf7b8eb96]

@@@platform_hal_GetProductClass(pValue)
    /usr/lib/libhal_platform.so.0(platform_hal_GetProductClass+0x7f) [0xf5e3de52]
    /usr/lib/libtr181.so(CosaDmlDiGetProductClass+0x1a) [0xf5f6e808]
    /usr/lib/libtr181.so(DeviceInfo_GetParamStringValue+0x176) [0xf5feb0a3]
    /usr/lib/libccsp_common.so.0(DslhObjcoGetParamValueByName+0x244) [0xf7d4e33b]
    /usr/lib/libccsp_common.so.0(DslhObjcoGetBulkParamValue+0x202) [0xf7d4e61b]
    /usr/lib/libccsp_common.so.0(DslhWmpdoMpaGetParameterValues+0x4de) [0xf7d59ab7]
    /usr/lib/libccsp_common.so.0(CcspCcMbi_GetParameterValues+0x167) [0xf7d64060]
    /usr/lib/libccsp_common.so.0(+0xdfd6c) [0xf7d7cd6c]
    /usr/lib/librbuscore.so.0(+0x87ed) [0xf768d7ed]
    /usr/lib/librbuscore.so.0(+0x88ab) [0xf768d8ab]
    /usr/lib/librtMessage.so.0(+0x5025) [0xf75a1025]
    /usr/ccsp/../../lib/libpthread.so.0(+0x7f91) [0xf7c5ef91]
    /usr/ccsp/../../lib/libc.so.6(clone+0x66) [0xf7b6ab96]

@@@platform_hal_GetManufacturerOUI(pValue)
    /usr/lib/libhal_platform.so.0(platform_hal_GetManufacturerOUI+0x76) [0xf5e3e056]
    /usr/lib/libtr181.so(CosaDmlDiGetManufacturerOUI+0x1a) [0xf5f6e685]
    /usr/lib/libtr181.so(DeviceInfo_GetParamStringValue+0xc9) [0xf5feaff6]
    /usr/lib/libccsp_common.so.0(DslhObjcoGetParamValueByName+0x244) [0xf7d4e33b]
    /usr/lib/libccsp_common.so.0(DslhObjcoGetBulkParamValue+0x202) [0xf7d4e61b]
    /usr/lib/libccsp_common.so.0(DslhWmpdoMpaGetParameterValues+0x4de) [0xf7d59ab7]
    /usr/lib/libccsp_common.so.0(CcspCcMbi_GetParameterValues+0x167) [0xf7d64060]
    /usr/lib/libccsp_common.so.0(+0xdfd6c) [0xf7d7cd6c]
    /usr/lib/librbuscore.so.0(+0x87ed) [0xf768d7ed]
    /usr/lib/librbuscore.so.0(+0x88ab) [0xf768d8ab]
    /usr/lib/librtMessage.so.0(+0x5025) [0xf75a1025]
    /usr/ccsp/../../lib/libpthread.so.0(+0x7f91) [0xf7c5ef91]
    /usr/ccsp/../../lib/libc.so.6(clone+0x66) [0xf7b6ab96]

@@@platform_hal_GetSerialNumber(pValue)
    /usr/lib/libhal_platform.so.0(platform_hal_GetSerialNumber+0x76) [0xf5e3a0f6]
    /usr/lib/libtr181.so(CosaDmlDiGetSerialNumber+0x33) [0xf5f6e84d]
    /usr/lib/libtr181.so(DeviceInfo_GetParamStringValue+0x1ca) [0xf5feb0f7]
    /usr/lib/libccsp_common.so.0(DslhObjcoGetParamValueByName+0x244) [0xf7d4e33b]
    /usr/lib/libccsp_common.so.0(DslhObjcoGetBulkParamValue+0x202) [0xf7d4e61b]
    /usr/lib/libccsp_common.so.0(DslhWmpdoMpaGetParameterValues+0x4de) [0xf7d59ab7]
    /usr/lib/libccsp_common.so.0(CcspCcMbi_GetParameterValues+0x167) [0xf7d64060]
    /usr/lib/libccsp_common.so.0(+0xdfd6c) [0xf7d7cd6c]
    /usr/lib/librbuscore.so.0(+0x87ed) [0xf768d7ed]
    /usr/lib/librbuscore.so.0(+0x88ab) [0xf768d8ab]
    /usr/lib/librtMessage.so.0(+0x5025) [0xf75a1025]
    /usr/ccsp/../../lib/libpthread.so.0(+0x7f91) [0xf7c5ef91]
    /usr/ccsp/../../lib/libc.so.6(clone+0x66) [0xf7b6ab96]

@@@platform_hal_GetManufacturerOUI(pValue)
    /usr/lib/libhal_platform.so.0(platform_hal_GetManufacturerOUI+0x76) [0xf5e3e056]
    /usr/lib/libtr181.so(CosaDmlDiGetManufacturerOUI+0x1a) [0xf5f6e685]
    /usr/lib/libtr181.so(DeviceInfo_GetParamStringValue+0xc9) [0xf5feaff6]
    /usr/lib/libccsp_common.so.0(DslhObjcoGetParamValueByName+0x244) [0xf7d4e33b]
    /usr/lib/libccsp_common.so.0(DslhObjcoGetBulkParamValue+0x202) [0xf7d4e61b]
    /usr/lib/libccsp_common.so.0(DslhWmpdoMpaGetParameterValues+0x4de) [0xf7d59ab7]
    /usr/lib/libccsp_common.so.0(CcspCcMbi_GetParameterValues+0x167) [0xf7d64060]
    /usr/lib/libccsp_common.so.0(+0xdfd6c) [0xf7d7cd6c]
    /usr/lib/librbuscore.so.0(+0x87ed) [0xf768d7ed]
    /usr/lib/librbuscore.so.0(+0x88ab) [0xf768d8ab]
    /usr/lib/librtMessage.so.0(+0x5025) [0xf75a1025]
    /usr/ccsp/../../lib/libpthread.so.0(+0x7f91) [0xf7c5ef91]
    /usr/ccsp/../../lib/libc.so.6(clone+0x66) [0xf7b6ab96]

@@@platform_hal_GetProductClass(pValue)
    /usr/lib/libhal_platform.so.0(platform_hal_GetProductClass+0x7f) [0xf5e3de52]
    /usr/lib/libtr181.so(CosaDmlDiGetProductClass+0x1a) [0xf5f6e808]
    /usr/lib/libtr181.so(DeviceInfo_GetParamStringValue+0x176) [0xf5feb0a3]
    /usr/lib/libccsp_common.so.0(DslhObjcoGetParamValueByName+0x244) [0xf7d4e33b]
    /usr/lib/libccsp_common.so.0(DslhObjcoGetBulkParamValue+0x202) [0xf7d4e61b]
    /usr/lib/libccsp_common.so.0(DslhWmpdoMpaGetParameterValues+0x4de) [0xf7d59ab7]
    /usr/lib/libccsp_common.so.0(CcspCcMbi_GetParameterValues+0x167) [0xf7d64060]
    /usr/lib/libccsp_common.so.0(+0xdfd6c) [0xf7d7cd6c]
    /usr/lib/librbuscore.so.0(+0x87ed) [0xf768d7ed]
    /usr/lib/librbuscore.so.0(+0x88ab) [0xf768d8ab]
    /usr/lib/librtMessage.so.0(+0x5025) [0xf75a1025]
    /usr/ccsp/../../lib/libpthread.so.0(+0x7f91) [0xf7c5ef91]
    /usr/ccsp/../../lib/libc.so.6(clone+0x66) [0xf7b6ab96]

@@@platform_hal_GetSerialNumber(pValue)
    /usr/lib/libhal_platform.so.0(platform_hal_GetSerialNumber+0x76) [0xf5e3a0f6]
    /usr/lib/libtr181.so(CosaDmlDiGetSerialNumber+0x33) [0xf5f6e84d]
    /usr/lib/libtr181.so(DeviceInfo_GetParamStringValue+0x1ca) [0xf5feb0f7]
    /usr/lib/libccsp_common.so.0(DslhObjcoGetParamValueByName+0x244) [0xf7d4e33b]
    /usr/lib/libccsp_common.so.0(DslhObjcoGetBulkParamValue+0x202) [0xf7d4e61b]
    /usr/lib/libccsp_common.so.0(DslhWmpdoMpaGetParameterValues+0x4de) [0xf7d59ab7]
    /usr/lib/libccsp_common.so.0(CcspCcMbi_GetParameterValues+0x167) [0xf7d64060]
    /usr/lib/libccsp_common.so.0(+0xdfd6c) [0xf7d7cd6c]
    /usr/lib/librbuscore.so.0(+0x87ed) [0xf768d7ed]
    /usr/lib/librbuscore.so.0(+0x88ab) [0xf768d8ab]
    /usr/lib/librtMessage.so.0(+0x5025) [0xf75a1025]
    /usr/ccsp/../../lib/libpthread.so.0(+0x7f91) [0xf7c5ef91]
    /usr/ccsp/../../lib/libc.so.6(clone+0x66) [0xf7b6ab96]

@@@platform_hal_GetProductClass(pValue)
    /usr/lib/libhal_platform.so.0(platform_hal_GetProductClass+0x7f) [0xf5e3de52]
    /usr/lib/libtr181.so(CosaDmlDiGetProductClass+0x1a) [0xf5f6e808]
    /usr/lib/libtr181.so(DeviceInfo_GetParamStringValue+0x176) [0xf5feb0a3]
    /usr/lib/libccsp_common.so.0(DslhObjcoGetParamValueByName+0x244) [0xf7d4e33b]
    /usr/lib/libccsp_common.so.0(DslhObjcoGetBulkParamValue+0x202) [0xf7d4e61b]
    /usr/lib/libccsp_common.so.0(DslhWmpdoMpaGetParameterValues+0x4de) [0xf7d59ab7]
    /usr/lib/libccsp_common.so.0(CcspCcMbi_GetParameterValues+0x167) [0xf7d64060]
    /usr/lib/libccsp_common.so.0(+0xdfd6c) [0xf7d7cd6c]
    /usr/lib/librbuscore.so.0(+0x87ed) [0xf768d7ed]
    /usr/lib/librbuscore.so.0(+0x88ab) [0xf768d8ab]
    /usr/lib/librtMessage.so.0(+0x5025) [0xf75a1025]
    /usr/ccsp/../../lib/libpthread.so.0(+0x7f91) [0xf7c5ef91]
    /usr/ccsp/../../lib/libc.so.6(clone+0x66) [0xf7b6ab96]

@@@platform_hal_GetManufacturerOUI(pValue)
    /usr/lib/libhal_platform.so.0(platform_hal_GetManufacturerOUI+0x76) [0xf5e3e056]
    /usr/lib/libtr181.so(CosaDmlDiGetManufacturerOUI+0x1a) [0xf5f6e685]
    /usr/lib/libtr181.so(DeviceInfo_GetParamStringValue+0xc9) [0xf5feaff6]
    /usr/lib/libccsp_common.so.0(DslhObjcoGetParamValueByName+0x244) [0xf7d4e33b]
    /usr/lib/libccsp_common.so.0(DslhObjcoGetBulkParamValue+0x202) [0xf7d4e61b]
    /usr/lib/libccsp_common.so.0(DslhWmpdoMpaGetParameterValues+0x4de) [0xf7d59ab7]
    /usr/lib/libccsp_common.so.0(CcspCcMbi_GetParameterValues+0x167) [0xf7d64060]
    /usr/lib/libccsp_common.so.0(+0xdfd6c) [0xf7d7cd6c]
    /usr/lib/librbuscore.so.0(+0x87ed) [0xf768d7ed]
    /usr/lib/librbuscore.so.0(+0x88ab) [0xf768d8ab]
    /usr/lib/librtMessage.so.0(+0x5025) [0xf75a1025]
    /usr/ccsp/../../lib/libpthread.so.0(+0x7f91) [0xf7c5ef91]
    /usr/ccsp/../../lib/libc.so.6(clone+0x66) [0xf7b6ab96]

@@@platform_hal_GetSerialNumber(pValue)
    /usr/lib/libhal_platform.so.0(platform_hal_GetSerialNumber+0x76) [0xf5e3a0f6]
    /usr/lib/libtr181.so(CosaDmlDiGetSerialNumber+0x33) [0xf5f6e84d]
    /usr/lib/libtr181.so(DeviceInfo_GetParamStringValue+0x1ca) [0xf5feb0f7]
    /usr/lib/libccsp_common.so.0(DslhObjcoGetParamValueByName+0x244) [0xf7d4e33b]
    /usr/lib/libccsp_common.so.0(DslhObjcoGetBulkParamValue+0x202) [0xf7d4e61b]
    /usr/lib/libccsp_common.so.0(DslhWmpdoMpaGetParameterValues+0x4de) [0xf7d59ab7]
    /usr/lib/libccsp_common.so.0(CcspCcMbi_GetParameterValues+0x167) [0xf7d64060]
    /usr/lib/libccsp_common.so.0(+0xdfd6c) [0xf7d7cd6c]
    /usr/lib/librbuscore.so.0(+0x87ed) [0xf768d7ed]
    /usr/lib/librbuscore.so.0(+0x88ab) [0xf768d8ab]
    /usr/lib/librtMessage.so.0(+0x5025) [0xf75a1025]
    /usr/ccsp/../../lib/libpthread.so.0(+0x7f91) [0xf7c5ef91]
    /usr/ccsp/../../lib/libc.so.6(clone+0x66) [0xf7b6ab96]

@@@platform_hal_GetDhcpv6_Options(req_opt_list, send_opt_list)
    /usr/lib/libhal_platform.so.0(platform_hal_GetDhcpv6_Options+0x70) [0xf7d0f1ab]
    /usr/lib/libdhcp_client_utils.so.0(start_dhcpv6_client+0x42f) [0xf7cbfc13]
    /usr/bin/wanmanager() [0x805b9e2]
    /usr/bin/wanmanager() [0x8052f24]
    /usr/bin/wanmanager() [0x8057aa5]
    /usr/ccsp/../../lib/libpthread.so.0(+0x7f91) [0xf7f6bf91]
    /usr/ccsp/../../lib/libc.so.6(clone+0x66) [0xf7b8eb96]

@@@platform_hal_GetBaseMacAddress(pValue)
    /usr/lib/libhal_platform.so.0(platform_hal_GetBaseMacAddress+0x76) [0xf7d0db06]
    /usr/lib/libdhcp_client_utils.so.0(start_dhcpv4_client+0x11d) [0xf7cbe7a4]
    /usr/bin/wanmanager() [0x805bbd0]
    /usr/bin/wanmanager() [0x8052f9c]
    /usr/bin/wanmanager() [0x8057aa5]
    /usr/ccsp/../../lib/libpthread.so.0(+0x7f91) [0xf7f6bf91]
    /usr/ccsp/../../lib/libc.so.6(clone+0x66) [0xf7b8eb96]

@@@platform_hal_GetProductClass(pValue)
    /usr/lib/libhal_platform.so.0(platform_hal_GetProductClass+0x7f) [0xf7d10e52]
    /usr/lib/libdhcp_client_utils.so.0(start_dhcpv4_client+0x211) [0xf7cbe898]
    /usr/bin/wanmanager() [0x805bbd0]
    /usr/bin/wanmanager() [0x8052f9c]
    /usr/bin/wanmanager() [0x8057aa5]
    /usr/ccsp/../../lib/libpthread.so.0(+0x7f91) [0xf7f6bf91]
    /usr/ccsp/../../lib/libc.so.6(clone+0x66) [0xf7b8eb96]

@@@platform_hal_GetSerialNumber(pValue)
    /usr/lib/libhal_platform.so.0(platform_hal_GetSerialNumber+0x76) [0xf7d0d0f6]
    /usr/lib/libdhcp_client_utils.so.0(start_dhcpv4_client+0x236) [0xf7cbe8bd]
    /usr/bin/wanmanager() [0x805bbd0]
    /usr/bin/wanmanager() [0x8052f9c]
    /usr/bin/wanmanager() [0x8057aa5]
    /usr/ccsp/../../lib/libpthread.so.0(+0x7f91) [0xf7f6bf91]
    /usr/ccsp/../../lib/libc.so.6(clone+0x66) [0xf7b8eb96]

@@@platform_hal_GetProductClass(pValue)
    /usr/lib/libhal_platform.so.0(platform_hal_GetProductClass+0x7f) [0xf7d10e52]
    /usr/lib/libdhcp_client_utils.so.0(start_dhcpv4_client+0x3a5) [0xf7cbea2c]
    /usr/bin/wanmanager() [0x805bbd0]
    /usr/bin/wanmanager() [0x8052f9c]
    /usr/bin/wanmanager() [0x8057aa5]
    /usr/ccsp/../../lib/libpthread.so.0(+0x7f91) [0xf7f6bf91]
    /usr/ccsp/../../lib/libc.so.6(clone+0x66) [0xf7b8eb96]

@@@platform_hal_GetModelName(pValue)
    /usr/lib/libhal_platform.so.0(platform_hal_GetModelName+0x76) [0xf7d0cff2]
    /usr/lib/libdhcp_client_utils.so.0(start_dhcpv4_client+0x431) [0xf7cbeab8]
    /usr/bin/wanmanager() [0x805bbd0]
    /usr/bin/wanmanager() [0x8052f9c]
    /usr/bin/wanmanager() [0x8057aa5]
    /usr/ccsp/../../lib/libpthread.so.0(+0x7f91) [0xf7f6bf91]
    /usr/ccsp/../../lib/libc.so.6(clone+0x66) [0xf7b8eb96]

@@@platform_hal_GetSerialNumber(pValue)
    /usr/lib/libhal_platform.so.0(platform_hal_GetSerialNumber+0x76) [0xf7d0d0f6]
    /usr/lib/libdhcp_client_utils.so.0(start_dhcpv4_client+0x4b6) [0xf7cbeb3d]
    /usr/bin/wanmanager() [0x805bbd0]
    /usr/bin/wanmanager() [0x8052f9c]
    /usr/bin/wanmanager() [0x8057aa5]
    /usr/ccsp/../../lib/libpthread.so.0(+0x7f91) [0xf7f6bf91]
    /usr/ccsp/../../lib/libc.so.6(clone+0x66) [0xf7b8eb96]

@@@platform_hal_GetDhcpv4_Options(req_opt_list, send_opt_list)
    /usr/lib/libhal_platform.so.0(platform_hal_GetDhcpv4_Options+0x70) [0xf7d0f295]
    /usr/lib/libdhcp_client_utils.so.0(start_dhcpv4_client+0x67c) [0xf7cbed03]
    /usr/bin/wanmanager() [0x805bbd0]
    /usr/bin/wanmanager() [0x8052f9c]
    /usr/bin/wanmanager() [0x8057aa5]
    /usr/ccsp/../../lib/libpthread.so.0(+0x7f91) [0xf7f6bf91]
    /usr/ccsp/../../lib/libc.so.6(clone+0x66) [0xf7b8eb96]

@@@platform_hal_GetProductClass(pValue)
    /usr/lib/libhal_platform.so.0(platform_hal_GetProductClass+0x7f) [0xf5e3de52]
    /usr/lib/libtr181.so(CosaDmlDiGetProductClass+0x1a) [0xf5f6e808]
    /usr/lib/libtr181.so(DeviceInfo_GetParamStringValue+0x176) [0xf5feb0a3]
    /usr/lib/libccsp_common.so.0(DslhObjcoGetParamValueByName+0x244) [0xf7d4e33b]
    /usr/lib/libccsp_common.so.0(DslhObjcoGetBulkParamValue+0x202) [0xf7d4e61b]
    /usr/lib/libccsp_common.so.0(DslhWmpdoMpaGetParameterValues+0x4de) [0xf7d59ab7]
    /usr/lib/libccsp_common.so.0(CcspCcMbi_GetParameterValues+0x167) [0xf7d64060]
    /usr/lib/libccsp_common.so.0(+0xdfd6c) [0xf7d7cd6c]
    /usr/lib/librbuscore.so.0(+0x87ed) [0xf768d7ed]
    /usr/lib/librbuscore.so.0(+0x88ab) [0xf768d8ab]
    /usr/lib/librtMessage.so.0(+0x5025) [0xf75a1025]
    /usr/ccsp/../../lib/libpthread.so.0(+0x7f91) [0xf7c5ef91]
    /usr/ccsp/../../lib/libc.so.6(clone+0x66) [0xf7b6ab96]

@@@platform_hal_GetManufacturerOUI(pValue)
    /usr/lib/libhal_platform.so.0(platform_hal_GetManufacturerOUI+0x76) [0xf5e3e056]
    /usr/lib/libtr181.so(CosaDmlDiGetManufacturerOUI+0x1a) [0xf5f6e685]
    /usr/lib/libtr181.so(DeviceInfo_GetParamStringValue+0xc9) [0xf5feaff6]
    /usr/lib/libccsp_common.so.0(DslhObjcoGetParamValueByName+0x244) [0xf7d4e33b]
    /usr/lib/libccsp_common.so.0(DslhObjcoGetBulkParamValue+0x202) [0xf7d4e61b]
    /usr/lib/libccsp_common.so.0(DslhWmpdoMpaGetParameterValues+0x4de) [0xf7d59ab7]
    /usr/lib/libccsp_common.so.0(CcspCcMbi_GetParameterValues+0x167) [0xf7d64060]
    /usr/lib/libccsp_common.so.0(+0xdfd6c) [0xf7d7cd6c]
    /usr/lib/librbuscore.so.0(+0x87ed) [0xf768d7ed]
    /usr/lib/librbuscore.so.0(+0x88ab) [0xf768d8ab]
    /usr/lib/librtMessage.so.0(+0x5025) [0xf75a1025]
    /usr/ccsp/../../lib/libpthread.so.0(+0x7f91) [0xf7c5ef91]
    /usr/ccsp/../../lib/libc.so.6(clone+0x66) [0xf7b6ab96]

@@@platform_hal_GetSerialNumber(pValue)
    /usr/lib/libhal_platform.so.0(platform_hal_GetSerialNumber+0x76) [0xf5e3a0f6]
    /usr/lib/libtr181.so(CosaDmlDiGetSerialNumber+0x33) [0xf5f6e84d]
    /usr/lib/libtr181.so(DeviceInfo_GetParamStringValue+0x1ca) [0xf5feb0f7]
    /usr/lib/libccsp_common.so.0(DslhObjcoGetParamValueByName+0x244) [0xf7d4e33b]
    /usr/lib/libccsp_common.so.0(DslhObjcoGetBulkParamValue+0x202) [0xf7d4e61b]
    /usr/lib/libccsp_common.so.0(DslhWmpdoMpaGetParameterValues+0x4de) [0xf7d59ab7]
    /usr/lib/libccsp_common.so.0(CcspCcMbi_GetParameterValues+0x167) [0xf7d64060]
    /usr/lib/libccsp_common.so.0(+0xdfd6c) [0xf7d7cd6c]
    /usr/lib/librbuscore.so.0(+0x87ed) [0xf768d7ed]
    /usr/lib/librbuscore.so.0(+0x88ab) [0xf768d8ab]
    /usr/lib/librtMessage.so.0(+0x5025) [0xf75a1025]
    /usr/ccsp/../../lib/libpthread.so.0(+0x7f91) [0xf7c5ef91]
    /usr/ccsp/../../lib/libc.so.6(clone+0x66) [0xf7b6ab96]

@@@platform_hal_GetManufacturerOUI(pValue)
    /usr/lib/libhal_platform.so.0(platform_hal_GetManufacturerOUI+0x76) [0xf5e3e056]
    /usr/lib/libtr181.so(CosaDmlDiGetManufacturerOUI+0x1a) [0xf5f6e685]
    /usr/lib/libtr181.so(DeviceInfo_GetParamStringValue+0xc9) [0xf5feaff6]
    /usr/lib/libccsp_common.so.0(DslhObjcoGetParamValueByName+0x244) [0xf7d4e33b]
    /usr/lib/libccsp_common.so.0(DslhObjcoGetBulkParamValue+0x202) [0xf7d4e61b]
    /usr/lib/libccsp_common.so.0(DslhWmpdoMpaGetParameterValues+0x4de) [0xf7d59ab7]
    /usr/lib/libccsp_common.so.0(CcspCcMbi_GetParameterValues+0x167) [0xf7d64060]
    /usr/lib/libccsp_common.so.0(+0xdfd6c) [0xf7d7cd6c]
    /usr/lib/librbuscore.so.0(+0x87ed) [0xf768d7ed]
    /usr/lib/librbuscore.so.0(+0x88ab) [0xf768d8ab]
    /usr/lib/librtMessage.so.0(+0x5025) [0xf75a1025]
    /usr/ccsp/../../lib/libpthread.so.0(+0x7f91) [0xf7c5ef91]
    /usr/ccsp/../../lib/libc.so.6(clone+0x66) [0xf7b6ab96]

@@@platform_hal_GetProductClass(pValue)
    /usr/lib/libhal_platform.so.0(platform_hal_GetProductClass+0x7f) [0xf5e3de52]
    /usr/lib/libtr181.so(CosaDmlDiGetProductClass+0x1a) [0xf5f6e808]
    /usr/lib/libtr181.so(DeviceInfo_GetParamStringValue+0x176) [0xf5feb0a3]
    /usr/lib/libccsp_common.so.0(DslhObjcoGetParamValueByName+0x244) [0xf7d4e33b]
    /usr/lib/libccsp_common.so.0(DslhObjcoGetBulkParamValue+0x202) [0xf7d4e61b]
    /usr/lib/libccsp_common.so.0(DslhWmpdoMpaGetParameterValues+0x4de) [0xf7d59ab7]
    /usr/lib/libccsp_common.so.0(CcspCcMbi_GetParameterValues+0x167) [0xf7d64060]
    /usr/lib/libccsp_common.so.0(+0xdfd6c) [0xf7d7cd6c]
    /usr/lib/librbuscore.so.0(+0x87ed) [0xf768d7ed]
    /usr/lib/librbuscore.so.0(+0x88ab) [0xf768d8ab]
    /usr/lib/librtMessage.so.0(+0x5025) [0xf75a1025]
    /usr/ccsp/../../lib/libpthread.so.0(+0x7f91) [0xf7c5ef91]
    /usr/ccsp/../../lib/libc.so.6(clone+0x66) [0xf7b6ab96]

@@@platform_hal_GetSerialNumber(pValue)
    /usr/lib/libhal_platform.so.0(platform_hal_GetSerialNumber+0x76) [0xf5e3a0f6]
    /usr/lib/libtr181.so(CosaDmlDiGetSerialNumber+0x33) [0xf5f6e84d]
    /usr/lib/libtr181.so(DeviceInfo_GetParamStringValue+0x1ca) [0xf5feb0f7]
    /usr/lib/libccsp_common.so.0(DslhObjcoGetParamValueByName+0x244) [0xf7d4e33b]
    /usr/lib/libccsp_common.so.0(DslhObjcoGetBulkParamValue+0x202) [0xf7d4e61b]
    /usr/lib/libccsp_common.so.0(DslhWmpdoMpaGetParameterValues+0x4de) [0xf7d59ab7]
    /usr/lib/libccsp_common.so.0(CcspCcMbi_GetParameterValues+0x167) [0xf7d64060]
    /usr/lib/libccsp_common.so.0(+0xdfd6c) [0xf7d7cd6c]
    /usr/lib/librbuscore.so.0(+0x87ed) [0xf768d7ed]
    /usr/lib/librbuscore.so.0(+0x88ab) [0xf768d8ab]
    /usr/lib/librtMessage.so.0(+0x5025) [0xf75a1025]
    /usr/ccsp/../../lib/libpthread.so.0(+0x7f91) [0xf7c5ef91]
    /usr/ccsp/../../lib/libc.so.6(clone+0x66) [0xf7b6ab96]

@@@platform_hal_GetProductClass(pValue)
    /usr/lib/libhal_platform.so.0(platform_hal_GetProductClass+0x7f) [0xf5e3de52]
    /usr/lib/libtr181.so(CosaDmlDiGetProductClass+0x1a) [0xf5f6e808]
    /usr/lib/libtr181.so(DeviceInfo_GetParamStringValue+0x176) [0xf5feb0a3]
    /usr/lib/libccsp_common.so.0(DslhObjcoGetParamValueByName+0x244) [0xf7d4e33b]
    /usr/lib/libccsp_common.so.0(DslhObjcoGetBulkParamValue+0x202) [0xf7d4e61b]
    /usr/lib/libccsp_common.so.0(DslhWmpdoMpaGetParameterValues+0x4de) [0xf7d59ab7]
    /usr/lib/libccsp_common.so.0(CcspCcMbi_GetParameterValues+0x167) [0xf7d64060]
    /usr/lib/libccsp_common.so.0(+0xdfd6c) [0xf7d7cd6c]
    /usr/lib/librbuscore.so.0(+0x87ed) [0xf768d7ed]
    /usr/lib/librbuscore.so.0(+0x88ab) [0xf768d8ab]
    /usr/lib/librtMessage.so.0(+0x5025) [0xf75a1025]
    /usr/ccsp/../../lib/libpthread.so.0(+0x7f91) [0xf7c5ef91]
    /usr/ccsp/../../lib/libc.so.6(clone+0x66) [0xf7b6ab96]

@@@platform_hal_GetManufacturerOUI(pValue)
    /usr/lib/libhal_platform.so.0(platform_hal_GetManufacturerOUI+0x76) [0xf5e3e056]
    /usr/lib/libtr181.so(CosaDmlDiGetManufacturerOUI+0x1a) [0xf5f6e685]
    /usr/lib/libtr181.so(DeviceInfo_GetParamStringValue+0xc9) [0xf5feaff6]
    /usr/lib/libccsp_common.so.0(DslhObjcoGetParamValueByName+0x244) [0xf7d4e33b]
    /usr/lib/libccsp_common.so.0(DslhObjcoGetBulkParamValue+0x202) [0xf7d4e61b]
    /usr/lib/libccsp_common.so.0(DslhWmpdoMpaGetParameterValues+0x4de) [0xf7d59ab7]
    /usr/lib/libccsp_common.so.0(CcspCcMbi_GetParameterValues+0x167) [0xf7d64060]
    /usr/lib/libccsp_common.so.0(+0xdfd6c) [0xf7d7cd6c]
    /usr/lib/librbuscore.so.0(+0x87ed) [0xf768d7ed]
    /usr/lib/librbuscore.so.0(+0x88ab) [0xf768d8ab]
    /usr/lib/librtMessage.so.0(+0x5025) [0xf75a1025]
    /usr/ccsp/../../lib/libpthread.so.0(+0x7f91) [0xf7c5ef91]
    /usr/ccsp/../../lib/libc.so.6(clone+0x66) [0xf7b6ab96]

@@@platform_hal_GetSerialNumber(pValue)
    /usr/lib/libhal_platform.so.0(platform_hal_GetSerialNumber+0x76) [0xf5e3a0f6]
    /usr/lib/libtr181.so(CosaDmlDiGetSerialNumber+0x33) [0xf5f6e84d]
    /usr/lib/libtr181.so(DeviceInfo_GetParamStringValue+0x1ca) [0xf5feb0f7]
    /usr/lib/libccsp_common.so.0(DslhObjcoGetParamValueByName+0x244) [0xf7d4e33b]
    /usr/lib/libccsp_common.so.0(DslhObjcoGetBulkParamValue+0x202) [0xf7d4e61b]
    /usr/lib/libccsp_common.so.0(DslhWmpdoMpaGetParameterValues+0x4de) [0xf7d59ab7]
    /usr/lib/libccsp_common.so.0(CcspCcMbi_GetParameterValues+0x167) [0xf7d64060]
    /usr/lib/libccsp_common.so.0(+0xdfd6c) [0xf7d7cd6c]
    /usr/lib/librbuscore.so.0(+0x87ed) [0xf768d7ed]
    /usr/lib/librbuscore.so.0(+0x88ab) [0xf768d8ab]
    /usr/lib/librtMessage.so.0(+0x5025) [0xf75a1025]
    /usr/ccsp/../../lib/libpthread.so.0(+0x7f91) [0xf7c5ef91]
    /usr/ccsp/../../lib/libc.so.6(clone+0x66) [0xf7b6ab96]

@@@platform_hal_GetDhcpv6_Options(req_opt_list, send_opt_list)
    /usr/lib/libhal_platform.so.0(platform_hal_GetDhcpv6_Options+0x70) [0xf7d0f1ab]
    /usr/lib/libdhcp_client_utils.so.0(start_dhcpv6_client+0x42f) [0xf7cbfc13]
    /usr/bin/wanmanager() [0x805b9e2]
    /usr/bin/wanmanager() [0x8052f24]
    /usr/bin/wanmanager() [0x8057aa5]
    /usr/ccsp/../../lib/libpthread.so.0(+0x7f91) [0xf7f6bf91]
    /usr/ccsp/../../lib/libc.so.6(clone+0x66) [0xf7b8eb96]

@@@platform_hal_GetBaseMacAddress(pValue)
    /usr/lib/libhal_platform.so.0(platform_hal_GetBaseMacAddress+0x76) [0xf7d0db06]
    /usr/lib/libdhcp_client_utils.so.0(start_dhcpv4_client+0x11d) [0xf7cbe7a4]
    /usr/bin/wanmanager() [0x805bbd0]
    /usr/bin/wanmanager() [0x8052f9c]
    /usr/bin/wanmanager() [0x8057aa5]
    /usr/ccsp/../../lib/libpthread.so.0(+0x7f91) [0xf7f6bf91]
    /usr/ccsp/../../lib/libc.so.6(clone+0x66) [0xf7b8eb96]

@@@platform_hal_GetProductClass(pValue)
    /usr/lib/libhal_platform.so.0(platform_hal_GetProductClass+0x7f) [0xf7d10e52]
    /usr/lib/libdhcp_client_utils.so.0(start_dhcpv4_client+0x211) [0xf7cbe898]
    /usr/bin/wanmanager() [0x805bbd0]
    /usr/bin/wanmanager() [0x8052f9c]
    /usr/bin/wanmanager() [0x8057aa5]
    /usr/ccsp/../../lib/libpthread.so.0(+0x7f91) [0xf7f6bf91]
    /usr/ccsp/../../lib/libc.so.6(clone+0x66) [0xf7b8eb96]

@@@platform_hal_GetSerialNumber(pValue)
    /usr/lib/libhal_platform.so.0(platform_hal_GetSerialNumber+0x76) [0xf7d0d0f6]
    /usr/lib/libdhcp_client_utils.so.0(start_dhcpv4_client+0x236) [0xf7cbe8bd]
    /usr/bin/wanmanager() [0x805bbd0]
    /usr/bin/wanmanager() [0x8052f9c]
    /usr/bin/wanmanager() [0x8057aa5]
    /usr/ccsp/../../lib/libpthread.so.0(+0x7f91) [0xf7f6bf91]
    /usr/ccsp/../../lib/libc.so.6(clone+0x66) [0xf7b8eb96]

@@@platform_hal_GetProductClass(pValue)
    /usr/lib/libhal_platform.so.0(platform_hal_GetProductClass+0x7f) [0xf7d10e52]
    /usr/lib/libdhcp_client_utils.so.0(start_dhcpv4_client+0x3a5) [0xf7cbea2c]
    /usr/bin/wanmanager() [0x805bbd0]
    /usr/bin/wanmanager() [0x8052f9c]
    /usr/bin/wanmanager() [0x8057aa5]
    /usr/ccsp/../../lib/libpthread.so.0(+0x7f91) [0xf7f6bf91]
    /usr/ccsp/../../lib/libc.so.6(clone+0x66) [0xf7b8eb96]

@@@platform_hal_GetModelName(pValue)
    /usr/lib/libhal_platform.so.0(platform_hal_GetModelName+0x76) [0xf7d0cff2]
    /usr/lib/libdhcp_client_utils.so.0(start_dhcpv4_client+0x431) [0xf7cbeab8]
    /usr/bin/wanmanager() [0x805bbd0]
    /usr/bin/wanmanager() [0x8052f9c]
    /usr/bin/wanmanager() [0x8057aa5]
    /usr/ccsp/../../lib/libpthread.so.0(+0x7f91) [0xf7f6bf91]
    /usr/ccsp/../../lib/libc.so.6(clone+0x66) [0xf7b8eb96]

@@@platform_hal_GetSerialNumber(pValue)
    /usr/lib/libhal_platform.so.0(platform_hal_GetSerialNumber+0x76) [0xf7d0d0f6]
    /usr/lib/libdhcp_client_utils.so.0(start_dhcpv4_client+0x4b6) [0xf7cbeb3d]
    /usr/bin/wanmanager() [0x805bbd0]
    /usr/bin/wanmanager() [0x8052f9c]
    /usr/bin/wanmanager() [0x8057aa5]
    /usr/ccsp/../../lib/libpthread.so.0(+0x7f91) [0xf7f6bf91]
    /usr/ccsp/../../lib/libc.so.6(clone+0x66) [0xf7b8eb96]

@@@platform_hal_GetDhcpv4_Options(req_opt_list, send_opt_list)
    /usr/lib/libhal_platform.so.0(platform_hal_GetDhcpv4_Options+0x70) [0xf7d0f295]
    /usr/lib/libdhcp_client_utils.so.0(start_dhcpv4_client+0x67c) [0xf7cbed03]
    /usr/bin/wanmanager() [0x805bbd0]
    /usr/bin/wanmanager() [0x8052f9c]
    /usr/bin/wanmanager() [0x8057aa5]
    /usr/ccsp/../../lib/libpthread.so.0(+0x7f91) [0xf7f6bf91]
    /usr/ccsp/../../lib/libc.so.6(clone+0x66) [0xf7b8eb96]

@@@platform_hal_GetModelName(pValue)
    /usr/lib/libhal_platform.so.0(platform_hal_GetModelName+0x76) [0xf7d0cff2]
    /usr/bin/wanmanager() [0x8050851]
    /usr/ccsp/../../lib/libpthread.so.0(+0x7f91) [0xf7f6bf91]
    /usr/ccsp/../../lib/libc.so.6(clone+0x66) [0xf7b8eb96]

@@@platform_hal_GetSerialNumber(pValue)
    /usr/lib/libhal_platform.so.0(platform_hal_GetSerialNumber+0x76) [0xf7d560f6]
    service_dhcp() [0x804e59f]
    service_dhcp() [0x805291e]
    service_dhcp() [0x804a65a]
    /lib/libc.so.6(__libc_start_main+0xed) [0xf7b68e2d]
    service_dhcp() [0x804af41]

@@@platform_hal_GetSerialNumber(pValue)
    /usr/lib/libhal_platform.so.0(platform_hal_GetSerialNumber+0x76) [0xf7d560f6]
    service_dhcp() [0x804e59f]
    service_dhcp() [0x8054392]
    service_dhcp() [0x804a68c]
    /lib/libc.so.6(__libc_start_main+0xed) [0xf7b68e2d]
    service_dhcp() [0x804af41]

@@@platform_hal_GetSerialNumber(pValue)
    /usr/lib/libhal_platform.so.0(platform_hal_GetSerialNumber+0x76) [0xf7c7a0f6]
    service_dhcp() [0x804e59f]
    service_dhcp() [0x805291e]
    service_dhcp() [0x804a65a]
    /lib/libc.so.6(__libc_start_main+0xed) [0xf7a8ce2d]
    service_dhcp() [0x804af41]

@@@platform_hal_GetSerialNumber(pValue)
    /usr/lib/libhal_platform.so.0(platform_hal_GetSerialNumber+0x76) [0xf7ce40f6]
    service_ipv6() [0x804b4a3]
    service_ipv6() [0x804d029]
    service_ipv6() [0x8049733]
    /lib/libc.so.6(__libc_start_main+0xed) [0xf7b1ee2d]
    service_ipv6() [0x8049821]

@@@platform_hal_GetSerialNumber(pValue)
    /usr/lib/libhal_platform.so.0(platform_hal_GetSerialNumber+0x76) [0xf7c7a0f6]
    service_dhcp() [0x804e59f]
    service_dhcp() [0x8054392]
    service_dhcp() [0x804a68c]
    /lib/libc.so.6(__libc_start_main+0xed) [0xf7a8ce2d]
    service_dhcp() [0x804af41]

@@@platform_hal_GetManufacturerOUI(pValue)
    /usr/lib/libhal_platform.so.0(platform_hal_GetManufacturerOUI+0x76) [0xf5e3e056]
    /usr/lib/libtr181.so(CosaDmlDiGetManufacturerOUI+0x1a) [0xf5f6e685]
    /usr/lib/libtr181.so(DeviceInfo_GetParamStringValue+0xc9) [0xf5feaff6]
    /usr/lib/libccsp_common.so.0(DslhObjcoGetParamValueByName+0x244) [0xf7d4e33b]
    /usr/lib/libccsp_common.so.0(DslhObjcoGetBulkParamValue+0x202) [0xf7d4e61b]
    /usr/lib/libccsp_common.so.0(DslhWmpdoMpaGetParameterValues+0x4de) [0xf7d59ab7]
    /usr/lib/libccsp_common.so.0(CcspCcMbi_GetParameterValues+0x167) [0xf7d64060]
    /usr/lib/libccsp_common.so.0(+0xdfd6c) [0xf7d7cd6c]
    /usr/lib/librbuscore.so.0(+0x87ed) [0xf768d7ed]
    /usr/lib/librbuscore.so.0(+0x88ab) [0xf768d8ab]
    /usr/lib/librtMessage.so.0(+0x5025) [0xf75a1025]
    /usr/ccsp/../../lib/libpthread.so.0(+0x7f91) [0xf7c5ef91]
    /usr/ccsp/../../lib/libc.so.6(clone+0x66) [0xf7b6ab96]

@@@platform_hal_GetProductClass(pValue)
    /usr/lib/libhal_platform.so.0(platform_hal_GetProductClass+0x7f) [0xf5e3de52]
    /usr/lib/libtr181.so(CosaDmlDiGetProductClass+0x1a) [0xf5f6e808]
    /usr/lib/libtr181.so(DeviceInfo_GetParamStringValue+0x176) [0xf5feb0a3]
    /usr/lib/libccsp_common.so.0(DslhObjcoGetParamValueByName+0x244) [0xf7d4e33b]
    /usr/lib/libccsp_common.so.0(DslhObjcoGetBulkParamValue+0x202) [0xf7d4e61b]
    /usr/lib/libccsp_common.so.0(DslhWmpdoMpaGetParameterValues+0x4de) [0xf7d59ab7]
    /usr/lib/libccsp_common.so.0(CcspCcMbi_GetParameterValues+0x167) [0xf7d64060]
    /usr/lib/libccsp_common.so.0(+0xdfd6c) [0xf7d7cd6c]
    /usr/lib/librbuscore.so.0(+0x87ed) [0xf768d7ed]
    /usr/lib/librbuscore.so.0(+0x88ab) [0xf768d8ab]
    /usr/lib/librtMessage.so.0(+0x5025) [0xf75a1025]
    /usr/ccsp/../../lib/libpthread.so.0(+0x7f91) [0xf7c5ef91]
    /usr/ccsp/../../lib/libc.so.6(clone+0x66) [0xf7b6ab96]

@@@platform_hal_GetSerialNumber(pValue)
    /usr/lib/libhal_platform.so.0(platform_hal_GetSerialNumber+0x76) [0xf5e3a0f6]
    /usr/lib/libtr181.so(CosaDmlDiGetSerialNumber+0x33) [0xf5f6e84d]
    /usr/lib/libtr181.so(DeviceInfo_GetParamStringValue+0x1a0) [0xf5feb0cd]
    /usr/lib/libccsp_common.so.0(DslhObjcoGetParamValueByName+0x244) [0xf7d4e33b]
    /usr/lib/libccsp_common.so.0(DslhObjcoGetBulkParamValue+0x202) [0xf7d4e61b]
    /usr/lib/libccsp_common.so.0(DslhWmpdoMpaGetParameterValues+0x4de) [0xf7d59ab7]
    /usr/lib/libccsp_common.so.0(CcspCcMbi_GetParameterValues+0x167) [0xf7d64060]
    /usr/lib/libccsp_common.so.0(+0xdfd6c) [0xf7d7cd6c]
    /usr/lib/librbuscore.so.0(+0x87ed) [0xf768d7ed]
    /usr/lib/librbuscore.so.0(+0x88ab) [0xf768d8ab]
    /usr/lib/librtMessage.so.0(+0x5025) [0xf75a1025]
    /usr/ccsp/../../lib/libpthread.so.0(+0x7f91) [0xf7c5ef91]
    /usr/ccsp/../../lib/libc.so.6(clone+0x66) [0xf7b6ab96]

@@@platform_hal_GetManufacturer(pValue)
    /usr/lib/libhal_platform.so.0(platform_hal_GetManufacturer+0x76) [0xf5e3dc41]
    /usr/lib/libtr181.so(CosaDmlDiGetManufacturer+0x1a) [0xf5f6e659]
    /usr/lib/libtr181.so(DeviceInfo_GetParamStringValue+0xa2) [0xf5feafcf]
    /usr/lib/libccsp_common.so.0(DslhObjcoGetParamValueByName+0x244) [0xf7d4e33b]
    /usr/lib/libccsp_common.so.0(DslhObjcoGetBulkParamValue+0x202) [0xf7d4e61b]
    /usr/lib/libccsp_common.so.0(DslhWmpdoMpaGetParameterValues+0x4de) [0xf7d59ab7]
    /usr/lib/libccsp_common.so.0(CcspCcMbi_GetParameterValues+0x167) [0xf7d64060]
    /usr/lib/libccsp_common.so.0(+0xdfd6c) [0xf7d7cd6c]
    /usr/lib/librbuscore.so.0(+0x87ed) [0xf768d7ed]
    /usr/lib/librbuscore.so.0(+0x88ab) [0xf768d8ab]
    /usr/lib/librtMessage.so.0(+0x5025) [0xf75a1025]
    /usr/ccsp/../../lib/libpthread.so.0(+0x7f91) [0xf7c5ef91]
    /usr/ccsp/../../lib/libc.so.6(clone+0x66) [0xf7b6ab96]

@@@platform_hal_GetManufacturerOUI(pValue)
    /usr/lib/libhal_platform.so.0(platform_hal_GetManufacturerOUI+0x76) [0xf5e3e056]
    /usr/lib/libtr181.so(CosaDmlDiGetManufacturerOUI+0x1a) [0xf5f6e685]
    /usr/lib/libtr181.so(DeviceInfo_GetParamStringValue+0xc9) [0xf5feaff6]
    /usr/lib/libccsp_common.so.0(DslhObjcoGetParamValueByName+0x244) [0xf7d4e33b]
    /usr/lib/libccsp_common.so.0(DslhObjcoGetBulkParamValue+0x202) [0xf7d4e61b]
    /usr/lib/libccsp_common.so.0(DslhWmpdoMpaGetParameterValues+0x4de) [0xf7d59ab7]
    /usr/lib/libccsp_common.so.0(CcspCcMbi_GetParameterValues+0x167) [0xf7d64060]
    /usr/lib/libccsp_common.so.0(+0xdfd6c) [0xf7d7cd6c]
    /usr/lib/librbuscore.so.0(+0x87ed) [0xf768d7ed]
    /usr/lib/librbuscore.so.0(+0x88ab) [0xf768d8ab]
    /usr/lib/librtMessage.so.0(+0x5025) [0xf75a1025]
    /usr/ccsp/../../lib/libpthread.so.0(+0x7f91) [0xf7c5ef91]
    /usr/ccsp/../../lib/libc.so.6(clone+0x66) [0xf7b6ab96]

@@@platform_hal_GetProductClass(pValue)
    /usr/lib/libhal_platform.so.0(platform_hal_GetProductClass+0x7f) [0xf5e3de52]
    /usr/lib/libtr181.so(CosaDmlDiGetProductClass+0x1a) [0xf5f6e808]
    /usr/lib/libtr181.so(DeviceInfo_GetParamStringValue+0x176) [0xf5feb0a3]
    /usr/lib/libccsp_common.so.0(DslhObjcoGetParamValueByName+0x244) [0xf7d4e33b]
    /usr/lib/libccsp_common.so.0(DslhObjcoGetBulkParamValue+0x202) [0xf7d4e61b]
    /usr/lib/libccsp_common.so.0(DslhWmpdoMpaGetParameterValues+0x4de) [0xf7d59ab7]
    /usr/lib/libccsp_common.so.0(CcspCcMbi_GetParameterValues+0x167) [0xf7d64060]
    /usr/lib/libccsp_common.so.0(+0xdfd6c) [0xf7d7cd6c]
    /usr/lib/librbuscore.so.0(+0x87ed) [0xf768d7ed]
    /usr/lib/librbuscore.so.0(+0x88ab) [0xf768d8ab]
    /usr/lib/librtMessage.so.0(+0x5025) [0xf75a1025]
    /usr/ccsp/../../lib/libpthread.so.0(+0x7f91) [0xf7c5ef91]
    /usr/ccsp/../../lib/libc.so.6(clone+0x66) [0xf7b6ab96]

@@@platform_hal_GetSerialNumber(pValue)
    /usr/lib/libhal_platform.so.0(platform_hal_GetSerialNumber+0x76) [0xf5e3a0f6]
    /usr/lib/libtr181.so(CosaDmlDiGetSerialNumber+0x33) [0xf5f6e84d]
    /usr/lib/libtr181.so(DeviceInfo_GetParamStringValue+0x1a0) [0xf5feb0cd]
    /usr/lib/libccsp_common.so.0(DslhObjcoGetParamValueByName+0x244) [0xf7d4e33b]
    /usr/lib/libccsp_common.so.0(DslhObjcoGetBulkParamValue+0x202) [0xf7d4e61b]
    /usr/lib/libccsp_common.so.0(DslhWmpdoMpaGetParameterValues+0x4de) [0xf7d59ab7]
    /usr/lib/libccsp_common.so.0(CcspCcMbi_GetParameterValues+0x167) [0xf7d64060]
    /usr/lib/libccsp_common.so.0(+0xdfd6c) [0xf7d7cd6c]
    /usr/lib/librbuscore.so.0(+0x87ed) [0xf768d7ed]
    /usr/lib/librbuscore.so.0(+0x88ab) [0xf768d8ab]
    /usr/lib/librtMessage.so.0(+0x5025) [0xf75a1025]
    /usr/ccsp/../../lib/libpthread.so.0(+0x7f91) [0xf7c5ef91]
    /usr/ccsp/../../lib/libc.so.6(clone+0x66) [0xf7b6ab96]

@@@platform_hal_GetHardwareVersion(pValue)
    /usr/lib/libhal_platform.so.0(platform_hal_GetHardwareVersion+0x76) [0xf5e3a2fe]
    /usr/lib/libtr181.so(DeviceInfo_GetParamStringValue+0x2aa) [0xf5feb1d7]
    /usr/lib/libccsp_common.so.0(DslhObjcoGetParamValueByName+0x244) [0xf7d4e33b]
    /usr/lib/libccsp_common.so.0(DslhObjcoGetBulkParamValue+0x202) [0xf7d4e61b]
    /usr/lib/libccsp_common.so.0(DslhWmpdoMpaGetParameterValues+0x4de) [0xf7d59ab7]
    /usr/lib/libccsp_common.so.0(CcspCcMbi_GetParameterValues+0x167) [0xf7d64060]
    /usr/lib/libccsp_common.so.0(+0xdfd6c) [0xf7d7cd6c]
    /usr/lib/librbuscore.so.0(+0x87ed) [0xf768d7ed]
    /usr/lib/librbuscore.so.0(+0x88ab) [0xf768d8ab]
    /usr/lib/librtMessage.so.0(+0x5025) [0xf75a1025]
    /usr/ccsp/../../lib/libpthread.so.0(+0x7f91) [0xf7c5ef91]
    /usr/ccsp/../../lib/libc.so.6(clone+0x66) [0xf7b6ab96]

@@@platform_hal_GetSoftwareVersion(pValue, maxSize)
    /usr/lib/libhal_platform.so.0(platform_hal_GetSoftwareVersion+0x76) [0xf5e3a88a]
    /usr/lib/libtr181.so(DeviceInfo_GetParamStringValue+0x2ff) [0xf5feb22c]
    /usr/lib/libccsp_common.so.0(DslhObjcoGetParamValueByName+0x244) [0xf7d4e33b]
    /usr/lib/libccsp_common.so.0(DslhObjcoGetBulkParamValue+0x202) [0xf7d4e61b]
    /usr/lib/libccsp_common.so.0(DslhWmpdoMpaGetParameterValues+0x4de) [0xf7d59ab7]
    /usr/lib/libccsp_common.so.0(CcspCcMbi_GetParameterValues+0x167) [0xf7d64060]
    /usr/lib/libccsp_common.so.0(+0xdfd6c) [0xf7d7cd6c]
    /usr/lib/librbuscore.so.0(+0x87ed) [0xf768d7ed]
    /usr/lib/librbuscore.so.0(+0x88ab) [0xf768d8ab]
    /usr/lib/librtMessage.so.0(+0x5025) [0xf75a1025]
    /usr/ccsp/../../lib/libpthread.so.0(+0x7f91) [0xf7c5ef91]
    /usr/ccsp/../../lib/libc.so.6(clone+0x66) [0xf7b6ab96]

@@@platform_hal_GetFirmwareName(pValue, maxSize)
    /usr/lib/libhal_platform.so.0(platform_hal_GetFirmwareName+0x7c) [0xf5e3a50e]
    /usr/lib/libhal_platform.so.0(platform_hal_GetSoftwareVersion+0xe7) [0xf5e3a8fb]
    /usr/lib/libtr181.so(DeviceInfo_GetParamStringValue+0x2ff) [0xf5feb22c]
    /usr/lib/libccsp_common.so.0(DslhObjcoGetParamValueByName+0x244) [0xf7d4e33b]
    /usr/lib/libccsp_common.so.0(DslhObjcoGetBulkParamValue+0x202) [0xf7d4e61b]
    /usr/lib/libccsp_common.so.0(DslhWmpdoMpaGetParameterValues+0x4de) [0xf7d59ab7]
    /usr/lib/libccsp_common.so.0(CcspCcMbi_GetParameterValues+0x167) [0xf7d64060]
    /usr/lib/libccsp_common.so.0(+0xdfd6c) [0xf7d7cd6c]
    /usr/lib/librbuscore.so.0(+0x87ed) [0xf768d7ed]
    /usr/lib/librbuscore.so.0(+0x88ab) [0xf768d8ab]
    /usr/lib/librtMessage.so.0(+0x5025) [0xf75a1025]
    /usr/ccsp/../../lib/libpthread.so.0(+0x7f91) [0xf7c5ef91]
    /usr/ccsp/../../lib/libc.so.6(clone+0x66) [0xf7b6ab96]

@@@platform_hal_GetSerialNumber(pValue)
    /usr/lib/libhal_platform.so.0(platform_hal_GetSerialNumber+0x76) [0xf7d2b0f6]
    service_dhcp() [0x804e59f]
    service_dhcp() [0x805291e]
    service_dhcp() [0x804a65a]
    /lib/libc.so.6(__libc_start_main+0xed) [0xf7b3de2d]
    service_dhcp() [0x804af41]

@@@platform_hal_GetSerialNumber(pValue)
    /usr/lib/libhal_platform.so.0(platform_hal_GetSerialNumber+0x76) [0xf7d2b0f6]
    service_dhcp() [0x804e59f]
    service_dhcp() [0x8054392]
    service_dhcp() [0x804a68c]
    /lib/libc.so.6(__libc_start_main+0xed) [0xf7b3de2d]
    service_dhcp() [0x804af41]
