
@@@CcspHalEthSwGetPortEntry(PortId, pEthCfg)
    /usr/lib/libhal_ethsw.so.0(CcspHalEthSwGetPortEntry+0x7c) [0xf653f32f]
    /usr/lib/libtr181.so(puma6_getEntry+0x37) [0xf5f9139b]
    /usr/lib/libtr181.so(CosaDmlEthPortGetEntry+0x7b) [0xf5f907a4]
    /usr/lib/libtr181.so(CosaEthernetInitialize+0x83) [0xf6006e08]
    /usr/lib/libtr181.so(CosaEthernetCreate+0x51) [0xf6007221]
    /usr/lib/libtr181.so(CosaBackEndManagerInitialize+0x141) [0xf6030dbb]
    /usr/lib/libtr181.so(COSA_Init+0x346) [0xf6030b39]
    /usr/lib/libccsp_common.so.0(DslhDmagntLoadDataModelXMLInternal+0x127) [0xf7d60257]
    /usr/lib/libccsp_common.so.0(DslhDmagntLoadDataModelXML2+0x32) [0xf7d604ab]
    /usr/lib/libccsp_common.so.0(DslhCpecoLoadExternalDMLibFile2+0x28) [0xf7d62111]
    /usr/lib/libccsp_common.so.0(DslhCpecoRegisterDataModelInternal+0x1ee) [0xf7d6279b]
    /usr/lib/libccsp_common.so.0(DslhCpecoRegisterDataModel2+0x2c) [0xf7d62c13]
    /usr/bin/CcspPandMSsp(ssp_engage_pnm+0x13a) [0x804bda1]
    /usr/bin/CcspPandMSsp(cmd_dispatch+0x110) [0x804b8f4]
    /usr/bin/CcspPandMSsp(main+0x990) [0x804af50]
    /usr/ccsp/../../lib/libc.so.6(__libc_start_main+0xed) [0xf7a8ae2d]
    /usr/bin/CcspPandMSsp(_start+0x21) [0x804b271]

@@@CcspHalEthSwGetPortCfg(PortId, pLinkRate, pDuplexMode)
    /usr/lib/libhal_ethsw.so.0(CcspHalEthSwGetPortCfg+0x7c) [0xf653d8d4]
    /usr/lib/libhal_ethsw.so.0(CcspHalEthSwGetPortEntry+0x107) [0xf653f3ba]
    /usr/lib/libtr181.so(puma6_getEntry+0x37) [0xf5f9139b]
    /usr/lib/libtr181.so(CosaDmlEthPortGetEntry+0x7b) [0xf5f907a4]
    /usr/lib/libtr181.so(CosaEthernetInitialize+0x83) [0xf6006e08]
    /usr/lib/libtr181.so(CosaEthernetCreate+0x51) [0xf6007221]
    /usr/lib/libtr181.so(CosaBackEndManagerInitialize+0x141) [0xf6030dbb]
    /usr/lib/libtr181.so(COSA_Init+0x346) [0xf6030b39]
    /usr/lib/libccsp_common.so.0(DslhDmagntLoadDataModelXMLInternal+0x127) [0xf7d60257]
    /usr/lib/libccsp_common.so.0(DslhDmagntLoadDataModelXML2+0x32) [0xf7d604ab]
    /usr/lib/libccsp_common.so.0(DslhCpecoLoadExternalDMLibFile2+0x28) [0xf7d62111]
    /usr/lib/libccsp_common.so.0(DslhCpecoRegisterDataModelInternal+0x1ee) [0xf7d6279b]
    /usr/lib/libccsp_common.so.0(DslhCpecoRegisterDataModel2+0x2c) [0xf7d62c13]
    /usr/bin/CcspPandMSsp(ssp_engage_pnm+0x13a) [0x804bda1]
    /usr/bin/CcspPandMSsp(cmd_dispatch+0x110) [0x804b8f4]
    /usr/bin/CcspPandMSsp(main+0x990) [0x804af50]
    /usr/ccsp/../../lib/libc.so.6(__libc_start_main+0xed) [0xf7a8ae2d]
    /usr/bin/CcspPandMSsp(_start+0x21) [0x804b271]

@@@CcspHalEthSwGetPortStatus(PortId, pLinkRate, pDuplexMode, pStatus)
    /usr/lib/libhal_ethsw.so.0(CcspHalEthSwGetPortStatus+0x85) [0xf653d70a]
    /usr/lib/libhal_ethsw.so.0(CcspHalEthSwGetPortEntry+0x180) [0xf653f433]
    /usr/lib/libtr181.so(puma6_getEntry+0x37) [0xf5f9139b]
    /usr/lib/libtr181.so(CosaDmlEthPortGetEntry+0x7b) [0xf5f907a4]
    /usr/lib/libtr181.so(CosaEthernetInitialize+0x83) [0xf6006e08]
    /usr/lib/libtr181.so(CosaEthernetCreate+0x51) [0xf6007221]
    /usr/lib/libtr181.so(CosaBackEndManagerInitialize+0x141) [0xf6030dbb]
    /usr/lib/libtr181.so(COSA_Init+0x346) [0xf6030b39]
    /usr/lib/libccsp_common.so.0(DslhDmagntLoadDataModelXMLInternal+0x127) [0xf7d60257]
    /usr/lib/libccsp_common.so.0(DslhDmagntLoadDataModelXML2+0x32) [0xf7d604ab]
    /usr/lib/libccsp_common.so.0(DslhCpecoLoadExternalDMLibFile2+0x28) [0xf7d62111]
    /usr/lib/libccsp_common.so.0(DslhCpecoRegisterDataModelInternal+0x1ee) [0xf7d6279b]
    /usr/lib/libccsp_common.so.0(DslhCpecoRegisterDataModel2+0x2c) [0xf7d62c13]
    /usr/bin/CcspPandMSsp(ssp_engage_pnm+0x13a) [0x804bda1]
    /usr/bin/CcspPandMSsp(cmd_dispatch+0x110) [0x804b8f4]
    /usr/bin/CcspPandMSsp(main+0x990) [0x804af50]
    /usr/ccsp/../../lib/libc.so.6(__libc_start_main+0xed) [0xf7a8ae2d]
    /usr/bin/CcspPandMSsp(_start+0x21) [0x804b271]

@@@CcspHalEthSwGetPortAdminStatus(PortId, pAdminStatus)
    /usr/lib/libhal_ethsw.so.0(CcspHalEthSwGetPortAdminStatus+0x76) [0xf653dc56]
    /usr/lib/libhal_ethsw.so.0(CcspHalEthSwGetPortEntry+0x1dc) [0xf653f48f]
    /usr/lib/libtr181.so(puma6_getEntry+0x37) [0xf5f9139b]
    /usr/lib/libtr181.so(CosaDmlEthPortGetEntry+0x7b) [0xf5f907a4]
    /usr/lib/libtr181.so(CosaEthernetInitialize+0x83) [0xf6006e08]
    /usr/lib/libtr181.so(CosaEthernetCreate+0x51) [0xf6007221]
    /usr/lib/libtr181.so(CosaBackEndManagerInitialize+0x141) [0xf6030dbb]
    /usr/lib/libtr181.so(COSA_Init+0x346) [0xf6030b39]
    /usr/lib/libccsp_common.so.0(DslhDmagntLoadDataModelXMLInternal+0x127) [0xf7d60257]
    /usr/lib/libccsp_common.so.0(DslhDmagntLoadDataModelXML2+0x32) [0xf7d604ab]
    /usr/lib/libccsp_common.so.0(DslhCpecoLoadExternalDMLibFile2+0x28) [0xf7d62111]
    /usr/lib/libccsp_common.so.0(DslhCpecoRegisterDataModelInternal+0x1ee) [0xf7d6279b]
    /usr/lib/libccsp_common.so.0(DslhCpecoRegisterDataModel2+0x2c) [0xf7d62c13]
    /usr/bin/CcspPandMSsp(ssp_engage_pnm+0x13a) [0x804bda1]
    /usr/bin/CcspPandMSsp(cmd_dispatch+0x110) [0x804b8f4]
    /usr/bin/CcspPandMSsp(main+0x990) [0x804af50]
    /usr/ccsp/../../lib/libc.so.6(__libc_start_main+0xed) [0xf7a8ae2d]
    /usr/bin/CcspPandMSsp(_start+0x21) [0x804b271]

@@@CcspHalEthSwGetEEEPortEnable(PortId, enable)
    /usr/lib/libhal_ethsw.so.0(CcspHalEthSwGetEEEPortEnable+0x76) [0xf653f145]
    /usr/lib/libhal_ethsw.so.0(CcspHalEthSwGetPortEntry+0x23c) [0xf653f4ef]
    /usr/lib/libtr181.so(puma6_getEntry+0x37) [0xf5f9139b]
    /usr/lib/libtr181.so(CosaDmlEthPortGetEntry+0x7b) [0xf5f907a4]
    /usr/lib/libtr181.so(CosaEthernetInitialize+0x83) [0xf6006e08]
    /usr/lib/libtr181.so(CosaEthernetCreate+0x51) [0xf6007221]
    /usr/lib/libtr181.so(CosaBackEndManagerInitialize+0x141) [0xf6030dbb]
    /usr/lib/libtr181.so(COSA_Init+0x346) [0xf6030b39]
    /usr/lib/libccsp_common.so.0(DslhDmagntLoadDataModelXMLInternal+0x127) [0xf7d60257]
    /usr/lib/libccsp_common.so.0(DslhDmagntLoadDataModelXML2+0x32) [0xf7d604ab]
    /usr/lib/libccsp_common.so.0(DslhCpecoLoadExternalDMLibFile2+0x28) [0xf7d62111]
    /usr/lib/libccsp_common.so.0(DslhCpecoRegisterDataModelInternal+0x1ee) [0xf7d6279b]
    /usr/lib/libccsp_common.so.0(DslhCpecoRegisterDataModel2+0x2c) [0xf7d62c13]
    /usr/bin/CcspPandMSsp(ssp_engage_pnm+0x13a) [0x804bda1]
    /usr/bin/CcspPandMSsp(cmd_dispatch+0x110) [0x804b8f4]
    /usr/bin/CcspPandMSsp(main+0x990) [0x804af50]
    /usr/ccsp/../../lib/libc.so.6(__libc_start_main+0xed) [0xf7a8ae2d]
    /usr/bin/CcspPandMSsp(_start+0x21) [0x804b271]

@@@CcspHalEthSwGetPortEntry(PortId, pEthCfg)
    /usr/lib/libhal_ethsw.so.0(CcspHalEthSwGetPortEntry+0x7c) [0xf653f32f]
    /usr/lib/libtr181.so(puma6_getEntry+0x37) [0xf5f9139b]
    /usr/lib/libtr181.so(CosaDmlEthPortGetEntry+0x7b) [0xf5f907a4]
    /usr/lib/libtr181.so(CosaEthernetInitialize+0x83) [0xf6006e08]
    /usr/lib/libtr181.so(CosaEthernetCreate+0x51) [0xf6007221]
    /usr/lib/libtr181.so(CosaBackEndManagerInitialize+0x141) [0xf6030dbb]
    /usr/lib/libtr181.so(COSA_Init+0x346) [0xf6030b39]
    /usr/lib/libccsp_common.so.0(DslhDmagntLoadDataModelXMLInternal+0x127) [0xf7d60257]
    /usr/lib/libccsp_common.so.0(DslhDmagntLoadDataModelXML2+0x32) [0xf7d604ab]
    /usr/lib/libccsp_common.so.0(DslhCpecoLoadExternalDMLibFile2+0x28) [0xf7d62111]
    /usr/lib/libccsp_common.so.0(DslhCpecoRegisterDataModelInternal+0x1ee) [0xf7d6279b]
    /usr/lib/libccsp_common.so.0(DslhCpecoRegisterDataModel2+0x2c) [0xf7d62c13]
    /usr/bin/CcspPandMSsp(ssp_engage_pnm+0x13a) [0x804bda1]
    /usr/bin/CcspPandMSsp(cmd_dispatch+0x110) [0x804b8f4]
    /usr/bin/CcspPandMSsp(main+0x990) [0x804af50]
    /usr/ccsp/../../lib/libc.so.6(__libc_start_main+0xed) [0xf7a8ae2d]
    /usr/bin/CcspPandMSsp(_start+0x21) [0x804b271]

@@@CcspHalEthSwGetPortCfg(PortId, pLinkRate, pDuplexMode)
    /usr/lib/libhal_ethsw.so.0(CcspHalEthSwGetPortCfg+0x7c) [0xf653d8d4]
    /usr/lib/libhal_ethsw.so.0(CcspHalEthSwGetPortEntry+0x107) [0xf653f3ba]
    /usr/lib/libtr181.so(puma6_getEntry+0x37) [0xf5f9139b]
    /usr/lib/libtr181.so(CosaDmlEthPortGetEntry+0x7b) [0xf5f907a4]
    /usr/lib/libtr181.so(CosaEthernetInitialize+0x83) [0xf6006e08]
    /usr/lib/libtr181.so(CosaEthernetCreate+0x51) [0xf6007221]
    /usr/lib/libtr181.so(CosaBackEndManagerInitialize+0x141) [0xf6030dbb]
    /usr/lib/libtr181.so(COSA_Init+0x346) [0xf6030b39]
    /usr/lib/libccsp_common.so.0(DslhDmagntLoadDataModelXMLInternal+0x127) [0xf7d60257]
    /usr/lib/libccsp_common.so.0(DslhDmagntLoadDataModelXML2+0x32) [0xf7d604ab]
    /usr/lib/libccsp_common.so.0(DslhCpecoLoadExternalDMLibFile2+0x28) [0xf7d62111]
    /usr/lib/libccsp_common.so.0(DslhCpecoRegisterDataModelInternal+0x1ee) [0xf7d6279b]
    /usr/lib/libccsp_common.so.0(DslhCpecoRegisterDataModel2+0x2c) [0xf7d62c13]
    /usr/bin/CcspPandMSsp(ssp_engage_pnm+0x13a) [0x804bda1]
    /usr/bin/CcspPandMSsp(cmd_dispatch+0x110) [0x804b8f4]
    /usr/bin/CcspPandMSsp(main+0x990) [0x804af50]
    /usr/ccsp/../../lib/libc.so.6(__libc_start_main+0xed) [0xf7a8ae2d]
    /usr/bin/CcspPandMSsp(_start+0x21) [0x804b271]

@@@CcspHalEthSwGetPortStatus(PortId, pLinkRate, pDuplexMode, pStatus)
    /usr/lib/libhal_ethsw.so.0(CcspHalEthSwGetPortStatus+0x85) [0xf653d70a]
    /usr/lib/libhal_ethsw.so.0(CcspHalEthSwGetPortEntry+0x180) [0xf653f433]
    /usr/lib/libtr181.so(puma6_getEntry+0x37) [0xf5f9139b]
    /usr/lib/libtr181.so(CosaDmlEthPortGetEntry+0x7b) [0xf5f907a4]
    /usr/lib/libtr181.so(CosaEthernetInitialize+0x83) [0xf6006e08]
    /usr/lib/libtr181.so(CosaEthernetCreate+0x51) [0xf6007221]
    /usr/lib/libtr181.so(CosaBackEndManagerInitialize+0x141) [0xf6030dbb]
    /usr/lib/libtr181.so(COSA_Init+0x346) [0xf6030b39]
    /usr/lib/libccsp_common.so.0(DslhDmagntLoadDataModelXMLInternal+0x127) [0xf7d60257]
    /usr/lib/libccsp_common.so.0(DslhDmagntLoadDataModelXML2+0x32) [0xf7d604ab]
    /usr/lib/libccsp_common.so.0(DslhCpecoLoadExternalDMLibFile2+0x28) [0xf7d62111]
    /usr/lib/libccsp_common.so.0(DslhCpecoRegisterDataModelInternal+0x1ee) [0xf7d6279b]
    /usr/lib/libccsp_common.so.0(DslhCpecoRegisterDataModel2+0x2c) [0xf7d62c13]
    /usr/bin/CcspPandMSsp(ssp_engage_pnm+0x13a) [0x804bda1]
    /usr/bin/CcspPandMSsp(cmd_dispatch+0x110) [0x804b8f4]
    /usr/bin/CcspPandMSsp(main+0x990) [0x804af50]
    /usr/ccsp/../../lib/libc.so.6(__libc_start_main+0xed) [0xf7a8ae2d]
    /usr/bin/CcspPandMSsp(_start+0x21) [0x804b271]

@@@CcspHalEthSwGetPortAdminStatus(PortId, pAdminStatus)
    /usr/lib/libhal_ethsw.so.0(CcspHalEthSwGetPortAdminStatus+0x76) [0xf653dc56]
    /usr/lib/libhal_ethsw.so.0(CcspHalEthSwGetPortEntry+0x1dc) [0xf653f48f]
    /usr/lib/libtr181.so(puma6_getEntry+0x37) [0xf5f9139b]
    /usr/lib/libtr181.so(CosaDmlEthPortGetEntry+0x7b) [0xf5f907a4]
    /usr/lib/libtr181.so(CosaEthernetInitialize+0x83) [0xf6006e08]
    /usr/lib/libtr181.so(CosaEthernetCreate+0x51) [0xf6007221]
    /usr/lib/libtr181.so(CosaBackEndManagerInitialize+0x141) [0xf6030dbb]
    /usr/lib/libtr181.so(COSA_Init+0x346) [0xf6030b39]
    /usr/lib/libccsp_common.so.0(DslhDmagntLoadDataModelXMLInternal+0x127) [0xf7d60257]
    /usr/lib/libccsp_common.so.0(DslhDmagntLoadDataModelXML2+0x32) [0xf7d604ab]
    /usr/lib/libccsp_common.so.0(DslhCpecoLoadExternalDMLibFile2+0x28) [0xf7d62111]
    /usr/lib/libccsp_common.so.0(DslhCpecoRegisterDataModelInternal+0x1ee) [0xf7d6279b]
    /usr/lib/libccsp_common.so.0(DslhCpecoRegisterDataModel2+0x2c) [0xf7d62c13]
    /usr/bin/CcspPandMSsp(ssp_engage_pnm+0x13a) [0x804bda1]
    /usr/bin/CcspPandMSsp(cmd_dispatch+0x110) [0x804b8f4]
    /usr/bin/CcspPandMSsp(main+0x990) [0x804af50]
    /usr/ccsp/../../lib/libc.so.6(__libc_start_main+0xed) [0xf7a8ae2d]
    /usr/bin/CcspPandMSsp(_start+0x21) [0x804b271]

@@@CcspHalEthSwGetEEEPortEnable(PortId, enable)
    /usr/lib/libhal_ethsw.so.0(CcspHalEthSwGetEEEPortEnable+0x76) [0xf653f145]
    /usr/lib/libhal_ethsw.so.0(CcspHalEthSwGetPortEntry+0x23c) [0xf653f4ef]
    /usr/lib/libtr181.so(puma6_getEntry+0x37) [0xf5f9139b]
    /usr/lib/libtr181.so(CosaDmlEthPortGetEntry+0x7b) [0xf5f907a4]
    /usr/lib/libtr181.so(CosaEthernetInitialize+0x83) [0xf6006e08]
    /usr/lib/libtr181.so(CosaEthernetCreate+0x51) [0xf6007221]
    /usr/lib/libtr181.so(CosaBackEndManagerInitialize+0x141) [0xf6030dbb]
    /usr/lib/libtr181.so(COSA_Init+0x346) [0xf6030b39]
    /usr/lib/libccsp_common.so.0(DslhDmagntLoadDataModelXMLInternal+0x127) [0xf7d60257]
    /usr/lib/libccsp_common.so.0(DslhDmagntLoadDataModelXML2+0x32) [0xf7d604ab]
    /usr/lib/libccsp_common.so.0(DslhCpecoLoadExternalDMLibFile2+0x28) [0xf7d62111]
    /usr/lib/libccsp_common.so.0(DslhCpecoRegisterDataModelInternal+0x1ee) [0xf7d6279b]
    /usr/lib/libccsp_common.so.0(DslhCpecoRegisterDataModel2+0x2c) [0xf7d62c13]
    /usr/bin/CcspPandMSsp(ssp_engage_pnm+0x13a) [0x804bda1]
    /usr/bin/CcspPandMSsp(cmd_dispatch+0x110) [0x804b8f4]
    /usr/bin/CcspPandMSsp(main+0x990) [0x804af50]
    /usr/ccsp/../../lib/libc.so.6(__libc_start_main+0xed) [0xf7a8ae2d]
    /usr/bin/CcspPandMSsp(_start+0x21) [0x804b271]

@@@CcspHalEthSwGetPortEntry(PortId, pEthCfg)
    /usr/lib/libhal_ethsw.so.0(CcspHalEthSwGetPortEntry+0x7c) [0xf653f32f]
    /usr/lib/libtr181.so(puma6_getEntry+0x37) [0xf5f9139b]
    /usr/lib/libtr181.so(CosaDmlEthPortGetEntry+0x7b) [0xf5f907a4]
    /usr/lib/libtr181.so(CosaEthernetInitialize+0x83) [0xf6006e08]
    /usr/lib/libtr181.so(CosaEthernetCreate+0x51) [0xf6007221]
    /usr/lib/libtr181.so(CosaBackEndManagerInitialize+0x141) [0xf6030dbb]
    /usr/lib/libtr181.so(COSA_Init+0x346) [0xf6030b39]
    /usr/lib/libccsp_common.so.0(DslhDmagntLoadDataModelXMLInternal+0x127) [0xf7d60257]
    /usr/lib/libccsp_common.so.0(DslhDmagntLoadDataModelXML2+0x32) [0xf7d604ab]
    /usr/lib/libccsp_common.so.0(DslhCpecoLoadExternalDMLibFile2+0x28) [0xf7d62111]
    /usr/lib/libccsp_common.so.0(DslhCpecoRegisterDataModelInternal+0x1ee) [0xf7d6279b]
    /usr/lib/libccsp_common.so.0(DslhCpecoRegisterDataModel2+0x2c) [0xf7d62c13]
    /usr/bin/CcspPandMSsp(ssp_engage_pnm+0x13a) [0x804bda1]
    /usr/bin/CcspPandMSsp(cmd_dispatch+0x110) [0x804b8f4]
    /usr/bin/CcspPandMSsp(main+0x990) [0x804af50]
    /usr/ccsp/../../lib/libc.so.6(__libc_start_main+0xed) [0xf7a8ae2d]
    /usr/bin/CcspPandMSsp(_start+0x21) [0x804b271]

@@@CcspHalEthSwGetPortCfg(PortId, pLinkRate, pDuplexMode)
    /usr/lib/libhal_ethsw.so.0(CcspHalEthSwGetPortCfg+0x7c) [0xf653d8d4]
    /usr/lib/libhal_ethsw.so.0(CcspHalEthSwGetPortEntry+0x107) [0xf653f3ba]
    /usr/lib/libtr181.so(puma6_getEntry+0x37) [0xf5f9139b]
    /usr/lib/libtr181.so(CosaDmlEthPortGetEntry+0x7b) [0xf5f907a4]
    /usr/lib/libtr181.so(CosaEthernetInitialize+0x83) [0xf6006e08]
    /usr/lib/libtr181.so(CosaEthernetCreate+0x51) [0xf6007221]
    /usr/lib/libtr181.so(CosaBackEndManagerInitialize+0x141) [0xf6030dbb]
    /usr/lib/libtr181.so(COSA_Init+0x346) [0xf6030b39]
    /usr/lib/libccsp_common.so.0(DslhDmagntLoadDataModelXMLInternal+0x127) [0xf7d60257]
    /usr/lib/libccsp_common.so.0(DslhDmagntLoadDataModelXML2+0x32) [0xf7d604ab]
    /usr/lib/libccsp_common.so.0(DslhCpecoLoadExternalDMLibFile2+0x28) [0xf7d62111]
    /usr/lib/libccsp_common.so.0(DslhCpecoRegisterDataModelInternal+0x1ee) [0xf7d6279b]
    /usr/lib/libccsp_common.so.0(DslhCpecoRegisterDataModel2+0x2c) [0xf7d62c13]
    /usr/bin/CcspPandMSsp(ssp_engage_pnm+0x13a) [0x804bda1]
    /usr/bin/CcspPandMSsp(cmd_dispatch+0x110) [0x804b8f4]
    /usr/bin/CcspPandMSsp(main+0x990) [0x804af50]
    /usr/ccsp/../../lib/libc.so.6(__libc_start_main+0xed) [0xf7a8ae2d]
    /usr/bin/CcspPandMSsp(_start+0x21) [0x804b271]

@@@CcspHalEthSwGetPortStatus(PortId, pLinkRate, pDuplexMode, pStatus)
    /usr/lib/libhal_ethsw.so.0(CcspHalEthSwGetPortStatus+0x85) [0xf653d70a]
    /usr/lib/libhal_ethsw.so.0(CcspHalEthSwGetPortEntry+0x180) [0xf653f433]
    /usr/lib/libtr181.so(puma6_getEntry+0x37) [0xf5f9139b]
    /usr/lib/libtr181.so(CosaDmlEthPortGetEntry+0x7b) [0xf5f907a4]
    /usr/lib/libtr181.so(CosaEthernetInitialize+0x83) [0xf6006e08]
    /usr/lib/libtr181.so(CosaEthernetCreate+0x51) [0xf6007221]
    /usr/lib/libtr181.so(CosaBackEndManagerInitialize+0x141) [0xf6030dbb]
    /usr/lib/libtr181.so(COSA_Init+0x346) [0xf6030b39]
    /usr/lib/libccsp_common.so.0(DslhDmagntLoadDataModelXMLInternal+0x127) [0xf7d60257]
    /usr/lib/libccsp_common.so.0(DslhDmagntLoadDataModelXML2+0x32) [0xf7d604ab]
    /usr/lib/libccsp_common.so.0(DslhCpecoLoadExternalDMLibFile2+0x28) [0xf7d62111]
    /usr/lib/libccsp_common.so.0(DslhCpecoRegisterDataModelInternal+0x1ee) [0xf7d6279b]
    /usr/lib/libccsp_common.so.0(DslhCpecoRegisterDataModel2+0x2c) [0xf7d62c13]
    /usr/bin/CcspPandMSsp(ssp_engage_pnm+0x13a) [0x804bda1]
    /usr/bin/CcspPandMSsp(cmd_dispatch+0x110) [0x804b8f4]
    /usr/bin/CcspPandMSsp(main+0x990) [0x804af50]
    /usr/ccsp/../../lib/libc.so.6(__libc_start_main+0xed) [0xf7a8ae2d]
    /usr/bin/CcspPandMSsp(_start+0x21) [0x804b271]

@@@CcspHalEthSwGetPortAdminStatus(PortId, pAdminStatus)
    /usr/lib/libhal_ethsw.so.0(CcspHalEthSwGetPortAdminStatus+0x76) [0xf653dc56]
    /usr/lib/libhal_ethsw.so.0(CcspHalEthSwGetPortEntry+0x1dc) [0xf653f48f]
    /usr/lib/libtr181.so(puma6_getEntry+0x37) [0xf5f9139b]
    /usr/lib/libtr181.so(CosaDmlEthPortGetEntry+0x7b) [0xf5f907a4]
    /usr/lib/libtr181.so(CosaEthernetInitialize+0x83) [0xf6006e08]
    /usr/lib/libtr181.so(CosaEthernetCreate+0x51) [0xf6007221]
    /usr/lib/libtr181.so(CosaBackEndManagerInitialize+0x141) [0xf6030dbb]
    /usr/lib/libtr181.so(COSA_Init+0x346) [0xf6030b39]
    /usr/lib/libccsp_common.so.0(DslhDmagntLoadDataModelXMLInternal+0x127) [0xf7d60257]
    /usr/lib/libccsp_common.so.0(DslhDmagntLoadDataModelXML2+0x32) [0xf7d604ab]
    /usr/lib/libccsp_common.so.0(DslhCpecoLoadExternalDMLibFile2+0x28) [0xf7d62111]
    /usr/lib/libccsp_common.so.0(DslhCpecoRegisterDataModelInternal+0x1ee) [0xf7d6279b]
    /usr/lib/libccsp_common.so.0(DslhCpecoRegisterDataModel2+0x2c) [0xf7d62c13]
    /usr/bin/CcspPandMSsp(ssp_engage_pnm+0x13a) [0x804bda1]
    /usr/bin/CcspPandMSsp(cmd_dispatch+0x110) [0x804b8f4]
    /usr/bin/CcspPandMSsp(main+0x990) [0x804af50]
    /usr/ccsp/../../lib/libc.so.6(__libc_start_main+0xed) [0xf7a8ae2d]
    /usr/bin/CcspPandMSsp(_start+0x21) [0x804b271]

@@@CcspHalEthSwGetEEEPortEnable(PortId, enable)
    /usr/lib/libhal_ethsw.so.0(CcspHalEthSwGetEEEPortEnable+0x76) [0xf653f145]
    /usr/lib/libhal_ethsw.so.0(CcspHalEthSwGetPortEntry+0x23c) [0xf653f4ef]
    /usr/lib/libtr181.so(puma6_getEntry+0x37) [0xf5f9139b]
    /usr/lib/libtr181.so(CosaDmlEthPortGetEntry+0x7b) [0xf5f907a4]
    /usr/lib/libtr181.so(CosaEthernetInitialize+0x83) [0xf6006e08]
    /usr/lib/libtr181.so(CosaEthernetCreate+0x51) [0xf6007221]
    /usr/lib/libtr181.so(CosaBackEndManagerInitialize+0x141) [0xf6030dbb]
    /usr/lib/libtr181.so(COSA_Init+0x346) [0xf6030b39]
    /usr/lib/libccsp_common.so.0(DslhDmagntLoadDataModelXMLInternal+0x127) [0xf7d60257]
    /usr/lib/libccsp_common.so.0(DslhDmagntLoadDataModelXML2+0x32) [0xf7d604ab]
    /usr/lib/libccsp_common.so.0(DslhCpecoLoadExternalDMLibFile2+0x28) [0xf7d62111]
    /usr/lib/libccsp_common.so.0(DslhCpecoRegisterDataModelInternal+0x1ee) [0xf7d6279b]
    /usr/lib/libccsp_common.so.0(DslhCpecoRegisterDataModel2+0x2c) [0xf7d62c13]
    /usr/bin/CcspPandMSsp(ssp_engage_pnm+0x13a) [0x804bda1]
    /usr/bin/CcspPandMSsp(cmd_dispatch+0x110) [0x804b8f4]
    /usr/bin/CcspPandMSsp(main+0x990) [0x804af50]
    /usr/ccsp/../../lib/libc.so.6(__libc_start_main+0xed) [0xf7a8ae2d]
    /usr/bin/CcspPandMSsp(_start+0x21) [0x804b271]

@@@CcspHalEthSwGetPortEntry(PortId, pEthCfg)
    /usr/lib/libhal_ethsw.so.0(CcspHalEthSwGetPortEntry+0x7c) [0xf653f32f]
    /usr/lib/libtr181.so(puma6_getEntry+0x37) [0xf5f9139b]
    /usr/lib/libtr181.so(CosaDmlEthPortGetEntry+0x7b) [0xf5f907a4]
    /usr/lib/libtr181.so(CosaEthernetInitialize+0x83) [0xf6006e08]
    /usr/lib/libtr181.so(CosaEthernetCreate+0x51) [0xf6007221]
    /usr/lib/libtr181.so(CosaBackEndManagerInitialize+0x141) [0xf6030dbb]
    /usr/lib/libtr181.so(COSA_Init+0x346) [0xf6030b39]
    /usr/lib/libccsp_common.so.0(DslhDmagntLoadDataModelXMLInternal+0x127) [0xf7d60257]
    /usr/lib/libccsp_common.so.0(DslhDmagntLoadDataModelXML2+0x32) [0xf7d604ab]
    /usr/lib/libccsp_common.so.0(DslhCpecoLoadExternalDMLibFile2+0x28) [0xf7d62111]
    /usr/lib/libccsp_common.so.0(DslhCpecoRegisterDataModelInternal+0x1ee) [0xf7d6279b]
    /usr/lib/libccsp_common.so.0(DslhCpecoRegisterDataModel2+0x2c) [0xf7d62c13]
    /usr/bin/CcspPandMSsp(ssp_engage_pnm+0x13a) [0x804bda1]
    /usr/bin/CcspPandMSsp(cmd_dispatch+0x110) [0x804b8f4]
    /usr/bin/CcspPandMSsp(main+0x990) [0x804af50]
    /usr/ccsp/../../lib/libc.so.6(__libc_start_main+0xed) [0xf7a8ae2d]
    /usr/bin/CcspPandMSsp(_start+0x21) [0x804b271]

@@@CcspHalEthSwGetPortCfg(PortId, pLinkRate, pDuplexMode)
    /usr/lib/libhal_ethsw.so.0(CcspHalEthSwGetPortCfg+0x7c) [0xf653d8d4]
    /usr/lib/libhal_ethsw.so.0(CcspHalEthSwGetPortEntry+0x107) [0xf653f3ba]
    /usr/lib/libtr181.so(puma6_getEntry+0x37) [0xf5f9139b]
    /usr/lib/libtr181.so(CosaDmlEthPortGetEntry+0x7b) [0xf5f907a4]
    /usr/lib/libtr181.so(CosaEthernetInitialize+0x83) [0xf6006e08]
    /usr/lib/libtr181.so(CosaEthernetCreate+0x51) [0xf6007221]
    /usr/lib/libtr181.so(CosaBackEndManagerInitialize+0x141) [0xf6030dbb]
    /usr/lib/libtr181.so(COSA_Init+0x346) [0xf6030b39]
    /usr/lib/libccsp_common.so.0(DslhDmagntLoadDataModelXMLInternal+0x127) [0xf7d60257]
    /usr/lib/libccsp_common.so.0(DslhDmagntLoadDataModelXML2+0x32) [0xf7d604ab]
    /usr/lib/libccsp_common.so.0(DslhCpecoLoadExternalDMLibFile2+0x28) [0xf7d62111]
    /usr/lib/libccsp_common.so.0(DslhCpecoRegisterDataModelInternal+0x1ee) [0xf7d6279b]
    /usr/lib/libccsp_common.so.0(DslhCpecoRegisterDataModel2+0x2c) [0xf7d62c13]
    /usr/bin/CcspPandMSsp(ssp_engage_pnm+0x13a) [0x804bda1]
    /usr/bin/CcspPandMSsp(cmd_dispatch+0x110) [0x804b8f4]
    /usr/bin/CcspPandMSsp(main+0x990) [0x804af50]
    /usr/ccsp/../../lib/libc.so.6(__libc_start_main+0xed) [0xf7a8ae2d]
    /usr/bin/CcspPandMSsp(_start+0x21) [0x804b271]

@@@CcspHalEthSwGetPortStatus(PortId, pLinkRate, pDuplexMode, pStatus)
    /usr/lib/libhal_ethsw.so.0(CcspHalEthSwGetPortStatus+0x85) [0xf653d70a]
    /usr/lib/libhal_ethsw.so.0(CcspHalEthSwGetPortEntry+0x180) [0xf653f433]
    /usr/lib/libtr181.so(puma6_getEntry+0x37) [0xf5f9139b]
    /usr/lib/libtr181.so(CosaDmlEthPortGetEntry+0x7b) [0xf5f907a4]
    /usr/lib/libtr181.so(CosaEthernetInitialize+0x83) [0xf6006e08]
    /usr/lib/libtr181.so(CosaEthernetCreate+0x51) [0xf6007221]
    /usr/lib/libtr181.so(CosaBackEndManagerInitialize+0x141) [0xf6030dbb]
    /usr/lib/libtr181.so(COSA_Init+0x346) [0xf6030b39]
    /usr/lib/libccsp_common.so.0(DslhDmagntLoadDataModelXMLInternal+0x127) [0xf7d60257]
    /usr/lib/libccsp_common.so.0(DslhDmagntLoadDataModelXML2+0x32) [0xf7d604ab]
    /usr/lib/libccsp_common.so.0(DslhCpecoLoadExternalDMLibFile2+0x28) [0xf7d62111]
    /usr/lib/libccsp_common.so.0(DslhCpecoRegisterDataModelInternal+0x1ee) [0xf7d6279b]
    /usr/lib/libccsp_common.so.0(DslhCpecoRegisterDataModel2+0x2c) [0xf7d62c13]
    /usr/bin/CcspPandMSsp(ssp_engage_pnm+0x13a) [0x804bda1]
    /usr/bin/CcspPandMSsp(cmd_dispatch+0x110) [0x804b8f4]
    /usr/bin/CcspPandMSsp(main+0x990) [0x804af50]
    /usr/ccsp/../../lib/libc.so.6(__libc_start_main+0xed) [0xf7a8ae2d]
    /usr/bin/CcspPandMSsp(_start+0x21) [0x804b271]

@@@CcspHalEthSwGetPortAdminStatus(PortId, pAdminStatus)
    /usr/lib/libhal_ethsw.so.0(CcspHalEthSwGetPortAdminStatus+0x76) [0xf653dc56]
    /usr/lib/libhal_ethsw.so.0(CcspHalEthSwGetPortEntry+0x1dc) [0xf653f48f]
    /usr/lib/libtr181.so(puma6_getEntry+0x37) [0xf5f9139b]
    /usr/lib/libtr181.so(CosaDmlEthPortGetEntry+0x7b) [0xf5f907a4]
    /usr/lib/libtr181.so(CosaEthernetInitialize+0x83) [0xf6006e08]
    /usr/lib/libtr181.so(CosaEthernetCreate+0x51) [0xf6007221]
    /usr/lib/libtr181.so(CosaBackEndManagerInitialize+0x141) [0xf6030dbb]
    /usr/lib/libtr181.so(COSA_Init+0x346) [0xf6030b39]
    /usr/lib/libccsp_common.so.0(DslhDmagntLoadDataModelXMLInternal+0x127) [0xf7d60257]
    /usr/lib/libccsp_common.so.0(DslhDmagntLoadDataModelXML2+0x32) [0xf7d604ab]
    /usr/lib/libccsp_common.so.0(DslhCpecoLoadExternalDMLibFile2+0x28) [0xf7d62111]
    /usr/lib/libccsp_common.so.0(DslhCpecoRegisterDataModelInternal+0x1ee) [0xf7d6279b]
    /usr/lib/libccsp_common.so.0(DslhCpecoRegisterDataModel2+0x2c) [0xf7d62c13]
    /usr/bin/CcspPandMSsp(ssp_engage_pnm+0x13a) [0x804bda1]
    /usr/bin/CcspPandMSsp(cmd_dispatch+0x110) [0x804b8f4]
    /usr/bin/CcspPandMSsp(main+0x990) [0x804af50]
    /usr/ccsp/../../lib/libc.so.6(__libc_start_main+0xed) [0xf7a8ae2d]
    /usr/bin/CcspPandMSsp(_start+0x21) [0x804b271]

@@@CcspHalEthSwGetEEEPortEnable(PortId, enable)
    /usr/lib/libhal_ethsw.so.0(CcspHalEthSwGetEEEPortEnable+0x76) [0xf653f145]
    /usr/lib/libhal_ethsw.so.0(CcspHalEthSwGetPortEntry+0x23c) [0xf653f4ef]
    /usr/lib/libtr181.so(puma6_getEntry+0x37) [0xf5f9139b]
    /usr/lib/libtr181.so(CosaDmlEthPortGetEntry+0x7b) [0xf5f907a4]
    /usr/lib/libtr181.so(CosaEthernetInitialize+0x83) [0xf6006e08]
    /usr/lib/libtr181.so(CosaEthernetCreate+0x51) [0xf6007221]
    /usr/lib/libtr181.so(CosaBackEndManagerInitialize+0x141) [0xf6030dbb]
    /usr/lib/libtr181.so(COSA_Init+0x346) [0xf6030b39]
    /usr/lib/libccsp_common.so.0(DslhDmagntLoadDataModelXMLInternal+0x127) [0xf7d60257]
    /usr/lib/libccsp_common.so.0(DslhDmagntLoadDataModelXML2+0x32) [0xf7d604ab]
    /usr/lib/libccsp_common.so.0(DslhCpecoLoadExternalDMLibFile2+0x28) [0xf7d62111]
    /usr/lib/libccsp_common.so.0(DslhCpecoRegisterDataModelInternal+0x1ee) [0xf7d6279b]
    /usr/lib/libccsp_common.so.0(DslhCpecoRegisterDataModel2+0x2c) [0xf7d62c13]
    /usr/bin/CcspPandMSsp(ssp_engage_pnm+0x13a) [0x804bda1]
    /usr/bin/CcspPandMSsp(cmd_dispatch+0x110) [0x804b8f4]
    /usr/bin/CcspPandMSsp(main+0x990) [0x804af50]
    /usr/ccsp/../../lib/libc.so.6(__libc_start_main+0xed) [0xf7a8ae2d]
    /usr/bin/CcspPandMSsp(_start+0x21) [0x804b271]

@@@GWP_RegisterEthWan_Callback(obj)
    /usr/lib/libhal_ethsw.so.0(GWP_RegisterEthWan_Callback+0x7c) [0xf7f9b8bf]
    /usr/bin/CcspEthAgent(CosaEthernetInitialize+0xd1) [0x8052c15]
    /usr/bin/CcspEthAgent(CosaEthernetCreate+0x51) [0x8052d51]
    /usr/bin/CcspEthAgent(COSA_Init+0x78c) [0x80509b7]
    /usr/lib/libccsp_common.so.0(DslhDmagntLoadDataModelXMLInternal+0x194) [0xf7def2c4]
    /usr/lib/libccsp_common.so.0(DslhDmagntLoadDataModelXML+0x55) [0xf7def460]
    /usr/lib/libccsp_common.so.0(DslhDmagntRegBaseDataModel+0x139) [0xf7defa5d]
    /usr/lib/libccsp_common.so.0(DslhCpecoRegisterDataModelInternal+0x124) [0xf7df16d1]
    /usr/lib/libccsp_common.so.0(DslhCpecoRegisterDataModel2+0x2c) [0xf7df1c13]
    /usr/bin/CcspEthAgent(ssp_engage+0x113) [0x804fa55]
    /usr/bin/CcspEthAgent() [0x804f630]
    /usr/bin/CcspEthAgent(main+0x333) [0x804ee83]
    /usr/ccsp/../../lib/libc.so.6(__libc_start_main+0xed) [0xf7b2ee2d]
    /usr/bin/CcspEthAgent(_start+0x21) [0x804efd1]

@@@GWP_GetEthWanInterfaceName(Interface, maxSize)
    /usr/lib/libhal_ethsw.so.0(GWP_GetEthWanInterfaceName+0x76) [0xf7f9bb60]
    /usr/bin/CcspEthAgent() [0x805647d]
    /usr/bin/CcspEthAgent(CosaDmlEthInit+0x87) [0x805b30c]
    /usr/bin/CcspEthAgent(CosaEthernetInitialize+0xde) [0x8052c22]
    /usr/bin/CcspEthAgent(CosaEthernetCreate+0x51) [0x8052d51]
    /usr/bin/CcspEthAgent(COSA_Init+0x78c) [0x80509b7]
    /usr/lib/libccsp_common.so.0(DslhDmagntLoadDataModelXMLInternal+0x194) [0xf7def2c4]
    /usr/lib/libccsp_common.so.0(DslhDmagntLoadDataModelXML+0x55) [0xf7def460]
    /usr/lib/libccsp_common.so.0(DslhDmagntRegBaseDataModel+0x139) [0xf7defa5d]
    /usr/lib/libccsp_common.so.0(DslhCpecoRegisterDataModelInternal+0x124) [0xf7df16d1]
    /usr/lib/libccsp_common.so.0(DslhCpecoRegisterDataModel2+0x2c) [0xf7df1c13]
    /usr/bin/CcspEthAgent(ssp_engage+0x113) [0x804fa55]
    /usr/bin/CcspEthAgent() [0x804f630]
    /usr/bin/CcspEthAgent(main+0x333) [0x804ee83]
    /usr/ccsp/../../lib/libc.so.6(__libc_start_main+0xed) [0xf7b2ee2d]
    /usr/bin/CcspEthAgent(_start+0x21) [0x804efd1]

@@@CcspHalEthSwInit()
    /usr/lib/libhal_ethsw.so.0(CcspHalEthSwInit+0x70) [0xf7f9a5f6]
    /usr/bin/CcspEthAgent(CosaDmlEthInit+0x164) [0x805b3e9]
    /usr/bin/CcspEthAgent(CosaEthernetInitialize+0xde) [0x8052c22]
    /usr/bin/CcspEthAgent(CosaEthernetCreate+0x51) [0x8052d51]
    /usr/bin/CcspEthAgent(COSA_Init+0x78c) [0x80509b7]
    /usr/lib/libccsp_common.so.0(DslhDmagntLoadDataModelXMLInternal+0x194) [0xf7def2c4]
    /usr/lib/libccsp_common.so.0(DslhDmagntLoadDataModelXML+0x55) [0xf7def460]
    /usr/lib/libccsp_common.so.0(DslhDmagntRegBaseDataModel+0x139) [0xf7defa5d]
    /usr/lib/libccsp_common.so.0(DslhCpecoRegisterDataModelInternal+0x124) [0xf7df16d1]
    /usr/lib/libccsp_common.so.0(DslhCpecoRegisterDataModel2+0x2c) [0xf7df1c13]
    /usr/bin/CcspEthAgent(ssp_engage+0x113) [0x804fa55]
    /usr/bin/CcspEthAgent() [0x804f630]
    /usr/bin/CcspEthAgent(main+0x333) [0x804ee83]
    /usr/ccsp/../../lib/libc.so.6(__libc_start_main+0xed) [0xf7b2ee2d]
    /usr/bin/CcspEthAgent(_start+0x21) [0x804efd1]

@@@CcspHalExtSw_setEthWanPort(Port)
    /usr/lib/libhal_ethsw.so.0(CcspHalExtSw_setEthWanPort+0x70) [0xf7f9b7ca]
    /usr/bin/CcspEthAgent(CosaDmlEthInit+0x19f) [0x805b424]
    /usr/bin/CcspEthAgent(CosaEthernetInitialize+0xde) [0x8052c22]
    /usr/bin/CcspEthAgent(CosaEthernetCreate+0x51) [0x8052d51]
    /usr/bin/CcspEthAgent(COSA_Init+0x78c) [0x80509b7]
    /usr/lib/libccsp_common.so.0(DslhDmagntLoadDataModelXMLInternal+0x194) [0xf7def2c4]
    /usr/lib/libccsp_common.so.0(DslhDmagntLoadDataModelXML+0x55) [0xf7def460]
    /usr/lib/libccsp_common.so.0(DslhDmagntRegBaseDataModel+0x139) [0xf7defa5d]
    /usr/lib/libccsp_common.so.0(DslhCpecoRegisterDataModelInternal+0x124) [0xf7df16d1]
    /usr/lib/libccsp_common.so.0(DslhCpecoRegisterDataModel2+0x2c) [0xf7df1c13]
    /usr/bin/CcspEthAgent(ssp_engage+0x113) [0x804fa55]
    /usr/bin/CcspEthAgent() [0x804f630]
    /usr/bin/CcspEthAgent(main+0x333) [0x804ee83]
    /usr/ccsp/../../lib/libc.so.6(__libc_start_main+0xed) [0xf7b2ee2d]
    /usr/bin/CcspEthAgent(_start+0x21) [0x804efd1]

@@@CcspHalExtSw_setEthWanEnable(Flag)
    /usr/lib/libhal_ethsw.so.0(CcspHalExtSw_setEthWanEnable+0x70) [0xf7f9b5e3]
    /usr/bin/CcspEthAgent(CosaDmlEthInit+0x1ab) [0x805b430]
    /usr/bin/CcspEthAgent(CosaEthernetInitialize+0xde) [0x8052c22]
    /usr/bin/CcspEthAgent(CosaEthernetCreate+0x51) [0x8052d51]
    /usr/bin/CcspEthAgent(COSA_Init+0x78c) [0x80509b7]
    /usr/lib/libccsp_common.so.0(DslhDmagntLoadDataModelXMLInternal+0x194) [0xf7def2c4]
    /usr/lib/libccsp_common.so.0(DslhDmagntLoadDataModelXML+0x55) [0xf7def460]
    /usr/lib/libccsp_common.so.0(DslhDmagntRegBaseDataModel+0x139) [0xf7defa5d]
    /usr/lib/libccsp_common.so.0(DslhCpecoRegisterDataModelInternal+0x124) [0xf7df16d1]
    /usr/lib/libccsp_common.so.0(DslhCpecoRegisterDataModel2+0x2c) [0xf7df1c13]
    /usr/bin/CcspEthAgent(ssp_engage+0x113) [0x804fa55]
    /usr/bin/CcspEthAgent() [0x804f630]
    /usr/bin/CcspEthAgent(main+0x333) [0x804ee83]
    /usr/ccsp/../../lib/libc.so.6(__libc_start_main+0xed) [0xf7b2ee2d]
    /usr/bin/CcspEthAgent(_start+0x21) [0x804efd1]

@@@CcspHalEthSw_RegisterLinkEventCallback(callback_proc)
    /usr/lib/libhal_ethsw.so.0(CcspHalEthSw_RegisterLinkEventCallback+0x76) [0xf7f9c60d]
    /usr/bin/CcspEthAgent(CosaEthernetInitialize+0xf6) [0x8052c3a]
    /usr/bin/CcspEthAgent(CosaEthernetCreate+0x51) [0x8052d51]
    /usr/bin/CcspEthAgent(COSA_Init+0x78c) [0x80509b7]
    /usr/lib/libccsp_common.so.0(DslhDmagntLoadDataModelXMLInternal+0x194) [0xf7def2c4]
    /usr/lib/libccsp_common.so.0(DslhDmagntLoadDataModelXML+0x55) [0xf7def460]
    /usr/lib/libccsp_common.so.0(DslhDmagntRegBaseDataModel+0x139) [0xf7defa5d]
    /usr/lib/libccsp_common.so.0(DslhCpecoRegisterDataModelInternal+0x124) [0xf7df16d1]
    /usr/lib/libccsp_common.so.0(DslhCpecoRegisterDataModel2+0x2c) [0xf7df1c13]
    /usr/bin/CcspEthAgent(ssp_engage+0x113) [0x804fa55]
    /usr/bin/CcspEthAgent() [0x804f630]
    /usr/bin/CcspEthAgent(main+0x333) [0x804ee83]
    /usr/ccsp/../../lib/libc.so.6(__libc_start_main+0xed) [0xf7b2ee2d]
    /usr/bin/CcspEthAgent(_start+0x21) [0x804efd1]

@@@CcspHalExtSw_getAssociatedDevice(output_array_size, output_struct)
    /usr/lib/libhal_ethsw.so.0(CcspHalExtSw_getAssociatedDevice+0x82) [0xf7f9b2ac]
    /usr/bin/CcspEthAgent(CcspHalExtSw_AssociatedDeviceMonitorThread+0x4b) [0x805c323]
    /usr/ccsp/../../lib/libpthread.so.0(+0x7f91) [0xf7cf8f91]
    /usr/ccsp/../../lib/libc.so.6(clone+0x66) [0xf7c0eb96]

@@@CcspHalEthSwGetPortAdminStatus(PortId, pAdminStatus)
    /usr/lib/libhal_ethsw.so.0(CcspHalEthSwGetPortAdminStatus+0x76) [0xf7f9ac56]
    /usr/bin/CcspEthAgent() [0x805d784]
    /usr/bin/CcspEthAgent(CosaDmlEthPortGetEntry+0x4f) [0x805cfdb]
    /usr/bin/CcspEthAgent(CosaEthInterfaceInitialize+0x67) [0x80520d8]
    /usr/bin/CcspEthAgent(CosaEthInterfaceCreate+0x51) [0x80521b0]
    /usr/bin/CcspEthAgent(CosaBackEndManagerInitialize+0x15) [0x8050aa0]
    /usr/bin/CcspEthAgent(COSA_Init+0x7ba) [0x80509e5]
    /usr/lib/libccsp_common.so.0(DslhDmagntLoadDataModelXMLInternal+0x194) [0xf7def2c4]
    /usr/lib/libccsp_common.so.0(DslhDmagntLoadDataModelXML+0x55) [0xf7def460]
    /usr/lib/libccsp_common.so.0(DslhDmagntRegBaseDataModel+0x139) [0xf7defa5d]
    /usr/lib/libccsp_common.so.0(DslhCpecoRegisterDataModelInternal+0x124) [0xf7df16d1]
    /usr/lib/libccsp_common.so.0(DslhCpecoRegisterDataModel2+0x2c) [0xf7df1c13]
    /usr/bin/CcspEthAgent(ssp_engage+0x113) [0x804fa55]
    /usr/bin/CcspEthAgent() [0x804f630]
    /usr/bin/CcspEthAgent(main+0x333) [0x804ee83]
    /usr/ccsp/../../lib/libc.so.6(__libc_start_main+0xed) [0xf7b2ee2d]
    /usr/bin/CcspEthAgent(_start+0x21) [0x804efd1]

@@@CcspHalEthSwGetPortCfg(PortId, pLinkRate, pDuplexMode)
    /usr/lib/libhal_ethsw.so.0(CcspHalEthSwGetPortCfg+0x7c) [0xf7f9a8d4]
    /usr/bin/CcspEthAgent() [0x805d7a5]
    /usr/bin/CcspEthAgent(CosaDmlEthPortGetEntry+0x4f) [0x805cfdb]
    /usr/bin/CcspEthAgent(CosaEthInterfaceInitialize+0x67) [0x80520d8]
    /usr/bin/CcspEthAgent(CosaEthInterfaceCreate+0x51) [0x80521b0]
    /usr/bin/CcspEthAgent(CosaBackEndManagerInitialize+0x15) [0x8050aa0]
    /usr/bin/CcspEthAgent(COSA_Init+0x7ba) [0x80509e5]
    /usr/lib/libccsp_common.so.0(DslhDmagntLoadDataModelXMLInternal+0x194) [0xf7def2c4]
    /usr/lib/libccsp_common.so.0(DslhDmagntLoadDataModelXML+0x55) [0xf7def460]
    /usr/lib/libccsp_common.so.0(DslhDmagntRegBaseDataModel+0x139) [0xf7defa5d]
    /usr/lib/libccsp_common.so.0(DslhCpecoRegisterDataModelInternal+0x124) [0xf7df16d1]
    /usr/lib/libccsp_common.so.0(DslhCpecoRegisterDataModel2+0x2c) [0xf7df1c13]
    /usr/bin/CcspEthAgent(ssp_engage+0x113) [0x804fa55]
    /usr/bin/CcspEthAgent() [0x804f630]
    /usr/bin/CcspEthAgent(main+0x333) [0x804ee83]
    /usr/ccsp/../../lib/libc.so.6(__libc_start_main+0xed) [0xf7b2ee2d]
    /usr/bin/CcspEthAgent(_start+0x21) [0x804efd1]

@@@CcspHalEthSwSetEEEPortEnable(PortId, enable)
    /usr/lib/libhal_ethsw.so.0(CcspHalEthSwSetEEEPortEnable+0x70) [0xf7f9c23a]
    /usr/bin/CcspEthAgent(CosaDmlEEEPortSetCfg+0x3a) [0x805d5a4]
    /usr/bin/CcspEthAgent() [0x805d86d]
    /usr/bin/CcspEthAgent(CosaDmlEthPortGetEntry+0x4f) [0x805cfdb]
    /usr/bin/CcspEthAgent(CosaEthInterfaceInitialize+0x67) [0x80520d8]
    /usr/bin/CcspEthAgent(CosaEthInterfaceCreate+0x51) [0x80521b0]
    /usr/bin/CcspEthAgent(CosaBackEndManagerInitialize+0x15) [0x8050aa0]
    /usr/bin/CcspEthAgent(COSA_Init+0x7ba) [0x80509e5]
    /usr/lib/libccsp_common.so.0(DslhDmagntLoadDataModelXMLInternal+0x194) [0xf7def2c4]
    /usr/lib/libccsp_common.so.0(DslhDmagntLoadDataModelXML+0x55) [0xf7def460]
    /usr/lib/libccsp_common.so.0(DslhDmagntRegBaseDataModel+0x139) [0xf7defa5d]
    /usr/lib/libccsp_common.so.0(DslhCpecoRegisterDataModelInternal+0x124) [0xf7df16d1]
    /usr/lib/libccsp_common.so.0(DslhCpecoRegisterDataModel2+0x2c) [0xf7df1c13]
    /usr/bin/CcspEthAgent(ssp_engage+0x113) [0x804fa55]
    /usr/bin/CcspEthAgent() [0x804f630]
    /usr/bin/CcspEthAgent(main+0x333) [0x804ee83]
    /usr/ccsp/../../lib/libc.so.6(__libc_start_main+0xed) [0xf7b2ee2d]
    /usr/bin/CcspEthAgent(_start+0x21) [0x804efd1]

@@@CcspHalEthSwGetPortStatus(PortId, pLinkRate, pDuplexMode, pStatus)
    /usr/lib/libhal_ethsw.so.0(CcspHalEthSwGetPortStatus+0x85) [0xf7f9a70a]
    /usr/bin/CcspEthAgent() [0x805c975]
    /usr/bin/CcspEthAgent(CosaDmlEthPortGetEntry+0x82) [0x805d00e]
    /usr/bin/CcspEthAgent(CosaEthInterfaceInitialize+0x67) [0x80520d8]
    /usr/bin/CcspEthAgent(CosaEthInterfaceCreate+0x51) [0x80521b0]
    /usr/bin/CcspEthAgent(CosaBackEndManagerInitialize+0x15) [0x8050aa0]
    /usr/bin/CcspEthAgent(COSA_Init+0x7ba) [0x80509e5]
    /usr/lib/libccsp_common.so.0(DslhDmagntLoadDataModelXMLInternal+0x194) [0xf7def2c4]
    /usr/lib/libccsp_common.so.0(DslhDmagntLoadDataModelXML+0x55) [0xf7def460]
    /usr/lib/libccsp_common.so.0(DslhDmagntRegBaseDataModel+0x139) [0xf7defa5d]
    /usr/lib/libccsp_common.so.0(DslhCpecoRegisterDataModelInternal+0x124) [0xf7df16d1]
    /usr/lib/libccsp_common.so.0(DslhCpecoRegisterDataModel2+0x2c) [0xf7df1c13]
    /usr/bin/CcspEthAgent(ssp_engage+0x113) [0x804fa55]
    /usr/bin/CcspEthAgent() [0x804f630]
    /usr/bin/CcspEthAgent(main+0x333) [0x804ee83]
    /usr/ccsp/../../lib/libc.so.6(__libc_start_main+0xed) [0xf7b2ee2d]
    /usr/bin/CcspEthAgent(_start+0x21) [0x804efd1]

@@@CcspHalEthSwGetPortAdminStatus(PortId, pAdminStatus)
    /usr/lib/libhal_ethsw.so.0(CcspHalEthSwGetPortAdminStatus+0x76) [0xf7f9ac56]
    /usr/bin/CcspEthAgent() [0x805d784]
    /usr/bin/CcspEthAgent(CosaDmlEthPortGetEntry+0x4f) [0x805cfdb]
    /usr/bin/CcspEthAgent(CosaEthInterfaceInitialize+0x67) [0x80520d8]
    /usr/bin/CcspEthAgent(CosaEthInterfaceCreate+0x51) [0x80521b0]
    /usr/bin/CcspEthAgent(CosaBackEndManagerInitialize+0x15) [0x8050aa0]
    /usr/bin/CcspEthAgent(COSA_Init+0x7ba) [0x80509e5]
    /usr/lib/libccsp_common.so.0(DslhDmagntLoadDataModelXMLInternal+0x194) [0xf7def2c4]
    /usr/lib/libccsp_common.so.0(DslhDmagntLoadDataModelXML+0x55) [0xf7def460]
    /usr/lib/libccsp_common.so.0(DslhDmagntRegBaseDataModel+0x139) [0xf7defa5d]
    /usr/lib/libccsp_common.so.0(DslhCpecoRegisterDataModelInternal+0x124) [0xf7df16d1]
    /usr/lib/libccsp_common.so.0(DslhCpecoRegisterDataModel2+0x2c) [0xf7df1c13]
    /usr/bin/CcspEthAgent(ssp_engage+0x113) [0x804fa55]
    /usr/bin/CcspEthAgent() [0x804f630]
    /usr/bin/CcspEthAgent(main+0x333) [0x804ee83]
    /usr/ccsp/../../lib/libc.so.6(__libc_start_main+0xed) [0xf7b2ee2d]
    /usr/bin/CcspEthAgent(_start+0x21) [0x804efd1]

@@@CcspHalEthSwGetPortCfg(PortId, pLinkRate, pDuplexMode)
    /usr/lib/libhal_ethsw.so.0(CcspHalEthSwGetPortCfg+0x7c) [0xf7f9a8d4]
    /usr/bin/CcspEthAgent() [0x805d7a5]
    /usr/bin/CcspEthAgent(CosaDmlEthPortGetEntry+0x4f) [0x805cfdb]
    /usr/bin/CcspEthAgent(CosaEthInterfaceInitialize+0x67) [0x80520d8]
    /usr/bin/CcspEthAgent(CosaEthInterfaceCreate+0x51) [0x80521b0]
    /usr/bin/CcspEthAgent(CosaBackEndManagerInitialize+0x15) [0x8050aa0]
    /usr/bin/CcspEthAgent(COSA_Init+0x7ba) [0x80509e5]
    /usr/lib/libccsp_common.so.0(DslhDmagntLoadDataModelXMLInternal+0x194) [0xf7def2c4]
    /usr/lib/libccsp_common.so.0(DslhDmagntLoadDataModelXML+0x55) [0xf7def460]
    /usr/lib/libccsp_common.so.0(DslhDmagntRegBaseDataModel+0x139) [0xf7defa5d]
    /usr/lib/libccsp_common.so.0(DslhCpecoRegisterDataModelInternal+0x124) [0xf7df16d1]
    /usr/lib/libccsp_common.so.0(DslhCpecoRegisterDataModel2+0x2c) [0xf7df1c13]
    /usr/bin/CcspEthAgent(ssp_engage+0x113) [0x804fa55]
    /usr/bin/CcspEthAgent() [0x804f630]
    /usr/bin/CcspEthAgent(main+0x333) [0x804ee83]
    /usr/ccsp/../../lib/libc.so.6(__libc_start_main+0xed) [0xf7b2ee2d]
    /usr/bin/CcspEthAgent(_start+0x21) [0x804efd1]

@@@CcspHalEthSwSetEEEPortEnable(PortId, enable)
    /usr/lib/libhal_ethsw.so.0(CcspHalEthSwSetEEEPortEnable+0x70) [0xf7f9c23a]
    /usr/bin/CcspEthAgent(CosaDmlEEEPortSetCfg+0x3a) [0x805d5a4]
    /usr/bin/CcspEthAgent() [0x805d86d]
    /usr/bin/CcspEthAgent(CosaDmlEthPortGetEntry+0x4f) [0x805cfdb]
    /usr/bin/CcspEthAgent(CosaEthInterfaceInitialize+0x67) [0x80520d8]
    /usr/bin/CcspEthAgent(CosaEthInterfaceCreate+0x51) [0x80521b0]
    /usr/bin/CcspEthAgent(CosaBackEndManagerInitialize+0x15) [0x8050aa0]
    /usr/bin/CcspEthAgent(COSA_Init+0x7ba) [0x80509e5]
    /usr/lib/libccsp_common.so.0(DslhDmagntLoadDataModelXMLInternal+0x194) [0xf7def2c4]
    /usr/lib/libccsp_common.so.0(DslhDmagntLoadDataModelXML+0x55) [0xf7def460]
    /usr/lib/libccsp_common.so.0(DslhDmagntRegBaseDataModel+0x139) [0xf7defa5d]
    /usr/lib/libccsp_common.so.0(DslhCpecoRegisterDataModelInternal+0x124) [0xf7df16d1]
    /usr/lib/libccsp_common.so.0(DslhCpecoRegisterDataModel2+0x2c) [0xf7df1c13]
    /usr/bin/CcspEthAgent(ssp_engage+0x113) [0x804fa55]
    /usr/bin/CcspEthAgent() [0x804f630]
    /usr/bin/CcspEthAgent(main+0x333) [0x804ee83]
    /usr/ccsp/../../lib/libc.so.6(__libc_start_main+0xed) [0xf7b2ee2d]
    /usr/bin/CcspEthAgent(_start+0x21) [0x804efd1]

@@@CcspHalEthSwGetPortStatus(PortId, pLinkRate, pDuplexMode, pStatus)
    /usr/lib/libhal_ethsw.so.0(CcspHalEthSwGetPortStatus+0x85) [0xf7f9a70a]
    /usr/bin/CcspEthAgent() [0x805c975]
    /usr/bin/CcspEthAgent(CosaDmlEthPortGetEntry+0x82) [0x805d00e]
    /usr/bin/CcspEthAgent(CosaEthInterfaceInitialize+0x67) [0x80520d8]
    /usr/bin/CcspEthAgent(CosaEthInterfaceCreate+0x51) [0x80521b0]
    /usr/bin/CcspEthAgent(CosaBackEndManagerInitialize+0x15) [0x8050aa0]
    /usr/bin/CcspEthAgent(COSA_Init+0x7ba) [0x80509e5]
    /usr/lib/libccsp_common.so.0(DslhDmagntLoadDataModelXMLInternal+0x194) [0xf7def2c4]
    /usr/lib/libccsp_common.so.0(DslhDmagntLoadDataModelXML+0x55) [0xf7def460]
    /usr/lib/libccsp_common.so.0(DslhDmagntRegBaseDataModel+0x139) [0xf7defa5d]
    /usr/lib/libccsp_common.so.0(DslhCpecoRegisterDataModelInternal+0x124) [0xf7df16d1]
    /usr/lib/libccsp_common.so.0(DslhCpecoRegisterDataModel2+0x2c) [0xf7df1c13]
    /usr/bin/CcspEthAgent(ssp_engage+0x113) [0x804fa55]
    /usr/bin/CcspEthAgent() [0x804f630]
    /usr/bin/CcspEthAgent(main+0x333) [0x804ee83]
    /usr/ccsp/../../lib/libc.so.6(__libc_start_main+0xed) [0xf7b2ee2d]
    /usr/bin/CcspEthAgent(_start+0x21) [0x804efd1]

@@@CcspHalEthSwGetPortAdminStatus(PortId, pAdminStatus)
    /usr/lib/libhal_ethsw.so.0(CcspHalEthSwGetPortAdminStatus+0x76) [0xf7f9ac56]
    /usr/bin/CcspEthAgent() [0x805d784]
    /usr/bin/CcspEthAgent(CosaDmlEthPortGetEntry+0x4f) [0x805cfdb]
    /usr/bin/CcspEthAgent(CosaEthInterfaceInitialize+0x67) [0x80520d8]
    /usr/bin/CcspEthAgent(CosaEthInterfaceCreate+0x51) [0x80521b0]
    /usr/bin/CcspEthAgent(CosaBackEndManagerInitialize+0x15) [0x8050aa0]
    /usr/bin/CcspEthAgent(COSA_Init+0x7ba) [0x80509e5]
    /usr/lib/libccsp_common.so.0(DslhDmagntLoadDataModelXMLInternal+0x194) [0xf7def2c4]
    /usr/lib/libccsp_common.so.0(DslhDmagntLoadDataModelXML+0x55) [0xf7def460]
    /usr/lib/libccsp_common.so.0(DslhDmagntRegBaseDataModel+0x139) [0xf7defa5d]
    /usr/lib/libccsp_common.so.0(DslhCpecoRegisterDataModelInternal+0x124) [0xf7df16d1]
    /usr/lib/libccsp_common.so.0(DslhCpecoRegisterDataModel2+0x2c) [0xf7df1c13]
    /usr/bin/CcspEthAgent(ssp_engage+0x113) [0x804fa55]
    /usr/bin/CcspEthAgent() [0x804f630]
    /usr/bin/CcspEthAgent(main+0x333) [0x804ee83]
    /usr/ccsp/../../lib/libc.so.6(__libc_start_main+0xed) [0xf7b2ee2d]
    /usr/bin/CcspEthAgent(_start+0x21) [0x804efd1]

@@@CcspHalEthSwGetPortCfg(PortId, pLinkRate, pDuplexMode)
    /usr/lib/libhal_ethsw.so.0(CcspHalEthSwGetPortCfg+0x7c) [0xf7f9a8d4]
    /usr/bin/CcspEthAgent() [0x805d7a5]
    /usr/bin/CcspEthAgent(CosaDmlEthPortGetEntry+0x4f) [0x805cfdb]
    /usr/bin/CcspEthAgent(CosaEthInterfaceInitialize+0x67) [0x80520d8]
    /usr/bin/CcspEthAgent(CosaEthInterfaceCreate+0x51) [0x80521b0]
    /usr/bin/CcspEthAgent(CosaBackEndManagerInitialize+0x15) [0x8050aa0]
    /usr/bin/CcspEthAgent(COSA_Init+0x7ba) [0x80509e5]
    /usr/lib/libccsp_common.so.0(DslhDmagntLoadDataModelXMLInternal+0x194) [0xf7def2c4]
    /usr/lib/libccsp_common.so.0(DslhDmagntLoadDataModelXML+0x55) [0xf7def460]
    /usr/lib/libccsp_common.so.0(DslhDmagntRegBaseDataModel+0x139) [0xf7defa5d]
    /usr/lib/libccsp_common.so.0(DslhCpecoRegisterDataModelInternal+0x124) [0xf7df16d1]
    /usr/lib/libccsp_common.so.0(DslhCpecoRegisterDataModel2+0x2c) [0xf7df1c13]
    /usr/bin/CcspEthAgent(ssp_engage+0x113) [0x804fa55]
    /usr/bin/CcspEthAgent() [0x804f630]
    /usr/bin/CcspEthAgent(main+0x333) [0x804ee83]
    /usr/ccsp/../../lib/libc.so.6(__libc_start_main+0xed) [0xf7b2ee2d]
    /usr/bin/CcspEthAgent(_start+0x21) [0x804efd1]

@@@CcspHalEthSwSetEEEPortEnable(PortId, enable)
    /usr/lib/libhal_ethsw.so.0(CcspHalEthSwSetEEEPortEnable+0x70) [0xf7f9c23a]
    /usr/bin/CcspEthAgent(CosaDmlEEEPortSetCfg+0x3a) [0x805d5a4]
    /usr/bin/CcspEthAgent() [0x805d86d]
    /usr/bin/CcspEthAgent(CosaDmlEthPortGetEntry+0x4f) [0x805cfdb]
    /usr/bin/CcspEthAgent(CosaEthInterfaceInitialize+0x67) [0x80520d8]
    /usr/bin/CcspEthAgent(CosaEthInterfaceCreate+0x51) [0x80521b0]
    /usr/bin/CcspEthAgent(CosaBackEndManagerInitialize+0x15) [0x8050aa0]
    /usr/bin/CcspEthAgent(COSA_Init+0x7ba) [0x80509e5]
    /usr/lib/libccsp_common.so.0(DslhDmagntLoadDataModelXMLInternal+0x194) [0xf7def2c4]
    /usr/lib/libccsp_common.so.0(DslhDmagntLoadDataModelXML+0x55) [0xf7def460]
    /usr/lib/libccsp_common.so.0(DslhDmagntRegBaseDataModel+0x139) [0xf7defa5d]
    /usr/lib/libccsp_common.so.0(DslhCpecoRegisterDataModelInternal+0x124) [0xf7df16d1]
    /usr/lib/libccsp_common.so.0(DslhCpecoRegisterDataModel2+0x2c) [0xf7df1c13]
    /usr/bin/CcspEthAgent(ssp_engage+0x113) [0x804fa55]
    /usr/bin/CcspEthAgent() [0x804f630]
    /usr/bin/CcspEthAgent(main+0x333) [0x804ee83]
    /usr/ccsp/../../lib/libc.so.6(__libc_start_main+0xed) [0xf7b2ee2d]
    /usr/bin/CcspEthAgent(_start+0x21) [0x804efd1]

@@@CcspHalEthSwGetPortStatus(PortId, pLinkRate, pDuplexMode, pStatus)
    /usr/lib/libhal_ethsw.so.0(CcspHalEthSwGetPortStatus+0x85) [0xf7f9a70a]
    /usr/bin/CcspEthAgent() [0x805c975]
    /usr/bin/CcspEthAgent(CosaDmlEthPortGetEntry+0x82) [0x805d00e]
    /usr/bin/CcspEthAgent(CosaEthInterfaceInitialize+0x67) [0x80520d8]
    /usr/bin/CcspEthAgent(CosaEthInterfaceCreate+0x51) [0x80521b0]
    /usr/bin/CcspEthAgent(CosaBackEndManagerInitialize+0x15) [0x8050aa0]
    /usr/bin/CcspEthAgent(COSA_Init+0x7ba) [0x80509e5]
    /usr/lib/libccsp_common.so.0(DslhDmagntLoadDataModelXMLInternal+0x194) [0xf7def2c4]
    /usr/lib/libccsp_common.so.0(DslhDmagntLoadDataModelXML+0x55) [0xf7def460]
    /usr/lib/libccsp_common.so.0(DslhDmagntRegBaseDataModel+0x139) [0xf7defa5d]
    /usr/lib/libccsp_common.so.0(DslhCpecoRegisterDataModelInternal+0x124) [0xf7df16d1]
    /usr/lib/libccsp_common.so.0(DslhCpecoRegisterDataModel2+0x2c) [0xf7df1c13]
    /usr/bin/CcspEthAgent(ssp_engage+0x113) [0x804fa55]
    /usr/bin/CcspEthAgent() [0x804f630]
    /usr/bin/CcspEthAgent(main+0x333) [0x804ee83]
    /usr/ccsp/../../lib/libc.so.6(__libc_start_main+0xed) [0xf7b2ee2d]
    /usr/bin/CcspEthAgent(_start+0x21) [0x804efd1]

@@@CcspHalEthSwGetPortAdminStatus(PortId, pAdminStatus)
    /usr/lib/libhal_ethsw.so.0(CcspHalEthSwGetPortAdminStatus+0x76) [0xf7f9ac56]
    /usr/bin/CcspEthAgent() [0x805d784]
    /usr/bin/CcspEthAgent(CosaDmlEthPortGetEntry+0x4f) [0x805cfdb]
    /usr/bin/CcspEthAgent(CosaEthInterfaceInitialize+0x67) [0x80520d8]
    /usr/bin/CcspEthAgent(CosaEthInterfaceCreate+0x51) [0x80521b0]
    /usr/bin/CcspEthAgent(CosaBackEndManagerInitialize+0x15) [0x8050aa0]
    /usr/bin/CcspEthAgent(COSA_Init+0x7ba) [0x80509e5]
    /usr/lib/libccsp_common.so.0(DslhDmagntLoadDataModelXMLInternal+0x194) [0xf7def2c4]
    /usr/lib/libccsp_common.so.0(DslhDmagntLoadDataModelXML+0x55) [0xf7def460]
    /usr/lib/libccsp_common.so.0(DslhDmagntRegBaseDataModel+0x139) [0xf7defa5d]
    /usr/lib/libccsp_common.so.0(DslhCpecoRegisterDataModelInternal+0x124) [0xf7df16d1]
    /usr/lib/libccsp_common.so.0(DslhCpecoRegisterDataModel2+0x2c) [0xf7df1c13]
    /usr/bin/CcspEthAgent(ssp_engage+0x113) [0x804fa55]
    /usr/bin/CcspEthAgent() [0x804f630]
    /usr/bin/CcspEthAgent(main+0x333) [0x804ee83]
    /usr/ccsp/../../lib/libc.so.6(__libc_start_main+0xed) [0xf7b2ee2d]
    /usr/bin/CcspEthAgent(_start+0x21) [0x804efd1]

@@@CcspHalEthSwGetPortCfg(PortId, pLinkRate, pDuplexMode)
    /usr/lib/libhal_ethsw.so.0(CcspHalEthSwGetPortCfg+0x7c) [0xf7f9a8d4]
    /usr/bin/CcspEthAgent() [0x805d7a5]
    /usr/bin/CcspEthAgent(CosaDmlEthPortGetEntry+0x4f) [0x805cfdb]
    /usr/bin/CcspEthAgent(CosaEthInterfaceInitialize+0x67) [0x80520d8]
    /usr/bin/CcspEthAgent(CosaEthInterfaceCreate+0x51) [0x80521b0]
    /usr/bin/CcspEthAgent(CosaBackEndManagerInitialize+0x15) [0x8050aa0]
    /usr/bin/CcspEthAgent(COSA_Init+0x7ba) [0x80509e5]
    /usr/lib/libccsp_common.so.0(DslhDmagntLoadDataModelXMLInternal+0x194) [0xf7def2c4]
    /usr/lib/libccsp_common.so.0(DslhDmagntLoadDataModelXML+0x55) [0xf7def460]
    /usr/lib/libccsp_common.so.0(DslhDmagntRegBaseDataModel+0x139) [0xf7defa5d]
    /usr/lib/libccsp_common.so.0(DslhCpecoRegisterDataModelInternal+0x124) [0xf7df16d1]
    /usr/lib/libccsp_common.so.0(DslhCpecoRegisterDataModel2+0x2c) [0xf7df1c13]
    /usr/bin/CcspEthAgent(ssp_engage+0x113) [0x804fa55]
    /usr/bin/CcspEthAgent() [0x804f630]
    /usr/bin/CcspEthAgent(main+0x333) [0x804ee83]
    /usr/ccsp/../../lib/libc.so.6(__libc_start_main+0xed) [0xf7b2ee2d]
    /usr/bin/CcspEthAgent(_start+0x21) [0x804efd1]

@@@CcspHalEthSwSetEEEPortEnable(PortId, enable)
    /usr/lib/libhal_ethsw.so.0(CcspHalEthSwSetEEEPortEnable+0x70) [0xf7f9c23a]
    /usr/bin/CcspEthAgent(CosaDmlEEEPortSetCfg+0x3a) [0x805d5a4]
    /usr/bin/CcspEthAgent() [0x805d86d]
    /usr/bin/CcspEthAgent(CosaDmlEthPortGetEntry+0x4f) [0x805cfdb]
    /usr/bin/CcspEthAgent(CosaEthInterfaceInitialize+0x67) [0x80520d8]
    /usr/bin/CcspEthAgent(CosaEthInterfaceCreate+0x51) [0x80521b0]
    /usr/bin/CcspEthAgent(CosaBackEndManagerInitialize+0x15) [0x8050aa0]
    /usr/bin/CcspEthAgent(COSA_Init+0x7ba) [0x80509e5]
    /usr/lib/libccsp_common.so.0(DslhDmagntLoadDataModelXMLInternal+0x194) [0xf7def2c4]
    /usr/lib/libccsp_common.so.0(DslhDmagntLoadDataModelXML+0x55) [0xf7def460]
    /usr/lib/libccsp_common.so.0(DslhDmagntRegBaseDataModel+0x139) [0xf7defa5d]
    /usr/lib/libccsp_common.so.0(DslhCpecoRegisterDataModelInternal+0x124) [0xf7df16d1]
    /usr/lib/libccsp_common.so.0(DslhCpecoRegisterDataModel2+0x2c) [0xf7df1c13]
    /usr/bin/CcspEthAgent(ssp_engage+0x113) [0x804fa55]
    /usr/bin/CcspEthAgent() [0x804f630]
    /usr/bin/CcspEthAgent(main+0x333) [0x804ee83]
    /usr/ccsp/../../lib/libc.so.6(__libc_start_main+0xed) [0xf7b2ee2d]
    /usr/bin/CcspEthAgent(_start+0x21) [0x804efd1]

@@@CcspHalEthSwGetPortStatus(PortId, pLinkRate, pDuplexMode, pStatus)
    /usr/lib/libhal_ethsw.so.0(CcspHalEthSwGetPortStatus+0x85) [0xf7f9a70a]
    /usr/bin/CcspEthAgent() [0x805c975]
    /usr/bin/CcspEthAgent(CosaDmlEthPortGetEntry+0x82) [0x805d00e]
    /usr/bin/CcspEthAgent(CosaEthInterfaceInitialize+0x67) [0x80520d8]
    /usr/bin/CcspEthAgent(CosaEthInterfaceCreate+0x51) [0x80521b0]
    /usr/bin/CcspEthAgent(CosaBackEndManagerInitialize+0x15) [0x8050aa0]
    /usr/bin/CcspEthAgent(COSA_Init+0x7ba) [0x80509e5]
    /usr/lib/libccsp_common.so.0(DslhDmagntLoadDataModelXMLInternal+0x194) [0xf7def2c4]
    /usr/lib/libccsp_common.so.0(DslhDmagntLoadDataModelXML+0x55) [0xf7def460]
    /usr/lib/libccsp_common.so.0(DslhDmagntRegBaseDataModel+0x139) [0xf7defa5d]
    /usr/lib/libccsp_common.so.0(DslhCpecoRegisterDataModelInternal+0x124) [0xf7df16d1]
    /usr/lib/libccsp_common.so.0(DslhCpecoRegisterDataModel2+0x2c) [0xf7df1c13]
    /usr/bin/CcspEthAgent(ssp_engage+0x113) [0x804fa55]
    /usr/bin/CcspEthAgent() [0x804f630]
    /usr/bin/CcspEthAgent(main+0x333) [0x804ee83]
    /usr/ccsp/../../lib/libc.so.6(__libc_start_main+0xed) [0xf7b2ee2d]
    /usr/bin/CcspEthAgent(_start+0x21) [0x804efd1]

@@@CcspHalExtSw_getAssociatedDevice(output_array_size, output_struct)
    /usr/lib/libhal_ethsw.so.0(CcspHalExtSw_getAssociatedDevice+0x82) [0xf7f9b2ac]
    /usr/bin/CcspEthAgent(CosaDmlEthPortGetClientMac+0x40) [0x805d0b6]
    /usr/bin/CcspEthAgent(AssociatedDevice1_Synchronize+0x5c) [0x8051333]
    /usr/lib/libccsp_common.so.0(DslhObjroPopulateObjRecords+0x8a) [0xf7ddd988]
    /usr/lib/libccsp_common.so.0(DslhObjroPopulateObjRecords+0x52b) [0xf7ddde29]
    /usr/lib/libccsp_common.so.0(DslhObjroPopulateObjRecords+0x2ec) [0xf7dddbea]
    /usr/lib/libccsp_common.so.0(DslhObjroPopulateObjRecords+0x52b) [0xf7ddde29]
    /usr/lib/libccsp_common.so.0(DslhObjroPopulateObjRecords+0x52b) [0xf7ddde29]
    /usr/lib/libccsp_common.so.0(DslhObjroPopulateObjRecords+0x52b) [0xf7ddde29]
    /usr/lib/libccsp_common.so.0(DslhWmpdoCreateRecordTree+0xbc) [0xf7de3014]
    /usr/lib/libccsp_common.so.0(DslhCpecoInitDataModel+0x14) [0xf7df0ac1]
    /usr/lib/libccsp_common.so.0(DslhCpecoRegisterDataModelInternal+0x224) [0xf7df17d1]
    /usr/lib/libccsp_common.so.0(DslhCpecoRegisterDataModel2+0x2c) [0xf7df1c13]
    /usr/bin/CcspEthAgent(ssp_engage+0x113) [0x804fa55]
    /usr/bin/CcspEthAgent() [0x804f630]
    /usr/bin/CcspEthAgent(main+0x333) [0x804ee83]
    /usr/ccsp/../../lib/libc.so.6(__libc_start_main+0xed) [0xf7b2ee2d]
    /usr/bin/CcspEthAgent(_start+0x21) [0x804efd1]

@@@CcspHalExtSw_getAssociatedDevice(output_array_size, output_struct)
    /usr/lib/libhal_ethsw.so.0(CcspHalExtSw_getAssociatedDevice+0x82) [0xf7f9b2ac]
    /usr/bin/CcspEthAgent(CosaDmlEthPortGetClientMac+0x40) [0x805d0b6]
    /usr/bin/CcspEthAgent(AssociatedDevice1_Synchronize+0x5c) [0x8051333]
    /usr/lib/libccsp_common.so.0(DslhObjroPopulateObjRecords+0x8a) [0xf7ddd988]
    /usr/lib/libccsp_common.so.0(DslhObjroPopulateObjRecords+0x52b) [0xf7ddde29]
    /usr/lib/libccsp_common.so.0(DslhObjroPopulateObjRecords+0x2ec) [0xf7dddbea]
    /usr/lib/libccsp_common.so.0(DslhObjroPopulateObjRecords+0x52b) [0xf7ddde29]
    /usr/lib/libccsp_common.so.0(DslhObjroPopulateObjRecords+0x52b) [0xf7ddde29]
    /usr/lib/libccsp_common.so.0(DslhObjroPopulateObjRecords+0x52b) [0xf7ddde29]
    /usr/lib/libccsp_common.so.0(DslhWmpdoCreateRecordTree+0xbc) [0xf7de3014]
    /usr/lib/libccsp_common.so.0(DslhCpecoInitDataModel+0x14) [0xf7df0ac1]
    /usr/lib/libccsp_common.so.0(DslhCpecoRegisterDataModelInternal+0x224) [0xf7df17d1]
    /usr/lib/libccsp_common.so.0(DslhCpecoRegisterDataModel2+0x2c) [0xf7df1c13]
    /usr/bin/CcspEthAgent(ssp_engage+0x113) [0x804fa55]
    /usr/bin/CcspEthAgent() [0x804f630]
    /usr/bin/CcspEthAgent(main+0x333) [0x804ee83]
    /usr/ccsp/../../lib/libc.so.6(__libc_start_main+0xed) [0xf7b2ee2d]
    /usr/bin/CcspEthAgent(_start+0x21) [0x804efd1]

@@@CcspHalExtSw_getAssociatedDevice(output_array_size, output_struct)
    /usr/lib/libhal_ethsw.so.0(CcspHalExtSw_getAssociatedDevice+0x82) [0xf7f9b2ac]
    /usr/bin/CcspEthAgent(CosaDmlEthPortGetClientMac+0x40) [0x805d0b6]
    /usr/bin/CcspEthAgent(AssociatedDevice1_Synchronize+0x5c) [0x8051333]
    /usr/lib/libccsp_common.so.0(DslhObjroPopulateObjRecords+0x8a) [0xf7ddd988]
    /usr/lib/libccsp_common.so.0(DslhObjroPopulateObjRecords+0x52b) [0xf7ddde29]
    /usr/lib/libccsp_common.so.0(DslhObjroPopulateObjRecords+0x2ec) [0xf7dddbea]
    /usr/lib/libccsp_common.so.0(DslhObjroPopulateObjRecords+0x52b) [0xf7ddde29]
    /usr/lib/libccsp_common.so.0(DslhObjroPopulateObjRecords+0x52b) [0xf7ddde29]
    /usr/lib/libccsp_common.so.0(DslhObjroPopulateObjRecords+0x52b) [0xf7ddde29]
    /usr/lib/libccsp_common.so.0(DslhWmpdoCreateRecordTree+0xbc) [0xf7de3014]
    /usr/lib/libccsp_common.so.0(DslhCpecoInitDataModel+0x14) [0xf7df0ac1]
    /usr/lib/libccsp_common.so.0(DslhCpecoRegisterDataModelInternal+0x224) [0xf7df17d1]
    /usr/lib/libccsp_common.so.0(DslhCpecoRegisterDataModel2+0x2c) [0xf7df1c13]
    /usr/bin/CcspEthAgent(ssp_engage+0x113) [0x804fa55]
    /usr/bin/CcspEthAgent() [0x804f630]
    /usr/bin/CcspEthAgent(main+0x333) [0x804ee83]
    /usr/ccsp/../../lib/libc.so.6(__libc_start_main+0xed) [0xf7b2ee2d]
    /usr/bin/CcspEthAgent(_start+0x21) [0x804efd1]

@@@CcspHalExtSw_getAssociatedDevice(output_array_size, output_struct)
    /usr/lib/libhal_ethsw.so.0(CcspHalExtSw_getAssociatedDevice+0x82) [0xf7f9b2ac]
    /usr/bin/CcspEthAgent(CosaDmlEthPortGetClientMac+0x40) [0x805d0b6]
    /usr/bin/CcspEthAgent(AssociatedDevice1_Synchronize+0x5c) [0x8051333]
    /usr/lib/libccsp_common.so.0(DslhObjroPopulateObjRecords+0x8a) [0xf7ddd988]
    /usr/lib/libccsp_common.so.0(DslhObjroPopulateObjRecords+0x52b) [0xf7ddde29]
    /usr/lib/libccsp_common.so.0(DslhObjroPopulateObjRecords+0x2ec) [0xf7dddbea]
    /usr/lib/libccsp_common.so.0(DslhObjroPopulateObjRecords+0x52b) [0xf7ddde29]
    /usr/lib/libccsp_common.so.0(DslhObjroPopulateObjRecords+0x52b) [0xf7ddde29]
    /usr/lib/libccsp_common.so.0(DslhObjroPopulateObjRecords+0x52b) [0xf7ddde29]
    /usr/lib/libccsp_common.so.0(DslhWmpdoCreateRecordTree+0xbc) [0xf7de3014]
    /usr/lib/libccsp_common.so.0(DslhCpecoInitDataModel+0x14) [0xf7df0ac1]
    /usr/lib/libccsp_common.so.0(DslhCpecoRegisterDataModelInternal+0x224) [0xf7df17d1]
    /usr/lib/libccsp_common.so.0(DslhCpecoRegisterDataModel2+0x2c) [0xf7df1c13]
    /usr/bin/CcspEthAgent(ssp_engage+0x113) [0x804fa55]
    /usr/bin/CcspEthAgent() [0x804f630]
    /usr/bin/CcspEthAgent(main+0x333) [0x804ee83]
    /usr/ccsp/../../lib/libc.so.6(__libc_start_main+0xed) [0xf7b2ee2d]
    /usr/bin/CcspEthAgent(_start+0x21) [0x804efd1]

@@@CcspHalExtSw_getAssociatedDevice(output_array_size, output_struct)
    /usr/lib/libhal_ethsw.so.0(CcspHalExtSw_getAssociatedDevice+0x82) [0xf7f9b2ac]
    /usr/bin/CcspEthAgent(CosaDmlEthPortGetClientMac+0x40) [0x805d0b6]
    /usr/bin/CcspEthAgent(AssociatedDevice1_Synchronize+0x5c) [0x8051333]
    /usr/lib/libccsp_common.so.0(DslhObjroPopulateObjRecords+0x8a) [0xf7ddd988]
    /usr/lib/libccsp_common.so.0(DslhObjroPopulateObjRecords+0x52b) [0xf7ddde29]
    /usr/lib/libccsp_common.so.0(DslhObjroPopulateObjRecords+0x2ec) [0xf7dddbea]
    /usr/lib/libccsp_common.so.0(DslhObjroPopulateObjRecords+0x52b) [0xf7ddde29]
    /usr/lib/libccsp_common.so.0(DslhObjroPopulateObjRecords+0x52b) [0xf7ddde29]
    /usr/lib/libccsp_common.so.0(DslhObjroPopulateObjRecords+0x52b) [0xf7ddde29]
    /usr/lib/libccsp_common.so.0(DslhWmpdoCreateRecordTree+0xbc) [0xf7de3014]
    /usr/lib/libccsp_common.so.0(DslhCpecoInitDataModel+0x14) [0xf7df0ac1]
    /usr/lib/libccsp_common.so.0(DslhCpecoRegisterDataModelInternal+0x224) [0xf7df17d1]
    /usr/lib/libccsp_common.so.0(DslhCpecoRegisterDataModel2+0x2c) [0xf7df1c13]
    /usr/bin/CcspEthAgent(ssp_engage+0x113) [0x804fa55]
    /usr/bin/CcspEthAgent() [0x804f630]
    /usr/bin/CcspEthAgent(main+0x333) [0x804ee83]
    /usr/ccsp/../../lib/libc.so.6(__libc_start_main+0xed) [0xf7b2ee2d]
    /usr/bin/CcspEthAgent(_start+0x21) [0x804efd1]

@@@GWP_GetEthWanInterfaceName(Interface, maxSize)
    /usr/lib/libhal_ethsw.so.0(GWP_GetEthWanInterfaceName+0x76) [0xf7f9bb60]
    /usr/bin/CcspEthAgent() [0x805647d]
    /usr/bin/CcspEthAgent(EthWanLinkUp_callback+0x3a) [0x805bb7a]
    /usr/lib/libhal_ethsw.so.0(ethsw_thread_main+0x126) [0xf7f9a4f6]
    /usr/ccsp/../../lib/libpthread.so.0(+0x7f91) [0xf7cf8f91]
    /usr/ccsp/../../lib/libc.so.6(clone+0x66) [0xf7c0eb96]

@@@CcspHalExtSw_getAssociatedDevice(output_array_size, output_struct)
    /usr/lib/libhal_ethsw.so.0(CcspHalExtSw_getAssociatedDevice+0x82) [0xf7f9b2ac]
    /usr/bin/CcspEthAgent(CcspHalExtSw_AssociatedDeviceMonitorThread+0x4b) [0x805c323]
    /usr/ccsp/../../lib/libpthread.so.0(+0x7f91) [0xf7cf8f91]
    /usr/ccsp/../../lib/libc.so.6(clone+0x66) [0xf7c0eb96]

@@@CcspHalExtSw_getAssociatedDevice(output_array_size, output_struct)
    /usr/lib/libhal_ethsw.so.0(CcspHalExtSw_getAssociatedDevice+0x82) [0xf7f9b2ac]
    /usr/bin/CcspEthAgent(CcspHalExtSw_AssociatedDeviceMonitorThread+0x4b) [0x805c323]
    /usr/ccsp/../../lib/libpthread.so.0(+0x7f91) [0xf7cf8f91]
    /usr/ccsp/../../lib/libc.so.6(clone+0x66) [0xf7c0eb96]

@@@CcspHalExtSw_getAssociatedDevice(output_array_size, output_struct)
    /usr/lib/libhal_ethsw.so.0(CcspHalExtSw_getAssociatedDevice+0x82) [0xf7f9b2ac]
    /usr/bin/CcspEthAgent(CcspHalExtSw_AssociatedDeviceMonitorThread+0x4b) [0x805c323]
    /usr/ccsp/../../lib/libpthread.so.0(+0x7f91) [0xf7cf8f91]
    /usr/ccsp/../../lib/libc.so.6(clone+0x66) [0xf7c0eb96]
