241119-23:09:43.454064 SERVICE_NTPD : End of shell script
241119-23:09:45.419599 SERVICE_NTPD : ntpd-restart called
241119-23:09:45.475507 SERVICE_NTPD : End of shell script
241119-23:09:49.013008 SERVICE_NTPD : wan-status calling service_start
241119-23:09:49.039174 SERVICE_NTPD : Creating NTP config with New NTP Enabled
241119-23:10:19.067705 NTPD Quick sync : Initiating DNS lookup for server  
241119-23:10:19.068799 NTPD Quick sync : NTP server configured is not in URL format 
241119-23:10:19.069287 NTPD Quick sync :  Skipping DNS lookup
241119-23:10:19.077664 SERVICE_NTPD : Creating NTP Quick Sync Conf file: /tmp/ntp_quick_sync.conf
241119-23:10:19.079299 SERVICE_NTPD : Killing All Instances of NTP
241119-23:10:24.081258 SERVICE_NTPD : Starting NTP Quick Sync
19 Nov 23:10:24 ntpd[3607]: ntpd 4.2.8p15@1.3728-o Mon 15 Jul 2024 10:45:21 PM UTC (2): Starting
19 Nov 23:10:24 ntpd[3607]: Command line: ntpd -c /tmp/ntp_quick_sync.conf --interface mg0 -x -gq -l /rdklogs/logs/ntpLog.log
19 Nov 23:10:24 ntpd[3607]: ----------------------------------------------------
19 Nov 23:10:24 ntpd[3607]: ntp-4 is maintained by Network Time Foundation,
19 Nov 23:10:24 ntpd[3607]: Inc. (NTF), a non-profit 501(c)(3) public-benefit
19 Nov 23:10:24 ntpd[3607]: corporation.  Support and training for ntp-4 are
19 Nov 23:10:24 ntpd[3607]: available at https://www.nwtime.org/support
19 Nov 23:10:24 ntpd[3607]: ----------------------------------------------------
19 Nov 23:10:24 ntpd[3607]: proto: precision = 0.099 usec (-23)
19 Nov 23:10:24 ntpd[3607]: basedate set to 2024-07-03
19 Nov 23:10:24 ntpd[3607]: gps base set to 2024-07-07 (week 2322)
19 Nov 23:10:24 ntpd[3607]: restrict default: KOD does nothing without LIMITED.
19 Nov 23:10:24 ntpd[3607]: restrict ::: KOD does nothing without LIMITED.
19 Nov 23:10:24 ntpd[3607]: Listen and drop on 0 v6wildcard [::]:123
19 Nov 23:10:24 ntpd[3607]: Listen and drop on 1 v4wildcard 0.0.0.0:123
19 Nov 23:10:24 ntpd[3607]: Listen normally on 2 lo 127.0.0.1:123
19 Nov 23:10:24 ntpd[3607]: Listen normally on 3 mg0 10.177.200.100:123
19 Nov 23:10:24 ntpd[3607]: Listen normally on 4 lo [::1]:123
19 Nov 23:10:24 ntpd[3607]: Listen normally on 5 mg0 [2001:dbd:0:1::13f]:123
19 Nov 23:10:24 ntpd[3607]: Listen normally on 6 mg0 [fe80::216:3eff:fe57:8fa5%13]:123
19 Nov 23:10:24 ntpd[3607]: Listening on routing socket on fd #20 for interface updates
19 Nov 23:10:24 ntpd[3607]: 0.0.0.0 c016 06 restart
19 Nov 23:10:24 ntpd[3607]: DNS ntp2.revdomain.com -> 2001:dbd:0:1::129
19 Nov 23:10:24 ntpd[3607]: 2001:dbd:0:1::129 8011 81 mobilize assoc 15095
19 Nov 23:10:31 ntpd[3607]: 2001:dbd:0:1::129 8014 84 reachable
19 Nov 23:10:37 ntpd[3607]: 2001:dbd:0:1::129 901a 8a sys_peer
19 Nov 23:10:37 ntpd[3607]: adj_systime: Operation not permitted
19 Nov 23:10:37 ntpd[3607]: ntpd: time slew +0.000009 s
241119-23:10:39.088343 NTP quick sync succeeded,set ntp status
241119-23:10:39.092677 DEBUG : clock-event file created in /tmp. Time Sync is successful. Xconf is good to start
241119-23:10:39.093166 SERVICE_NTPD : Killing All Instances of NTP
241119-23:10:39.094466 SERVICE_NTPD : Starting NTP Daemon
19 Nov 23:10:39 ntpd[3711]: ntpd 4.2.8p15@1.3728-o Mon 15 Jul 2024 10:45:21 PM UTC (2): Starting
19 Nov 23:10:39 ntpd[3711]: Command line: ntpd -u ntp:ntp -p /run/ntpd.pid -l /rdklogs/logs/ntpLog.log -c /tmp/ntp.conf -g
19 Nov 23:10:39 ntpd[3711]: ----------------------------------------------------
19 Nov 23:10:39 ntpd[3711]: ntp-4 is maintained by Network Time Foundation,
19 Nov 23:10:39 ntpd[3711]: Inc. (NTF), a non-profit 501(c)(3) public-benefit
19 Nov 23:10:39 ntpd[3711]: corporation.  Support and training for ntp-4 are
19 Nov 23:10:39 ntpd[3711]: available at https://www.nwtime.org/support
19 Nov 23:10:39 ntpd[3711]: ----------------------------------------------------
19 Nov 23:10:39 ntpd[3713]: proto: precision = 0.093 usec (-23)
19 Nov 23:10:39 ntpd[3713]: basedate set to 2024-07-03
19 Nov 23:10:39 ntpd[3713]: gps base set to 2024-07-07 (week 2322)
19 Nov 23:10:39 ntpd[3713]: restrict default: KOD does nothing without LIMITED.
19 Nov 23:10:39 ntpd[3713]: restrict ::: KOD does nothing without LIMITED.
19 Nov 23:10:39 ntpd[3713]: Listen normally on 0 lo 127.0.0.1:123
19 Nov 23:10:39 ntpd[3713]: Listen normally on 1 mg0 10.177.200.100:123
19 Nov 23:10:39 ntpd[3713]: Listen normally on 2 lo [::1]:123
19 Nov 23:10:39 ntpd[3713]: Listen normally on 3 mg0 [2001:dbd:0:1::13f]:123
19 Nov 23:10:39 ntpd[3713]: Listen normally on 4 mg0 [fe80::216:3eff:fe57:8fa5%13]:123
19 Nov 23:10:39 ntpd[3713]: Listening on routing socket on fd #22 for interface updates
19 Nov 23:10:39 ntpd[3713]: start_kern_loop: ntp-4.2.8p15/ntpd/ntp_loopfilter.c line 1140: ntp_adjtime: Operation not permitted
19 Nov 23:10:39 ntpd[3713]: 0.0.0.0 c01d 0d kern kernel time sync enabled
19 Nov 23:10:39 ntpd[3713]: set_freq: ntp-4.2.8p15/ntpd/ntp_loopfilter.c line 1099: ntp_adjtime: Operation not permitted
19 Nov 23:10:39 ntpd[3713]: 0.0.0.0 c012 02 freq_set kernel 0.000 PPM
19 Nov 23:10:39 ntpd[3713]: 0.0.0.0 c011 01 freq_not_set
19 Nov 23:10:39 ntpd[3713]: 0.0.0.0 c016 06 restart
19 Nov 23:10:39 ntpd[3713]: DNS ntp2.revdomain.com -> 2001:dbd:0:1::129
241119-23:10:39.230207 SERVICE_NTPD : ntpd started , setting the status as started
19 Nov 23:10:39 ntpd[3713]: 2001:dbd:0:1::129 8011 81 mobilize assoc 28086
241119-23:10:39.231871 SERVICE_NTPD : End of shell script
241119-23:10:39.242065 SERVICE_NTPD : ntpd-restart called
19 Nov 23:10:39 ntpd[3713]: ntpd exiting on signal 15 (Terminated)
19 Nov 23:10:39 ntpd[3713]: 2001:dbd:0:1::129 8012 82 demobilize assoc 28086
19 Nov 23:10:39 ntpd[3713]: 2001:dbd:0:1::129 local addr 2001:dbd:0:1::13f -> <null>
19 Nov 23:10:39 ntpd[3713]: 0.0.0.0 c01d 0d kern kernel time sync disabled
241119-23:10:39.247152 SERVICE_NTPD : Creating NTP config with New NTP Enabled
